[2024-07-14T22:21:43.342+0000] {processor.py:161} INFO - Started process (PID=35) to work on /home/airflow/.local/lib/python3.12/site-packages/airflow/example_dags/example_latest_only.py
[2024-07-14T22:21:43.346+0000] {processor.py:830} INFO - Processing file /home/airflow/.local/lib/python3.12/site-packages/airflow/example_dags/example_latest_only.py for tasks to queue
[2024-07-14T22:21:43.348+0000] {logging_mixin.py:188} INFO - [2024-07-14T22:21:43.348+0000] {dagbag.py:545} INFO - Filling up the DagBag from /home/airflow/.local/lib/python3.12/site-packages/airflow/example_dags/example_latest_only.py
[2024-07-14T22:21:43.367+0000] {processor.py:840} INFO - DAG(s) 'latest_only' retrieved from /home/airflow/.local/lib/python3.12/site-packages/airflow/example_dags/example_latest_only.py
[2024-07-14T22:21:43.764+0000] {logging_mixin.py:188} INFO - [2024-07-14T22:21:43.764+0000] {dag.py:3096} INFO - Sync 1 DAGs
[2024-07-14T22:21:43.864+0000] {logging_mixin.py:188} INFO - [2024-07-14T22:21:43.864+0000] {dag.py:3954} INFO - Setting next_dagrun for latest_only to 2024-07-14 16:00:00+00:00, run_after=2024-07-14 20:00:00+00:00
[2024-07-14T22:21:44.060+0000] {processor.py:183} INFO - Processing /home/airflow/.local/lib/python3.12/site-packages/airflow/example_dags/example_latest_only.py took 0.774 seconds
[2024-07-14T22:22:14.127+0000] {processor.py:161} INFO - Started process (PID=94) to work on /home/airflow/.local/lib/python3.12/site-packages/airflow/example_dags/example_latest_only.py
[2024-07-14T22:22:14.127+0000] {processor.py:830} INFO - Processing file /home/airflow/.local/lib/python3.12/site-packages/airflow/example_dags/example_latest_only.py for tasks to queue
[2024-07-14T22:22:14.129+0000] {logging_mixin.py:188} INFO - [2024-07-14T22:22:14.128+0000] {dagbag.py:545} INFO - Filling up the DagBag from /home/airflow/.local/lib/python3.12/site-packages/airflow/example_dags/example_latest_only.py
[2024-07-14T22:22:14.132+0000] {processor.py:840} INFO - DAG(s) 'latest_only' retrieved from /home/airflow/.local/lib/python3.12/site-packages/airflow/example_dags/example_latest_only.py
[2024-07-14T22:22:14.148+0000] {logging_mixin.py:188} INFO - [2024-07-14T22:22:14.147+0000] {dag.py:3096} INFO - Sync 1 DAGs
[2024-07-14T22:22:14.164+0000] {logging_mixin.py:188} INFO - [2024-07-14T22:22:14.164+0000] {dag.py:3954} INFO - Setting next_dagrun for latest_only to 2024-07-14 16:00:00+00:00, run_after=2024-07-14 20:00:00+00:00
[2024-07-14T22:22:14.183+0000] {processor.py:183} INFO - Processing /home/airflow/.local/lib/python3.12/site-packages/airflow/example_dags/example_latest_only.py took 0.061 seconds
[2024-07-14T22:22:44.357+0000] {processor.py:161} INFO - Started process (PID=153) to work on /home/airflow/.local/lib/python3.12/site-packages/airflow/example_dags/example_latest_only.py
[2024-07-14T22:22:44.357+0000] {processor.py:830} INFO - Processing file /home/airflow/.local/lib/python3.12/site-packages/airflow/example_dags/example_latest_only.py for tasks to queue
[2024-07-14T22:22:44.359+0000] {logging_mixin.py:188} INFO - [2024-07-14T22:22:44.359+0000] {dagbag.py:545} INFO - Filling up the DagBag from /home/airflow/.local/lib/python3.12/site-packages/airflow/example_dags/example_latest_only.py
[2024-07-14T22:22:44.362+0000] {processor.py:840} INFO - DAG(s) 'latest_only' retrieved from /home/airflow/.local/lib/python3.12/site-packages/airflow/example_dags/example_latest_only.py
[2024-07-14T22:22:44.377+0000] {logging_mixin.py:188} INFO - [2024-07-14T22:22:44.377+0000] {dag.py:3096} INFO - Sync 1 DAGs
[2024-07-14T22:22:44.394+0000] {logging_mixin.py:188} INFO - [2024-07-14T22:22:44.394+0000] {dag.py:3954} INFO - Setting next_dagrun for latest_only to 2024-07-14 16:00:00+00:00, run_after=2024-07-14 20:00:00+00:00
[2024-07-14T22:22:44.413+0000] {processor.py:183} INFO - Processing /home/airflow/.local/lib/python3.12/site-packages/airflow/example_dags/example_latest_only.py took 0.065 seconds
[2024-07-14T22:23:15.202+0000] {processor.py:161} INFO - Started process (PID=212) to work on /home/airflow/.local/lib/python3.12/site-packages/airflow/example_dags/example_latest_only.py
[2024-07-14T22:23:15.206+0000] {processor.py:830} INFO - Processing file /home/airflow/.local/lib/python3.12/site-packages/airflow/example_dags/example_latest_only.py for tasks to queue
[2024-07-14T22:23:15.208+0000] {logging_mixin.py:188} INFO - [2024-07-14T22:23:15.207+0000] {dagbag.py:545} INFO - Filling up the DagBag from /home/airflow/.local/lib/python3.12/site-packages/airflow/example_dags/example_latest_only.py
[2024-07-14T22:23:15.220+0000] {processor.py:840} INFO - DAG(s) 'latest_only' retrieved from /home/airflow/.local/lib/python3.12/site-packages/airflow/example_dags/example_latest_only.py
[2024-07-14T22:23:15.262+0000] {logging_mixin.py:188} INFO - [2024-07-14T22:23:15.262+0000] {dag.py:3096} INFO - Sync 1 DAGs
[2024-07-14T22:23:15.314+0000] {logging_mixin.py:188} INFO - [2024-07-14T22:23:15.313+0000] {dag.py:3954} INFO - Setting next_dagrun for latest_only to 2024-07-14 16:00:00+00:00, run_after=2024-07-14 20:00:00+00:00
[2024-07-14T22:23:15.350+0000] {processor.py:183} INFO - Processing /home/airflow/.local/lib/python3.12/site-packages/airflow/example_dags/example_latest_only.py took 0.184 seconds
[2024-07-14T22:23:46.259+0000] {processor.py:161} INFO - Started process (PID=271) to work on /home/airflow/.local/lib/python3.12/site-packages/airflow/example_dags/example_latest_only.py
[2024-07-14T22:23:46.259+0000] {processor.py:830} INFO - Processing file /home/airflow/.local/lib/python3.12/site-packages/airflow/example_dags/example_latest_only.py for tasks to queue
[2024-07-14T22:23:46.261+0000] {logging_mixin.py:188} INFO - [2024-07-14T22:23:46.261+0000] {dagbag.py:545} INFO - Filling up the DagBag from /home/airflow/.local/lib/python3.12/site-packages/airflow/example_dags/example_latest_only.py
[2024-07-14T22:23:46.266+0000] {processor.py:840} INFO - DAG(s) 'latest_only' retrieved from /home/airflow/.local/lib/python3.12/site-packages/airflow/example_dags/example_latest_only.py
[2024-07-14T22:23:46.288+0000] {logging_mixin.py:188} INFO - [2024-07-14T22:23:46.288+0000] {dag.py:3096} INFO - Sync 1 DAGs
[2024-07-14T22:23:46.313+0000] {logging_mixin.py:188} INFO - [2024-07-14T22:23:46.313+0000] {dag.py:3954} INFO - Setting next_dagrun for latest_only to 2024-07-14 16:00:00+00:00, run_after=2024-07-14 20:00:00+00:00
[2024-07-14T22:23:46.347+0000] {processor.py:183} INFO - Processing /home/airflow/.local/lib/python3.12/site-packages/airflow/example_dags/example_latest_only.py took 0.095 seconds
[2024-07-14T22:24:16.761+0000] {processor.py:161} INFO - Started process (PID=330) to work on /home/airflow/.local/lib/python3.12/site-packages/airflow/example_dags/example_latest_only.py
[2024-07-14T22:24:16.762+0000] {processor.py:830} INFO - Processing file /home/airflow/.local/lib/python3.12/site-packages/airflow/example_dags/example_latest_only.py for tasks to queue
[2024-07-14T22:24:16.763+0000] {logging_mixin.py:188} INFO - [2024-07-14T22:24:16.763+0000] {dagbag.py:545} INFO - Filling up the DagBag from /home/airflow/.local/lib/python3.12/site-packages/airflow/example_dags/example_latest_only.py
[2024-07-14T22:24:16.766+0000] {processor.py:840} INFO - DAG(s) 'latest_only' retrieved from /home/airflow/.local/lib/python3.12/site-packages/airflow/example_dags/example_latest_only.py
[2024-07-14T22:24:16.781+0000] {logging_mixin.py:188} INFO - [2024-07-14T22:24:16.781+0000] {dag.py:3096} INFO - Sync 1 DAGs
[2024-07-14T22:24:16.798+0000] {logging_mixin.py:188} INFO - [2024-07-14T22:24:16.797+0000] {dag.py:3954} INFO - Setting next_dagrun for latest_only to 2024-07-14 16:00:00+00:00, run_after=2024-07-14 20:00:00+00:00
[2024-07-14T22:24:16.816+0000] {processor.py:183} INFO - Processing /home/airflow/.local/lib/python3.12/site-packages/airflow/example_dags/example_latest_only.py took 0.060 seconds
[2024-07-14T22:24:47.196+0000] {processor.py:161} INFO - Started process (PID=388) to work on /home/airflow/.local/lib/python3.12/site-packages/airflow/example_dags/example_latest_only.py
[2024-07-14T22:24:47.197+0000] {processor.py:830} INFO - Processing file /home/airflow/.local/lib/python3.12/site-packages/airflow/example_dags/example_latest_only.py for tasks to queue
[2024-07-14T22:24:47.198+0000] {logging_mixin.py:188} INFO - [2024-07-14T22:24:47.198+0000] {dagbag.py:545} INFO - Filling up the DagBag from /home/airflow/.local/lib/python3.12/site-packages/airflow/example_dags/example_latest_only.py
[2024-07-14T22:24:47.201+0000] {processor.py:840} INFO - DAG(s) 'latest_only' retrieved from /home/airflow/.local/lib/python3.12/site-packages/airflow/example_dags/example_latest_only.py
[2024-07-14T22:24:47.216+0000] {logging_mixin.py:188} INFO - [2024-07-14T22:24:47.216+0000] {dag.py:3096} INFO - Sync 1 DAGs
[2024-07-14T22:24:47.233+0000] {logging_mixin.py:188} INFO - [2024-07-14T22:24:47.233+0000] {dag.py:3954} INFO - Setting next_dagrun for latest_only to 2024-07-14 16:00:00+00:00, run_after=2024-07-14 20:00:00+00:00
[2024-07-14T22:24:47.252+0000] {processor.py:183} INFO - Processing /home/airflow/.local/lib/python3.12/site-packages/airflow/example_dags/example_latest_only.py took 0.061 seconds
[2024-07-14T22:25:17.893+0000] {processor.py:161} INFO - Started process (PID=446) to work on /home/airflow/.local/lib/python3.12/site-packages/airflow/example_dags/example_latest_only.py
[2024-07-14T22:25:17.893+0000] {processor.py:830} INFO - Processing file /home/airflow/.local/lib/python3.12/site-packages/airflow/example_dags/example_latest_only.py for tasks to queue
[2024-07-14T22:25:17.894+0000] {logging_mixin.py:188} INFO - [2024-07-14T22:25:17.894+0000] {dagbag.py:545} INFO - Filling up the DagBag from /home/airflow/.local/lib/python3.12/site-packages/airflow/example_dags/example_latest_only.py
[2024-07-14T22:25:17.898+0000] {processor.py:840} INFO - DAG(s) 'latest_only' retrieved from /home/airflow/.local/lib/python3.12/site-packages/airflow/example_dags/example_latest_only.py
[2024-07-14T22:25:17.912+0000] {logging_mixin.py:188} INFO - [2024-07-14T22:25:17.912+0000] {dag.py:3096} INFO - Sync 1 DAGs
[2024-07-14T22:25:17.930+0000] {logging_mixin.py:188} INFO - [2024-07-14T22:25:17.930+0000] {dag.py:3954} INFO - Setting next_dagrun for latest_only to 2024-07-14 16:00:00+00:00, run_after=2024-07-14 20:00:00+00:00
[2024-07-14T22:25:17.950+0000] {processor.py:183} INFO - Processing /home/airflow/.local/lib/python3.12/site-packages/airflow/example_dags/example_latest_only.py took 0.062 seconds
[2024-07-14T22:25:48.309+0000] {processor.py:161} INFO - Started process (PID=505) to work on /home/airflow/.local/lib/python3.12/site-packages/airflow/example_dags/example_latest_only.py
[2024-07-14T22:25:48.309+0000] {processor.py:830} INFO - Processing file /home/airflow/.local/lib/python3.12/site-packages/airflow/example_dags/example_latest_only.py for tasks to queue
[2024-07-14T22:25:48.311+0000] {logging_mixin.py:188} INFO - [2024-07-14T22:25:48.310+0000] {dagbag.py:545} INFO - Filling up the DagBag from /home/airflow/.local/lib/python3.12/site-packages/airflow/example_dags/example_latest_only.py
[2024-07-14T22:25:48.314+0000] {processor.py:840} INFO - DAG(s) 'latest_only' retrieved from /home/airflow/.local/lib/python3.12/site-packages/airflow/example_dags/example_latest_only.py
[2024-07-14T22:25:48.329+0000] {logging_mixin.py:188} INFO - [2024-07-14T22:25:48.329+0000] {dag.py:3096} INFO - Sync 1 DAGs
[2024-07-14T22:25:48.353+0000] {logging_mixin.py:188} INFO - [2024-07-14T22:25:48.353+0000] {dag.py:3954} INFO - Setting next_dagrun for latest_only to 2024-07-14 16:00:00+00:00, run_after=2024-07-14 20:00:00+00:00
[2024-07-14T22:25:48.372+0000] {processor.py:183} INFO - Processing /home/airflow/.local/lib/python3.12/site-packages/airflow/example_dags/example_latest_only.py took 0.068 seconds
[2024-07-14T22:26:18.655+0000] {processor.py:161} INFO - Started process (PID=564) to work on /home/airflow/.local/lib/python3.12/site-packages/airflow/example_dags/example_latest_only.py
[2024-07-14T22:26:18.655+0000] {processor.py:830} INFO - Processing file /home/airflow/.local/lib/python3.12/site-packages/airflow/example_dags/example_latest_only.py for tasks to queue
[2024-07-14T22:26:18.657+0000] {logging_mixin.py:188} INFO - [2024-07-14T22:26:18.656+0000] {dagbag.py:545} INFO - Filling up the DagBag from /home/airflow/.local/lib/python3.12/site-packages/airflow/example_dags/example_latest_only.py
[2024-07-14T22:26:18.660+0000] {processor.py:840} INFO - DAG(s) 'latest_only' retrieved from /home/airflow/.local/lib/python3.12/site-packages/airflow/example_dags/example_latest_only.py
[2024-07-14T22:26:18.679+0000] {logging_mixin.py:188} INFO - [2024-07-14T22:26:18.679+0000] {dag.py:3096} INFO - Sync 1 DAGs
[2024-07-14T22:26:18.697+0000] {logging_mixin.py:188} INFO - [2024-07-14T22:26:18.697+0000] {dag.py:3954} INFO - Setting next_dagrun for latest_only to 2024-07-14 16:00:00+00:00, run_after=2024-07-14 20:00:00+00:00
[2024-07-14T22:26:18.716+0000] {processor.py:183} INFO - Processing /home/airflow/.local/lib/python3.12/site-packages/airflow/example_dags/example_latest_only.py took 0.066 seconds
[2024-07-14T22:26:48.857+0000] {processor.py:161} INFO - Started process (PID=623) to work on /home/airflow/.local/lib/python3.12/site-packages/airflow/example_dags/example_latest_only.py
[2024-07-14T22:26:48.857+0000] {processor.py:830} INFO - Processing file /home/airflow/.local/lib/python3.12/site-packages/airflow/example_dags/example_latest_only.py for tasks to queue
[2024-07-14T22:26:48.859+0000] {logging_mixin.py:188} INFO - [2024-07-14T22:26:48.859+0000] {dagbag.py:545} INFO - Filling up the DagBag from /home/airflow/.local/lib/python3.12/site-packages/airflow/example_dags/example_latest_only.py
[2024-07-14T22:26:48.863+0000] {processor.py:840} INFO - DAG(s) 'latest_only' retrieved from /home/airflow/.local/lib/python3.12/site-packages/airflow/example_dags/example_latest_only.py
[2024-07-14T22:26:48.877+0000] {logging_mixin.py:188} INFO - [2024-07-14T22:26:48.877+0000] {dag.py:3096} INFO - Sync 1 DAGs
[2024-07-14T22:26:48.895+0000] {logging_mixin.py:188} INFO - [2024-07-14T22:26:48.895+0000] {dag.py:3954} INFO - Setting next_dagrun for latest_only to 2024-07-14 16:00:00+00:00, run_after=2024-07-14 20:00:00+00:00
[2024-07-14T22:26:48.914+0000] {processor.py:183} INFO - Processing /home/airflow/.local/lib/python3.12/site-packages/airflow/example_dags/example_latest_only.py took 0.063 seconds
[2024-07-14T22:27:19.368+0000] {processor.py:161} INFO - Started process (PID=682) to work on /home/airflow/.local/lib/python3.12/site-packages/airflow/example_dags/example_latest_only.py
[2024-07-14T22:27:19.369+0000] {processor.py:830} INFO - Processing file /home/airflow/.local/lib/python3.12/site-packages/airflow/example_dags/example_latest_only.py for tasks to queue
[2024-07-14T22:27:19.370+0000] {logging_mixin.py:188} INFO - [2024-07-14T22:27:19.370+0000] {dagbag.py:545} INFO - Filling up the DagBag from /home/airflow/.local/lib/python3.12/site-packages/airflow/example_dags/example_latest_only.py
[2024-07-14T22:27:19.373+0000] {processor.py:840} INFO - DAG(s) 'latest_only' retrieved from /home/airflow/.local/lib/python3.12/site-packages/airflow/example_dags/example_latest_only.py
[2024-07-14T22:27:19.388+0000] {logging_mixin.py:188} INFO - [2024-07-14T22:27:19.388+0000] {dag.py:3096} INFO - Sync 1 DAGs
[2024-07-14T22:27:19.411+0000] {logging_mixin.py:188} INFO - [2024-07-14T22:27:19.411+0000] {dag.py:3954} INFO - Setting next_dagrun for latest_only to 2024-07-14 16:00:00+00:00, run_after=2024-07-14 20:00:00+00:00
[2024-07-14T22:27:19.430+0000] {processor.py:183} INFO - Processing /home/airflow/.local/lib/python3.12/site-packages/airflow/example_dags/example_latest_only.py took 0.067 seconds
[2024-07-14T22:27:49.664+0000] {processor.py:161} INFO - Started process (PID=741) to work on /home/airflow/.local/lib/python3.12/site-packages/airflow/example_dags/example_latest_only.py
[2024-07-14T22:27:49.665+0000] {processor.py:830} INFO - Processing file /home/airflow/.local/lib/python3.12/site-packages/airflow/example_dags/example_latest_only.py for tasks to queue
[2024-07-14T22:27:49.667+0000] {logging_mixin.py:188} INFO - [2024-07-14T22:27:49.667+0000] {dagbag.py:545} INFO - Filling up the DagBag from /home/airflow/.local/lib/python3.12/site-packages/airflow/example_dags/example_latest_only.py
[2024-07-14T22:27:49.672+0000] {processor.py:840} INFO - DAG(s) 'latest_only' retrieved from /home/airflow/.local/lib/python3.12/site-packages/airflow/example_dags/example_latest_only.py
[2024-07-14T22:27:49.688+0000] {logging_mixin.py:188} INFO - [2024-07-14T22:27:49.688+0000] {dag.py:3096} INFO - Sync 1 DAGs
[2024-07-14T22:27:49.706+0000] {logging_mixin.py:188} INFO - [2024-07-14T22:27:49.706+0000] {dag.py:3954} INFO - Setting next_dagrun for latest_only to 2024-07-14 16:00:00+00:00, run_after=2024-07-14 20:00:00+00:00
[2024-07-14T22:27:49.724+0000] {processor.py:183} INFO - Processing /home/airflow/.local/lib/python3.12/site-packages/airflow/example_dags/example_latest_only.py took 0.067 seconds
[2024-07-14T22:28:20.349+0000] {processor.py:161} INFO - Started process (PID=802) to work on /home/airflow/.local/lib/python3.12/site-packages/airflow/example_dags/example_latest_only.py
[2024-07-14T22:28:20.350+0000] {processor.py:830} INFO - Processing file /home/airflow/.local/lib/python3.12/site-packages/airflow/example_dags/example_latest_only.py for tasks to queue
[2024-07-14T22:28:20.352+0000] {logging_mixin.py:188} INFO - [2024-07-14T22:28:20.352+0000] {dagbag.py:545} INFO - Filling up the DagBag from /home/airflow/.local/lib/python3.12/site-packages/airflow/example_dags/example_latest_only.py
[2024-07-14T22:28:20.357+0000] {processor.py:840} INFO - DAG(s) 'latest_only' retrieved from /home/airflow/.local/lib/python3.12/site-packages/airflow/example_dags/example_latest_only.py
[2024-07-14T22:28:20.380+0000] {logging_mixin.py:188} INFO - [2024-07-14T22:28:20.380+0000] {dag.py:3096} INFO - Sync 1 DAGs
[2024-07-14T22:28:20.407+0000] {logging_mixin.py:188} INFO - [2024-07-14T22:28:20.407+0000] {dag.py:3954} INFO - Setting next_dagrun for latest_only to 2024-07-14 16:00:00+00:00, run_after=2024-07-14 20:00:00+00:00
[2024-07-14T22:28:20.431+0000] {processor.py:183} INFO - Processing /home/airflow/.local/lib/python3.12/site-packages/airflow/example_dags/example_latest_only.py took 0.088 seconds
[2024-07-14T22:28:50.661+0000] {processor.py:161} INFO - Started process (PID=861) to work on /home/airflow/.local/lib/python3.12/site-packages/airflow/example_dags/example_latest_only.py
[2024-07-14T22:28:50.662+0000] {processor.py:830} INFO - Processing file /home/airflow/.local/lib/python3.12/site-packages/airflow/example_dags/example_latest_only.py for tasks to queue
[2024-07-14T22:28:50.664+0000] {logging_mixin.py:188} INFO - [2024-07-14T22:28:50.663+0000] {dagbag.py:545} INFO - Filling up the DagBag from /home/airflow/.local/lib/python3.12/site-packages/airflow/example_dags/example_latest_only.py
[2024-07-14T22:28:50.668+0000] {processor.py:840} INFO - DAG(s) 'latest_only' retrieved from /home/airflow/.local/lib/python3.12/site-packages/airflow/example_dags/example_latest_only.py
[2024-07-14T22:28:50.692+0000] {logging_mixin.py:188} INFO - [2024-07-14T22:28:50.692+0000] {dag.py:3096} INFO - Sync 1 DAGs
[2024-07-14T22:28:50.716+0000] {logging_mixin.py:188} INFO - [2024-07-14T22:28:50.716+0000] {dag.py:3954} INFO - Setting next_dagrun for latest_only to 2024-07-14 16:00:00+00:00, run_after=2024-07-14 20:00:00+00:00
[2024-07-14T22:28:50.740+0000] {processor.py:183} INFO - Processing /home/airflow/.local/lib/python3.12/site-packages/airflow/example_dags/example_latest_only.py took 0.086 seconds
[2024-07-14T22:29:21.052+0000] {processor.py:161} INFO - Started process (PID=919) to work on /home/airflow/.local/lib/python3.12/site-packages/airflow/example_dags/example_latest_only.py
[2024-07-14T22:29:21.052+0000] {processor.py:830} INFO - Processing file /home/airflow/.local/lib/python3.12/site-packages/airflow/example_dags/example_latest_only.py for tasks to queue
[2024-07-14T22:29:21.053+0000] {logging_mixin.py:188} INFO - [2024-07-14T22:29:21.053+0000] {dagbag.py:545} INFO - Filling up the DagBag from /home/airflow/.local/lib/python3.12/site-packages/airflow/example_dags/example_latest_only.py
[2024-07-14T22:29:21.057+0000] {processor.py:840} INFO - DAG(s) 'latest_only' retrieved from /home/airflow/.local/lib/python3.12/site-packages/airflow/example_dags/example_latest_only.py
[2024-07-14T22:29:21.073+0000] {logging_mixin.py:188} INFO - [2024-07-14T22:29:21.073+0000] {dag.py:3096} INFO - Sync 1 DAGs
[2024-07-14T22:29:21.090+0000] {logging_mixin.py:188} INFO - [2024-07-14T22:29:21.090+0000] {dag.py:3954} INFO - Setting next_dagrun for latest_only to 2024-07-14 16:00:00+00:00, run_after=2024-07-14 20:00:00+00:00
[2024-07-14T22:29:21.109+0000] {processor.py:183} INFO - Processing /home/airflow/.local/lib/python3.12/site-packages/airflow/example_dags/example_latest_only.py took 0.062 seconds
[2024-07-14T22:29:51.451+0000] {processor.py:161} INFO - Started process (PID=978) to work on /home/airflow/.local/lib/python3.12/site-packages/airflow/example_dags/example_latest_only.py
[2024-07-14T22:29:51.452+0000] {processor.py:830} INFO - Processing file /home/airflow/.local/lib/python3.12/site-packages/airflow/example_dags/example_latest_only.py for tasks to queue
[2024-07-14T22:29:51.453+0000] {logging_mixin.py:188} INFO - [2024-07-14T22:29:51.453+0000] {dagbag.py:545} INFO - Filling up the DagBag from /home/airflow/.local/lib/python3.12/site-packages/airflow/example_dags/example_latest_only.py
[2024-07-14T22:29:51.456+0000] {processor.py:840} INFO - DAG(s) 'latest_only' retrieved from /home/airflow/.local/lib/python3.12/site-packages/airflow/example_dags/example_latest_only.py
[2024-07-14T22:29:51.472+0000] {logging_mixin.py:188} INFO - [2024-07-14T22:29:51.471+0000] {dag.py:3096} INFO - Sync 1 DAGs
[2024-07-14T22:29:51.489+0000] {logging_mixin.py:188} INFO - [2024-07-14T22:29:51.489+0000] {dag.py:3954} INFO - Setting next_dagrun for latest_only to 2024-07-14 16:00:00+00:00, run_after=2024-07-14 20:00:00+00:00
[2024-07-14T22:29:51.509+0000] {processor.py:183} INFO - Processing /home/airflow/.local/lib/python3.12/site-packages/airflow/example_dags/example_latest_only.py took 0.062 seconds
[2024-07-14T22:30:22.139+0000] {processor.py:161} INFO - Started process (PID=1038) to work on /home/airflow/.local/lib/python3.12/site-packages/airflow/example_dags/example_latest_only.py
[2024-07-14T22:30:22.139+0000] {processor.py:830} INFO - Processing file /home/airflow/.local/lib/python3.12/site-packages/airflow/example_dags/example_latest_only.py for tasks to queue
[2024-07-14T22:30:22.141+0000] {logging_mixin.py:188} INFO - [2024-07-14T22:30:22.140+0000] {dagbag.py:545} INFO - Filling up the DagBag from /home/airflow/.local/lib/python3.12/site-packages/airflow/example_dags/example_latest_only.py
[2024-07-14T22:30:22.144+0000] {processor.py:840} INFO - DAG(s) 'latest_only' retrieved from /home/airflow/.local/lib/python3.12/site-packages/airflow/example_dags/example_latest_only.py
[2024-07-14T22:30:22.159+0000] {logging_mixin.py:188} INFO - [2024-07-14T22:30:22.159+0000] {dag.py:3096} INFO - Sync 1 DAGs
[2024-07-14T22:30:22.176+0000] {logging_mixin.py:188} INFO - [2024-07-14T22:30:22.176+0000] {dag.py:3954} INFO - Setting next_dagrun for latest_only to 2024-07-14 16:00:00+00:00, run_after=2024-07-14 20:00:00+00:00
[2024-07-14T22:30:22.195+0000] {processor.py:183} INFO - Processing /home/airflow/.local/lib/python3.12/site-packages/airflow/example_dags/example_latest_only.py took 0.062 seconds
[2024-07-14T22:30:52.489+0000] {processor.py:161} INFO - Started process (PID=1097) to work on /home/airflow/.local/lib/python3.12/site-packages/airflow/example_dags/example_latest_only.py
[2024-07-14T22:30:52.490+0000] {processor.py:830} INFO - Processing file /home/airflow/.local/lib/python3.12/site-packages/airflow/example_dags/example_latest_only.py for tasks to queue
[2024-07-14T22:30:52.491+0000] {logging_mixin.py:188} INFO - [2024-07-14T22:30:52.491+0000] {dagbag.py:545} INFO - Filling up the DagBag from /home/airflow/.local/lib/python3.12/site-packages/airflow/example_dags/example_latest_only.py
[2024-07-14T22:30:52.494+0000] {processor.py:840} INFO - DAG(s) 'latest_only' retrieved from /home/airflow/.local/lib/python3.12/site-packages/airflow/example_dags/example_latest_only.py
[2024-07-14T22:30:52.509+0000] {logging_mixin.py:188} INFO - [2024-07-14T22:30:52.509+0000] {dag.py:3096} INFO - Sync 1 DAGs
[2024-07-14T22:30:52.527+0000] {logging_mixin.py:188} INFO - [2024-07-14T22:30:52.526+0000] {dag.py:3954} INFO - Setting next_dagrun for latest_only to 2024-07-14 16:00:00+00:00, run_after=2024-07-14 20:00:00+00:00
[2024-07-14T22:30:52.546+0000] {processor.py:183} INFO - Processing /home/airflow/.local/lib/python3.12/site-packages/airflow/example_dags/example_latest_only.py took 0.062 seconds
[2024-07-14T22:31:22.933+0000] {processor.py:161} INFO - Started process (PID=1156) to work on /home/airflow/.local/lib/python3.12/site-packages/airflow/example_dags/example_latest_only.py
[2024-07-14T22:31:22.934+0000] {processor.py:830} INFO - Processing file /home/airflow/.local/lib/python3.12/site-packages/airflow/example_dags/example_latest_only.py for tasks to queue
[2024-07-14T22:31:22.936+0000] {logging_mixin.py:188} INFO - [2024-07-14T22:31:22.935+0000] {dagbag.py:545} INFO - Filling up the DagBag from /home/airflow/.local/lib/python3.12/site-packages/airflow/example_dags/example_latest_only.py
[2024-07-14T22:31:22.940+0000] {processor.py:840} INFO - DAG(s) 'latest_only' retrieved from /home/airflow/.local/lib/python3.12/site-packages/airflow/example_dags/example_latest_only.py
[2024-07-14T22:31:22.954+0000] {logging_mixin.py:188} INFO - [2024-07-14T22:31:22.954+0000] {dag.py:3096} INFO - Sync 1 DAGs
[2024-07-14T22:31:22.971+0000] {logging_mixin.py:188} INFO - [2024-07-14T22:31:22.971+0000] {dag.py:3954} INFO - Setting next_dagrun for latest_only to 2024-07-14 16:00:00+00:00, run_after=2024-07-14 20:00:00+00:00
[2024-07-14T22:31:22.990+0000] {processor.py:183} INFO - Processing /home/airflow/.local/lib/python3.12/site-packages/airflow/example_dags/example_latest_only.py took 0.062 seconds
[2024-07-14T22:31:53.477+0000] {processor.py:161} INFO - Started process (PID=1215) to work on /home/airflow/.local/lib/python3.12/site-packages/airflow/example_dags/example_latest_only.py
[2024-07-14T22:31:53.478+0000] {processor.py:830} INFO - Processing file /home/airflow/.local/lib/python3.12/site-packages/airflow/example_dags/example_latest_only.py for tasks to queue
[2024-07-14T22:31:53.479+0000] {logging_mixin.py:188} INFO - [2024-07-14T22:31:53.479+0000] {dagbag.py:545} INFO - Filling up the DagBag from /home/airflow/.local/lib/python3.12/site-packages/airflow/example_dags/example_latest_only.py
[2024-07-14T22:31:53.483+0000] {processor.py:840} INFO - DAG(s) 'latest_only' retrieved from /home/airflow/.local/lib/python3.12/site-packages/airflow/example_dags/example_latest_only.py
[2024-07-14T22:31:53.498+0000] {logging_mixin.py:188} INFO - [2024-07-14T22:31:53.498+0000] {dag.py:3096} INFO - Sync 1 DAGs
[2024-07-14T22:31:53.515+0000] {logging_mixin.py:188} INFO - [2024-07-14T22:31:53.515+0000] {dag.py:3954} INFO - Setting next_dagrun for latest_only to 2024-07-14 16:00:00+00:00, run_after=2024-07-14 20:00:00+00:00
[2024-07-14T22:31:53.534+0000] {processor.py:183} INFO - Processing /home/airflow/.local/lib/python3.12/site-packages/airflow/example_dags/example_latest_only.py took 0.062 seconds
[2024-07-14T22:32:23.613+0000] {processor.py:161} INFO - Started process (PID=1274) to work on /home/airflow/.local/lib/python3.12/site-packages/airflow/example_dags/example_latest_only.py
[2024-07-14T22:32:23.614+0000] {processor.py:830} INFO - Processing file /home/airflow/.local/lib/python3.12/site-packages/airflow/example_dags/example_latest_only.py for tasks to queue
[2024-07-14T22:32:23.615+0000] {logging_mixin.py:188} INFO - [2024-07-14T22:32:23.615+0000] {dagbag.py:545} INFO - Filling up the DagBag from /home/airflow/.local/lib/python3.12/site-packages/airflow/example_dags/example_latest_only.py
[2024-07-14T22:32:23.619+0000] {processor.py:840} INFO - DAG(s) 'latest_only' retrieved from /home/airflow/.local/lib/python3.12/site-packages/airflow/example_dags/example_latest_only.py
[2024-07-14T22:32:23.634+0000] {logging_mixin.py:188} INFO - [2024-07-14T22:32:23.634+0000] {dag.py:3096} INFO - Sync 1 DAGs
[2024-07-14T22:32:23.651+0000] {logging_mixin.py:188} INFO - [2024-07-14T22:32:23.651+0000] {dag.py:3954} INFO - Setting next_dagrun for latest_only to 2024-07-14 16:00:00+00:00, run_after=2024-07-14 20:00:00+00:00
[2024-07-14T22:32:23.670+0000] {processor.py:183} INFO - Processing /home/airflow/.local/lib/python3.12/site-packages/airflow/example_dags/example_latest_only.py took 0.061 seconds
[2024-07-14T22:32:54.138+0000] {processor.py:161} INFO - Started process (PID=1333) to work on /home/airflow/.local/lib/python3.12/site-packages/airflow/example_dags/example_latest_only.py
[2024-07-14T22:32:54.139+0000] {processor.py:830} INFO - Processing file /home/airflow/.local/lib/python3.12/site-packages/airflow/example_dags/example_latest_only.py for tasks to queue
[2024-07-14T22:32:54.140+0000] {logging_mixin.py:188} INFO - [2024-07-14T22:32:54.140+0000] {dagbag.py:545} INFO - Filling up the DagBag from /home/airflow/.local/lib/python3.12/site-packages/airflow/example_dags/example_latest_only.py
[2024-07-14T22:32:54.144+0000] {processor.py:840} INFO - DAG(s) 'latest_only' retrieved from /home/airflow/.local/lib/python3.12/site-packages/airflow/example_dags/example_latest_only.py
[2024-07-14T22:32:54.158+0000] {logging_mixin.py:188} INFO - [2024-07-14T22:32:54.158+0000] {dag.py:3096} INFO - Sync 1 DAGs
[2024-07-14T22:32:54.175+0000] {logging_mixin.py:188} INFO - [2024-07-14T22:32:54.175+0000] {dag.py:3954} INFO - Setting next_dagrun for latest_only to 2024-07-14 16:00:00+00:00, run_after=2024-07-14 20:00:00+00:00
[2024-07-14T22:32:54.194+0000] {processor.py:183} INFO - Processing /home/airflow/.local/lib/python3.12/site-packages/airflow/example_dags/example_latest_only.py took 0.061 seconds
[2024-07-14T22:33:24.654+0000] {processor.py:161} INFO - Started process (PID=1392) to work on /home/airflow/.local/lib/python3.12/site-packages/airflow/example_dags/example_latest_only.py
[2024-07-14T22:33:24.654+0000] {processor.py:830} INFO - Processing file /home/airflow/.local/lib/python3.12/site-packages/airflow/example_dags/example_latest_only.py for tasks to queue
[2024-07-14T22:33:24.656+0000] {logging_mixin.py:188} INFO - [2024-07-14T22:33:24.656+0000] {dagbag.py:545} INFO - Filling up the DagBag from /home/airflow/.local/lib/python3.12/site-packages/airflow/example_dags/example_latest_only.py
[2024-07-14T22:33:24.661+0000] {processor.py:840} INFO - DAG(s) 'latest_only' retrieved from /home/airflow/.local/lib/python3.12/site-packages/airflow/example_dags/example_latest_only.py
[2024-07-14T22:33:24.684+0000] {logging_mixin.py:188} INFO - [2024-07-14T22:33:24.684+0000] {dag.py:3096} INFO - Sync 1 DAGs
[2024-07-14T22:33:24.709+0000] {logging_mixin.py:188} INFO - [2024-07-14T22:33:24.709+0000] {dag.py:3954} INFO - Setting next_dagrun for latest_only to 2024-07-14 16:00:00+00:00, run_after=2024-07-14 20:00:00+00:00
[2024-07-14T22:33:24.732+0000] {processor.py:183} INFO - Processing /home/airflow/.local/lib/python3.12/site-packages/airflow/example_dags/example_latest_only.py took 0.085 seconds
[2024-07-14T22:33:55.689+0000] {processor.py:161} INFO - Started process (PID=1451) to work on /home/airflow/.local/lib/python3.12/site-packages/airflow/example_dags/example_latest_only.py
[2024-07-14T22:33:55.690+0000] {processor.py:830} INFO - Processing file /home/airflow/.local/lib/python3.12/site-packages/airflow/example_dags/example_latest_only.py for tasks to queue
[2024-07-14T22:33:55.692+0000] {logging_mixin.py:188} INFO - [2024-07-14T22:33:55.691+0000] {dagbag.py:545} INFO - Filling up the DagBag from /home/airflow/.local/lib/python3.12/site-packages/airflow/example_dags/example_latest_only.py
[2024-07-14T22:33:55.697+0000] {processor.py:840} INFO - DAG(s) 'latest_only' retrieved from /home/airflow/.local/lib/python3.12/site-packages/airflow/example_dags/example_latest_only.py
[2024-07-14T22:33:55.766+0000] {logging_mixin.py:188} INFO - [2024-07-14T22:33:55.766+0000] {dag.py:3096} INFO - Sync 1 DAGs
[2024-07-14T22:33:55.830+0000] {logging_mixin.py:188} INFO - [2024-07-14T22:33:55.830+0000] {dag.py:3954} INFO - Setting next_dagrun for latest_only to 2024-07-14 16:00:00+00:00, run_after=2024-07-14 20:00:00+00:00
[2024-07-14T22:33:55.871+0000] {processor.py:183} INFO - Processing /home/airflow/.local/lib/python3.12/site-packages/airflow/example_dags/example_latest_only.py took 0.201 seconds
[2024-07-14T22:34:25.969+0000] {processor.py:161} INFO - Started process (PID=1508) to work on /home/airflow/.local/lib/python3.12/site-packages/airflow/example_dags/example_latest_only.py
[2024-07-14T22:34:25.970+0000] {processor.py:830} INFO - Processing file /home/airflow/.local/lib/python3.12/site-packages/airflow/example_dags/example_latest_only.py for tasks to queue
[2024-07-14T22:34:25.971+0000] {logging_mixin.py:188} INFO - [2024-07-14T22:34:25.971+0000] {dagbag.py:545} INFO - Filling up the DagBag from /home/airflow/.local/lib/python3.12/site-packages/airflow/example_dags/example_latest_only.py
[2024-07-14T22:34:25.976+0000] {processor.py:840} INFO - DAG(s) 'latest_only' retrieved from /home/airflow/.local/lib/python3.12/site-packages/airflow/example_dags/example_latest_only.py
[2024-07-14T22:34:25.997+0000] {logging_mixin.py:188} INFO - [2024-07-14T22:34:25.997+0000] {dag.py:3096} INFO - Sync 1 DAGs
[2024-07-14T22:34:26.022+0000] {logging_mixin.py:188} INFO - [2024-07-14T22:34:26.022+0000] {dag.py:3954} INFO - Setting next_dagrun for latest_only to 2024-07-14 16:00:00+00:00, run_after=2024-07-14 20:00:00+00:00
[2024-07-14T22:34:26.046+0000] {processor.py:183} INFO - Processing /home/airflow/.local/lib/python3.12/site-packages/airflow/example_dags/example_latest_only.py took 0.083 seconds
[2024-07-14T22:34:56.889+0000] {processor.py:161} INFO - Started process (PID=1573) to work on /home/airflow/.local/lib/python3.12/site-packages/airflow/example_dags/example_latest_only.py
[2024-07-14T22:34:56.892+0000] {processor.py:830} INFO - Processing file /home/airflow/.local/lib/python3.12/site-packages/airflow/example_dags/example_latest_only.py for tasks to queue
[2024-07-14T22:34:56.897+0000] {logging_mixin.py:188} INFO - [2024-07-14T22:34:56.897+0000] {dagbag.py:545} INFO - Filling up the DagBag from /home/airflow/.local/lib/python3.12/site-packages/airflow/example_dags/example_latest_only.py
[2024-07-14T22:34:56.902+0000] {processor.py:840} INFO - DAG(s) 'latest_only' retrieved from /home/airflow/.local/lib/python3.12/site-packages/airflow/example_dags/example_latest_only.py
[2024-07-14T22:34:56.925+0000] {logging_mixin.py:188} INFO - [2024-07-14T22:34:56.925+0000] {dag.py:3096} INFO - Sync 1 DAGs
[2024-07-14T22:34:56.951+0000] {logging_mixin.py:188} INFO - [2024-07-14T22:34:56.951+0000] {dag.py:3954} INFO - Setting next_dagrun for latest_only to 2024-07-14 16:00:00+00:00, run_after=2024-07-14 20:00:00+00:00
[2024-07-14T22:34:56.973+0000] {processor.py:183} INFO - Processing /home/airflow/.local/lib/python3.12/site-packages/airflow/example_dags/example_latest_only.py took 0.090 seconds
[2024-07-14T22:35:27.118+0000] {processor.py:161} INFO - Started process (PID=1632) to work on /home/airflow/.local/lib/python3.12/site-packages/airflow/example_dags/example_latest_only.py
[2024-07-14T22:35:27.119+0000] {processor.py:830} INFO - Processing file /home/airflow/.local/lib/python3.12/site-packages/airflow/example_dags/example_latest_only.py for tasks to queue
[2024-07-14T22:35:27.121+0000] {logging_mixin.py:188} INFO - [2024-07-14T22:35:27.121+0000] {dagbag.py:545} INFO - Filling up the DagBag from /home/airflow/.local/lib/python3.12/site-packages/airflow/example_dags/example_latest_only.py
[2024-07-14T22:35:27.126+0000] {processor.py:840} INFO - DAG(s) 'latest_only' retrieved from /home/airflow/.local/lib/python3.12/site-packages/airflow/example_dags/example_latest_only.py
[2024-07-14T22:35:27.151+0000] {logging_mixin.py:188} INFO - [2024-07-14T22:35:27.151+0000] {dag.py:3096} INFO - Sync 1 DAGs
[2024-07-14T22:35:27.176+0000] {logging_mixin.py:188} INFO - [2024-07-14T22:35:27.176+0000] {dag.py:3954} INFO - Setting next_dagrun for latest_only to 2024-07-14 16:00:00+00:00, run_after=2024-07-14 20:00:00+00:00
[2024-07-14T22:35:27.199+0000] {processor.py:183} INFO - Processing /home/airflow/.local/lib/python3.12/site-packages/airflow/example_dags/example_latest_only.py took 0.088 seconds
[2024-07-14T22:35:57.705+0000] {processor.py:161} INFO - Started process (PID=1692) to work on /home/airflow/.local/lib/python3.12/site-packages/airflow/example_dags/example_latest_only.py
[2024-07-14T22:35:57.705+0000] {processor.py:830} INFO - Processing file /home/airflow/.local/lib/python3.12/site-packages/airflow/example_dags/example_latest_only.py for tasks to queue
[2024-07-14T22:35:57.717+0000] {logging_mixin.py:188} INFO - [2024-07-14T22:35:57.716+0000] {dagbag.py:545} INFO - Filling up the DagBag from /home/airflow/.local/lib/python3.12/site-packages/airflow/example_dags/example_latest_only.py
[2024-07-14T22:35:57.723+0000] {processor.py:840} INFO - DAG(s) 'latest_only' retrieved from /home/airflow/.local/lib/python3.12/site-packages/airflow/example_dags/example_latest_only.py
[2024-07-14T22:35:57.795+0000] {logging_mixin.py:188} INFO - [2024-07-14T22:35:57.795+0000] {dag.py:3096} INFO - Sync 1 DAGs
[2024-07-14T22:35:57.845+0000] {logging_mixin.py:188} INFO - [2024-07-14T22:35:57.844+0000] {dag.py:3954} INFO - Setting next_dagrun for latest_only to 2024-07-14 16:00:00+00:00, run_after=2024-07-14 20:00:00+00:00
[2024-07-14T22:35:57.878+0000] {processor.py:183} INFO - Processing /home/airflow/.local/lib/python3.12/site-packages/airflow/example_dags/example_latest_only.py took 0.179 seconds
[2024-07-14T22:36:28.804+0000] {processor.py:161} INFO - Started process (PID=1751) to work on /home/airflow/.local/lib/python3.12/site-packages/airflow/example_dags/example_latest_only.py
[2024-07-14T22:36:28.805+0000] {processor.py:830} INFO - Processing file /home/airflow/.local/lib/python3.12/site-packages/airflow/example_dags/example_latest_only.py for tasks to queue
[2024-07-14T22:36:28.806+0000] {logging_mixin.py:188} INFO - [2024-07-14T22:36:28.806+0000] {dagbag.py:545} INFO - Filling up the DagBag from /home/airflow/.local/lib/python3.12/site-packages/airflow/example_dags/example_latest_only.py
[2024-07-14T22:36:28.811+0000] {processor.py:840} INFO - DAG(s) 'latest_only' retrieved from /home/airflow/.local/lib/python3.12/site-packages/airflow/example_dags/example_latest_only.py
[2024-07-14T22:36:28.833+0000] {logging_mixin.py:188} INFO - [2024-07-14T22:36:28.833+0000] {dag.py:3096} INFO - Sync 1 DAGs
[2024-07-14T22:36:28.861+0000] {logging_mixin.py:188} INFO - [2024-07-14T22:36:28.860+0000] {dag.py:3954} INFO - Setting next_dagrun for latest_only to 2024-07-14 16:00:00+00:00, run_after=2024-07-14 20:00:00+00:00
[2024-07-14T22:36:28.882+0000] {processor.py:183} INFO - Processing /home/airflow/.local/lib/python3.12/site-packages/airflow/example_dags/example_latest_only.py took 0.085 seconds
[2024-07-14T22:36:59.726+0000] {processor.py:161} INFO - Started process (PID=1810) to work on /home/airflow/.local/lib/python3.12/site-packages/airflow/example_dags/example_latest_only.py
[2024-07-14T22:36:59.730+0000] {processor.py:830} INFO - Processing file /home/airflow/.local/lib/python3.12/site-packages/airflow/example_dags/example_latest_only.py for tasks to queue
[2024-07-14T22:36:59.732+0000] {logging_mixin.py:188} INFO - [2024-07-14T22:36:59.731+0000] {dagbag.py:545} INFO - Filling up the DagBag from /home/airflow/.local/lib/python3.12/site-packages/airflow/example_dags/example_latest_only.py
[2024-07-14T22:36:59.739+0000] {processor.py:840} INFO - DAG(s) 'latest_only' retrieved from /home/airflow/.local/lib/python3.12/site-packages/airflow/example_dags/example_latest_only.py
[2024-07-14T22:36:59.762+0000] {logging_mixin.py:188} INFO - [2024-07-14T22:36:59.762+0000] {dag.py:3096} INFO - Sync 1 DAGs
[2024-07-14T22:36:59.935+0000] {logging_mixin.py:188} INFO - [2024-07-14T22:36:59.935+0000] {dag.py:3954} INFO - Setting next_dagrun for latest_only to 2024-07-14 16:00:00+00:00, run_after=2024-07-14 20:00:00+00:00
[2024-07-14T22:36:59.957+0000] {processor.py:183} INFO - Processing /home/airflow/.local/lib/python3.12/site-packages/airflow/example_dags/example_latest_only.py took 0.238 seconds
[2024-07-14T22:37:30.021+0000] {processor.py:161} INFO - Started process (PID=1869) to work on /home/airflow/.local/lib/python3.12/site-packages/airflow/example_dags/example_latest_only.py
[2024-07-14T22:37:30.022+0000] {processor.py:830} INFO - Processing file /home/airflow/.local/lib/python3.12/site-packages/airflow/example_dags/example_latest_only.py for tasks to queue
[2024-07-14T22:37:30.024+0000] {logging_mixin.py:188} INFO - [2024-07-14T22:37:30.023+0000] {dagbag.py:545} INFO - Filling up the DagBag from /home/airflow/.local/lib/python3.12/site-packages/airflow/example_dags/example_latest_only.py
[2024-07-14T22:37:30.028+0000] {processor.py:840} INFO - DAG(s) 'latest_only' retrieved from /home/airflow/.local/lib/python3.12/site-packages/airflow/example_dags/example_latest_only.py
[2024-07-14T22:37:30.051+0000] {logging_mixin.py:188} INFO - [2024-07-14T22:37:30.050+0000] {dag.py:3096} INFO - Sync 1 DAGs
[2024-07-14T22:37:30.076+0000] {logging_mixin.py:188} INFO - [2024-07-14T22:37:30.076+0000] {dag.py:3954} INFO - Setting next_dagrun for latest_only to 2024-07-14 16:00:00+00:00, run_after=2024-07-14 20:00:00+00:00
[2024-07-14T22:37:30.206+0000] {processor.py:183} INFO - Processing /home/airflow/.local/lib/python3.12/site-packages/airflow/example_dags/example_latest_only.py took 0.191 seconds
[2024-07-14T22:38:00.326+0000] {processor.py:161} INFO - Started process (PID=1929) to work on /home/airflow/.local/lib/python3.12/site-packages/airflow/example_dags/example_latest_only.py
[2024-07-14T22:38:00.333+0000] {processor.py:830} INFO - Processing file /home/airflow/.local/lib/python3.12/site-packages/airflow/example_dags/example_latest_only.py for tasks to queue
[2024-07-14T22:38:00.335+0000] {logging_mixin.py:188} INFO - [2024-07-14T22:38:00.334+0000] {dagbag.py:545} INFO - Filling up the DagBag from /home/airflow/.local/lib/python3.12/site-packages/airflow/example_dags/example_latest_only.py
[2024-07-14T22:38:00.340+0000] {processor.py:840} INFO - DAG(s) 'latest_only' retrieved from /home/airflow/.local/lib/python3.12/site-packages/airflow/example_dags/example_latest_only.py
[2024-07-14T22:38:00.364+0000] {logging_mixin.py:188} INFO - [2024-07-14T22:38:00.364+0000] {dag.py:3096} INFO - Sync 1 DAGs
[2024-07-14T22:38:00.387+0000] {logging_mixin.py:188} INFO - [2024-07-14T22:38:00.387+0000] {dag.py:3954} INFO - Setting next_dagrun for latest_only to 2024-07-14 16:00:00+00:00, run_after=2024-07-14 20:00:00+00:00
[2024-07-14T22:38:00.405+0000] {processor.py:183} INFO - Processing /home/airflow/.local/lib/python3.12/site-packages/airflow/example_dags/example_latest_only.py took 0.092 seconds
[2024-07-14T22:38:30.965+0000] {processor.py:161} INFO - Started process (PID=1987) to work on /home/airflow/.local/lib/python3.12/site-packages/airflow/example_dags/example_latest_only.py
[2024-07-14T22:38:30.967+0000] {processor.py:830} INFO - Processing file /home/airflow/.local/lib/python3.12/site-packages/airflow/example_dags/example_latest_only.py for tasks to queue
[2024-07-14T22:38:30.969+0000] {logging_mixin.py:188} INFO - [2024-07-14T22:38:30.969+0000] {dagbag.py:545} INFO - Filling up the DagBag from /home/airflow/.local/lib/python3.12/site-packages/airflow/example_dags/example_latest_only.py
[2024-07-14T22:38:30.974+0000] {processor.py:840} INFO - DAG(s) 'latest_only' retrieved from /home/airflow/.local/lib/python3.12/site-packages/airflow/example_dags/example_latest_only.py
[2024-07-14T22:38:30.996+0000] {logging_mixin.py:188} INFO - [2024-07-14T22:38:30.996+0000] {dag.py:3096} INFO - Sync 1 DAGs
[2024-07-14T22:38:31.022+0000] {logging_mixin.py:188} INFO - [2024-07-14T22:38:31.022+0000] {dag.py:3954} INFO - Setting next_dagrun for latest_only to 2024-07-14 16:00:00+00:00, run_after=2024-07-14 20:00:00+00:00
[2024-07-14T22:38:31.048+0000] {processor.py:183} INFO - Processing /home/airflow/.local/lib/python3.12/site-packages/airflow/example_dags/example_latest_only.py took 0.089 seconds
[2024-07-14T22:39:01.497+0000] {processor.py:161} INFO - Started process (PID=2046) to work on /home/airflow/.local/lib/python3.12/site-packages/airflow/example_dags/example_latest_only.py
[2024-07-14T22:39:01.502+0000] {processor.py:830} INFO - Processing file /home/airflow/.local/lib/python3.12/site-packages/airflow/example_dags/example_latest_only.py for tasks to queue
[2024-07-14T22:39:01.513+0000] {logging_mixin.py:188} INFO - [2024-07-14T22:39:01.513+0000] {dagbag.py:545} INFO - Filling up the DagBag from /home/airflow/.local/lib/python3.12/site-packages/airflow/example_dags/example_latest_only.py
[2024-07-14T22:39:01.537+0000] {processor.py:840} INFO - DAG(s) 'latest_only' retrieved from /home/airflow/.local/lib/python3.12/site-packages/airflow/example_dags/example_latest_only.py
[2024-07-14T22:39:01.648+0000] {logging_mixin.py:188} INFO - [2024-07-14T22:39:01.647+0000] {dag.py:3096} INFO - Sync 1 DAGs
[2024-07-14T22:39:01.720+0000] {logging_mixin.py:188} INFO - [2024-07-14T22:39:01.719+0000] {dag.py:3954} INFO - Setting next_dagrun for latest_only to 2024-07-14 16:00:00+00:00, run_after=2024-07-14 20:00:00+00:00
[2024-07-14T22:39:01.750+0000] {processor.py:183} INFO - Processing /home/airflow/.local/lib/python3.12/site-packages/airflow/example_dags/example_latest_only.py took 0.276 seconds
