[2024-07-14T22:21:55.235+0000] {processor.py:161} INFO - Started process (PID=72) to work on /home/airflow/.local/lib/python3.12/site-packages/airflow/example_dags/example_setup_teardown.py
[2024-07-14T22:21:55.251+0000] {processor.py:830} INFO - Processing file /home/airflow/.local/lib/python3.12/site-packages/airflow/example_dags/example_setup_teardown.py for tasks to queue
[2024-07-14T22:21:55.253+0000] {logging_mixin.py:188} INFO - [2024-07-14T22:21:55.253+0000] {dagbag.py:545} INFO - Filling up the DagBag from /home/airflow/.local/lib/python3.12/site-packages/airflow/example_dags/example_setup_teardown.py
[2024-07-14T22:21:55.269+0000] {processor.py:840} INFO - DAG(s) 'example_setup_teardown' retrieved from /home/airflow/.local/lib/python3.12/site-packages/airflow/example_dags/example_setup_teardown.py
[2024-07-14T22:21:55.752+0000] {logging_mixin.py:188} INFO - [2024-07-14T22:21:55.751+0000] {dag.py:3096} INFO - Sync 1 DAGs
[2024-07-14T22:21:55.819+0000] {logging_mixin.py:188} INFO - [2024-07-14T22:21:55.819+0000] {dag.py:3954} INFO - Setting next_dagrun for example_setup_teardown to 2024-07-13 00:00:00+00:00, run_after=2024-07-14 00:00:00+00:00
[2024-07-14T22:21:55.873+0000] {processor.py:183} INFO - Processing /home/airflow/.local/lib/python3.12/site-packages/airflow/example_dags/example_setup_teardown.py took 0.657 seconds
[2024-07-14T22:22:26.221+0000] {processor.py:161} INFO - Started process (PID=131) to work on /home/airflow/.local/lib/python3.12/site-packages/airflow/example_dags/example_setup_teardown.py
[2024-07-14T22:22:26.222+0000] {processor.py:830} INFO - Processing file /home/airflow/.local/lib/python3.12/site-packages/airflow/example_dags/example_setup_teardown.py for tasks to queue
[2024-07-14T22:22:26.224+0000] {logging_mixin.py:188} INFO - [2024-07-14T22:22:26.223+0000] {dagbag.py:545} INFO - Filling up the DagBag from /home/airflow/.local/lib/python3.12/site-packages/airflow/example_dags/example_setup_teardown.py
[2024-07-14T22:22:26.231+0000] {processor.py:840} INFO - DAG(s) 'example_setup_teardown' retrieved from /home/airflow/.local/lib/python3.12/site-packages/airflow/example_dags/example_setup_teardown.py
[2024-07-14T22:22:26.254+0000] {logging_mixin.py:188} INFO - [2024-07-14T22:22:26.254+0000] {dag.py:3096} INFO - Sync 1 DAGs
[2024-07-14T22:22:26.280+0000] {logging_mixin.py:188} INFO - [2024-07-14T22:22:26.280+0000] {dag.py:3954} INFO - Setting next_dagrun for example_setup_teardown to 2024-07-13 00:00:00+00:00, run_after=2024-07-14 00:00:00+00:00
[2024-07-14T22:22:26.303+0000] {processor.py:183} INFO - Processing /home/airflow/.local/lib/python3.12/site-packages/airflow/example_dags/example_setup_teardown.py took 0.089 seconds
[2024-07-14T22:22:56.662+0000] {processor.py:161} INFO - Started process (PID=190) to work on /home/airflow/.local/lib/python3.12/site-packages/airflow/example_dags/example_setup_teardown.py
[2024-07-14T22:22:56.664+0000] {processor.py:830} INFO - Processing file /home/airflow/.local/lib/python3.12/site-packages/airflow/example_dags/example_setup_teardown.py for tasks to queue
[2024-07-14T22:22:56.667+0000] {logging_mixin.py:188} INFO - [2024-07-14T22:22:56.666+0000] {dagbag.py:545} INFO - Filling up the DagBag from /home/airflow/.local/lib/python3.12/site-packages/airflow/example_dags/example_setup_teardown.py
[2024-07-14T22:22:56.674+0000] {processor.py:840} INFO - DAG(s) 'example_setup_teardown' retrieved from /home/airflow/.local/lib/python3.12/site-packages/airflow/example_dags/example_setup_teardown.py
[2024-07-14T22:22:56.698+0000] {logging_mixin.py:188} INFO - [2024-07-14T22:22:56.698+0000] {dag.py:3096} INFO - Sync 1 DAGs
[2024-07-14T22:22:56.724+0000] {logging_mixin.py:188} INFO - [2024-07-14T22:22:56.723+0000] {dag.py:3954} INFO - Setting next_dagrun for example_setup_teardown to 2024-07-13 00:00:00+00:00, run_after=2024-07-14 00:00:00+00:00
[2024-07-14T22:22:56.746+0000] {processor.py:183} INFO - Processing /home/airflow/.local/lib/python3.12/site-packages/airflow/example_dags/example_setup_teardown.py took 0.091 seconds
[2024-07-14T22:23:27.154+0000] {processor.py:161} INFO - Started process (PID=249) to work on /home/airflow/.local/lib/python3.12/site-packages/airflow/example_dags/example_setup_teardown.py
[2024-07-14T22:23:27.155+0000] {processor.py:830} INFO - Processing file /home/airflow/.local/lib/python3.12/site-packages/airflow/example_dags/example_setup_teardown.py for tasks to queue
[2024-07-14T22:23:27.156+0000] {logging_mixin.py:188} INFO - [2024-07-14T22:23:27.156+0000] {dagbag.py:545} INFO - Filling up the DagBag from /home/airflow/.local/lib/python3.12/site-packages/airflow/example_dags/example_setup_teardown.py
[2024-07-14T22:23:27.164+0000] {processor.py:840} INFO - DAG(s) 'example_setup_teardown' retrieved from /home/airflow/.local/lib/python3.12/site-packages/airflow/example_dags/example_setup_teardown.py
[2024-07-14T22:23:27.188+0000] {logging_mixin.py:188} INFO - [2024-07-14T22:23:27.187+0000] {dag.py:3096} INFO - Sync 1 DAGs
[2024-07-14T22:23:27.213+0000] {logging_mixin.py:188} INFO - [2024-07-14T22:23:27.213+0000] {dag.py:3954} INFO - Setting next_dagrun for example_setup_teardown to 2024-07-13 00:00:00+00:00, run_after=2024-07-14 00:00:00+00:00
[2024-07-14T22:23:27.257+0000] {processor.py:183} INFO - Processing /home/airflow/.local/lib/python3.12/site-packages/airflow/example_dags/example_setup_teardown.py took 0.110 seconds
[2024-07-14T22:23:58.229+0000] {processor.py:161} INFO - Started process (PID=308) to work on /home/airflow/.local/lib/python3.12/site-packages/airflow/example_dags/example_setup_teardown.py
[2024-07-14T22:23:58.229+0000] {processor.py:830} INFO - Processing file /home/airflow/.local/lib/python3.12/site-packages/airflow/example_dags/example_setup_teardown.py for tasks to queue
[2024-07-14T22:23:58.231+0000] {logging_mixin.py:188} INFO - [2024-07-14T22:23:58.231+0000] {dagbag.py:545} INFO - Filling up the DagBag from /home/airflow/.local/lib/python3.12/site-packages/airflow/example_dags/example_setup_teardown.py
[2024-07-14T22:23:58.238+0000] {processor.py:840} INFO - DAG(s) 'example_setup_teardown' retrieved from /home/airflow/.local/lib/python3.12/site-packages/airflow/example_dags/example_setup_teardown.py
[2024-07-14T22:23:58.265+0000] {logging_mixin.py:188} INFO - [2024-07-14T22:23:58.264+0000] {dag.py:3096} INFO - Sync 1 DAGs
[2024-07-14T22:23:58.291+0000] {logging_mixin.py:188} INFO - [2024-07-14T22:23:58.290+0000] {dag.py:3954} INFO - Setting next_dagrun for example_setup_teardown to 2024-07-13 00:00:00+00:00, run_after=2024-07-14 00:00:00+00:00
[2024-07-14T22:23:58.314+0000] {processor.py:183} INFO - Processing /home/airflow/.local/lib/python3.12/site-packages/airflow/example_dags/example_setup_teardown.py took 0.092 seconds
[2024-07-14T22:24:28.807+0000] {processor.py:161} INFO - Started process (PID=366) to work on /home/airflow/.local/lib/python3.12/site-packages/airflow/example_dags/example_setup_teardown.py
[2024-07-14T22:24:28.808+0000] {processor.py:830} INFO - Processing file /home/airflow/.local/lib/python3.12/site-packages/airflow/example_dags/example_setup_teardown.py for tasks to queue
[2024-07-14T22:24:28.810+0000] {logging_mixin.py:188} INFO - [2024-07-14T22:24:28.809+0000] {dagbag.py:545} INFO - Filling up the DagBag from /home/airflow/.local/lib/python3.12/site-packages/airflow/example_dags/example_setup_teardown.py
[2024-07-14T22:24:28.817+0000] {processor.py:840} INFO - DAG(s) 'example_setup_teardown' retrieved from /home/airflow/.local/lib/python3.12/site-packages/airflow/example_dags/example_setup_teardown.py
[2024-07-14T22:24:28.840+0000] {logging_mixin.py:188} INFO - [2024-07-14T22:24:28.840+0000] {dag.py:3096} INFO - Sync 1 DAGs
[2024-07-14T22:24:28.863+0000] {logging_mixin.py:188} INFO - [2024-07-14T22:24:28.863+0000] {dag.py:3954} INFO - Setting next_dagrun for example_setup_teardown to 2024-07-13 00:00:00+00:00, run_after=2024-07-14 00:00:00+00:00
[2024-07-14T22:24:28.887+0000] {processor.py:183} INFO - Processing /home/airflow/.local/lib/python3.12/site-packages/airflow/example_dags/example_setup_teardown.py took 0.085 seconds
[2024-07-14T22:24:59.531+0000] {processor.py:161} INFO - Started process (PID=424) to work on /home/airflow/.local/lib/python3.12/site-packages/airflow/example_dags/example_setup_teardown.py
[2024-07-14T22:24:59.532+0000] {processor.py:830} INFO - Processing file /home/airflow/.local/lib/python3.12/site-packages/airflow/example_dags/example_setup_teardown.py for tasks to queue
[2024-07-14T22:24:59.534+0000] {logging_mixin.py:188} INFO - [2024-07-14T22:24:59.533+0000] {dagbag.py:545} INFO - Filling up the DagBag from /home/airflow/.local/lib/python3.12/site-packages/airflow/example_dags/example_setup_teardown.py
[2024-07-14T22:24:59.541+0000] {processor.py:840} INFO - DAG(s) 'example_setup_teardown' retrieved from /home/airflow/.local/lib/python3.12/site-packages/airflow/example_dags/example_setup_teardown.py
[2024-07-14T22:24:59.564+0000] {logging_mixin.py:188} INFO - [2024-07-14T22:24:59.564+0000] {dag.py:3096} INFO - Sync 1 DAGs
[2024-07-14T22:24:59.588+0000] {logging_mixin.py:188} INFO - [2024-07-14T22:24:59.588+0000] {dag.py:3954} INFO - Setting next_dagrun for example_setup_teardown to 2024-07-13 00:00:00+00:00, run_after=2024-07-14 00:00:00+00:00
[2024-07-14T22:24:59.612+0000] {processor.py:183} INFO - Processing /home/airflow/.local/lib/python3.12/site-packages/airflow/example_dags/example_setup_teardown.py took 0.091 seconds
[2024-07-14T22:25:30.344+0000] {processor.py:161} INFO - Started process (PID=483) to work on /home/airflow/.local/lib/python3.12/site-packages/airflow/example_dags/example_setup_teardown.py
[2024-07-14T22:25:30.350+0000] {processor.py:830} INFO - Processing file /home/airflow/.local/lib/python3.12/site-packages/airflow/example_dags/example_setup_teardown.py for tasks to queue
[2024-07-14T22:25:30.352+0000] {logging_mixin.py:188} INFO - [2024-07-14T22:25:30.351+0000] {dagbag.py:545} INFO - Filling up the DagBag from /home/airflow/.local/lib/python3.12/site-packages/airflow/example_dags/example_setup_teardown.py
[2024-07-14T22:25:30.388+0000] {processor.py:840} INFO - DAG(s) 'example_setup_teardown' retrieved from /home/airflow/.local/lib/python3.12/site-packages/airflow/example_dags/example_setup_teardown.py
[2024-07-14T22:25:30.478+0000] {logging_mixin.py:188} INFO - [2024-07-14T22:25:30.478+0000] {dag.py:3096} INFO - Sync 1 DAGs
[2024-07-14T22:25:30.608+0000] {logging_mixin.py:188} INFO - [2024-07-14T22:25:30.608+0000] {dag.py:3954} INFO - Setting next_dagrun for example_setup_teardown to 2024-07-13 00:00:00+00:00, run_after=2024-07-14 00:00:00+00:00
[2024-07-14T22:25:30.640+0000] {processor.py:183} INFO - Processing /home/airflow/.local/lib/python3.12/site-packages/airflow/example_dags/example_setup_teardown.py took 0.355 seconds
[2024-07-14T22:26:01.187+0000] {processor.py:161} INFO - Started process (PID=541) to work on /home/airflow/.local/lib/python3.12/site-packages/airflow/example_dags/example_setup_teardown.py
[2024-07-14T22:26:01.188+0000] {processor.py:830} INFO - Processing file /home/airflow/.local/lib/python3.12/site-packages/airflow/example_dags/example_setup_teardown.py for tasks to queue
[2024-07-14T22:26:01.190+0000] {logging_mixin.py:188} INFO - [2024-07-14T22:26:01.189+0000] {dagbag.py:545} INFO - Filling up the DagBag from /home/airflow/.local/lib/python3.12/site-packages/airflow/example_dags/example_setup_teardown.py
[2024-07-14T22:26:01.197+0000] {processor.py:840} INFO - DAG(s) 'example_setup_teardown' retrieved from /home/airflow/.local/lib/python3.12/site-packages/airflow/example_dags/example_setup_teardown.py
[2024-07-14T22:26:01.223+0000] {logging_mixin.py:188} INFO - [2024-07-14T22:26:01.223+0000] {dag.py:3096} INFO - Sync 1 DAGs
[2024-07-14T22:26:01.250+0000] {logging_mixin.py:188} INFO - [2024-07-14T22:26:01.249+0000] {dag.py:3954} INFO - Setting next_dagrun for example_setup_teardown to 2024-07-13 00:00:00+00:00, run_after=2024-07-14 00:00:00+00:00
[2024-07-14T22:26:01.277+0000] {processor.py:183} INFO - Processing /home/airflow/.local/lib/python3.12/site-packages/airflow/example_dags/example_setup_teardown.py took 0.095 seconds
[2024-07-14T22:26:31.399+0000] {processor.py:161} INFO - Started process (PID=600) to work on /home/airflow/.local/lib/python3.12/site-packages/airflow/example_dags/example_setup_teardown.py
[2024-07-14T22:26:31.399+0000] {processor.py:830} INFO - Processing file /home/airflow/.local/lib/python3.12/site-packages/airflow/example_dags/example_setup_teardown.py for tasks to queue
[2024-07-14T22:26:31.401+0000] {logging_mixin.py:188} INFO - [2024-07-14T22:26:31.401+0000] {dagbag.py:545} INFO - Filling up the DagBag from /home/airflow/.local/lib/python3.12/site-packages/airflow/example_dags/example_setup_teardown.py
[2024-07-14T22:26:31.409+0000] {processor.py:840} INFO - DAG(s) 'example_setup_teardown' retrieved from /home/airflow/.local/lib/python3.12/site-packages/airflow/example_dags/example_setup_teardown.py
[2024-07-14T22:26:31.432+0000] {logging_mixin.py:188} INFO - [2024-07-14T22:26:31.432+0000] {dag.py:3096} INFO - Sync 1 DAGs
[2024-07-14T22:26:31.457+0000] {logging_mixin.py:188} INFO - [2024-07-14T22:26:31.457+0000] {dag.py:3954} INFO - Setting next_dagrun for example_setup_teardown to 2024-07-13 00:00:00+00:00, run_after=2024-07-14 00:00:00+00:00
[2024-07-14T22:26:31.481+0000] {processor.py:183} INFO - Processing /home/airflow/.local/lib/python3.12/site-packages/airflow/example_dags/example_setup_teardown.py took 0.089 seconds
[2024-07-14T22:27:01.851+0000] {processor.py:161} INFO - Started process (PID=659) to work on /home/airflow/.local/lib/python3.12/site-packages/airflow/example_dags/example_setup_teardown.py
[2024-07-14T22:27:01.852+0000] {processor.py:830} INFO - Processing file /home/airflow/.local/lib/python3.12/site-packages/airflow/example_dags/example_setup_teardown.py for tasks to queue
[2024-07-14T22:27:01.854+0000] {logging_mixin.py:188} INFO - [2024-07-14T22:27:01.854+0000] {dagbag.py:545} INFO - Filling up the DagBag from /home/airflow/.local/lib/python3.12/site-packages/airflow/example_dags/example_setup_teardown.py
[2024-07-14T22:27:01.862+0000] {processor.py:840} INFO - DAG(s) 'example_setup_teardown' retrieved from /home/airflow/.local/lib/python3.12/site-packages/airflow/example_dags/example_setup_teardown.py
[2024-07-14T22:27:01.885+0000] {logging_mixin.py:188} INFO - [2024-07-14T22:27:01.884+0000] {dag.py:3096} INFO - Sync 1 DAGs
[2024-07-14T22:27:01.910+0000] {logging_mixin.py:188} INFO - [2024-07-14T22:27:01.910+0000] {dag.py:3954} INFO - Setting next_dagrun for example_setup_teardown to 2024-07-13 00:00:00+00:00, run_after=2024-07-14 00:00:00+00:00
[2024-07-14T22:27:01.937+0000] {processor.py:183} INFO - Processing /home/airflow/.local/lib/python3.12/site-packages/airflow/example_dags/example_setup_teardown.py took 0.092 seconds
[2024-07-14T22:27:32.393+0000] {processor.py:161} INFO - Started process (PID=718) to work on /home/airflow/.local/lib/python3.12/site-packages/airflow/example_dags/example_setup_teardown.py
[2024-07-14T22:27:32.394+0000] {processor.py:830} INFO - Processing file /home/airflow/.local/lib/python3.12/site-packages/airflow/example_dags/example_setup_teardown.py for tasks to queue
[2024-07-14T22:27:32.397+0000] {logging_mixin.py:188} INFO - [2024-07-14T22:27:32.396+0000] {dagbag.py:545} INFO - Filling up the DagBag from /home/airflow/.local/lib/python3.12/site-packages/airflow/example_dags/example_setup_teardown.py
[2024-07-14T22:27:32.405+0000] {processor.py:840} INFO - DAG(s) 'example_setup_teardown' retrieved from /home/airflow/.local/lib/python3.12/site-packages/airflow/example_dags/example_setup_teardown.py
[2024-07-14T22:27:32.428+0000] {logging_mixin.py:188} INFO - [2024-07-14T22:27:32.428+0000] {dag.py:3096} INFO - Sync 1 DAGs
[2024-07-14T22:27:32.453+0000] {logging_mixin.py:188} INFO - [2024-07-14T22:27:32.453+0000] {dag.py:3954} INFO - Setting next_dagrun for example_setup_teardown to 2024-07-13 00:00:00+00:00, run_after=2024-07-14 00:00:00+00:00
[2024-07-14T22:27:32.476+0000] {processor.py:183} INFO - Processing /home/airflow/.local/lib/python3.12/site-packages/airflow/example_dags/example_setup_teardown.py took 0.089 seconds
[2024-07-14T22:28:03.367+0000] {processor.py:161} INFO - Started process (PID=779) to work on /home/airflow/.local/lib/python3.12/site-packages/airflow/example_dags/example_setup_teardown.py
[2024-07-14T22:28:03.368+0000] {processor.py:830} INFO - Processing file /home/airflow/.local/lib/python3.12/site-packages/airflow/example_dags/example_setup_teardown.py for tasks to queue
[2024-07-14T22:28:03.370+0000] {logging_mixin.py:188} INFO - [2024-07-14T22:28:03.369+0000] {dagbag.py:545} INFO - Filling up the DagBag from /home/airflow/.local/lib/python3.12/site-packages/airflow/example_dags/example_setup_teardown.py
[2024-07-14T22:28:03.377+0000] {processor.py:840} INFO - DAG(s) 'example_setup_teardown' retrieved from /home/airflow/.local/lib/python3.12/site-packages/airflow/example_dags/example_setup_teardown.py
[2024-07-14T22:28:03.408+0000] {logging_mixin.py:188} INFO - [2024-07-14T22:28:03.408+0000] {dag.py:3096} INFO - Sync 1 DAGs
[2024-07-14T22:28:03.434+0000] {logging_mixin.py:188} INFO - [2024-07-14T22:28:03.434+0000] {dag.py:3954} INFO - Setting next_dagrun for example_setup_teardown to 2024-07-13 00:00:00+00:00, run_after=2024-07-14 00:00:00+00:00
[2024-07-14T22:28:03.457+0000] {processor.py:183} INFO - Processing /home/airflow/.local/lib/python3.12/site-packages/airflow/example_dags/example_setup_teardown.py took 0.096 seconds
[2024-07-14T22:28:34.254+0000] {processor.py:161} INFO - Started process (PID=838) to work on /home/airflow/.local/lib/python3.12/site-packages/airflow/example_dags/example_setup_teardown.py
[2024-07-14T22:28:34.255+0000] {processor.py:830} INFO - Processing file /home/airflow/.local/lib/python3.12/site-packages/airflow/example_dags/example_setup_teardown.py for tasks to queue
[2024-07-14T22:28:34.263+0000] {logging_mixin.py:188} INFO - [2024-07-14T22:28:34.263+0000] {dagbag.py:545} INFO - Filling up the DagBag from /home/airflow/.local/lib/python3.12/site-packages/airflow/example_dags/example_setup_teardown.py
[2024-07-14T22:28:34.280+0000] {processor.py:840} INFO - DAG(s) 'example_setup_teardown' retrieved from /home/airflow/.local/lib/python3.12/site-packages/airflow/example_dags/example_setup_teardown.py
[2024-07-14T22:28:34.321+0000] {logging_mixin.py:188} INFO - [2024-07-14T22:28:34.320+0000] {dag.py:3096} INFO - Sync 1 DAGs
[2024-07-14T22:28:34.387+0000] {logging_mixin.py:188} INFO - [2024-07-14T22:28:34.387+0000] {dag.py:3954} INFO - Setting next_dagrun for example_setup_teardown to 2024-07-13 00:00:00+00:00, run_after=2024-07-14 00:00:00+00:00
[2024-07-14T22:28:34.421+0000] {processor.py:183} INFO - Processing /home/airflow/.local/lib/python3.12/site-packages/airflow/example_dags/example_setup_teardown.py took 0.173 seconds
[2024-07-14T22:29:04.473+0000] {processor.py:161} INFO - Started process (PID=896) to work on /home/airflow/.local/lib/python3.12/site-packages/airflow/example_dags/example_setup_teardown.py
[2024-07-14T22:29:04.473+0000] {processor.py:830} INFO - Processing file /home/airflow/.local/lib/python3.12/site-packages/airflow/example_dags/example_setup_teardown.py for tasks to queue
[2024-07-14T22:29:04.474+0000] {logging_mixin.py:188} INFO - [2024-07-14T22:29:04.474+0000] {dagbag.py:545} INFO - Filling up the DagBag from /home/airflow/.local/lib/python3.12/site-packages/airflow/example_dags/example_setup_teardown.py
[2024-07-14T22:29:04.480+0000] {processor.py:840} INFO - DAG(s) 'example_setup_teardown' retrieved from /home/airflow/.local/lib/python3.12/site-packages/airflow/example_dags/example_setup_teardown.py
[2024-07-14T22:29:04.496+0000] {logging_mixin.py:188} INFO - [2024-07-14T22:29:04.496+0000] {dag.py:3096} INFO - Sync 1 DAGs
[2024-07-14T22:29:04.513+0000] {logging_mixin.py:188} INFO - [2024-07-14T22:29:04.513+0000] {dag.py:3954} INFO - Setting next_dagrun for example_setup_teardown to 2024-07-13 00:00:00+00:00, run_after=2024-07-14 00:00:00+00:00
[2024-07-14T22:29:04.546+0000] {processor.py:183} INFO - Processing /home/airflow/.local/lib/python3.12/site-packages/airflow/example_dags/example_setup_teardown.py took 0.078 seconds
[2024-07-14T22:29:35.198+0000] {processor.py:161} INFO - Started process (PID=955) to work on /home/airflow/.local/lib/python3.12/site-packages/airflow/example_dags/example_setup_teardown.py
[2024-07-14T22:29:35.198+0000] {processor.py:830} INFO - Processing file /home/airflow/.local/lib/python3.12/site-packages/airflow/example_dags/example_setup_teardown.py for tasks to queue
[2024-07-14T22:29:35.200+0000] {logging_mixin.py:188} INFO - [2024-07-14T22:29:35.200+0000] {dagbag.py:545} INFO - Filling up the DagBag from /home/airflow/.local/lib/python3.12/site-packages/airflow/example_dags/example_setup_teardown.py
[2024-07-14T22:29:35.210+0000] {processor.py:840} INFO - DAG(s) 'example_setup_teardown' retrieved from /home/airflow/.local/lib/python3.12/site-packages/airflow/example_dags/example_setup_teardown.py
[2024-07-14T22:29:35.233+0000] {logging_mixin.py:188} INFO - [2024-07-14T22:29:35.233+0000] {dag.py:3096} INFO - Sync 1 DAGs
[2024-07-14T22:29:35.258+0000] {logging_mixin.py:188} INFO - [2024-07-14T22:29:35.258+0000] {dag.py:3954} INFO - Setting next_dagrun for example_setup_teardown to 2024-07-13 00:00:00+00:00, run_after=2024-07-14 00:00:00+00:00
[2024-07-14T22:29:35.281+0000] {processor.py:183} INFO - Processing /home/airflow/.local/lib/python3.12/site-packages/airflow/example_dags/example_setup_teardown.py took 0.089 seconds
[2024-07-14T22:30:05.326+0000] {processor.py:161} INFO - Started process (PID=1015) to work on /home/airflow/.local/lib/python3.12/site-packages/airflow/example_dags/example_setup_teardown.py
[2024-07-14T22:30:05.327+0000] {processor.py:830} INFO - Processing file /home/airflow/.local/lib/python3.12/site-packages/airflow/example_dags/example_setup_teardown.py for tasks to queue
[2024-07-14T22:30:05.329+0000] {logging_mixin.py:188} INFO - [2024-07-14T22:30:05.329+0000] {dagbag.py:545} INFO - Filling up the DagBag from /home/airflow/.local/lib/python3.12/site-packages/airflow/example_dags/example_setup_teardown.py
[2024-07-14T22:30:05.338+0000] {processor.py:840} INFO - DAG(s) 'example_setup_teardown' retrieved from /home/airflow/.local/lib/python3.12/site-packages/airflow/example_dags/example_setup_teardown.py
[2024-07-14T22:30:05.363+0000] {logging_mixin.py:188} INFO - [2024-07-14T22:30:05.362+0000] {dag.py:3096} INFO - Sync 1 DAGs
[2024-07-14T22:30:05.389+0000] {logging_mixin.py:188} INFO - [2024-07-14T22:30:05.389+0000] {dag.py:3954} INFO - Setting next_dagrun for example_setup_teardown to 2024-07-13 00:00:00+00:00, run_after=2024-07-14 00:00:00+00:00
[2024-07-14T22:30:05.413+0000] {processor.py:183} INFO - Processing /home/airflow/.local/lib/python3.12/site-packages/airflow/example_dags/example_setup_teardown.py took 0.093 seconds
[2024-07-14T22:30:35.473+0000] {processor.py:161} INFO - Started process (PID=1074) to work on /home/airflow/.local/lib/python3.12/site-packages/airflow/example_dags/example_setup_teardown.py
[2024-07-14T22:30:35.478+0000] {processor.py:830} INFO - Processing file /home/airflow/.local/lib/python3.12/site-packages/airflow/example_dags/example_setup_teardown.py for tasks to queue
[2024-07-14T22:30:35.482+0000] {logging_mixin.py:188} INFO - [2024-07-14T22:30:35.482+0000] {dagbag.py:545} INFO - Filling up the DagBag from /home/airflow/.local/lib/python3.12/site-packages/airflow/example_dags/example_setup_teardown.py
[2024-07-14T22:30:35.493+0000] {processor.py:840} INFO - DAG(s) 'example_setup_teardown' retrieved from /home/airflow/.local/lib/python3.12/site-packages/airflow/example_dags/example_setup_teardown.py
[2024-07-14T22:30:35.571+0000] {logging_mixin.py:188} INFO - [2024-07-14T22:30:35.571+0000] {dag.py:3096} INFO - Sync 1 DAGs
[2024-07-14T22:30:35.646+0000] {logging_mixin.py:188} INFO - [2024-07-14T22:30:35.646+0000] {dag.py:3954} INFO - Setting next_dagrun for example_setup_teardown to 2024-07-13 00:00:00+00:00, run_after=2024-07-14 00:00:00+00:00
[2024-07-14T22:30:35.718+0000] {processor.py:183} INFO - Processing /home/airflow/.local/lib/python3.12/site-packages/airflow/example_dags/example_setup_teardown.py took 0.257 seconds
[2024-07-14T22:31:06.531+0000] {processor.py:161} INFO - Started process (PID=1133) to work on /home/airflow/.local/lib/python3.12/site-packages/airflow/example_dags/example_setup_teardown.py
[2024-07-14T22:31:06.533+0000] {processor.py:830} INFO - Processing file /home/airflow/.local/lib/python3.12/site-packages/airflow/example_dags/example_setup_teardown.py for tasks to queue
[2024-07-14T22:31:06.535+0000] {logging_mixin.py:188} INFO - [2024-07-14T22:31:06.535+0000] {dagbag.py:545} INFO - Filling up the DagBag from /home/airflow/.local/lib/python3.12/site-packages/airflow/example_dags/example_setup_teardown.py
[2024-07-14T22:31:06.543+0000] {processor.py:840} INFO - DAG(s) 'example_setup_teardown' retrieved from /home/airflow/.local/lib/python3.12/site-packages/airflow/example_dags/example_setup_teardown.py
[2024-07-14T22:31:06.606+0000] {logging_mixin.py:188} INFO - [2024-07-14T22:31:06.606+0000] {dag.py:3096} INFO - Sync 1 DAGs
[2024-07-14T22:31:06.637+0000] {logging_mixin.py:188} INFO - [2024-07-14T22:31:06.636+0000] {dag.py:3954} INFO - Setting next_dagrun for example_setup_teardown to 2024-07-13 00:00:00+00:00, run_after=2024-07-14 00:00:00+00:00
[2024-07-14T22:31:06.670+0000] {processor.py:183} INFO - Processing /home/airflow/.local/lib/python3.12/site-packages/airflow/example_dags/example_setup_teardown.py took 0.149 seconds
[2024-07-14T22:31:37.640+0000] {processor.py:161} INFO - Started process (PID=1192) to work on /home/airflow/.local/lib/python3.12/site-packages/airflow/example_dags/example_setup_teardown.py
[2024-07-14T22:31:37.641+0000] {processor.py:830} INFO - Processing file /home/airflow/.local/lib/python3.12/site-packages/airflow/example_dags/example_setup_teardown.py for tasks to queue
[2024-07-14T22:31:37.642+0000] {logging_mixin.py:188} INFO - [2024-07-14T22:31:37.642+0000] {dagbag.py:545} INFO - Filling up the DagBag from /home/airflow/.local/lib/python3.12/site-packages/airflow/example_dags/example_setup_teardown.py
[2024-07-14T22:31:37.650+0000] {processor.py:840} INFO - DAG(s) 'example_setup_teardown' retrieved from /home/airflow/.local/lib/python3.12/site-packages/airflow/example_dags/example_setup_teardown.py
[2024-07-14T22:31:37.673+0000] {logging_mixin.py:188} INFO - [2024-07-14T22:31:37.672+0000] {dag.py:3096} INFO - Sync 1 DAGs
[2024-07-14T22:31:37.699+0000] {logging_mixin.py:188} INFO - [2024-07-14T22:31:37.698+0000] {dag.py:3954} INFO - Setting next_dagrun for example_setup_teardown to 2024-07-13 00:00:00+00:00, run_after=2024-07-14 00:00:00+00:00
[2024-07-14T22:31:37.722+0000] {processor.py:183} INFO - Processing /home/airflow/.local/lib/python3.12/site-packages/airflow/example_dags/example_setup_teardown.py took 0.088 seconds
[2024-07-14T22:32:08.217+0000] {processor.py:161} INFO - Started process (PID=1251) to work on /home/airflow/.local/lib/python3.12/site-packages/airflow/example_dags/example_setup_teardown.py
[2024-07-14T22:32:08.218+0000] {processor.py:830} INFO - Processing file /home/airflow/.local/lib/python3.12/site-packages/airflow/example_dags/example_setup_teardown.py for tasks to queue
[2024-07-14T22:32:08.220+0000] {logging_mixin.py:188} INFO - [2024-07-14T22:32:08.220+0000] {dagbag.py:545} INFO - Filling up the DagBag from /home/airflow/.local/lib/python3.12/site-packages/airflow/example_dags/example_setup_teardown.py
[2024-07-14T22:32:08.228+0000] {processor.py:840} INFO - DAG(s) 'example_setup_teardown' retrieved from /home/airflow/.local/lib/python3.12/site-packages/airflow/example_dags/example_setup_teardown.py
[2024-07-14T22:32:08.252+0000] {logging_mixin.py:188} INFO - [2024-07-14T22:32:08.252+0000] {dag.py:3096} INFO - Sync 1 DAGs
[2024-07-14T22:32:08.277+0000] {logging_mixin.py:188} INFO - [2024-07-14T22:32:08.277+0000] {dag.py:3954} INFO - Setting next_dagrun for example_setup_teardown to 2024-07-13 00:00:00+00:00, run_after=2024-07-14 00:00:00+00:00
[2024-07-14T22:32:08.301+0000] {processor.py:183} INFO - Processing /home/airflow/.local/lib/python3.12/site-packages/airflow/example_dags/example_setup_teardown.py took 0.090 seconds
[2024-07-14T22:32:38.445+0000] {processor.py:161} INFO - Started process (PID=1310) to work on /home/airflow/.local/lib/python3.12/site-packages/airflow/example_dags/example_setup_teardown.py
[2024-07-14T22:32:38.446+0000] {processor.py:830} INFO - Processing file /home/airflow/.local/lib/python3.12/site-packages/airflow/example_dags/example_setup_teardown.py for tasks to queue
[2024-07-14T22:32:38.447+0000] {logging_mixin.py:188} INFO - [2024-07-14T22:32:38.447+0000] {dagbag.py:545} INFO - Filling up the DagBag from /home/airflow/.local/lib/python3.12/site-packages/airflow/example_dags/example_setup_teardown.py
[2024-07-14T22:32:38.455+0000] {processor.py:840} INFO - DAG(s) 'example_setup_teardown' retrieved from /home/airflow/.local/lib/python3.12/site-packages/airflow/example_dags/example_setup_teardown.py
[2024-07-14T22:32:38.479+0000] {logging_mixin.py:188} INFO - [2024-07-14T22:32:38.478+0000] {dag.py:3096} INFO - Sync 1 DAGs
[2024-07-14T22:32:38.505+0000] {logging_mixin.py:188} INFO - [2024-07-14T22:32:38.505+0000] {dag.py:3954} INFO - Setting next_dagrun for example_setup_teardown to 2024-07-13 00:00:00+00:00, run_after=2024-07-14 00:00:00+00:00
[2024-07-14T22:32:38.531+0000] {processor.py:183} INFO - Processing /home/airflow/.local/lib/python3.12/site-packages/airflow/example_dags/example_setup_teardown.py took 0.093 seconds
[2024-07-14T22:33:09.014+0000] {processor.py:161} INFO - Started process (PID=1369) to work on /home/airflow/.local/lib/python3.12/site-packages/airflow/example_dags/example_setup_teardown.py
[2024-07-14T22:33:09.015+0000] {processor.py:830} INFO - Processing file /home/airflow/.local/lib/python3.12/site-packages/airflow/example_dags/example_setup_teardown.py for tasks to queue
[2024-07-14T22:33:09.017+0000] {logging_mixin.py:188} INFO - [2024-07-14T22:33:09.016+0000] {dagbag.py:545} INFO - Filling up the DagBag from /home/airflow/.local/lib/python3.12/site-packages/airflow/example_dags/example_setup_teardown.py
[2024-07-14T22:33:09.024+0000] {processor.py:840} INFO - DAG(s) 'example_setup_teardown' retrieved from /home/airflow/.local/lib/python3.12/site-packages/airflow/example_dags/example_setup_teardown.py
[2024-07-14T22:33:09.049+0000] {logging_mixin.py:188} INFO - [2024-07-14T22:33:09.049+0000] {dag.py:3096} INFO - Sync 1 DAGs
[2024-07-14T22:33:09.075+0000] {logging_mixin.py:188} INFO - [2024-07-14T22:33:09.074+0000] {dag.py:3954} INFO - Setting next_dagrun for example_setup_teardown to 2024-07-13 00:00:00+00:00, run_after=2024-07-14 00:00:00+00:00
[2024-07-14T22:33:09.099+0000] {processor.py:183} INFO - Processing /home/airflow/.local/lib/python3.12/site-packages/airflow/example_dags/example_setup_teardown.py took 0.092 seconds
[2024-07-14T22:33:39.656+0000] {processor.py:161} INFO - Started process (PID=1428) to work on /home/airflow/.local/lib/python3.12/site-packages/airflow/example_dags/example_setup_teardown.py
[2024-07-14T22:33:39.657+0000] {processor.py:830} INFO - Processing file /home/airflow/.local/lib/python3.12/site-packages/airflow/example_dags/example_setup_teardown.py for tasks to queue
[2024-07-14T22:33:39.658+0000] {logging_mixin.py:188} INFO - [2024-07-14T22:33:39.658+0000] {dagbag.py:545} INFO - Filling up the DagBag from /home/airflow/.local/lib/python3.12/site-packages/airflow/example_dags/example_setup_teardown.py
[2024-07-14T22:33:39.665+0000] {processor.py:840} INFO - DAG(s) 'example_setup_teardown' retrieved from /home/airflow/.local/lib/python3.12/site-packages/airflow/example_dags/example_setup_teardown.py
[2024-07-14T22:33:39.691+0000] {logging_mixin.py:188} INFO - [2024-07-14T22:33:39.690+0000] {dag.py:3096} INFO - Sync 1 DAGs
[2024-07-14T22:33:39.715+0000] {logging_mixin.py:188} INFO - [2024-07-14T22:33:39.715+0000] {dag.py:3954} INFO - Setting next_dagrun for example_setup_teardown to 2024-07-13 00:00:00+00:00, run_after=2024-07-14 00:00:00+00:00
[2024-07-14T22:33:39.740+0000] {processor.py:183} INFO - Processing /home/airflow/.local/lib/python3.12/site-packages/airflow/example_dags/example_setup_teardown.py took 0.090 seconds
[2024-07-14T22:34:10.033+0000] {processor.py:161} INFO - Started process (PID=1487) to work on /home/airflow/.local/lib/python3.12/site-packages/airflow/example_dags/example_setup_teardown.py
[2024-07-14T22:34:10.034+0000] {processor.py:830} INFO - Processing file /home/airflow/.local/lib/python3.12/site-packages/airflow/example_dags/example_setup_teardown.py for tasks to queue
[2024-07-14T22:34:10.035+0000] {logging_mixin.py:188} INFO - [2024-07-14T22:34:10.035+0000] {dagbag.py:545} INFO - Filling up the DagBag from /home/airflow/.local/lib/python3.12/site-packages/airflow/example_dags/example_setup_teardown.py
[2024-07-14T22:34:10.043+0000] {processor.py:840} INFO - DAG(s) 'example_setup_teardown' retrieved from /home/airflow/.local/lib/python3.12/site-packages/airflow/example_dags/example_setup_teardown.py
[2024-07-14T22:34:10.067+0000] {logging_mixin.py:188} INFO - [2024-07-14T22:34:10.066+0000] {dag.py:3096} INFO - Sync 1 DAGs
[2024-07-14T22:34:10.092+0000] {logging_mixin.py:188} INFO - [2024-07-14T22:34:10.092+0000] {dag.py:3954} INFO - Setting next_dagrun for example_setup_teardown to 2024-07-13 00:00:00+00:00, run_after=2024-07-14 00:00:00+00:00
[2024-07-14T22:34:10.117+0000] {processor.py:183} INFO - Processing /home/airflow/.local/lib/python3.12/site-packages/airflow/example_dags/example_setup_teardown.py took 0.090 seconds
[2024-07-14T22:34:40.865+0000] {processor.py:161} INFO - Started process (PID=1546) to work on /home/airflow/.local/lib/python3.12/site-packages/airflow/example_dags/example_setup_teardown.py
[2024-07-14T22:34:40.866+0000] {processor.py:830} INFO - Processing file /home/airflow/.local/lib/python3.12/site-packages/airflow/example_dags/example_setup_teardown.py for tasks to queue
[2024-07-14T22:34:40.867+0000] {logging_mixin.py:188} INFO - [2024-07-14T22:34:40.867+0000] {dagbag.py:545} INFO - Filling up the DagBag from /home/airflow/.local/lib/python3.12/site-packages/airflow/example_dags/example_setup_teardown.py
[2024-07-14T22:34:40.875+0000] {processor.py:840} INFO - DAG(s) 'example_setup_teardown' retrieved from /home/airflow/.local/lib/python3.12/site-packages/airflow/example_dags/example_setup_teardown.py
[2024-07-14T22:34:40.898+0000] {logging_mixin.py:188} INFO - [2024-07-14T22:34:40.898+0000] {dag.py:3096} INFO - Sync 1 DAGs
[2024-07-14T22:34:40.923+0000] {logging_mixin.py:188} INFO - [2024-07-14T22:34:40.923+0000] {dag.py:3954} INFO - Setting next_dagrun for example_setup_teardown to 2024-07-13 00:00:00+00:00, run_after=2024-07-14 00:00:00+00:00
[2024-07-14T22:34:40.946+0000] {processor.py:183} INFO - Processing /home/airflow/.local/lib/python3.12/site-packages/airflow/example_dags/example_setup_teardown.py took 0.087 seconds
[2024-07-14T22:35:11.707+0000] {processor.py:161} INFO - Started process (PID=1605) to work on /home/airflow/.local/lib/python3.12/site-packages/airflow/example_dags/example_setup_teardown.py
[2024-07-14T22:35:11.707+0000] {processor.py:830} INFO - Processing file /home/airflow/.local/lib/python3.12/site-packages/airflow/example_dags/example_setup_teardown.py for tasks to queue
[2024-07-14T22:35:11.709+0000] {logging_mixin.py:188} INFO - [2024-07-14T22:35:11.709+0000] {dagbag.py:545} INFO - Filling up the DagBag from /home/airflow/.local/lib/python3.12/site-packages/airflow/example_dags/example_setup_teardown.py
[2024-07-14T22:35:11.716+0000] {processor.py:840} INFO - DAG(s) 'example_setup_teardown' retrieved from /home/airflow/.local/lib/python3.12/site-packages/airflow/example_dags/example_setup_teardown.py
[2024-07-14T22:35:11.741+0000] {logging_mixin.py:188} INFO - [2024-07-14T22:35:11.740+0000] {dag.py:3096} INFO - Sync 1 DAGs
[2024-07-14T22:35:11.766+0000] {logging_mixin.py:188} INFO - [2024-07-14T22:35:11.766+0000] {dag.py:3954} INFO - Setting next_dagrun for example_setup_teardown to 2024-07-13 00:00:00+00:00, run_after=2024-07-14 00:00:00+00:00
[2024-07-14T22:35:11.794+0000] {processor.py:183} INFO - Processing /home/airflow/.local/lib/python3.12/site-packages/airflow/example_dags/example_setup_teardown.py took 0.094 seconds
[2024-07-14T22:35:42.297+0000] {processor.py:161} INFO - Started process (PID=1664) to work on /home/airflow/.local/lib/python3.12/site-packages/airflow/example_dags/example_setup_teardown.py
[2024-07-14T22:35:42.298+0000] {processor.py:830} INFO - Processing file /home/airflow/.local/lib/python3.12/site-packages/airflow/example_dags/example_setup_teardown.py for tasks to queue
[2024-07-14T22:35:42.300+0000] {logging_mixin.py:188} INFO - [2024-07-14T22:35:42.300+0000] {dagbag.py:545} INFO - Filling up the DagBag from /home/airflow/.local/lib/python3.12/site-packages/airflow/example_dags/example_setup_teardown.py
[2024-07-14T22:35:42.307+0000] {processor.py:840} INFO - DAG(s) 'example_setup_teardown' retrieved from /home/airflow/.local/lib/python3.12/site-packages/airflow/example_dags/example_setup_teardown.py
[2024-07-14T22:35:42.330+0000] {logging_mixin.py:188} INFO - [2024-07-14T22:35:42.330+0000] {dag.py:3096} INFO - Sync 1 DAGs
[2024-07-14T22:35:42.360+0000] {logging_mixin.py:188} INFO - [2024-07-14T22:35:42.360+0000] {dag.py:3954} INFO - Setting next_dagrun for example_setup_teardown to 2024-07-13 00:00:00+00:00, run_after=2024-07-14 00:00:00+00:00
[2024-07-14T22:35:42.619+0000] {processor.py:183} INFO - Processing /home/airflow/.local/lib/python3.12/site-packages/airflow/example_dags/example_setup_teardown.py took 0.334 seconds
[2024-07-14T22:36:12.816+0000] {processor.py:161} INFO - Started process (PID=1724) to work on /home/airflow/.local/lib/python3.12/site-packages/airflow/example_dags/example_setup_teardown.py
[2024-07-14T22:36:12.830+0000] {processor.py:830} INFO - Processing file /home/airflow/.local/lib/python3.12/site-packages/airflow/example_dags/example_setup_teardown.py for tasks to queue
[2024-07-14T22:36:12.831+0000] {logging_mixin.py:188} INFO - [2024-07-14T22:36:12.831+0000] {dagbag.py:545} INFO - Filling up the DagBag from /home/airflow/.local/lib/python3.12/site-packages/airflow/example_dags/example_setup_teardown.py
[2024-07-14T22:36:12.851+0000] {processor.py:840} INFO - DAG(s) 'example_setup_teardown' retrieved from /home/airflow/.local/lib/python3.12/site-packages/airflow/example_dags/example_setup_teardown.py
[2024-07-14T22:36:12.926+0000] {logging_mixin.py:188} INFO - [2024-07-14T22:36:12.926+0000] {dag.py:3096} INFO - Sync 1 DAGs
[2024-07-14T22:36:13.012+0000] {logging_mixin.py:188} INFO - [2024-07-14T22:36:13.012+0000] {dag.py:3954} INFO - Setting next_dagrun for example_setup_teardown to 2024-07-13 00:00:00+00:00, run_after=2024-07-14 00:00:00+00:00
[2024-07-14T22:36:13.076+0000] {processor.py:183} INFO - Processing /home/airflow/.local/lib/python3.12/site-packages/airflow/example_dags/example_setup_teardown.py took 0.266 seconds
[2024-07-14T22:36:43.149+0000] {processor.py:161} INFO - Started process (PID=1783) to work on /home/airflow/.local/lib/python3.12/site-packages/airflow/example_dags/example_setup_teardown.py
[2024-07-14T22:36:43.150+0000] {processor.py:830} INFO - Processing file /home/airflow/.local/lib/python3.12/site-packages/airflow/example_dags/example_setup_teardown.py for tasks to queue
[2024-07-14T22:36:43.151+0000] {logging_mixin.py:188} INFO - [2024-07-14T22:36:43.151+0000] {dagbag.py:545} INFO - Filling up the DagBag from /home/airflow/.local/lib/python3.12/site-packages/airflow/example_dags/example_setup_teardown.py
[2024-07-14T22:36:43.156+0000] {processor.py:840} INFO - DAG(s) 'example_setup_teardown' retrieved from /home/airflow/.local/lib/python3.12/site-packages/airflow/example_dags/example_setup_teardown.py
[2024-07-14T22:36:43.172+0000] {logging_mixin.py:188} INFO - [2024-07-14T22:36:43.172+0000] {dag.py:3096} INFO - Sync 1 DAGs
[2024-07-14T22:36:43.189+0000] {logging_mixin.py:188} INFO - [2024-07-14T22:36:43.189+0000] {dag.py:3954} INFO - Setting next_dagrun for example_setup_teardown to 2024-07-13 00:00:00+00:00, run_after=2024-07-14 00:00:00+00:00
[2024-07-14T22:36:43.209+0000] {processor.py:183} INFO - Processing /home/airflow/.local/lib/python3.12/site-packages/airflow/example_dags/example_setup_teardown.py took 0.065 seconds
[2024-07-14T22:37:13.419+0000] {processor.py:161} INFO - Started process (PID=1842) to work on /home/airflow/.local/lib/python3.12/site-packages/airflow/example_dags/example_setup_teardown.py
[2024-07-14T22:37:13.419+0000] {processor.py:830} INFO - Processing file /home/airflow/.local/lib/python3.12/site-packages/airflow/example_dags/example_setup_teardown.py for tasks to queue
[2024-07-14T22:37:13.421+0000] {logging_mixin.py:188} INFO - [2024-07-14T22:37:13.421+0000] {dagbag.py:545} INFO - Filling up the DagBag from /home/airflow/.local/lib/python3.12/site-packages/airflow/example_dags/example_setup_teardown.py
[2024-07-14T22:37:13.428+0000] {processor.py:840} INFO - DAG(s) 'example_setup_teardown' retrieved from /home/airflow/.local/lib/python3.12/site-packages/airflow/example_dags/example_setup_teardown.py
[2024-07-14T22:37:13.452+0000] {logging_mixin.py:188} INFO - [2024-07-14T22:37:13.452+0000] {dag.py:3096} INFO - Sync 1 DAGs
[2024-07-14T22:37:13.478+0000] {logging_mixin.py:188} INFO - [2024-07-14T22:37:13.478+0000] {dag.py:3954} INFO - Setting next_dagrun for example_setup_teardown to 2024-07-13 00:00:00+00:00, run_after=2024-07-14 00:00:00+00:00
[2024-07-14T22:37:13.503+0000] {processor.py:183} INFO - Processing /home/airflow/.local/lib/python3.12/site-packages/airflow/example_dags/example_setup_teardown.py took 0.090 seconds
[2024-07-14T22:37:44.268+0000] {processor.py:161} INFO - Started process (PID=1901) to work on /home/airflow/.local/lib/python3.12/site-packages/airflow/example_dags/example_setup_teardown.py
[2024-07-14T22:37:44.269+0000] {processor.py:830} INFO - Processing file /home/airflow/.local/lib/python3.12/site-packages/airflow/example_dags/example_setup_teardown.py for tasks to queue
[2024-07-14T22:37:44.271+0000] {logging_mixin.py:188} INFO - [2024-07-14T22:37:44.271+0000] {dagbag.py:545} INFO - Filling up the DagBag from /home/airflow/.local/lib/python3.12/site-packages/airflow/example_dags/example_setup_teardown.py
[2024-07-14T22:37:44.278+0000] {processor.py:840} INFO - DAG(s) 'example_setup_teardown' retrieved from /home/airflow/.local/lib/python3.12/site-packages/airflow/example_dags/example_setup_teardown.py
[2024-07-14T22:37:44.448+0000] {logging_mixin.py:188} INFO - [2024-07-14T22:37:44.448+0000] {dag.py:3096} INFO - Sync 1 DAGs
[2024-07-14T22:37:44.471+0000] {logging_mixin.py:188} INFO - [2024-07-14T22:37:44.471+0000] {dag.py:3954} INFO - Setting next_dagrun for example_setup_teardown to 2024-07-13 00:00:00+00:00, run_after=2024-07-14 00:00:00+00:00
[2024-07-14T22:37:44.494+0000] {processor.py:183} INFO - Processing /home/airflow/.local/lib/python3.12/site-packages/airflow/example_dags/example_setup_teardown.py took 0.232 seconds
[2024-07-14T22:38:15.361+0000] {processor.py:161} INFO - Started process (PID=1960) to work on /home/airflow/.local/lib/python3.12/site-packages/airflow/example_dags/example_setup_teardown.py
[2024-07-14T22:38:15.362+0000] {processor.py:830} INFO - Processing file /home/airflow/.local/lib/python3.12/site-packages/airflow/example_dags/example_setup_teardown.py for tasks to queue
[2024-07-14T22:38:15.363+0000] {logging_mixin.py:188} INFO - [2024-07-14T22:38:15.363+0000] {dagbag.py:545} INFO - Filling up the DagBag from /home/airflow/.local/lib/python3.12/site-packages/airflow/example_dags/example_setup_teardown.py
[2024-07-14T22:38:15.371+0000] {processor.py:840} INFO - DAG(s) 'example_setup_teardown' retrieved from /home/airflow/.local/lib/python3.12/site-packages/airflow/example_dags/example_setup_teardown.py
[2024-07-14T22:38:15.403+0000] {logging_mixin.py:188} INFO - [2024-07-14T22:38:15.403+0000] {dag.py:3096} INFO - Sync 1 DAGs
[2024-07-14T22:38:15.436+0000] {logging_mixin.py:188} INFO - [2024-07-14T22:38:15.436+0000] {dag.py:3954} INFO - Setting next_dagrun for example_setup_teardown to 2024-07-13 00:00:00+00:00, run_after=2024-07-14 00:00:00+00:00
[2024-07-14T22:38:15.459+0000] {processor.py:183} INFO - Processing /home/airflow/.local/lib/python3.12/site-packages/airflow/example_dags/example_setup_teardown.py took 0.104 seconds
[2024-07-14T22:38:45.973+0000] {processor.py:161} INFO - Started process (PID=2019) to work on /home/airflow/.local/lib/python3.12/site-packages/airflow/example_dags/example_setup_teardown.py
[2024-07-14T22:38:45.973+0000] {processor.py:830} INFO - Processing file /home/airflow/.local/lib/python3.12/site-packages/airflow/example_dags/example_setup_teardown.py for tasks to queue
[2024-07-14T22:38:45.975+0000] {logging_mixin.py:188} INFO - [2024-07-14T22:38:45.975+0000] {dagbag.py:545} INFO - Filling up the DagBag from /home/airflow/.local/lib/python3.12/site-packages/airflow/example_dags/example_setup_teardown.py
[2024-07-14T22:38:45.982+0000] {processor.py:840} INFO - DAG(s) 'example_setup_teardown' retrieved from /home/airflow/.local/lib/python3.12/site-packages/airflow/example_dags/example_setup_teardown.py
[2024-07-14T22:38:46.011+0000] {logging_mixin.py:188} INFO - [2024-07-14T22:38:46.011+0000] {dag.py:3096} INFO - Sync 1 DAGs
[2024-07-14T22:38:46.036+0000] {logging_mixin.py:188} INFO - [2024-07-14T22:38:46.036+0000] {dag.py:3954} INFO - Setting next_dagrun for example_setup_teardown to 2024-07-13 00:00:00+00:00, run_after=2024-07-14 00:00:00+00:00
[2024-07-14T22:38:46.059+0000] {processor.py:183} INFO - Processing /home/airflow/.local/lib/python3.12/site-packages/airflow/example_dags/example_setup_teardown.py took 0.092 seconds
[2024-07-14T22:39:16.282+0000] {processor.py:161} INFO - Started process (PID=2078) to work on /home/airflow/.local/lib/python3.12/site-packages/airflow/example_dags/example_setup_teardown.py
[2024-07-14T22:39:16.282+0000] {processor.py:830} INFO - Processing file /home/airflow/.local/lib/python3.12/site-packages/airflow/example_dags/example_setup_teardown.py for tasks to queue
[2024-07-14T22:39:16.284+0000] {logging_mixin.py:188} INFO - [2024-07-14T22:39:16.284+0000] {dagbag.py:545} INFO - Filling up the DagBag from /home/airflow/.local/lib/python3.12/site-packages/airflow/example_dags/example_setup_teardown.py
[2024-07-14T22:39:16.292+0000] {processor.py:840} INFO - DAG(s) 'example_setup_teardown' retrieved from /home/airflow/.local/lib/python3.12/site-packages/airflow/example_dags/example_setup_teardown.py
[2024-07-14T22:39:16.323+0000] {logging_mixin.py:188} INFO - [2024-07-14T22:39:16.321+0000] {dag.py:3096} INFO - Sync 1 DAGs
[2024-07-14T22:39:16.354+0000] {logging_mixin.py:188} INFO - [2024-07-14T22:39:16.354+0000] {dag.py:3954} INFO - Setting next_dagrun for example_setup_teardown to 2024-07-13 00:00:00+00:00, run_after=2024-07-14 00:00:00+00:00
[2024-07-14T22:39:16.408+0000] {processor.py:183} INFO - Processing /home/airflow/.local/lib/python3.12/site-packages/airflow/example_dags/example_setup_teardown.py took 0.133 seconds
