[2024-07-14T22:21:42.535+0000] {processor.py:161} INFO - Started process (PID=33) to work on /home/airflow/.local/lib/python3.12/site-packages/airflow/example_dags/example_python_decorator.py
[2024-07-14T22:21:42.536+0000] {processor.py:830} INFO - Processing file /home/airflow/.local/lib/python3.12/site-packages/airflow/example_dags/example_python_decorator.py for tasks to queue
[2024-07-14T22:21:42.551+0000] {logging_mixin.py:188} INFO - [2024-07-14T22:21:42.537+0000] {dagbag.py:545} INFO - Filling up the DagBag from /home/airflow/.local/lib/python3.12/site-packages/airflow/example_dags/example_python_decorator.py
[2024-07-14T22:21:42.615+0000] {processor.py:840} INFO - DAG(s) 'example_python_decorator' retrieved from /home/airflow/.local/lib/python3.12/site-packages/airflow/example_dags/example_python_decorator.py
[2024-07-14T22:21:43.108+0000] {logging_mixin.py:188} INFO - [2024-07-14T22:21:43.108+0000] {dag.py:3096} INFO - Sync 1 DAGs
[2024-07-14T22:21:43.145+0000] {logging_mixin.py:188} INFO - [2024-07-14T22:21:43.145+0000] {dag.py:3954} INFO - Setting next_dagrun for example_python_decorator to None, run_after=None
[2024-07-14T22:21:43.222+0000] {processor.py:183} INFO - Processing /home/airflow/.local/lib/python3.12/site-packages/airflow/example_dags/example_python_decorator.py took 0.721 seconds
[2024-07-14T22:22:14.020+0000] {processor.py:161} INFO - Started process (PID=92) to work on /home/airflow/.local/lib/python3.12/site-packages/airflow/example_dags/example_python_decorator.py
[2024-07-14T22:22:14.021+0000] {processor.py:830} INFO - Processing file /home/airflow/.local/lib/python3.12/site-packages/airflow/example_dags/example_python_decorator.py for tasks to queue
[2024-07-14T22:22:14.022+0000] {logging_mixin.py:188} INFO - [2024-07-14T22:22:14.022+0000] {dagbag.py:545} INFO - Filling up the DagBag from /home/airflow/.local/lib/python3.12/site-packages/airflow/example_dags/example_python_decorator.py
[2024-07-14T22:22:14.040+0000] {processor.py:840} INFO - DAG(s) 'example_python_decorator' retrieved from /home/airflow/.local/lib/python3.12/site-packages/airflow/example_dags/example_python_decorator.py
[2024-07-14T22:22:14.066+0000] {logging_mixin.py:188} INFO - [2024-07-14T22:22:14.065+0000] {dag.py:3096} INFO - Sync 1 DAGs
[2024-07-14T22:22:14.080+0000] {logging_mixin.py:188} INFO - [2024-07-14T22:22:14.080+0000] {dag.py:3954} INFO - Setting next_dagrun for example_python_decorator to None, run_after=None
[2024-07-14T22:22:14.102+0000] {processor.py:183} INFO - Processing /home/airflow/.local/lib/python3.12/site-packages/airflow/example_dags/example_python_decorator.py took 0.088 seconds
[2024-07-14T22:22:44.244+0000] {processor.py:161} INFO - Started process (PID=151) to work on /home/airflow/.local/lib/python3.12/site-packages/airflow/example_dags/example_python_decorator.py
[2024-07-14T22:22:44.245+0000] {processor.py:830} INFO - Processing file /home/airflow/.local/lib/python3.12/site-packages/airflow/example_dags/example_python_decorator.py for tasks to queue
[2024-07-14T22:22:44.246+0000] {logging_mixin.py:188} INFO - [2024-07-14T22:22:44.246+0000] {dagbag.py:545} INFO - Filling up the DagBag from /home/airflow/.local/lib/python3.12/site-packages/airflow/example_dags/example_python_decorator.py
[2024-07-14T22:22:44.262+0000] {processor.py:840} INFO - DAG(s) 'example_python_decorator' retrieved from /home/airflow/.local/lib/python3.12/site-packages/airflow/example_dags/example_python_decorator.py
[2024-07-14T22:22:44.287+0000] {logging_mixin.py:188} INFO - [2024-07-14T22:22:44.287+0000] {dag.py:3096} INFO - Sync 1 DAGs
[2024-07-14T22:22:44.303+0000] {logging_mixin.py:188} INFO - [2024-07-14T22:22:44.303+0000] {dag.py:3954} INFO - Setting next_dagrun for example_python_decorator to None, run_after=None
[2024-07-14T22:22:44.326+0000] {processor.py:183} INFO - Processing /home/airflow/.local/lib/python3.12/site-packages/airflow/example_dags/example_python_decorator.py took 0.088 seconds
[2024-07-14T22:23:14.874+0000] {processor.py:161} INFO - Started process (PID=210) to work on /home/airflow/.local/lib/python3.12/site-packages/airflow/example_dags/example_python_decorator.py
[2024-07-14T22:23:14.882+0000] {processor.py:830} INFO - Processing file /home/airflow/.local/lib/python3.12/site-packages/airflow/example_dags/example_python_decorator.py for tasks to queue
[2024-07-14T22:23:14.886+0000] {logging_mixin.py:188} INFO - [2024-07-14T22:23:14.886+0000] {dagbag.py:545} INFO - Filling up the DagBag from /home/airflow/.local/lib/python3.12/site-packages/airflow/example_dags/example_python_decorator.py
[2024-07-14T22:23:14.928+0000] {processor.py:840} INFO - DAG(s) 'example_python_decorator' retrieved from /home/airflow/.local/lib/python3.12/site-packages/airflow/example_dags/example_python_decorator.py
[2024-07-14T22:23:15.006+0000] {logging_mixin.py:188} INFO - [2024-07-14T22:23:15.006+0000] {dag.py:3096} INFO - Sync 1 DAGs
[2024-07-14T22:23:15.041+0000] {logging_mixin.py:188} INFO - [2024-07-14T22:23:15.041+0000] {dag.py:3954} INFO - Setting next_dagrun for example_python_decorator to None, run_after=None
[2024-07-14T22:23:15.121+0000] {processor.py:183} INFO - Processing /home/airflow/.local/lib/python3.12/site-packages/airflow/example_dags/example_python_decorator.py took 0.260 seconds
[2024-07-14T22:23:45.160+0000] {processor.py:161} INFO - Started process (PID=269) to work on /home/airflow/.local/lib/python3.12/site-packages/airflow/example_dags/example_python_decorator.py
[2024-07-14T22:23:45.160+0000] {processor.py:830} INFO - Processing file /home/airflow/.local/lib/python3.12/site-packages/airflow/example_dags/example_python_decorator.py for tasks to queue
[2024-07-14T22:23:45.161+0000] {logging_mixin.py:188} INFO - [2024-07-14T22:23:45.161+0000] {dagbag.py:545} INFO - Filling up the DagBag from /home/airflow/.local/lib/python3.12/site-packages/airflow/example_dags/example_python_decorator.py
[2024-07-14T22:23:45.171+0000] {processor.py:840} INFO - DAG(s) 'example_python_decorator' retrieved from /home/airflow/.local/lib/python3.12/site-packages/airflow/example_dags/example_python_decorator.py
[2024-07-14T22:23:45.189+0000] {logging_mixin.py:188} INFO - [2024-07-14T22:23:45.189+0000] {dag.py:3096} INFO - Sync 1 DAGs
[2024-07-14T22:23:45.199+0000] {logging_mixin.py:188} INFO - [2024-07-14T22:23:45.199+0000] {dag.py:3954} INFO - Setting next_dagrun for example_python_decorator to None, run_after=None
[2024-07-14T22:23:45.221+0000] {processor.py:183} INFO - Processing /home/airflow/.local/lib/python3.12/site-packages/airflow/example_dags/example_python_decorator.py took 0.066 seconds
[2024-07-14T22:24:15.648+0000] {processor.py:161} INFO - Started process (PID=328) to work on /home/airflow/.local/lib/python3.12/site-packages/airflow/example_dags/example_python_decorator.py
[2024-07-14T22:24:15.649+0000] {processor.py:830} INFO - Processing file /home/airflow/.local/lib/python3.12/site-packages/airflow/example_dags/example_python_decorator.py for tasks to queue
[2024-07-14T22:24:15.650+0000] {logging_mixin.py:188} INFO - [2024-07-14T22:24:15.650+0000] {dagbag.py:545} INFO - Filling up the DagBag from /home/airflow/.local/lib/python3.12/site-packages/airflow/example_dags/example_python_decorator.py
[2024-07-14T22:24:15.665+0000] {processor.py:840} INFO - DAG(s) 'example_python_decorator' retrieved from /home/airflow/.local/lib/python3.12/site-packages/airflow/example_dags/example_python_decorator.py
[2024-07-14T22:24:15.694+0000] {logging_mixin.py:188} INFO - [2024-07-14T22:24:15.694+0000] {dag.py:3096} INFO - Sync 1 DAGs
[2024-07-14T22:24:15.709+0000] {logging_mixin.py:188} INFO - [2024-07-14T22:24:15.709+0000] {dag.py:3954} INFO - Setting next_dagrun for example_python_decorator to None, run_after=None
[2024-07-14T22:24:15.733+0000] {processor.py:183} INFO - Processing /home/airflow/.local/lib/python3.12/site-packages/airflow/example_dags/example_python_decorator.py took 0.092 seconds
[2024-07-14T22:24:46.088+0000] {processor.py:161} INFO - Started process (PID=386) to work on /home/airflow/.local/lib/python3.12/site-packages/airflow/example_dags/example_python_decorator.py
[2024-07-14T22:24:46.089+0000] {processor.py:830} INFO - Processing file /home/airflow/.local/lib/python3.12/site-packages/airflow/example_dags/example_python_decorator.py for tasks to queue
[2024-07-14T22:24:46.091+0000] {logging_mixin.py:188} INFO - [2024-07-14T22:24:46.090+0000] {dagbag.py:545} INFO - Filling up the DagBag from /home/airflow/.local/lib/python3.12/site-packages/airflow/example_dags/example_python_decorator.py
[2024-07-14T22:24:46.106+0000] {processor.py:840} INFO - DAG(s) 'example_python_decorator' retrieved from /home/airflow/.local/lib/python3.12/site-packages/airflow/example_dags/example_python_decorator.py
[2024-07-14T22:24:46.132+0000] {logging_mixin.py:188} INFO - [2024-07-14T22:24:46.132+0000] {dag.py:3096} INFO - Sync 1 DAGs
[2024-07-14T22:24:46.146+0000] {logging_mixin.py:188} INFO - [2024-07-14T22:24:46.145+0000] {dag.py:3954} INFO - Setting next_dagrun for example_python_decorator to None, run_after=None
[2024-07-14T22:24:46.167+0000] {processor.py:183} INFO - Processing /home/airflow/.local/lib/python3.12/site-packages/airflow/example_dags/example_python_decorator.py took 0.085 seconds
[2024-07-14T22:25:16.776+0000] {processor.py:161} INFO - Started process (PID=444) to work on /home/airflow/.local/lib/python3.12/site-packages/airflow/example_dags/example_python_decorator.py
[2024-07-14T22:25:16.777+0000] {processor.py:830} INFO - Processing file /home/airflow/.local/lib/python3.12/site-packages/airflow/example_dags/example_python_decorator.py for tasks to queue
[2024-07-14T22:25:16.779+0000] {logging_mixin.py:188} INFO - [2024-07-14T22:25:16.779+0000] {dagbag.py:545} INFO - Filling up the DagBag from /home/airflow/.local/lib/python3.12/site-packages/airflow/example_dags/example_python_decorator.py
[2024-07-14T22:25:16.797+0000] {processor.py:840} INFO - DAG(s) 'example_python_decorator' retrieved from /home/airflow/.local/lib/python3.12/site-packages/airflow/example_dags/example_python_decorator.py
[2024-07-14T22:25:16.825+0000] {logging_mixin.py:188} INFO - [2024-07-14T22:25:16.825+0000] {dag.py:3096} INFO - Sync 1 DAGs
[2024-07-14T22:25:16.839+0000] {logging_mixin.py:188} INFO - [2024-07-14T22:25:16.839+0000] {dag.py:3954} INFO - Setting next_dagrun for example_python_decorator to None, run_after=None
[2024-07-14T22:25:16.862+0000] {processor.py:183} INFO - Processing /home/airflow/.local/lib/python3.12/site-packages/airflow/example_dags/example_python_decorator.py took 0.093 seconds
[2024-07-14T22:25:47.228+0000] {processor.py:161} INFO - Started process (PID=503) to work on /home/airflow/.local/lib/python3.12/site-packages/airflow/example_dags/example_python_decorator.py
[2024-07-14T22:25:47.229+0000] {processor.py:830} INFO - Processing file /home/airflow/.local/lib/python3.12/site-packages/airflow/example_dags/example_python_decorator.py for tasks to queue
[2024-07-14T22:25:47.234+0000] {logging_mixin.py:188} INFO - [2024-07-14T22:25:47.234+0000] {dagbag.py:545} INFO - Filling up the DagBag from /home/airflow/.local/lib/python3.12/site-packages/airflow/example_dags/example_python_decorator.py
[2024-07-14T22:25:47.250+0000] {processor.py:840} INFO - DAG(s) 'example_python_decorator' retrieved from /home/airflow/.local/lib/python3.12/site-packages/airflow/example_dags/example_python_decorator.py
[2024-07-14T22:25:47.275+0000] {logging_mixin.py:188} INFO - [2024-07-14T22:25:47.275+0000] {dag.py:3096} INFO - Sync 1 DAGs
[2024-07-14T22:25:47.291+0000] {logging_mixin.py:188} INFO - [2024-07-14T22:25:47.291+0000] {dag.py:3954} INFO - Setting next_dagrun for example_python_decorator to None, run_after=None
[2024-07-14T22:25:47.314+0000] {processor.py:183} INFO - Processing /home/airflow/.local/lib/python3.12/site-packages/airflow/example_dags/example_python_decorator.py took 0.093 seconds
[2024-07-14T22:26:17.545+0000] {processor.py:161} INFO - Started process (PID=562) to work on /home/airflow/.local/lib/python3.12/site-packages/airflow/example_dags/example_python_decorator.py
[2024-07-14T22:26:17.545+0000] {processor.py:830} INFO - Processing file /home/airflow/.local/lib/python3.12/site-packages/airflow/example_dags/example_python_decorator.py for tasks to queue
[2024-07-14T22:26:17.547+0000] {logging_mixin.py:188} INFO - [2024-07-14T22:26:17.547+0000] {dagbag.py:545} INFO - Filling up the DagBag from /home/airflow/.local/lib/python3.12/site-packages/airflow/example_dags/example_python_decorator.py
[2024-07-14T22:26:17.562+0000] {processor.py:840} INFO - DAG(s) 'example_python_decorator' retrieved from /home/airflow/.local/lib/python3.12/site-packages/airflow/example_dags/example_python_decorator.py
[2024-07-14T22:26:17.589+0000] {logging_mixin.py:188} INFO - [2024-07-14T22:26:17.589+0000] {dag.py:3096} INFO - Sync 1 DAGs
[2024-07-14T22:26:17.603+0000] {logging_mixin.py:188} INFO - [2024-07-14T22:26:17.603+0000] {dag.py:3954} INFO - Setting next_dagrun for example_python_decorator to None, run_after=None
[2024-07-14T22:26:17.627+0000] {processor.py:183} INFO - Processing /home/airflow/.local/lib/python3.12/site-packages/airflow/example_dags/example_python_decorator.py took 0.088 seconds
[2024-07-14T22:26:47.747+0000] {processor.py:161} INFO - Started process (PID=621) to work on /home/airflow/.local/lib/python3.12/site-packages/airflow/example_dags/example_python_decorator.py
[2024-07-14T22:26:47.747+0000] {processor.py:830} INFO - Processing file /home/airflow/.local/lib/python3.12/site-packages/airflow/example_dags/example_python_decorator.py for tasks to queue
[2024-07-14T22:26:47.749+0000] {logging_mixin.py:188} INFO - [2024-07-14T22:26:47.749+0000] {dagbag.py:545} INFO - Filling up the DagBag from /home/airflow/.local/lib/python3.12/site-packages/airflow/example_dags/example_python_decorator.py
[2024-07-14T22:26:47.764+0000] {processor.py:840} INFO - DAG(s) 'example_python_decorator' retrieved from /home/airflow/.local/lib/python3.12/site-packages/airflow/example_dags/example_python_decorator.py
[2024-07-14T22:26:47.792+0000] {logging_mixin.py:188} INFO - [2024-07-14T22:26:47.791+0000] {dag.py:3096} INFO - Sync 1 DAGs
[2024-07-14T22:26:47.806+0000] {logging_mixin.py:188} INFO - [2024-07-14T22:26:47.805+0000] {dag.py:3954} INFO - Setting next_dagrun for example_python_decorator to None, run_after=None
[2024-07-14T22:26:47.828+0000] {processor.py:183} INFO - Processing /home/airflow/.local/lib/python3.12/site-packages/airflow/example_dags/example_python_decorator.py took 0.087 seconds
[2024-07-14T22:27:18.197+0000] {processor.py:161} INFO - Started process (PID=680) to work on /home/airflow/.local/lib/python3.12/site-packages/airflow/example_dags/example_python_decorator.py
[2024-07-14T22:27:18.198+0000] {processor.py:830} INFO - Processing file /home/airflow/.local/lib/python3.12/site-packages/airflow/example_dags/example_python_decorator.py for tasks to queue
[2024-07-14T22:27:18.200+0000] {logging_mixin.py:188} INFO - [2024-07-14T22:27:18.199+0000] {dagbag.py:545} INFO - Filling up the DagBag from /home/airflow/.local/lib/python3.12/site-packages/airflow/example_dags/example_python_decorator.py
[2024-07-14T22:27:18.215+0000] {processor.py:840} INFO - DAG(s) 'example_python_decorator' retrieved from /home/airflow/.local/lib/python3.12/site-packages/airflow/example_dags/example_python_decorator.py
[2024-07-14T22:27:18.268+0000] {logging_mixin.py:188} INFO - [2024-07-14T22:27:18.268+0000] {dag.py:3096} INFO - Sync 1 DAGs
[2024-07-14T22:27:18.300+0000] {logging_mixin.py:188} INFO - [2024-07-14T22:27:18.300+0000] {dag.py:3954} INFO - Setting next_dagrun for example_python_decorator to None, run_after=None
[2024-07-14T22:27:18.339+0000] {processor.py:183} INFO - Processing /home/airflow/.local/lib/python3.12/site-packages/airflow/example_dags/example_python_decorator.py took 0.147 seconds
[2024-07-14T22:27:48.542+0000] {processor.py:161} INFO - Started process (PID=739) to work on /home/airflow/.local/lib/python3.12/site-packages/airflow/example_dags/example_python_decorator.py
[2024-07-14T22:27:48.543+0000] {processor.py:830} INFO - Processing file /home/airflow/.local/lib/python3.12/site-packages/airflow/example_dags/example_python_decorator.py for tasks to queue
[2024-07-14T22:27:48.545+0000] {logging_mixin.py:188} INFO - [2024-07-14T22:27:48.545+0000] {dagbag.py:545} INFO - Filling up the DagBag from /home/airflow/.local/lib/python3.12/site-packages/airflow/example_dags/example_python_decorator.py
[2024-07-14T22:27:48.560+0000] {processor.py:840} INFO - DAG(s) 'example_python_decorator' retrieved from /home/airflow/.local/lib/python3.12/site-packages/airflow/example_dags/example_python_decorator.py
[2024-07-14T22:27:48.587+0000] {logging_mixin.py:188} INFO - [2024-07-14T22:27:48.587+0000] {dag.py:3096} INFO - Sync 1 DAGs
[2024-07-14T22:27:48.603+0000] {logging_mixin.py:188} INFO - [2024-07-14T22:27:48.602+0000] {dag.py:3954} INFO - Setting next_dagrun for example_python_decorator to None, run_after=None
[2024-07-14T22:27:48.629+0000] {processor.py:183} INFO - Processing /home/airflow/.local/lib/python3.12/site-packages/airflow/example_dags/example_python_decorator.py took 0.092 seconds
[2024-07-14T22:28:19.151+0000] {processor.py:161} INFO - Started process (PID=800) to work on /home/airflow/.local/lib/python3.12/site-packages/airflow/example_dags/example_python_decorator.py
[2024-07-14T22:28:19.152+0000] {processor.py:830} INFO - Processing file /home/airflow/.local/lib/python3.12/site-packages/airflow/example_dags/example_python_decorator.py for tasks to queue
[2024-07-14T22:28:19.153+0000] {logging_mixin.py:188} INFO - [2024-07-14T22:28:19.153+0000] {dagbag.py:545} INFO - Filling up the DagBag from /home/airflow/.local/lib/python3.12/site-packages/airflow/example_dags/example_python_decorator.py
[2024-07-14T22:28:19.206+0000] {processor.py:840} INFO - DAG(s) 'example_python_decorator' retrieved from /home/airflow/.local/lib/python3.12/site-packages/airflow/example_dags/example_python_decorator.py
[2024-07-14T22:28:19.292+0000] {logging_mixin.py:188} INFO - [2024-07-14T22:28:19.291+0000] {dag.py:3096} INFO - Sync 1 DAGs
[2024-07-14T22:28:19.329+0000] {logging_mixin.py:188} INFO - [2024-07-14T22:28:19.329+0000] {dag.py:3954} INFO - Setting next_dagrun for example_python_decorator to None, run_after=None
[2024-07-14T22:28:19.376+0000] {processor.py:183} INFO - Processing /home/airflow/.local/lib/python3.12/site-packages/airflow/example_dags/example_python_decorator.py took 0.243 seconds
[2024-07-14T22:28:49.525+0000] {processor.py:161} INFO - Started process (PID=859) to work on /home/airflow/.local/lib/python3.12/site-packages/airflow/example_dags/example_python_decorator.py
[2024-07-14T22:28:49.526+0000] {processor.py:830} INFO - Processing file /home/airflow/.local/lib/python3.12/site-packages/airflow/example_dags/example_python_decorator.py for tasks to queue
[2024-07-14T22:28:49.527+0000] {logging_mixin.py:188} INFO - [2024-07-14T22:28:49.527+0000] {dagbag.py:545} INFO - Filling up the DagBag from /home/airflow/.local/lib/python3.12/site-packages/airflow/example_dags/example_python_decorator.py
[2024-07-14T22:28:49.542+0000] {processor.py:840} INFO - DAG(s) 'example_python_decorator' retrieved from /home/airflow/.local/lib/python3.12/site-packages/airflow/example_dags/example_python_decorator.py
[2024-07-14T22:28:49.568+0000] {logging_mixin.py:188} INFO - [2024-07-14T22:28:49.567+0000] {dag.py:3096} INFO - Sync 1 DAGs
[2024-07-14T22:28:49.582+0000] {logging_mixin.py:188} INFO - [2024-07-14T22:28:49.582+0000] {dag.py:3954} INFO - Setting next_dagrun for example_python_decorator to None, run_after=None
[2024-07-14T22:28:49.605+0000] {processor.py:183} INFO - Processing /home/airflow/.local/lib/python3.12/site-packages/airflow/example_dags/example_python_decorator.py took 0.086 seconds
[2024-07-14T22:29:19.937+0000] {processor.py:161} INFO - Started process (PID=917) to work on /home/airflow/.local/lib/python3.12/site-packages/airflow/example_dags/example_python_decorator.py
[2024-07-14T22:29:19.938+0000] {processor.py:830} INFO - Processing file /home/airflow/.local/lib/python3.12/site-packages/airflow/example_dags/example_python_decorator.py for tasks to queue
[2024-07-14T22:29:19.940+0000] {logging_mixin.py:188} INFO - [2024-07-14T22:29:19.940+0000] {dagbag.py:545} INFO - Filling up the DagBag from /home/airflow/.local/lib/python3.12/site-packages/airflow/example_dags/example_python_decorator.py
[2024-07-14T22:29:19.955+0000] {processor.py:840} INFO - DAG(s) 'example_python_decorator' retrieved from /home/airflow/.local/lib/python3.12/site-packages/airflow/example_dags/example_python_decorator.py
[2024-07-14T22:29:19.981+0000] {logging_mixin.py:188} INFO - [2024-07-14T22:29:19.981+0000] {dag.py:3096} INFO - Sync 1 DAGs
[2024-07-14T22:29:19.997+0000] {logging_mixin.py:188} INFO - [2024-07-14T22:29:19.996+0000] {dag.py:3954} INFO - Setting next_dagrun for example_python_decorator to None, run_after=None
[2024-07-14T22:29:20.021+0000] {processor.py:183} INFO - Processing /home/airflow/.local/lib/python3.12/site-packages/airflow/example_dags/example_python_decorator.py took 0.089 seconds
[2024-07-14T22:29:50.432+0000] {processor.py:161} INFO - Started process (PID=976) to work on /home/airflow/.local/lib/python3.12/site-packages/airflow/example_dags/example_python_decorator.py
[2024-07-14T22:29:50.433+0000] {processor.py:830} INFO - Processing file /home/airflow/.local/lib/python3.12/site-packages/airflow/example_dags/example_python_decorator.py for tasks to queue
[2024-07-14T22:29:50.435+0000] {logging_mixin.py:188} INFO - [2024-07-14T22:29:50.435+0000] {dagbag.py:545} INFO - Filling up the DagBag from /home/airflow/.local/lib/python3.12/site-packages/airflow/example_dags/example_python_decorator.py
[2024-07-14T22:29:50.450+0000] {processor.py:840} INFO - DAG(s) 'example_python_decorator' retrieved from /home/airflow/.local/lib/python3.12/site-packages/airflow/example_dags/example_python_decorator.py
[2024-07-14T22:29:50.477+0000] {logging_mixin.py:188} INFO - [2024-07-14T22:29:50.476+0000] {dag.py:3096} INFO - Sync 1 DAGs
[2024-07-14T22:29:50.491+0000] {logging_mixin.py:188} INFO - [2024-07-14T22:29:50.491+0000] {dag.py:3954} INFO - Setting next_dagrun for example_python_decorator to None, run_after=None
[2024-07-14T22:29:50.514+0000] {processor.py:183} INFO - Processing /home/airflow/.local/lib/python3.12/site-packages/airflow/example_dags/example_python_decorator.py took 0.088 seconds
[2024-07-14T22:30:21.016+0000] {processor.py:161} INFO - Started process (PID=1036) to work on /home/airflow/.local/lib/python3.12/site-packages/airflow/example_dags/example_python_decorator.py
[2024-07-14T22:30:21.017+0000] {processor.py:830} INFO - Processing file /home/airflow/.local/lib/python3.12/site-packages/airflow/example_dags/example_python_decorator.py for tasks to queue
[2024-07-14T22:30:21.019+0000] {logging_mixin.py:188} INFO - [2024-07-14T22:30:21.018+0000] {dagbag.py:545} INFO - Filling up the DagBag from /home/airflow/.local/lib/python3.12/site-packages/airflow/example_dags/example_python_decorator.py
[2024-07-14T22:30:21.033+0000] {processor.py:840} INFO - DAG(s) 'example_python_decorator' retrieved from /home/airflow/.local/lib/python3.12/site-packages/airflow/example_dags/example_python_decorator.py
[2024-07-14T22:30:21.060+0000] {logging_mixin.py:188} INFO - [2024-07-14T22:30:21.060+0000] {dag.py:3096} INFO - Sync 1 DAGs
[2024-07-14T22:30:21.074+0000] {logging_mixin.py:188} INFO - [2024-07-14T22:30:21.074+0000] {dag.py:3954} INFO - Setting next_dagrun for example_python_decorator to None, run_after=None
[2024-07-14T22:30:21.097+0000] {processor.py:183} INFO - Processing /home/airflow/.local/lib/python3.12/site-packages/airflow/example_dags/example_python_decorator.py took 0.087 seconds
[2024-07-14T22:30:51.370+0000] {processor.py:161} INFO - Started process (PID=1095) to work on /home/airflow/.local/lib/python3.12/site-packages/airflow/example_dags/example_python_decorator.py
[2024-07-14T22:30:51.370+0000] {processor.py:830} INFO - Processing file /home/airflow/.local/lib/python3.12/site-packages/airflow/example_dags/example_python_decorator.py for tasks to queue
[2024-07-14T22:30:51.372+0000] {logging_mixin.py:188} INFO - [2024-07-14T22:30:51.372+0000] {dagbag.py:545} INFO - Filling up the DagBag from /home/airflow/.local/lib/python3.12/site-packages/airflow/example_dags/example_python_decorator.py
[2024-07-14T22:30:51.387+0000] {processor.py:840} INFO - DAG(s) 'example_python_decorator' retrieved from /home/airflow/.local/lib/python3.12/site-packages/airflow/example_dags/example_python_decorator.py
[2024-07-14T22:30:51.413+0000] {logging_mixin.py:188} INFO - [2024-07-14T22:30:51.413+0000] {dag.py:3096} INFO - Sync 1 DAGs
[2024-07-14T22:30:51.441+0000] {logging_mixin.py:188} INFO - [2024-07-14T22:30:51.441+0000] {dag.py:3954} INFO - Setting next_dagrun for example_python_decorator to None, run_after=None
[2024-07-14T22:30:51.469+0000] {processor.py:183} INFO - Processing /home/airflow/.local/lib/python3.12/site-packages/airflow/example_dags/example_python_decorator.py took 0.106 seconds
[2024-07-14T22:31:21.828+0000] {processor.py:161} INFO - Started process (PID=1154) to work on /home/airflow/.local/lib/python3.12/site-packages/airflow/example_dags/example_python_decorator.py
[2024-07-14T22:31:21.829+0000] {processor.py:830} INFO - Processing file /home/airflow/.local/lib/python3.12/site-packages/airflow/example_dags/example_python_decorator.py for tasks to queue
[2024-07-14T22:31:21.831+0000] {logging_mixin.py:188} INFO - [2024-07-14T22:31:21.830+0000] {dagbag.py:545} INFO - Filling up the DagBag from /home/airflow/.local/lib/python3.12/site-packages/airflow/example_dags/example_python_decorator.py
[2024-07-14T22:31:21.845+0000] {processor.py:840} INFO - DAG(s) 'example_python_decorator' retrieved from /home/airflow/.local/lib/python3.12/site-packages/airflow/example_dags/example_python_decorator.py
[2024-07-14T22:31:21.872+0000] {logging_mixin.py:188} INFO - [2024-07-14T22:31:21.871+0000] {dag.py:3096} INFO - Sync 1 DAGs
[2024-07-14T22:31:21.886+0000] {logging_mixin.py:188} INFO - [2024-07-14T22:31:21.886+0000] {dag.py:3954} INFO - Setting next_dagrun for example_python_decorator to None, run_after=None
[2024-07-14T22:31:21.908+0000] {processor.py:183} INFO - Processing /home/airflow/.local/lib/python3.12/site-packages/airflow/example_dags/example_python_decorator.py took 0.086 seconds
[2024-07-14T22:31:52.365+0000] {processor.py:161} INFO - Started process (PID=1213) to work on /home/airflow/.local/lib/python3.12/site-packages/airflow/example_dags/example_python_decorator.py
[2024-07-14T22:31:52.366+0000] {processor.py:830} INFO - Processing file /home/airflow/.local/lib/python3.12/site-packages/airflow/example_dags/example_python_decorator.py for tasks to queue
[2024-07-14T22:31:52.368+0000] {logging_mixin.py:188} INFO - [2024-07-14T22:31:52.367+0000] {dagbag.py:545} INFO - Filling up the DagBag from /home/airflow/.local/lib/python3.12/site-packages/airflow/example_dags/example_python_decorator.py
[2024-07-14T22:31:52.384+0000] {processor.py:840} INFO - DAG(s) 'example_python_decorator' retrieved from /home/airflow/.local/lib/python3.12/site-packages/airflow/example_dags/example_python_decorator.py
[2024-07-14T22:31:52.412+0000] {logging_mixin.py:188} INFO - [2024-07-14T22:31:52.412+0000] {dag.py:3096} INFO - Sync 1 DAGs
[2024-07-14T22:31:52.426+0000] {logging_mixin.py:188} INFO - [2024-07-14T22:31:52.426+0000] {dag.py:3954} INFO - Setting next_dagrun for example_python_decorator to None, run_after=None
[2024-07-14T22:31:52.448+0000] {processor.py:183} INFO - Processing /home/airflow/.local/lib/python3.12/site-packages/airflow/example_dags/example_python_decorator.py took 0.089 seconds
[2024-07-14T22:32:22.592+0000] {processor.py:161} INFO - Started process (PID=1272) to work on /home/airflow/.local/lib/python3.12/site-packages/airflow/example_dags/example_python_decorator.py
[2024-07-14T22:32:22.593+0000] {processor.py:830} INFO - Processing file /home/airflow/.local/lib/python3.12/site-packages/airflow/example_dags/example_python_decorator.py for tasks to queue
[2024-07-14T22:32:22.596+0000] {logging_mixin.py:188} INFO - [2024-07-14T22:32:22.596+0000] {dagbag.py:545} INFO - Filling up the DagBag from /home/airflow/.local/lib/python3.12/site-packages/airflow/example_dags/example_python_decorator.py
[2024-07-14T22:32:22.616+0000] {processor.py:840} INFO - DAG(s) 'example_python_decorator' retrieved from /home/airflow/.local/lib/python3.12/site-packages/airflow/example_dags/example_python_decorator.py
[2024-07-14T22:32:22.640+0000] {logging_mixin.py:188} INFO - [2024-07-14T22:32:22.639+0000] {dag.py:3096} INFO - Sync 1 DAGs
[2024-07-14T22:32:22.655+0000] {logging_mixin.py:188} INFO - [2024-07-14T22:32:22.654+0000] {dag.py:3954} INFO - Setting next_dagrun for example_python_decorator to None, run_after=None
[2024-07-14T22:32:22.678+0000] {processor.py:183} INFO - Processing /home/airflow/.local/lib/python3.12/site-packages/airflow/example_dags/example_python_decorator.py took 0.092 seconds
[2024-07-14T22:32:52.893+0000] {processor.py:161} INFO - Started process (PID=1331) to work on /home/airflow/.local/lib/python3.12/site-packages/airflow/example_dags/example_python_decorator.py
[2024-07-14T22:32:52.895+0000] {processor.py:830} INFO - Processing file /home/airflow/.local/lib/python3.12/site-packages/airflow/example_dags/example_python_decorator.py for tasks to queue
[2024-07-14T22:32:52.897+0000] {logging_mixin.py:188} INFO - [2024-07-14T22:32:52.897+0000] {dagbag.py:545} INFO - Filling up the DagBag from /home/airflow/.local/lib/python3.12/site-packages/airflow/example_dags/example_python_decorator.py
[2024-07-14T22:32:52.939+0000] {processor.py:840} INFO - DAG(s) 'example_python_decorator' retrieved from /home/airflow/.local/lib/python3.12/site-packages/airflow/example_dags/example_python_decorator.py
[2024-07-14T22:32:53.010+0000] {logging_mixin.py:188} INFO - [2024-07-14T22:32:53.010+0000] {dag.py:3096} INFO - Sync 1 DAGs
[2024-07-14T22:32:53.044+0000] {logging_mixin.py:188} INFO - [2024-07-14T22:32:53.043+0000] {dag.py:3954} INFO - Setting next_dagrun for example_python_decorator to None, run_after=None
[2024-07-14T22:32:53.113+0000] {processor.py:183} INFO - Processing /home/airflow/.local/lib/python3.12/site-packages/airflow/example_dags/example_python_decorator.py took 0.230 seconds
[2024-07-14T22:33:23.386+0000] {processor.py:161} INFO - Started process (PID=1388) to work on /home/airflow/.local/lib/python3.12/site-packages/airflow/example_dags/example_python_decorator.py
[2024-07-14T22:33:23.394+0000] {processor.py:830} INFO - Processing file /home/airflow/.local/lib/python3.12/site-packages/airflow/example_dags/example_python_decorator.py for tasks to queue
[2024-07-14T22:33:23.396+0000] {logging_mixin.py:188} INFO - [2024-07-14T22:33:23.395+0000] {dagbag.py:545} INFO - Filling up the DagBag from /home/airflow/.local/lib/python3.12/site-packages/airflow/example_dags/example_python_decorator.py
[2024-07-14T22:33:23.448+0000] {processor.py:840} INFO - DAG(s) 'example_python_decorator' retrieved from /home/airflow/.local/lib/python3.12/site-packages/airflow/example_dags/example_python_decorator.py
[2024-07-14T22:33:23.558+0000] {logging_mixin.py:188} INFO - [2024-07-14T22:33:23.558+0000] {dag.py:3096} INFO - Sync 1 DAGs
[2024-07-14T22:33:23.622+0000] {logging_mixin.py:188} INFO - [2024-07-14T22:33:23.608+0000] {dag.py:3954} INFO - Setting next_dagrun for example_python_decorator to None, run_after=None
[2024-07-14T22:33:23.770+0000] {processor.py:183} INFO - Processing /home/airflow/.local/lib/python3.12/site-packages/airflow/example_dags/example_python_decorator.py took 0.398 seconds
[2024-07-14T22:33:54.651+0000] {processor.py:161} INFO - Started process (PID=1447) to work on /home/airflow/.local/lib/python3.12/site-packages/airflow/example_dags/example_python_decorator.py
[2024-07-14T22:33:54.654+0000] {processor.py:830} INFO - Processing file /home/airflow/.local/lib/python3.12/site-packages/airflow/example_dags/example_python_decorator.py for tasks to queue
[2024-07-14T22:33:54.660+0000] {logging_mixin.py:188} INFO - [2024-07-14T22:33:54.659+0000] {dagbag.py:545} INFO - Filling up the DagBag from /home/airflow/.local/lib/python3.12/site-packages/airflow/example_dags/example_python_decorator.py
[2024-07-14T22:33:54.689+0000] {processor.py:840} INFO - DAG(s) 'example_python_decorator' retrieved from /home/airflow/.local/lib/python3.12/site-packages/airflow/example_dags/example_python_decorator.py
[2024-07-14T22:33:54.742+0000] {logging_mixin.py:188} INFO - [2024-07-14T22:33:54.741+0000] {dag.py:3096} INFO - Sync 1 DAGs
[2024-07-14T22:33:54.766+0000] {logging_mixin.py:188} INFO - [2024-07-14T22:33:54.766+0000] {dag.py:3954} INFO - Setting next_dagrun for example_python_decorator to None, run_after=None
[2024-07-14T22:33:54.810+0000] {processor.py:183} INFO - Processing /home/airflow/.local/lib/python3.12/site-packages/airflow/example_dags/example_python_decorator.py took 0.177 seconds
[2024-07-14T22:34:24.940+0000] {processor.py:161} INFO - Started process (PID=1506) to work on /home/airflow/.local/lib/python3.12/site-packages/airflow/example_dags/example_python_decorator.py
[2024-07-14T22:34:24.941+0000] {processor.py:830} INFO - Processing file /home/airflow/.local/lib/python3.12/site-packages/airflow/example_dags/example_python_decorator.py for tasks to queue
[2024-07-14T22:34:24.942+0000] {logging_mixin.py:188} INFO - [2024-07-14T22:34:24.942+0000] {dagbag.py:545} INFO - Filling up the DagBag from /home/airflow/.local/lib/python3.12/site-packages/airflow/example_dags/example_python_decorator.py
[2024-07-14T22:34:24.958+0000] {processor.py:840} INFO - DAG(s) 'example_python_decorator' retrieved from /home/airflow/.local/lib/python3.12/site-packages/airflow/example_dags/example_python_decorator.py
[2024-07-14T22:34:24.984+0000] {logging_mixin.py:188} INFO - [2024-07-14T22:34:24.984+0000] {dag.py:3096} INFO - Sync 1 DAGs
[2024-07-14T22:34:24.999+0000] {logging_mixin.py:188} INFO - [2024-07-14T22:34:24.999+0000] {dag.py:3954} INFO - Setting next_dagrun for example_python_decorator to None, run_after=None
[2024-07-14T22:34:25.048+0000] {processor.py:183} INFO - Processing /home/airflow/.local/lib/python3.12/site-packages/airflow/example_dags/example_python_decorator.py took 0.115 seconds
[2024-07-14T22:34:55.778+0000] {processor.py:161} INFO - Started process (PID=1565) to work on /home/airflow/.local/lib/python3.12/site-packages/airflow/example_dags/example_python_decorator.py
[2024-07-14T22:34:55.779+0000] {processor.py:830} INFO - Processing file /home/airflow/.local/lib/python3.12/site-packages/airflow/example_dags/example_python_decorator.py for tasks to queue
[2024-07-14T22:34:55.781+0000] {logging_mixin.py:188} INFO - [2024-07-14T22:34:55.780+0000] {dagbag.py:545} INFO - Filling up the DagBag from /home/airflow/.local/lib/python3.12/site-packages/airflow/example_dags/example_python_decorator.py
[2024-07-14T22:34:55.796+0000] {processor.py:840} INFO - DAG(s) 'example_python_decorator' retrieved from /home/airflow/.local/lib/python3.12/site-packages/airflow/example_dags/example_python_decorator.py
[2024-07-14T22:34:55.823+0000] {logging_mixin.py:188} INFO - [2024-07-14T22:34:55.823+0000] {dag.py:3096} INFO - Sync 1 DAGs
[2024-07-14T22:34:55.837+0000] {logging_mixin.py:188} INFO - [2024-07-14T22:34:55.837+0000] {dag.py:3954} INFO - Setting next_dagrun for example_python_decorator to None, run_after=None
[2024-07-14T22:34:55.860+0000] {processor.py:183} INFO - Processing /home/airflow/.local/lib/python3.12/site-packages/airflow/example_dags/example_python_decorator.py took 0.088 seconds
[2024-07-14T22:35:25.958+0000] {processor.py:161} INFO - Started process (PID=1624) to work on /home/airflow/.local/lib/python3.12/site-packages/airflow/example_dags/example_python_decorator.py
[2024-07-14T22:35:25.959+0000] {processor.py:830} INFO - Processing file /home/airflow/.local/lib/python3.12/site-packages/airflow/example_dags/example_python_decorator.py for tasks to queue
[2024-07-14T22:35:25.961+0000] {logging_mixin.py:188} INFO - [2024-07-14T22:35:25.960+0000] {dagbag.py:545} INFO - Filling up the DagBag from /home/airflow/.local/lib/python3.12/site-packages/airflow/example_dags/example_python_decorator.py
[2024-07-14T22:35:25.997+0000] {processor.py:840} INFO - DAG(s) 'example_python_decorator' retrieved from /home/airflow/.local/lib/python3.12/site-packages/airflow/example_dags/example_python_decorator.py
[2024-07-14T22:35:26.062+0000] {logging_mixin.py:188} INFO - [2024-07-14T22:35:26.062+0000] {dag.py:3096} INFO - Sync 1 DAGs
[2024-07-14T22:35:26.074+0000] {logging_mixin.py:188} INFO - [2024-07-14T22:35:26.074+0000] {dag.py:3954} INFO - Setting next_dagrun for example_python_decorator to None, run_after=None
[2024-07-14T22:35:26.102+0000] {processor.py:183} INFO - Processing /home/airflow/.local/lib/python3.12/site-packages/airflow/example_dags/example_python_decorator.py took 0.156 seconds
[2024-07-14T22:35:56.496+0000] {processor.py:161} INFO - Started process (PID=1690) to work on /home/airflow/.local/lib/python3.12/site-packages/airflow/example_dags/example_python_decorator.py
[2024-07-14T22:35:56.498+0000] {processor.py:830} INFO - Processing file /home/airflow/.local/lib/python3.12/site-packages/airflow/example_dags/example_python_decorator.py for tasks to queue
[2024-07-14T22:35:56.505+0000] {logging_mixin.py:188} INFO - [2024-07-14T22:35:56.505+0000] {dagbag.py:545} INFO - Filling up the DagBag from /home/airflow/.local/lib/python3.12/site-packages/airflow/example_dags/example_python_decorator.py
[2024-07-14T22:35:56.578+0000] {processor.py:840} INFO - DAG(s) 'example_python_decorator' retrieved from /home/airflow/.local/lib/python3.12/site-packages/airflow/example_dags/example_python_decorator.py
[2024-07-14T22:35:56.614+0000] {logging_mixin.py:188} INFO - [2024-07-14T22:35:56.613+0000] {dag.py:3096} INFO - Sync 1 DAGs
[2024-07-14T22:35:56.630+0000] {logging_mixin.py:188} INFO - [2024-07-14T22:35:56.630+0000] {dag.py:3954} INFO - Setting next_dagrun for example_python_decorator to None, run_after=None
[2024-07-14T22:35:56.663+0000] {processor.py:183} INFO - Processing /home/airflow/.local/lib/python3.12/site-packages/airflow/example_dags/example_python_decorator.py took 0.188 seconds
[2024-07-14T22:36:27.683+0000] {processor.py:161} INFO - Started process (PID=1749) to work on /home/airflow/.local/lib/python3.12/site-packages/airflow/example_dags/example_python_decorator.py
[2024-07-14T22:36:27.684+0000] {processor.py:830} INFO - Processing file /home/airflow/.local/lib/python3.12/site-packages/airflow/example_dags/example_python_decorator.py for tasks to queue
[2024-07-14T22:36:27.687+0000] {logging_mixin.py:188} INFO - [2024-07-14T22:36:27.686+0000] {dagbag.py:545} INFO - Filling up the DagBag from /home/airflow/.local/lib/python3.12/site-packages/airflow/example_dags/example_python_decorator.py
[2024-07-14T22:36:27.701+0000] {processor.py:840} INFO - DAG(s) 'example_python_decorator' retrieved from /home/airflow/.local/lib/python3.12/site-packages/airflow/example_dags/example_python_decorator.py
[2024-07-14T22:36:27.743+0000] {logging_mixin.py:188} INFO - [2024-07-14T22:36:27.743+0000] {dag.py:3096} INFO - Sync 1 DAGs
[2024-07-14T22:36:27.759+0000] {logging_mixin.py:188} INFO - [2024-07-14T22:36:27.759+0000] {dag.py:3954} INFO - Setting next_dagrun for example_python_decorator to None, run_after=None
[2024-07-14T22:36:27.779+0000] {processor.py:183} INFO - Processing /home/airflow/.local/lib/python3.12/site-packages/airflow/example_dags/example_python_decorator.py took 0.102 seconds
[2024-07-14T22:36:58.450+0000] {processor.py:161} INFO - Started process (PID=1808) to work on /home/airflow/.local/lib/python3.12/site-packages/airflow/example_dags/example_python_decorator.py
[2024-07-14T22:36:58.451+0000] {processor.py:830} INFO - Processing file /home/airflow/.local/lib/python3.12/site-packages/airflow/example_dags/example_python_decorator.py for tasks to queue
[2024-07-14T22:36:58.454+0000] {logging_mixin.py:188} INFO - [2024-07-14T22:36:58.454+0000] {dagbag.py:545} INFO - Filling up the DagBag from /home/airflow/.local/lib/python3.12/site-packages/airflow/example_dags/example_python_decorator.py
[2024-07-14T22:36:58.469+0000] {processor.py:840} INFO - DAG(s) 'example_python_decorator' retrieved from /home/airflow/.local/lib/python3.12/site-packages/airflow/example_dags/example_python_decorator.py
[2024-07-14T22:36:58.498+0000] {logging_mixin.py:188} INFO - [2024-07-14T22:36:58.498+0000] {dag.py:3096} INFO - Sync 1 DAGs
[2024-07-14T22:36:58.659+0000] {logging_mixin.py:188} INFO - [2024-07-14T22:36:58.659+0000] {dag.py:3954} INFO - Setting next_dagrun for example_python_decorator to None, run_after=None
[2024-07-14T22:36:58.680+0000] {processor.py:183} INFO - Processing /home/airflow/.local/lib/python3.12/site-packages/airflow/example_dags/example_python_decorator.py took 0.236 seconds
[2024-07-14T22:37:28.904+0000] {processor.py:161} INFO - Started process (PID=1867) to work on /home/airflow/.local/lib/python3.12/site-packages/airflow/example_dags/example_python_decorator.py
[2024-07-14T22:37:28.905+0000] {processor.py:830} INFO - Processing file /home/airflow/.local/lib/python3.12/site-packages/airflow/example_dags/example_python_decorator.py for tasks to queue
[2024-07-14T22:37:28.906+0000] {logging_mixin.py:188} INFO - [2024-07-14T22:37:28.906+0000] {dagbag.py:545} INFO - Filling up the DagBag from /home/airflow/.local/lib/python3.12/site-packages/airflow/example_dags/example_python_decorator.py
[2024-07-14T22:37:28.921+0000] {processor.py:840} INFO - DAG(s) 'example_python_decorator' retrieved from /home/airflow/.local/lib/python3.12/site-packages/airflow/example_dags/example_python_decorator.py
[2024-07-14T22:37:28.948+0000] {logging_mixin.py:188} INFO - [2024-07-14T22:37:28.948+0000] {dag.py:3096} INFO - Sync 1 DAGs
[2024-07-14T22:37:28.962+0000] {logging_mixin.py:188} INFO - [2024-07-14T22:37:28.962+0000] {dag.py:3954} INFO - Setting next_dagrun for example_python_decorator to None, run_after=None
[2024-07-14T22:37:28.988+0000] {processor.py:183} INFO - Processing /home/airflow/.local/lib/python3.12/site-packages/airflow/example_dags/example_python_decorator.py took 0.090 seconds
[2024-07-14T22:37:59.131+0000] {processor.py:161} INFO - Started process (PID=1926) to work on /home/airflow/.local/lib/python3.12/site-packages/airflow/example_dags/example_python_decorator.py
[2024-07-14T22:37:59.132+0000] {processor.py:830} INFO - Processing file /home/airflow/.local/lib/python3.12/site-packages/airflow/example_dags/example_python_decorator.py for tasks to queue
[2024-07-14T22:37:59.133+0000] {logging_mixin.py:188} INFO - [2024-07-14T22:37:59.133+0000] {dagbag.py:545} INFO - Filling up the DagBag from /home/airflow/.local/lib/python3.12/site-packages/airflow/example_dags/example_python_decorator.py
[2024-07-14T22:37:59.147+0000] {processor.py:840} INFO - DAG(s) 'example_python_decorator' retrieved from /home/airflow/.local/lib/python3.12/site-packages/airflow/example_dags/example_python_decorator.py
[2024-07-14T22:37:59.165+0000] {logging_mixin.py:188} INFO - [2024-07-14T22:37:59.165+0000] {dag.py:3096} INFO - Sync 1 DAGs
[2024-07-14T22:37:59.175+0000] {logging_mixin.py:188} INFO - [2024-07-14T22:37:59.175+0000] {dag.py:3954} INFO - Setting next_dagrun for example_python_decorator to None, run_after=None
[2024-07-14T22:37:59.194+0000] {processor.py:183} INFO - Processing /home/airflow/.local/lib/python3.12/site-packages/airflow/example_dags/example_python_decorator.py took 0.067 seconds
[2024-07-14T22:38:29.721+0000] {processor.py:161} INFO - Started process (PID=1985) to work on /home/airflow/.local/lib/python3.12/site-packages/airflow/example_dags/example_python_decorator.py
[2024-07-14T22:38:29.733+0000] {processor.py:830} INFO - Processing file /home/airflow/.local/lib/python3.12/site-packages/airflow/example_dags/example_python_decorator.py for tasks to queue
[2024-07-14T22:38:29.735+0000] {logging_mixin.py:188} INFO - [2024-07-14T22:38:29.734+0000] {dagbag.py:545} INFO - Filling up the DagBag from /home/airflow/.local/lib/python3.12/site-packages/airflow/example_dags/example_python_decorator.py
[2024-07-14T22:38:29.757+0000] {processor.py:840} INFO - DAG(s) 'example_python_decorator' retrieved from /home/airflow/.local/lib/python3.12/site-packages/airflow/example_dags/example_python_decorator.py
[2024-07-14T22:38:29.799+0000] {logging_mixin.py:188} INFO - [2024-07-14T22:38:29.799+0000] {dag.py:3096} INFO - Sync 1 DAGs
[2024-07-14T22:38:29.842+0000] {logging_mixin.py:188} INFO - [2024-07-14T22:38:29.837+0000] {dag.py:3954} INFO - Setting next_dagrun for example_python_decorator to None, run_after=None
[2024-07-14T22:38:29.909+0000] {processor.py:183} INFO - Processing /home/airflow/.local/lib/python3.12/site-packages/airflow/example_dags/example_python_decorator.py took 0.197 seconds
[2024-07-14T22:39:00.043+0000] {processor.py:161} INFO - Started process (PID=2044) to work on /home/airflow/.local/lib/python3.12/site-packages/airflow/example_dags/example_python_decorator.py
[2024-07-14T22:39:00.044+0000] {processor.py:830} INFO - Processing file /home/airflow/.local/lib/python3.12/site-packages/airflow/example_dags/example_python_decorator.py for tasks to queue
[2024-07-14T22:39:00.049+0000] {logging_mixin.py:188} INFO - [2024-07-14T22:39:00.048+0000] {dagbag.py:545} INFO - Filling up the DagBag from /home/airflow/.local/lib/python3.12/site-packages/airflow/example_dags/example_python_decorator.py
[2024-07-14T22:39:00.125+0000] {processor.py:840} INFO - DAG(s) 'example_python_decorator' retrieved from /home/airflow/.local/lib/python3.12/site-packages/airflow/example_dags/example_python_decorator.py
[2024-07-14T22:39:00.266+0000] {logging_mixin.py:188} INFO - [2024-07-14T22:39:00.265+0000] {dag.py:3096} INFO - Sync 1 DAGs
[2024-07-14T22:39:00.297+0000] {logging_mixin.py:188} INFO - [2024-07-14T22:39:00.296+0000] {dag.py:3954} INFO - Setting next_dagrun for example_python_decorator to None, run_after=None
[2024-07-14T22:39:00.368+0000] {processor.py:183} INFO - Processing /home/airflow/.local/lib/python3.12/site-packages/airflow/example_dags/example_python_decorator.py took 0.341 seconds
