[2024-07-14T22:21:52.645+0000] {processor.py:161} INFO - Started process (PID=60) to work on /home/airflow/.local/lib/python3.12/site-packages/airflow/example_dags/example_branch_labels.py
[2024-07-14T22:21:52.646+0000] {processor.py:830} INFO - Processing file /home/airflow/.local/lib/python3.12/site-packages/airflow/example_dags/example_branch_labels.py for tasks to queue
[2024-07-14T22:21:52.648+0000] {logging_mixin.py:188} INFO - [2024-07-14T22:21:52.647+0000] {dagbag.py:545} INFO - Filling up the DagBag from /home/airflow/.local/lib/python3.12/site-packages/airflow/example_dags/example_branch_labels.py
[2024-07-14T22:21:52.678+0000] {processor.py:840} INFO - DAG(s) 'example_branch_labels' retrieved from /home/airflow/.local/lib/python3.12/site-packages/airflow/example_dags/example_branch_labels.py
[2024-07-14T22:21:53.011+0000] {logging_mixin.py:188} INFO - [2024-07-14T22:21:53.010+0000] {dag.py:3096} INFO - Sync 1 DAGs
[2024-07-14T22:21:53.076+0000] {logging_mixin.py:188} INFO - [2024-07-14T22:21:53.076+0000] {dag.py:3954} INFO - Setting next_dagrun for example_branch_labels to 2024-07-13 00:00:00+00:00, run_after=2024-07-14 00:00:00+00:00
[2024-07-14T22:21:53.146+0000] {processor.py:183} INFO - Processing /home/airflow/.local/lib/python3.12/site-packages/airflow/example_dags/example_branch_labels.py took 0.520 seconds
[2024-07-14T22:22:23.729+0000] {processor.py:161} INFO - Started process (PID=119) to work on /home/airflow/.local/lib/python3.12/site-packages/airflow/example_dags/example_branch_labels.py
[2024-07-14T22:22:23.742+0000] {processor.py:830} INFO - Processing file /home/airflow/.local/lib/python3.12/site-packages/airflow/example_dags/example_branch_labels.py for tasks to queue
[2024-07-14T22:22:23.744+0000] {logging_mixin.py:188} INFO - [2024-07-14T22:22:23.744+0000] {dagbag.py:545} INFO - Filling up the DagBag from /home/airflow/.local/lib/python3.12/site-packages/airflow/example_dags/example_branch_labels.py
[2024-07-14T22:22:23.754+0000] {processor.py:840} INFO - DAG(s) 'example_branch_labels' retrieved from /home/airflow/.local/lib/python3.12/site-packages/airflow/example_dags/example_branch_labels.py
[2024-07-14T22:22:23.808+0000] {logging_mixin.py:188} INFO - [2024-07-14T22:22:23.806+0000] {dag.py:3096} INFO - Sync 1 DAGs
[2024-07-14T22:22:23.848+0000] {logging_mixin.py:188} INFO - [2024-07-14T22:22:23.848+0000] {dag.py:3954} INFO - Setting next_dagrun for example_branch_labels to 2024-07-13 00:00:00+00:00, run_after=2024-07-14 00:00:00+00:00
[2024-07-14T22:22:23.868+0000] {processor.py:183} INFO - Processing /home/airflow/.local/lib/python3.12/site-packages/airflow/example_dags/example_branch_labels.py took 0.237 seconds
[2024-07-14T22:22:54.244+0000] {processor.py:161} INFO - Started process (PID=184) to work on /home/airflow/.local/lib/python3.12/site-packages/airflow/example_dags/example_branch_labels.py
[2024-07-14T22:22:54.245+0000] {processor.py:830} INFO - Processing file /home/airflow/.local/lib/python3.12/site-packages/airflow/example_dags/example_branch_labels.py for tasks to queue
[2024-07-14T22:22:54.246+0000] {logging_mixin.py:188} INFO - [2024-07-14T22:22:54.246+0000] {dagbag.py:545} INFO - Filling up the DagBag from /home/airflow/.local/lib/python3.12/site-packages/airflow/example_dags/example_branch_labels.py
[2024-07-14T22:22:54.255+0000] {processor.py:840} INFO - DAG(s) 'example_branch_labels' retrieved from /home/airflow/.local/lib/python3.12/site-packages/airflow/example_dags/example_branch_labels.py
[2024-07-14T22:22:54.291+0000] {logging_mixin.py:188} INFO - [2024-07-14T22:22:54.291+0000] {dag.py:3096} INFO - Sync 1 DAGs
[2024-07-14T22:22:54.319+0000] {logging_mixin.py:188} INFO - [2024-07-14T22:22:54.318+0000] {dag.py:3954} INFO - Setting next_dagrun for example_branch_labels to 2024-07-13 00:00:00+00:00, run_after=2024-07-14 00:00:00+00:00
[2024-07-14T22:22:54.341+0000] {processor.py:183} INFO - Processing /home/airflow/.local/lib/python3.12/site-packages/airflow/example_dags/example_branch_labels.py took 0.104 seconds
[2024-07-14T22:23:24.675+0000] {processor.py:161} INFO - Started process (PID=243) to work on /home/airflow/.local/lib/python3.12/site-packages/airflow/example_dags/example_branch_labels.py
[2024-07-14T22:23:24.675+0000] {processor.py:830} INFO - Processing file /home/airflow/.local/lib/python3.12/site-packages/airflow/example_dags/example_branch_labels.py for tasks to queue
[2024-07-14T22:23:24.677+0000] {logging_mixin.py:188} INFO - [2024-07-14T22:23:24.677+0000] {dagbag.py:545} INFO - Filling up the DagBag from /home/airflow/.local/lib/python3.12/site-packages/airflow/example_dags/example_branch_labels.py
[2024-07-14T22:23:24.686+0000] {processor.py:840} INFO - DAG(s) 'example_branch_labels' retrieved from /home/airflow/.local/lib/python3.12/site-packages/airflow/example_dags/example_branch_labels.py
[2024-07-14T22:23:24.709+0000] {logging_mixin.py:188} INFO - [2024-07-14T22:23:24.709+0000] {dag.py:3096} INFO - Sync 1 DAGs
[2024-07-14T22:23:24.744+0000] {logging_mixin.py:188} INFO - [2024-07-14T22:23:24.744+0000] {dag.py:3954} INFO - Setting next_dagrun for example_branch_labels to 2024-07-13 00:00:00+00:00, run_after=2024-07-14 00:00:00+00:00
[2024-07-14T22:23:24.765+0000] {processor.py:183} INFO - Processing /home/airflow/.local/lib/python3.12/site-packages/airflow/example_dags/example_branch_labels.py took 0.097 seconds
[2024-07-14T22:23:54.963+0000] {processor.py:161} INFO - Started process (PID=302) to work on /home/airflow/.local/lib/python3.12/site-packages/airflow/example_dags/example_branch_labels.py
[2024-07-14T22:23:54.963+0000] {processor.py:830} INFO - Processing file /home/airflow/.local/lib/python3.12/site-packages/airflow/example_dags/example_branch_labels.py for tasks to queue
[2024-07-14T22:23:54.965+0000] {logging_mixin.py:188} INFO - [2024-07-14T22:23:54.965+0000] {dagbag.py:545} INFO - Filling up the DagBag from /home/airflow/.local/lib/python3.12/site-packages/airflow/example_dags/example_branch_labels.py
[2024-07-14T22:23:54.974+0000] {processor.py:840} INFO - DAG(s) 'example_branch_labels' retrieved from /home/airflow/.local/lib/python3.12/site-packages/airflow/example_dags/example_branch_labels.py
[2024-07-14T22:23:54.996+0000] {logging_mixin.py:188} INFO - [2024-07-14T22:23:54.995+0000] {dag.py:3096} INFO - Sync 1 DAGs
[2024-07-14T22:23:55.022+0000] {logging_mixin.py:188} INFO - [2024-07-14T22:23:55.022+0000] {dag.py:3954} INFO - Setting next_dagrun for example_branch_labels to 2024-07-13 00:00:00+00:00, run_after=2024-07-14 00:00:00+00:00
[2024-07-14T22:23:55.045+0000] {processor.py:183} INFO - Processing /home/airflow/.local/lib/python3.12/site-packages/airflow/example_dags/example_branch_labels.py took 0.089 seconds
[2024-07-14T22:24:25.499+0000] {processor.py:161} INFO - Started process (PID=360) to work on /home/airflow/.local/lib/python3.12/site-packages/airflow/example_dags/example_branch_labels.py
[2024-07-14T22:24:25.500+0000] {processor.py:830} INFO - Processing file /home/airflow/.local/lib/python3.12/site-packages/airflow/example_dags/example_branch_labels.py for tasks to queue
[2024-07-14T22:24:25.502+0000] {logging_mixin.py:188} INFO - [2024-07-14T22:24:25.501+0000] {dagbag.py:545} INFO - Filling up the DagBag from /home/airflow/.local/lib/python3.12/site-packages/airflow/example_dags/example_branch_labels.py
[2024-07-14T22:24:25.510+0000] {processor.py:840} INFO - DAG(s) 'example_branch_labels' retrieved from /home/airflow/.local/lib/python3.12/site-packages/airflow/example_dags/example_branch_labels.py
[2024-07-14T22:24:25.533+0000] {logging_mixin.py:188} INFO - [2024-07-14T22:24:25.533+0000] {dag.py:3096} INFO - Sync 1 DAGs
[2024-07-14T22:24:25.573+0000] {logging_mixin.py:188} INFO - [2024-07-14T22:24:25.573+0000] {dag.py:3954} INFO - Setting next_dagrun for example_branch_labels to 2024-07-13 00:00:00+00:00, run_after=2024-07-14 00:00:00+00:00
[2024-07-14T22:24:25.596+0000] {processor.py:183} INFO - Processing /home/airflow/.local/lib/python3.12/site-packages/airflow/example_dags/example_branch_labels.py took 0.103 seconds
[2024-07-14T22:24:57.016+0000] {processor.py:161} INFO - Started process (PID=418) to work on /home/airflow/.local/lib/python3.12/site-packages/airflow/example_dags/example_branch_labels.py
[2024-07-14T22:24:57.017+0000] {processor.py:830} INFO - Processing file /home/airflow/.local/lib/python3.12/site-packages/airflow/example_dags/example_branch_labels.py for tasks to queue
[2024-07-14T22:24:57.027+0000] {logging_mixin.py:188} INFO - [2024-07-14T22:24:57.026+0000] {dagbag.py:545} INFO - Filling up the DagBag from /home/airflow/.local/lib/python3.12/site-packages/airflow/example_dags/example_branch_labels.py
[2024-07-14T22:24:57.045+0000] {processor.py:840} INFO - DAG(s) 'example_branch_labels' retrieved from /home/airflow/.local/lib/python3.12/site-packages/airflow/example_dags/example_branch_labels.py
[2024-07-14T22:24:57.094+0000] {logging_mixin.py:188} INFO - [2024-07-14T22:24:57.094+0000] {dag.py:3096} INFO - Sync 1 DAGs
[2024-07-14T22:24:57.133+0000] {logging_mixin.py:188} INFO - [2024-07-14T22:24:57.132+0000] {dag.py:3954} INFO - Setting next_dagrun for example_branch_labels to 2024-07-13 00:00:00+00:00, run_after=2024-07-14 00:00:00+00:00
[2024-07-14T22:24:57.165+0000] {processor.py:183} INFO - Processing /home/airflow/.local/lib/python3.12/site-packages/airflow/example_dags/example_branch_labels.py took 0.175 seconds
[2024-07-14T22:25:27.598+0000] {processor.py:161} INFO - Started process (PID=477) to work on /home/airflow/.local/lib/python3.12/site-packages/airflow/example_dags/example_branch_labels.py
[2024-07-14T22:25:27.601+0000] {processor.py:830} INFO - Processing file /home/airflow/.local/lib/python3.12/site-packages/airflow/example_dags/example_branch_labels.py for tasks to queue
[2024-07-14T22:25:27.606+0000] {logging_mixin.py:188} INFO - [2024-07-14T22:25:27.606+0000] {dagbag.py:545} INFO - Filling up the DagBag from /home/airflow/.local/lib/python3.12/site-packages/airflow/example_dags/example_branch_labels.py
[2024-07-14T22:25:27.636+0000] {processor.py:840} INFO - DAG(s) 'example_branch_labels' retrieved from /home/airflow/.local/lib/python3.12/site-packages/airflow/example_dags/example_branch_labels.py
[2024-07-14T22:25:27.746+0000] {logging_mixin.py:188} INFO - [2024-07-14T22:25:27.746+0000] {dag.py:3096} INFO - Sync 1 DAGs
[2024-07-14T22:25:27.801+0000] {logging_mixin.py:188} INFO - [2024-07-14T22:25:27.800+0000] {dag.py:3954} INFO - Setting next_dagrun for example_branch_labels to 2024-07-13 00:00:00+00:00, run_after=2024-07-14 00:00:00+00:00
[2024-07-14T22:25:27.849+0000] {processor.py:183} INFO - Processing /home/airflow/.local/lib/python3.12/site-packages/airflow/example_dags/example_branch_labels.py took 0.274 seconds
[2024-07-14T22:25:57.982+0000] {processor.py:161} INFO - Started process (PID=536) to work on /home/airflow/.local/lib/python3.12/site-packages/airflow/example_dags/example_branch_labels.py
[2024-07-14T22:25:57.983+0000] {processor.py:830} INFO - Processing file /home/airflow/.local/lib/python3.12/site-packages/airflow/example_dags/example_branch_labels.py for tasks to queue
[2024-07-14T22:25:57.984+0000] {logging_mixin.py:188} INFO - [2024-07-14T22:25:57.984+0000] {dagbag.py:545} INFO - Filling up the DagBag from /home/airflow/.local/lib/python3.12/site-packages/airflow/example_dags/example_branch_labels.py
[2024-07-14T22:25:57.993+0000] {processor.py:840} INFO - DAG(s) 'example_branch_labels' retrieved from /home/airflow/.local/lib/python3.12/site-packages/airflow/example_dags/example_branch_labels.py
[2024-07-14T22:25:58.016+0000] {logging_mixin.py:188} INFO - [2024-07-14T22:25:58.016+0000] {dag.py:3096} INFO - Sync 1 DAGs
[2024-07-14T22:25:58.044+0000] {logging_mixin.py:188} INFO - [2024-07-14T22:25:58.044+0000] {dag.py:3954} INFO - Setting next_dagrun for example_branch_labels to 2024-07-13 00:00:00+00:00, run_after=2024-07-14 00:00:00+00:00
[2024-07-14T22:25:58.067+0000] {processor.py:183} INFO - Processing /home/airflow/.local/lib/python3.12/site-packages/airflow/example_dags/example_branch_labels.py took 0.091 seconds
[2024-07-14T22:26:28.142+0000] {processor.py:161} INFO - Started process (PID=595) to work on /home/airflow/.local/lib/python3.12/site-packages/airflow/example_dags/example_branch_labels.py
[2024-07-14T22:26:28.143+0000] {processor.py:830} INFO - Processing file /home/airflow/.local/lib/python3.12/site-packages/airflow/example_dags/example_branch_labels.py for tasks to queue
[2024-07-14T22:26:28.145+0000] {logging_mixin.py:188} INFO - [2024-07-14T22:26:28.144+0000] {dagbag.py:545} INFO - Filling up the DagBag from /home/airflow/.local/lib/python3.12/site-packages/airflow/example_dags/example_branch_labels.py
[2024-07-14T22:26:28.153+0000] {processor.py:840} INFO - DAG(s) 'example_branch_labels' retrieved from /home/airflow/.local/lib/python3.12/site-packages/airflow/example_dags/example_branch_labels.py
[2024-07-14T22:26:28.177+0000] {logging_mixin.py:188} INFO - [2024-07-14T22:26:28.177+0000] {dag.py:3096} INFO - Sync 1 DAGs
[2024-07-14T22:26:28.205+0000] {logging_mixin.py:188} INFO - [2024-07-14T22:26:28.204+0000] {dag.py:3954} INFO - Setting next_dagrun for example_branch_labels to 2024-07-13 00:00:00+00:00, run_after=2024-07-14 00:00:00+00:00
[2024-07-14T22:26:28.227+0000] {processor.py:183} INFO - Processing /home/airflow/.local/lib/python3.12/site-packages/airflow/example_dags/example_branch_labels.py took 0.091 seconds
[2024-07-14T22:26:58.500+0000] {processor.py:161} INFO - Started process (PID=654) to work on /home/airflow/.local/lib/python3.12/site-packages/airflow/example_dags/example_branch_labels.py
[2024-07-14T22:26:58.501+0000] {processor.py:830} INFO - Processing file /home/airflow/.local/lib/python3.12/site-packages/airflow/example_dags/example_branch_labels.py for tasks to queue
[2024-07-14T22:26:58.503+0000] {logging_mixin.py:188} INFO - [2024-07-14T22:26:58.502+0000] {dagbag.py:545} INFO - Filling up the DagBag from /home/airflow/.local/lib/python3.12/site-packages/airflow/example_dags/example_branch_labels.py
[2024-07-14T22:26:58.511+0000] {processor.py:840} INFO - DAG(s) 'example_branch_labels' retrieved from /home/airflow/.local/lib/python3.12/site-packages/airflow/example_dags/example_branch_labels.py
[2024-07-14T22:26:58.535+0000] {logging_mixin.py:188} INFO - [2024-07-14T22:26:58.535+0000] {dag.py:3096} INFO - Sync 1 DAGs
[2024-07-14T22:26:58.559+0000] {logging_mixin.py:188} INFO - [2024-07-14T22:26:58.559+0000] {dag.py:3954} INFO - Setting next_dagrun for example_branch_labels to 2024-07-13 00:00:00+00:00, run_after=2024-07-14 00:00:00+00:00
[2024-07-14T22:26:58.585+0000] {processor.py:183} INFO - Processing /home/airflow/.local/lib/python3.12/site-packages/airflow/example_dags/example_branch_labels.py took 0.091 seconds
[2024-07-14T22:27:29.071+0000] {processor.py:161} INFO - Started process (PID=713) to work on /home/airflow/.local/lib/python3.12/site-packages/airflow/example_dags/example_branch_labels.py
[2024-07-14T22:27:29.071+0000] {processor.py:830} INFO - Processing file /home/airflow/.local/lib/python3.12/site-packages/airflow/example_dags/example_branch_labels.py for tasks to queue
[2024-07-14T22:27:29.073+0000] {logging_mixin.py:188} INFO - [2024-07-14T22:27:29.073+0000] {dagbag.py:545} INFO - Filling up the DagBag from /home/airflow/.local/lib/python3.12/site-packages/airflow/example_dags/example_branch_labels.py
[2024-07-14T22:27:29.082+0000] {processor.py:840} INFO - DAG(s) 'example_branch_labels' retrieved from /home/airflow/.local/lib/python3.12/site-packages/airflow/example_dags/example_branch_labels.py
[2024-07-14T22:27:29.109+0000] {logging_mixin.py:188} INFO - [2024-07-14T22:27:29.109+0000] {dag.py:3096} INFO - Sync 1 DAGs
[2024-07-14T22:27:29.134+0000] {logging_mixin.py:188} INFO - [2024-07-14T22:27:29.134+0000] {dag.py:3954} INFO - Setting next_dagrun for example_branch_labels to 2024-07-13 00:00:00+00:00, run_after=2024-07-14 00:00:00+00:00
[2024-07-14T22:27:29.160+0000] {processor.py:183} INFO - Processing /home/airflow/.local/lib/python3.12/site-packages/airflow/example_dags/example_branch_labels.py took 0.095 seconds
[2024-07-14T22:28:00.137+0000] {processor.py:161} INFO - Started process (PID=774) to work on /home/airflow/.local/lib/python3.12/site-packages/airflow/example_dags/example_branch_labels.py
[2024-07-14T22:28:00.138+0000] {processor.py:830} INFO - Processing file /home/airflow/.local/lib/python3.12/site-packages/airflow/example_dags/example_branch_labels.py for tasks to queue
[2024-07-14T22:28:00.139+0000] {logging_mixin.py:188} INFO - [2024-07-14T22:28:00.139+0000] {dagbag.py:545} INFO - Filling up the DagBag from /home/airflow/.local/lib/python3.12/site-packages/airflow/example_dags/example_branch_labels.py
[2024-07-14T22:28:00.148+0000] {processor.py:840} INFO - DAG(s) 'example_branch_labels' retrieved from /home/airflow/.local/lib/python3.12/site-packages/airflow/example_dags/example_branch_labels.py
[2024-07-14T22:28:00.175+0000] {logging_mixin.py:188} INFO - [2024-07-14T22:28:00.174+0000] {dag.py:3096} INFO - Sync 1 DAGs
[2024-07-14T22:28:00.200+0000] {logging_mixin.py:188} INFO - [2024-07-14T22:28:00.200+0000] {dag.py:3954} INFO - Setting next_dagrun for example_branch_labels to 2024-07-13 00:00:00+00:00, run_after=2024-07-14 00:00:00+00:00
[2024-07-14T22:28:00.226+0000] {processor.py:183} INFO - Processing /home/airflow/.local/lib/python3.12/site-packages/airflow/example_dags/example_branch_labels.py took 0.095 seconds
[2024-07-14T22:28:30.950+0000] {processor.py:161} INFO - Started process (PID=833) to work on /home/airflow/.local/lib/python3.12/site-packages/airflow/example_dags/example_branch_labels.py
[2024-07-14T22:28:30.951+0000] {processor.py:830} INFO - Processing file /home/airflow/.local/lib/python3.12/site-packages/airflow/example_dags/example_branch_labels.py for tasks to queue
[2024-07-14T22:28:30.953+0000] {logging_mixin.py:188} INFO - [2024-07-14T22:28:30.952+0000] {dagbag.py:545} INFO - Filling up the DagBag from /home/airflow/.local/lib/python3.12/site-packages/airflow/example_dags/example_branch_labels.py
[2024-07-14T22:28:30.961+0000] {processor.py:840} INFO - DAG(s) 'example_branch_labels' retrieved from /home/airflow/.local/lib/python3.12/site-packages/airflow/example_dags/example_branch_labels.py
[2024-07-14T22:28:30.986+0000] {logging_mixin.py:188} INFO - [2024-07-14T22:28:30.985+0000] {dag.py:3096} INFO - Sync 1 DAGs
[2024-07-14T22:28:31.018+0000] {logging_mixin.py:188} INFO - [2024-07-14T22:28:31.018+0000] {dag.py:3954} INFO - Setting next_dagrun for example_branch_labels to 2024-07-13 00:00:00+00:00, run_after=2024-07-14 00:00:00+00:00
[2024-07-14T22:28:31.044+0000] {processor.py:183} INFO - Processing /home/airflow/.local/lib/python3.12/site-packages/airflow/example_dags/example_branch_labels.py took 0.100 seconds
[2024-07-14T22:29:01.202+0000] {processor.py:161} INFO - Started process (PID=891) to work on /home/airflow/.local/lib/python3.12/site-packages/airflow/example_dags/example_branch_labels.py
[2024-07-14T22:29:01.203+0000] {processor.py:830} INFO - Processing file /home/airflow/.local/lib/python3.12/site-packages/airflow/example_dags/example_branch_labels.py for tasks to queue
[2024-07-14T22:29:01.205+0000] {logging_mixin.py:188} INFO - [2024-07-14T22:29:01.204+0000] {dagbag.py:545} INFO - Filling up the DagBag from /home/airflow/.local/lib/python3.12/site-packages/airflow/example_dags/example_branch_labels.py
[2024-07-14T22:29:01.213+0000] {processor.py:840} INFO - DAG(s) 'example_branch_labels' retrieved from /home/airflow/.local/lib/python3.12/site-packages/airflow/example_dags/example_branch_labels.py
[2024-07-14T22:29:01.238+0000] {logging_mixin.py:188} INFO - [2024-07-14T22:29:01.238+0000] {dag.py:3096} INFO - Sync 1 DAGs
[2024-07-14T22:29:01.266+0000] {logging_mixin.py:188} INFO - [2024-07-14T22:29:01.265+0000] {dag.py:3954} INFO - Setting next_dagrun for example_branch_labels to 2024-07-13 00:00:00+00:00, run_after=2024-07-14 00:00:00+00:00
[2024-07-14T22:29:01.302+0000] {processor.py:183} INFO - Processing /home/airflow/.local/lib/python3.12/site-packages/airflow/example_dags/example_branch_labels.py took 0.106 seconds
[2024-07-14T22:29:31.951+0000] {processor.py:161} INFO - Started process (PID=950) to work on /home/airflow/.local/lib/python3.12/site-packages/airflow/example_dags/example_branch_labels.py
[2024-07-14T22:29:31.951+0000] {processor.py:830} INFO - Processing file /home/airflow/.local/lib/python3.12/site-packages/airflow/example_dags/example_branch_labels.py for tasks to queue
[2024-07-14T22:29:31.953+0000] {logging_mixin.py:188} INFO - [2024-07-14T22:29:31.953+0000] {dagbag.py:545} INFO - Filling up the DagBag from /home/airflow/.local/lib/python3.12/site-packages/airflow/example_dags/example_branch_labels.py
[2024-07-14T22:29:31.962+0000] {processor.py:840} INFO - DAG(s) 'example_branch_labels' retrieved from /home/airflow/.local/lib/python3.12/site-packages/airflow/example_dags/example_branch_labels.py
[2024-07-14T22:29:31.986+0000] {logging_mixin.py:188} INFO - [2024-07-14T22:29:31.986+0000] {dag.py:3096} INFO - Sync 1 DAGs
[2024-07-14T22:29:32.015+0000] {logging_mixin.py:188} INFO - [2024-07-14T22:29:32.015+0000] {dag.py:3954} INFO - Setting next_dagrun for example_branch_labels to 2024-07-13 00:00:00+00:00, run_after=2024-07-14 00:00:00+00:00
[2024-07-14T22:29:32.041+0000] {processor.py:183} INFO - Processing /home/airflow/.local/lib/python3.12/site-packages/airflow/example_dags/example_branch_labels.py took 0.096 seconds
[2024-07-14T22:30:02.892+0000] {processor.py:161} INFO - Started process (PID=1010) to work on /home/airflow/.local/lib/python3.12/site-packages/airflow/example_dags/example_branch_labels.py
[2024-07-14T22:30:02.893+0000] {processor.py:830} INFO - Processing file /home/airflow/.local/lib/python3.12/site-packages/airflow/example_dags/example_branch_labels.py for tasks to queue
[2024-07-14T22:30:02.910+0000] {logging_mixin.py:188} INFO - [2024-07-14T22:30:02.910+0000] {dagbag.py:545} INFO - Filling up the DagBag from /home/airflow/.local/lib/python3.12/site-packages/airflow/example_dags/example_branch_labels.py
[2024-07-14T22:30:02.948+0000] {processor.py:840} INFO - DAG(s) 'example_branch_labels' retrieved from /home/airflow/.local/lib/python3.12/site-packages/airflow/example_dags/example_branch_labels.py
[2024-07-14T22:30:03.057+0000] {logging_mixin.py:188} INFO - [2024-07-14T22:30:03.056+0000] {dag.py:3096} INFO - Sync 1 DAGs
[2024-07-14T22:30:03.122+0000] {logging_mixin.py:188} INFO - [2024-07-14T22:30:03.122+0000] {dag.py:3954} INFO - Setting next_dagrun for example_branch_labels to 2024-07-13 00:00:00+00:00, run_after=2024-07-14 00:00:00+00:00
[2024-07-14T22:30:03.171+0000] {processor.py:183} INFO - Processing /home/airflow/.local/lib/python3.12/site-packages/airflow/example_dags/example_branch_labels.py took 0.290 seconds
[2024-07-14T22:30:33.798+0000] {processor.py:161} INFO - Started process (PID=1069) to work on /home/airflow/.local/lib/python3.12/site-packages/airflow/example_dags/example_branch_labels.py
[2024-07-14T22:30:33.799+0000] {processor.py:830} INFO - Processing file /home/airflow/.local/lib/python3.12/site-packages/airflow/example_dags/example_branch_labels.py for tasks to queue
[2024-07-14T22:30:33.801+0000] {logging_mixin.py:188} INFO - [2024-07-14T22:30:33.801+0000] {dagbag.py:545} INFO - Filling up the DagBag from /home/airflow/.local/lib/python3.12/site-packages/airflow/example_dags/example_branch_labels.py
[2024-07-14T22:30:33.809+0000] {processor.py:840} INFO - DAG(s) 'example_branch_labels' retrieved from /home/airflow/.local/lib/python3.12/site-packages/airflow/example_dags/example_branch_labels.py
[2024-07-14T22:30:33.835+0000] {logging_mixin.py:188} INFO - [2024-07-14T22:30:33.834+0000] {dag.py:3096} INFO - Sync 1 DAGs
[2024-07-14T22:30:33.864+0000] {logging_mixin.py:188} INFO - [2024-07-14T22:30:33.864+0000] {dag.py:3954} INFO - Setting next_dagrun for example_branch_labels to 2024-07-13 00:00:00+00:00, run_after=2024-07-14 00:00:00+00:00
[2024-07-14T22:30:33.900+0000] {processor.py:183} INFO - Processing /home/airflow/.local/lib/python3.12/site-packages/airflow/example_dags/example_branch_labels.py took 0.108 seconds
[2024-07-14T22:31:04.213+0000] {processor.py:161} INFO - Started process (PID=1128) to work on /home/airflow/.local/lib/python3.12/site-packages/airflow/example_dags/example_branch_labels.py
[2024-07-14T22:31:04.214+0000] {processor.py:830} INFO - Processing file /home/airflow/.local/lib/python3.12/site-packages/airflow/example_dags/example_branch_labels.py for tasks to queue
[2024-07-14T22:31:04.215+0000] {logging_mixin.py:188} INFO - [2024-07-14T22:31:04.215+0000] {dagbag.py:545} INFO - Filling up the DagBag from /home/airflow/.local/lib/python3.12/site-packages/airflow/example_dags/example_branch_labels.py
[2024-07-14T22:31:04.224+0000] {processor.py:840} INFO - DAG(s) 'example_branch_labels' retrieved from /home/airflow/.local/lib/python3.12/site-packages/airflow/example_dags/example_branch_labels.py
[2024-07-14T22:31:04.250+0000] {logging_mixin.py:188} INFO - [2024-07-14T22:31:04.249+0000] {dag.py:3096} INFO - Sync 1 DAGs
[2024-07-14T22:31:04.278+0000] {logging_mixin.py:188} INFO - [2024-07-14T22:31:04.277+0000] {dag.py:3954} INFO - Setting next_dagrun for example_branch_labels to 2024-07-13 00:00:00+00:00, run_after=2024-07-14 00:00:00+00:00
[2024-07-14T22:31:04.307+0000] {processor.py:183} INFO - Processing /home/airflow/.local/lib/python3.12/site-packages/airflow/example_dags/example_branch_labels.py took 0.100 seconds
[2024-07-14T22:31:34.388+0000] {processor.py:161} INFO - Started process (PID=1187) to work on /home/airflow/.local/lib/python3.12/site-packages/airflow/example_dags/example_branch_labels.py
[2024-07-14T22:31:34.389+0000] {processor.py:830} INFO - Processing file /home/airflow/.local/lib/python3.12/site-packages/airflow/example_dags/example_branch_labels.py for tasks to queue
[2024-07-14T22:31:34.390+0000] {logging_mixin.py:188} INFO - [2024-07-14T22:31:34.390+0000] {dagbag.py:545} INFO - Filling up the DagBag from /home/airflow/.local/lib/python3.12/site-packages/airflow/example_dags/example_branch_labels.py
[2024-07-14T22:31:34.399+0000] {processor.py:840} INFO - DAG(s) 'example_branch_labels' retrieved from /home/airflow/.local/lib/python3.12/site-packages/airflow/example_dags/example_branch_labels.py
[2024-07-14T22:31:34.424+0000] {logging_mixin.py:188} INFO - [2024-07-14T22:31:34.424+0000] {dag.py:3096} INFO - Sync 1 DAGs
[2024-07-14T22:31:34.455+0000] {logging_mixin.py:188} INFO - [2024-07-14T22:31:34.455+0000] {dag.py:3954} INFO - Setting next_dagrun for example_branch_labels to 2024-07-13 00:00:00+00:00, run_after=2024-07-14 00:00:00+00:00
[2024-07-14T22:31:34.478+0000] {processor.py:183} INFO - Processing /home/airflow/.local/lib/python3.12/site-packages/airflow/example_dags/example_branch_labels.py took 0.096 seconds
[2024-07-14T22:32:04.965+0000] {processor.py:161} INFO - Started process (PID=1246) to work on /home/airflow/.local/lib/python3.12/site-packages/airflow/example_dags/example_branch_labels.py
[2024-07-14T22:32:04.965+0000] {processor.py:830} INFO - Processing file /home/airflow/.local/lib/python3.12/site-packages/airflow/example_dags/example_branch_labels.py for tasks to queue
[2024-07-14T22:32:04.967+0000] {logging_mixin.py:188} INFO - [2024-07-14T22:32:04.967+0000] {dagbag.py:545} INFO - Filling up the DagBag from /home/airflow/.local/lib/python3.12/site-packages/airflow/example_dags/example_branch_labels.py
[2024-07-14T22:32:04.975+0000] {processor.py:840} INFO - DAG(s) 'example_branch_labels' retrieved from /home/airflow/.local/lib/python3.12/site-packages/airflow/example_dags/example_branch_labels.py
[2024-07-14T22:32:05.000+0000] {logging_mixin.py:188} INFO - [2024-07-14T22:32:05.000+0000] {dag.py:3096} INFO - Sync 1 DAGs
[2024-07-14T22:32:05.028+0000] {logging_mixin.py:188} INFO - [2024-07-14T22:32:05.028+0000] {dag.py:3954} INFO - Setting next_dagrun for example_branch_labels to 2024-07-13 00:00:00+00:00, run_after=2024-07-14 00:00:00+00:00
[2024-07-14T22:32:05.056+0000] {processor.py:183} INFO - Processing /home/airflow/.local/lib/python3.12/site-packages/airflow/example_dags/example_branch_labels.py took 0.098 seconds
[2024-07-14T22:32:35.194+0000] {processor.py:161} INFO - Started process (PID=1305) to work on /home/airflow/.local/lib/python3.12/site-packages/airflow/example_dags/example_branch_labels.py
[2024-07-14T22:32:35.195+0000] {processor.py:830} INFO - Processing file /home/airflow/.local/lib/python3.12/site-packages/airflow/example_dags/example_branch_labels.py for tasks to queue
[2024-07-14T22:32:35.196+0000] {logging_mixin.py:188} INFO - [2024-07-14T22:32:35.196+0000] {dagbag.py:545} INFO - Filling up the DagBag from /home/airflow/.local/lib/python3.12/site-packages/airflow/example_dags/example_branch_labels.py
[2024-07-14T22:32:35.205+0000] {processor.py:840} INFO - DAG(s) 'example_branch_labels' retrieved from /home/airflow/.local/lib/python3.12/site-packages/airflow/example_dags/example_branch_labels.py
[2024-07-14T22:32:35.229+0000] {logging_mixin.py:188} INFO - [2024-07-14T22:32:35.229+0000] {dag.py:3096} INFO - Sync 1 DAGs
[2024-07-14T22:32:35.260+0000] {logging_mixin.py:188} INFO - [2024-07-14T22:32:35.260+0000] {dag.py:3954} INFO - Setting next_dagrun for example_branch_labels to 2024-07-13 00:00:00+00:00, run_after=2024-07-14 00:00:00+00:00
[2024-07-14T22:32:35.283+0000] {processor.py:183} INFO - Processing /home/airflow/.local/lib/python3.12/site-packages/airflow/example_dags/example_branch_labels.py took 0.095 seconds
[2024-07-14T22:33:05.736+0000] {processor.py:161} INFO - Started process (PID=1364) to work on /home/airflow/.local/lib/python3.12/site-packages/airflow/example_dags/example_branch_labels.py
[2024-07-14T22:33:05.737+0000] {processor.py:830} INFO - Processing file /home/airflow/.local/lib/python3.12/site-packages/airflow/example_dags/example_branch_labels.py for tasks to queue
[2024-07-14T22:33:05.739+0000] {logging_mixin.py:188} INFO - [2024-07-14T22:33:05.738+0000] {dagbag.py:545} INFO - Filling up the DagBag from /home/airflow/.local/lib/python3.12/site-packages/airflow/example_dags/example_branch_labels.py
[2024-07-14T22:33:05.747+0000] {processor.py:840} INFO - DAG(s) 'example_branch_labels' retrieved from /home/airflow/.local/lib/python3.12/site-packages/airflow/example_dags/example_branch_labels.py
[2024-07-14T22:33:05.772+0000] {logging_mixin.py:188} INFO - [2024-07-14T22:33:05.772+0000] {dag.py:3096} INFO - Sync 1 DAGs
[2024-07-14T22:33:05.806+0000] {logging_mixin.py:188} INFO - [2024-07-14T22:33:05.806+0000] {dag.py:3954} INFO - Setting next_dagrun for example_branch_labels to 2024-07-13 00:00:00+00:00, run_after=2024-07-14 00:00:00+00:00
[2024-07-14T22:33:05.838+0000] {processor.py:183} INFO - Processing /home/airflow/.local/lib/python3.12/site-packages/airflow/example_dags/example_branch_labels.py took 0.107 seconds
[2024-07-14T22:33:36.437+0000] {processor.py:161} INFO - Started process (PID=1423) to work on /home/airflow/.local/lib/python3.12/site-packages/airflow/example_dags/example_branch_labels.py
[2024-07-14T22:33:36.438+0000] {processor.py:830} INFO - Processing file /home/airflow/.local/lib/python3.12/site-packages/airflow/example_dags/example_branch_labels.py for tasks to queue
[2024-07-14T22:33:36.439+0000] {logging_mixin.py:188} INFO - [2024-07-14T22:33:36.439+0000] {dagbag.py:545} INFO - Filling up the DagBag from /home/airflow/.local/lib/python3.12/site-packages/airflow/example_dags/example_branch_labels.py
[2024-07-14T22:33:36.448+0000] {processor.py:840} INFO - DAG(s) 'example_branch_labels' retrieved from /home/airflow/.local/lib/python3.12/site-packages/airflow/example_dags/example_branch_labels.py
[2024-07-14T22:33:36.472+0000] {logging_mixin.py:188} INFO - [2024-07-14T22:33:36.472+0000] {dag.py:3096} INFO - Sync 1 DAGs
[2024-07-14T22:33:36.502+0000] {logging_mixin.py:188} INFO - [2024-07-14T22:33:36.501+0000] {dag.py:3954} INFO - Setting next_dagrun for example_branch_labels to 2024-07-13 00:00:00+00:00, run_after=2024-07-14 00:00:00+00:00
[2024-07-14T22:33:36.526+0000] {processor.py:183} INFO - Processing /home/airflow/.local/lib/python3.12/site-packages/airflow/example_dags/example_branch_labels.py took 0.095 seconds
[2024-07-14T22:34:06.785+0000] {processor.py:161} INFO - Started process (PID=1482) to work on /home/airflow/.local/lib/python3.12/site-packages/airflow/example_dags/example_branch_labels.py
[2024-07-14T22:34:06.786+0000] {processor.py:830} INFO - Processing file /home/airflow/.local/lib/python3.12/site-packages/airflow/example_dags/example_branch_labels.py for tasks to queue
[2024-07-14T22:34:06.788+0000] {logging_mixin.py:188} INFO - [2024-07-14T22:34:06.787+0000] {dagbag.py:545} INFO - Filling up the DagBag from /home/airflow/.local/lib/python3.12/site-packages/airflow/example_dags/example_branch_labels.py
[2024-07-14T22:34:06.796+0000] {processor.py:840} INFO - DAG(s) 'example_branch_labels' retrieved from /home/airflow/.local/lib/python3.12/site-packages/airflow/example_dags/example_branch_labels.py
[2024-07-14T22:34:06.825+0000] {logging_mixin.py:188} INFO - [2024-07-14T22:34:06.825+0000] {dag.py:3096} INFO - Sync 1 DAGs
[2024-07-14T22:34:06.851+0000] {logging_mixin.py:188} INFO - [2024-07-14T22:34:06.851+0000] {dag.py:3954} INFO - Setting next_dagrun for example_branch_labels to 2024-07-13 00:00:00+00:00, run_after=2024-07-14 00:00:00+00:00
[2024-07-14T22:34:06.874+0000] {processor.py:183} INFO - Processing /home/airflow/.local/lib/python3.12/site-packages/airflow/example_dags/example_branch_labels.py took 0.095 seconds
[2024-07-14T22:34:37.609+0000] {processor.py:161} INFO - Started process (PID=1541) to work on /home/airflow/.local/lib/python3.12/site-packages/airflow/example_dags/example_branch_labels.py
[2024-07-14T22:34:37.609+0000] {processor.py:830} INFO - Processing file /home/airflow/.local/lib/python3.12/site-packages/airflow/example_dags/example_branch_labels.py for tasks to queue
[2024-07-14T22:34:37.611+0000] {logging_mixin.py:188} INFO - [2024-07-14T22:34:37.611+0000] {dagbag.py:545} INFO - Filling up the DagBag from /home/airflow/.local/lib/python3.12/site-packages/airflow/example_dags/example_branch_labels.py
[2024-07-14T22:34:37.620+0000] {processor.py:840} INFO - DAG(s) 'example_branch_labels' retrieved from /home/airflow/.local/lib/python3.12/site-packages/airflow/example_dags/example_branch_labels.py
[2024-07-14T22:34:37.644+0000] {logging_mixin.py:188} INFO - [2024-07-14T22:34:37.644+0000] {dag.py:3096} INFO - Sync 1 DAGs
[2024-07-14T22:34:37.671+0000] {logging_mixin.py:188} INFO - [2024-07-14T22:34:37.670+0000] {dag.py:3954} INFO - Setting next_dagrun for example_branch_labels to 2024-07-13 00:00:00+00:00, run_after=2024-07-14 00:00:00+00:00
[2024-07-14T22:34:37.700+0000] {processor.py:183} INFO - Processing /home/airflow/.local/lib/python3.12/site-packages/airflow/example_dags/example_branch_labels.py took 0.097 seconds
[2024-07-14T22:35:08.445+0000] {processor.py:161} INFO - Started process (PID=1600) to work on /home/airflow/.local/lib/python3.12/site-packages/airflow/example_dags/example_branch_labels.py
[2024-07-14T22:35:08.445+0000] {processor.py:830} INFO - Processing file /home/airflow/.local/lib/python3.12/site-packages/airflow/example_dags/example_branch_labels.py for tasks to queue
[2024-07-14T22:35:08.447+0000] {logging_mixin.py:188} INFO - [2024-07-14T22:35:08.447+0000] {dagbag.py:545} INFO - Filling up the DagBag from /home/airflow/.local/lib/python3.12/site-packages/airflow/example_dags/example_branch_labels.py
[2024-07-14T22:35:08.456+0000] {processor.py:840} INFO - DAG(s) 'example_branch_labels' retrieved from /home/airflow/.local/lib/python3.12/site-packages/airflow/example_dags/example_branch_labels.py
[2024-07-14T22:35:08.482+0000] {logging_mixin.py:188} INFO - [2024-07-14T22:35:08.482+0000] {dag.py:3096} INFO - Sync 1 DAGs
[2024-07-14T22:35:08.511+0000] {logging_mixin.py:188} INFO - [2024-07-14T22:35:08.511+0000] {dag.py:3954} INFO - Setting next_dagrun for example_branch_labels to 2024-07-13 00:00:00+00:00, run_after=2024-07-14 00:00:00+00:00
[2024-07-14T22:35:08.533+0000] {processor.py:183} INFO - Processing /home/airflow/.local/lib/python3.12/site-packages/airflow/example_dags/example_branch_labels.py took 0.095 seconds
[2024-07-14T22:35:39.361+0000] {processor.py:161} INFO - Started process (PID=1659) to work on /home/airflow/.local/lib/python3.12/site-packages/airflow/example_dags/example_branch_labels.py
[2024-07-14T22:35:39.378+0000] {processor.py:830} INFO - Processing file /home/airflow/.local/lib/python3.12/site-packages/airflow/example_dags/example_branch_labels.py for tasks to queue
[2024-07-14T22:35:39.380+0000] {logging_mixin.py:188} INFO - [2024-07-14T22:35:39.380+0000] {dagbag.py:545} INFO - Filling up the DagBag from /home/airflow/.local/lib/python3.12/site-packages/airflow/example_dags/example_branch_labels.py
[2024-07-14T22:35:39.425+0000] {processor.py:840} INFO - DAG(s) 'example_branch_labels' retrieved from /home/airflow/.local/lib/python3.12/site-packages/airflow/example_dags/example_branch_labels.py
[2024-07-14T22:35:39.542+0000] {logging_mixin.py:188} INFO - [2024-07-14T22:35:39.542+0000] {dag.py:3096} INFO - Sync 1 DAGs
[2024-07-14T22:35:39.625+0000] {logging_mixin.py:188} INFO - [2024-07-14T22:35:39.624+0000] {dag.py:3954} INFO - Setting next_dagrun for example_branch_labels to 2024-07-13 00:00:00+00:00, run_after=2024-07-14 00:00:00+00:00
[2024-07-14T22:35:40.186+0000] {processor.py:183} INFO - Processing /home/airflow/.local/lib/python3.12/site-packages/airflow/example_dags/example_branch_labels.py took 0.866 seconds
[2024-07-14T22:36:10.267+0000] {processor.py:161} INFO - Started process (PID=1719) to work on /home/airflow/.local/lib/python3.12/site-packages/airflow/example_dags/example_branch_labels.py
[2024-07-14T22:36:10.268+0000] {processor.py:830} INFO - Processing file /home/airflow/.local/lib/python3.12/site-packages/airflow/example_dags/example_branch_labels.py for tasks to queue
[2024-07-14T22:36:10.269+0000] {logging_mixin.py:188} INFO - [2024-07-14T22:36:10.269+0000] {dagbag.py:545} INFO - Filling up the DagBag from /home/airflow/.local/lib/python3.12/site-packages/airflow/example_dags/example_branch_labels.py
[2024-07-14T22:36:10.277+0000] {processor.py:840} INFO - DAG(s) 'example_branch_labels' retrieved from /home/airflow/.local/lib/python3.12/site-packages/airflow/example_dags/example_branch_labels.py
[2024-07-14T22:36:10.303+0000] {logging_mixin.py:188} INFO - [2024-07-14T22:36:10.302+0000] {dag.py:3096} INFO - Sync 1 DAGs
[2024-07-14T22:36:10.328+0000] {logging_mixin.py:188} INFO - [2024-07-14T22:36:10.327+0000] {dag.py:3954} INFO - Setting next_dagrun for example_branch_labels to 2024-07-13 00:00:00+00:00, run_after=2024-07-14 00:00:00+00:00
[2024-07-14T22:36:10.379+0000] {processor.py:183} INFO - Processing /home/airflow/.local/lib/python3.12/site-packages/airflow/example_dags/example_branch_labels.py took 0.118 seconds
[2024-07-14T22:36:40.725+0000] {processor.py:161} INFO - Started process (PID=1778) to work on /home/airflow/.local/lib/python3.12/site-packages/airflow/example_dags/example_branch_labels.py
[2024-07-14T22:36:40.726+0000] {processor.py:830} INFO - Processing file /home/airflow/.local/lib/python3.12/site-packages/airflow/example_dags/example_branch_labels.py for tasks to queue
[2024-07-14T22:36:40.729+0000] {logging_mixin.py:188} INFO - [2024-07-14T22:36:40.728+0000] {dagbag.py:545} INFO - Filling up the DagBag from /home/airflow/.local/lib/python3.12/site-packages/airflow/example_dags/example_branch_labels.py
[2024-07-14T22:36:40.738+0000] {processor.py:840} INFO - DAG(s) 'example_branch_labels' retrieved from /home/airflow/.local/lib/python3.12/site-packages/airflow/example_dags/example_branch_labels.py
[2024-07-14T22:36:40.761+0000] {logging_mixin.py:188} INFO - [2024-07-14T22:36:40.761+0000] {dag.py:3096} INFO - Sync 1 DAGs
[2024-07-14T22:36:40.789+0000] {logging_mixin.py:188} INFO - [2024-07-14T22:36:40.789+0000] {dag.py:3954} INFO - Setting next_dagrun for example_branch_labels to 2024-07-13 00:00:00+00:00, run_after=2024-07-14 00:00:00+00:00
[2024-07-14T22:36:40.812+0000] {processor.py:183} INFO - Processing /home/airflow/.local/lib/python3.12/site-packages/airflow/example_dags/example_branch_labels.py took 0.093 seconds
[2024-07-14T22:37:11.167+0000] {processor.py:161} INFO - Started process (PID=1837) to work on /home/airflow/.local/lib/python3.12/site-packages/airflow/example_dags/example_branch_labels.py
[2024-07-14T22:37:11.168+0000] {processor.py:830} INFO - Processing file /home/airflow/.local/lib/python3.12/site-packages/airflow/example_dags/example_branch_labels.py for tasks to queue
[2024-07-14T22:37:11.169+0000] {logging_mixin.py:188} INFO - [2024-07-14T22:37:11.169+0000] {dagbag.py:545} INFO - Filling up the DagBag from /home/airflow/.local/lib/python3.12/site-packages/airflow/example_dags/example_branch_labels.py
[2024-07-14T22:37:11.177+0000] {processor.py:840} INFO - DAG(s) 'example_branch_labels' retrieved from /home/airflow/.local/lib/python3.12/site-packages/airflow/example_dags/example_branch_labels.py
[2024-07-14T22:37:11.202+0000] {logging_mixin.py:188} INFO - [2024-07-14T22:37:11.202+0000] {dag.py:3096} INFO - Sync 1 DAGs
[2024-07-14T22:37:11.230+0000] {logging_mixin.py:188} INFO - [2024-07-14T22:37:11.229+0000] {dag.py:3954} INFO - Setting next_dagrun for example_branch_labels to 2024-07-13 00:00:00+00:00, run_after=2024-07-14 00:00:00+00:00
[2024-07-14T22:37:11.253+0000] {processor.py:183} INFO - Processing /home/airflow/.local/lib/python3.12/site-packages/airflow/example_dags/example_branch_labels.py took 0.093 seconds
[2024-07-14T22:37:41.904+0000] {processor.py:161} INFO - Started process (PID=1896) to work on /home/airflow/.local/lib/python3.12/site-packages/airflow/example_dags/example_branch_labels.py
[2024-07-14T22:37:41.904+0000] {processor.py:830} INFO - Processing file /home/airflow/.local/lib/python3.12/site-packages/airflow/example_dags/example_branch_labels.py for tasks to queue
[2024-07-14T22:37:41.906+0000] {logging_mixin.py:188} INFO - [2024-07-14T22:37:41.906+0000] {dagbag.py:545} INFO - Filling up the DagBag from /home/airflow/.local/lib/python3.12/site-packages/airflow/example_dags/example_branch_labels.py
[2024-07-14T22:37:41.916+0000] {processor.py:840} INFO - DAG(s) 'example_branch_labels' retrieved from /home/airflow/.local/lib/python3.12/site-packages/airflow/example_dags/example_branch_labels.py
[2024-07-14T22:37:41.941+0000] {logging_mixin.py:188} INFO - [2024-07-14T22:37:41.940+0000] {dag.py:3096} INFO - Sync 1 DAGs
[2024-07-14T22:37:42.113+0000] {logging_mixin.py:188} INFO - [2024-07-14T22:37:42.113+0000] {dag.py:3954} INFO - Setting next_dagrun for example_branch_labels to 2024-07-13 00:00:00+00:00, run_after=2024-07-14 00:00:00+00:00
[2024-07-14T22:37:42.134+0000] {processor.py:183} INFO - Processing /home/airflow/.local/lib/python3.12/site-packages/airflow/example_dags/example_branch_labels.py took 0.236 seconds
[2024-07-14T22:38:13.119+0000] {processor.py:161} INFO - Started process (PID=1955) to work on /home/airflow/.local/lib/python3.12/site-packages/airflow/example_dags/example_branch_labels.py
[2024-07-14T22:38:13.119+0000] {processor.py:830} INFO - Processing file /home/airflow/.local/lib/python3.12/site-packages/airflow/example_dags/example_branch_labels.py for tasks to queue
[2024-07-14T22:38:13.121+0000] {logging_mixin.py:188} INFO - [2024-07-14T22:38:13.121+0000] {dagbag.py:545} INFO - Filling up the DagBag from /home/airflow/.local/lib/python3.12/site-packages/airflow/example_dags/example_branch_labels.py
[2024-07-14T22:38:13.130+0000] {processor.py:840} INFO - DAG(s) 'example_branch_labels' retrieved from /home/airflow/.local/lib/python3.12/site-packages/airflow/example_dags/example_branch_labels.py
[2024-07-14T22:38:13.156+0000] {logging_mixin.py:188} INFO - [2024-07-14T22:38:13.156+0000] {dag.py:3096} INFO - Sync 1 DAGs
[2024-07-14T22:38:13.182+0000] {logging_mixin.py:188} INFO - [2024-07-14T22:38:13.181+0000] {dag.py:3954} INFO - Setting next_dagrun for example_branch_labels to 2024-07-13 00:00:00+00:00, run_after=2024-07-14 00:00:00+00:00
[2024-07-14T22:38:13.209+0000] {processor.py:183} INFO - Processing /home/airflow/.local/lib/python3.12/site-packages/airflow/example_dags/example_branch_labels.py took 0.096 seconds
[2024-07-14T22:38:43.550+0000] {processor.py:161} INFO - Started process (PID=2014) to work on /home/airflow/.local/lib/python3.12/site-packages/airflow/example_dags/example_branch_labels.py
[2024-07-14T22:38:43.551+0000] {processor.py:830} INFO - Processing file /home/airflow/.local/lib/python3.12/site-packages/airflow/example_dags/example_branch_labels.py for tasks to queue
[2024-07-14T22:38:43.552+0000] {logging_mixin.py:188} INFO - [2024-07-14T22:38:43.552+0000] {dagbag.py:545} INFO - Filling up the DagBag from /home/airflow/.local/lib/python3.12/site-packages/airflow/example_dags/example_branch_labels.py
[2024-07-14T22:38:43.561+0000] {processor.py:840} INFO - DAG(s) 'example_branch_labels' retrieved from /home/airflow/.local/lib/python3.12/site-packages/airflow/example_dags/example_branch_labels.py
[2024-07-14T22:38:43.585+0000] {logging_mixin.py:188} INFO - [2024-07-14T22:38:43.585+0000] {dag.py:3096} INFO - Sync 1 DAGs
[2024-07-14T22:38:43.616+0000] {logging_mixin.py:188} INFO - [2024-07-14T22:38:43.616+0000] {dag.py:3954} INFO - Setting next_dagrun for example_branch_labels to 2024-07-13 00:00:00+00:00, run_after=2024-07-14 00:00:00+00:00
[2024-07-14T22:38:43.640+0000] {processor.py:183} INFO - Processing /home/airflow/.local/lib/python3.12/site-packages/airflow/example_dags/example_branch_labels.py took 0.096 seconds
[2024-07-14T22:39:13.999+0000] {processor.py:161} INFO - Started process (PID=2073) to work on /home/airflow/.local/lib/python3.12/site-packages/airflow/example_dags/example_branch_labels.py
[2024-07-14T22:39:14.000+0000] {processor.py:830} INFO - Processing file /home/airflow/.local/lib/python3.12/site-packages/airflow/example_dags/example_branch_labels.py for tasks to queue
[2024-07-14T22:39:14.002+0000] {logging_mixin.py:188} INFO - [2024-07-14T22:39:14.002+0000] {dagbag.py:545} INFO - Filling up the DagBag from /home/airflow/.local/lib/python3.12/site-packages/airflow/example_dags/example_branch_labels.py
[2024-07-14T22:39:14.011+0000] {processor.py:840} INFO - DAG(s) 'example_branch_labels' retrieved from /home/airflow/.local/lib/python3.12/site-packages/airflow/example_dags/example_branch_labels.py
[2024-07-14T22:39:14.035+0000] {logging_mixin.py:188} INFO - [2024-07-14T22:39:14.035+0000] {dag.py:3096} INFO - Sync 1 DAGs
[2024-07-14T22:39:14.062+0000] {logging_mixin.py:188} INFO - [2024-07-14T22:39:14.062+0000] {dag.py:3954} INFO - Setting next_dagrun for example_branch_labels to 2024-07-13 00:00:00+00:00, run_after=2024-07-14 00:00:00+00:00
[2024-07-14T22:39:14.084+0000] {processor.py:183} INFO - Processing /home/airflow/.local/lib/python3.12/site-packages/airflow/example_dags/example_branch_labels.py took 0.091 seconds
