[2024-07-14T22:21:57.003+0000] {processor.py:161} INFO - Started process (PID=79) to work on /home/airflow/.local/lib/python3.12/site-packages/airflow/example_dags/example_sla_dag.py
[2024-07-14T22:21:57.004+0000] {processor.py:830} INFO - Processing file /home/airflow/.local/lib/python3.12/site-packages/airflow/example_dags/example_sla_dag.py for tasks to queue
[2024-07-14T22:21:57.007+0000] {logging_mixin.py:188} INFO - [2024-07-14T22:21:57.006+0000] {dagbag.py:545} INFO - Filling up the DagBag from /home/airflow/.local/lib/python3.12/site-packages/airflow/example_dags/example_sla_dag.py
[2024-07-14T22:21:57.037+0000] {processor.py:840} INFO - DAG(s) 'example_sla_dag' retrieved from /home/airflow/.local/lib/python3.12/site-packages/airflow/example_dags/example_sla_dag.py
[2024-07-14T22:21:57.272+0000] {logging_mixin.py:188} INFO - [2024-07-14T22:21:57.272+0000] {dag.py:3096} INFO - Sync 1 DAGs
[2024-07-14T22:21:57.304+0000] {logging_mixin.py:188} INFO - [2024-07-14T22:21:57.304+0000] {dag.py:3954} INFO - Setting next_dagrun for example_sla_dag to 2024-07-14 22:18:00+00:00, run_after=2024-07-14 22:20:00+00:00
[2024-07-14T22:21:57.332+0000] {processor.py:183} INFO - Processing /home/airflow/.local/lib/python3.12/site-packages/airflow/example_dags/example_sla_dag.py took 0.338 seconds
[2024-07-14T22:22:27.707+0000] {processor.py:161} INFO - Started process (PID=138) to work on /home/airflow/.local/lib/python3.12/site-packages/airflow/example_dags/example_sla_dag.py
[2024-07-14T22:22:27.708+0000] {processor.py:830} INFO - Processing file /home/airflow/.local/lib/python3.12/site-packages/airflow/example_dags/example_sla_dag.py for tasks to queue
[2024-07-14T22:22:27.710+0000] {logging_mixin.py:188} INFO - [2024-07-14T22:22:27.709+0000] {dagbag.py:545} INFO - Filling up the DagBag from /home/airflow/.local/lib/python3.12/site-packages/airflow/example_dags/example_sla_dag.py
[2024-07-14T22:22:27.716+0000] {processor.py:840} INFO - DAG(s) 'example_sla_dag' retrieved from /home/airflow/.local/lib/python3.12/site-packages/airflow/example_dags/example_sla_dag.py
[2024-07-14T22:22:27.731+0000] {logging_mixin.py:188} INFO - [2024-07-14T22:22:27.731+0000] {dag.py:3096} INFO - Sync 1 DAGs
[2024-07-14T22:22:27.750+0000] {logging_mixin.py:188} INFO - [2024-07-14T22:22:27.750+0000] {dag.py:3954} INFO - Setting next_dagrun for example_sla_dag to 2024-07-14 22:20:00+00:00, run_after=2024-07-14 22:22:00+00:00
[2024-07-14T22:22:27.768+0000] {processor.py:183} INFO - Processing /home/airflow/.local/lib/python3.12/site-packages/airflow/example_dags/example_sla_dag.py took 0.068 seconds
[2024-07-14T22:22:58.186+0000] {processor.py:161} INFO - Started process (PID=197) to work on /home/airflow/.local/lib/python3.12/site-packages/airflow/example_dags/example_sla_dag.py
[2024-07-14T22:22:58.187+0000] {processor.py:830} INFO - Processing file /home/airflow/.local/lib/python3.12/site-packages/airflow/example_dags/example_sla_dag.py for tasks to queue
[2024-07-14T22:22:58.188+0000] {logging_mixin.py:188} INFO - [2024-07-14T22:22:58.188+0000] {dagbag.py:545} INFO - Filling up the DagBag from /home/airflow/.local/lib/python3.12/site-packages/airflow/example_dags/example_sla_dag.py
[2024-07-14T22:22:58.195+0000] {processor.py:840} INFO - DAG(s) 'example_sla_dag' retrieved from /home/airflow/.local/lib/python3.12/site-packages/airflow/example_dags/example_sla_dag.py
[2024-07-14T22:22:58.210+0000] {logging_mixin.py:188} INFO - [2024-07-14T22:22:58.209+0000] {dag.py:3096} INFO - Sync 1 DAGs
[2024-07-14T22:22:58.235+0000] {logging_mixin.py:188} INFO - [2024-07-14T22:22:58.234+0000] {dag.py:3954} INFO - Setting next_dagrun for example_sla_dag to 2024-07-14 22:20:00+00:00, run_after=2024-07-14 22:22:00+00:00
[2024-07-14T22:22:58.268+0000] {processor.py:183} INFO - Processing /home/airflow/.local/lib/python3.12/site-packages/airflow/example_dags/example_sla_dag.py took 0.086 seconds
[2024-07-14T22:23:28.655+0000] {processor.py:161} INFO - Started process (PID=256) to work on /home/airflow/.local/lib/python3.12/site-packages/airflow/example_dags/example_sla_dag.py
[2024-07-14T22:23:28.656+0000] {processor.py:830} INFO - Processing file /home/airflow/.local/lib/python3.12/site-packages/airflow/example_dags/example_sla_dag.py for tasks to queue
[2024-07-14T22:23:28.657+0000] {logging_mixin.py:188} INFO - [2024-07-14T22:23:28.657+0000] {dagbag.py:545} INFO - Filling up the DagBag from /home/airflow/.local/lib/python3.12/site-packages/airflow/example_dags/example_sla_dag.py
[2024-07-14T22:23:28.664+0000] {processor.py:840} INFO - DAG(s) 'example_sla_dag' retrieved from /home/airflow/.local/lib/python3.12/site-packages/airflow/example_dags/example_sla_dag.py
[2024-07-14T22:23:28.679+0000] {logging_mixin.py:188} INFO - [2024-07-14T22:23:28.679+0000] {dag.py:3096} INFO - Sync 1 DAGs
[2024-07-14T22:23:28.703+0000] {logging_mixin.py:188} INFO - [2024-07-14T22:23:28.703+0000] {dag.py:3954} INFO - Setting next_dagrun for example_sla_dag to 2024-07-14 22:20:00+00:00, run_after=2024-07-14 22:22:00+00:00
[2024-07-14T22:23:28.724+0000] {processor.py:183} INFO - Processing /home/airflow/.local/lib/python3.12/site-packages/airflow/example_dags/example_sla_dag.py took 0.073 seconds
[2024-07-14T22:23:58.888+0000] {processor.py:161} INFO - Started process (PID=315) to work on /home/airflow/.local/lib/python3.12/site-packages/airflow/example_dags/example_sla_dag.py
[2024-07-14T22:23:58.889+0000] {processor.py:830} INFO - Processing file /home/airflow/.local/lib/python3.12/site-packages/airflow/example_dags/example_sla_dag.py for tasks to queue
[2024-07-14T22:23:58.890+0000] {logging_mixin.py:188} INFO - [2024-07-14T22:23:58.890+0000] {dagbag.py:545} INFO - Filling up the DagBag from /home/airflow/.local/lib/python3.12/site-packages/airflow/example_dags/example_sla_dag.py
[2024-07-14T22:23:58.899+0000] {processor.py:840} INFO - DAG(s) 'example_sla_dag' retrieved from /home/airflow/.local/lib/python3.12/site-packages/airflow/example_dags/example_sla_dag.py
[2024-07-14T22:23:58.913+0000] {logging_mixin.py:188} INFO - [2024-07-14T22:23:58.913+0000] {dag.py:3096} INFO - Sync 1 DAGs
[2024-07-14T22:23:58.932+0000] {logging_mixin.py:188} INFO - [2024-07-14T22:23:58.932+0000] {dag.py:3954} INFO - Setting next_dagrun for example_sla_dag to 2024-07-14 22:20:00+00:00, run_after=2024-07-14 22:22:00+00:00
[2024-07-14T22:23:58.951+0000] {processor.py:183} INFO - Processing /home/airflow/.local/lib/python3.12/site-packages/airflow/example_dags/example_sla_dag.py took 0.070 seconds
[2024-07-14T22:24:29.507+0000] {processor.py:161} INFO - Started process (PID=373) to work on /home/airflow/.local/lib/python3.12/site-packages/airflow/example_dags/example_sla_dag.py
[2024-07-14T22:24:29.507+0000] {processor.py:830} INFO - Processing file /home/airflow/.local/lib/python3.12/site-packages/airflow/example_dags/example_sla_dag.py for tasks to queue
[2024-07-14T22:24:29.509+0000] {logging_mixin.py:188} INFO - [2024-07-14T22:24:29.508+0000] {dagbag.py:545} INFO - Filling up the DagBag from /home/airflow/.local/lib/python3.12/site-packages/airflow/example_dags/example_sla_dag.py
[2024-07-14T22:24:29.517+0000] {processor.py:840} INFO - DAG(s) 'example_sla_dag' retrieved from /home/airflow/.local/lib/python3.12/site-packages/airflow/example_dags/example_sla_dag.py
[2024-07-14T22:24:29.532+0000] {logging_mixin.py:188} INFO - [2024-07-14T22:24:29.532+0000] {dag.py:3096} INFO - Sync 1 DAGs
[2024-07-14T22:24:29.551+0000] {logging_mixin.py:188} INFO - [2024-07-14T22:24:29.551+0000] {dag.py:3954} INFO - Setting next_dagrun for example_sla_dag to 2024-07-14 22:22:00+00:00, run_after=2024-07-14 22:24:00+00:00
[2024-07-14T22:24:29.569+0000] {processor.py:183} INFO - Processing /home/airflow/.local/lib/python3.12/site-packages/airflow/example_dags/example_sla_dag.py took 0.069 seconds
[2024-07-14T22:25:00.136+0000] {processor.py:161} INFO - Started process (PID=431) to work on /home/airflow/.local/lib/python3.12/site-packages/airflow/example_dags/example_sla_dag.py
[2024-07-14T22:25:00.136+0000] {processor.py:830} INFO - Processing file /home/airflow/.local/lib/python3.12/site-packages/airflow/example_dags/example_sla_dag.py for tasks to queue
[2024-07-14T22:25:00.138+0000] {logging_mixin.py:188} INFO - [2024-07-14T22:25:00.137+0000] {dagbag.py:545} INFO - Filling up the DagBag from /home/airflow/.local/lib/python3.12/site-packages/airflow/example_dags/example_sla_dag.py
[2024-07-14T22:25:00.144+0000] {processor.py:840} INFO - DAG(s) 'example_sla_dag' retrieved from /home/airflow/.local/lib/python3.12/site-packages/airflow/example_dags/example_sla_dag.py
[2024-07-14T22:25:00.160+0000] {logging_mixin.py:188} INFO - [2024-07-14T22:25:00.160+0000] {dag.py:3096} INFO - Sync 1 DAGs
[2024-07-14T22:25:00.180+0000] {logging_mixin.py:188} INFO - [2024-07-14T22:25:00.180+0000] {dag.py:3954} INFO - Setting next_dagrun for example_sla_dag to 2024-07-14 22:22:00+00:00, run_after=2024-07-14 22:24:00+00:00
[2024-07-14T22:25:00.200+0000] {processor.py:183} INFO - Processing /home/airflow/.local/lib/python3.12/site-packages/airflow/example_dags/example_sla_dag.py took 0.068 seconds
[2024-07-14T22:25:31.854+0000] {processor.py:161} INFO - Started process (PID=490) to work on /home/airflow/.local/lib/python3.12/site-packages/airflow/example_dags/example_sla_dag.py
[2024-07-14T22:25:31.855+0000] {processor.py:830} INFO - Processing file /home/airflow/.local/lib/python3.12/site-packages/airflow/example_dags/example_sla_dag.py for tasks to queue
[2024-07-14T22:25:31.856+0000] {logging_mixin.py:188} INFO - [2024-07-14T22:25:31.856+0000] {dagbag.py:545} INFO - Filling up the DagBag from /home/airflow/.local/lib/python3.12/site-packages/airflow/example_dags/example_sla_dag.py
[2024-07-14T22:25:31.866+0000] {processor.py:840} INFO - DAG(s) 'example_sla_dag' retrieved from /home/airflow/.local/lib/python3.12/site-packages/airflow/example_dags/example_sla_dag.py
[2024-07-14T22:25:31.889+0000] {logging_mixin.py:188} INFO - [2024-07-14T22:25:31.888+0000] {dag.py:3096} INFO - Sync 1 DAGs
[2024-07-14T22:25:31.919+0000] {logging_mixin.py:188} INFO - [2024-07-14T22:25:31.919+0000] {dag.py:3954} INFO - Setting next_dagrun for example_sla_dag to 2024-07-14 22:22:00+00:00, run_after=2024-07-14 22:24:00+00:00
[2024-07-14T22:25:31.946+0000] {processor.py:183} INFO - Processing /home/airflow/.local/lib/python3.12/site-packages/airflow/example_dags/example_sla_dag.py took 0.099 seconds
[2024-07-14T22:26:02.530+0000] {processor.py:161} INFO - Started process (PID=549) to work on /home/airflow/.local/lib/python3.12/site-packages/airflow/example_dags/example_sla_dag.py
[2024-07-14T22:26:02.531+0000] {processor.py:830} INFO - Processing file /home/airflow/.local/lib/python3.12/site-packages/airflow/example_dags/example_sla_dag.py for tasks to queue
[2024-07-14T22:26:02.532+0000] {logging_mixin.py:188} INFO - [2024-07-14T22:26:02.532+0000] {dagbag.py:545} INFO - Filling up the DagBag from /home/airflow/.local/lib/python3.12/site-packages/airflow/example_dags/example_sla_dag.py
[2024-07-14T22:26:02.542+0000] {processor.py:840} INFO - DAG(s) 'example_sla_dag' retrieved from /home/airflow/.local/lib/python3.12/site-packages/airflow/example_dags/example_sla_dag.py
[2024-07-14T22:26:02.564+0000] {logging_mixin.py:188} INFO - [2024-07-14T22:26:02.564+0000] {dag.py:3096} INFO - Sync 1 DAGs
[2024-07-14T22:26:02.593+0000] {logging_mixin.py:188} INFO - [2024-07-14T22:26:02.593+0000] {dag.py:3954} INFO - Setting next_dagrun for example_sla_dag to 2024-07-14 22:24:00+00:00, run_after=2024-07-14 22:26:00+00:00
[2024-07-14T22:26:02.618+0000] {processor.py:183} INFO - Processing /home/airflow/.local/lib/python3.12/site-packages/airflow/example_dags/example_sla_dag.py took 0.095 seconds
[2024-07-14T22:26:33.088+0000] {processor.py:161} INFO - Started process (PID=608) to work on /home/airflow/.local/lib/python3.12/site-packages/airflow/example_dags/example_sla_dag.py
[2024-07-14T22:26:33.089+0000] {processor.py:830} INFO - Processing file /home/airflow/.local/lib/python3.12/site-packages/airflow/example_dags/example_sla_dag.py for tasks to queue
[2024-07-14T22:26:33.091+0000] {logging_mixin.py:188} INFO - [2024-07-14T22:26:33.091+0000] {dagbag.py:545} INFO - Filling up the DagBag from /home/airflow/.local/lib/python3.12/site-packages/airflow/example_dags/example_sla_dag.py
[2024-07-14T22:26:33.100+0000] {processor.py:840} INFO - DAG(s) 'example_sla_dag' retrieved from /home/airflow/.local/lib/python3.12/site-packages/airflow/example_dags/example_sla_dag.py
[2024-07-14T22:26:33.120+0000] {logging_mixin.py:188} INFO - [2024-07-14T22:26:33.120+0000] {dag.py:3096} INFO - Sync 1 DAGs
[2024-07-14T22:26:33.149+0000] {logging_mixin.py:188} INFO - [2024-07-14T22:26:33.149+0000] {dag.py:3954} INFO - Setting next_dagrun for example_sla_dag to 2024-07-14 22:24:00+00:00, run_after=2024-07-14 22:26:00+00:00
[2024-07-14T22:26:33.174+0000] {processor.py:183} INFO - Processing /home/airflow/.local/lib/python3.12/site-packages/airflow/example_dags/example_sla_dag.py took 0.092 seconds
[2024-07-14T22:27:03.444+0000] {processor.py:161} INFO - Started process (PID=667) to work on /home/airflow/.local/lib/python3.12/site-packages/airflow/example_dags/example_sla_dag.py
[2024-07-14T22:27:03.445+0000] {processor.py:830} INFO - Processing file /home/airflow/.local/lib/python3.12/site-packages/airflow/example_dags/example_sla_dag.py for tasks to queue
[2024-07-14T22:27:03.447+0000] {logging_mixin.py:188} INFO - [2024-07-14T22:27:03.447+0000] {dagbag.py:545} INFO - Filling up the DagBag from /home/airflow/.local/lib/python3.12/site-packages/airflow/example_dags/example_sla_dag.py
[2024-07-14T22:27:03.457+0000] {processor.py:840} INFO - DAG(s) 'example_sla_dag' retrieved from /home/airflow/.local/lib/python3.12/site-packages/airflow/example_dags/example_sla_dag.py
[2024-07-14T22:27:03.479+0000] {logging_mixin.py:188} INFO - [2024-07-14T22:27:03.479+0000] {dag.py:3096} INFO - Sync 1 DAGs
[2024-07-14T22:27:03.509+0000] {logging_mixin.py:188} INFO - [2024-07-14T22:27:03.509+0000] {dag.py:3954} INFO - Setting next_dagrun for example_sla_dag to 2024-07-14 22:24:00+00:00, run_after=2024-07-14 22:26:00+00:00
[2024-07-14T22:27:03.532+0000] {processor.py:183} INFO - Processing /home/airflow/.local/lib/python3.12/site-packages/airflow/example_dags/example_sla_dag.py took 0.101 seconds
[2024-07-14T22:27:33.998+0000] {processor.py:161} INFO - Started process (PID=726) to work on /home/airflow/.local/lib/python3.12/site-packages/airflow/example_dags/example_sla_dag.py
[2024-07-14T22:27:33.999+0000] {processor.py:830} INFO - Processing file /home/airflow/.local/lib/python3.12/site-packages/airflow/example_dags/example_sla_dag.py for tasks to queue
[2024-07-14T22:27:34.001+0000] {logging_mixin.py:188} INFO - [2024-07-14T22:27:34.000+0000] {dagbag.py:545} INFO - Filling up the DagBag from /home/airflow/.local/lib/python3.12/site-packages/airflow/example_dags/example_sla_dag.py
[2024-07-14T22:27:34.010+0000] {processor.py:840} INFO - DAG(s) 'example_sla_dag' retrieved from /home/airflow/.local/lib/python3.12/site-packages/airflow/example_dags/example_sla_dag.py
[2024-07-14T22:27:34.032+0000] {logging_mixin.py:188} INFO - [2024-07-14T22:27:34.032+0000] {dag.py:3096} INFO - Sync 1 DAGs
[2024-07-14T22:27:34.061+0000] {logging_mixin.py:188} INFO - [2024-07-14T22:27:34.061+0000] {dag.py:3954} INFO - Setting next_dagrun for example_sla_dag to 2024-07-14 22:24:00+00:00, run_after=2024-07-14 22:26:00+00:00
[2024-07-14T22:27:34.083+0000] {processor.py:183} INFO - Processing /home/airflow/.local/lib/python3.12/site-packages/airflow/example_dags/example_sla_dag.py took 0.091 seconds
[2024-07-14T22:28:05.172+0000] {processor.py:161} INFO - Started process (PID=787) to work on /home/airflow/.local/lib/python3.12/site-packages/airflow/example_dags/example_sla_dag.py
[2024-07-14T22:28:05.172+0000] {processor.py:830} INFO - Processing file /home/airflow/.local/lib/python3.12/site-packages/airflow/example_dags/example_sla_dag.py for tasks to queue
[2024-07-14T22:28:05.173+0000] {logging_mixin.py:188} INFO - [2024-07-14T22:28:05.173+0000] {dagbag.py:545} INFO - Filling up the DagBag from /home/airflow/.local/lib/python3.12/site-packages/airflow/example_dags/example_sla_dag.py
[2024-07-14T22:28:05.180+0000] {processor.py:840} INFO - DAG(s) 'example_sla_dag' retrieved from /home/airflow/.local/lib/python3.12/site-packages/airflow/example_dags/example_sla_dag.py
[2024-07-14T22:28:05.195+0000] {logging_mixin.py:188} INFO - [2024-07-14T22:28:05.195+0000] {dag.py:3096} INFO - Sync 1 DAGs
[2024-07-14T22:28:05.214+0000] {logging_mixin.py:188} INFO - [2024-07-14T22:28:05.214+0000] {dag.py:3954} INFO - Setting next_dagrun for example_sla_dag to 2024-07-14 22:26:00+00:00, run_after=2024-07-14 22:28:00+00:00
[2024-07-14T22:28:05.233+0000] {processor.py:183} INFO - Processing /home/airflow/.local/lib/python3.12/site-packages/airflow/example_dags/example_sla_dag.py took 0.066 seconds
[2024-07-14T22:28:35.984+0000] {processor.py:161} INFO - Started process (PID=846) to work on /home/airflow/.local/lib/python3.12/site-packages/airflow/example_dags/example_sla_dag.py
[2024-07-14T22:28:35.985+0000] {processor.py:830} INFO - Processing file /home/airflow/.local/lib/python3.12/site-packages/airflow/example_dags/example_sla_dag.py for tasks to queue
[2024-07-14T22:28:35.987+0000] {logging_mixin.py:188} INFO - [2024-07-14T22:28:35.986+0000] {dagbag.py:545} INFO - Filling up the DagBag from /home/airflow/.local/lib/python3.12/site-packages/airflow/example_dags/example_sla_dag.py
[2024-07-14T22:28:35.995+0000] {processor.py:840} INFO - DAG(s) 'example_sla_dag' retrieved from /home/airflow/.local/lib/python3.12/site-packages/airflow/example_dags/example_sla_dag.py
[2024-07-14T22:28:36.015+0000] {logging_mixin.py:188} INFO - [2024-07-14T22:28:36.015+0000] {dag.py:3096} INFO - Sync 1 DAGs
[2024-07-14T22:28:36.046+0000] {logging_mixin.py:188} INFO - [2024-07-14T22:28:36.046+0000] {dag.py:3954} INFO - Setting next_dagrun for example_sla_dag to 2024-07-14 22:26:00+00:00, run_after=2024-07-14 22:28:00+00:00
[2024-07-14T22:28:36.086+0000] {processor.py:183} INFO - Processing /home/airflow/.local/lib/python3.12/site-packages/airflow/example_dags/example_sla_dag.py took 0.107 seconds
[2024-07-14T22:29:06.153+0000] {processor.py:161} INFO - Started process (PID=904) to work on /home/airflow/.local/lib/python3.12/site-packages/airflow/example_dags/example_sla_dag.py
[2024-07-14T22:29:06.154+0000] {processor.py:830} INFO - Processing file /home/airflow/.local/lib/python3.12/site-packages/airflow/example_dags/example_sla_dag.py for tasks to queue
[2024-07-14T22:29:06.156+0000] {logging_mixin.py:188} INFO - [2024-07-14T22:29:06.155+0000] {dagbag.py:545} INFO - Filling up the DagBag from /home/airflow/.local/lib/python3.12/site-packages/airflow/example_dags/example_sla_dag.py
[2024-07-14T22:29:06.166+0000] {processor.py:840} INFO - DAG(s) 'example_sla_dag' retrieved from /home/airflow/.local/lib/python3.12/site-packages/airflow/example_dags/example_sla_dag.py
[2024-07-14T22:29:06.188+0000] {logging_mixin.py:188} INFO - [2024-07-14T22:29:06.188+0000] {dag.py:3096} INFO - Sync 1 DAGs
[2024-07-14T22:29:06.215+0000] {logging_mixin.py:188} INFO - [2024-07-14T22:29:06.215+0000] {dag.py:3954} INFO - Setting next_dagrun for example_sla_dag to 2024-07-14 22:26:00+00:00, run_after=2024-07-14 22:28:00+00:00
[2024-07-14T22:29:06.254+0000] {processor.py:183} INFO - Processing /home/airflow/.local/lib/python3.12/site-packages/airflow/example_dags/example_sla_dag.py took 0.107 seconds
[2024-07-14T22:29:36.553+0000] {processor.py:161} INFO - Started process (PID=962) to work on /home/airflow/.local/lib/python3.12/site-packages/airflow/example_dags/example_sla_dag.py
[2024-07-14T22:29:36.554+0000] {processor.py:830} INFO - Processing file /home/airflow/.local/lib/python3.12/site-packages/airflow/example_dags/example_sla_dag.py for tasks to queue
[2024-07-14T22:29:36.556+0000] {logging_mixin.py:188} INFO - [2024-07-14T22:29:36.555+0000] {dagbag.py:545} INFO - Filling up the DagBag from /home/airflow/.local/lib/python3.12/site-packages/airflow/example_dags/example_sla_dag.py
[2024-07-14T22:29:36.565+0000] {processor.py:840} INFO - DAG(s) 'example_sla_dag' retrieved from /home/airflow/.local/lib/python3.12/site-packages/airflow/example_dags/example_sla_dag.py
[2024-07-14T22:29:36.585+0000] {logging_mixin.py:188} INFO - [2024-07-14T22:29:36.585+0000] {dag.py:3096} INFO - Sync 1 DAGs
[2024-07-14T22:29:36.615+0000] {logging_mixin.py:188} INFO - [2024-07-14T22:29:36.615+0000] {dag.py:3954} INFO - Setting next_dagrun for example_sla_dag to 2024-07-14 22:26:00+00:00, run_after=2024-07-14 22:28:00+00:00
[2024-07-14T22:29:36.644+0000] {processor.py:183} INFO - Processing /home/airflow/.local/lib/python3.12/site-packages/airflow/example_dags/example_sla_dag.py took 0.096 seconds
[2024-07-14T22:30:06.697+0000] {processor.py:161} INFO - Started process (PID=1022) to work on /home/airflow/.local/lib/python3.12/site-packages/airflow/example_dags/example_sla_dag.py
[2024-07-14T22:30:06.698+0000] {processor.py:830} INFO - Processing file /home/airflow/.local/lib/python3.12/site-packages/airflow/example_dags/example_sla_dag.py for tasks to queue
[2024-07-14T22:30:06.700+0000] {logging_mixin.py:188} INFO - [2024-07-14T22:30:06.700+0000] {dagbag.py:545} INFO - Filling up the DagBag from /home/airflow/.local/lib/python3.12/site-packages/airflow/example_dags/example_sla_dag.py
[2024-07-14T22:30:06.709+0000] {processor.py:840} INFO - DAG(s) 'example_sla_dag' retrieved from /home/airflow/.local/lib/python3.12/site-packages/airflow/example_dags/example_sla_dag.py
[2024-07-14T22:30:06.730+0000] {logging_mixin.py:188} INFO - [2024-07-14T22:30:06.730+0000] {dag.py:3096} INFO - Sync 1 DAGs
[2024-07-14T22:30:06.759+0000] {logging_mixin.py:188} INFO - [2024-07-14T22:30:06.759+0000] {dag.py:3954} INFO - Setting next_dagrun for example_sla_dag to 2024-07-14 22:28:00+00:00, run_after=2024-07-14 22:30:00+00:00
[2024-07-14T22:30:06.782+0000] {processor.py:183} INFO - Processing /home/airflow/.local/lib/python3.12/site-packages/airflow/example_dags/example_sla_dag.py took 0.091 seconds
[2024-07-14T22:30:37.346+0000] {processor.py:161} INFO - Started process (PID=1081) to work on /home/airflow/.local/lib/python3.12/site-packages/airflow/example_dags/example_sla_dag.py
[2024-07-14T22:30:37.347+0000] {processor.py:830} INFO - Processing file /home/airflow/.local/lib/python3.12/site-packages/airflow/example_dags/example_sla_dag.py for tasks to queue
[2024-07-14T22:30:37.348+0000] {logging_mixin.py:188} INFO - [2024-07-14T22:30:37.348+0000] {dagbag.py:545} INFO - Filling up the DagBag from /home/airflow/.local/lib/python3.12/site-packages/airflow/example_dags/example_sla_dag.py
[2024-07-14T22:30:37.373+0000] {processor.py:840} INFO - DAG(s) 'example_sla_dag' retrieved from /home/airflow/.local/lib/python3.12/site-packages/airflow/example_dags/example_sla_dag.py
[2024-07-14T22:30:37.427+0000] {logging_mixin.py:188} INFO - [2024-07-14T22:30:37.427+0000] {dag.py:3096} INFO - Sync 1 DAGs
[2024-07-14T22:30:37.463+0000] {logging_mixin.py:188} INFO - [2024-07-14T22:30:37.462+0000] {dag.py:3954} INFO - Setting next_dagrun for example_sla_dag to 2024-07-14 22:28:00+00:00, run_after=2024-07-14 22:30:00+00:00
[2024-07-14T22:30:37.502+0000] {processor.py:183} INFO - Processing /home/airflow/.local/lib/python3.12/site-packages/airflow/example_dags/example_sla_dag.py took 0.174 seconds
[2024-07-14T22:31:08.181+0000] {processor.py:161} INFO - Started process (PID=1140) to work on /home/airflow/.local/lib/python3.12/site-packages/airflow/example_dags/example_sla_dag.py
[2024-07-14T22:31:08.186+0000] {processor.py:830} INFO - Processing file /home/airflow/.local/lib/python3.12/site-packages/airflow/example_dags/example_sla_dag.py for tasks to queue
[2024-07-14T22:31:08.187+0000] {logging_mixin.py:188} INFO - [2024-07-14T22:31:08.187+0000] {dagbag.py:545} INFO - Filling up the DagBag from /home/airflow/.local/lib/python3.12/site-packages/airflow/example_dags/example_sla_dag.py
[2024-07-14T22:31:08.204+0000] {processor.py:840} INFO - DAG(s) 'example_sla_dag' retrieved from /home/airflow/.local/lib/python3.12/site-packages/airflow/example_dags/example_sla_dag.py
[2024-07-14T22:31:08.240+0000] {logging_mixin.py:188} INFO - [2024-07-14T22:31:08.240+0000] {dag.py:3096} INFO - Sync 1 DAGs
[2024-07-14T22:31:08.301+0000] {logging_mixin.py:188} INFO - [2024-07-14T22:31:08.297+0000] {dag.py:3954} INFO - Setting next_dagrun for example_sla_dag to 2024-07-14 22:28:00+00:00, run_after=2024-07-14 22:30:00+00:00
[2024-07-14T22:31:08.343+0000] {processor.py:183} INFO - Processing /home/airflow/.local/lib/python3.12/site-packages/airflow/example_dags/example_sla_dag.py took 0.192 seconds
[2024-07-14T22:31:39.044+0000] {processor.py:161} INFO - Started process (PID=1199) to work on /home/airflow/.local/lib/python3.12/site-packages/airflow/example_dags/example_sla_dag.py
[2024-07-14T22:31:39.044+0000] {processor.py:830} INFO - Processing file /home/airflow/.local/lib/python3.12/site-packages/airflow/example_dags/example_sla_dag.py for tasks to queue
[2024-07-14T22:31:39.046+0000] {logging_mixin.py:188} INFO - [2024-07-14T22:31:39.045+0000] {dagbag.py:545} INFO - Filling up the DagBag from /home/airflow/.local/lib/python3.12/site-packages/airflow/example_dags/example_sla_dag.py
[2024-07-14T22:31:39.052+0000] {processor.py:840} INFO - DAG(s) 'example_sla_dag' retrieved from /home/airflow/.local/lib/python3.12/site-packages/airflow/example_dags/example_sla_dag.py
[2024-07-14T22:31:39.067+0000] {logging_mixin.py:188} INFO - [2024-07-14T22:31:39.067+0000] {dag.py:3096} INFO - Sync 1 DAGs
[2024-07-14T22:31:39.086+0000] {logging_mixin.py:188} INFO - [2024-07-14T22:31:39.086+0000] {dag.py:3954} INFO - Setting next_dagrun for example_sla_dag to 2024-07-14 22:28:00+00:00, run_after=2024-07-14 22:30:00+00:00
[2024-07-14T22:31:39.105+0000] {processor.py:183} INFO - Processing /home/airflow/.local/lib/python3.12/site-packages/airflow/example_dags/example_sla_dag.py took 0.066 seconds
[2024-07-14T22:32:09.587+0000] {processor.py:161} INFO - Started process (PID=1258) to work on /home/airflow/.local/lib/python3.12/site-packages/airflow/example_dags/example_sla_dag.py
[2024-07-14T22:32:09.587+0000] {processor.py:830} INFO - Processing file /home/airflow/.local/lib/python3.12/site-packages/airflow/example_dags/example_sla_dag.py for tasks to queue
[2024-07-14T22:32:09.589+0000] {logging_mixin.py:188} INFO - [2024-07-14T22:32:09.588+0000] {dagbag.py:545} INFO - Filling up the DagBag from /home/airflow/.local/lib/python3.12/site-packages/airflow/example_dags/example_sla_dag.py
[2024-07-14T22:32:09.595+0000] {processor.py:840} INFO - DAG(s) 'example_sla_dag' retrieved from /home/airflow/.local/lib/python3.12/site-packages/airflow/example_dags/example_sla_dag.py
[2024-07-14T22:32:09.610+0000] {logging_mixin.py:188} INFO - [2024-07-14T22:32:09.610+0000] {dag.py:3096} INFO - Sync 1 DAGs
[2024-07-14T22:32:09.629+0000] {logging_mixin.py:188} INFO - [2024-07-14T22:32:09.629+0000] {dag.py:3954} INFO - Setting next_dagrun for example_sla_dag to 2024-07-14 22:30:00+00:00, run_after=2024-07-14 22:32:00+00:00
[2024-07-14T22:32:09.648+0000] {processor.py:183} INFO - Processing /home/airflow/.local/lib/python3.12/site-packages/airflow/example_dags/example_sla_dag.py took 0.065 seconds
[2024-07-14T22:32:39.852+0000] {processor.py:161} INFO - Started process (PID=1317) to work on /home/airflow/.local/lib/python3.12/site-packages/airflow/example_dags/example_sla_dag.py
[2024-07-14T22:32:39.853+0000] {processor.py:830} INFO - Processing file /home/airflow/.local/lib/python3.12/site-packages/airflow/example_dags/example_sla_dag.py for tasks to queue
[2024-07-14T22:32:39.854+0000] {logging_mixin.py:188} INFO - [2024-07-14T22:32:39.854+0000] {dagbag.py:545} INFO - Filling up the DagBag from /home/airflow/.local/lib/python3.12/site-packages/airflow/example_dags/example_sla_dag.py
[2024-07-14T22:32:39.860+0000] {processor.py:840} INFO - DAG(s) 'example_sla_dag' retrieved from /home/airflow/.local/lib/python3.12/site-packages/airflow/example_dags/example_sla_dag.py
[2024-07-14T22:32:39.877+0000] {logging_mixin.py:188} INFO - [2024-07-14T22:32:39.876+0000] {dag.py:3096} INFO - Sync 1 DAGs
[2024-07-14T22:32:39.899+0000] {logging_mixin.py:188} INFO - [2024-07-14T22:32:39.899+0000] {dag.py:3954} INFO - Setting next_dagrun for example_sla_dag to 2024-07-14 22:30:00+00:00, run_after=2024-07-14 22:32:00+00:00
[2024-07-14T22:32:39.919+0000] {processor.py:183} INFO - Processing /home/airflow/.local/lib/python3.12/site-packages/airflow/example_dags/example_sla_dag.py took 0.071 seconds
[2024-07-14T22:33:10.373+0000] {processor.py:161} INFO - Started process (PID=1376) to work on /home/airflow/.local/lib/python3.12/site-packages/airflow/example_dags/example_sla_dag.py
[2024-07-14T22:33:10.374+0000] {processor.py:830} INFO - Processing file /home/airflow/.local/lib/python3.12/site-packages/airflow/example_dags/example_sla_dag.py for tasks to queue
[2024-07-14T22:33:10.375+0000] {logging_mixin.py:188} INFO - [2024-07-14T22:33:10.375+0000] {dagbag.py:545} INFO - Filling up the DagBag from /home/airflow/.local/lib/python3.12/site-packages/airflow/example_dags/example_sla_dag.py
[2024-07-14T22:33:10.381+0000] {processor.py:840} INFO - DAG(s) 'example_sla_dag' retrieved from /home/airflow/.local/lib/python3.12/site-packages/airflow/example_dags/example_sla_dag.py
[2024-07-14T22:33:10.397+0000] {logging_mixin.py:188} INFO - [2024-07-14T22:33:10.397+0000] {dag.py:3096} INFO - Sync 1 DAGs
[2024-07-14T22:33:10.416+0000] {logging_mixin.py:188} INFO - [2024-07-14T22:33:10.416+0000] {dag.py:3954} INFO - Setting next_dagrun for example_sla_dag to 2024-07-14 22:30:00+00:00, run_after=2024-07-14 22:32:00+00:00
[2024-07-14T22:33:10.435+0000] {processor.py:183} INFO - Processing /home/airflow/.local/lib/python3.12/site-packages/airflow/example_dags/example_sla_dag.py took 0.066 seconds
[2024-07-14T22:33:41.108+0000] {processor.py:161} INFO - Started process (PID=1435) to work on /home/airflow/.local/lib/python3.12/site-packages/airflow/example_dags/example_sla_dag.py
[2024-07-14T22:33:41.108+0000] {processor.py:830} INFO - Processing file /home/airflow/.local/lib/python3.12/site-packages/airflow/example_dags/example_sla_dag.py for tasks to queue
[2024-07-14T22:33:41.111+0000] {logging_mixin.py:188} INFO - [2024-07-14T22:33:41.110+0000] {dagbag.py:545} INFO - Filling up the DagBag from /home/airflow/.local/lib/python3.12/site-packages/airflow/example_dags/example_sla_dag.py
[2024-07-14T22:33:41.120+0000] {processor.py:840} INFO - DAG(s) 'example_sla_dag' retrieved from /home/airflow/.local/lib/python3.12/site-packages/airflow/example_dags/example_sla_dag.py
[2024-07-14T22:33:41.148+0000] {logging_mixin.py:188} INFO - [2024-07-14T22:33:41.147+0000] {dag.py:3096} INFO - Sync 1 DAGs
[2024-07-14T22:33:41.179+0000] {logging_mixin.py:188} INFO - [2024-07-14T22:33:41.179+0000] {dag.py:3954} INFO - Setting next_dagrun for example_sla_dag to 2024-07-14 22:30:00+00:00, run_after=2024-07-14 22:32:00+00:00
[2024-07-14T22:33:41.204+0000] {processor.py:183} INFO - Processing /home/airflow/.local/lib/python3.12/site-packages/airflow/example_dags/example_sla_dag.py took 0.103 seconds
[2024-07-14T22:34:11.455+0000] {processor.py:161} INFO - Started process (PID=1494) to work on /home/airflow/.local/lib/python3.12/site-packages/airflow/example_dags/example_sla_dag.py
[2024-07-14T22:34:11.455+0000] {processor.py:830} INFO - Processing file /home/airflow/.local/lib/python3.12/site-packages/airflow/example_dags/example_sla_dag.py for tasks to queue
[2024-07-14T22:34:11.457+0000] {logging_mixin.py:188} INFO - [2024-07-14T22:34:11.457+0000] {dagbag.py:545} INFO - Filling up the DagBag from /home/airflow/.local/lib/python3.12/site-packages/airflow/example_dags/example_sla_dag.py
[2024-07-14T22:34:11.466+0000] {processor.py:840} INFO - DAG(s) 'example_sla_dag' retrieved from /home/airflow/.local/lib/python3.12/site-packages/airflow/example_dags/example_sla_dag.py
[2024-07-14T22:34:11.488+0000] {logging_mixin.py:188} INFO - [2024-07-14T22:34:11.488+0000] {dag.py:3096} INFO - Sync 1 DAGs
[2024-07-14T22:34:11.517+0000] {logging_mixin.py:188} INFO - [2024-07-14T22:34:11.517+0000] {dag.py:3954} INFO - Setting next_dagrun for example_sla_dag to 2024-07-14 22:32:00+00:00, run_after=2024-07-14 22:34:00+00:00
[2024-07-14T22:34:11.540+0000] {processor.py:183} INFO - Processing /home/airflow/.local/lib/python3.12/site-packages/airflow/example_dags/example_sla_dag.py took 0.091 seconds
[2024-07-14T22:34:42.237+0000] {processor.py:161} INFO - Started process (PID=1553) to work on /home/airflow/.local/lib/python3.12/site-packages/airflow/example_dags/example_sla_dag.py
[2024-07-14T22:34:42.238+0000] {processor.py:830} INFO - Processing file /home/airflow/.local/lib/python3.12/site-packages/airflow/example_dags/example_sla_dag.py for tasks to queue
[2024-07-14T22:34:42.240+0000] {logging_mixin.py:188} INFO - [2024-07-14T22:34:42.240+0000] {dagbag.py:545} INFO - Filling up the DagBag from /home/airflow/.local/lib/python3.12/site-packages/airflow/example_dags/example_sla_dag.py
[2024-07-14T22:34:42.249+0000] {processor.py:840} INFO - DAG(s) 'example_sla_dag' retrieved from /home/airflow/.local/lib/python3.12/site-packages/airflow/example_dags/example_sla_dag.py
[2024-07-14T22:34:42.271+0000] {logging_mixin.py:188} INFO - [2024-07-14T22:34:42.270+0000] {dag.py:3096} INFO - Sync 1 DAGs
[2024-07-14T22:34:42.301+0000] {logging_mixin.py:188} INFO - [2024-07-14T22:34:42.300+0000] {dag.py:3954} INFO - Setting next_dagrun for example_sla_dag to 2024-07-14 22:32:00+00:00, run_after=2024-07-14 22:34:00+00:00
[2024-07-14T22:34:42.323+0000] {processor.py:183} INFO - Processing /home/airflow/.local/lib/python3.12/site-packages/airflow/example_dags/example_sla_dag.py took 0.092 seconds
[2024-07-14T22:35:13.141+0000] {processor.py:161} INFO - Started process (PID=1612) to work on /home/airflow/.local/lib/python3.12/site-packages/airflow/example_dags/example_sla_dag.py
[2024-07-14T22:35:13.142+0000] {processor.py:830} INFO - Processing file /home/airflow/.local/lib/python3.12/site-packages/airflow/example_dags/example_sla_dag.py for tasks to queue
[2024-07-14T22:35:13.143+0000] {logging_mixin.py:188} INFO - [2024-07-14T22:35:13.143+0000] {dagbag.py:545} INFO - Filling up the DagBag from /home/airflow/.local/lib/python3.12/site-packages/airflow/example_dags/example_sla_dag.py
[2024-07-14T22:35:13.153+0000] {processor.py:840} INFO - DAG(s) 'example_sla_dag' retrieved from /home/airflow/.local/lib/python3.12/site-packages/airflow/example_dags/example_sla_dag.py
[2024-07-14T22:35:13.174+0000] {logging_mixin.py:188} INFO - [2024-07-14T22:35:13.174+0000] {dag.py:3096} INFO - Sync 1 DAGs
[2024-07-14T22:35:13.204+0000] {logging_mixin.py:188} INFO - [2024-07-14T22:35:13.204+0000] {dag.py:3954} INFO - Setting next_dagrun for example_sla_dag to 2024-07-14 22:32:00+00:00, run_after=2024-07-14 22:34:00+00:00
[2024-07-14T22:35:13.228+0000] {processor.py:183} INFO - Processing /home/airflow/.local/lib/python3.12/site-packages/airflow/example_dags/example_sla_dag.py took 0.094 seconds
[2024-07-14T22:35:43.931+0000] {processor.py:161} INFO - Started process (PID=1671) to work on /home/airflow/.local/lib/python3.12/site-packages/airflow/example_dags/example_sla_dag.py
[2024-07-14T22:35:43.932+0000] {processor.py:830} INFO - Processing file /home/airflow/.local/lib/python3.12/site-packages/airflow/example_dags/example_sla_dag.py for tasks to queue
[2024-07-14T22:35:43.933+0000] {logging_mixin.py:188} INFO - [2024-07-14T22:35:43.933+0000] {dagbag.py:545} INFO - Filling up the DagBag from /home/airflow/.local/lib/python3.12/site-packages/airflow/example_dags/example_sla_dag.py
[2024-07-14T22:35:43.942+0000] {processor.py:840} INFO - DAG(s) 'example_sla_dag' retrieved from /home/airflow/.local/lib/python3.12/site-packages/airflow/example_dags/example_sla_dag.py
[2024-07-14T22:35:43.963+0000] {logging_mixin.py:188} INFO - [2024-07-14T22:35:43.963+0000] {dag.py:3096} INFO - Sync 1 DAGs
[2024-07-14T22:35:43.992+0000] {logging_mixin.py:188} INFO - [2024-07-14T22:35:43.992+0000] {dag.py:3954} INFO - Setting next_dagrun for example_sla_dag to 2024-07-14 22:32:00+00:00, run_after=2024-07-14 22:34:00+00:00
[2024-07-14T22:35:44.013+0000] {processor.py:183} INFO - Processing /home/airflow/.local/lib/python3.12/site-packages/airflow/example_dags/example_sla_dag.py took 0.089 seconds
[2024-07-14T22:36:15.206+0000] {processor.py:161} INFO - Started process (PID=1731) to work on /home/airflow/.local/lib/python3.12/site-packages/airflow/example_dags/example_sla_dag.py
[2024-07-14T22:36:15.207+0000] {processor.py:830} INFO - Processing file /home/airflow/.local/lib/python3.12/site-packages/airflow/example_dags/example_sla_dag.py for tasks to queue
[2024-07-14T22:36:15.208+0000] {logging_mixin.py:188} INFO - [2024-07-14T22:36:15.208+0000] {dagbag.py:545} INFO - Filling up the DagBag from /home/airflow/.local/lib/python3.12/site-packages/airflow/example_dags/example_sla_dag.py
[2024-07-14T22:36:15.218+0000] {processor.py:840} INFO - DAG(s) 'example_sla_dag' retrieved from /home/airflow/.local/lib/python3.12/site-packages/airflow/example_dags/example_sla_dag.py
[2024-07-14T22:36:15.240+0000] {logging_mixin.py:188} INFO - [2024-07-14T22:36:15.240+0000] {dag.py:3096} INFO - Sync 1 DAGs
[2024-07-14T22:36:15.269+0000] {logging_mixin.py:188} INFO - [2024-07-14T22:36:15.269+0000] {dag.py:3954} INFO - Setting next_dagrun for example_sla_dag to 2024-07-14 22:34:00+00:00, run_after=2024-07-14 22:36:00+00:00
[2024-07-14T22:36:15.431+0000] {processor.py:183} INFO - Processing /home/airflow/.local/lib/python3.12/site-packages/airflow/example_dags/example_sla_dag.py took 0.232 seconds
[2024-07-14T22:36:46.007+0000] {processor.py:161} INFO - Started process (PID=1790) to work on /home/airflow/.local/lib/python3.12/site-packages/airflow/example_dags/example_sla_dag.py
[2024-07-14T22:36:46.008+0000] {processor.py:830} INFO - Processing file /home/airflow/.local/lib/python3.12/site-packages/airflow/example_dags/example_sla_dag.py for tasks to queue
[2024-07-14T22:36:46.010+0000] {logging_mixin.py:188} INFO - [2024-07-14T22:36:46.010+0000] {dagbag.py:545} INFO - Filling up the DagBag from /home/airflow/.local/lib/python3.12/site-packages/airflow/example_dags/example_sla_dag.py
[2024-07-14T22:36:46.020+0000] {processor.py:840} INFO - DAG(s) 'example_sla_dag' retrieved from /home/airflow/.local/lib/python3.12/site-packages/airflow/example_dags/example_sla_dag.py
[2024-07-14T22:36:46.042+0000] {logging_mixin.py:188} INFO - [2024-07-14T22:36:46.042+0000] {dag.py:3096} INFO - Sync 1 DAGs
[2024-07-14T22:36:46.086+0000] {logging_mixin.py:188} INFO - [2024-07-14T22:36:46.086+0000] {dag.py:3954} INFO - Setting next_dagrun for example_sla_dag to 2024-07-14 22:34:00+00:00, run_after=2024-07-14 22:36:00+00:00
[2024-07-14T22:36:46.408+0000] {processor.py:183} INFO - Processing /home/airflow/.local/lib/python3.12/site-packages/airflow/example_dags/example_sla_dag.py took 0.414 seconds
[2024-07-14T22:37:16.765+0000] {processor.py:161} INFO - Started process (PID=1849) to work on /home/airflow/.local/lib/python3.12/site-packages/airflow/example_dags/example_sla_dag.py
[2024-07-14T22:37:16.766+0000] {processor.py:830} INFO - Processing file /home/airflow/.local/lib/python3.12/site-packages/airflow/example_dags/example_sla_dag.py for tasks to queue
[2024-07-14T22:37:16.767+0000] {logging_mixin.py:188} INFO - [2024-07-14T22:37:16.767+0000] {dagbag.py:545} INFO - Filling up the DagBag from /home/airflow/.local/lib/python3.12/site-packages/airflow/example_dags/example_sla_dag.py
[2024-07-14T22:37:16.777+0000] {processor.py:840} INFO - DAG(s) 'example_sla_dag' retrieved from /home/airflow/.local/lib/python3.12/site-packages/airflow/example_dags/example_sla_dag.py
[2024-07-14T22:37:16.799+0000] {logging_mixin.py:188} INFO - [2024-07-14T22:37:16.799+0000] {dag.py:3096} INFO - Sync 1 DAGs
[2024-07-14T22:37:16.828+0000] {logging_mixin.py:188} INFO - [2024-07-14T22:37:16.828+0000] {dag.py:3954} INFO - Setting next_dagrun for example_sla_dag to 2024-07-14 22:34:00+00:00, run_after=2024-07-14 22:36:00+00:00
[2024-07-14T22:37:16.853+0000] {processor.py:183} INFO - Processing /home/airflow/.local/lib/python3.12/site-packages/airflow/example_dags/example_sla_dag.py took 0.094 seconds
[2024-07-14T22:37:47.201+0000] {processor.py:161} INFO - Started process (PID=1908) to work on /home/airflow/.local/lib/python3.12/site-packages/airflow/example_dags/example_sla_dag.py
[2024-07-14T22:37:47.202+0000] {processor.py:830} INFO - Processing file /home/airflow/.local/lib/python3.12/site-packages/airflow/example_dags/example_sla_dag.py for tasks to queue
[2024-07-14T22:37:47.204+0000] {logging_mixin.py:188} INFO - [2024-07-14T22:37:47.204+0000] {dagbag.py:545} INFO - Filling up the DagBag from /home/airflow/.local/lib/python3.12/site-packages/airflow/example_dags/example_sla_dag.py
[2024-07-14T22:37:47.406+0000] {processor.py:840} INFO - DAG(s) 'example_sla_dag' retrieved from /home/airflow/.local/lib/python3.12/site-packages/airflow/example_dags/example_sla_dag.py
[2024-07-14T22:37:47.433+0000] {logging_mixin.py:188} INFO - [2024-07-14T22:37:47.432+0000] {dag.py:3096} INFO - Sync 1 DAGs
[2024-07-14T22:37:47.463+0000] {logging_mixin.py:188} INFO - [2024-07-14T22:37:47.462+0000] {dag.py:3954} INFO - Setting next_dagrun for example_sla_dag to 2024-07-14 22:34:00+00:00, run_after=2024-07-14 22:36:00+00:00
[2024-07-14T22:37:47.504+0000] {processor.py:183} INFO - Processing /home/airflow/.local/lib/python3.12/site-packages/airflow/example_dags/example_sla_dag.py took 0.309 seconds
[2024-07-14T22:38:17.791+0000] {processor.py:161} INFO - Started process (PID=1967) to work on /home/airflow/.local/lib/python3.12/site-packages/airflow/example_dags/example_sla_dag.py
[2024-07-14T22:38:17.792+0000] {processor.py:830} INFO - Processing file /home/airflow/.local/lib/python3.12/site-packages/airflow/example_dags/example_sla_dag.py for tasks to queue
[2024-07-14T22:38:17.794+0000] {logging_mixin.py:188} INFO - [2024-07-14T22:38:17.793+0000] {dagbag.py:545} INFO - Filling up the DagBag from /home/airflow/.local/lib/python3.12/site-packages/airflow/example_dags/example_sla_dag.py
[2024-07-14T22:38:17.804+0000] {processor.py:840} INFO - DAG(s) 'example_sla_dag' retrieved from /home/airflow/.local/lib/python3.12/site-packages/airflow/example_dags/example_sla_dag.py
[2024-07-14T22:38:17.838+0000] {logging_mixin.py:188} INFO - [2024-07-14T22:38:17.838+0000] {dag.py:3096} INFO - Sync 1 DAGs
[2024-07-14T22:38:17.868+0000] {logging_mixin.py:188} INFO - [2024-07-14T22:38:17.868+0000] {dag.py:3954} INFO - Setting next_dagrun for example_sla_dag to 2024-07-14 22:36:00+00:00, run_after=2024-07-14 22:38:00+00:00
[2024-07-14T22:38:17.892+0000] {processor.py:183} INFO - Processing /home/airflow/.local/lib/python3.12/site-packages/airflow/example_dags/example_sla_dag.py took 0.107 seconds
[2024-07-14T22:38:48.364+0000] {processor.py:161} INFO - Started process (PID=2026) to work on /home/airflow/.local/lib/python3.12/site-packages/airflow/example_dags/example_sla_dag.py
[2024-07-14T22:38:48.365+0000] {processor.py:830} INFO - Processing file /home/airflow/.local/lib/python3.12/site-packages/airflow/example_dags/example_sla_dag.py for tasks to queue
[2024-07-14T22:38:48.366+0000] {logging_mixin.py:188} INFO - [2024-07-14T22:38:48.366+0000] {dagbag.py:545} INFO - Filling up the DagBag from /home/airflow/.local/lib/python3.12/site-packages/airflow/example_dags/example_sla_dag.py
[2024-07-14T22:38:48.375+0000] {processor.py:840} INFO - DAG(s) 'example_sla_dag' retrieved from /home/airflow/.local/lib/python3.12/site-packages/airflow/example_dags/example_sla_dag.py
[2024-07-14T22:38:48.396+0000] {logging_mixin.py:188} INFO - [2024-07-14T22:38:48.395+0000] {dag.py:3096} INFO - Sync 1 DAGs
[2024-07-14T22:38:48.423+0000] {logging_mixin.py:188} INFO - [2024-07-14T22:38:48.423+0000] {dag.py:3954} INFO - Setting next_dagrun for example_sla_dag to 2024-07-14 22:36:00+00:00, run_after=2024-07-14 22:38:00+00:00
[2024-07-14T22:38:48.445+0000] {processor.py:183} INFO - Processing /home/airflow/.local/lib/python3.12/site-packages/airflow/example_dags/example_sla_dag.py took 0.088 seconds
[2024-07-14T22:39:18.757+0000] {processor.py:161} INFO - Started process (PID=2085) to work on /home/airflow/.local/lib/python3.12/site-packages/airflow/example_dags/example_sla_dag.py
[2024-07-14T22:39:18.758+0000] {processor.py:830} INFO - Processing file /home/airflow/.local/lib/python3.12/site-packages/airflow/example_dags/example_sla_dag.py for tasks to queue
[2024-07-14T22:39:18.760+0000] {logging_mixin.py:188} INFO - [2024-07-14T22:39:18.760+0000] {dagbag.py:545} INFO - Filling up the DagBag from /home/airflow/.local/lib/python3.12/site-packages/airflow/example_dags/example_sla_dag.py
[2024-07-14T22:39:18.769+0000] {processor.py:840} INFO - DAG(s) 'example_sla_dag' retrieved from /home/airflow/.local/lib/python3.12/site-packages/airflow/example_dags/example_sla_dag.py
[2024-07-14T22:39:18.787+0000] {logging_mixin.py:188} INFO - [2024-07-14T22:39:18.787+0000] {dag.py:3096} INFO - Sync 1 DAGs
[2024-07-14T22:39:18.815+0000] {logging_mixin.py:188} INFO - [2024-07-14T22:39:18.815+0000] {dag.py:3954} INFO - Setting next_dagrun for example_sla_dag to 2024-07-14 22:36:00+00:00, run_after=2024-07-14 22:38:00+00:00
[2024-07-14T22:39:18.839+0000] {processor.py:183} INFO - Processing /home/airflow/.local/lib/python3.12/site-packages/airflow/example_dags/example_sla_dag.py took 0.089 seconds
