[2024-07-14T22:21:43.431+0000] {processor.py:161} INFO - Started process (PID=36) to work on /home/airflow/.local/lib/python3.12/site-packages/airflow/example_dags/example_external_task_marker_dag.py
[2024-07-14T22:21:43.432+0000] {processor.py:830} INFO - Processing file /home/airflow/.local/lib/python3.12/site-packages/airflow/example_dags/example_external_task_marker_dag.py for tasks to queue
[2024-07-14T22:21:43.436+0000] {logging_mixin.py:188} INFO - [2024-07-14T22:21:43.434+0000] {dagbag.py:545} INFO - Filling up the DagBag from /home/airflow/.local/lib/python3.12/site-packages/airflow/example_dags/example_external_task_marker_dag.py
[2024-07-14T22:21:43.508+0000] {processor.py:840} INFO - DAG(s) 'example_external_task_marker_child', 'example_external_task_marker_parent' retrieved from /home/airflow/.local/lib/python3.12/site-packages/airflow/example_dags/example_external_task_marker_dag.py
[2024-07-14T22:21:44.017+0000] {logging_mixin.py:188} INFO - [2024-07-14T22:21:44.016+0000] {dag.py:3096} INFO - Sync 2 DAGs
[2024-07-14T22:21:44.045+0000] {logging_mixin.py:188} INFO - [2024-07-14T22:21:44.045+0000] {dag.py:3954} INFO - Setting next_dagrun for example_external_task_marker_child to None, run_after=None
[2024-07-14T22:21:44.088+0000] {logging_mixin.py:188} INFO - [2024-07-14T22:21:44.087+0000] {dag.py:3954} INFO - Setting next_dagrun for example_external_task_marker_parent to None, run_after=None
[2024-07-14T22:21:44.193+0000] {processor.py:183} INFO - Processing /home/airflow/.local/lib/python3.12/site-packages/airflow/example_dags/example_external_task_marker_dag.py took 0.786 seconds
[2024-07-14T22:22:15.138+0000] {processor.py:161} INFO - Started process (PID=95) to work on /home/airflow/.local/lib/python3.12/site-packages/airflow/example_dags/example_external_task_marker_dag.py
[2024-07-14T22:22:15.139+0000] {processor.py:830} INFO - Processing file /home/airflow/.local/lib/python3.12/site-packages/airflow/example_dags/example_external_task_marker_dag.py for tasks to queue
[2024-07-14T22:22:15.141+0000] {logging_mixin.py:188} INFO - [2024-07-14T22:22:15.140+0000] {dagbag.py:545} INFO - Filling up the DagBag from /home/airflow/.local/lib/python3.12/site-packages/airflow/example_dags/example_external_task_marker_dag.py
[2024-07-14T22:22:15.147+0000] {processor.py:840} INFO - DAG(s) 'example_external_task_marker_parent', 'example_external_task_marker_child' retrieved from /home/airflow/.local/lib/python3.12/site-packages/airflow/example_dags/example_external_task_marker_dag.py
[2024-07-14T22:22:15.173+0000] {logging_mixin.py:188} INFO - [2024-07-14T22:22:15.173+0000] {dag.py:3096} INFO - Sync 2 DAGs
[2024-07-14T22:22:15.189+0000] {logging_mixin.py:188} INFO - [2024-07-14T22:22:15.189+0000] {dag.py:3954} INFO - Setting next_dagrun for example_external_task_marker_child to None, run_after=None
[2024-07-14T22:22:15.193+0000] {logging_mixin.py:188} INFO - [2024-07-14T22:22:15.193+0000] {dag.py:3954} INFO - Setting next_dagrun for example_external_task_marker_parent to None, run_after=None
[2024-07-14T22:22:15.219+0000] {processor.py:183} INFO - Processing /home/airflow/.local/lib/python3.12/site-packages/airflow/example_dags/example_external_task_marker_dag.py took 0.086 seconds
[2024-07-14T22:22:45.375+0000] {processor.py:161} INFO - Started process (PID=154) to work on /home/airflow/.local/lib/python3.12/site-packages/airflow/example_dags/example_external_task_marker_dag.py
[2024-07-14T22:22:45.376+0000] {processor.py:830} INFO - Processing file /home/airflow/.local/lib/python3.12/site-packages/airflow/example_dags/example_external_task_marker_dag.py for tasks to queue
[2024-07-14T22:22:45.377+0000] {logging_mixin.py:188} INFO - [2024-07-14T22:22:45.377+0000] {dagbag.py:545} INFO - Filling up the DagBag from /home/airflow/.local/lib/python3.12/site-packages/airflow/example_dags/example_external_task_marker_dag.py
[2024-07-14T22:22:45.384+0000] {processor.py:840} INFO - DAG(s) 'example_external_task_marker_child', 'example_external_task_marker_parent' retrieved from /home/airflow/.local/lib/python3.12/site-packages/airflow/example_dags/example_external_task_marker_dag.py
[2024-07-14T22:22:45.410+0000] {logging_mixin.py:188} INFO - [2024-07-14T22:22:45.410+0000] {dag.py:3096} INFO - Sync 2 DAGs
[2024-07-14T22:22:45.429+0000] {logging_mixin.py:188} INFO - [2024-07-14T22:22:45.428+0000] {dag.py:3954} INFO - Setting next_dagrun for example_external_task_marker_child to None, run_after=None
[2024-07-14T22:22:45.433+0000] {logging_mixin.py:188} INFO - [2024-07-14T22:22:45.433+0000] {dag.py:3954} INFO - Setting next_dagrun for example_external_task_marker_parent to None, run_after=None
[2024-07-14T22:22:45.453+0000] {processor.py:183} INFO - Processing /home/airflow/.local/lib/python3.12/site-packages/airflow/example_dags/example_external_task_marker_dag.py took 0.084 seconds
[2024-07-14T22:23:16.221+0000] {processor.py:161} INFO - Started process (PID=213) to work on /home/airflow/.local/lib/python3.12/site-packages/airflow/example_dags/example_external_task_marker_dag.py
[2024-07-14T22:23:16.221+0000] {processor.py:830} INFO - Processing file /home/airflow/.local/lib/python3.12/site-packages/airflow/example_dags/example_external_task_marker_dag.py for tasks to queue
[2024-07-14T22:23:16.223+0000] {logging_mixin.py:188} INFO - [2024-07-14T22:23:16.223+0000] {dagbag.py:545} INFO - Filling up the DagBag from /home/airflow/.local/lib/python3.12/site-packages/airflow/example_dags/example_external_task_marker_dag.py
[2024-07-14T22:23:16.230+0000] {processor.py:840} INFO - DAG(s) 'example_external_task_marker_child', 'example_external_task_marker_parent' retrieved from /home/airflow/.local/lib/python3.12/site-packages/airflow/example_dags/example_external_task_marker_dag.py
[2024-07-14T22:23:16.256+0000] {logging_mixin.py:188} INFO - [2024-07-14T22:23:16.256+0000] {dag.py:3096} INFO - Sync 2 DAGs
[2024-07-14T22:23:16.281+0000] {logging_mixin.py:188} INFO - [2024-07-14T22:23:16.281+0000] {dag.py:3954} INFO - Setting next_dagrun for example_external_task_marker_child to None, run_after=None
[2024-07-14T22:23:16.297+0000] {logging_mixin.py:188} INFO - [2024-07-14T22:23:16.297+0000] {dag.py:3954} INFO - Setting next_dagrun for example_external_task_marker_parent to None, run_after=None
[2024-07-14T22:23:16.371+0000] {processor.py:183} INFO - Processing /home/airflow/.local/lib/python3.12/site-packages/airflow/example_dags/example_external_task_marker_dag.py took 0.158 seconds
[2024-07-14T22:23:47.348+0000] {processor.py:161} INFO - Started process (PID=272) to work on /home/airflow/.local/lib/python3.12/site-packages/airflow/example_dags/example_external_task_marker_dag.py
[2024-07-14T22:23:47.348+0000] {processor.py:830} INFO - Processing file /home/airflow/.local/lib/python3.12/site-packages/airflow/example_dags/example_external_task_marker_dag.py for tasks to queue
[2024-07-14T22:23:47.362+0000] {logging_mixin.py:188} INFO - [2024-07-14T22:23:47.362+0000] {dagbag.py:545} INFO - Filling up the DagBag from /home/airflow/.local/lib/python3.12/site-packages/airflow/example_dags/example_external_task_marker_dag.py
[2024-07-14T22:23:47.387+0000] {processor.py:840} INFO - DAG(s) 'example_external_task_marker_child', 'example_external_task_marker_parent' retrieved from /home/airflow/.local/lib/python3.12/site-packages/airflow/example_dags/example_external_task_marker_dag.py
[2024-07-14T22:23:47.442+0000] {logging_mixin.py:188} INFO - [2024-07-14T22:23:47.442+0000] {dag.py:3096} INFO - Sync 2 DAGs
[2024-07-14T22:23:47.476+0000] {logging_mixin.py:188} INFO - [2024-07-14T22:23:47.476+0000] {dag.py:3954} INFO - Setting next_dagrun for example_external_task_marker_child to None, run_after=None
[2024-07-14T22:23:47.486+0000] {logging_mixin.py:188} INFO - [2024-07-14T22:23:47.486+0000] {dag.py:3954} INFO - Setting next_dagrun for example_external_task_marker_parent to None, run_after=None
[2024-07-14T22:23:47.516+0000] {processor.py:183} INFO - Processing /home/airflow/.local/lib/python3.12/site-packages/airflow/example_dags/example_external_task_marker_dag.py took 0.178 seconds
[2024-07-14T22:24:17.776+0000] {processor.py:161} INFO - Started process (PID=331) to work on /home/airflow/.local/lib/python3.12/site-packages/airflow/example_dags/example_external_task_marker_dag.py
[2024-07-14T22:24:17.776+0000] {processor.py:830} INFO - Processing file /home/airflow/.local/lib/python3.12/site-packages/airflow/example_dags/example_external_task_marker_dag.py for tasks to queue
[2024-07-14T22:24:17.778+0000] {logging_mixin.py:188} INFO - [2024-07-14T22:24:17.778+0000] {dagbag.py:545} INFO - Filling up the DagBag from /home/airflow/.local/lib/python3.12/site-packages/airflow/example_dags/example_external_task_marker_dag.py
[2024-07-14T22:24:17.784+0000] {processor.py:840} INFO - DAG(s) 'example_external_task_marker_child', 'example_external_task_marker_parent' retrieved from /home/airflow/.local/lib/python3.12/site-packages/airflow/example_dags/example_external_task_marker_dag.py
[2024-07-14T22:24:17.812+0000] {logging_mixin.py:188} INFO - [2024-07-14T22:24:17.812+0000] {dag.py:3096} INFO - Sync 2 DAGs
[2024-07-14T22:24:17.832+0000] {logging_mixin.py:188} INFO - [2024-07-14T22:24:17.832+0000] {dag.py:3954} INFO - Setting next_dagrun for example_external_task_marker_child to None, run_after=None
[2024-07-14T22:24:17.837+0000] {logging_mixin.py:188} INFO - [2024-07-14T22:24:17.837+0000] {dag.py:3954} INFO - Setting next_dagrun for example_external_task_marker_parent to None, run_after=None
[2024-07-14T22:24:17.856+0000] {processor.py:183} INFO - Processing /home/airflow/.local/lib/python3.12/site-packages/airflow/example_dags/example_external_task_marker_dag.py took 0.086 seconds
[2024-07-14T22:24:48.210+0000] {processor.py:161} INFO - Started process (PID=389) to work on /home/airflow/.local/lib/python3.12/site-packages/airflow/example_dags/example_external_task_marker_dag.py
[2024-07-14T22:24:48.211+0000] {processor.py:830} INFO - Processing file /home/airflow/.local/lib/python3.12/site-packages/airflow/example_dags/example_external_task_marker_dag.py for tasks to queue
[2024-07-14T22:24:48.213+0000] {logging_mixin.py:188} INFO - [2024-07-14T22:24:48.212+0000] {dagbag.py:545} INFO - Filling up the DagBag from /home/airflow/.local/lib/python3.12/site-packages/airflow/example_dags/example_external_task_marker_dag.py
[2024-07-14T22:24:48.219+0000] {processor.py:840} INFO - DAG(s) 'example_external_task_marker_parent', 'example_external_task_marker_child' retrieved from /home/airflow/.local/lib/python3.12/site-packages/airflow/example_dags/example_external_task_marker_dag.py
[2024-07-14T22:24:48.245+0000] {logging_mixin.py:188} INFO - [2024-07-14T22:24:48.245+0000] {dag.py:3096} INFO - Sync 2 DAGs
[2024-07-14T22:24:48.261+0000] {logging_mixin.py:188} INFO - [2024-07-14T22:24:48.261+0000] {dag.py:3954} INFO - Setting next_dagrun for example_external_task_marker_child to None, run_after=None
[2024-07-14T22:24:48.269+0000] {logging_mixin.py:188} INFO - [2024-07-14T22:24:48.268+0000] {dag.py:3954} INFO - Setting next_dagrun for example_external_task_marker_parent to None, run_after=None
[2024-07-14T22:24:48.288+0000] {processor.py:183} INFO - Processing /home/airflow/.local/lib/python3.12/site-packages/airflow/example_dags/example_external_task_marker_dag.py took 0.084 seconds
[2024-07-14T22:25:18.906+0000] {processor.py:161} INFO - Started process (PID=447) to work on /home/airflow/.local/lib/python3.12/site-packages/airflow/example_dags/example_external_task_marker_dag.py
[2024-07-14T22:25:18.907+0000] {processor.py:830} INFO - Processing file /home/airflow/.local/lib/python3.12/site-packages/airflow/example_dags/example_external_task_marker_dag.py for tasks to queue
[2024-07-14T22:25:18.908+0000] {logging_mixin.py:188} INFO - [2024-07-14T22:25:18.908+0000] {dagbag.py:545} INFO - Filling up the DagBag from /home/airflow/.local/lib/python3.12/site-packages/airflow/example_dags/example_external_task_marker_dag.py
[2024-07-14T22:25:18.915+0000] {processor.py:840} INFO - DAG(s) 'example_external_task_marker_parent', 'example_external_task_marker_child' retrieved from /home/airflow/.local/lib/python3.12/site-packages/airflow/example_dags/example_external_task_marker_dag.py
[2024-07-14T22:25:18.942+0000] {logging_mixin.py:188} INFO - [2024-07-14T22:25:18.941+0000] {dag.py:3096} INFO - Sync 2 DAGs
[2024-07-14T22:25:18.958+0000] {logging_mixin.py:188} INFO - [2024-07-14T22:25:18.958+0000] {dag.py:3954} INFO - Setting next_dagrun for example_external_task_marker_child to None, run_after=None
[2024-07-14T22:25:18.962+0000] {logging_mixin.py:188} INFO - [2024-07-14T22:25:18.962+0000] {dag.py:3954} INFO - Setting next_dagrun for example_external_task_marker_parent to None, run_after=None
[2024-07-14T22:25:18.983+0000] {processor.py:183} INFO - Processing /home/airflow/.local/lib/python3.12/site-packages/airflow/example_dags/example_external_task_marker_dag.py took 0.083 seconds
[2024-07-14T22:25:49.387+0000] {processor.py:161} INFO - Started process (PID=506) to work on /home/airflow/.local/lib/python3.12/site-packages/airflow/example_dags/example_external_task_marker_dag.py
[2024-07-14T22:25:49.387+0000] {processor.py:830} INFO - Processing file /home/airflow/.local/lib/python3.12/site-packages/airflow/example_dags/example_external_task_marker_dag.py for tasks to queue
[2024-07-14T22:25:49.389+0000] {logging_mixin.py:188} INFO - [2024-07-14T22:25:49.389+0000] {dagbag.py:545} INFO - Filling up the DagBag from /home/airflow/.local/lib/python3.12/site-packages/airflow/example_dags/example_external_task_marker_dag.py
[2024-07-14T22:25:49.396+0000] {processor.py:840} INFO - DAG(s) 'example_external_task_marker_child', 'example_external_task_marker_parent' retrieved from /home/airflow/.local/lib/python3.12/site-packages/airflow/example_dags/example_external_task_marker_dag.py
[2024-07-14T22:25:49.422+0000] {logging_mixin.py:188} INFO - [2024-07-14T22:25:49.422+0000] {dag.py:3096} INFO - Sync 2 DAGs
[2024-07-14T22:25:49.438+0000] {logging_mixin.py:188} INFO - [2024-07-14T22:25:49.437+0000] {dag.py:3954} INFO - Setting next_dagrun for example_external_task_marker_child to None, run_after=None
[2024-07-14T22:25:49.442+0000] {logging_mixin.py:188} INFO - [2024-07-14T22:25:49.442+0000] {dag.py:3954} INFO - Setting next_dagrun for example_external_task_marker_parent to None, run_after=None
[2024-07-14T22:25:49.462+0000] {processor.py:183} INFO - Processing /home/airflow/.local/lib/python3.12/site-packages/airflow/example_dags/example_external_task_marker_dag.py took 0.087 seconds
[2024-07-14T22:26:19.687+0000] {processor.py:161} INFO - Started process (PID=565) to work on /home/airflow/.local/lib/python3.12/site-packages/airflow/example_dags/example_external_task_marker_dag.py
[2024-07-14T22:26:19.688+0000] {processor.py:830} INFO - Processing file /home/airflow/.local/lib/python3.12/site-packages/airflow/example_dags/example_external_task_marker_dag.py for tasks to queue
[2024-07-14T22:26:19.690+0000] {logging_mixin.py:188} INFO - [2024-07-14T22:26:19.689+0000] {dagbag.py:545} INFO - Filling up the DagBag from /home/airflow/.local/lib/python3.12/site-packages/airflow/example_dags/example_external_task_marker_dag.py
[2024-07-14T22:26:19.701+0000] {processor.py:840} INFO - DAG(s) 'example_external_task_marker_parent', 'example_external_task_marker_child' retrieved from /home/airflow/.local/lib/python3.12/site-packages/airflow/example_dags/example_external_task_marker_dag.py
[2024-07-14T22:26:19.728+0000] {logging_mixin.py:188} INFO - [2024-07-14T22:26:19.728+0000] {dag.py:3096} INFO - Sync 2 DAGs
[2024-07-14T22:26:19.745+0000] {logging_mixin.py:188} INFO - [2024-07-14T22:26:19.744+0000] {dag.py:3954} INFO - Setting next_dagrun for example_external_task_marker_child to None, run_after=None
[2024-07-14T22:26:19.749+0000] {logging_mixin.py:188} INFO - [2024-07-14T22:26:19.749+0000] {dag.py:3954} INFO - Setting next_dagrun for example_external_task_marker_parent to None, run_after=None
[2024-07-14T22:26:19.771+0000] {processor.py:183} INFO - Processing /home/airflow/.local/lib/python3.12/site-packages/airflow/example_dags/example_external_task_marker_dag.py took 0.097 seconds
[2024-07-14T22:26:49.872+0000] {processor.py:161} INFO - Started process (PID=624) to work on /home/airflow/.local/lib/python3.12/site-packages/airflow/example_dags/example_external_task_marker_dag.py
[2024-07-14T22:26:49.873+0000] {processor.py:830} INFO - Processing file /home/airflow/.local/lib/python3.12/site-packages/airflow/example_dags/example_external_task_marker_dag.py for tasks to queue
[2024-07-14T22:26:49.874+0000] {logging_mixin.py:188} INFO - [2024-07-14T22:26:49.874+0000] {dagbag.py:545} INFO - Filling up the DagBag from /home/airflow/.local/lib/python3.12/site-packages/airflow/example_dags/example_external_task_marker_dag.py
[2024-07-14T22:26:49.881+0000] {processor.py:840} INFO - DAG(s) 'example_external_task_marker_parent', 'example_external_task_marker_child' retrieved from /home/airflow/.local/lib/python3.12/site-packages/airflow/example_dags/example_external_task_marker_dag.py
[2024-07-14T22:26:49.910+0000] {logging_mixin.py:188} INFO - [2024-07-14T22:26:49.909+0000] {dag.py:3096} INFO - Sync 2 DAGs
[2024-07-14T22:26:49.927+0000] {logging_mixin.py:188} INFO - [2024-07-14T22:26:49.927+0000] {dag.py:3954} INFO - Setting next_dagrun for example_external_task_marker_child to None, run_after=None
[2024-07-14T22:26:49.931+0000] {logging_mixin.py:188} INFO - [2024-07-14T22:26:49.931+0000] {dag.py:3954} INFO - Setting next_dagrun for example_external_task_marker_parent to None, run_after=None
[2024-07-14T22:26:49.952+0000] {processor.py:183} INFO - Processing /home/airflow/.local/lib/python3.12/site-packages/airflow/example_dags/example_external_task_marker_dag.py took 0.086 seconds
[2024-07-14T22:27:20.383+0000] {processor.py:161} INFO - Started process (PID=683) to work on /home/airflow/.local/lib/python3.12/site-packages/airflow/example_dags/example_external_task_marker_dag.py
[2024-07-14T22:27:20.383+0000] {processor.py:830} INFO - Processing file /home/airflow/.local/lib/python3.12/site-packages/airflow/example_dags/example_external_task_marker_dag.py for tasks to queue
[2024-07-14T22:27:20.385+0000] {logging_mixin.py:188} INFO - [2024-07-14T22:27:20.385+0000] {dagbag.py:545} INFO - Filling up the DagBag from /home/airflow/.local/lib/python3.12/site-packages/airflow/example_dags/example_external_task_marker_dag.py
[2024-07-14T22:27:20.396+0000] {processor.py:840} INFO - DAG(s) 'example_external_task_marker_child', 'example_external_task_marker_parent' retrieved from /home/airflow/.local/lib/python3.12/site-packages/airflow/example_dags/example_external_task_marker_dag.py
[2024-07-14T22:27:20.458+0000] {logging_mixin.py:188} INFO - [2024-07-14T22:27:20.458+0000] {dag.py:3096} INFO - Sync 2 DAGs
[2024-07-14T22:27:20.481+0000] {logging_mixin.py:188} INFO - [2024-07-14T22:27:20.481+0000] {dag.py:3954} INFO - Setting next_dagrun for example_external_task_marker_child to None, run_after=None
[2024-07-14T22:27:20.487+0000] {logging_mixin.py:188} INFO - [2024-07-14T22:27:20.487+0000] {dag.py:3954} INFO - Setting next_dagrun for example_external_task_marker_parent to None, run_after=None
[2024-07-14T22:27:20.531+0000] {processor.py:183} INFO - Processing /home/airflow/.local/lib/python3.12/site-packages/airflow/example_dags/example_external_task_marker_dag.py took 0.154 seconds
[2024-07-14T22:27:50.678+0000] {processor.py:161} INFO - Started process (PID=742) to work on /home/airflow/.local/lib/python3.12/site-packages/airflow/example_dags/example_external_task_marker_dag.py
[2024-07-14T22:27:50.679+0000] {processor.py:830} INFO - Processing file /home/airflow/.local/lib/python3.12/site-packages/airflow/example_dags/example_external_task_marker_dag.py for tasks to queue
[2024-07-14T22:27:50.680+0000] {logging_mixin.py:188} INFO - [2024-07-14T22:27:50.680+0000] {dagbag.py:545} INFO - Filling up the DagBag from /home/airflow/.local/lib/python3.12/site-packages/airflow/example_dags/example_external_task_marker_dag.py
[2024-07-14T22:27:50.688+0000] {processor.py:840} INFO - DAG(s) 'example_external_task_marker_child', 'example_external_task_marker_parent' retrieved from /home/airflow/.local/lib/python3.12/site-packages/airflow/example_dags/example_external_task_marker_dag.py
[2024-07-14T22:27:50.725+0000] {logging_mixin.py:188} INFO - [2024-07-14T22:27:50.725+0000] {dag.py:3096} INFO - Sync 2 DAGs
[2024-07-14T22:27:50.741+0000] {logging_mixin.py:188} INFO - [2024-07-14T22:27:50.741+0000] {dag.py:3954} INFO - Setting next_dagrun for example_external_task_marker_child to None, run_after=None
[2024-07-14T22:27:50.745+0000] {logging_mixin.py:188} INFO - [2024-07-14T22:27:50.745+0000] {dag.py:3954} INFO - Setting next_dagrun for example_external_task_marker_parent to None, run_after=None
[2024-07-14T22:27:50.765+0000] {processor.py:183} INFO - Processing /home/airflow/.local/lib/python3.12/site-packages/airflow/example_dags/example_external_task_marker_dag.py took 0.093 seconds
[2024-07-14T22:28:21.420+0000] {processor.py:161} INFO - Started process (PID=803) to work on /home/airflow/.local/lib/python3.12/site-packages/airflow/example_dags/example_external_task_marker_dag.py
[2024-07-14T22:28:21.421+0000] {processor.py:830} INFO - Processing file /home/airflow/.local/lib/python3.12/site-packages/airflow/example_dags/example_external_task_marker_dag.py for tasks to queue
[2024-07-14T22:28:21.422+0000] {logging_mixin.py:188} INFO - [2024-07-14T22:28:21.422+0000] {dagbag.py:545} INFO - Filling up the DagBag from /home/airflow/.local/lib/python3.12/site-packages/airflow/example_dags/example_external_task_marker_dag.py
[2024-07-14T22:28:21.429+0000] {processor.py:840} INFO - DAG(s) 'example_external_task_marker_parent', 'example_external_task_marker_child' retrieved from /home/airflow/.local/lib/python3.12/site-packages/airflow/example_dags/example_external_task_marker_dag.py
[2024-07-14T22:28:21.456+0000] {logging_mixin.py:188} INFO - [2024-07-14T22:28:21.456+0000] {dag.py:3096} INFO - Sync 2 DAGs
[2024-07-14T22:28:21.472+0000] {logging_mixin.py:188} INFO - [2024-07-14T22:28:21.471+0000] {dag.py:3954} INFO - Setting next_dagrun for example_external_task_marker_child to None, run_after=None
[2024-07-14T22:28:21.476+0000] {logging_mixin.py:188} INFO - [2024-07-14T22:28:21.476+0000] {dag.py:3954} INFO - Setting next_dagrun for example_external_task_marker_parent to None, run_after=None
[2024-07-14T22:28:21.496+0000] {processor.py:183} INFO - Processing /home/airflow/.local/lib/python3.12/site-packages/airflow/example_dags/example_external_task_marker_dag.py took 0.083 seconds
[2024-07-14T22:28:51.677+0000] {processor.py:161} INFO - Started process (PID=862) to work on /home/airflow/.local/lib/python3.12/site-packages/airflow/example_dags/example_external_task_marker_dag.py
[2024-07-14T22:28:51.686+0000] {processor.py:830} INFO - Processing file /home/airflow/.local/lib/python3.12/site-packages/airflow/example_dags/example_external_task_marker_dag.py for tasks to queue
[2024-07-14T22:28:51.688+0000] {logging_mixin.py:188} INFO - [2024-07-14T22:28:51.687+0000] {dagbag.py:545} INFO - Filling up the DagBag from /home/airflow/.local/lib/python3.12/site-packages/airflow/example_dags/example_external_task_marker_dag.py
[2024-07-14T22:28:51.712+0000] {processor.py:840} INFO - DAG(s) 'example_external_task_marker_child', 'example_external_task_marker_parent' retrieved from /home/airflow/.local/lib/python3.12/site-packages/airflow/example_dags/example_external_task_marker_dag.py
[2024-07-14T22:28:51.786+0000] {logging_mixin.py:188} INFO - [2024-07-14T22:28:51.786+0000] {dag.py:3096} INFO - Sync 2 DAGs
[2024-07-14T22:28:51.836+0000] {logging_mixin.py:188} INFO - [2024-07-14T22:28:51.835+0000] {dag.py:3954} INFO - Setting next_dagrun for example_external_task_marker_child to None, run_after=None
[2024-07-14T22:28:51.850+0000] {logging_mixin.py:188} INFO - [2024-07-14T22:28:51.850+0000] {dag.py:3954} INFO - Setting next_dagrun for example_external_task_marker_parent to None, run_after=None
[2024-07-14T22:28:51.893+0000] {processor.py:183} INFO - Processing /home/airflow/.local/lib/python3.12/site-packages/airflow/example_dags/example_external_task_marker_dag.py took 0.222 seconds
[2024-07-14T22:29:22.067+0000] {processor.py:161} INFO - Started process (PID=920) to work on /home/airflow/.local/lib/python3.12/site-packages/airflow/example_dags/example_external_task_marker_dag.py
[2024-07-14T22:29:22.067+0000] {processor.py:830} INFO - Processing file /home/airflow/.local/lib/python3.12/site-packages/airflow/example_dags/example_external_task_marker_dag.py for tasks to queue
[2024-07-14T22:29:22.069+0000] {logging_mixin.py:188} INFO - [2024-07-14T22:29:22.069+0000] {dagbag.py:545} INFO - Filling up the DagBag from /home/airflow/.local/lib/python3.12/site-packages/airflow/example_dags/example_external_task_marker_dag.py
[2024-07-14T22:29:22.076+0000] {processor.py:840} INFO - DAG(s) 'example_external_task_marker_child', 'example_external_task_marker_parent' retrieved from /home/airflow/.local/lib/python3.12/site-packages/airflow/example_dags/example_external_task_marker_dag.py
[2024-07-14T22:29:22.104+0000] {logging_mixin.py:188} INFO - [2024-07-14T22:29:22.104+0000] {dag.py:3096} INFO - Sync 2 DAGs
[2024-07-14T22:29:22.130+0000] {logging_mixin.py:188} INFO - [2024-07-14T22:29:22.130+0000] {dag.py:3954} INFO - Setting next_dagrun for example_external_task_marker_child to None, run_after=None
[2024-07-14T22:29:22.135+0000] {logging_mixin.py:188} INFO - [2024-07-14T22:29:22.134+0000] {dag.py:3954} INFO - Setting next_dagrun for example_external_task_marker_parent to None, run_after=None
[2024-07-14T22:29:22.160+0000] {processor.py:183} INFO - Processing /home/airflow/.local/lib/python3.12/site-packages/airflow/example_dags/example_external_task_marker_dag.py took 0.099 seconds
[2024-07-14T22:29:52.462+0000] {processor.py:161} INFO - Started process (PID=979) to work on /home/airflow/.local/lib/python3.12/site-packages/airflow/example_dags/example_external_task_marker_dag.py
[2024-07-14T22:29:52.463+0000] {processor.py:830} INFO - Processing file /home/airflow/.local/lib/python3.12/site-packages/airflow/example_dags/example_external_task_marker_dag.py for tasks to queue
[2024-07-14T22:29:52.464+0000] {logging_mixin.py:188} INFO - [2024-07-14T22:29:52.464+0000] {dagbag.py:545} INFO - Filling up the DagBag from /home/airflow/.local/lib/python3.12/site-packages/airflow/example_dags/example_external_task_marker_dag.py
[2024-07-14T22:29:52.471+0000] {processor.py:840} INFO - DAG(s) 'example_external_task_marker_parent', 'example_external_task_marker_child' retrieved from /home/airflow/.local/lib/python3.12/site-packages/airflow/example_dags/example_external_task_marker_dag.py
[2024-07-14T22:29:52.498+0000] {logging_mixin.py:188} INFO - [2024-07-14T22:29:52.498+0000] {dag.py:3096} INFO - Sync 2 DAGs
[2024-07-14T22:29:52.514+0000] {logging_mixin.py:188} INFO - [2024-07-14T22:29:52.514+0000] {dag.py:3954} INFO - Setting next_dagrun for example_external_task_marker_child to None, run_after=None
[2024-07-14T22:29:52.518+0000] {logging_mixin.py:188} INFO - [2024-07-14T22:29:52.518+0000] {dag.py:3954} INFO - Setting next_dagrun for example_external_task_marker_parent to None, run_after=None
[2024-07-14T22:29:52.539+0000] {processor.py:183} INFO - Processing /home/airflow/.local/lib/python3.12/site-packages/airflow/example_dags/example_external_task_marker_dag.py took 0.083 seconds
[2024-07-14T22:30:23.152+0000] {processor.py:161} INFO - Started process (PID=1039) to work on /home/airflow/.local/lib/python3.12/site-packages/airflow/example_dags/example_external_task_marker_dag.py
[2024-07-14T22:30:23.153+0000] {processor.py:830} INFO - Processing file /home/airflow/.local/lib/python3.12/site-packages/airflow/example_dags/example_external_task_marker_dag.py for tasks to queue
[2024-07-14T22:30:23.155+0000] {logging_mixin.py:188} INFO - [2024-07-14T22:30:23.155+0000] {dagbag.py:545} INFO - Filling up the DagBag from /home/airflow/.local/lib/python3.12/site-packages/airflow/example_dags/example_external_task_marker_dag.py
[2024-07-14T22:30:23.161+0000] {processor.py:840} INFO - DAG(s) 'example_external_task_marker_child', 'example_external_task_marker_parent' retrieved from /home/airflow/.local/lib/python3.12/site-packages/airflow/example_dags/example_external_task_marker_dag.py
[2024-07-14T22:30:23.188+0000] {logging_mixin.py:188} INFO - [2024-07-14T22:30:23.188+0000] {dag.py:3096} INFO - Sync 2 DAGs
[2024-07-14T22:30:23.207+0000] {logging_mixin.py:188} INFO - [2024-07-14T22:30:23.205+0000] {dag.py:3954} INFO - Setting next_dagrun for example_external_task_marker_child to None, run_after=None
[2024-07-14T22:30:23.211+0000] {logging_mixin.py:188} INFO - [2024-07-14T22:30:23.211+0000] {dag.py:3954} INFO - Setting next_dagrun for example_external_task_marker_parent to None, run_after=None
[2024-07-14T22:30:23.231+0000] {processor.py:183} INFO - Processing /home/airflow/.local/lib/python3.12/site-packages/airflow/example_dags/example_external_task_marker_dag.py took 0.084 seconds
[2024-07-14T22:30:53.504+0000] {processor.py:161} INFO - Started process (PID=1098) to work on /home/airflow/.local/lib/python3.12/site-packages/airflow/example_dags/example_external_task_marker_dag.py
[2024-07-14T22:30:53.504+0000] {processor.py:830} INFO - Processing file /home/airflow/.local/lib/python3.12/site-packages/airflow/example_dags/example_external_task_marker_dag.py for tasks to queue
[2024-07-14T22:30:53.506+0000] {logging_mixin.py:188} INFO - [2024-07-14T22:30:53.506+0000] {dagbag.py:545} INFO - Filling up the DagBag from /home/airflow/.local/lib/python3.12/site-packages/airflow/example_dags/example_external_task_marker_dag.py
[2024-07-14T22:30:53.512+0000] {processor.py:840} INFO - DAG(s) 'example_external_task_marker_child', 'example_external_task_marker_parent' retrieved from /home/airflow/.local/lib/python3.12/site-packages/airflow/example_dags/example_external_task_marker_dag.py
[2024-07-14T22:30:53.539+0000] {logging_mixin.py:188} INFO - [2024-07-14T22:30:53.539+0000] {dag.py:3096} INFO - Sync 2 DAGs
[2024-07-14T22:30:53.555+0000] {logging_mixin.py:188} INFO - [2024-07-14T22:30:53.555+0000] {dag.py:3954} INFO - Setting next_dagrun for example_external_task_marker_child to None, run_after=None
[2024-07-14T22:30:53.561+0000] {logging_mixin.py:188} INFO - [2024-07-14T22:30:53.560+0000] {dag.py:3954} INFO - Setting next_dagrun for example_external_task_marker_parent to None, run_after=None
[2024-07-14T22:30:53.581+0000] {processor.py:183} INFO - Processing /home/airflow/.local/lib/python3.12/site-packages/airflow/example_dags/example_external_task_marker_dag.py took 0.083 seconds
[2024-07-14T22:31:23.956+0000] {processor.py:161} INFO - Started process (PID=1157) to work on /home/airflow/.local/lib/python3.12/site-packages/airflow/example_dags/example_external_task_marker_dag.py
[2024-07-14T22:31:23.958+0000] {processor.py:830} INFO - Processing file /home/airflow/.local/lib/python3.12/site-packages/airflow/example_dags/example_external_task_marker_dag.py for tasks to queue
[2024-07-14T22:31:23.959+0000] {logging_mixin.py:188} INFO - [2024-07-14T22:31:23.959+0000] {dagbag.py:545} INFO - Filling up the DagBag from /home/airflow/.local/lib/python3.12/site-packages/airflow/example_dags/example_external_task_marker_dag.py
[2024-07-14T22:31:23.966+0000] {processor.py:840} INFO - DAG(s) 'example_external_task_marker_parent', 'example_external_task_marker_child' retrieved from /home/airflow/.local/lib/python3.12/site-packages/airflow/example_dags/example_external_task_marker_dag.py
[2024-07-14T22:31:23.993+0000] {logging_mixin.py:188} INFO - [2024-07-14T22:31:23.992+0000] {dag.py:3096} INFO - Sync 2 DAGs
[2024-07-14T22:31:24.012+0000] {logging_mixin.py:188} INFO - [2024-07-14T22:31:24.012+0000] {dag.py:3954} INFO - Setting next_dagrun for example_external_task_marker_child to None, run_after=None
[2024-07-14T22:31:24.016+0000] {logging_mixin.py:188} INFO - [2024-07-14T22:31:24.016+0000] {dag.py:3954} INFO - Setting next_dagrun for example_external_task_marker_parent to None, run_after=None
[2024-07-14T22:31:24.039+0000] {processor.py:183} INFO - Processing /home/airflow/.local/lib/python3.12/site-packages/airflow/example_dags/example_external_task_marker_dag.py took 0.090 seconds
[2024-07-14T22:31:54.492+0000] {processor.py:161} INFO - Started process (PID=1216) to work on /home/airflow/.local/lib/python3.12/site-packages/airflow/example_dags/example_external_task_marker_dag.py
[2024-07-14T22:31:54.493+0000] {processor.py:830} INFO - Processing file /home/airflow/.local/lib/python3.12/site-packages/airflow/example_dags/example_external_task_marker_dag.py for tasks to queue
[2024-07-14T22:31:54.495+0000] {logging_mixin.py:188} INFO - [2024-07-14T22:31:54.494+0000] {dagbag.py:545} INFO - Filling up the DagBag from /home/airflow/.local/lib/python3.12/site-packages/airflow/example_dags/example_external_task_marker_dag.py
[2024-07-14T22:31:54.501+0000] {processor.py:840} INFO - DAG(s) 'example_external_task_marker_parent', 'example_external_task_marker_child' retrieved from /home/airflow/.local/lib/python3.12/site-packages/airflow/example_dags/example_external_task_marker_dag.py
[2024-07-14T22:31:54.527+0000] {logging_mixin.py:188} INFO - [2024-07-14T22:31:54.527+0000] {dag.py:3096} INFO - Sync 2 DAGs
[2024-07-14T22:31:54.543+0000] {logging_mixin.py:188} INFO - [2024-07-14T22:31:54.543+0000] {dag.py:3954} INFO - Setting next_dagrun for example_external_task_marker_child to None, run_after=None
[2024-07-14T22:31:54.549+0000] {logging_mixin.py:188} INFO - [2024-07-14T22:31:54.549+0000] {dag.py:3954} INFO - Setting next_dagrun for example_external_task_marker_parent to None, run_after=None
[2024-07-14T22:31:54.572+0000] {processor.py:183} INFO - Processing /home/airflow/.local/lib/python3.12/site-packages/airflow/example_dags/example_external_task_marker_dag.py took 0.085 seconds
[2024-07-14T22:32:24.625+0000] {processor.py:161} INFO - Started process (PID=1275) to work on /home/airflow/.local/lib/python3.12/site-packages/airflow/example_dags/example_external_task_marker_dag.py
[2024-07-14T22:32:24.626+0000] {processor.py:830} INFO - Processing file /home/airflow/.local/lib/python3.12/site-packages/airflow/example_dags/example_external_task_marker_dag.py for tasks to queue
[2024-07-14T22:32:24.627+0000] {logging_mixin.py:188} INFO - [2024-07-14T22:32:24.627+0000] {dagbag.py:545} INFO - Filling up the DagBag from /home/airflow/.local/lib/python3.12/site-packages/airflow/example_dags/example_external_task_marker_dag.py
[2024-07-14T22:32:24.634+0000] {processor.py:840} INFO - DAG(s) 'example_external_task_marker_child', 'example_external_task_marker_parent' retrieved from /home/airflow/.local/lib/python3.12/site-packages/airflow/example_dags/example_external_task_marker_dag.py
[2024-07-14T22:32:24.668+0000] {logging_mixin.py:188} INFO - [2024-07-14T22:32:24.668+0000] {dag.py:3096} INFO - Sync 2 DAGs
[2024-07-14T22:32:24.688+0000] {logging_mixin.py:188} INFO - [2024-07-14T22:32:24.687+0000] {dag.py:3954} INFO - Setting next_dagrun for example_external_task_marker_child to None, run_after=None
[2024-07-14T22:32:24.692+0000] {logging_mixin.py:188} INFO - [2024-07-14T22:32:24.692+0000] {dag.py:3954} INFO - Setting next_dagrun for example_external_task_marker_parent to None, run_after=None
[2024-07-14T22:32:24.711+0000] {processor.py:183} INFO - Processing /home/airflow/.local/lib/python3.12/site-packages/airflow/example_dags/example_external_task_marker_dag.py took 0.092 seconds
[2024-07-14T22:32:55.162+0000] {processor.py:161} INFO - Started process (PID=1334) to work on /home/airflow/.local/lib/python3.12/site-packages/airflow/example_dags/example_external_task_marker_dag.py
[2024-07-14T22:32:55.162+0000] {processor.py:830} INFO - Processing file /home/airflow/.local/lib/python3.12/site-packages/airflow/example_dags/example_external_task_marker_dag.py for tasks to queue
[2024-07-14T22:32:55.170+0000] {logging_mixin.py:188} INFO - [2024-07-14T22:32:55.170+0000] {dagbag.py:545} INFO - Filling up the DagBag from /home/airflow/.local/lib/python3.12/site-packages/airflow/example_dags/example_external_task_marker_dag.py
[2024-07-14T22:32:55.183+0000] {processor.py:840} INFO - DAG(s) 'example_external_task_marker_parent', 'example_external_task_marker_child' retrieved from /home/airflow/.local/lib/python3.12/site-packages/airflow/example_dags/example_external_task_marker_dag.py
[2024-07-14T22:32:55.217+0000] {logging_mixin.py:188} INFO - [2024-07-14T22:32:55.217+0000] {dag.py:3096} INFO - Sync 2 DAGs
[2024-07-14T22:32:55.233+0000] {logging_mixin.py:188} INFO - [2024-07-14T22:32:55.233+0000] {dag.py:3954} INFO - Setting next_dagrun for example_external_task_marker_child to None, run_after=None
[2024-07-14T22:32:55.236+0000] {logging_mixin.py:188} INFO - [2024-07-14T22:32:55.236+0000] {dag.py:3954} INFO - Setting next_dagrun for example_external_task_marker_parent to None, run_after=None
[2024-07-14T22:32:55.258+0000] {processor.py:183} INFO - Processing /home/airflow/.local/lib/python3.12/site-packages/airflow/example_dags/example_external_task_marker_dag.py took 0.111 seconds
[2024-07-14T22:33:25.683+0000] {processor.py:161} INFO - Started process (PID=1393) to work on /home/airflow/.local/lib/python3.12/site-packages/airflow/example_dags/example_external_task_marker_dag.py
[2024-07-14T22:33:25.684+0000] {processor.py:830} INFO - Processing file /home/airflow/.local/lib/python3.12/site-packages/airflow/example_dags/example_external_task_marker_dag.py for tasks to queue
[2024-07-14T22:33:25.686+0000] {logging_mixin.py:188} INFO - [2024-07-14T22:33:25.685+0000] {dagbag.py:545} INFO - Filling up the DagBag from /home/airflow/.local/lib/python3.12/site-packages/airflow/example_dags/example_external_task_marker_dag.py
[2024-07-14T22:33:25.696+0000] {processor.py:840} INFO - DAG(s) 'example_external_task_marker_parent', 'example_external_task_marker_child' retrieved from /home/airflow/.local/lib/python3.12/site-packages/airflow/example_dags/example_external_task_marker_dag.py
[2024-07-14T22:33:25.736+0000] {logging_mixin.py:188} INFO - [2024-07-14T22:33:25.736+0000] {dag.py:3096} INFO - Sync 2 DAGs
[2024-07-14T22:33:25.756+0000] {logging_mixin.py:188} INFO - [2024-07-14T22:33:25.755+0000] {dag.py:3954} INFO - Setting next_dagrun for example_external_task_marker_child to None, run_after=None
[2024-07-14T22:33:25.770+0000] {logging_mixin.py:188} INFO - [2024-07-14T22:33:25.770+0000] {dag.py:3954} INFO - Setting next_dagrun for example_external_task_marker_parent to None, run_after=None
[2024-07-14T22:33:25.803+0000] {processor.py:183} INFO - Processing /home/airflow/.local/lib/python3.12/site-packages/airflow/example_dags/example_external_task_marker_dag.py took 0.134 seconds
[2024-07-14T22:33:55.865+0000] {processor.py:161} INFO - Started process (PID=1452) to work on /home/airflow/.local/lib/python3.12/site-packages/airflow/example_dags/example_external_task_marker_dag.py
[2024-07-14T22:33:55.866+0000] {processor.py:830} INFO - Processing file /home/airflow/.local/lib/python3.12/site-packages/airflow/example_dags/example_external_task_marker_dag.py for tasks to queue
[2024-07-14T22:33:55.867+0000] {logging_mixin.py:188} INFO - [2024-07-14T22:33:55.867+0000] {dagbag.py:545} INFO - Filling up the DagBag from /home/airflow/.local/lib/python3.12/site-packages/airflow/example_dags/example_external_task_marker_dag.py
[2024-07-14T22:33:55.874+0000] {processor.py:840} INFO - DAG(s) 'example_external_task_marker_child', 'example_external_task_marker_parent' retrieved from /home/airflow/.local/lib/python3.12/site-packages/airflow/example_dags/example_external_task_marker_dag.py
[2024-07-14T22:33:55.911+0000] {logging_mixin.py:188} INFO - [2024-07-14T22:33:55.911+0000] {dag.py:3096} INFO - Sync 2 DAGs
[2024-07-14T22:33:55.927+0000] {logging_mixin.py:188} INFO - [2024-07-14T22:33:55.927+0000] {dag.py:3954} INFO - Setting next_dagrun for example_external_task_marker_child to None, run_after=None
[2024-07-14T22:33:55.931+0000] {logging_mixin.py:188} INFO - [2024-07-14T22:33:55.931+0000] {dag.py:3954} INFO - Setting next_dagrun for example_external_task_marker_parent to None, run_after=None
[2024-07-14T22:33:55.958+0000] {processor.py:183} INFO - Processing /home/airflow/.local/lib/python3.12/site-packages/airflow/example_dags/example_external_task_marker_dag.py took 0.100 seconds
[2024-07-14T22:34:26.090+0000] {processor.py:161} INFO - Started process (PID=1511) to work on /home/airflow/.local/lib/python3.12/site-packages/airflow/example_dags/example_external_task_marker_dag.py
[2024-07-14T22:34:26.091+0000] {processor.py:830} INFO - Processing file /home/airflow/.local/lib/python3.12/site-packages/airflow/example_dags/example_external_task_marker_dag.py for tasks to queue
[2024-07-14T22:34:26.098+0000] {logging_mixin.py:188} INFO - [2024-07-14T22:34:26.097+0000] {dagbag.py:545} INFO - Filling up the DagBag from /home/airflow/.local/lib/python3.12/site-packages/airflow/example_dags/example_external_task_marker_dag.py
[2024-07-14T22:34:26.109+0000] {processor.py:840} INFO - DAG(s) 'example_external_task_marker_parent', 'example_external_task_marker_child' retrieved from /home/airflow/.local/lib/python3.12/site-packages/airflow/example_dags/example_external_task_marker_dag.py
[2024-07-14T22:34:26.141+0000] {logging_mixin.py:188} INFO - [2024-07-14T22:34:26.141+0000] {dag.py:3096} INFO - Sync 2 DAGs
[2024-07-14T22:34:26.158+0000] {logging_mixin.py:188} INFO - [2024-07-14T22:34:26.158+0000] {dag.py:3954} INFO - Setting next_dagrun for example_external_task_marker_child to None, run_after=None
[2024-07-14T22:34:26.163+0000] {logging_mixin.py:188} INFO - [2024-07-14T22:34:26.163+0000] {dag.py:3954} INFO - Setting next_dagrun for example_external_task_marker_parent to None, run_after=None
[2024-07-14T22:34:26.196+0000] {processor.py:183} INFO - Processing /home/airflow/.local/lib/python3.12/site-packages/airflow/example_dags/example_external_task_marker_dag.py took 0.114 seconds
[2024-07-14T22:34:56.907+0000] {processor.py:161} INFO - Started process (PID=1574) to work on /home/airflow/.local/lib/python3.12/site-packages/airflow/example_dags/example_external_task_marker_dag.py
[2024-07-14T22:34:56.909+0000] {processor.py:830} INFO - Processing file /home/airflow/.local/lib/python3.12/site-packages/airflow/example_dags/example_external_task_marker_dag.py for tasks to queue
[2024-07-14T22:34:56.911+0000] {logging_mixin.py:188} INFO - [2024-07-14T22:34:56.910+0000] {dagbag.py:545} INFO - Filling up the DagBag from /home/airflow/.local/lib/python3.12/site-packages/airflow/example_dags/example_external_task_marker_dag.py
[2024-07-14T22:34:56.917+0000] {processor.py:840} INFO - DAG(s) 'example_external_task_marker_child', 'example_external_task_marker_parent' retrieved from /home/airflow/.local/lib/python3.12/site-packages/airflow/example_dags/example_external_task_marker_dag.py
[2024-07-14T22:34:56.941+0000] {logging_mixin.py:188} INFO - [2024-07-14T22:34:56.941+0000] {dag.py:3096} INFO - Sync 2 DAGs
[2024-07-14T22:34:56.957+0000] {logging_mixin.py:188} INFO - [2024-07-14T22:34:56.957+0000] {dag.py:3954} INFO - Setting next_dagrun for example_external_task_marker_child to None, run_after=None
[2024-07-14T22:34:56.961+0000] {logging_mixin.py:188} INFO - [2024-07-14T22:34:56.961+0000] {dag.py:3954} INFO - Setting next_dagrun for example_external_task_marker_parent to None, run_after=None
[2024-07-14T22:34:56.983+0000] {processor.py:183} INFO - Processing /home/airflow/.local/lib/python3.12/site-packages/airflow/example_dags/example_external_task_marker_dag.py took 0.082 seconds
[2024-07-14T22:35:27.129+0000] {processor.py:161} INFO - Started process (PID=1633) to work on /home/airflow/.local/lib/python3.12/site-packages/airflow/example_dags/example_external_task_marker_dag.py
[2024-07-14T22:35:27.130+0000] {processor.py:830} INFO - Processing file /home/airflow/.local/lib/python3.12/site-packages/airflow/example_dags/example_external_task_marker_dag.py for tasks to queue
[2024-07-14T22:35:27.132+0000] {logging_mixin.py:188} INFO - [2024-07-14T22:35:27.131+0000] {dagbag.py:545} INFO - Filling up the DagBag from /home/airflow/.local/lib/python3.12/site-packages/airflow/example_dags/example_external_task_marker_dag.py
[2024-07-14T22:35:27.138+0000] {processor.py:840} INFO - DAG(s) 'example_external_task_marker_parent', 'example_external_task_marker_child' retrieved from /home/airflow/.local/lib/python3.12/site-packages/airflow/example_dags/example_external_task_marker_dag.py
[2024-07-14T22:35:27.162+0000] {logging_mixin.py:188} INFO - [2024-07-14T22:35:27.162+0000] {dag.py:3096} INFO - Sync 2 DAGs
[2024-07-14T22:35:27.178+0000] {logging_mixin.py:188} INFO - [2024-07-14T22:35:27.177+0000] {dag.py:3954} INFO - Setting next_dagrun for example_external_task_marker_child to None, run_after=None
[2024-07-14T22:35:27.182+0000] {logging_mixin.py:188} INFO - [2024-07-14T22:35:27.182+0000] {dag.py:3954} INFO - Setting next_dagrun for example_external_task_marker_parent to None, run_after=None
[2024-07-14T22:35:27.205+0000] {processor.py:183} INFO - Processing /home/airflow/.local/lib/python3.12/site-packages/airflow/example_dags/example_external_task_marker_dag.py took 0.082 seconds
[2024-07-14T22:35:57.714+0000] {processor.py:161} INFO - Started process (PID=1693) to work on /home/airflow/.local/lib/python3.12/site-packages/airflow/example_dags/example_external_task_marker_dag.py
[2024-07-14T22:35:57.715+0000] {processor.py:830} INFO - Processing file /home/airflow/.local/lib/python3.12/site-packages/airflow/example_dags/example_external_task_marker_dag.py for tasks to queue
[2024-07-14T22:35:57.716+0000] {logging_mixin.py:188} INFO - [2024-07-14T22:35:57.716+0000] {dagbag.py:545} INFO - Filling up the DagBag from /home/airflow/.local/lib/python3.12/site-packages/airflow/example_dags/example_external_task_marker_dag.py
[2024-07-14T22:35:57.733+0000] {processor.py:840} INFO - DAG(s) 'example_external_task_marker_child', 'example_external_task_marker_parent' retrieved from /home/airflow/.local/lib/python3.12/site-packages/airflow/example_dags/example_external_task_marker_dag.py
[2024-07-14T22:35:57.764+0000] {logging_mixin.py:188} INFO - [2024-07-14T22:35:57.764+0000] {dag.py:3096} INFO - Sync 2 DAGs
[2024-07-14T22:35:57.780+0000] {logging_mixin.py:188} INFO - [2024-07-14T22:35:57.780+0000] {dag.py:3954} INFO - Setting next_dagrun for example_external_task_marker_child to None, run_after=None
[2024-07-14T22:35:57.785+0000] {logging_mixin.py:188} INFO - [2024-07-14T22:35:57.784+0000] {dag.py:3954} INFO - Setting next_dagrun for example_external_task_marker_parent to None, run_after=None
[2024-07-14T22:35:57.818+0000] {processor.py:183} INFO - Processing /home/airflow/.local/lib/python3.12/site-packages/airflow/example_dags/example_external_task_marker_dag.py took 0.111 seconds
[2024-07-14T22:36:28.817+0000] {processor.py:161} INFO - Started process (PID=1752) to work on /home/airflow/.local/lib/python3.12/site-packages/airflow/example_dags/example_external_task_marker_dag.py
[2024-07-14T22:36:28.817+0000] {processor.py:830} INFO - Processing file /home/airflow/.local/lib/python3.12/site-packages/airflow/example_dags/example_external_task_marker_dag.py for tasks to queue
[2024-07-14T22:36:28.819+0000] {logging_mixin.py:188} INFO - [2024-07-14T22:36:28.819+0000] {dagbag.py:545} INFO - Filling up the DagBag from /home/airflow/.local/lib/python3.12/site-packages/airflow/example_dags/example_external_task_marker_dag.py
[2024-07-14T22:36:28.826+0000] {processor.py:840} INFO - DAG(s) 'example_external_task_marker_parent', 'example_external_task_marker_child' retrieved from /home/airflow/.local/lib/python3.12/site-packages/airflow/example_dags/example_external_task_marker_dag.py
[2024-07-14T22:36:28.850+0000] {logging_mixin.py:188} INFO - [2024-07-14T22:36:28.850+0000] {dag.py:3096} INFO - Sync 2 DAGs
[2024-07-14T22:36:28.866+0000] {logging_mixin.py:188} INFO - [2024-07-14T22:36:28.866+0000] {dag.py:3954} INFO - Setting next_dagrun for example_external_task_marker_child to None, run_after=None
[2024-07-14T22:36:28.870+0000] {logging_mixin.py:188} INFO - [2024-07-14T22:36:28.870+0000] {dag.py:3954} INFO - Setting next_dagrun for example_external_task_marker_parent to None, run_after=None
[2024-07-14T22:36:28.889+0000] {processor.py:183} INFO - Processing /home/airflow/.local/lib/python3.12/site-packages/airflow/example_dags/example_external_task_marker_dag.py took 0.079 seconds
[2024-07-14T22:36:59.749+0000] {processor.py:161} INFO - Started process (PID=1811) to work on /home/airflow/.local/lib/python3.12/site-packages/airflow/example_dags/example_external_task_marker_dag.py
[2024-07-14T22:36:59.750+0000] {processor.py:830} INFO - Processing file /home/airflow/.local/lib/python3.12/site-packages/airflow/example_dags/example_external_task_marker_dag.py for tasks to queue
[2024-07-14T22:36:59.752+0000] {logging_mixin.py:188} INFO - [2024-07-14T22:36:59.751+0000] {dagbag.py:545} INFO - Filling up the DagBag from /home/airflow/.local/lib/python3.12/site-packages/airflow/example_dags/example_external_task_marker_dag.py
[2024-07-14T22:36:59.761+0000] {processor.py:840} INFO - DAG(s) 'example_external_task_marker_parent', 'example_external_task_marker_child' retrieved from /home/airflow/.local/lib/python3.12/site-packages/airflow/example_dags/example_external_task_marker_dag.py
[2024-07-14T22:36:59.788+0000] {logging_mixin.py:188} INFO - [2024-07-14T22:36:59.788+0000] {dag.py:3096} INFO - Sync 2 DAGs
[2024-07-14T22:36:59.947+0000] {logging_mixin.py:188} INFO - [2024-07-14T22:36:59.946+0000] {dag.py:3954} INFO - Setting next_dagrun for example_external_task_marker_child to None, run_after=None
[2024-07-14T22:36:59.950+0000] {logging_mixin.py:188} INFO - [2024-07-14T22:36:59.949+0000] {dag.py:3954} INFO - Setting next_dagrun for example_external_task_marker_parent to None, run_after=None
[2024-07-14T22:36:59.969+0000] {processor.py:183} INFO - Processing /home/airflow/.local/lib/python3.12/site-packages/airflow/example_dags/example_external_task_marker_dag.py took 0.229 seconds
[2024-07-14T22:37:30.032+0000] {processor.py:161} INFO - Started process (PID=1870) to work on /home/airflow/.local/lib/python3.12/site-packages/airflow/example_dags/example_external_task_marker_dag.py
[2024-07-14T22:37:30.033+0000] {processor.py:830} INFO - Processing file /home/airflow/.local/lib/python3.12/site-packages/airflow/example_dags/example_external_task_marker_dag.py for tasks to queue
[2024-07-14T22:37:30.035+0000] {logging_mixin.py:188} INFO - [2024-07-14T22:37:30.034+0000] {dagbag.py:545} INFO - Filling up the DagBag from /home/airflow/.local/lib/python3.12/site-packages/airflow/example_dags/example_external_task_marker_dag.py
[2024-07-14T22:37:30.042+0000] {processor.py:840} INFO - DAG(s) 'example_external_task_marker_parent', 'example_external_task_marker_child' retrieved from /home/airflow/.local/lib/python3.12/site-packages/airflow/example_dags/example_external_task_marker_dag.py
[2024-07-14T22:37:30.067+0000] {logging_mixin.py:188} INFO - [2024-07-14T22:37:30.066+0000] {dag.py:3096} INFO - Sync 2 DAGs
[2024-07-14T22:37:30.082+0000] {logging_mixin.py:188} INFO - [2024-07-14T22:37:30.082+0000] {dag.py:3954} INFO - Setting next_dagrun for example_external_task_marker_child to None, run_after=None
[2024-07-14T22:37:30.087+0000] {logging_mixin.py:188} INFO - [2024-07-14T22:37:30.087+0000] {dag.py:3954} INFO - Setting next_dagrun for example_external_task_marker_parent to None, run_after=None
[2024-07-14T22:37:30.106+0000] {processor.py:183} INFO - Processing /home/airflow/.local/lib/python3.12/site-packages/airflow/example_dags/example_external_task_marker_dag.py took 0.081 seconds
[2024-07-14T22:38:00.246+0000] {processor.py:161} INFO - Started process (PID=1928) to work on /home/airflow/.local/lib/python3.12/site-packages/airflow/example_dags/example_external_task_marker_dag.py
[2024-07-14T22:38:00.247+0000] {processor.py:830} INFO - Processing file /home/airflow/.local/lib/python3.12/site-packages/airflow/example_dags/example_external_task_marker_dag.py for tasks to queue
[2024-07-14T22:38:00.249+0000] {logging_mixin.py:188} INFO - [2024-07-14T22:38:00.248+0000] {dagbag.py:545} INFO - Filling up the DagBag from /home/airflow/.local/lib/python3.12/site-packages/airflow/example_dags/example_external_task_marker_dag.py
[2024-07-14T22:38:00.256+0000] {processor.py:840} INFO - DAG(s) 'example_external_task_marker_parent', 'example_external_task_marker_child' retrieved from /home/airflow/.local/lib/python3.12/site-packages/airflow/example_dags/example_external_task_marker_dag.py
[2024-07-14T22:38:00.302+0000] {logging_mixin.py:188} INFO - [2024-07-14T22:38:00.302+0000] {dag.py:3096} INFO - Sync 2 DAGs
[2024-07-14T22:38:00.329+0000] {logging_mixin.py:188} INFO - [2024-07-14T22:38:00.329+0000] {dag.py:3954} INFO - Setting next_dagrun for example_external_task_marker_child to None, run_after=None
[2024-07-14T22:38:00.342+0000] {logging_mixin.py:188} INFO - [2024-07-14T22:38:00.342+0000] {dag.py:3954} INFO - Setting next_dagrun for example_external_task_marker_parent to None, run_after=None
[2024-07-14T22:38:00.365+0000] {processor.py:183} INFO - Processing /home/airflow/.local/lib/python3.12/site-packages/airflow/example_dags/example_external_task_marker_dag.py took 0.131 seconds
[2024-07-14T22:38:30.991+0000] {processor.py:161} INFO - Started process (PID=1988) to work on /home/airflow/.local/lib/python3.12/site-packages/airflow/example_dags/example_external_task_marker_dag.py
[2024-07-14T22:38:30.991+0000] {processor.py:830} INFO - Processing file /home/airflow/.local/lib/python3.12/site-packages/airflow/example_dags/example_external_task_marker_dag.py for tasks to queue
[2024-07-14T22:38:30.993+0000] {logging_mixin.py:188} INFO - [2024-07-14T22:38:30.993+0000] {dagbag.py:545} INFO - Filling up the DagBag from /home/airflow/.local/lib/python3.12/site-packages/airflow/example_dags/example_external_task_marker_dag.py
[2024-07-14T22:38:31.000+0000] {processor.py:840} INFO - DAG(s) 'example_external_task_marker_child', 'example_external_task_marker_parent' retrieved from /home/airflow/.local/lib/python3.12/site-packages/airflow/example_dags/example_external_task_marker_dag.py
[2024-07-14T22:38:31.025+0000] {logging_mixin.py:188} INFO - [2024-07-14T22:38:31.025+0000] {dag.py:3096} INFO - Sync 2 DAGs
[2024-07-14T22:38:31.038+0000] {logging_mixin.py:188} INFO - [2024-07-14T22:38:31.038+0000] {dag.py:3954} INFO - Setting next_dagrun for example_external_task_marker_child to None, run_after=None
[2024-07-14T22:38:31.042+0000] {logging_mixin.py:188} INFO - [2024-07-14T22:38:31.042+0000] {dag.py:3954} INFO - Setting next_dagrun for example_external_task_marker_parent to None, run_after=None
[2024-07-14T22:38:31.063+0000] {processor.py:183} INFO - Processing /home/airflow/.local/lib/python3.12/site-packages/airflow/example_dags/example_external_task_marker_dag.py took 0.085 seconds
[2024-07-14T22:39:01.493+0000] {processor.py:161} INFO - Started process (PID=2047) to work on /home/airflow/.local/lib/python3.12/site-packages/airflow/example_dags/example_external_task_marker_dag.py
[2024-07-14T22:39:01.503+0000] {processor.py:830} INFO - Processing file /home/airflow/.local/lib/python3.12/site-packages/airflow/example_dags/example_external_task_marker_dag.py for tasks to queue
[2024-07-14T22:39:01.505+0000] {logging_mixin.py:188} INFO - [2024-07-14T22:39:01.504+0000] {dagbag.py:545} INFO - Filling up the DagBag from /home/airflow/.local/lib/python3.12/site-packages/airflow/example_dags/example_external_task_marker_dag.py
[2024-07-14T22:39:01.541+0000] {processor.py:840} INFO - DAG(s) 'example_external_task_marker_parent', 'example_external_task_marker_child' retrieved from /home/airflow/.local/lib/python3.12/site-packages/airflow/example_dags/example_external_task_marker_dag.py
[2024-07-14T22:39:01.682+0000] {logging_mixin.py:188} INFO - [2024-07-14T22:39:01.682+0000] {dag.py:3096} INFO - Sync 2 DAGs
[2024-07-14T22:39:01.728+0000] {logging_mixin.py:188} INFO - [2024-07-14T22:39:01.727+0000] {dag.py:3954} INFO - Setting next_dagrun for example_external_task_marker_child to None, run_after=None
[2024-07-14T22:39:01.734+0000] {logging_mixin.py:188} INFO - [2024-07-14T22:39:01.733+0000] {dag.py:3954} INFO - Setting next_dagrun for example_external_task_marker_parent to None, run_after=None
[2024-07-14T22:39:01.773+0000] {processor.py:183} INFO - Processing /home/airflow/.local/lib/python3.12/site-packages/airflow/example_dags/example_external_task_marker_dag.py took 0.287 seconds
