[2024-07-14T22:21:44.975+0000] {processor.py:161} INFO - Started process (PID=40) to work on /home/airflow/.local/lib/python3.12/site-packages/airflow/example_dags/example_task_group_decorator.py
[2024-07-14T22:21:44.976+0000] {processor.py:830} INFO - Processing file /home/airflow/.local/lib/python3.12/site-packages/airflow/example_dags/example_task_group_decorator.py for tasks to queue
[2024-07-14T22:21:44.981+0000] {logging_mixin.py:188} INFO - [2024-07-14T22:21:44.978+0000] {dagbag.py:545} INFO - Filling up the DagBag from /home/airflow/.local/lib/python3.12/site-packages/airflow/example_dags/example_task_group_decorator.py
[2024-07-14T22:21:45.092+0000] {processor.py:840} INFO - DAG(s) 'example_task_group_decorator' retrieved from /home/airflow/.local/lib/python3.12/site-packages/airflow/example_dags/example_task_group_decorator.py
[2024-07-14T22:21:45.576+0000] {logging_mixin.py:188} INFO - [2024-07-14T22:21:45.575+0000] {dag.py:3096} INFO - Sync 1 DAGs
[2024-07-14T22:21:45.637+0000] {logging_mixin.py:188} INFO - [2024-07-14T22:21:45.637+0000] {dag.py:3954} INFO - Setting next_dagrun for example_task_group_decorator to 2024-07-13 00:00:00+00:00, run_after=2024-07-14 00:00:00+00:00
[2024-07-14T22:21:45.703+0000] {processor.py:183} INFO - Processing /home/airflow/.local/lib/python3.12/site-packages/airflow/example_dags/example_task_group_decorator.py took 0.750 seconds
[2024-07-14T22:22:16.310+0000] {processor.py:161} INFO - Started process (PID=99) to work on /home/airflow/.local/lib/python3.12/site-packages/airflow/example_dags/example_task_group_decorator.py
[2024-07-14T22:22:16.311+0000] {processor.py:830} INFO - Processing file /home/airflow/.local/lib/python3.12/site-packages/airflow/example_dags/example_task_group_decorator.py for tasks to queue
[2024-07-14T22:22:16.312+0000] {logging_mixin.py:188} INFO - [2024-07-14T22:22:16.312+0000] {dagbag.py:545} INFO - Filling up the DagBag from /home/airflow/.local/lib/python3.12/site-packages/airflow/example_dags/example_task_group_decorator.py
[2024-07-14T22:22:16.354+0000] {processor.py:840} INFO - DAG(s) 'example_task_group_decorator' retrieved from /home/airflow/.local/lib/python3.12/site-packages/airflow/example_dags/example_task_group_decorator.py
[2024-07-14T22:22:16.422+0000] {logging_mixin.py:188} INFO - [2024-07-14T22:22:16.422+0000] {dag.py:3096} INFO - Sync 1 DAGs
[2024-07-14T22:22:16.470+0000] {logging_mixin.py:188} INFO - [2024-07-14T22:22:16.470+0000] {dag.py:3954} INFO - Setting next_dagrun for example_task_group_decorator to 2024-07-13 00:00:00+00:00, run_after=2024-07-14 00:00:00+00:00
[2024-07-14T22:22:16.505+0000] {processor.py:183} INFO - Processing /home/airflow/.local/lib/python3.12/site-packages/airflow/example_dags/example_task_group_decorator.py took 0.222 seconds
[2024-07-14T22:22:46.567+0000] {processor.py:161} INFO - Started process (PID=158) to work on /home/airflow/.local/lib/python3.12/site-packages/airflow/example_dags/example_task_group_decorator.py
[2024-07-14T22:22:46.568+0000] {processor.py:830} INFO - Processing file /home/airflow/.local/lib/python3.12/site-packages/airflow/example_dags/example_task_group_decorator.py for tasks to queue
[2024-07-14T22:22:46.569+0000] {logging_mixin.py:188} INFO - [2024-07-14T22:22:46.569+0000] {dagbag.py:545} INFO - Filling up the DagBag from /home/airflow/.local/lib/python3.12/site-packages/airflow/example_dags/example_task_group_decorator.py
[2024-07-14T22:22:46.596+0000] {processor.py:840} INFO - DAG(s) 'example_task_group_decorator' retrieved from /home/airflow/.local/lib/python3.12/site-packages/airflow/example_dags/example_task_group_decorator.py
[2024-07-14T22:22:46.628+0000] {logging_mixin.py:188} INFO - [2024-07-14T22:22:46.628+0000] {dag.py:3096} INFO - Sync 1 DAGs
[2024-07-14T22:22:46.654+0000] {logging_mixin.py:188} INFO - [2024-07-14T22:22:46.654+0000] {dag.py:3954} INFO - Setting next_dagrun for example_task_group_decorator to 2024-07-13 00:00:00+00:00, run_after=2024-07-14 00:00:00+00:00
[2024-07-14T22:22:46.676+0000] {processor.py:183} INFO - Processing /home/airflow/.local/lib/python3.12/site-packages/airflow/example_dags/example_task_group_decorator.py took 0.115 seconds
[2024-07-14T22:23:17.527+0000] {processor.py:161} INFO - Started process (PID=217) to work on /home/airflow/.local/lib/python3.12/site-packages/airflow/example_dags/example_task_group_decorator.py
[2024-07-14T22:23:17.527+0000] {processor.py:830} INFO - Processing file /home/airflow/.local/lib/python3.12/site-packages/airflow/example_dags/example_task_group_decorator.py for tasks to queue
[2024-07-14T22:23:17.529+0000] {logging_mixin.py:188} INFO - [2024-07-14T22:23:17.529+0000] {dagbag.py:545} INFO - Filling up the DagBag from /home/airflow/.local/lib/python3.12/site-packages/airflow/example_dags/example_task_group_decorator.py
[2024-07-14T22:23:17.552+0000] {processor.py:840} INFO - DAG(s) 'example_task_group_decorator' retrieved from /home/airflow/.local/lib/python3.12/site-packages/airflow/example_dags/example_task_group_decorator.py
[2024-07-14T22:23:17.583+0000] {logging_mixin.py:188} INFO - [2024-07-14T22:23:17.583+0000] {dag.py:3096} INFO - Sync 1 DAGs
[2024-07-14T22:23:17.609+0000] {logging_mixin.py:188} INFO - [2024-07-14T22:23:17.609+0000] {dag.py:3954} INFO - Setting next_dagrun for example_task_group_decorator to 2024-07-13 00:00:00+00:00, run_after=2024-07-14 00:00:00+00:00
[2024-07-14T22:23:17.632+0000] {processor.py:183} INFO - Processing /home/airflow/.local/lib/python3.12/site-packages/airflow/example_dags/example_task_group_decorator.py took 0.111 seconds
[2024-07-14T22:23:47.819+0000] {processor.py:161} INFO - Started process (PID=276) to work on /home/airflow/.local/lib/python3.12/site-packages/airflow/example_dags/example_task_group_decorator.py
[2024-07-14T22:23:47.819+0000] {processor.py:830} INFO - Processing file /home/airflow/.local/lib/python3.12/site-packages/airflow/example_dags/example_task_group_decorator.py for tasks to queue
[2024-07-14T22:23:47.830+0000] {logging_mixin.py:188} INFO - [2024-07-14T22:23:47.830+0000] {dagbag.py:545} INFO - Filling up the DagBag from /home/airflow/.local/lib/python3.12/site-packages/airflow/example_dags/example_task_group_decorator.py
[2024-07-14T22:23:47.920+0000] {processor.py:840} INFO - DAG(s) 'example_task_group_decorator' retrieved from /home/airflow/.local/lib/python3.12/site-packages/airflow/example_dags/example_task_group_decorator.py
[2024-07-14T22:23:48.038+0000] {logging_mixin.py:188} INFO - [2024-07-14T22:23:48.038+0000] {dag.py:3096} INFO - Sync 1 DAGs
[2024-07-14T22:23:48.113+0000] {logging_mixin.py:188} INFO - [2024-07-14T22:23:48.113+0000] {dag.py:3954} INFO - Setting next_dagrun for example_task_group_decorator to 2024-07-13 00:00:00+00:00, run_after=2024-07-14 00:00:00+00:00
[2024-07-14T22:23:48.170+0000] {processor.py:183} INFO - Processing /home/airflow/.local/lib/python3.12/site-packages/airflow/example_dags/example_task_group_decorator.py took 0.377 seconds
[2024-07-14T22:24:18.902+0000] {processor.py:161} INFO - Started process (PID=335) to work on /home/airflow/.local/lib/python3.12/site-packages/airflow/example_dags/example_task_group_decorator.py
[2024-07-14T22:24:18.903+0000] {processor.py:830} INFO - Processing file /home/airflow/.local/lib/python3.12/site-packages/airflow/example_dags/example_task_group_decorator.py for tasks to queue
[2024-07-14T22:24:18.905+0000] {logging_mixin.py:188} INFO - [2024-07-14T22:24:18.904+0000] {dagbag.py:545} INFO - Filling up the DagBag from /home/airflow/.local/lib/python3.12/site-packages/airflow/example_dags/example_task_group_decorator.py
[2024-07-14T22:24:18.924+0000] {processor.py:840} INFO - DAG(s) 'example_task_group_decorator' retrieved from /home/airflow/.local/lib/python3.12/site-packages/airflow/example_dags/example_task_group_decorator.py
[2024-07-14T22:24:18.957+0000] {logging_mixin.py:188} INFO - [2024-07-14T22:24:18.957+0000] {dag.py:3096} INFO - Sync 1 DAGs
[2024-07-14T22:24:18.983+0000] {logging_mixin.py:188} INFO - [2024-07-14T22:24:18.983+0000] {dag.py:3954} INFO - Setting next_dagrun for example_task_group_decorator to 2024-07-13 00:00:00+00:00, run_after=2024-07-14 00:00:00+00:00
[2024-07-14T22:24:19.005+0000] {processor.py:183} INFO - Processing /home/airflow/.local/lib/python3.12/site-packages/airflow/example_dags/example_task_group_decorator.py took 0.109 seconds
[2024-07-14T22:24:49.340+0000] {processor.py:161} INFO - Started process (PID=393) to work on /home/airflow/.local/lib/python3.12/site-packages/airflow/example_dags/example_task_group_decorator.py
[2024-07-14T22:24:49.341+0000] {processor.py:830} INFO - Processing file /home/airflow/.local/lib/python3.12/site-packages/airflow/example_dags/example_task_group_decorator.py for tasks to queue
[2024-07-14T22:24:49.342+0000] {logging_mixin.py:188} INFO - [2024-07-14T22:24:49.342+0000] {dagbag.py:545} INFO - Filling up the DagBag from /home/airflow/.local/lib/python3.12/site-packages/airflow/example_dags/example_task_group_decorator.py
[2024-07-14T22:24:49.369+0000] {processor.py:840} INFO - DAG(s) 'example_task_group_decorator' retrieved from /home/airflow/.local/lib/python3.12/site-packages/airflow/example_dags/example_task_group_decorator.py
[2024-07-14T22:24:49.447+0000] {logging_mixin.py:188} INFO - [2024-07-14T22:24:49.447+0000] {dag.py:3096} INFO - Sync 1 DAGs
[2024-07-14T22:24:49.477+0000] {logging_mixin.py:188} INFO - [2024-07-14T22:24:49.476+0000] {dag.py:3954} INFO - Setting next_dagrun for example_task_group_decorator to 2024-07-13 00:00:00+00:00, run_after=2024-07-14 00:00:00+00:00
[2024-07-14T22:24:49.506+0000] {processor.py:183} INFO - Processing /home/airflow/.local/lib/python3.12/site-packages/airflow/example_dags/example_task_group_decorator.py took 0.172 seconds
[2024-07-14T22:25:20.035+0000] {processor.py:161} INFO - Started process (PID=451) to work on /home/airflow/.local/lib/python3.12/site-packages/airflow/example_dags/example_task_group_decorator.py
[2024-07-14T22:25:20.035+0000] {processor.py:830} INFO - Processing file /home/airflow/.local/lib/python3.12/site-packages/airflow/example_dags/example_task_group_decorator.py for tasks to queue
[2024-07-14T22:25:20.037+0000] {logging_mixin.py:188} INFO - [2024-07-14T22:25:20.037+0000] {dagbag.py:545} INFO - Filling up the DagBag from /home/airflow/.local/lib/python3.12/site-packages/airflow/example_dags/example_task_group_decorator.py
[2024-07-14T22:25:20.057+0000] {processor.py:840} INFO - DAG(s) 'example_task_group_decorator' retrieved from /home/airflow/.local/lib/python3.12/site-packages/airflow/example_dags/example_task_group_decorator.py
[2024-07-14T22:25:20.097+0000] {logging_mixin.py:188} INFO - [2024-07-14T22:25:20.096+0000] {dag.py:3096} INFO - Sync 1 DAGs
[2024-07-14T22:25:20.122+0000] {logging_mixin.py:188} INFO - [2024-07-14T22:25:20.122+0000] {dag.py:3954} INFO - Setting next_dagrun for example_task_group_decorator to 2024-07-13 00:00:00+00:00, run_after=2024-07-14 00:00:00+00:00
[2024-07-14T22:25:20.144+0000] {processor.py:183} INFO - Processing /home/airflow/.local/lib/python3.12/site-packages/airflow/example_dags/example_task_group_decorator.py took 0.116 seconds
[2024-07-14T22:25:50.509+0000] {processor.py:161} INFO - Started process (PID=510) to work on /home/airflow/.local/lib/python3.12/site-packages/airflow/example_dags/example_task_group_decorator.py
[2024-07-14T22:25:50.510+0000] {processor.py:830} INFO - Processing file /home/airflow/.local/lib/python3.12/site-packages/airflow/example_dags/example_task_group_decorator.py for tasks to queue
[2024-07-14T22:25:50.511+0000] {logging_mixin.py:188} INFO - [2024-07-14T22:25:50.511+0000] {dagbag.py:545} INFO - Filling up the DagBag from /home/airflow/.local/lib/python3.12/site-packages/airflow/example_dags/example_task_group_decorator.py
[2024-07-14T22:25:50.530+0000] {processor.py:840} INFO - DAG(s) 'example_task_group_decorator' retrieved from /home/airflow/.local/lib/python3.12/site-packages/airflow/example_dags/example_task_group_decorator.py
[2024-07-14T22:25:50.561+0000] {logging_mixin.py:188} INFO - [2024-07-14T22:25:50.561+0000] {dag.py:3096} INFO - Sync 1 DAGs
[2024-07-14T22:25:50.588+0000] {logging_mixin.py:188} INFO - [2024-07-14T22:25:50.588+0000] {dag.py:3954} INFO - Setting next_dagrun for example_task_group_decorator to 2024-07-13 00:00:00+00:00, run_after=2024-07-14 00:00:00+00:00
[2024-07-14T22:25:50.610+0000] {processor.py:183} INFO - Processing /home/airflow/.local/lib/python3.12/site-packages/airflow/example_dags/example_task_group_decorator.py took 0.107 seconds
[2024-07-14T22:26:20.828+0000] {processor.py:161} INFO - Started process (PID=569) to work on /home/airflow/.local/lib/python3.12/site-packages/airflow/example_dags/example_task_group_decorator.py
[2024-07-14T22:26:20.829+0000] {processor.py:830} INFO - Processing file /home/airflow/.local/lib/python3.12/site-packages/airflow/example_dags/example_task_group_decorator.py for tasks to queue
[2024-07-14T22:26:20.831+0000] {logging_mixin.py:188} INFO - [2024-07-14T22:26:20.830+0000] {dagbag.py:545} INFO - Filling up the DagBag from /home/airflow/.local/lib/python3.12/site-packages/airflow/example_dags/example_task_group_decorator.py
[2024-07-14T22:26:20.849+0000] {processor.py:840} INFO - DAG(s) 'example_task_group_decorator' retrieved from /home/airflow/.local/lib/python3.12/site-packages/airflow/example_dags/example_task_group_decorator.py
[2024-07-14T22:26:20.880+0000] {logging_mixin.py:188} INFO - [2024-07-14T22:26:20.879+0000] {dag.py:3096} INFO - Sync 1 DAGs
[2024-07-14T22:26:20.906+0000] {logging_mixin.py:188} INFO - [2024-07-14T22:26:20.906+0000] {dag.py:3954} INFO - Setting next_dagrun for example_task_group_decorator to 2024-07-13 00:00:00+00:00, run_after=2024-07-14 00:00:00+00:00
[2024-07-14T22:26:20.931+0000] {processor.py:183} INFO - Processing /home/airflow/.local/lib/python3.12/site-packages/airflow/example_dags/example_task_group_decorator.py took 0.109 seconds
[2024-07-14T22:26:51.015+0000] {processor.py:161} INFO - Started process (PID=628) to work on /home/airflow/.local/lib/python3.12/site-packages/airflow/example_dags/example_task_group_decorator.py
[2024-07-14T22:26:51.016+0000] {processor.py:830} INFO - Processing file /home/airflow/.local/lib/python3.12/site-packages/airflow/example_dags/example_task_group_decorator.py for tasks to queue
[2024-07-14T22:26:51.018+0000] {logging_mixin.py:188} INFO - [2024-07-14T22:26:51.017+0000] {dagbag.py:545} INFO - Filling up the DagBag from /home/airflow/.local/lib/python3.12/site-packages/airflow/example_dags/example_task_group_decorator.py
[2024-07-14T22:26:51.037+0000] {processor.py:840} INFO - DAG(s) 'example_task_group_decorator' retrieved from /home/airflow/.local/lib/python3.12/site-packages/airflow/example_dags/example_task_group_decorator.py
[2024-07-14T22:26:51.067+0000] {logging_mixin.py:188} INFO - [2024-07-14T22:26:51.067+0000] {dag.py:3096} INFO - Sync 1 DAGs
[2024-07-14T22:26:51.093+0000] {logging_mixin.py:188} INFO - [2024-07-14T22:26:51.093+0000] {dag.py:3954} INFO - Setting next_dagrun for example_task_group_decorator to 2024-07-13 00:00:00+00:00, run_after=2024-07-14 00:00:00+00:00
[2024-07-14T22:26:51.117+0000] {processor.py:183} INFO - Processing /home/airflow/.local/lib/python3.12/site-packages/airflow/example_dags/example_task_group_decorator.py took 0.108 seconds
[2024-07-14T22:27:21.611+0000] {processor.py:161} INFO - Started process (PID=687) to work on /home/airflow/.local/lib/python3.12/site-packages/airflow/example_dags/example_task_group_decorator.py
[2024-07-14T22:27:21.613+0000] {processor.py:830} INFO - Processing file /home/airflow/.local/lib/python3.12/site-packages/airflow/example_dags/example_task_group_decorator.py for tasks to queue
[2024-07-14T22:27:21.615+0000] {logging_mixin.py:188} INFO - [2024-07-14T22:27:21.614+0000] {dagbag.py:545} INFO - Filling up the DagBag from /home/airflow/.local/lib/python3.12/site-packages/airflow/example_dags/example_task_group_decorator.py
[2024-07-14T22:27:21.634+0000] {processor.py:840} INFO - DAG(s) 'example_task_group_decorator' retrieved from /home/airflow/.local/lib/python3.12/site-packages/airflow/example_dags/example_task_group_decorator.py
[2024-07-14T22:27:21.672+0000] {logging_mixin.py:188} INFO - [2024-07-14T22:27:21.671+0000] {dag.py:3096} INFO - Sync 1 DAGs
[2024-07-14T22:27:21.711+0000] {logging_mixin.py:188} INFO - [2024-07-14T22:27:21.710+0000] {dag.py:3954} INFO - Setting next_dagrun for example_task_group_decorator to 2024-07-13 00:00:00+00:00, run_after=2024-07-14 00:00:00+00:00
[2024-07-14T22:27:21.739+0000] {processor.py:183} INFO - Processing /home/airflow/.local/lib/python3.12/site-packages/airflow/example_dags/example_task_group_decorator.py took 0.138 seconds
[2024-07-14T22:27:51.849+0000] {processor.py:161} INFO - Started process (PID=746) to work on /home/airflow/.local/lib/python3.12/site-packages/airflow/example_dags/example_task_group_decorator.py
[2024-07-14T22:27:51.850+0000] {processor.py:830} INFO - Processing file /home/airflow/.local/lib/python3.12/site-packages/airflow/example_dags/example_task_group_decorator.py for tasks to queue
[2024-07-14T22:27:51.852+0000] {logging_mixin.py:188} INFO - [2024-07-14T22:27:51.852+0000] {dagbag.py:545} INFO - Filling up the DagBag from /home/airflow/.local/lib/python3.12/site-packages/airflow/example_dags/example_task_group_decorator.py
[2024-07-14T22:27:51.870+0000] {processor.py:840} INFO - DAG(s) 'example_task_group_decorator' retrieved from /home/airflow/.local/lib/python3.12/site-packages/airflow/example_dags/example_task_group_decorator.py
[2024-07-14T22:27:51.913+0000] {logging_mixin.py:188} INFO - [2024-07-14T22:27:51.913+0000] {dag.py:3096} INFO - Sync 1 DAGs
[2024-07-14T22:27:51.939+0000] {logging_mixin.py:188} INFO - [2024-07-14T22:27:51.939+0000] {dag.py:3954} INFO - Setting next_dagrun for example_task_group_decorator to 2024-07-13 00:00:00+00:00, run_after=2024-07-14 00:00:00+00:00
[2024-07-14T22:27:51.963+0000] {processor.py:183} INFO - Processing /home/airflow/.local/lib/python3.12/site-packages/airflow/example_dags/example_task_group_decorator.py took 0.126 seconds
[2024-07-14T22:28:22.552+0000] {processor.py:161} INFO - Started process (PID=807) to work on /home/airflow/.local/lib/python3.12/site-packages/airflow/example_dags/example_task_group_decorator.py
[2024-07-14T22:28:22.558+0000] {processor.py:830} INFO - Processing file /home/airflow/.local/lib/python3.12/site-packages/airflow/example_dags/example_task_group_decorator.py for tasks to queue
[2024-07-14T22:28:22.562+0000] {logging_mixin.py:188} INFO - [2024-07-14T22:28:22.561+0000] {dagbag.py:545} INFO - Filling up the DagBag from /home/airflow/.local/lib/python3.12/site-packages/airflow/example_dags/example_task_group_decorator.py
[2024-07-14T22:28:22.628+0000] {processor.py:840} INFO - DAG(s) 'example_task_group_decorator' retrieved from /home/airflow/.local/lib/python3.12/site-packages/airflow/example_dags/example_task_group_decorator.py
[2024-07-14T22:28:22.690+0000] {logging_mixin.py:188} INFO - [2024-07-14T22:28:22.689+0000] {dag.py:3096} INFO - Sync 1 DAGs
[2024-07-14T22:28:22.714+0000] {logging_mixin.py:188} INFO - [2024-07-14T22:28:22.714+0000] {dag.py:3954} INFO - Setting next_dagrun for example_task_group_decorator to 2024-07-13 00:00:00+00:00, run_after=2024-07-14 00:00:00+00:00
[2024-07-14T22:28:22.737+0000] {processor.py:183} INFO - Processing /home/airflow/.local/lib/python3.12/site-packages/airflow/example_dags/example_task_group_decorator.py took 0.196 seconds
[2024-07-14T22:28:53.118+0000] {processor.py:161} INFO - Started process (PID=866) to work on /home/airflow/.local/lib/python3.12/site-packages/airflow/example_dags/example_task_group_decorator.py
[2024-07-14T22:28:53.119+0000] {processor.py:830} INFO - Processing file /home/airflow/.local/lib/python3.12/site-packages/airflow/example_dags/example_task_group_decorator.py for tasks to queue
[2024-07-14T22:28:53.120+0000] {logging_mixin.py:188} INFO - [2024-07-14T22:28:53.120+0000] {dagbag.py:545} INFO - Filling up the DagBag from /home/airflow/.local/lib/python3.12/site-packages/airflow/example_dags/example_task_group_decorator.py
[2024-07-14T22:28:53.191+0000] {processor.py:840} INFO - DAG(s) 'example_task_group_decorator' retrieved from /home/airflow/.local/lib/python3.12/site-packages/airflow/example_dags/example_task_group_decorator.py
[2024-07-14T22:28:53.308+0000] {logging_mixin.py:188} INFO - [2024-07-14T22:28:53.308+0000] {dag.py:3096} INFO - Sync 1 DAGs
[2024-07-14T22:28:53.407+0000] {logging_mixin.py:188} INFO - [2024-07-14T22:28:53.399+0000] {dag.py:3954} INFO - Setting next_dagrun for example_task_group_decorator to 2024-07-13 00:00:00+00:00, run_after=2024-07-14 00:00:00+00:00
[2024-07-14T22:28:53.496+0000] {processor.py:183} INFO - Processing /home/airflow/.local/lib/python3.12/site-packages/airflow/example_dags/example_task_group_decorator.py took 0.413 seconds
[2024-07-14T22:29:24.221+0000] {processor.py:161} INFO - Started process (PID=924) to work on /home/airflow/.local/lib/python3.12/site-packages/airflow/example_dags/example_task_group_decorator.py
[2024-07-14T22:29:24.230+0000] {processor.py:830} INFO - Processing file /home/airflow/.local/lib/python3.12/site-packages/airflow/example_dags/example_task_group_decorator.py for tasks to queue
[2024-07-14T22:29:24.232+0000] {logging_mixin.py:188} INFO - [2024-07-14T22:29:24.232+0000] {dagbag.py:545} INFO - Filling up the DagBag from /home/airflow/.local/lib/python3.12/site-packages/airflow/example_dags/example_task_group_decorator.py
[2024-07-14T22:29:24.269+0000] {processor.py:840} INFO - DAG(s) 'example_task_group_decorator' retrieved from /home/airflow/.local/lib/python3.12/site-packages/airflow/example_dags/example_task_group_decorator.py
[2024-07-14T22:29:24.352+0000] {logging_mixin.py:188} INFO - [2024-07-14T22:29:24.352+0000] {dag.py:3096} INFO - Sync 1 DAGs
[2024-07-14T22:29:24.396+0000] {logging_mixin.py:188} INFO - [2024-07-14T22:29:24.395+0000] {dag.py:3954} INFO - Setting next_dagrun for example_task_group_decorator to 2024-07-13 00:00:00+00:00, run_after=2024-07-14 00:00:00+00:00
[2024-07-14T22:29:24.435+0000] {processor.py:183} INFO - Processing /home/airflow/.local/lib/python3.12/site-packages/airflow/example_dags/example_task_group_decorator.py took 0.220 seconds
[2024-07-14T22:29:54.597+0000] {processor.py:161} INFO - Started process (PID=983) to work on /home/airflow/.local/lib/python3.12/site-packages/airflow/example_dags/example_task_group_decorator.py
[2024-07-14T22:29:54.598+0000] {processor.py:830} INFO - Processing file /home/airflow/.local/lib/python3.12/site-packages/airflow/example_dags/example_task_group_decorator.py for tasks to queue
[2024-07-14T22:29:54.599+0000] {logging_mixin.py:188} INFO - [2024-07-14T22:29:54.599+0000] {dagbag.py:545} INFO - Filling up the DagBag from /home/airflow/.local/lib/python3.12/site-packages/airflow/example_dags/example_task_group_decorator.py
[2024-07-14T22:29:54.618+0000] {processor.py:840} INFO - DAG(s) 'example_task_group_decorator' retrieved from /home/airflow/.local/lib/python3.12/site-packages/airflow/example_dags/example_task_group_decorator.py
[2024-07-14T22:29:54.652+0000] {logging_mixin.py:188} INFO - [2024-07-14T22:29:54.652+0000] {dag.py:3096} INFO - Sync 1 DAGs
[2024-07-14T22:29:54.678+0000] {logging_mixin.py:188} INFO - [2024-07-14T22:29:54.678+0000] {dag.py:3954} INFO - Setting next_dagrun for example_task_group_decorator to 2024-07-13 00:00:00+00:00, run_after=2024-07-14 00:00:00+00:00
[2024-07-14T22:29:54.701+0000] {processor.py:183} INFO - Processing /home/airflow/.local/lib/python3.12/site-packages/airflow/example_dags/example_task_group_decorator.py took 0.110 seconds
[2024-07-14T22:30:25.295+0000] {processor.py:161} INFO - Started process (PID=1043) to work on /home/airflow/.local/lib/python3.12/site-packages/airflow/example_dags/example_task_group_decorator.py
[2024-07-14T22:30:25.296+0000] {processor.py:830} INFO - Processing file /home/airflow/.local/lib/python3.12/site-packages/airflow/example_dags/example_task_group_decorator.py for tasks to queue
[2024-07-14T22:30:25.297+0000] {logging_mixin.py:188} INFO - [2024-07-14T22:30:25.297+0000] {dagbag.py:545} INFO - Filling up the DagBag from /home/airflow/.local/lib/python3.12/site-packages/airflow/example_dags/example_task_group_decorator.py
[2024-07-14T22:30:25.316+0000] {processor.py:840} INFO - DAG(s) 'example_task_group_decorator' retrieved from /home/airflow/.local/lib/python3.12/site-packages/airflow/example_dags/example_task_group_decorator.py
[2024-07-14T22:30:25.350+0000] {logging_mixin.py:188} INFO - [2024-07-14T22:30:25.350+0000] {dag.py:3096} INFO - Sync 1 DAGs
[2024-07-14T22:30:25.376+0000] {logging_mixin.py:188} INFO - [2024-07-14T22:30:25.375+0000] {dag.py:3954} INFO - Setting next_dagrun for example_task_group_decorator to 2024-07-13 00:00:00+00:00, run_after=2024-07-14 00:00:00+00:00
[2024-07-14T22:30:25.399+0000] {processor.py:183} INFO - Processing /home/airflow/.local/lib/python3.12/site-packages/airflow/example_dags/example_task_group_decorator.py took 0.111 seconds
[2024-07-14T22:30:55.638+0000] {processor.py:161} INFO - Started process (PID=1108) to work on /home/airflow/.local/lib/python3.12/site-packages/airflow/example_dags/example_task_group_decorator.py
[2024-07-14T22:30:55.646+0000] {processor.py:830} INFO - Processing file /home/airflow/.local/lib/python3.12/site-packages/airflow/example_dags/example_task_group_decorator.py for tasks to queue
[2024-07-14T22:30:55.648+0000] {logging_mixin.py:188} INFO - [2024-07-14T22:30:55.647+0000] {dagbag.py:545} INFO - Filling up the DagBag from /home/airflow/.local/lib/python3.12/site-packages/airflow/example_dags/example_task_group_decorator.py
[2024-07-14T22:30:55.667+0000] {processor.py:840} INFO - DAG(s) 'example_task_group_decorator' retrieved from /home/airflow/.local/lib/python3.12/site-packages/airflow/example_dags/example_task_group_decorator.py
[2024-07-14T22:30:55.717+0000] {logging_mixin.py:188} INFO - [2024-07-14T22:30:55.717+0000] {dag.py:3096} INFO - Sync 1 DAGs
[2024-07-14T22:30:55.743+0000] {logging_mixin.py:188} INFO - [2024-07-14T22:30:55.743+0000] {dag.py:3954} INFO - Setting next_dagrun for example_task_group_decorator to 2024-07-13 00:00:00+00:00, run_after=2024-07-14 00:00:00+00:00
[2024-07-14T22:30:55.765+0000] {processor.py:183} INFO - Processing /home/airflow/.local/lib/python3.12/site-packages/airflow/example_dags/example_task_group_decorator.py took 0.134 seconds
[2024-07-14T22:31:26.090+0000] {processor.py:161} INFO - Started process (PID=1167) to work on /home/airflow/.local/lib/python3.12/site-packages/airflow/example_dags/example_task_group_decorator.py
[2024-07-14T22:31:26.090+0000] {processor.py:830} INFO - Processing file /home/airflow/.local/lib/python3.12/site-packages/airflow/example_dags/example_task_group_decorator.py for tasks to queue
[2024-07-14T22:31:26.092+0000] {logging_mixin.py:188} INFO - [2024-07-14T22:31:26.092+0000] {dagbag.py:545} INFO - Filling up the DagBag from /home/airflow/.local/lib/python3.12/site-packages/airflow/example_dags/example_task_group_decorator.py
[2024-07-14T22:31:26.111+0000] {processor.py:840} INFO - DAG(s) 'example_task_group_decorator' retrieved from /home/airflow/.local/lib/python3.12/site-packages/airflow/example_dags/example_task_group_decorator.py
[2024-07-14T22:31:26.144+0000] {logging_mixin.py:188} INFO - [2024-07-14T22:31:26.144+0000] {dag.py:3096} INFO - Sync 1 DAGs
[2024-07-14T22:31:26.170+0000] {logging_mixin.py:188} INFO - [2024-07-14T22:31:26.170+0000] {dag.py:3954} INFO - Setting next_dagrun for example_task_group_decorator to 2024-07-13 00:00:00+00:00, run_after=2024-07-14 00:00:00+00:00
[2024-07-14T22:31:26.192+0000] {processor.py:183} INFO - Processing /home/airflow/.local/lib/python3.12/site-packages/airflow/example_dags/example_task_group_decorator.py took 0.108 seconds
[2024-07-14T22:31:56.631+0000] {processor.py:161} INFO - Started process (PID=1226) to work on /home/airflow/.local/lib/python3.12/site-packages/airflow/example_dags/example_task_group_decorator.py
[2024-07-14T22:31:56.631+0000] {processor.py:830} INFO - Processing file /home/airflow/.local/lib/python3.12/site-packages/airflow/example_dags/example_task_group_decorator.py for tasks to queue
[2024-07-14T22:31:56.633+0000] {logging_mixin.py:188} INFO - [2024-07-14T22:31:56.633+0000] {dagbag.py:545} INFO - Filling up the DagBag from /home/airflow/.local/lib/python3.12/site-packages/airflow/example_dags/example_task_group_decorator.py
[2024-07-14T22:31:56.651+0000] {processor.py:840} INFO - DAG(s) 'example_task_group_decorator' retrieved from /home/airflow/.local/lib/python3.12/site-packages/airflow/example_dags/example_task_group_decorator.py
[2024-07-14T22:31:56.682+0000] {logging_mixin.py:188} INFO - [2024-07-14T22:31:56.682+0000] {dag.py:3096} INFO - Sync 1 DAGs
[2024-07-14T22:31:56.709+0000] {logging_mixin.py:188} INFO - [2024-07-14T22:31:56.709+0000] {dag.py:3954} INFO - Setting next_dagrun for example_task_group_decorator to 2024-07-13 00:00:00+00:00, run_after=2024-07-14 00:00:00+00:00
[2024-07-14T22:31:56.746+0000] {processor.py:183} INFO - Processing /home/airflow/.local/lib/python3.12/site-packages/airflow/example_dags/example_task_group_decorator.py took 0.122 seconds
[2024-07-14T22:32:26.831+0000] {processor.py:161} INFO - Started process (PID=1285) to work on /home/airflow/.local/lib/python3.12/site-packages/airflow/example_dags/example_task_group_decorator.py
[2024-07-14T22:32:26.832+0000] {processor.py:830} INFO - Processing file /home/airflow/.local/lib/python3.12/site-packages/airflow/example_dags/example_task_group_decorator.py for tasks to queue
[2024-07-14T22:32:26.833+0000] {logging_mixin.py:188} INFO - [2024-07-14T22:32:26.833+0000] {dagbag.py:545} INFO - Filling up the DagBag from /home/airflow/.local/lib/python3.12/site-packages/airflow/example_dags/example_task_group_decorator.py
[2024-07-14T22:32:26.852+0000] {processor.py:840} INFO - DAG(s) 'example_task_group_decorator' retrieved from /home/airflow/.local/lib/python3.12/site-packages/airflow/example_dags/example_task_group_decorator.py
[2024-07-14T22:32:26.883+0000] {logging_mixin.py:188} INFO - [2024-07-14T22:32:26.883+0000] {dag.py:3096} INFO - Sync 1 DAGs
[2024-07-14T22:32:26.927+0000] {logging_mixin.py:188} INFO - [2024-07-14T22:32:26.927+0000] {dag.py:3954} INFO - Setting next_dagrun for example_task_group_decorator to 2024-07-13 00:00:00+00:00, run_after=2024-07-14 00:00:00+00:00
[2024-07-14T22:32:26.967+0000] {processor.py:183} INFO - Processing /home/airflow/.local/lib/python3.12/site-packages/airflow/example_dags/example_task_group_decorator.py took 0.142 seconds
[2024-07-14T22:32:57.315+0000] {processor.py:161} INFO - Started process (PID=1344) to work on /home/airflow/.local/lib/python3.12/site-packages/airflow/example_dags/example_task_group_decorator.py
[2024-07-14T22:32:57.316+0000] {processor.py:830} INFO - Processing file /home/airflow/.local/lib/python3.12/site-packages/airflow/example_dags/example_task_group_decorator.py for tasks to queue
[2024-07-14T22:32:57.318+0000] {logging_mixin.py:188} INFO - [2024-07-14T22:32:57.317+0000] {dagbag.py:545} INFO - Filling up the DagBag from /home/airflow/.local/lib/python3.12/site-packages/airflow/example_dags/example_task_group_decorator.py
[2024-07-14T22:32:57.337+0000] {processor.py:840} INFO - DAG(s) 'example_task_group_decorator' retrieved from /home/airflow/.local/lib/python3.12/site-packages/airflow/example_dags/example_task_group_decorator.py
[2024-07-14T22:32:57.371+0000] {logging_mixin.py:188} INFO - [2024-07-14T22:32:57.370+0000] {dag.py:3096} INFO - Sync 1 DAGs
[2024-07-14T22:32:57.396+0000] {logging_mixin.py:188} INFO - [2024-07-14T22:32:57.396+0000] {dag.py:3954} INFO - Setting next_dagrun for example_task_group_decorator to 2024-07-13 00:00:00+00:00, run_after=2024-07-14 00:00:00+00:00
[2024-07-14T22:32:57.422+0000] {processor.py:183} INFO - Processing /home/airflow/.local/lib/python3.12/site-packages/airflow/example_dags/example_task_group_decorator.py took 0.113 seconds
[2024-07-14T22:33:27.990+0000] {processor.py:161} INFO - Started process (PID=1403) to work on /home/airflow/.local/lib/python3.12/site-packages/airflow/example_dags/example_task_group_decorator.py
[2024-07-14T22:33:27.991+0000] {processor.py:830} INFO - Processing file /home/airflow/.local/lib/python3.12/site-packages/airflow/example_dags/example_task_group_decorator.py for tasks to queue
[2024-07-14T22:33:27.992+0000] {logging_mixin.py:188} INFO - [2024-07-14T22:33:27.992+0000] {dagbag.py:545} INFO - Filling up the DagBag from /home/airflow/.local/lib/python3.12/site-packages/airflow/example_dags/example_task_group_decorator.py
[2024-07-14T22:33:28.011+0000] {processor.py:840} INFO - DAG(s) 'example_task_group_decorator' retrieved from /home/airflow/.local/lib/python3.12/site-packages/airflow/example_dags/example_task_group_decorator.py
[2024-07-14T22:33:28.069+0000] {logging_mixin.py:188} INFO - [2024-07-14T22:33:28.068+0000] {dag.py:3096} INFO - Sync 1 DAGs
[2024-07-14T22:33:28.097+0000] {logging_mixin.py:188} INFO - [2024-07-14T22:33:28.096+0000] {dag.py:3954} INFO - Setting next_dagrun for example_task_group_decorator to 2024-07-13 00:00:00+00:00, run_after=2024-07-14 00:00:00+00:00
[2024-07-14T22:33:28.135+0000] {processor.py:183} INFO - Processing /home/airflow/.local/lib/python3.12/site-packages/airflow/example_dags/example_task_group_decorator.py took 0.151 seconds
[2024-07-14T22:33:58.234+0000] {processor.py:161} INFO - Started process (PID=1462) to work on /home/airflow/.local/lib/python3.12/site-packages/airflow/example_dags/example_task_group_decorator.py
[2024-07-14T22:33:58.235+0000] {processor.py:830} INFO - Processing file /home/airflow/.local/lib/python3.12/site-packages/airflow/example_dags/example_task_group_decorator.py for tasks to queue
[2024-07-14T22:33:58.236+0000] {logging_mixin.py:188} INFO - [2024-07-14T22:33:58.236+0000] {dagbag.py:545} INFO - Filling up the DagBag from /home/airflow/.local/lib/python3.12/site-packages/airflow/example_dags/example_task_group_decorator.py
[2024-07-14T22:33:58.271+0000] {processor.py:840} INFO - DAG(s) 'example_task_group_decorator' retrieved from /home/airflow/.local/lib/python3.12/site-packages/airflow/example_dags/example_task_group_decorator.py
[2024-07-14T22:33:58.346+0000] {logging_mixin.py:188} INFO - [2024-07-14T22:33:58.346+0000] {dag.py:3096} INFO - Sync 1 DAGs
[2024-07-14T22:33:58.388+0000] {logging_mixin.py:188} INFO - [2024-07-14T22:33:58.388+0000] {dag.py:3954} INFO - Setting next_dagrun for example_task_group_decorator to 2024-07-13 00:00:00+00:00, run_after=2024-07-14 00:00:00+00:00
[2024-07-14T22:33:58.438+0000] {processor.py:183} INFO - Processing /home/airflow/.local/lib/python3.12/site-packages/airflow/example_dags/example_task_group_decorator.py took 0.225 seconds
[2024-07-14T22:34:28.500+0000] {processor.py:161} INFO - Started process (PID=1520) to work on /home/airflow/.local/lib/python3.12/site-packages/airflow/example_dags/example_task_group_decorator.py
[2024-07-14T22:34:28.504+0000] {processor.py:830} INFO - Processing file /home/airflow/.local/lib/python3.12/site-packages/airflow/example_dags/example_task_group_decorator.py for tasks to queue
[2024-07-14T22:34:28.507+0000] {logging_mixin.py:188} INFO - [2024-07-14T22:34:28.506+0000] {dagbag.py:545} INFO - Filling up the DagBag from /home/airflow/.local/lib/python3.12/site-packages/airflow/example_dags/example_task_group_decorator.py
[2024-07-14T22:34:28.541+0000] {processor.py:840} INFO - DAG(s) 'example_task_group_decorator' retrieved from /home/airflow/.local/lib/python3.12/site-packages/airflow/example_dags/example_task_group_decorator.py
[2024-07-14T22:34:28.598+0000] {logging_mixin.py:188} INFO - [2024-07-14T22:34:28.598+0000] {dag.py:3096} INFO - Sync 1 DAGs
[2024-07-14T22:34:28.624+0000] {logging_mixin.py:188} INFO - [2024-07-14T22:34:28.623+0000] {dag.py:3954} INFO - Setting next_dagrun for example_task_group_decorator to 2024-07-13 00:00:00+00:00, run_after=2024-07-14 00:00:00+00:00
[2024-07-14T22:34:28.674+0000] {processor.py:183} INFO - Processing /home/airflow/.local/lib/python3.12/site-packages/airflow/example_dags/example_task_group_decorator.py took 0.181 seconds
[2024-07-14T22:34:59.150+0000] {processor.py:161} INFO - Started process (PID=1580) to work on /home/airflow/.local/lib/python3.12/site-packages/airflow/example_dags/example_task_group_decorator.py
[2024-07-14T22:34:59.150+0000] {processor.py:830} INFO - Processing file /home/airflow/.local/lib/python3.12/site-packages/airflow/example_dags/example_task_group_decorator.py for tasks to queue
[2024-07-14T22:34:59.152+0000] {logging_mixin.py:188} INFO - [2024-07-14T22:34:59.152+0000] {dagbag.py:545} INFO - Filling up the DagBag from /home/airflow/.local/lib/python3.12/site-packages/airflow/example_dags/example_task_group_decorator.py
[2024-07-14T22:34:59.180+0000] {processor.py:840} INFO - DAG(s) 'example_task_group_decorator' retrieved from /home/airflow/.local/lib/python3.12/site-packages/airflow/example_dags/example_task_group_decorator.py
[2024-07-14T22:34:59.256+0000] {logging_mixin.py:188} INFO - [2024-07-14T22:34:59.256+0000] {dag.py:3096} INFO - Sync 1 DAGs
[2024-07-14T22:34:59.288+0000] {logging_mixin.py:188} INFO - [2024-07-14T22:34:59.288+0000] {dag.py:3954} INFO - Setting next_dagrun for example_task_group_decorator to 2024-07-13 00:00:00+00:00, run_after=2024-07-14 00:00:00+00:00
[2024-07-14T22:34:59.450+0000] {processor.py:183} INFO - Processing /home/airflow/.local/lib/python3.12/site-packages/airflow/example_dags/example_task_group_decorator.py took 0.309 seconds
[2024-07-14T22:35:29.757+0000] {processor.py:161} INFO - Started process (PID=1639) to work on /home/airflow/.local/lib/python3.12/site-packages/airflow/example_dags/example_task_group_decorator.py
[2024-07-14T22:35:29.757+0000] {processor.py:830} INFO - Processing file /home/airflow/.local/lib/python3.12/site-packages/airflow/example_dags/example_task_group_decorator.py for tasks to queue
[2024-07-14T22:35:29.759+0000] {logging_mixin.py:188} INFO - [2024-07-14T22:35:29.759+0000] {dagbag.py:545} INFO - Filling up the DagBag from /home/airflow/.local/lib/python3.12/site-packages/airflow/example_dags/example_task_group_decorator.py
[2024-07-14T22:35:29.777+0000] {processor.py:840} INFO - DAG(s) 'example_task_group_decorator' retrieved from /home/airflow/.local/lib/python3.12/site-packages/airflow/example_dags/example_task_group_decorator.py
[2024-07-14T22:35:29.807+0000] {logging_mixin.py:188} INFO - [2024-07-14T22:35:29.807+0000] {dag.py:3096} INFO - Sync 1 DAGs
[2024-07-14T22:35:29.832+0000] {logging_mixin.py:188} INFO - [2024-07-14T22:35:29.832+0000] {dag.py:3954} INFO - Setting next_dagrun for example_task_group_decorator to 2024-07-13 00:00:00+00:00, run_after=2024-07-14 00:00:00+00:00
[2024-07-14T22:35:29.856+0000] {processor.py:183} INFO - Processing /home/airflow/.local/lib/python3.12/site-packages/airflow/example_dags/example_task_group_decorator.py took 0.105 seconds
[2024-07-14T22:36:00.032+0000] {processor.py:161} INFO - Started process (PID=1699) to work on /home/airflow/.local/lib/python3.12/site-packages/airflow/example_dags/example_task_group_decorator.py
[2024-07-14T22:36:00.033+0000] {processor.py:830} INFO - Processing file /home/airflow/.local/lib/python3.12/site-packages/airflow/example_dags/example_task_group_decorator.py for tasks to queue
[2024-07-14T22:36:00.034+0000] {logging_mixin.py:188} INFO - [2024-07-14T22:36:00.034+0000] {dagbag.py:545} INFO - Filling up the DagBag from /home/airflow/.local/lib/python3.12/site-packages/airflow/example_dags/example_task_group_decorator.py
[2024-07-14T22:36:00.052+0000] {processor.py:840} INFO - DAG(s) 'example_task_group_decorator' retrieved from /home/airflow/.local/lib/python3.12/site-packages/airflow/example_dags/example_task_group_decorator.py
[2024-07-14T22:36:00.083+0000] {logging_mixin.py:188} INFO - [2024-07-14T22:36:00.083+0000] {dag.py:3096} INFO - Sync 1 DAGs
[2024-07-14T22:36:00.110+0000] {logging_mixin.py:188} INFO - [2024-07-14T22:36:00.110+0000] {dag.py:3954} INFO - Setting next_dagrun for example_task_group_decorator to 2024-07-13 00:00:00+00:00, run_after=2024-07-14 00:00:00+00:00
[2024-07-14T22:36:00.133+0000] {processor.py:183} INFO - Processing /home/airflow/.local/lib/python3.12/site-packages/airflow/example_dags/example_task_group_decorator.py took 0.108 seconds
[2024-07-14T22:36:30.466+0000] {processor.py:161} INFO - Started process (PID=1758) to work on /home/airflow/.local/lib/python3.12/site-packages/airflow/example_dags/example_task_group_decorator.py
[2024-07-14T22:36:30.467+0000] {processor.py:830} INFO - Processing file /home/airflow/.local/lib/python3.12/site-packages/airflow/example_dags/example_task_group_decorator.py for tasks to queue
[2024-07-14T22:36:30.469+0000] {logging_mixin.py:188} INFO - [2024-07-14T22:36:30.468+0000] {dagbag.py:545} INFO - Filling up the DagBag from /home/airflow/.local/lib/python3.12/site-packages/airflow/example_dags/example_task_group_decorator.py
[2024-07-14T22:36:30.487+0000] {processor.py:840} INFO - DAG(s) 'example_task_group_decorator' retrieved from /home/airflow/.local/lib/python3.12/site-packages/airflow/example_dags/example_task_group_decorator.py
[2024-07-14T22:36:30.519+0000] {logging_mixin.py:188} INFO - [2024-07-14T22:36:30.519+0000] {dag.py:3096} INFO - Sync 1 DAGs
[2024-07-14T22:36:30.545+0000] {logging_mixin.py:188} INFO - [2024-07-14T22:36:30.545+0000] {dag.py:3954} INFO - Setting next_dagrun for example_task_group_decorator to 2024-07-13 00:00:00+00:00, run_after=2024-07-14 00:00:00+00:00
[2024-07-14T22:36:30.568+0000] {processor.py:183} INFO - Processing /home/airflow/.local/lib/python3.12/site-packages/airflow/example_dags/example_task_group_decorator.py took 0.108 seconds
[2024-07-14T22:37:01.276+0000] {processor.py:161} INFO - Started process (PID=1815) to work on /home/airflow/.local/lib/python3.12/site-packages/airflow/example_dags/example_task_group_decorator.py
[2024-07-14T22:37:01.278+0000] {processor.py:830} INFO - Processing file /home/airflow/.local/lib/python3.12/site-packages/airflow/example_dags/example_task_group_decorator.py for tasks to queue
[2024-07-14T22:37:01.280+0000] {logging_mixin.py:188} INFO - [2024-07-14T22:37:01.279+0000] {dagbag.py:545} INFO - Filling up the DagBag from /home/airflow/.local/lib/python3.12/site-packages/airflow/example_dags/example_task_group_decorator.py
[2024-07-14T22:37:01.300+0000] {processor.py:840} INFO - DAG(s) 'example_task_group_decorator' retrieved from /home/airflow/.local/lib/python3.12/site-packages/airflow/example_dags/example_task_group_decorator.py
[2024-07-14T22:37:01.330+0000] {logging_mixin.py:188} INFO - [2024-07-14T22:37:01.329+0000] {dag.py:3096} INFO - Sync 1 DAGs
[2024-07-14T22:37:01.355+0000] {logging_mixin.py:188} INFO - [2024-07-14T22:37:01.354+0000] {dag.py:3954} INFO - Setting next_dagrun for example_task_group_decorator to 2024-07-13 00:00:00+00:00, run_after=2024-07-14 00:00:00+00:00
[2024-07-14T22:37:01.378+0000] {processor.py:183} INFO - Processing /home/airflow/.local/lib/python3.12/site-packages/airflow/example_dags/example_task_group_decorator.py took 0.109 seconds
[2024-07-14T22:37:32.290+0000] {processor.py:161} INFO - Started process (PID=1874) to work on /home/airflow/.local/lib/python3.12/site-packages/airflow/example_dags/example_task_group_decorator.py
[2024-07-14T22:37:32.291+0000] {processor.py:830} INFO - Processing file /home/airflow/.local/lib/python3.12/site-packages/airflow/example_dags/example_task_group_decorator.py for tasks to queue
[2024-07-14T22:37:32.293+0000] {logging_mixin.py:188} INFO - [2024-07-14T22:37:32.292+0000] {dagbag.py:545} INFO - Filling up the DagBag from /home/airflow/.local/lib/python3.12/site-packages/airflow/example_dags/example_task_group_decorator.py
[2024-07-14T22:37:32.311+0000] {processor.py:840} INFO - DAG(s) 'example_task_group_decorator' retrieved from /home/airflow/.local/lib/python3.12/site-packages/airflow/example_dags/example_task_group_decorator.py
[2024-07-14T22:37:32.341+0000] {logging_mixin.py:188} INFO - [2024-07-14T22:37:32.340+0000] {dag.py:3096} INFO - Sync 1 DAGs
[2024-07-14T22:37:32.515+0000] {logging_mixin.py:188} INFO - [2024-07-14T22:37:32.515+0000] {dag.py:3954} INFO - Setting next_dagrun for example_task_group_decorator to 2024-07-13 00:00:00+00:00, run_after=2024-07-14 00:00:00+00:00
[2024-07-14T22:37:32.537+0000] {processor.py:183} INFO - Processing /home/airflow/.local/lib/python3.12/site-packages/airflow/example_dags/example_task_group_decorator.py took 0.253 seconds
[2024-07-14T22:38:03.454+0000] {processor.py:161} INFO - Started process (PID=1933) to work on /home/airflow/.local/lib/python3.12/site-packages/airflow/example_dags/example_task_group_decorator.py
[2024-07-14T22:38:03.454+0000] {processor.py:830} INFO - Processing file /home/airflow/.local/lib/python3.12/site-packages/airflow/example_dags/example_task_group_decorator.py for tasks to queue
[2024-07-14T22:38:03.456+0000] {logging_mixin.py:188} INFO - [2024-07-14T22:38:03.456+0000] {dagbag.py:545} INFO - Filling up the DagBag from /home/airflow/.local/lib/python3.12/site-packages/airflow/example_dags/example_task_group_decorator.py
[2024-07-14T22:38:03.475+0000] {processor.py:840} INFO - DAG(s) 'example_task_group_decorator' retrieved from /home/airflow/.local/lib/python3.12/site-packages/airflow/example_dags/example_task_group_decorator.py
[2024-07-14T22:38:03.506+0000] {logging_mixin.py:188} INFO - [2024-07-14T22:38:03.506+0000] {dag.py:3096} INFO - Sync 1 DAGs
[2024-07-14T22:38:03.532+0000] {logging_mixin.py:188} INFO - [2024-07-14T22:38:03.532+0000] {dag.py:3954} INFO - Setting next_dagrun for example_task_group_decorator to 2024-07-13 00:00:00+00:00, run_after=2024-07-14 00:00:00+00:00
[2024-07-14T22:38:03.556+0000] {processor.py:183} INFO - Processing /home/airflow/.local/lib/python3.12/site-packages/airflow/example_dags/example_task_group_decorator.py took 0.109 seconds
[2024-07-14T22:38:34.213+0000] {processor.py:161} INFO - Started process (PID=1992) to work on /home/airflow/.local/lib/python3.12/site-packages/airflow/example_dags/example_task_group_decorator.py
[2024-07-14T22:38:34.214+0000] {processor.py:830} INFO - Processing file /home/airflow/.local/lib/python3.12/site-packages/airflow/example_dags/example_task_group_decorator.py for tasks to queue
[2024-07-14T22:38:34.216+0000] {logging_mixin.py:188} INFO - [2024-07-14T22:38:34.216+0000] {dagbag.py:545} INFO - Filling up the DagBag from /home/airflow/.local/lib/python3.12/site-packages/airflow/example_dags/example_task_group_decorator.py
[2024-07-14T22:38:34.234+0000] {processor.py:840} INFO - DAG(s) 'example_task_group_decorator' retrieved from /home/airflow/.local/lib/python3.12/site-packages/airflow/example_dags/example_task_group_decorator.py
[2024-07-14T22:38:34.264+0000] {logging_mixin.py:188} INFO - [2024-07-14T22:38:34.264+0000] {dag.py:3096} INFO - Sync 1 DAGs
[2024-07-14T22:38:34.290+0000] {logging_mixin.py:188} INFO - [2024-07-14T22:38:34.290+0000] {dag.py:3954} INFO - Setting next_dagrun for example_task_group_decorator to 2024-07-13 00:00:00+00:00, run_after=2024-07-14 00:00:00+00:00
[2024-07-14T22:38:34.313+0000] {processor.py:183} INFO - Processing /home/airflow/.local/lib/python3.12/site-packages/airflow/example_dags/example_task_group_decorator.py took 0.106 seconds
[2024-07-14T22:39:04.677+0000] {processor.py:161} INFO - Started process (PID=2051) to work on /home/airflow/.local/lib/python3.12/site-packages/airflow/example_dags/example_task_group_decorator.py
[2024-07-14T22:39:04.678+0000] {processor.py:830} INFO - Processing file /home/airflow/.local/lib/python3.12/site-packages/airflow/example_dags/example_task_group_decorator.py for tasks to queue
[2024-07-14T22:39:04.679+0000] {logging_mixin.py:188} INFO - [2024-07-14T22:39:04.679+0000] {dagbag.py:545} INFO - Filling up the DagBag from /home/airflow/.local/lib/python3.12/site-packages/airflow/example_dags/example_task_group_decorator.py
[2024-07-14T22:39:04.699+0000] {processor.py:840} INFO - DAG(s) 'example_task_group_decorator' retrieved from /home/airflow/.local/lib/python3.12/site-packages/airflow/example_dags/example_task_group_decorator.py
[2024-07-14T22:39:04.729+0000] {logging_mixin.py:188} INFO - [2024-07-14T22:39:04.729+0000] {dag.py:3096} INFO - Sync 1 DAGs
[2024-07-14T22:39:04.754+0000] {logging_mixin.py:188} INFO - [2024-07-14T22:39:04.754+0000] {dag.py:3954} INFO - Setting next_dagrun for example_task_group_decorator to 2024-07-13 00:00:00+00:00, run_after=2024-07-14 00:00:00+00:00
[2024-07-14T22:39:04.776+0000] {processor.py:183} INFO - Processing /home/airflow/.local/lib/python3.12/site-packages/airflow/example_dags/example_task_group_decorator.py took 0.105 seconds
