[2024-07-14T22:21:57.260+0000] {processor.py:161} INFO - Started process (PID=80) to work on /home/airflow/.local/lib/python3.12/site-packages/airflow/example_dags/example_python_operator.py
[2024-07-14T22:21:57.262+0000] {processor.py:830} INFO - Processing file /home/airflow/.local/lib/python3.12/site-packages/airflow/example_dags/example_python_operator.py for tasks to queue
[2024-07-14T22:21:57.264+0000] {logging_mixin.py:188} INFO - [2024-07-14T22:21:57.264+0000] {dagbag.py:545} INFO - Filling up the DagBag from /home/airflow/.local/lib/python3.12/site-packages/airflow/example_dags/example_python_operator.py
[2024-07-14T22:21:57.287+0000] {processor.py:840} INFO - DAG(s) 'example_python_operator' retrieved from /home/airflow/.local/lib/python3.12/site-packages/airflow/example_dags/example_python_operator.py
[2024-07-14T22:21:57.496+0000] {logging_mixin.py:188} INFO - [2024-07-14T22:21:57.495+0000] {dag.py:3096} INFO - Sync 1 DAGs
[2024-07-14T22:21:57.520+0000] {logging_mixin.py:188} INFO - [2024-07-14T22:21:57.520+0000] {dag.py:3954} INFO - Setting next_dagrun for example_python_operator to None, run_after=None
[2024-07-14T22:21:57.559+0000] {processor.py:183} INFO - Processing /home/airflow/.local/lib/python3.12/site-packages/airflow/example_dags/example_python_operator.py took 0.308 seconds
[2024-07-14T22:22:28.727+0000] {processor.py:161} INFO - Started process (PID=139) to work on /home/airflow/.local/lib/python3.12/site-packages/airflow/example_dags/example_python_operator.py
[2024-07-14T22:22:28.728+0000] {processor.py:830} INFO - Processing file /home/airflow/.local/lib/python3.12/site-packages/airflow/example_dags/example_python_operator.py for tasks to queue
[2024-07-14T22:22:28.730+0000] {logging_mixin.py:188} INFO - [2024-07-14T22:22:28.729+0000] {dagbag.py:545} INFO - Filling up the DagBag from /home/airflow/.local/lib/python3.12/site-packages/airflow/example_dags/example_python_operator.py
[2024-07-14T22:22:28.742+0000] {processor.py:840} INFO - DAG(s) 'example_python_operator' retrieved from /home/airflow/.local/lib/python3.12/site-packages/airflow/example_dags/example_python_operator.py
[2024-07-14T22:22:28.769+0000] {logging_mixin.py:188} INFO - [2024-07-14T22:22:28.769+0000] {dag.py:3096} INFO - Sync 1 DAGs
[2024-07-14T22:22:28.786+0000] {logging_mixin.py:188} INFO - [2024-07-14T22:22:28.786+0000] {dag.py:3954} INFO - Setting next_dagrun for example_python_operator to None, run_after=None
[2024-07-14T22:22:28.811+0000] {processor.py:183} INFO - Processing /home/airflow/.local/lib/python3.12/site-packages/airflow/example_dags/example_python_operator.py took 0.090 seconds
[2024-07-14T22:22:59.199+0000] {processor.py:161} INFO - Started process (PID=198) to work on /home/airflow/.local/lib/python3.12/site-packages/airflow/example_dags/example_python_operator.py
[2024-07-14T22:22:59.199+0000] {processor.py:830} INFO - Processing file /home/airflow/.local/lib/python3.12/site-packages/airflow/example_dags/example_python_operator.py for tasks to queue
[2024-07-14T22:22:59.201+0000] {logging_mixin.py:188} INFO - [2024-07-14T22:22:59.201+0000] {dagbag.py:545} INFO - Filling up the DagBag from /home/airflow/.local/lib/python3.12/site-packages/airflow/example_dags/example_python_operator.py
[2024-07-14T22:22:59.215+0000] {processor.py:840} INFO - DAG(s) 'example_python_operator' retrieved from /home/airflow/.local/lib/python3.12/site-packages/airflow/example_dags/example_python_operator.py
[2024-07-14T22:22:59.252+0000] {logging_mixin.py:188} INFO - [2024-07-14T22:22:59.252+0000] {dag.py:3096} INFO - Sync 1 DAGs
[2024-07-14T22:22:59.266+0000] {logging_mixin.py:188} INFO - [2024-07-14T22:22:59.266+0000] {dag.py:3954} INFO - Setting next_dagrun for example_python_operator to None, run_after=None
[2024-07-14T22:22:59.291+0000] {processor.py:183} INFO - Processing /home/airflow/.local/lib/python3.12/site-packages/airflow/example_dags/example_python_operator.py took 0.098 seconds
[2024-07-14T22:23:29.666+0000] {processor.py:161} INFO - Started process (PID=257) to work on /home/airflow/.local/lib/python3.12/site-packages/airflow/example_dags/example_python_operator.py
[2024-07-14T22:23:29.667+0000] {processor.py:830} INFO - Processing file /home/airflow/.local/lib/python3.12/site-packages/airflow/example_dags/example_python_operator.py for tasks to queue
[2024-07-14T22:23:29.669+0000] {logging_mixin.py:188} INFO - [2024-07-14T22:23:29.668+0000] {dagbag.py:545} INFO - Filling up the DagBag from /home/airflow/.local/lib/python3.12/site-packages/airflow/example_dags/example_python_operator.py
[2024-07-14T22:23:29.680+0000] {processor.py:840} INFO - DAG(s) 'example_python_operator' retrieved from /home/airflow/.local/lib/python3.12/site-packages/airflow/example_dags/example_python_operator.py
[2024-07-14T22:23:29.707+0000] {logging_mixin.py:188} INFO - [2024-07-14T22:23:29.707+0000] {dag.py:3096} INFO - Sync 1 DAGs
[2024-07-14T22:23:29.721+0000] {logging_mixin.py:188} INFO - [2024-07-14T22:23:29.721+0000] {dag.py:3954} INFO - Setting next_dagrun for example_python_operator to None, run_after=None
[2024-07-14T22:23:29.748+0000] {processor.py:183} INFO - Processing /home/airflow/.local/lib/python3.12/site-packages/airflow/example_dags/example_python_operator.py took 0.088 seconds
[2024-07-14T22:23:59.927+0000] {processor.py:161} INFO - Started process (PID=316) to work on /home/airflow/.local/lib/python3.12/site-packages/airflow/example_dags/example_python_operator.py
[2024-07-14T22:23:59.928+0000] {processor.py:830} INFO - Processing file /home/airflow/.local/lib/python3.12/site-packages/airflow/example_dags/example_python_operator.py for tasks to queue
[2024-07-14T22:23:59.932+0000] {logging_mixin.py:188} INFO - [2024-07-14T22:23:59.932+0000] {dagbag.py:545} INFO - Filling up the DagBag from /home/airflow/.local/lib/python3.12/site-packages/airflow/example_dags/example_python_operator.py
[2024-07-14T22:23:59.944+0000] {processor.py:840} INFO - DAG(s) 'example_python_operator' retrieved from /home/airflow/.local/lib/python3.12/site-packages/airflow/example_dags/example_python_operator.py
[2024-07-14T22:23:59.973+0000] {logging_mixin.py:188} INFO - [2024-07-14T22:23:59.973+0000] {dag.py:3096} INFO - Sync 1 DAGs
[2024-07-14T22:23:59.988+0000] {logging_mixin.py:188} INFO - [2024-07-14T22:23:59.987+0000] {dag.py:3954} INFO - Setting next_dagrun for example_python_operator to None, run_after=None
[2024-07-14T22:24:00.037+0000] {processor.py:183} INFO - Processing /home/airflow/.local/lib/python3.12/site-packages/airflow/example_dags/example_python_operator.py took 0.116 seconds
[2024-07-14T22:24:30.536+0000] {processor.py:161} INFO - Started process (PID=374) to work on /home/airflow/.local/lib/python3.12/site-packages/airflow/example_dags/example_python_operator.py
[2024-07-14T22:24:30.537+0000] {processor.py:830} INFO - Processing file /home/airflow/.local/lib/python3.12/site-packages/airflow/example_dags/example_python_operator.py for tasks to queue
[2024-07-14T22:24:30.538+0000] {logging_mixin.py:188} INFO - [2024-07-14T22:24:30.538+0000] {dagbag.py:545} INFO - Filling up the DagBag from /home/airflow/.local/lib/python3.12/site-packages/airflow/example_dags/example_python_operator.py
[2024-07-14T22:24:30.550+0000] {processor.py:840} INFO - DAG(s) 'example_python_operator' retrieved from /home/airflow/.local/lib/python3.12/site-packages/airflow/example_dags/example_python_operator.py
[2024-07-14T22:24:30.577+0000] {logging_mixin.py:188} INFO - [2024-07-14T22:24:30.577+0000] {dag.py:3096} INFO - Sync 1 DAGs
[2024-07-14T22:24:30.605+0000] {logging_mixin.py:188} INFO - [2024-07-14T22:24:30.605+0000] {dag.py:3954} INFO - Setting next_dagrun for example_python_operator to None, run_after=None
[2024-07-14T22:24:30.627+0000] {processor.py:183} INFO - Processing /home/airflow/.local/lib/python3.12/site-packages/airflow/example_dags/example_python_operator.py took 0.098 seconds
[2024-07-14T22:25:01.148+0000] {processor.py:161} INFO - Started process (PID=432) to work on /home/airflow/.local/lib/python3.12/site-packages/airflow/example_dags/example_python_operator.py
[2024-07-14T22:25:01.148+0000] {processor.py:830} INFO - Processing file /home/airflow/.local/lib/python3.12/site-packages/airflow/example_dags/example_python_operator.py for tasks to queue
[2024-07-14T22:25:01.150+0000] {logging_mixin.py:188} INFO - [2024-07-14T22:25:01.150+0000] {dagbag.py:545} INFO - Filling up the DagBag from /home/airflow/.local/lib/python3.12/site-packages/airflow/example_dags/example_python_operator.py
[2024-07-14T22:25:01.162+0000] {processor.py:840} INFO - DAG(s) 'example_python_operator' retrieved from /home/airflow/.local/lib/python3.12/site-packages/airflow/example_dags/example_python_operator.py
[2024-07-14T22:25:01.192+0000] {logging_mixin.py:188} INFO - [2024-07-14T22:25:01.192+0000] {dag.py:3096} INFO - Sync 1 DAGs
[2024-07-14T22:25:01.207+0000] {logging_mixin.py:188} INFO - [2024-07-14T22:25:01.207+0000] {dag.py:3954} INFO - Setting next_dagrun for example_python_operator to None, run_after=None
[2024-07-14T22:25:01.233+0000] {processor.py:183} INFO - Processing /home/airflow/.local/lib/python3.12/site-packages/airflow/example_dags/example_python_operator.py took 0.091 seconds
[2024-07-14T22:25:31.989+0000] {processor.py:161} INFO - Started process (PID=491) to work on /home/airflow/.local/lib/python3.12/site-packages/airflow/example_dags/example_python_operator.py
[2024-07-14T22:25:31.990+0000] {processor.py:830} INFO - Processing file /home/airflow/.local/lib/python3.12/site-packages/airflow/example_dags/example_python_operator.py for tasks to queue
[2024-07-14T22:25:31.992+0000] {logging_mixin.py:188} INFO - [2024-07-14T22:25:31.991+0000] {dagbag.py:545} INFO - Filling up the DagBag from /home/airflow/.local/lib/python3.12/site-packages/airflow/example_dags/example_python_operator.py
[2024-07-14T22:25:32.005+0000] {processor.py:840} INFO - DAG(s) 'example_python_operator' retrieved from /home/airflow/.local/lib/python3.12/site-packages/airflow/example_dags/example_python_operator.py
[2024-07-14T22:25:32.049+0000] {logging_mixin.py:188} INFO - [2024-07-14T22:25:32.048+0000] {dag.py:3096} INFO - Sync 1 DAGs
[2024-07-14T22:25:32.080+0000] {logging_mixin.py:188} INFO - [2024-07-14T22:25:32.080+0000] {dag.py:3954} INFO - Setting next_dagrun for example_python_operator to None, run_after=None
[2024-07-14T22:25:32.143+0000] {processor.py:183} INFO - Processing /home/airflow/.local/lib/python3.12/site-packages/airflow/example_dags/example_python_operator.py took 0.163 seconds
[2024-07-14T22:26:02.664+0000] {processor.py:161} INFO - Started process (PID=550) to work on /home/airflow/.local/lib/python3.12/site-packages/airflow/example_dags/example_python_operator.py
[2024-07-14T22:26:02.665+0000] {processor.py:830} INFO - Processing file /home/airflow/.local/lib/python3.12/site-packages/airflow/example_dags/example_python_operator.py for tasks to queue
[2024-07-14T22:26:02.667+0000] {logging_mixin.py:188} INFO - [2024-07-14T22:26:02.666+0000] {dagbag.py:545} INFO - Filling up the DagBag from /home/airflow/.local/lib/python3.12/site-packages/airflow/example_dags/example_python_operator.py
[2024-07-14T22:26:02.693+0000] {processor.py:840} INFO - DAG(s) 'example_python_operator' retrieved from /home/airflow/.local/lib/python3.12/site-packages/airflow/example_dags/example_python_operator.py
[2024-07-14T22:26:02.746+0000] {logging_mixin.py:188} INFO - [2024-07-14T22:26:02.746+0000] {dag.py:3096} INFO - Sync 1 DAGs
[2024-07-14T22:26:02.762+0000] {logging_mixin.py:188} INFO - [2024-07-14T22:26:02.762+0000] {dag.py:3954} INFO - Setting next_dagrun for example_python_operator to None, run_after=None
[2024-07-14T22:26:02.813+0000] {processor.py:183} INFO - Processing /home/airflow/.local/lib/python3.12/site-packages/airflow/example_dags/example_python_operator.py took 0.163 seconds
[2024-07-14T22:26:33.133+0000] {processor.py:161} INFO - Started process (PID=609) to work on /home/airflow/.local/lib/python3.12/site-packages/airflow/example_dags/example_python_operator.py
[2024-07-14T22:26:33.133+0000] {processor.py:830} INFO - Processing file /home/airflow/.local/lib/python3.12/site-packages/airflow/example_dags/example_python_operator.py for tasks to queue
[2024-07-14T22:26:33.135+0000] {logging_mixin.py:188} INFO - [2024-07-14T22:26:33.135+0000] {dagbag.py:545} INFO - Filling up the DagBag from /home/airflow/.local/lib/python3.12/site-packages/airflow/example_dags/example_python_operator.py
[2024-07-14T22:26:33.149+0000] {processor.py:840} INFO - DAG(s) 'example_python_operator' retrieved from /home/airflow/.local/lib/python3.12/site-packages/airflow/example_dags/example_python_operator.py
[2024-07-14T22:26:33.172+0000] {logging_mixin.py:188} INFO - [2024-07-14T22:26:33.172+0000] {dag.py:3096} INFO - Sync 1 DAGs
[2024-07-14T22:26:33.196+0000] {logging_mixin.py:188} INFO - [2024-07-14T22:26:33.196+0000] {dag.py:3954} INFO - Setting next_dagrun for example_python_operator to None, run_after=None
[2024-07-14T22:26:33.246+0000] {processor.py:183} INFO - Processing /home/airflow/.local/lib/python3.12/site-packages/airflow/example_dags/example_python_operator.py took 0.120 seconds
[2024-07-14T22:27:03.563+0000] {processor.py:161} INFO - Started process (PID=668) to work on /home/airflow/.local/lib/python3.12/site-packages/airflow/example_dags/example_python_operator.py
[2024-07-14T22:27:03.564+0000] {processor.py:830} INFO - Processing file /home/airflow/.local/lib/python3.12/site-packages/airflow/example_dags/example_python_operator.py for tasks to queue
[2024-07-14T22:27:03.566+0000] {logging_mixin.py:188} INFO - [2024-07-14T22:27:03.565+0000] {dagbag.py:545} INFO - Filling up the DagBag from /home/airflow/.local/lib/python3.12/site-packages/airflow/example_dags/example_python_operator.py
[2024-07-14T22:27:03.577+0000] {processor.py:840} INFO - DAG(s) 'example_python_operator' retrieved from /home/airflow/.local/lib/python3.12/site-packages/airflow/example_dags/example_python_operator.py
[2024-07-14T22:27:03.602+0000] {logging_mixin.py:188} INFO - [2024-07-14T22:27:03.602+0000] {dag.py:3096} INFO - Sync 1 DAGs
[2024-07-14T22:27:03.616+0000] {logging_mixin.py:188} INFO - [2024-07-14T22:27:03.616+0000] {dag.py:3954} INFO - Setting next_dagrun for example_python_operator to None, run_after=None
[2024-07-14T22:27:03.640+0000] {processor.py:183} INFO - Processing /home/airflow/.local/lib/python3.12/site-packages/airflow/example_dags/example_python_operator.py took 0.083 seconds
[2024-07-14T22:27:34.007+0000] {processor.py:161} INFO - Started process (PID=727) to work on /home/airflow/.local/lib/python3.12/site-packages/airflow/example_dags/example_python_operator.py
[2024-07-14T22:27:34.008+0000] {processor.py:830} INFO - Processing file /home/airflow/.local/lib/python3.12/site-packages/airflow/example_dags/example_python_operator.py for tasks to queue
[2024-07-14T22:27:34.009+0000] {logging_mixin.py:188} INFO - [2024-07-14T22:27:34.009+0000] {dagbag.py:545} INFO - Filling up the DagBag from /home/airflow/.local/lib/python3.12/site-packages/airflow/example_dags/example_python_operator.py
[2024-07-14T22:27:34.022+0000] {processor.py:840} INFO - DAG(s) 'example_python_operator' retrieved from /home/airflow/.local/lib/python3.12/site-packages/airflow/example_dags/example_python_operator.py
[2024-07-14T22:27:34.049+0000] {logging_mixin.py:188} INFO - [2024-07-14T22:27:34.049+0000] {dag.py:3096} INFO - Sync 1 DAGs
[2024-07-14T22:27:34.064+0000] {logging_mixin.py:188} INFO - [2024-07-14T22:27:34.064+0000] {dag.py:3954} INFO - Setting next_dagrun for example_python_operator to None, run_after=None
[2024-07-14T22:27:34.089+0000] {processor.py:183} INFO - Processing /home/airflow/.local/lib/python3.12/site-packages/airflow/example_dags/example_python_operator.py took 0.088 seconds
[2024-07-14T22:28:05.256+0000] {processor.py:161} INFO - Started process (PID=788) to work on /home/airflow/.local/lib/python3.12/site-packages/airflow/example_dags/example_python_operator.py
[2024-07-14T22:28:05.257+0000] {processor.py:830} INFO - Processing file /home/airflow/.local/lib/python3.12/site-packages/airflow/example_dags/example_python_operator.py for tasks to queue
[2024-07-14T22:28:05.259+0000] {logging_mixin.py:188} INFO - [2024-07-14T22:28:05.258+0000] {dagbag.py:545} INFO - Filling up the DagBag from /home/airflow/.local/lib/python3.12/site-packages/airflow/example_dags/example_python_operator.py
[2024-07-14T22:28:05.270+0000] {processor.py:840} INFO - DAG(s) 'example_python_operator' retrieved from /home/airflow/.local/lib/python3.12/site-packages/airflow/example_dags/example_python_operator.py
[2024-07-14T22:28:05.298+0000] {logging_mixin.py:188} INFO - [2024-07-14T22:28:05.298+0000] {dag.py:3096} INFO - Sync 1 DAGs
[2024-07-14T22:28:05.313+0000] {logging_mixin.py:188} INFO - [2024-07-14T22:28:05.313+0000] {dag.py:3954} INFO - Setting next_dagrun for example_python_operator to None, run_after=None
[2024-07-14T22:28:05.353+0000] {processor.py:183} INFO - Processing /home/airflow/.local/lib/python3.12/site-packages/airflow/example_dags/example_python_operator.py took 0.103 seconds
[2024-07-14T22:28:36.005+0000] {processor.py:161} INFO - Started process (PID=847) to work on /home/airflow/.local/lib/python3.12/site-packages/airflow/example_dags/example_python_operator.py
[2024-07-14T22:28:36.006+0000] {processor.py:830} INFO - Processing file /home/airflow/.local/lib/python3.12/site-packages/airflow/example_dags/example_python_operator.py for tasks to queue
[2024-07-14T22:28:36.008+0000] {logging_mixin.py:188} INFO - [2024-07-14T22:28:36.008+0000] {dagbag.py:545} INFO - Filling up the DagBag from /home/airflow/.local/lib/python3.12/site-packages/airflow/example_dags/example_python_operator.py
[2024-07-14T22:28:36.020+0000] {processor.py:840} INFO - DAG(s) 'example_python_operator' retrieved from /home/airflow/.local/lib/python3.12/site-packages/airflow/example_dags/example_python_operator.py
[2024-07-14T22:28:36.046+0000] {logging_mixin.py:188} INFO - [2024-07-14T22:28:36.046+0000] {dag.py:3096} INFO - Sync 1 DAGs
[2024-07-14T22:28:36.064+0000] {logging_mixin.py:188} INFO - [2024-07-14T22:28:36.063+0000] {dag.py:3954} INFO - Setting next_dagrun for example_python_operator to None, run_after=None
[2024-07-14T22:28:36.091+0000] {processor.py:183} INFO - Processing /home/airflow/.local/lib/python3.12/site-packages/airflow/example_dags/example_python_operator.py took 0.092 seconds
[2024-07-14T22:29:06.334+0000] {processor.py:161} INFO - Started process (PID=905) to work on /home/airflow/.local/lib/python3.12/site-packages/airflow/example_dags/example_python_operator.py
[2024-07-14T22:29:06.335+0000] {processor.py:830} INFO - Processing file /home/airflow/.local/lib/python3.12/site-packages/airflow/example_dags/example_python_operator.py for tasks to queue
[2024-07-14T22:29:06.336+0000] {logging_mixin.py:188} INFO - [2024-07-14T22:29:06.336+0000] {dagbag.py:545} INFO - Filling up the DagBag from /home/airflow/.local/lib/python3.12/site-packages/airflow/example_dags/example_python_operator.py
[2024-07-14T22:29:06.348+0000] {processor.py:840} INFO - DAG(s) 'example_python_operator' retrieved from /home/airflow/.local/lib/python3.12/site-packages/airflow/example_dags/example_python_operator.py
[2024-07-14T22:29:06.377+0000] {logging_mixin.py:188} INFO - [2024-07-14T22:29:06.376+0000] {dag.py:3096} INFO - Sync 1 DAGs
[2024-07-14T22:29:06.398+0000] {logging_mixin.py:188} INFO - [2024-07-14T22:29:06.397+0000] {dag.py:3954} INFO - Setting next_dagrun for example_python_operator to None, run_after=None
[2024-07-14T22:29:06.423+0000] {processor.py:183} INFO - Processing /home/airflow/.local/lib/python3.12/site-packages/airflow/example_dags/example_python_operator.py took 0.115 seconds
[2024-07-14T22:29:36.570+0000] {processor.py:161} INFO - Started process (PID=963) to work on /home/airflow/.local/lib/python3.12/site-packages/airflow/example_dags/example_python_operator.py
[2024-07-14T22:29:36.570+0000] {processor.py:830} INFO - Processing file /home/airflow/.local/lib/python3.12/site-packages/airflow/example_dags/example_python_operator.py for tasks to queue
[2024-07-14T22:29:36.572+0000] {logging_mixin.py:188} INFO - [2024-07-14T22:29:36.572+0000] {dagbag.py:545} INFO - Filling up the DagBag from /home/airflow/.local/lib/python3.12/site-packages/airflow/example_dags/example_python_operator.py
[2024-07-14T22:29:36.584+0000] {processor.py:840} INFO - DAG(s) 'example_python_operator' retrieved from /home/airflow/.local/lib/python3.12/site-packages/airflow/example_dags/example_python_operator.py
[2024-07-14T22:29:36.610+0000] {logging_mixin.py:188} INFO - [2024-07-14T22:29:36.610+0000] {dag.py:3096} INFO - Sync 1 DAGs
[2024-07-14T22:29:36.625+0000] {logging_mixin.py:188} INFO - [2024-07-14T22:29:36.625+0000] {dag.py:3954} INFO - Setting next_dagrun for example_python_operator to None, run_after=None
[2024-07-14T22:29:36.655+0000] {processor.py:183} INFO - Processing /home/airflow/.local/lib/python3.12/site-packages/airflow/example_dags/example_python_operator.py took 0.093 seconds
[2024-07-14T22:30:06.711+0000] {processor.py:161} INFO - Started process (PID=1023) to work on /home/airflow/.local/lib/python3.12/site-packages/airflow/example_dags/example_python_operator.py
[2024-07-14T22:30:06.712+0000] {processor.py:830} INFO - Processing file /home/airflow/.local/lib/python3.12/site-packages/airflow/example_dags/example_python_operator.py for tasks to queue
[2024-07-14T22:30:06.714+0000] {logging_mixin.py:188} INFO - [2024-07-14T22:30:06.714+0000] {dagbag.py:545} INFO - Filling up the DagBag from /home/airflow/.local/lib/python3.12/site-packages/airflow/example_dags/example_python_operator.py
[2024-07-14T22:30:06.726+0000] {processor.py:840} INFO - DAG(s) 'example_python_operator' retrieved from /home/airflow/.local/lib/python3.12/site-packages/airflow/example_dags/example_python_operator.py
[2024-07-14T22:30:06.752+0000] {logging_mixin.py:188} INFO - [2024-07-14T22:30:06.752+0000] {dag.py:3096} INFO - Sync 1 DAGs
[2024-07-14T22:30:06.767+0000] {logging_mixin.py:188} INFO - [2024-07-14T22:30:06.767+0000] {dag.py:3954} INFO - Setting next_dagrun for example_python_operator to None, run_after=None
[2024-07-14T22:30:06.789+0000] {processor.py:183} INFO - Processing /home/airflow/.local/lib/python3.12/site-packages/airflow/example_dags/example_python_operator.py took 0.084 seconds
[2024-07-14T22:30:37.363+0000] {processor.py:161} INFO - Started process (PID=1082) to work on /home/airflow/.local/lib/python3.12/site-packages/airflow/example_dags/example_python_operator.py
[2024-07-14T22:30:37.364+0000] {processor.py:830} INFO - Processing file /home/airflow/.local/lib/python3.12/site-packages/airflow/example_dags/example_python_operator.py for tasks to queue
[2024-07-14T22:30:37.366+0000] {logging_mixin.py:188} INFO - [2024-07-14T22:30:37.366+0000] {dagbag.py:545} INFO - Filling up the DagBag from /home/airflow/.local/lib/python3.12/site-packages/airflow/example_dags/example_python_operator.py
[2024-07-14T22:30:37.378+0000] {processor.py:840} INFO - DAG(s) 'example_python_operator' retrieved from /home/airflow/.local/lib/python3.12/site-packages/airflow/example_dags/example_python_operator.py
[2024-07-14T22:30:37.406+0000] {logging_mixin.py:188} INFO - [2024-07-14T22:30:37.406+0000] {dag.py:3096} INFO - Sync 1 DAGs
[2024-07-14T22:30:37.421+0000] {logging_mixin.py:188} INFO - [2024-07-14T22:30:37.421+0000] {dag.py:3954} INFO - Setting next_dagrun for example_python_operator to None, run_after=None
[2024-07-14T22:30:37.475+0000] {processor.py:183} INFO - Processing /home/airflow/.local/lib/python3.12/site-packages/airflow/example_dags/example_python_operator.py took 0.118 seconds
[2024-07-14T22:31:08.256+0000] {processor.py:161} INFO - Started process (PID=1141) to work on /home/airflow/.local/lib/python3.12/site-packages/airflow/example_dags/example_python_operator.py
[2024-07-14T22:31:08.257+0000] {processor.py:830} INFO - Processing file /home/airflow/.local/lib/python3.12/site-packages/airflow/example_dags/example_python_operator.py for tasks to queue
[2024-07-14T22:31:08.259+0000] {logging_mixin.py:188} INFO - [2024-07-14T22:31:08.259+0000] {dagbag.py:545} INFO - Filling up the DagBag from /home/airflow/.local/lib/python3.12/site-packages/airflow/example_dags/example_python_operator.py
[2024-07-14T22:31:08.273+0000] {processor.py:840} INFO - DAG(s) 'example_python_operator' retrieved from /home/airflow/.local/lib/python3.12/site-packages/airflow/example_dags/example_python_operator.py
[2024-07-14T22:31:08.326+0000] {logging_mixin.py:188} INFO - [2024-07-14T22:31:08.325+0000] {dag.py:3096} INFO - Sync 1 DAGs
[2024-07-14T22:31:08.365+0000] {logging_mixin.py:188} INFO - [2024-07-14T22:31:08.365+0000] {dag.py:3954} INFO - Setting next_dagrun for example_python_operator to None, run_after=None
[2024-07-14T22:31:08.422+0000] {processor.py:183} INFO - Processing /home/airflow/.local/lib/python3.12/site-packages/airflow/example_dags/example_python_operator.py took 0.189 seconds
[2024-07-14T22:31:39.150+0000] {processor.py:161} INFO - Started process (PID=1200) to work on /home/airflow/.local/lib/python3.12/site-packages/airflow/example_dags/example_python_operator.py
[2024-07-14T22:31:39.151+0000] {processor.py:830} INFO - Processing file /home/airflow/.local/lib/python3.12/site-packages/airflow/example_dags/example_python_operator.py for tasks to queue
[2024-07-14T22:31:39.153+0000] {logging_mixin.py:188} INFO - [2024-07-14T22:31:39.152+0000] {dagbag.py:545} INFO - Filling up the DagBag from /home/airflow/.local/lib/python3.12/site-packages/airflow/example_dags/example_python_operator.py
[2024-07-14T22:31:39.173+0000] {processor.py:840} INFO - DAG(s) 'example_python_operator' retrieved from /home/airflow/.local/lib/python3.12/site-packages/airflow/example_dags/example_python_operator.py
[2024-07-14T22:31:39.207+0000] {logging_mixin.py:188} INFO - [2024-07-14T22:31:39.207+0000] {dag.py:3096} INFO - Sync 1 DAGs
[2024-07-14T22:31:39.222+0000] {logging_mixin.py:188} INFO - [2024-07-14T22:31:39.222+0000] {dag.py:3954} INFO - Setting next_dagrun for example_python_operator to None, run_after=None
[2024-07-14T22:31:39.247+0000] {processor.py:183} INFO - Processing /home/airflow/.local/lib/python3.12/site-packages/airflow/example_dags/example_python_operator.py took 0.115 seconds
[2024-07-14T22:32:09.671+0000] {processor.py:161} INFO - Started process (PID=1259) to work on /home/airflow/.local/lib/python3.12/site-packages/airflow/example_dags/example_python_operator.py
[2024-07-14T22:32:09.672+0000] {processor.py:830} INFO - Processing file /home/airflow/.local/lib/python3.12/site-packages/airflow/example_dags/example_python_operator.py for tasks to queue
[2024-07-14T22:32:09.674+0000] {logging_mixin.py:188} INFO - [2024-07-14T22:32:09.673+0000] {dagbag.py:545} INFO - Filling up the DagBag from /home/airflow/.local/lib/python3.12/site-packages/airflow/example_dags/example_python_operator.py
[2024-07-14T22:32:09.685+0000] {processor.py:840} INFO - DAG(s) 'example_python_operator' retrieved from /home/airflow/.local/lib/python3.12/site-packages/airflow/example_dags/example_python_operator.py
[2024-07-14T22:32:09.712+0000] {logging_mixin.py:188} INFO - [2024-07-14T22:32:09.712+0000] {dag.py:3096} INFO - Sync 1 DAGs
[2024-07-14T22:32:09.726+0000] {logging_mixin.py:188} INFO - [2024-07-14T22:32:09.726+0000] {dag.py:3954} INFO - Setting next_dagrun for example_python_operator to None, run_after=None
[2024-07-14T22:32:09.749+0000] {processor.py:183} INFO - Processing /home/airflow/.local/lib/python3.12/site-packages/airflow/example_dags/example_python_operator.py took 0.084 seconds
[2024-07-14T22:32:39.942+0000] {processor.py:161} INFO - Started process (PID=1318) to work on /home/airflow/.local/lib/python3.12/site-packages/airflow/example_dags/example_python_operator.py
[2024-07-14T22:32:39.943+0000] {processor.py:830} INFO - Processing file /home/airflow/.local/lib/python3.12/site-packages/airflow/example_dags/example_python_operator.py for tasks to queue
[2024-07-14T22:32:39.945+0000] {logging_mixin.py:188} INFO - [2024-07-14T22:32:39.944+0000] {dagbag.py:545} INFO - Filling up the DagBag from /home/airflow/.local/lib/python3.12/site-packages/airflow/example_dags/example_python_operator.py
[2024-07-14T22:32:39.956+0000] {processor.py:840} INFO - DAG(s) 'example_python_operator' retrieved from /home/airflow/.local/lib/python3.12/site-packages/airflow/example_dags/example_python_operator.py
[2024-07-14T22:32:39.986+0000] {logging_mixin.py:188} INFO - [2024-07-14T22:32:39.985+0000] {dag.py:3096} INFO - Sync 1 DAGs
[2024-07-14T22:32:40.000+0000] {logging_mixin.py:188} INFO - [2024-07-14T22:32:40.000+0000] {dag.py:3954} INFO - Setting next_dagrun for example_python_operator to None, run_after=None
[2024-07-14T22:32:40.024+0000] {processor.py:183} INFO - Processing /home/airflow/.local/lib/python3.12/site-packages/airflow/example_dags/example_python_operator.py took 0.087 seconds
[2024-07-14T22:33:10.457+0000] {processor.py:161} INFO - Started process (PID=1377) to work on /home/airflow/.local/lib/python3.12/site-packages/airflow/example_dags/example_python_operator.py
[2024-07-14T22:33:10.458+0000] {processor.py:830} INFO - Processing file /home/airflow/.local/lib/python3.12/site-packages/airflow/example_dags/example_python_operator.py for tasks to queue
[2024-07-14T22:33:10.460+0000] {logging_mixin.py:188} INFO - [2024-07-14T22:33:10.459+0000] {dagbag.py:545} INFO - Filling up the DagBag from /home/airflow/.local/lib/python3.12/site-packages/airflow/example_dags/example_python_operator.py
[2024-07-14T22:33:10.471+0000] {processor.py:840} INFO - DAG(s) 'example_python_operator' retrieved from /home/airflow/.local/lib/python3.12/site-packages/airflow/example_dags/example_python_operator.py
[2024-07-14T22:33:10.498+0000] {logging_mixin.py:188} INFO - [2024-07-14T22:33:10.498+0000] {dag.py:3096} INFO - Sync 1 DAGs
[2024-07-14T22:33:10.512+0000] {logging_mixin.py:188} INFO - [2024-07-14T22:33:10.511+0000] {dag.py:3954} INFO - Setting next_dagrun for example_python_operator to None, run_after=None
[2024-07-14T22:33:10.534+0000] {processor.py:183} INFO - Processing /home/airflow/.local/lib/python3.12/site-packages/airflow/example_dags/example_python_operator.py took 0.083 seconds
[2024-07-14T22:33:41.124+0000] {processor.py:161} INFO - Started process (PID=1436) to work on /home/airflow/.local/lib/python3.12/site-packages/airflow/example_dags/example_python_operator.py
[2024-07-14T22:33:41.125+0000] {processor.py:830} INFO - Processing file /home/airflow/.local/lib/python3.12/site-packages/airflow/example_dags/example_python_operator.py for tasks to queue
[2024-07-14T22:33:41.126+0000] {logging_mixin.py:188} INFO - [2024-07-14T22:33:41.126+0000] {dagbag.py:545} INFO - Filling up the DagBag from /home/airflow/.local/lib/python3.12/site-packages/airflow/example_dags/example_python_operator.py
[2024-07-14T22:33:41.138+0000] {processor.py:840} INFO - DAG(s) 'example_python_operator' retrieved from /home/airflow/.local/lib/python3.12/site-packages/airflow/example_dags/example_python_operator.py
[2024-07-14T22:33:41.183+0000] {logging_mixin.py:188} INFO - [2024-07-14T22:33:41.183+0000] {dag.py:3096} INFO - Sync 1 DAGs
[2024-07-14T22:33:41.196+0000] {logging_mixin.py:188} INFO - [2024-07-14T22:33:41.196+0000] {dag.py:3954} INFO - Setting next_dagrun for example_python_operator to None, run_after=None
[2024-07-14T22:33:41.219+0000] {processor.py:183} INFO - Processing /home/airflow/.local/lib/python3.12/site-packages/airflow/example_dags/example_python_operator.py took 0.102 seconds
[2024-07-14T22:34:11.463+0000] {processor.py:161} INFO - Started process (PID=1495) to work on /home/airflow/.local/lib/python3.12/site-packages/airflow/example_dags/example_python_operator.py
[2024-07-14T22:34:11.464+0000] {processor.py:830} INFO - Processing file /home/airflow/.local/lib/python3.12/site-packages/airflow/example_dags/example_python_operator.py for tasks to queue
[2024-07-14T22:34:11.466+0000] {logging_mixin.py:188} INFO - [2024-07-14T22:34:11.465+0000] {dagbag.py:545} INFO - Filling up the DagBag from /home/airflow/.local/lib/python3.12/site-packages/airflow/example_dags/example_python_operator.py
[2024-07-14T22:34:11.479+0000] {processor.py:840} INFO - DAG(s) 'example_python_operator' retrieved from /home/airflow/.local/lib/python3.12/site-packages/airflow/example_dags/example_python_operator.py
[2024-07-14T22:34:11.505+0000] {logging_mixin.py:188} INFO - [2024-07-14T22:34:11.505+0000] {dag.py:3096} INFO - Sync 1 DAGs
[2024-07-14T22:34:11.520+0000] {logging_mixin.py:188} INFO - [2024-07-14T22:34:11.520+0000] {dag.py:3954} INFO - Setting next_dagrun for example_python_operator to None, run_after=None
[2024-07-14T22:34:11.545+0000] {processor.py:183} INFO - Processing /home/airflow/.local/lib/python3.12/site-packages/airflow/example_dags/example_python_operator.py took 0.088 seconds
[2024-07-14T22:34:42.250+0000] {processor.py:161} INFO - Started process (PID=1554) to work on /home/airflow/.local/lib/python3.12/site-packages/airflow/example_dags/example_python_operator.py
[2024-07-14T22:34:42.251+0000] {processor.py:830} INFO - Processing file /home/airflow/.local/lib/python3.12/site-packages/airflow/example_dags/example_python_operator.py for tasks to queue
[2024-07-14T22:34:42.253+0000] {logging_mixin.py:188} INFO - [2024-07-14T22:34:42.253+0000] {dagbag.py:545} INFO - Filling up the DagBag from /home/airflow/.local/lib/python3.12/site-packages/airflow/example_dags/example_python_operator.py
[2024-07-14T22:34:42.265+0000] {processor.py:840} INFO - DAG(s) 'example_python_operator' retrieved from /home/airflow/.local/lib/python3.12/site-packages/airflow/example_dags/example_python_operator.py
[2024-07-14T22:34:42.290+0000] {logging_mixin.py:188} INFO - [2024-07-14T22:34:42.290+0000] {dag.py:3096} INFO - Sync 1 DAGs
[2024-07-14T22:34:42.306+0000] {logging_mixin.py:188} INFO - [2024-07-14T22:34:42.305+0000] {dag.py:3954} INFO - Setting next_dagrun for example_python_operator to None, run_after=None
[2024-07-14T22:34:42.332+0000] {processor.py:183} INFO - Processing /home/airflow/.local/lib/python3.12/site-packages/airflow/example_dags/example_python_operator.py took 0.088 seconds
[2024-07-14T22:35:13.171+0000] {processor.py:161} INFO - Started process (PID=1613) to work on /home/airflow/.local/lib/python3.12/site-packages/airflow/example_dags/example_python_operator.py
[2024-07-14T22:35:13.172+0000] {processor.py:830} INFO - Processing file /home/airflow/.local/lib/python3.12/site-packages/airflow/example_dags/example_python_operator.py for tasks to queue
[2024-07-14T22:35:13.173+0000] {logging_mixin.py:188} INFO - [2024-07-14T22:35:13.173+0000] {dagbag.py:545} INFO - Filling up the DagBag from /home/airflow/.local/lib/python3.12/site-packages/airflow/example_dags/example_python_operator.py
[2024-07-14T22:35:13.186+0000] {processor.py:840} INFO - DAG(s) 'example_python_operator' retrieved from /home/airflow/.local/lib/python3.12/site-packages/airflow/example_dags/example_python_operator.py
[2024-07-14T22:35:13.212+0000] {logging_mixin.py:188} INFO - [2024-07-14T22:35:13.212+0000] {dag.py:3096} INFO - Sync 1 DAGs
[2024-07-14T22:35:13.226+0000] {logging_mixin.py:188} INFO - [2024-07-14T22:35:13.226+0000] {dag.py:3954} INFO - Setting next_dagrun for example_python_operator to None, run_after=None
[2024-07-14T22:35:13.249+0000] {processor.py:183} INFO - Processing /home/airflow/.local/lib/python3.12/site-packages/airflow/example_dags/example_python_operator.py took 0.089 seconds
[2024-07-14T22:35:43.944+0000] {processor.py:161} INFO - Started process (PID=1672) to work on /home/airflow/.local/lib/python3.12/site-packages/airflow/example_dags/example_python_operator.py
[2024-07-14T22:35:43.946+0000] {processor.py:830} INFO - Processing file /home/airflow/.local/lib/python3.12/site-packages/airflow/example_dags/example_python_operator.py for tasks to queue
[2024-07-14T22:35:43.947+0000] {logging_mixin.py:188} INFO - [2024-07-14T22:35:43.947+0000] {dagbag.py:545} INFO - Filling up the DagBag from /home/airflow/.local/lib/python3.12/site-packages/airflow/example_dags/example_python_operator.py
[2024-07-14T22:35:43.959+0000] {processor.py:840} INFO - DAG(s) 'example_python_operator' retrieved from /home/airflow/.local/lib/python3.12/site-packages/airflow/example_dags/example_python_operator.py
[2024-07-14T22:35:43.985+0000] {logging_mixin.py:188} INFO - [2024-07-14T22:35:43.985+0000] {dag.py:3096} INFO - Sync 1 DAGs
[2024-07-14T22:35:44.000+0000] {logging_mixin.py:188} INFO - [2024-07-14T22:35:44.000+0000] {dag.py:3954} INFO - Setting next_dagrun for example_python_operator to None, run_after=None
[2024-07-14T22:35:44.022+0000] {processor.py:183} INFO - Processing /home/airflow/.local/lib/python3.12/site-packages/airflow/example_dags/example_python_operator.py took 0.084 seconds
[2024-07-14T22:36:15.487+0000] {processor.py:161} INFO - Started process (PID=1732) to work on /home/airflow/.local/lib/python3.12/site-packages/airflow/example_dags/example_python_operator.py
[2024-07-14T22:36:15.488+0000] {processor.py:830} INFO - Processing file /home/airflow/.local/lib/python3.12/site-packages/airflow/example_dags/example_python_operator.py for tasks to queue
[2024-07-14T22:36:15.490+0000] {logging_mixin.py:188} INFO - [2024-07-14T22:36:15.490+0000] {dagbag.py:545} INFO - Filling up the DagBag from /home/airflow/.local/lib/python3.12/site-packages/airflow/example_dags/example_python_operator.py
[2024-07-14T22:36:15.526+0000] {processor.py:840} INFO - DAG(s) 'example_python_operator' retrieved from /home/airflow/.local/lib/python3.12/site-packages/airflow/example_dags/example_python_operator.py
[2024-07-14T22:36:15.602+0000] {logging_mixin.py:188} INFO - [2024-07-14T22:36:15.602+0000] {dag.py:3096} INFO - Sync 1 DAGs
[2024-07-14T22:36:15.627+0000] {logging_mixin.py:188} INFO - [2024-07-14T22:36:15.627+0000] {dag.py:3954} INFO - Setting next_dagrun for example_python_operator to None, run_after=None
[2024-07-14T22:36:16.012+0000] {processor.py:183} INFO - Processing /home/airflow/.local/lib/python3.12/site-packages/airflow/example_dags/example_python_operator.py took 0.543 seconds
[2024-07-14T22:36:46.101+0000] {processor.py:161} INFO - Started process (PID=1791) to work on /home/airflow/.local/lib/python3.12/site-packages/airflow/example_dags/example_python_operator.py
[2024-07-14T22:36:46.101+0000] {processor.py:830} INFO - Processing file /home/airflow/.local/lib/python3.12/site-packages/airflow/example_dags/example_python_operator.py for tasks to queue
[2024-07-14T22:36:46.119+0000] {logging_mixin.py:188} INFO - [2024-07-14T22:36:46.118+0000] {dagbag.py:545} INFO - Filling up the DagBag from /home/airflow/.local/lib/python3.12/site-packages/airflow/example_dags/example_python_operator.py
[2024-07-14T22:36:46.139+0000] {processor.py:840} INFO - DAG(s) 'example_python_operator' retrieved from /home/airflow/.local/lib/python3.12/site-packages/airflow/example_dags/example_python_operator.py
[2024-07-14T22:36:46.202+0000] {logging_mixin.py:188} INFO - [2024-07-14T22:36:46.202+0000] {dag.py:3096} INFO - Sync 1 DAGs
[2024-07-14T22:36:46.232+0000] {logging_mixin.py:188} INFO - [2024-07-14T22:36:46.232+0000] {dag.py:3954} INFO - Setting next_dagrun for example_python_operator to None, run_after=None
[2024-07-14T22:36:46.309+0000] {processor.py:183} INFO - Processing /home/airflow/.local/lib/python3.12/site-packages/airflow/example_dags/example_python_operator.py took 0.225 seconds
[2024-07-14T22:37:16.773+0000] {processor.py:161} INFO - Started process (PID=1850) to work on /home/airflow/.local/lib/python3.12/site-packages/airflow/example_dags/example_python_operator.py
[2024-07-14T22:37:16.774+0000] {processor.py:830} INFO - Processing file /home/airflow/.local/lib/python3.12/site-packages/airflow/example_dags/example_python_operator.py for tasks to queue
[2024-07-14T22:37:16.776+0000] {logging_mixin.py:188} INFO - [2024-07-14T22:37:16.775+0000] {dagbag.py:545} INFO - Filling up the DagBag from /home/airflow/.local/lib/python3.12/site-packages/airflow/example_dags/example_python_operator.py
[2024-07-14T22:37:16.788+0000] {processor.py:840} INFO - DAG(s) 'example_python_operator' retrieved from /home/airflow/.local/lib/python3.12/site-packages/airflow/example_dags/example_python_operator.py
[2024-07-14T22:37:16.814+0000] {logging_mixin.py:188} INFO - [2024-07-14T22:37:16.814+0000] {dag.py:3096} INFO - Sync 1 DAGs
[2024-07-14T22:37:16.829+0000] {logging_mixin.py:188} INFO - [2024-07-14T22:37:16.828+0000] {dag.py:3954} INFO - Setting next_dagrun for example_python_operator to None, run_after=None
[2024-07-14T22:37:16.862+0000] {processor.py:183} INFO - Processing /home/airflow/.local/lib/python3.12/site-packages/airflow/example_dags/example_python_operator.py took 0.095 seconds
[2024-07-14T22:37:47.211+0000] {processor.py:161} INFO - Started process (PID=1909) to work on /home/airflow/.local/lib/python3.12/site-packages/airflow/example_dags/example_python_operator.py
[2024-07-14T22:37:47.212+0000] {processor.py:830} INFO - Processing file /home/airflow/.local/lib/python3.12/site-packages/airflow/example_dags/example_python_operator.py for tasks to queue
[2024-07-14T22:37:47.213+0000] {logging_mixin.py:188} INFO - [2024-07-14T22:37:47.213+0000] {dagbag.py:545} INFO - Filling up the DagBag from /home/airflow/.local/lib/python3.12/site-packages/airflow/example_dags/example_python_operator.py
[2024-07-14T22:37:47.441+0000] {processor.py:840} INFO - DAG(s) 'example_python_operator' retrieved from /home/airflow/.local/lib/python3.12/site-packages/airflow/example_dags/example_python_operator.py
[2024-07-14T22:37:47.484+0000] {logging_mixin.py:188} INFO - [2024-07-14T22:37:47.484+0000] {dag.py:3096} INFO - Sync 1 DAGs
[2024-07-14T22:37:47.498+0000] {logging_mixin.py:188} INFO - [2024-07-14T22:37:47.498+0000] {dag.py:3954} INFO - Setting next_dagrun for example_python_operator to None, run_after=None
[2024-07-14T22:37:47.526+0000] {processor.py:183} INFO - Processing /home/airflow/.local/lib/python3.12/site-packages/airflow/example_dags/example_python_operator.py took 0.322 seconds
[2024-07-14T22:38:17.801+0000] {processor.py:161} INFO - Started process (PID=1968) to work on /home/airflow/.local/lib/python3.12/site-packages/airflow/example_dags/example_python_operator.py
[2024-07-14T22:38:17.802+0000] {processor.py:830} INFO - Processing file /home/airflow/.local/lib/python3.12/site-packages/airflow/example_dags/example_python_operator.py for tasks to queue
[2024-07-14T22:38:17.803+0000] {logging_mixin.py:188} INFO - [2024-07-14T22:38:17.803+0000] {dagbag.py:545} INFO - Filling up the DagBag from /home/airflow/.local/lib/python3.12/site-packages/airflow/example_dags/example_python_operator.py
[2024-07-14T22:38:17.815+0000] {processor.py:840} INFO - DAG(s) 'example_python_operator' retrieved from /home/airflow/.local/lib/python3.12/site-packages/airflow/example_dags/example_python_operator.py
[2024-07-14T22:38:17.842+0000] {logging_mixin.py:188} INFO - [2024-07-14T22:38:17.842+0000] {dag.py:3096} INFO - Sync 1 DAGs
[2024-07-14T22:38:17.857+0000] {logging_mixin.py:188} INFO - [2024-07-14T22:38:17.857+0000] {dag.py:3954} INFO - Setting next_dagrun for example_python_operator to None, run_after=None
[2024-07-14T22:38:17.880+0000] {processor.py:183} INFO - Processing /home/airflow/.local/lib/python3.12/site-packages/airflow/example_dags/example_python_operator.py took 0.087 seconds
[2024-07-14T22:38:48.450+0000] {processor.py:161} INFO - Started process (PID=2027) to work on /home/airflow/.local/lib/python3.12/site-packages/airflow/example_dags/example_python_operator.py
[2024-07-14T22:38:48.451+0000] {processor.py:830} INFO - Processing file /home/airflow/.local/lib/python3.12/site-packages/airflow/example_dags/example_python_operator.py for tasks to queue
[2024-07-14T22:38:48.452+0000] {logging_mixin.py:188} INFO - [2024-07-14T22:38:48.452+0000] {dagbag.py:545} INFO - Filling up the DagBag from /home/airflow/.local/lib/python3.12/site-packages/airflow/example_dags/example_python_operator.py
[2024-07-14T22:38:48.465+0000] {processor.py:840} INFO - DAG(s) 'example_python_operator' retrieved from /home/airflow/.local/lib/python3.12/site-packages/airflow/example_dags/example_python_operator.py
[2024-07-14T22:38:48.493+0000] {logging_mixin.py:188} INFO - [2024-07-14T22:38:48.493+0000] {dag.py:3096} INFO - Sync 1 DAGs
[2024-07-14T22:38:48.509+0000] {logging_mixin.py:188} INFO - [2024-07-14T22:38:48.509+0000] {dag.py:3954} INFO - Setting next_dagrun for example_python_operator to None, run_after=None
[2024-07-14T22:38:48.533+0000] {processor.py:183} INFO - Processing /home/airflow/.local/lib/python3.12/site-packages/airflow/example_dags/example_python_operator.py took 0.089 seconds
[2024-07-14T22:39:18.827+0000] {processor.py:161} INFO - Started process (PID=2086) to work on /home/airflow/.local/lib/python3.12/site-packages/airflow/example_dags/example_python_operator.py
[2024-07-14T22:39:18.828+0000] {processor.py:830} INFO - Processing file /home/airflow/.local/lib/python3.12/site-packages/airflow/example_dags/example_python_operator.py for tasks to queue
[2024-07-14T22:39:18.829+0000] {logging_mixin.py:188} INFO - [2024-07-14T22:39:18.829+0000] {dagbag.py:545} INFO - Filling up the DagBag from /home/airflow/.local/lib/python3.12/site-packages/airflow/example_dags/example_python_operator.py
[2024-07-14T22:39:18.840+0000] {processor.py:840} INFO - DAG(s) 'example_python_operator' retrieved from /home/airflow/.local/lib/python3.12/site-packages/airflow/example_dags/example_python_operator.py
[2024-07-14T22:39:18.864+0000] {logging_mixin.py:188} INFO - [2024-07-14T22:39:18.864+0000] {dag.py:3096} INFO - Sync 1 DAGs
[2024-07-14T22:39:18.879+0000] {logging_mixin.py:188} INFO - [2024-07-14T22:39:18.879+0000] {dag.py:3954} INFO - Setting next_dagrun for example_python_operator to None, run_after=None
[2024-07-14T22:39:18.905+0000] {processor.py:183} INFO - Processing /home/airflow/.local/lib/python3.12/site-packages/airflow/example_dags/example_python_operator.py took 0.083 seconds
