[2024-07-14T22:21:48.703+0000] {processor.py:161} INFO - Started process (PID=49) to work on /home/airflow/.local/lib/python3.12/site-packages/airflow/example_dags/example_complex.py
[2024-07-14T22:21:48.703+0000] {processor.py:830} INFO - Processing file /home/airflow/.local/lib/python3.12/site-packages/airflow/example_dags/example_complex.py for tasks to queue
[2024-07-14T22:21:48.705+0000] {logging_mixin.py:188} INFO - [2024-07-14T22:21:48.705+0000] {dagbag.py:545} INFO - Filling up the DagBag from /home/airflow/.local/lib/python3.12/site-packages/airflow/example_dags/example_complex.py
[2024-07-14T22:21:48.724+0000] {processor.py:840} INFO - DAG(s) 'example_complex' retrieved from /home/airflow/.local/lib/python3.12/site-packages/airflow/example_dags/example_complex.py
[2024-07-14T22:21:49.267+0000] {logging_mixin.py:188} INFO - [2024-07-14T22:21:49.266+0000] {dag.py:3096} INFO - Sync 1 DAGs
[2024-07-14T22:21:49.332+0000] {logging_mixin.py:188} INFO - [2024-07-14T22:21:49.331+0000] {dag.py:3954} INFO - Setting next_dagrun for example_complex to None, run_after=None
[2024-07-14T22:21:49.429+0000] {processor.py:183} INFO - Processing /home/airflow/.local/lib/python3.12/site-packages/airflow/example_dags/example_complex.py took 0.735 seconds
[2024-07-14T22:22:19.906+0000] {processor.py:161} INFO - Started process (PID=108) to work on /home/airflow/.local/lib/python3.12/site-packages/airflow/example_dags/example_complex.py
[2024-07-14T22:22:19.907+0000] {processor.py:830} INFO - Processing file /home/airflow/.local/lib/python3.12/site-packages/airflow/example_dags/example_complex.py for tasks to queue
[2024-07-14T22:22:19.908+0000] {logging_mixin.py:188} INFO - [2024-07-14T22:22:19.908+0000] {dagbag.py:545} INFO - Filling up the DagBag from /home/airflow/.local/lib/python3.12/site-packages/airflow/example_dags/example_complex.py
[2024-07-14T22:22:19.992+0000] {processor.py:840} INFO - DAG(s) 'example_complex' retrieved from /home/airflow/.local/lib/python3.12/site-packages/airflow/example_dags/example_complex.py
[2024-07-14T22:22:20.048+0000] {logging_mixin.py:188} INFO - [2024-07-14T22:22:20.048+0000] {dag.py:3096} INFO - Sync 1 DAGs
[2024-07-14T22:22:20.075+0000] {logging_mixin.py:188} INFO - [2024-07-14T22:22:20.074+0000] {dag.py:3954} INFO - Setting next_dagrun for example_complex to None, run_after=None
[2024-07-14T22:22:20.157+0000] {processor.py:183} INFO - Processing /home/airflow/.local/lib/python3.12/site-packages/airflow/example_dags/example_complex.py took 0.257 seconds
[2024-07-14T22:22:50.226+0000] {processor.py:161} INFO - Started process (PID=167) to work on /home/airflow/.local/lib/python3.12/site-packages/airflow/example_dags/example_complex.py
[2024-07-14T22:22:50.228+0000] {processor.py:830} INFO - Processing file /home/airflow/.local/lib/python3.12/site-packages/airflow/example_dags/example_complex.py for tasks to queue
[2024-07-14T22:22:50.230+0000] {logging_mixin.py:188} INFO - [2024-07-14T22:22:50.230+0000] {dagbag.py:545} INFO - Filling up the DagBag from /home/airflow/.local/lib/python3.12/site-packages/airflow/example_dags/example_complex.py
[2024-07-14T22:22:50.259+0000] {processor.py:840} INFO - DAG(s) 'example_complex' retrieved from /home/airflow/.local/lib/python3.12/site-packages/airflow/example_dags/example_complex.py
[2024-07-14T22:22:50.333+0000] {logging_mixin.py:188} INFO - [2024-07-14T22:22:50.333+0000] {dag.py:3096} INFO - Sync 1 DAGs
[2024-07-14T22:22:50.352+0000] {logging_mixin.py:188} INFO - [2024-07-14T22:22:50.352+0000] {dag.py:3954} INFO - Setting next_dagrun for example_complex to None, run_after=None
[2024-07-14T22:22:50.417+0000] {processor.py:183} INFO - Processing /home/airflow/.local/lib/python3.12/site-packages/airflow/example_dags/example_complex.py took 0.214 seconds
[2024-07-14T22:23:21.046+0000] {processor.py:161} INFO - Started process (PID=226) to work on /home/airflow/.local/lib/python3.12/site-packages/airflow/example_dags/example_complex.py
[2024-07-14T22:23:21.047+0000] {processor.py:830} INFO - Processing file /home/airflow/.local/lib/python3.12/site-packages/airflow/example_dags/example_complex.py for tasks to queue
[2024-07-14T22:23:21.048+0000] {logging_mixin.py:188} INFO - [2024-07-14T22:23:21.048+0000] {dagbag.py:545} INFO - Filling up the DagBag from /home/airflow/.local/lib/python3.12/site-packages/airflow/example_dags/example_complex.py
[2024-07-14T22:23:21.062+0000] {processor.py:840} INFO - DAG(s) 'example_complex' retrieved from /home/airflow/.local/lib/python3.12/site-packages/airflow/example_dags/example_complex.py
[2024-07-14T22:23:21.109+0000] {logging_mixin.py:188} INFO - [2024-07-14T22:23:21.109+0000] {dag.py:3096} INFO - Sync 1 DAGs
[2024-07-14T22:23:21.126+0000] {logging_mixin.py:188} INFO - [2024-07-14T22:23:21.125+0000] {dag.py:3954} INFO - Setting next_dagrun for example_complex to None, run_after=None
[2024-07-14T22:23:21.158+0000] {processor.py:183} INFO - Processing /home/airflow/.local/lib/python3.12/site-packages/airflow/example_dags/example_complex.py took 0.118 seconds
[2024-07-14T22:23:51.261+0000] {processor.py:161} INFO - Started process (PID=285) to work on /home/airflow/.local/lib/python3.12/site-packages/airflow/example_dags/example_complex.py
[2024-07-14T22:23:51.262+0000] {processor.py:830} INFO - Processing file /home/airflow/.local/lib/python3.12/site-packages/airflow/example_dags/example_complex.py for tasks to queue
[2024-07-14T22:23:51.264+0000] {logging_mixin.py:188} INFO - [2024-07-14T22:23:51.263+0000] {dagbag.py:545} INFO - Filling up the DagBag from /home/airflow/.local/lib/python3.12/site-packages/airflow/example_dags/example_complex.py
[2024-07-14T22:23:51.277+0000] {processor.py:840} INFO - DAG(s) 'example_complex' retrieved from /home/airflow/.local/lib/python3.12/site-packages/airflow/example_dags/example_complex.py
[2024-07-14T22:23:51.322+0000] {logging_mixin.py:188} INFO - [2024-07-14T22:23:51.322+0000] {dag.py:3096} INFO - Sync 1 DAGs
[2024-07-14T22:23:51.338+0000] {logging_mixin.py:188} INFO - [2024-07-14T22:23:51.338+0000] {dag.py:3954} INFO - Setting next_dagrun for example_complex to None, run_after=None
[2024-07-14T22:23:51.365+0000] {processor.py:183} INFO - Processing /home/airflow/.local/lib/python3.12/site-packages/airflow/example_dags/example_complex.py took 0.116 seconds
[2024-07-14T22:24:22.358+0000] {processor.py:161} INFO - Started process (PID=344) to work on /home/airflow/.local/lib/python3.12/site-packages/airflow/example_dags/example_complex.py
[2024-07-14T22:24:22.371+0000] {processor.py:830} INFO - Processing file /home/airflow/.local/lib/python3.12/site-packages/airflow/example_dags/example_complex.py for tasks to queue
[2024-07-14T22:24:22.373+0000] {logging_mixin.py:188} INFO - [2024-07-14T22:24:22.372+0000] {dagbag.py:545} INFO - Filling up the DagBag from /home/airflow/.local/lib/python3.12/site-packages/airflow/example_dags/example_complex.py
[2024-07-14T22:24:22.399+0000] {processor.py:840} INFO - DAG(s) 'example_complex' retrieved from /home/airflow/.local/lib/python3.12/site-packages/airflow/example_dags/example_complex.py
[2024-07-14T22:24:22.596+0000] {logging_mixin.py:188} INFO - [2024-07-14T22:24:22.595+0000] {dag.py:3096} INFO - Sync 1 DAGs
[2024-07-14T22:24:22.672+0000] {logging_mixin.py:188} INFO - [2024-07-14T22:24:22.672+0000] {dag.py:3954} INFO - Setting next_dagrun for example_complex to None, run_after=None
[2024-07-14T22:24:22.758+0000] {processor.py:183} INFO - Processing /home/airflow/.local/lib/python3.12/site-packages/airflow/example_dags/example_complex.py took 0.406 seconds
[2024-07-14T22:24:53.229+0000] {processor.py:161} INFO - Started process (PID=402) to work on /home/airflow/.local/lib/python3.12/site-packages/airflow/example_dags/example_complex.py
[2024-07-14T22:24:53.229+0000] {processor.py:830} INFO - Processing file /home/airflow/.local/lib/python3.12/site-packages/airflow/example_dags/example_complex.py for tasks to queue
[2024-07-14T22:24:53.231+0000] {logging_mixin.py:188} INFO - [2024-07-14T22:24:53.231+0000] {dagbag.py:545} INFO - Filling up the DagBag from /home/airflow/.local/lib/python3.12/site-packages/airflow/example_dags/example_complex.py
[2024-07-14T22:24:53.246+0000] {processor.py:840} INFO - DAG(s) 'example_complex' retrieved from /home/airflow/.local/lib/python3.12/site-packages/airflow/example_dags/example_complex.py
[2024-07-14T22:24:53.301+0000] {logging_mixin.py:188} INFO - [2024-07-14T22:24:53.300+0000] {dag.py:3096} INFO - Sync 1 DAGs
[2024-07-14T22:24:53.316+0000] {logging_mixin.py:188} INFO - [2024-07-14T22:24:53.316+0000] {dag.py:3954} INFO - Setting next_dagrun for example_complex to None, run_after=None
[2024-07-14T22:24:53.343+0000] {processor.py:183} INFO - Processing /home/airflow/.local/lib/python3.12/site-packages/airflow/example_dags/example_complex.py took 0.126 seconds
[2024-07-14T22:25:23.700+0000] {processor.py:161} INFO - Started process (PID=460) to work on /home/airflow/.local/lib/python3.12/site-packages/airflow/example_dags/example_complex.py
[2024-07-14T22:25:23.700+0000] {processor.py:830} INFO - Processing file /home/airflow/.local/lib/python3.12/site-packages/airflow/example_dags/example_complex.py for tasks to queue
[2024-07-14T22:25:23.702+0000] {logging_mixin.py:188} INFO - [2024-07-14T22:25:23.702+0000] {dagbag.py:545} INFO - Filling up the DagBag from /home/airflow/.local/lib/python3.12/site-packages/airflow/example_dags/example_complex.py
[2024-07-14T22:25:23.716+0000] {processor.py:840} INFO - DAG(s) 'example_complex' retrieved from /home/airflow/.local/lib/python3.12/site-packages/airflow/example_dags/example_complex.py
[2024-07-14T22:25:23.758+0000] {logging_mixin.py:188} INFO - [2024-07-14T22:25:23.758+0000] {dag.py:3096} INFO - Sync 1 DAGs
[2024-07-14T22:25:23.772+0000] {logging_mixin.py:188} INFO - [2024-07-14T22:25:23.772+0000] {dag.py:3954} INFO - Setting next_dagrun for example_complex to None, run_after=None
[2024-07-14T22:25:23.796+0000] {processor.py:183} INFO - Processing /home/airflow/.local/lib/python3.12/site-packages/airflow/example_dags/example_complex.py took 0.103 seconds
[2024-07-14T22:25:54.248+0000] {processor.py:161} INFO - Started process (PID=519) to work on /home/airflow/.local/lib/python3.12/site-packages/airflow/example_dags/example_complex.py
[2024-07-14T22:25:54.249+0000] {processor.py:830} INFO - Processing file /home/airflow/.local/lib/python3.12/site-packages/airflow/example_dags/example_complex.py for tasks to queue
[2024-07-14T22:25:54.250+0000] {logging_mixin.py:188} INFO - [2024-07-14T22:25:54.250+0000] {dagbag.py:545} INFO - Filling up the DagBag from /home/airflow/.local/lib/python3.12/site-packages/airflow/example_dags/example_complex.py
[2024-07-14T22:25:54.264+0000] {processor.py:840} INFO - DAG(s) 'example_complex' retrieved from /home/airflow/.local/lib/python3.12/site-packages/airflow/example_dags/example_complex.py
[2024-07-14T22:25:54.307+0000] {logging_mixin.py:188} INFO - [2024-07-14T22:25:54.307+0000] {dag.py:3096} INFO - Sync 1 DAGs
[2024-07-14T22:25:54.323+0000] {logging_mixin.py:188} INFO - [2024-07-14T22:25:54.323+0000] {dag.py:3954} INFO - Setting next_dagrun for example_complex to None, run_after=None
[2024-07-14T22:25:54.346+0000] {processor.py:183} INFO - Processing /home/airflow/.local/lib/python3.12/site-packages/airflow/example_dags/example_complex.py took 0.105 seconds
[2024-07-14T22:26:24.439+0000] {processor.py:161} INFO - Started process (PID=578) to work on /home/airflow/.local/lib/python3.12/site-packages/airflow/example_dags/example_complex.py
[2024-07-14T22:26:24.440+0000] {processor.py:830} INFO - Processing file /home/airflow/.local/lib/python3.12/site-packages/airflow/example_dags/example_complex.py for tasks to queue
[2024-07-14T22:26:24.441+0000] {logging_mixin.py:188} INFO - [2024-07-14T22:26:24.441+0000] {dagbag.py:545} INFO - Filling up the DagBag from /home/airflow/.local/lib/python3.12/site-packages/airflow/example_dags/example_complex.py
[2024-07-14T22:26:24.455+0000] {processor.py:840} INFO - DAG(s) 'example_complex' retrieved from /home/airflow/.local/lib/python3.12/site-packages/airflow/example_dags/example_complex.py
[2024-07-14T22:26:24.498+0000] {logging_mixin.py:188} INFO - [2024-07-14T22:26:24.497+0000] {dag.py:3096} INFO - Sync 1 DAGs
[2024-07-14T22:26:24.513+0000] {logging_mixin.py:188} INFO - [2024-07-14T22:26:24.513+0000] {dag.py:3954} INFO - Setting next_dagrun for example_complex to None, run_after=None
[2024-07-14T22:26:24.536+0000] {processor.py:183} INFO - Processing /home/airflow/.local/lib/python3.12/site-packages/airflow/example_dags/example_complex.py took 0.102 seconds
[2024-07-14T22:26:54.698+0000] {processor.py:161} INFO - Started process (PID=637) to work on /home/airflow/.local/lib/python3.12/site-packages/airflow/example_dags/example_complex.py
[2024-07-14T22:26:54.713+0000] {processor.py:830} INFO - Processing file /home/airflow/.local/lib/python3.12/site-packages/airflow/example_dags/example_complex.py for tasks to queue
[2024-07-14T22:26:54.716+0000] {logging_mixin.py:188} INFO - [2024-07-14T22:26:54.716+0000] {dagbag.py:545} INFO - Filling up the DagBag from /home/airflow/.local/lib/python3.12/site-packages/airflow/example_dags/example_complex.py
[2024-07-14T22:26:54.742+0000] {processor.py:840} INFO - DAG(s) 'example_complex' retrieved from /home/airflow/.local/lib/python3.12/site-packages/airflow/example_dags/example_complex.py
[2024-07-14T22:26:54.825+0000] {logging_mixin.py:188} INFO - [2024-07-14T22:26:54.824+0000] {dag.py:3096} INFO - Sync 1 DAGs
[2024-07-14T22:26:54.878+0000] {logging_mixin.py:188} INFO - [2024-07-14T22:26:54.878+0000] {dag.py:3954} INFO - Setting next_dagrun for example_complex to None, run_after=None
[2024-07-14T22:26:55.003+0000] {processor.py:183} INFO - Processing /home/airflow/.local/lib/python3.12/site-packages/airflow/example_dags/example_complex.py took 0.340 seconds
[2024-07-14T22:27:25.254+0000] {processor.py:161} INFO - Started process (PID=702) to work on /home/airflow/.local/lib/python3.12/site-packages/airflow/example_dags/example_complex.py
[2024-07-14T22:27:25.255+0000] {processor.py:830} INFO - Processing file /home/airflow/.local/lib/python3.12/site-packages/airflow/example_dags/example_complex.py for tasks to queue
[2024-07-14T22:27:25.257+0000] {logging_mixin.py:188} INFO - [2024-07-14T22:27:25.257+0000] {dagbag.py:545} INFO - Filling up the DagBag from /home/airflow/.local/lib/python3.12/site-packages/airflow/example_dags/example_complex.py
[2024-07-14T22:27:25.269+0000] {processor.py:840} INFO - DAG(s) 'example_complex' retrieved from /home/airflow/.local/lib/python3.12/site-packages/airflow/example_dags/example_complex.py
[2024-07-14T22:27:25.325+0000] {logging_mixin.py:188} INFO - [2024-07-14T22:27:25.324+0000] {dag.py:3096} INFO - Sync 1 DAGs
[2024-07-14T22:27:25.341+0000] {logging_mixin.py:188} INFO - [2024-07-14T22:27:25.341+0000] {dag.py:3954} INFO - Setting next_dagrun for example_complex to None, run_after=None
[2024-07-14T22:27:25.366+0000] {processor.py:183} INFO - Processing /home/airflow/.local/lib/python3.12/site-packages/airflow/example_dags/example_complex.py took 0.118 seconds
[2024-07-14T22:27:55.457+0000] {processor.py:161} INFO - Started process (PID=763) to work on /home/airflow/.local/lib/python3.12/site-packages/airflow/example_dags/example_complex.py
[2024-07-14T22:27:55.458+0000] {processor.py:830} INFO - Processing file /home/airflow/.local/lib/python3.12/site-packages/airflow/example_dags/example_complex.py for tasks to queue
[2024-07-14T22:27:55.459+0000] {logging_mixin.py:188} INFO - [2024-07-14T22:27:55.459+0000] {dagbag.py:545} INFO - Filling up the DagBag from /home/airflow/.local/lib/python3.12/site-packages/airflow/example_dags/example_complex.py
[2024-07-14T22:27:55.473+0000] {processor.py:840} INFO - DAG(s) 'example_complex' retrieved from /home/airflow/.local/lib/python3.12/site-packages/airflow/example_dags/example_complex.py
[2024-07-14T22:27:55.524+0000] {logging_mixin.py:188} INFO - [2024-07-14T22:27:55.524+0000] {dag.py:3096} INFO - Sync 1 DAGs
[2024-07-14T22:27:55.539+0000] {logging_mixin.py:188} INFO - [2024-07-14T22:27:55.539+0000] {dag.py:3954} INFO - Setting next_dagrun for example_complex to None, run_after=None
[2024-07-14T22:27:55.568+0000] {processor.py:183} INFO - Processing /home/airflow/.local/lib/python3.12/site-packages/airflow/example_dags/example_complex.py took 0.117 seconds
[2024-07-14T22:28:26.268+0000] {processor.py:161} INFO - Started process (PID=822) to work on /home/airflow/.local/lib/python3.12/site-packages/airflow/example_dags/example_complex.py
[2024-07-14T22:28:26.269+0000] {processor.py:830} INFO - Processing file /home/airflow/.local/lib/python3.12/site-packages/airflow/example_dags/example_complex.py for tasks to queue
[2024-07-14T22:28:26.271+0000] {logging_mixin.py:188} INFO - [2024-07-14T22:28:26.270+0000] {dagbag.py:545} INFO - Filling up the DagBag from /home/airflow/.local/lib/python3.12/site-packages/airflow/example_dags/example_complex.py
[2024-07-14T22:28:26.282+0000] {processor.py:840} INFO - DAG(s) 'example_complex' retrieved from /home/airflow/.local/lib/python3.12/site-packages/airflow/example_dags/example_complex.py
[2024-07-14T22:28:26.325+0000] {logging_mixin.py:188} INFO - [2024-07-14T22:28:26.325+0000] {dag.py:3096} INFO - Sync 1 DAGs
[2024-07-14T22:28:26.340+0000] {logging_mixin.py:188} INFO - [2024-07-14T22:28:26.340+0000] {dag.py:3954} INFO - Setting next_dagrun for example_complex to None, run_after=None
[2024-07-14T22:28:26.364+0000] {processor.py:183} INFO - Processing /home/airflow/.local/lib/python3.12/site-packages/airflow/example_dags/example_complex.py took 0.107 seconds
[2024-07-14T22:28:56.428+0000] {processor.py:161} INFO - Started process (PID=880) to work on /home/airflow/.local/lib/python3.12/site-packages/airflow/example_dags/example_complex.py
[2024-07-14T22:28:56.428+0000] {processor.py:830} INFO - Processing file /home/airflow/.local/lib/python3.12/site-packages/airflow/example_dags/example_complex.py for tasks to queue
[2024-07-14T22:28:56.430+0000] {logging_mixin.py:188} INFO - [2024-07-14T22:28:56.430+0000] {dagbag.py:545} INFO - Filling up the DagBag from /home/airflow/.local/lib/python3.12/site-packages/airflow/example_dags/example_complex.py
[2024-07-14T22:28:56.441+0000] {processor.py:840} INFO - DAG(s) 'example_complex' retrieved from /home/airflow/.local/lib/python3.12/site-packages/airflow/example_dags/example_complex.py
[2024-07-14T22:28:56.484+0000] {logging_mixin.py:188} INFO - [2024-07-14T22:28:56.484+0000] {dag.py:3096} INFO - Sync 1 DAGs
[2024-07-14T22:28:56.500+0000] {logging_mixin.py:188} INFO - [2024-07-14T22:28:56.500+0000] {dag.py:3954} INFO - Setting next_dagrun for example_complex to None, run_after=None
[2024-07-14T22:28:56.525+0000] {processor.py:183} INFO - Processing /home/airflow/.local/lib/python3.12/site-packages/airflow/example_dags/example_complex.py took 0.104 seconds
[2024-07-14T22:29:27.847+0000] {processor.py:161} INFO - Started process (PID=939) to work on /home/airflow/.local/lib/python3.12/site-packages/airflow/example_dags/example_complex.py
[2024-07-14T22:29:27.848+0000] {processor.py:830} INFO - Processing file /home/airflow/.local/lib/python3.12/site-packages/airflow/example_dags/example_complex.py for tasks to queue
[2024-07-14T22:29:27.850+0000] {logging_mixin.py:188} INFO - [2024-07-14T22:29:27.850+0000] {dagbag.py:545} INFO - Filling up the DagBag from /home/airflow/.local/lib/python3.12/site-packages/airflow/example_dags/example_complex.py
[2024-07-14T22:29:27.887+0000] {processor.py:840} INFO - DAG(s) 'example_complex' retrieved from /home/airflow/.local/lib/python3.12/site-packages/airflow/example_dags/example_complex.py
[2024-07-14T22:29:28.053+0000] {logging_mixin.py:188} INFO - [2024-07-14T22:29:28.053+0000] {dag.py:3096} INFO - Sync 1 DAGs
[2024-07-14T22:29:28.092+0000] {logging_mixin.py:188} INFO - [2024-07-14T22:29:28.091+0000] {dag.py:3954} INFO - Setting next_dagrun for example_complex to None, run_after=None
[2024-07-14T22:29:28.219+0000] {processor.py:183} INFO - Processing /home/airflow/.local/lib/python3.12/site-packages/airflow/example_dags/example_complex.py took 0.428 seconds
[2024-07-14T22:29:59.192+0000] {processor.py:161} INFO - Started process (PID=999) to work on /home/airflow/.local/lib/python3.12/site-packages/airflow/example_dags/example_complex.py
[2024-07-14T22:29:59.194+0000] {processor.py:830} INFO - Processing file /home/airflow/.local/lib/python3.12/site-packages/airflow/example_dags/example_complex.py for tasks to queue
[2024-07-14T22:29:59.196+0000] {logging_mixin.py:188} INFO - [2024-07-14T22:29:59.195+0000] {dagbag.py:545} INFO - Filling up the DagBag from /home/airflow/.local/lib/python3.12/site-packages/airflow/example_dags/example_complex.py
[2024-07-14T22:29:59.221+0000] {processor.py:840} INFO - DAG(s) 'example_complex' retrieved from /home/airflow/.local/lib/python3.12/site-packages/airflow/example_dags/example_complex.py
[2024-07-14T22:29:59.361+0000] {logging_mixin.py:188} INFO - [2024-07-14T22:29:59.360+0000] {dag.py:3096} INFO - Sync 1 DAGs
[2024-07-14T22:29:59.397+0000] {logging_mixin.py:188} INFO - [2024-07-14T22:29:59.396+0000] {dag.py:3954} INFO - Setting next_dagrun for example_complex to None, run_after=None
[2024-07-14T22:29:59.515+0000] {processor.py:183} INFO - Processing /home/airflow/.local/lib/python3.12/site-packages/airflow/example_dags/example_complex.py took 0.336 seconds
[2024-07-14T22:30:29.921+0000] {processor.py:161} INFO - Started process (PID=1058) to work on /home/airflow/.local/lib/python3.12/site-packages/airflow/example_dags/example_complex.py
[2024-07-14T22:30:29.927+0000] {processor.py:830} INFO - Processing file /home/airflow/.local/lib/python3.12/site-packages/airflow/example_dags/example_complex.py for tasks to queue
[2024-07-14T22:30:29.929+0000] {logging_mixin.py:188} INFO - [2024-07-14T22:30:29.928+0000] {dagbag.py:545} INFO - Filling up the DagBag from /home/airflow/.local/lib/python3.12/site-packages/airflow/example_dags/example_complex.py
[2024-07-14T22:30:29.955+0000] {processor.py:840} INFO - DAG(s) 'example_complex' retrieved from /home/airflow/.local/lib/python3.12/site-packages/airflow/example_dags/example_complex.py
[2024-07-14T22:30:30.023+0000] {logging_mixin.py:188} INFO - [2024-07-14T22:30:30.022+0000] {dag.py:3096} INFO - Sync 1 DAGs
[2024-07-14T22:30:30.049+0000] {logging_mixin.py:188} INFO - [2024-07-14T22:30:30.049+0000] {dag.py:3954} INFO - Setting next_dagrun for example_complex to None, run_after=None
[2024-07-14T22:30:30.086+0000] {processor.py:183} INFO - Processing /home/airflow/.local/lib/python3.12/site-packages/airflow/example_dags/example_complex.py took 0.171 seconds
[2024-07-14T22:31:00.428+0000] {processor.py:161} INFO - Started process (PID=1117) to work on /home/airflow/.local/lib/python3.12/site-packages/airflow/example_dags/example_complex.py
[2024-07-14T22:31:00.429+0000] {processor.py:830} INFO - Processing file /home/airflow/.local/lib/python3.12/site-packages/airflow/example_dags/example_complex.py for tasks to queue
[2024-07-14T22:31:00.431+0000] {logging_mixin.py:188} INFO - [2024-07-14T22:31:00.431+0000] {dagbag.py:545} INFO - Filling up the DagBag from /home/airflow/.local/lib/python3.12/site-packages/airflow/example_dags/example_complex.py
[2024-07-14T22:31:00.445+0000] {processor.py:840} INFO - DAG(s) 'example_complex' retrieved from /home/airflow/.local/lib/python3.12/site-packages/airflow/example_dags/example_complex.py
[2024-07-14T22:31:00.491+0000] {logging_mixin.py:188} INFO - [2024-07-14T22:31:00.491+0000] {dag.py:3096} INFO - Sync 1 DAGs
[2024-07-14T22:31:00.507+0000] {logging_mixin.py:188} INFO - [2024-07-14T22:31:00.507+0000] {dag.py:3954} INFO - Setting next_dagrun for example_complex to None, run_after=None
[2024-07-14T22:31:00.530+0000] {processor.py:183} INFO - Processing /home/airflow/.local/lib/python3.12/site-packages/airflow/example_dags/example_complex.py took 0.108 seconds
[2024-07-14T22:31:30.688+0000] {processor.py:161} INFO - Started process (PID=1176) to work on /home/airflow/.local/lib/python3.12/site-packages/airflow/example_dags/example_complex.py
[2024-07-14T22:31:30.689+0000] {processor.py:830} INFO - Processing file /home/airflow/.local/lib/python3.12/site-packages/airflow/example_dags/example_complex.py for tasks to queue
[2024-07-14T22:31:30.691+0000] {logging_mixin.py:188} INFO - [2024-07-14T22:31:30.690+0000] {dagbag.py:545} INFO - Filling up the DagBag from /home/airflow/.local/lib/python3.12/site-packages/airflow/example_dags/example_complex.py
[2024-07-14T22:31:30.704+0000] {processor.py:840} INFO - DAG(s) 'example_complex' retrieved from /home/airflow/.local/lib/python3.12/site-packages/airflow/example_dags/example_complex.py
[2024-07-14T22:31:30.751+0000] {logging_mixin.py:188} INFO - [2024-07-14T22:31:30.751+0000] {dag.py:3096} INFO - Sync 1 DAGs
[2024-07-14T22:31:30.767+0000] {logging_mixin.py:188} INFO - [2024-07-14T22:31:30.767+0000] {dag.py:3954} INFO - Setting next_dagrun for example_complex to None, run_after=None
[2024-07-14T22:31:30.789+0000] {processor.py:183} INFO - Processing /home/airflow/.local/lib/python3.12/site-packages/airflow/example_dags/example_complex.py took 0.107 seconds
[2024-07-14T22:32:01.268+0000] {processor.py:161} INFO - Started process (PID=1235) to work on /home/airflow/.local/lib/python3.12/site-packages/airflow/example_dags/example_complex.py
[2024-07-14T22:32:01.269+0000] {processor.py:830} INFO - Processing file /home/airflow/.local/lib/python3.12/site-packages/airflow/example_dags/example_complex.py for tasks to queue
[2024-07-14T22:32:01.271+0000] {logging_mixin.py:188} INFO - [2024-07-14T22:32:01.270+0000] {dagbag.py:545} INFO - Filling up the DagBag from /home/airflow/.local/lib/python3.12/site-packages/airflow/example_dags/example_complex.py
[2024-07-14T22:32:01.286+0000] {processor.py:840} INFO - DAG(s) 'example_complex' retrieved from /home/airflow/.local/lib/python3.12/site-packages/airflow/example_dags/example_complex.py
[2024-07-14T22:32:01.330+0000] {logging_mixin.py:188} INFO - [2024-07-14T22:32:01.330+0000] {dag.py:3096} INFO - Sync 1 DAGs
[2024-07-14T22:32:01.345+0000] {logging_mixin.py:188} INFO - [2024-07-14T22:32:01.345+0000] {dag.py:3954} INFO - Setting next_dagrun for example_complex to None, run_after=None
[2024-07-14T22:32:01.372+0000] {processor.py:183} INFO - Processing /home/airflow/.local/lib/python3.12/site-packages/airflow/example_dags/example_complex.py took 0.109 seconds
[2024-07-14T22:32:31.536+0000] {processor.py:161} INFO - Started process (PID=1294) to work on /home/airflow/.local/lib/python3.12/site-packages/airflow/example_dags/example_complex.py
[2024-07-14T22:32:31.537+0000] {processor.py:830} INFO - Processing file /home/airflow/.local/lib/python3.12/site-packages/airflow/example_dags/example_complex.py for tasks to queue
[2024-07-14T22:32:31.539+0000] {logging_mixin.py:188} INFO - [2024-07-14T22:32:31.538+0000] {dagbag.py:545} INFO - Filling up the DagBag from /home/airflow/.local/lib/python3.12/site-packages/airflow/example_dags/example_complex.py
[2024-07-14T22:32:31.554+0000] {processor.py:840} INFO - DAG(s) 'example_complex' retrieved from /home/airflow/.local/lib/python3.12/site-packages/airflow/example_dags/example_complex.py
[2024-07-14T22:32:31.600+0000] {logging_mixin.py:188} INFO - [2024-07-14T22:32:31.599+0000] {dag.py:3096} INFO - Sync 1 DAGs
[2024-07-14T22:32:31.615+0000] {logging_mixin.py:188} INFO - [2024-07-14T22:32:31.614+0000] {dag.py:3954} INFO - Setting next_dagrun for example_complex to None, run_after=None
[2024-07-14T22:32:31.636+0000] {processor.py:183} INFO - Processing /home/airflow/.local/lib/python3.12/site-packages/airflow/example_dags/example_complex.py took 0.107 seconds
[2024-07-14T22:33:02.088+0000] {processor.py:161} INFO - Started process (PID=1353) to work on /home/airflow/.local/lib/python3.12/site-packages/airflow/example_dags/example_complex.py
[2024-07-14T22:33:02.088+0000] {processor.py:830} INFO - Processing file /home/airflow/.local/lib/python3.12/site-packages/airflow/example_dags/example_complex.py for tasks to queue
[2024-07-14T22:33:02.090+0000] {logging_mixin.py:188} INFO - [2024-07-14T22:33:02.090+0000] {dagbag.py:545} INFO - Filling up the DagBag from /home/airflow/.local/lib/python3.12/site-packages/airflow/example_dags/example_complex.py
[2024-07-14T22:33:02.104+0000] {processor.py:840} INFO - DAG(s) 'example_complex' retrieved from /home/airflow/.local/lib/python3.12/site-packages/airflow/example_dags/example_complex.py
[2024-07-14T22:33:02.150+0000] {logging_mixin.py:188} INFO - [2024-07-14T22:33:02.150+0000] {dag.py:3096} INFO - Sync 1 DAGs
[2024-07-14T22:33:02.166+0000] {logging_mixin.py:188} INFO - [2024-07-14T22:33:02.166+0000] {dag.py:3954} INFO - Setting next_dagrun for example_complex to None, run_after=None
[2024-07-14T22:33:02.195+0000] {processor.py:183} INFO - Processing /home/airflow/.local/lib/python3.12/site-packages/airflow/example_dags/example_complex.py took 0.114 seconds
[2024-07-14T22:33:32.794+0000] {processor.py:161} INFO - Started process (PID=1412) to work on /home/airflow/.local/lib/python3.12/site-packages/airflow/example_dags/example_complex.py
[2024-07-14T22:33:32.795+0000] {processor.py:830} INFO - Processing file /home/airflow/.local/lib/python3.12/site-packages/airflow/example_dags/example_complex.py for tasks to queue
[2024-07-14T22:33:32.797+0000] {logging_mixin.py:188} INFO - [2024-07-14T22:33:32.796+0000] {dagbag.py:545} INFO - Filling up the DagBag from /home/airflow/.local/lib/python3.12/site-packages/airflow/example_dags/example_complex.py
[2024-07-14T22:33:32.811+0000] {processor.py:840} INFO - DAG(s) 'example_complex' retrieved from /home/airflow/.local/lib/python3.12/site-packages/airflow/example_dags/example_complex.py
[2024-07-14T22:33:32.856+0000] {logging_mixin.py:188} INFO - [2024-07-14T22:33:32.856+0000] {dag.py:3096} INFO - Sync 1 DAGs
[2024-07-14T22:33:32.871+0000] {logging_mixin.py:188} INFO - [2024-07-14T22:33:32.871+0000] {dag.py:3954} INFO - Setting next_dagrun for example_complex to None, run_after=None
[2024-07-14T22:33:32.894+0000] {processor.py:183} INFO - Processing /home/airflow/.local/lib/python3.12/site-packages/airflow/example_dags/example_complex.py took 0.106 seconds
[2024-07-14T22:34:03.073+0000] {processor.py:161} INFO - Started process (PID=1471) to work on /home/airflow/.local/lib/python3.12/site-packages/airflow/example_dags/example_complex.py
[2024-07-14T22:34:03.074+0000] {processor.py:830} INFO - Processing file /home/airflow/.local/lib/python3.12/site-packages/airflow/example_dags/example_complex.py for tasks to queue
[2024-07-14T22:34:03.076+0000] {logging_mixin.py:188} INFO - [2024-07-14T22:34:03.075+0000] {dagbag.py:545} INFO - Filling up the DagBag from /home/airflow/.local/lib/python3.12/site-packages/airflow/example_dags/example_complex.py
[2024-07-14T22:34:03.093+0000] {processor.py:840} INFO - DAG(s) 'example_complex' retrieved from /home/airflow/.local/lib/python3.12/site-packages/airflow/example_dags/example_complex.py
[2024-07-14T22:34:03.149+0000] {logging_mixin.py:188} INFO - [2024-07-14T22:34:03.149+0000] {dag.py:3096} INFO - Sync 1 DAGs
[2024-07-14T22:34:03.164+0000] {logging_mixin.py:188} INFO - [2024-07-14T22:34:03.164+0000] {dag.py:3954} INFO - Setting next_dagrun for example_complex to None, run_after=None
[2024-07-14T22:34:03.193+0000] {processor.py:183} INFO - Processing /home/airflow/.local/lib/python3.12/site-packages/airflow/example_dags/example_complex.py took 0.126 seconds
[2024-07-14T22:34:33.916+0000] {processor.py:161} INFO - Started process (PID=1530) to work on /home/airflow/.local/lib/python3.12/site-packages/airflow/example_dags/example_complex.py
[2024-07-14T22:34:33.916+0000] {processor.py:830} INFO - Processing file /home/airflow/.local/lib/python3.12/site-packages/airflow/example_dags/example_complex.py for tasks to queue
[2024-07-14T22:34:33.918+0000] {logging_mixin.py:188} INFO - [2024-07-14T22:34:33.918+0000] {dagbag.py:545} INFO - Filling up the DagBag from /home/airflow/.local/lib/python3.12/site-packages/airflow/example_dags/example_complex.py
[2024-07-14T22:34:33.935+0000] {processor.py:840} INFO - DAG(s) 'example_complex' retrieved from /home/airflow/.local/lib/python3.12/site-packages/airflow/example_dags/example_complex.py
[2024-07-14T22:34:34.007+0000] {logging_mixin.py:188} INFO - [2024-07-14T22:34:34.007+0000] {dag.py:3096} INFO - Sync 1 DAGs
[2024-07-14T22:34:34.050+0000] {logging_mixin.py:188} INFO - [2024-07-14T22:34:34.050+0000] {dag.py:3954} INFO - Setting next_dagrun for example_complex to None, run_after=None
[2024-07-14T22:34:34.091+0000] {processor.py:183} INFO - Processing /home/airflow/.local/lib/python3.12/site-packages/airflow/example_dags/example_complex.py took 0.181 seconds
[2024-07-14T22:35:04.377+0000] {processor.py:161} INFO - Started process (PID=1589) to work on /home/airflow/.local/lib/python3.12/site-packages/airflow/example_dags/example_complex.py
[2024-07-14T22:35:04.390+0000] {processor.py:830} INFO - Processing file /home/airflow/.local/lib/python3.12/site-packages/airflow/example_dags/example_complex.py for tasks to queue
[2024-07-14T22:35:04.392+0000] {logging_mixin.py:188} INFO - [2024-07-14T22:35:04.391+0000] {dagbag.py:545} INFO - Filling up the DagBag from /home/airflow/.local/lib/python3.12/site-packages/airflow/example_dags/example_complex.py
[2024-07-14T22:35:04.425+0000] {processor.py:840} INFO - DAG(s) 'example_complex' retrieved from /home/airflow/.local/lib/python3.12/site-packages/airflow/example_dags/example_complex.py
[2024-07-14T22:35:04.559+0000] {logging_mixin.py:188} INFO - [2024-07-14T22:35:04.559+0000] {dag.py:3096} INFO - Sync 1 DAGs
[2024-07-14T22:35:04.599+0000] {logging_mixin.py:188} INFO - [2024-07-14T22:35:04.599+0000] {dag.py:3954} INFO - Setting next_dagrun for example_complex to None, run_after=None
[2024-07-14T22:35:04.655+0000] {processor.py:183} INFO - Processing /home/airflow/.local/lib/python3.12/site-packages/airflow/example_dags/example_complex.py took 0.295 seconds
[2024-07-14T22:35:35.379+0000] {processor.py:161} INFO - Started process (PID=1648) to work on /home/airflow/.local/lib/python3.12/site-packages/airflow/example_dags/example_complex.py
[2024-07-14T22:35:35.380+0000] {processor.py:830} INFO - Processing file /home/airflow/.local/lib/python3.12/site-packages/airflow/example_dags/example_complex.py for tasks to queue
[2024-07-14T22:35:35.382+0000] {logging_mixin.py:188} INFO - [2024-07-14T22:35:35.382+0000] {dagbag.py:545} INFO - Filling up the DagBag from /home/airflow/.local/lib/python3.12/site-packages/airflow/example_dags/example_complex.py
[2024-07-14T22:35:35.406+0000] {processor.py:840} INFO - DAG(s) 'example_complex' retrieved from /home/airflow/.local/lib/python3.12/site-packages/airflow/example_dags/example_complex.py
[2024-07-14T22:35:35.448+0000] {logging_mixin.py:188} INFO - [2024-07-14T22:35:35.448+0000] {dag.py:3096} INFO - Sync 1 DAGs
[2024-07-14T22:35:35.464+0000] {logging_mixin.py:188} INFO - [2024-07-14T22:35:35.463+0000] {dag.py:3954} INFO - Setting next_dagrun for example_complex to None, run_after=None
[2024-07-14T22:35:35.488+0000] {processor.py:183} INFO - Processing /home/airflow/.local/lib/python3.12/site-packages/airflow/example_dags/example_complex.py took 0.114 seconds
[2024-07-14T22:36:05.614+0000] {processor.py:161} INFO - Started process (PID=1708) to work on /home/airflow/.local/lib/python3.12/site-packages/airflow/example_dags/example_complex.py
[2024-07-14T22:36:05.615+0000] {processor.py:830} INFO - Processing file /home/airflow/.local/lib/python3.12/site-packages/airflow/example_dags/example_complex.py for tasks to queue
[2024-07-14T22:36:05.617+0000] {logging_mixin.py:188} INFO - [2024-07-14T22:36:05.616+0000] {dagbag.py:545} INFO - Filling up the DagBag from /home/airflow/.local/lib/python3.12/site-packages/airflow/example_dags/example_complex.py
[2024-07-14T22:36:05.631+0000] {processor.py:840} INFO - DAG(s) 'example_complex' retrieved from /home/airflow/.local/lib/python3.12/site-packages/airflow/example_dags/example_complex.py
[2024-07-14T22:36:05.675+0000] {logging_mixin.py:188} INFO - [2024-07-14T22:36:05.675+0000] {dag.py:3096} INFO - Sync 1 DAGs
[2024-07-14T22:36:05.691+0000] {logging_mixin.py:188} INFO - [2024-07-14T22:36:05.690+0000] {dag.py:3954} INFO - Setting next_dagrun for example_complex to None, run_after=None
[2024-07-14T22:36:05.713+0000] {processor.py:183} INFO - Processing /home/airflow/.local/lib/python3.12/site-packages/airflow/example_dags/example_complex.py took 0.105 seconds
[2024-07-14T22:36:36.065+0000] {processor.py:161} INFO - Started process (PID=1767) to work on /home/airflow/.local/lib/python3.12/site-packages/airflow/example_dags/example_complex.py
[2024-07-14T22:36:36.066+0000] {processor.py:830} INFO - Processing file /home/airflow/.local/lib/python3.12/site-packages/airflow/example_dags/example_complex.py for tasks to queue
[2024-07-14T22:36:36.068+0000] {logging_mixin.py:188} INFO - [2024-07-14T22:36:36.067+0000] {dagbag.py:545} INFO - Filling up the DagBag from /home/airflow/.local/lib/python3.12/site-packages/airflow/example_dags/example_complex.py
[2024-07-14T22:36:36.082+0000] {processor.py:840} INFO - DAG(s) 'example_complex' retrieved from /home/airflow/.local/lib/python3.12/site-packages/airflow/example_dags/example_complex.py
[2024-07-14T22:36:36.127+0000] {logging_mixin.py:188} INFO - [2024-07-14T22:36:36.126+0000] {dag.py:3096} INFO - Sync 1 DAGs
[2024-07-14T22:36:36.150+0000] {logging_mixin.py:188} INFO - [2024-07-14T22:36:36.150+0000] {dag.py:3954} INFO - Setting next_dagrun for example_complex to None, run_after=None
[2024-07-14T22:36:36.170+0000] {processor.py:183} INFO - Processing /home/airflow/.local/lib/python3.12/site-packages/airflow/example_dags/example_complex.py took 0.111 seconds
[2024-07-14T22:37:06.502+0000] {processor.py:161} INFO - Started process (PID=1826) to work on /home/airflow/.local/lib/python3.12/site-packages/airflow/example_dags/example_complex.py
[2024-07-14T22:37:06.503+0000] {processor.py:830} INFO - Processing file /home/airflow/.local/lib/python3.12/site-packages/airflow/example_dags/example_complex.py for tasks to queue
[2024-07-14T22:37:06.504+0000] {logging_mixin.py:188} INFO - [2024-07-14T22:37:06.504+0000] {dagbag.py:545} INFO - Filling up the DagBag from /home/airflow/.local/lib/python3.12/site-packages/airflow/example_dags/example_complex.py
[2024-07-14T22:37:06.519+0000] {processor.py:840} INFO - DAG(s) 'example_complex' retrieved from /home/airflow/.local/lib/python3.12/site-packages/airflow/example_dags/example_complex.py
[2024-07-14T22:37:06.562+0000] {logging_mixin.py:188} INFO - [2024-07-14T22:37:06.562+0000] {dag.py:3096} INFO - Sync 1 DAGs
[2024-07-14T22:37:06.577+0000] {logging_mixin.py:188} INFO - [2024-07-14T22:37:06.577+0000] {dag.py:3954} INFO - Setting next_dagrun for example_complex to None, run_after=None
[2024-07-14T22:37:06.603+0000] {processor.py:183} INFO - Processing /home/airflow/.local/lib/python3.12/site-packages/airflow/example_dags/example_complex.py took 0.107 seconds
[2024-07-14T22:37:37.237+0000] {processor.py:161} INFO - Started process (PID=1885) to work on /home/airflow/.local/lib/python3.12/site-packages/airflow/example_dags/example_complex.py
[2024-07-14T22:37:37.237+0000] {processor.py:830} INFO - Processing file /home/airflow/.local/lib/python3.12/site-packages/airflow/example_dags/example_complex.py for tasks to queue
[2024-07-14T22:37:37.239+0000] {logging_mixin.py:188} INFO - [2024-07-14T22:37:37.239+0000] {dagbag.py:545} INFO - Filling up the DagBag from /home/airflow/.local/lib/python3.12/site-packages/airflow/example_dags/example_complex.py
[2024-07-14T22:37:37.255+0000] {processor.py:840} INFO - DAG(s) 'example_complex' retrieved from /home/airflow/.local/lib/python3.12/site-packages/airflow/example_dags/example_complex.py
[2024-07-14T22:37:37.305+0000] {logging_mixin.py:188} INFO - [2024-07-14T22:37:37.305+0000] {dag.py:3096} INFO - Sync 1 DAGs
[2024-07-14T22:37:37.462+0000] {logging_mixin.py:188} INFO - [2024-07-14T22:37:37.461+0000] {dag.py:3954} INFO - Setting next_dagrun for example_complex to None, run_after=None
[2024-07-14T22:37:37.486+0000] {processor.py:183} INFO - Processing /home/airflow/.local/lib/python3.12/site-packages/airflow/example_dags/example_complex.py took 0.255 seconds
[2024-07-14T22:38:08.349+0000] {processor.py:161} INFO - Started process (PID=1944) to work on /home/airflow/.local/lib/python3.12/site-packages/airflow/example_dags/example_complex.py
[2024-07-14T22:38:08.350+0000] {processor.py:830} INFO - Processing file /home/airflow/.local/lib/python3.12/site-packages/airflow/example_dags/example_complex.py for tasks to queue
[2024-07-14T22:38:08.352+0000] {logging_mixin.py:188} INFO - [2024-07-14T22:38:08.351+0000] {dagbag.py:545} INFO - Filling up the DagBag from /home/airflow/.local/lib/python3.12/site-packages/airflow/example_dags/example_complex.py
[2024-07-14T22:38:08.367+0000] {processor.py:840} INFO - DAG(s) 'example_complex' retrieved from /home/airflow/.local/lib/python3.12/site-packages/airflow/example_dags/example_complex.py
[2024-07-14T22:38:08.427+0000] {logging_mixin.py:188} INFO - [2024-07-14T22:38:08.427+0000] {dag.py:3096} INFO - Sync 1 DAGs
[2024-07-14T22:38:08.441+0000] {logging_mixin.py:188} INFO - [2024-07-14T22:38:08.441+0000] {dag.py:3954} INFO - Setting next_dagrun for example_complex to None, run_after=None
[2024-07-14T22:38:08.463+0000] {processor.py:183} INFO - Processing /home/airflow/.local/lib/python3.12/site-packages/airflow/example_dags/example_complex.py took 0.120 seconds
[2024-07-14T22:38:38.826+0000] {processor.py:161} INFO - Started process (PID=2003) to work on /home/airflow/.local/lib/python3.12/site-packages/airflow/example_dags/example_complex.py
[2024-07-14T22:38:38.827+0000] {processor.py:830} INFO - Processing file /home/airflow/.local/lib/python3.12/site-packages/airflow/example_dags/example_complex.py for tasks to queue
[2024-07-14T22:38:38.828+0000] {logging_mixin.py:188} INFO - [2024-07-14T22:38:38.828+0000] {dagbag.py:545} INFO - Filling up the DagBag from /home/airflow/.local/lib/python3.12/site-packages/airflow/example_dags/example_complex.py
[2024-07-14T22:38:38.843+0000] {processor.py:840} INFO - DAG(s) 'example_complex' retrieved from /home/airflow/.local/lib/python3.12/site-packages/airflow/example_dags/example_complex.py
[2024-07-14T22:38:38.889+0000] {logging_mixin.py:188} INFO - [2024-07-14T22:38:38.889+0000] {dag.py:3096} INFO - Sync 1 DAGs
[2024-07-14T22:38:38.904+0000] {logging_mixin.py:188} INFO - [2024-07-14T22:38:38.904+0000] {dag.py:3954} INFO - Setting next_dagrun for example_complex to None, run_after=None
[2024-07-14T22:38:38.935+0000] {processor.py:183} INFO - Processing /home/airflow/.local/lib/python3.12/site-packages/airflow/example_dags/example_complex.py took 0.115 seconds
[2024-07-14T22:39:09.351+0000] {processor.py:161} INFO - Started process (PID=2062) to work on /home/airflow/.local/lib/python3.12/site-packages/airflow/example_dags/example_complex.py
[2024-07-14T22:39:09.352+0000] {processor.py:830} INFO - Processing file /home/airflow/.local/lib/python3.12/site-packages/airflow/example_dags/example_complex.py for tasks to queue
[2024-07-14T22:39:09.353+0000] {logging_mixin.py:188} INFO - [2024-07-14T22:39:09.353+0000] {dagbag.py:545} INFO - Filling up the DagBag from /home/airflow/.local/lib/python3.12/site-packages/airflow/example_dags/example_complex.py
[2024-07-14T22:39:09.367+0000] {processor.py:840} INFO - DAG(s) 'example_complex' retrieved from /home/airflow/.local/lib/python3.12/site-packages/airflow/example_dags/example_complex.py
[2024-07-14T22:39:09.416+0000] {logging_mixin.py:188} INFO - [2024-07-14T22:39:09.416+0000] {dag.py:3096} INFO - Sync 1 DAGs
[2024-07-14T22:39:09.433+0000] {logging_mixin.py:188} INFO - [2024-07-14T22:39:09.433+0000] {dag.py:3954} INFO - Setting next_dagrun for example_complex to None, run_after=None
[2024-07-14T22:39:09.455+0000] {processor.py:183} INFO - Processing /home/airflow/.local/lib/python3.12/site-packages/airflow/example_dags/example_complex.py took 0.111 seconds
