[2024-07-14T22:21:44.178+0000] {processor.py:161} INFO - Started process (PID=37) to work on /home/airflow/.local/lib/python3.12/site-packages/airflow/example_dags/example_xcomargs.py
[2024-07-14T22:21:44.180+0000] {processor.py:830} INFO - Processing file /home/airflow/.local/lib/python3.12/site-packages/airflow/example_dags/example_xcomargs.py for tasks to queue
[2024-07-14T22:21:44.184+0000] {logging_mixin.py:188} INFO - [2024-07-14T22:21:44.184+0000] {dagbag.py:545} INFO - Filling up the DagBag from /home/airflow/.local/lib/python3.12/site-packages/airflow/example_dags/example_xcomargs.py
[2024-07-14T22:21:44.229+0000] {processor.py:840} INFO - DAG(s) 'example_xcom_args_with_operators', 'example_xcom_args' retrieved from /home/airflow/.local/lib/python3.12/site-packages/airflow/example_dags/example_xcomargs.py
[2024-07-14T22:21:44.721+0000] {logging_mixin.py:188} INFO - [2024-07-14T22:21:44.721+0000] {dag.py:3096} INFO - Sync 2 DAGs
[2024-07-14T22:21:44.757+0000] {logging_mixin.py:188} INFO - [2024-07-14T22:21:44.756+0000] {dag.py:3954} INFO - Setting next_dagrun for example_xcom_args to None, run_after=None
[2024-07-14T22:21:44.771+0000] {logging_mixin.py:188} INFO - [2024-07-14T22:21:44.770+0000] {dag.py:3954} INFO - Setting next_dagrun for example_xcom_args_with_operators to None, run_after=None
[2024-07-14T22:21:44.830+0000] {processor.py:183} INFO - Processing /home/airflow/.local/lib/python3.12/site-packages/airflow/example_dags/example_xcomargs.py took 0.668 seconds
[2024-07-14T22:22:15.146+0000] {processor.py:161} INFO - Started process (PID=96) to work on /home/airflow/.local/lib/python3.12/site-packages/airflow/example_dags/example_xcomargs.py
[2024-07-14T22:22:15.147+0000] {processor.py:830} INFO - Processing file /home/airflow/.local/lib/python3.12/site-packages/airflow/example_dags/example_xcomargs.py for tasks to queue
[2024-07-14T22:22:15.149+0000] {logging_mixin.py:188} INFO - [2024-07-14T22:22:15.148+0000] {dagbag.py:545} INFO - Filling up the DagBag from /home/airflow/.local/lib/python3.12/site-packages/airflow/example_dags/example_xcomargs.py
[2024-07-14T22:22:15.157+0000] {processor.py:840} INFO - DAG(s) 'example_xcom_args_with_operators', 'example_xcom_args' retrieved from /home/airflow/.local/lib/python3.12/site-packages/airflow/example_dags/example_xcomargs.py
[2024-07-14T22:22:15.184+0000] {logging_mixin.py:188} INFO - [2024-07-14T22:22:15.183+0000] {dag.py:3096} INFO - Sync 2 DAGs
[2024-07-14T22:22:15.201+0000] {logging_mixin.py:188} INFO - [2024-07-14T22:22:15.200+0000] {dag.py:3954} INFO - Setting next_dagrun for example_xcom_args to None, run_after=None
[2024-07-14T22:22:15.204+0000] {logging_mixin.py:188} INFO - [2024-07-14T22:22:15.204+0000] {dag.py:3954} INFO - Setting next_dagrun for example_xcom_args_with_operators to None, run_after=None
[2024-07-14T22:22:15.231+0000] {processor.py:183} INFO - Processing /home/airflow/.local/lib/python3.12/site-packages/airflow/example_dags/example_xcomargs.py took 0.091 seconds
[2024-07-14T22:22:45.383+0000] {processor.py:161} INFO - Started process (PID=155) to work on /home/airflow/.local/lib/python3.12/site-packages/airflow/example_dags/example_xcomargs.py
[2024-07-14T22:22:45.384+0000] {processor.py:830} INFO - Processing file /home/airflow/.local/lib/python3.12/site-packages/airflow/example_dags/example_xcomargs.py for tasks to queue
[2024-07-14T22:22:45.386+0000] {logging_mixin.py:188} INFO - [2024-07-14T22:22:45.385+0000] {dagbag.py:545} INFO - Filling up the DagBag from /home/airflow/.local/lib/python3.12/site-packages/airflow/example_dags/example_xcomargs.py
[2024-07-14T22:22:45.395+0000] {processor.py:840} INFO - DAG(s) 'example_xcom_args_with_operators', 'example_xcom_args' retrieved from /home/airflow/.local/lib/python3.12/site-packages/airflow/example_dags/example_xcomargs.py
[2024-07-14T22:22:45.421+0000] {logging_mixin.py:188} INFO - [2024-07-14T22:22:45.420+0000] {dag.py:3096} INFO - Sync 2 DAGs
[2024-07-14T22:22:45.437+0000] {logging_mixin.py:188} INFO - [2024-07-14T22:22:45.436+0000] {dag.py:3954} INFO - Setting next_dagrun for example_xcom_args to None, run_after=None
[2024-07-14T22:22:45.441+0000] {logging_mixin.py:188} INFO - [2024-07-14T22:22:45.441+0000] {dag.py:3954} INFO - Setting next_dagrun for example_xcom_args_with_operators to None, run_after=None
[2024-07-14T22:22:45.459+0000] {processor.py:183} INFO - Processing /home/airflow/.local/lib/python3.12/site-packages/airflow/example_dags/example_xcomargs.py took 0.082 seconds
[2024-07-14T22:23:16.245+0000] {processor.py:161} INFO - Started process (PID=214) to work on /home/airflow/.local/lib/python3.12/site-packages/airflow/example_dags/example_xcomargs.py
[2024-07-14T22:23:16.249+0000] {processor.py:830} INFO - Processing file /home/airflow/.local/lib/python3.12/site-packages/airflow/example_dags/example_xcomargs.py for tasks to queue
[2024-07-14T22:23:16.251+0000] {logging_mixin.py:188} INFO - [2024-07-14T22:23:16.250+0000] {dagbag.py:545} INFO - Filling up the DagBag from /home/airflow/.local/lib/python3.12/site-packages/airflow/example_dags/example_xcomargs.py
[2024-07-14T22:23:16.269+0000] {processor.py:840} INFO - DAG(s) 'example_xcom_args_with_operators', 'example_xcom_args' retrieved from /home/airflow/.local/lib/python3.12/site-packages/airflow/example_dags/example_xcomargs.py
[2024-07-14T22:23:16.351+0000] {logging_mixin.py:188} INFO - [2024-07-14T22:23:16.351+0000] {dag.py:3096} INFO - Sync 2 DAGs
[2024-07-14T22:23:16.401+0000] {logging_mixin.py:188} INFO - [2024-07-14T22:23:16.401+0000] {dag.py:3954} INFO - Setting next_dagrun for example_xcom_args to None, run_after=None
[2024-07-14T22:23:16.414+0000] {logging_mixin.py:188} INFO - [2024-07-14T22:23:16.414+0000] {dag.py:3954} INFO - Setting next_dagrun for example_xcom_args_with_operators to None, run_after=None
[2024-07-14T22:23:16.474+0000] {processor.py:183} INFO - Processing /home/airflow/.local/lib/python3.12/site-packages/airflow/example_dags/example_xcomargs.py took 0.253 seconds
[2024-07-14T22:23:47.379+0000] {processor.py:161} INFO - Started process (PID=273) to work on /home/airflow/.local/lib/python3.12/site-packages/airflow/example_dags/example_xcomargs.py
[2024-07-14T22:23:47.383+0000] {processor.py:830} INFO - Processing file /home/airflow/.local/lib/python3.12/site-packages/airflow/example_dags/example_xcomargs.py for tasks to queue
[2024-07-14T22:23:47.385+0000] {logging_mixin.py:188} INFO - [2024-07-14T22:23:47.384+0000] {dagbag.py:545} INFO - Filling up the DagBag from /home/airflow/.local/lib/python3.12/site-packages/airflow/example_dags/example_xcomargs.py
[2024-07-14T22:23:47.408+0000] {processor.py:840} INFO - DAG(s) 'example_xcom_args', 'example_xcom_args_with_operators' retrieved from /home/airflow/.local/lib/python3.12/site-packages/airflow/example_dags/example_xcomargs.py
[2024-07-14T22:23:47.460+0000] {logging_mixin.py:188} INFO - [2024-07-14T22:23:47.460+0000] {dag.py:3096} INFO - Sync 2 DAGs
[2024-07-14T22:23:47.491+0000] {logging_mixin.py:188} INFO - [2024-07-14T22:23:47.491+0000] {dag.py:3954} INFO - Setting next_dagrun for example_xcom_args to None, run_after=None
[2024-07-14T22:23:47.500+0000] {logging_mixin.py:188} INFO - [2024-07-14T22:23:47.500+0000] {dag.py:3954} INFO - Setting next_dagrun for example_xcom_args_with_operators to None, run_after=None
[2024-07-14T22:23:47.535+0000] {processor.py:183} INFO - Processing /home/airflow/.local/lib/python3.12/site-packages/airflow/example_dags/example_xcomargs.py took 0.183 seconds
[2024-07-14T22:24:17.784+0000] {processor.py:161} INFO - Started process (PID=332) to work on /home/airflow/.local/lib/python3.12/site-packages/airflow/example_dags/example_xcomargs.py
[2024-07-14T22:24:17.785+0000] {processor.py:830} INFO - Processing file /home/airflow/.local/lib/python3.12/site-packages/airflow/example_dags/example_xcomargs.py for tasks to queue
[2024-07-14T22:24:17.786+0000] {logging_mixin.py:188} INFO - [2024-07-14T22:24:17.786+0000] {dagbag.py:545} INFO - Filling up the DagBag from /home/airflow/.local/lib/python3.12/site-packages/airflow/example_dags/example_xcomargs.py
[2024-07-14T22:24:17.796+0000] {processor.py:840} INFO - DAG(s) 'example_xcom_args', 'example_xcom_args_with_operators' retrieved from /home/airflow/.local/lib/python3.12/site-packages/airflow/example_dags/example_xcomargs.py
[2024-07-14T22:24:17.821+0000] {logging_mixin.py:188} INFO - [2024-07-14T22:24:17.821+0000] {dag.py:3096} INFO - Sync 2 DAGs
[2024-07-14T22:24:17.839+0000] {logging_mixin.py:188} INFO - [2024-07-14T22:24:17.839+0000] {dag.py:3954} INFO - Setting next_dagrun for example_xcom_args to None, run_after=None
[2024-07-14T22:24:17.843+0000] {logging_mixin.py:188} INFO - [2024-07-14T22:24:17.843+0000] {dag.py:3954} INFO - Setting next_dagrun for example_xcom_args_with_operators to None, run_after=None
[2024-07-14T22:24:17.862+0000] {processor.py:183} INFO - Processing /home/airflow/.local/lib/python3.12/site-packages/airflow/example_dags/example_xcomargs.py took 0.084 seconds
[2024-07-14T22:24:48.219+0000] {processor.py:161} INFO - Started process (PID=390) to work on /home/airflow/.local/lib/python3.12/site-packages/airflow/example_dags/example_xcomargs.py
[2024-07-14T22:24:48.220+0000] {processor.py:830} INFO - Processing file /home/airflow/.local/lib/python3.12/site-packages/airflow/example_dags/example_xcomargs.py for tasks to queue
[2024-07-14T22:24:48.221+0000] {logging_mixin.py:188} INFO - [2024-07-14T22:24:48.221+0000] {dagbag.py:545} INFO - Filling up the DagBag from /home/airflow/.local/lib/python3.12/site-packages/airflow/example_dags/example_xcomargs.py
[2024-07-14T22:24:48.231+0000] {processor.py:840} INFO - DAG(s) 'example_xcom_args', 'example_xcom_args_with_operators' retrieved from /home/airflow/.local/lib/python3.12/site-packages/airflow/example_dags/example_xcomargs.py
[2024-07-14T22:24:48.257+0000] {logging_mixin.py:188} INFO - [2024-07-14T22:24:48.257+0000] {dag.py:3096} INFO - Sync 2 DAGs
[2024-07-14T22:24:48.273+0000] {logging_mixin.py:188} INFO - [2024-07-14T22:24:48.273+0000] {dag.py:3954} INFO - Setting next_dagrun for example_xcom_args to None, run_after=None
[2024-07-14T22:24:48.277+0000] {logging_mixin.py:188} INFO - [2024-07-14T22:24:48.277+0000] {dag.py:3954} INFO - Setting next_dagrun for example_xcom_args_with_operators to None, run_after=None
[2024-07-14T22:24:48.299+0000] {processor.py:183} INFO - Processing /home/airflow/.local/lib/python3.12/site-packages/airflow/example_dags/example_xcomargs.py took 0.086 seconds
[2024-07-14T22:25:18.915+0000] {processor.py:161} INFO - Started process (PID=448) to work on /home/airflow/.local/lib/python3.12/site-packages/airflow/example_dags/example_xcomargs.py
[2024-07-14T22:25:18.915+0000] {processor.py:830} INFO - Processing file /home/airflow/.local/lib/python3.12/site-packages/airflow/example_dags/example_xcomargs.py for tasks to queue
[2024-07-14T22:25:18.917+0000] {logging_mixin.py:188} INFO - [2024-07-14T22:25:18.917+0000] {dagbag.py:545} INFO - Filling up the DagBag from /home/airflow/.local/lib/python3.12/site-packages/airflow/example_dags/example_xcomargs.py
[2024-07-14T22:25:18.926+0000] {processor.py:840} INFO - DAG(s) 'example_xcom_args', 'example_xcom_args_with_operators' retrieved from /home/airflow/.local/lib/python3.12/site-packages/airflow/example_dags/example_xcomargs.py
[2024-07-14T22:25:18.952+0000] {logging_mixin.py:188} INFO - [2024-07-14T22:25:18.952+0000] {dag.py:3096} INFO - Sync 2 DAGs
[2024-07-14T22:25:18.970+0000] {logging_mixin.py:188} INFO - [2024-07-14T22:25:18.970+0000] {dag.py:3954} INFO - Setting next_dagrun for example_xcom_args to None, run_after=None
[2024-07-14T22:25:18.973+0000] {logging_mixin.py:188} INFO - [2024-07-14T22:25:18.973+0000] {dag.py:3954} INFO - Setting next_dagrun for example_xcom_args_with_operators to None, run_after=None
[2024-07-14T22:25:18.993+0000] {processor.py:183} INFO - Processing /home/airflow/.local/lib/python3.12/site-packages/airflow/example_dags/example_xcomargs.py took 0.085 seconds
[2024-07-14T22:25:49.398+0000] {processor.py:161} INFO - Started process (PID=507) to work on /home/airflow/.local/lib/python3.12/site-packages/airflow/example_dags/example_xcomargs.py
[2024-07-14T22:25:49.399+0000] {processor.py:830} INFO - Processing file /home/airflow/.local/lib/python3.12/site-packages/airflow/example_dags/example_xcomargs.py for tasks to queue
[2024-07-14T22:25:49.401+0000] {logging_mixin.py:188} INFO - [2024-07-14T22:25:49.401+0000] {dagbag.py:545} INFO - Filling up the DagBag from /home/airflow/.local/lib/python3.12/site-packages/airflow/example_dags/example_xcomargs.py
[2024-07-14T22:25:49.410+0000] {processor.py:840} INFO - DAG(s) 'example_xcom_args_with_operators', 'example_xcom_args' retrieved from /home/airflow/.local/lib/python3.12/site-packages/airflow/example_dags/example_xcomargs.py
[2024-07-14T22:25:49.435+0000] {logging_mixin.py:188} INFO - [2024-07-14T22:25:49.435+0000] {dag.py:3096} INFO - Sync 2 DAGs
[2024-07-14T22:25:49.450+0000] {logging_mixin.py:188} INFO - [2024-07-14T22:25:49.450+0000] {dag.py:3954} INFO - Setting next_dagrun for example_xcom_args to None, run_after=None
[2024-07-14T22:25:49.453+0000] {logging_mixin.py:188} INFO - [2024-07-14T22:25:49.453+0000] {dag.py:3954} INFO - Setting next_dagrun for example_xcom_args_with_operators to None, run_after=None
[2024-07-14T22:25:49.472+0000] {processor.py:183} INFO - Processing /home/airflow/.local/lib/python3.12/site-packages/airflow/example_dags/example_xcomargs.py took 0.087 seconds
[2024-07-14T22:26:19.695+0000] {processor.py:161} INFO - Started process (PID=566) to work on /home/airflow/.local/lib/python3.12/site-packages/airflow/example_dags/example_xcomargs.py
[2024-07-14T22:26:19.695+0000] {processor.py:830} INFO - Processing file /home/airflow/.local/lib/python3.12/site-packages/airflow/example_dags/example_xcomargs.py for tasks to queue
[2024-07-14T22:26:19.700+0000] {logging_mixin.py:188} INFO - [2024-07-14T22:26:19.700+0000] {dagbag.py:545} INFO - Filling up the DagBag from /home/airflow/.local/lib/python3.12/site-packages/airflow/example_dags/example_xcomargs.py
[2024-07-14T22:26:19.709+0000] {processor.py:840} INFO - DAG(s) 'example_xcom_args', 'example_xcom_args_with_operators' retrieved from /home/airflow/.local/lib/python3.12/site-packages/airflow/example_dags/example_xcomargs.py
[2024-07-14T22:26:19.737+0000] {logging_mixin.py:188} INFO - [2024-07-14T22:26:19.737+0000] {dag.py:3096} INFO - Sync 2 DAGs
[2024-07-14T22:26:19.760+0000] {logging_mixin.py:188} INFO - [2024-07-14T22:26:19.760+0000] {dag.py:3954} INFO - Setting next_dagrun for example_xcom_args to None, run_after=None
[2024-07-14T22:26:19.763+0000] {logging_mixin.py:188} INFO - [2024-07-14T22:26:19.763+0000] {dag.py:3954} INFO - Setting next_dagrun for example_xcom_args_with_operators to None, run_after=None
[2024-07-14T22:26:19.784+0000] {processor.py:183} INFO - Processing /home/airflow/.local/lib/python3.12/site-packages/airflow/example_dags/example_xcomargs.py took 0.102 seconds
[2024-07-14T22:26:49.881+0000] {processor.py:161} INFO - Started process (PID=625) to work on /home/airflow/.local/lib/python3.12/site-packages/airflow/example_dags/example_xcomargs.py
[2024-07-14T22:26:49.881+0000] {processor.py:830} INFO - Processing file /home/airflow/.local/lib/python3.12/site-packages/airflow/example_dags/example_xcomargs.py for tasks to queue
[2024-07-14T22:26:49.883+0000] {logging_mixin.py:188} INFO - [2024-07-14T22:26:49.883+0000] {dagbag.py:545} INFO - Filling up the DagBag from /home/airflow/.local/lib/python3.12/site-packages/airflow/example_dags/example_xcomargs.py
[2024-07-14T22:26:49.892+0000] {processor.py:840} INFO - DAG(s) 'example_xcom_args_with_operators', 'example_xcom_args' retrieved from /home/airflow/.local/lib/python3.12/site-packages/airflow/example_dags/example_xcomargs.py
[2024-07-14T22:26:49.922+0000] {logging_mixin.py:188} INFO - [2024-07-14T22:26:49.922+0000] {dag.py:3096} INFO - Sync 2 DAGs
[2024-07-14T22:26:49.940+0000] {logging_mixin.py:188} INFO - [2024-07-14T22:26:49.940+0000] {dag.py:3954} INFO - Setting next_dagrun for example_xcom_args to None, run_after=None
[2024-07-14T22:26:49.943+0000] {logging_mixin.py:188} INFO - [2024-07-14T22:26:49.943+0000] {dag.py:3954} INFO - Setting next_dagrun for example_xcom_args_with_operators to None, run_after=None
[2024-07-14T22:26:49.964+0000] {processor.py:183} INFO - Processing /home/airflow/.local/lib/python3.12/site-packages/airflow/example_dags/example_xcomargs.py took 0.090 seconds
[2024-07-14T22:27:20.400+0000] {processor.py:161} INFO - Started process (PID=684) to work on /home/airflow/.local/lib/python3.12/site-packages/airflow/example_dags/example_xcomargs.py
[2024-07-14T22:27:20.402+0000] {processor.py:830} INFO - Processing file /home/airflow/.local/lib/python3.12/site-packages/airflow/example_dags/example_xcomargs.py for tasks to queue
[2024-07-14T22:27:20.404+0000] {logging_mixin.py:188} INFO - [2024-07-14T22:27:20.404+0000] {dagbag.py:545} INFO - Filling up the DagBag from /home/airflow/.local/lib/python3.12/site-packages/airflow/example_dags/example_xcomargs.py
[2024-07-14T22:27:20.418+0000] {processor.py:840} INFO - DAG(s) 'example_xcom_args', 'example_xcom_args_with_operators' retrieved from /home/airflow/.local/lib/python3.12/site-packages/airflow/example_dags/example_xcomargs.py
[2024-07-14T22:27:20.474+0000] {logging_mixin.py:188} INFO - [2024-07-14T22:27:20.474+0000] {dag.py:3096} INFO - Sync 2 DAGs
[2024-07-14T22:27:20.505+0000] {logging_mixin.py:188} INFO - [2024-07-14T22:27:20.505+0000] {dag.py:3954} INFO - Setting next_dagrun for example_xcom_args to None, run_after=None
[2024-07-14T22:27:20.520+0000] {logging_mixin.py:188} INFO - [2024-07-14T22:27:20.520+0000] {dag.py:3954} INFO - Setting next_dagrun for example_xcom_args_with_operators to None, run_after=None
[2024-07-14T22:27:20.549+0000] {processor.py:183} INFO - Processing /home/airflow/.local/lib/python3.12/site-packages/airflow/example_dags/example_xcomargs.py took 0.157 seconds
[2024-07-14T22:27:50.687+0000] {processor.py:161} INFO - Started process (PID=743) to work on /home/airflow/.local/lib/python3.12/site-packages/airflow/example_dags/example_xcomargs.py
[2024-07-14T22:27:50.688+0000] {processor.py:830} INFO - Processing file /home/airflow/.local/lib/python3.12/site-packages/airflow/example_dags/example_xcomargs.py for tasks to queue
[2024-07-14T22:27:50.690+0000] {logging_mixin.py:188} INFO - [2024-07-14T22:27:50.690+0000] {dagbag.py:545} INFO - Filling up the DagBag from /home/airflow/.local/lib/python3.12/site-packages/airflow/example_dags/example_xcomargs.py
[2024-07-14T22:27:50.700+0000] {processor.py:840} INFO - DAG(s) 'example_xcom_args', 'example_xcom_args_with_operators' retrieved from /home/airflow/.local/lib/python3.12/site-packages/airflow/example_dags/example_xcomargs.py
[2024-07-14T22:27:50.733+0000] {logging_mixin.py:188} INFO - [2024-07-14T22:27:50.733+0000] {dag.py:3096} INFO - Sync 2 DAGs
[2024-07-14T22:27:50.752+0000] {logging_mixin.py:188} INFO - [2024-07-14T22:27:50.752+0000] {dag.py:3954} INFO - Setting next_dagrun for example_xcom_args to None, run_after=None
[2024-07-14T22:27:50.755+0000] {logging_mixin.py:188} INFO - [2024-07-14T22:27:50.755+0000] {dag.py:3954} INFO - Setting next_dagrun for example_xcom_args_with_operators to None, run_after=None
[2024-07-14T22:27:50.776+0000] {processor.py:183} INFO - Processing /home/airflow/.local/lib/python3.12/site-packages/airflow/example_dags/example_xcomargs.py took 0.096 seconds
[2024-07-14T22:28:21.428+0000] {processor.py:161} INFO - Started process (PID=804) to work on /home/airflow/.local/lib/python3.12/site-packages/airflow/example_dags/example_xcomargs.py
[2024-07-14T22:28:21.429+0000] {processor.py:830} INFO - Processing file /home/airflow/.local/lib/python3.12/site-packages/airflow/example_dags/example_xcomargs.py for tasks to queue
[2024-07-14T22:28:21.430+0000] {logging_mixin.py:188} INFO - [2024-07-14T22:28:21.430+0000] {dagbag.py:545} INFO - Filling up the DagBag from /home/airflow/.local/lib/python3.12/site-packages/airflow/example_dags/example_xcomargs.py
[2024-07-14T22:28:21.440+0000] {processor.py:840} INFO - DAG(s) 'example_xcom_args', 'example_xcom_args_with_operators' retrieved from /home/airflow/.local/lib/python3.12/site-packages/airflow/example_dags/example_xcomargs.py
[2024-07-14T22:28:21.468+0000] {logging_mixin.py:188} INFO - [2024-07-14T22:28:21.468+0000] {dag.py:3096} INFO - Sync 2 DAGs
[2024-07-14T22:28:21.484+0000] {logging_mixin.py:188} INFO - [2024-07-14T22:28:21.483+0000] {dag.py:3954} INFO - Setting next_dagrun for example_xcom_args to None, run_after=None
[2024-07-14T22:28:21.487+0000] {logging_mixin.py:188} INFO - [2024-07-14T22:28:21.487+0000] {dag.py:3954} INFO - Setting next_dagrun for example_xcom_args_with_operators to None, run_after=None
[2024-07-14T22:28:21.506+0000] {processor.py:183} INFO - Processing /home/airflow/.local/lib/python3.12/site-packages/airflow/example_dags/example_xcomargs.py took 0.084 seconds
[2024-07-14T22:28:51.719+0000] {processor.py:161} INFO - Started process (PID=863) to work on /home/airflow/.local/lib/python3.12/site-packages/airflow/example_dags/example_xcomargs.py
[2024-07-14T22:28:51.727+0000] {processor.py:830} INFO - Processing file /home/airflow/.local/lib/python3.12/site-packages/airflow/example_dags/example_xcomargs.py for tasks to queue
[2024-07-14T22:28:51.729+0000] {logging_mixin.py:188} INFO - [2024-07-14T22:28:51.728+0000] {dagbag.py:545} INFO - Filling up the DagBag from /home/airflow/.local/lib/python3.12/site-packages/airflow/example_dags/example_xcomargs.py
[2024-07-14T22:28:51.754+0000] {processor.py:840} INFO - DAG(s) 'example_xcom_args_with_operators', 'example_xcom_args' retrieved from /home/airflow/.local/lib/python3.12/site-packages/airflow/example_dags/example_xcomargs.py
[2024-07-14T22:28:51.842+0000] {logging_mixin.py:188} INFO - [2024-07-14T22:28:51.841+0000] {dag.py:3096} INFO - Sync 2 DAGs
[2024-07-14T22:28:51.883+0000] {logging_mixin.py:188} INFO - [2024-07-14T22:28:51.883+0000] {dag.py:3954} INFO - Setting next_dagrun for example_xcom_args to None, run_after=None
[2024-07-14T22:28:51.896+0000] {logging_mixin.py:188} INFO - [2024-07-14T22:28:51.895+0000] {dag.py:3954} INFO - Setting next_dagrun for example_xcom_args_with_operators to None, run_after=None
[2024-07-14T22:28:51.955+0000] {processor.py:183} INFO - Processing /home/airflow/.local/lib/python3.12/site-packages/airflow/example_dags/example_xcomargs.py took 0.258 seconds
[2024-07-14T22:29:22.075+0000] {processor.py:161} INFO - Started process (PID=921) to work on /home/airflow/.local/lib/python3.12/site-packages/airflow/example_dags/example_xcomargs.py
[2024-07-14T22:29:22.076+0000] {processor.py:830} INFO - Processing file /home/airflow/.local/lib/python3.12/site-packages/airflow/example_dags/example_xcomargs.py for tasks to queue
[2024-07-14T22:29:22.078+0000] {logging_mixin.py:188} INFO - [2024-07-14T22:29:22.077+0000] {dagbag.py:545} INFO - Filling up the DagBag from /home/airflow/.local/lib/python3.12/site-packages/airflow/example_dags/example_xcomargs.py
[2024-07-14T22:29:22.088+0000] {processor.py:840} INFO - DAG(s) 'example_xcom_args_with_operators', 'example_xcom_args' retrieved from /home/airflow/.local/lib/python3.12/site-packages/airflow/example_dags/example_xcomargs.py
[2024-07-14T22:29:22.113+0000] {logging_mixin.py:188} INFO - [2024-07-14T22:29:22.113+0000] {dag.py:3096} INFO - Sync 2 DAGs
[2024-07-14T22:29:22.129+0000] {logging_mixin.py:188} INFO - [2024-07-14T22:29:22.129+0000] {dag.py:3954} INFO - Setting next_dagrun for example_xcom_args to None, run_after=None
[2024-07-14T22:29:22.134+0000] {logging_mixin.py:188} INFO - [2024-07-14T22:29:22.133+0000] {dag.py:3954} INFO - Setting next_dagrun for example_xcom_args_with_operators to None, run_after=None
[2024-07-14T22:29:22.160+0000] {processor.py:183} INFO - Processing /home/airflow/.local/lib/python3.12/site-packages/airflow/example_dags/example_xcomargs.py took 0.090 seconds
[2024-07-14T22:29:52.470+0000] {processor.py:161} INFO - Started process (PID=980) to work on /home/airflow/.local/lib/python3.12/site-packages/airflow/example_dags/example_xcomargs.py
[2024-07-14T22:29:52.471+0000] {processor.py:830} INFO - Processing file /home/airflow/.local/lib/python3.12/site-packages/airflow/example_dags/example_xcomargs.py for tasks to queue
[2024-07-14T22:29:52.472+0000] {logging_mixin.py:188} INFO - [2024-07-14T22:29:52.472+0000] {dagbag.py:545} INFO - Filling up the DagBag from /home/airflow/.local/lib/python3.12/site-packages/airflow/example_dags/example_xcomargs.py
[2024-07-14T22:29:52.482+0000] {processor.py:840} INFO - DAG(s) 'example_xcom_args', 'example_xcom_args_with_operators' retrieved from /home/airflow/.local/lib/python3.12/site-packages/airflow/example_dags/example_xcomargs.py
[2024-07-14T22:29:52.508+0000] {logging_mixin.py:188} INFO - [2024-07-14T22:29:52.508+0000] {dag.py:3096} INFO - Sync 2 DAGs
[2024-07-14T22:29:52.527+0000] {logging_mixin.py:188} INFO - [2024-07-14T22:29:52.526+0000] {dag.py:3954} INFO - Setting next_dagrun for example_xcom_args to None, run_after=None
[2024-07-14T22:29:52.530+0000] {logging_mixin.py:188} INFO - [2024-07-14T22:29:52.529+0000] {dag.py:3954} INFO - Setting next_dagrun for example_xcom_args_with_operators to None, run_after=None
[2024-07-14T22:29:52.551+0000] {processor.py:183} INFO - Processing /home/airflow/.local/lib/python3.12/site-packages/airflow/example_dags/example_xcomargs.py took 0.087 seconds
[2024-07-14T22:30:23.161+0000] {processor.py:161} INFO - Started process (PID=1040) to work on /home/airflow/.local/lib/python3.12/site-packages/airflow/example_dags/example_xcomargs.py
[2024-07-14T22:30:23.162+0000] {processor.py:830} INFO - Processing file /home/airflow/.local/lib/python3.12/site-packages/airflow/example_dags/example_xcomargs.py for tasks to queue
[2024-07-14T22:30:23.163+0000] {logging_mixin.py:188} INFO - [2024-07-14T22:30:23.163+0000] {dagbag.py:545} INFO - Filling up the DagBag from /home/airflow/.local/lib/python3.12/site-packages/airflow/example_dags/example_xcomargs.py
[2024-07-14T22:30:23.172+0000] {processor.py:840} INFO - DAG(s) 'example_xcom_args', 'example_xcom_args_with_operators' retrieved from /home/airflow/.local/lib/python3.12/site-packages/airflow/example_dags/example_xcomargs.py
[2024-07-14T22:30:23.198+0000] {logging_mixin.py:188} INFO - [2024-07-14T22:30:23.198+0000] {dag.py:3096} INFO - Sync 2 DAGs
[2024-07-14T22:30:23.216+0000] {logging_mixin.py:188} INFO - [2024-07-14T22:30:23.215+0000] {dag.py:3954} INFO - Setting next_dagrun for example_xcom_args to None, run_after=None
[2024-07-14T22:30:23.219+0000] {logging_mixin.py:188} INFO - [2024-07-14T22:30:23.219+0000] {dag.py:3954} INFO - Setting next_dagrun for example_xcom_args_with_operators to None, run_after=None
[2024-07-14T22:30:23.246+0000] {processor.py:183} INFO - Processing /home/airflow/.local/lib/python3.12/site-packages/airflow/example_dags/example_xcomargs.py took 0.092 seconds
[2024-07-14T22:30:53.512+0000] {processor.py:161} INFO - Started process (PID=1099) to work on /home/airflow/.local/lib/python3.12/site-packages/airflow/example_dags/example_xcomargs.py
[2024-07-14T22:30:53.513+0000] {processor.py:830} INFO - Processing file /home/airflow/.local/lib/python3.12/site-packages/airflow/example_dags/example_xcomargs.py for tasks to queue
[2024-07-14T22:30:53.514+0000] {logging_mixin.py:188} INFO - [2024-07-14T22:30:53.514+0000] {dagbag.py:545} INFO - Filling up the DagBag from /home/airflow/.local/lib/python3.12/site-packages/airflow/example_dags/example_xcomargs.py
[2024-07-14T22:30:53.523+0000] {processor.py:840} INFO - DAG(s) 'example_xcom_args', 'example_xcom_args_with_operators' retrieved from /home/airflow/.local/lib/python3.12/site-packages/airflow/example_dags/example_xcomargs.py
[2024-07-14T22:30:53.550+0000] {logging_mixin.py:188} INFO - [2024-07-14T22:30:53.549+0000] {dag.py:3096} INFO - Sync 2 DAGs
[2024-07-14T22:30:53.566+0000] {logging_mixin.py:188} INFO - [2024-07-14T22:30:53.566+0000] {dag.py:3954} INFO - Setting next_dagrun for example_xcom_args to None, run_after=None
[2024-07-14T22:30:53.570+0000] {logging_mixin.py:188} INFO - [2024-07-14T22:30:53.570+0000] {dag.py:3954} INFO - Setting next_dagrun for example_xcom_args_with_operators to None, run_after=None
[2024-07-14T22:30:53.591+0000] {processor.py:183} INFO - Processing /home/airflow/.local/lib/python3.12/site-packages/airflow/example_dags/example_xcomargs.py took 0.085 seconds
[2024-07-14T22:31:23.966+0000] {processor.py:161} INFO - Started process (PID=1158) to work on /home/airflow/.local/lib/python3.12/site-packages/airflow/example_dags/example_xcomargs.py
[2024-07-14T22:31:23.967+0000] {processor.py:830} INFO - Processing file /home/airflow/.local/lib/python3.12/site-packages/airflow/example_dags/example_xcomargs.py for tasks to queue
[2024-07-14T22:31:23.969+0000] {logging_mixin.py:188} INFO - [2024-07-14T22:31:23.969+0000] {dagbag.py:545} INFO - Filling up the DagBag from /home/airflow/.local/lib/python3.12/site-packages/airflow/example_dags/example_xcomargs.py
[2024-07-14T22:31:23.978+0000] {processor.py:840} INFO - DAG(s) 'example_xcom_args', 'example_xcom_args_with_operators' retrieved from /home/airflow/.local/lib/python3.12/site-packages/airflow/example_dags/example_xcomargs.py
[2024-07-14T22:31:24.006+0000] {logging_mixin.py:188} INFO - [2024-07-14T22:31:24.006+0000] {dag.py:3096} INFO - Sync 2 DAGs
[2024-07-14T22:31:24.022+0000] {logging_mixin.py:188} INFO - [2024-07-14T22:31:24.022+0000] {dag.py:3954} INFO - Setting next_dagrun for example_xcom_args to None, run_after=None
[2024-07-14T22:31:24.026+0000] {logging_mixin.py:188} INFO - [2024-07-14T22:31:24.025+0000] {dag.py:3954} INFO - Setting next_dagrun for example_xcom_args_with_operators to None, run_after=None
[2024-07-14T22:31:24.045+0000] {processor.py:183} INFO - Processing /home/airflow/.local/lib/python3.12/site-packages/airflow/example_dags/example_xcomargs.py took 0.087 seconds
[2024-07-14T22:31:54.501+0000] {processor.py:161} INFO - Started process (PID=1217) to work on /home/airflow/.local/lib/python3.12/site-packages/airflow/example_dags/example_xcomargs.py
[2024-07-14T22:31:54.501+0000] {processor.py:830} INFO - Processing file /home/airflow/.local/lib/python3.12/site-packages/airflow/example_dags/example_xcomargs.py for tasks to queue
[2024-07-14T22:31:54.503+0000] {logging_mixin.py:188} INFO - [2024-07-14T22:31:54.503+0000] {dagbag.py:545} INFO - Filling up the DagBag from /home/airflow/.local/lib/python3.12/site-packages/airflow/example_dags/example_xcomargs.py
[2024-07-14T22:31:54.512+0000] {processor.py:840} INFO - DAG(s) 'example_xcom_args_with_operators', 'example_xcom_args' retrieved from /home/airflow/.local/lib/python3.12/site-packages/airflow/example_dags/example_xcomargs.py
[2024-07-14T22:31:54.539+0000] {logging_mixin.py:188} INFO - [2024-07-14T22:31:54.539+0000] {dag.py:3096} INFO - Sync 2 DAGs
[2024-07-14T22:31:54.556+0000] {logging_mixin.py:188} INFO - [2024-07-14T22:31:54.556+0000] {dag.py:3954} INFO - Setting next_dagrun for example_xcom_args to None, run_after=None
[2024-07-14T22:31:54.559+0000] {logging_mixin.py:188} INFO - [2024-07-14T22:31:54.559+0000] {dag.py:3954} INFO - Setting next_dagrun for example_xcom_args_with_operators to None, run_after=None
[2024-07-14T22:31:54.578+0000] {processor.py:183} INFO - Processing /home/airflow/.local/lib/python3.12/site-packages/airflow/example_dags/example_xcomargs.py took 0.084 seconds
[2024-07-14T22:32:24.633+0000] {processor.py:161} INFO - Started process (PID=1276) to work on /home/airflow/.local/lib/python3.12/site-packages/airflow/example_dags/example_xcomargs.py
[2024-07-14T22:32:24.633+0000] {processor.py:830} INFO - Processing file /home/airflow/.local/lib/python3.12/site-packages/airflow/example_dags/example_xcomargs.py for tasks to queue
[2024-07-14T22:32:24.638+0000] {logging_mixin.py:188} INFO - [2024-07-14T22:32:24.638+0000] {dagbag.py:545} INFO - Filling up the DagBag from /home/airflow/.local/lib/python3.12/site-packages/airflow/example_dags/example_xcomargs.py
[2024-07-14T22:32:24.648+0000] {processor.py:840} INFO - DAG(s) 'example_xcom_args_with_operators', 'example_xcom_args' retrieved from /home/airflow/.local/lib/python3.12/site-packages/airflow/example_dags/example_xcomargs.py
[2024-07-14T22:32:24.674+0000] {logging_mixin.py:188} INFO - [2024-07-14T22:32:24.674+0000] {dag.py:3096} INFO - Sync 2 DAGs
[2024-07-14T22:32:24.691+0000] {logging_mixin.py:188} INFO - [2024-07-14T22:32:24.691+0000] {dag.py:3954} INFO - Setting next_dagrun for example_xcom_args to None, run_after=None
[2024-07-14T22:32:24.695+0000] {logging_mixin.py:188} INFO - [2024-07-14T22:32:24.695+0000] {dag.py:3954} INFO - Setting next_dagrun for example_xcom_args_with_operators to None, run_after=None
[2024-07-14T22:32:24.717+0000] {processor.py:183} INFO - Processing /home/airflow/.local/lib/python3.12/site-packages/airflow/example_dags/example_xcomargs.py took 0.091 seconds
[2024-07-14T22:32:55.161+0000] {processor.py:161} INFO - Started process (PID=1335) to work on /home/airflow/.local/lib/python3.12/site-packages/airflow/example_dags/example_xcomargs.py
[2024-07-14T22:32:55.162+0000] {processor.py:830} INFO - Processing file /home/airflow/.local/lib/python3.12/site-packages/airflow/example_dags/example_xcomargs.py for tasks to queue
[2024-07-14T22:32:55.163+0000] {logging_mixin.py:188} INFO - [2024-07-14T22:32:55.163+0000] {dagbag.py:545} INFO - Filling up the DagBag from /home/airflow/.local/lib/python3.12/site-packages/airflow/example_dags/example_xcomargs.py
[2024-07-14T22:32:55.172+0000] {processor.py:840} INFO - DAG(s) 'example_xcom_args_with_operators', 'example_xcom_args' retrieved from /home/airflow/.local/lib/python3.12/site-packages/airflow/example_dags/example_xcomargs.py
[2024-07-14T22:32:55.207+0000] {logging_mixin.py:188} INFO - [2024-07-14T22:32:55.204+0000] {dag.py:3096} INFO - Sync 2 DAGs
[2024-07-14T22:32:55.223+0000] {logging_mixin.py:188} INFO - [2024-07-14T22:32:55.223+0000] {dag.py:3954} INFO - Setting next_dagrun for example_xcom_args to None, run_after=None
[2024-07-14T22:32:55.227+0000] {logging_mixin.py:188} INFO - [2024-07-14T22:32:55.227+0000] {dag.py:3954} INFO - Setting next_dagrun for example_xcom_args_with_operators to None, run_after=None
[2024-07-14T22:32:55.247+0000] {processor.py:183} INFO - Processing /home/airflow/.local/lib/python3.12/site-packages/airflow/example_dags/example_xcomargs.py took 0.092 seconds
[2024-07-14T22:33:25.692+0000] {processor.py:161} INFO - Started process (PID=1394) to work on /home/airflow/.local/lib/python3.12/site-packages/airflow/example_dags/example_xcomargs.py
[2024-07-14T22:33:25.698+0000] {processor.py:830} INFO - Processing file /home/airflow/.local/lib/python3.12/site-packages/airflow/example_dags/example_xcomargs.py for tasks to queue
[2024-07-14T22:33:25.700+0000] {logging_mixin.py:188} INFO - [2024-07-14T22:33:25.699+0000] {dagbag.py:545} INFO - Filling up the DagBag from /home/airflow/.local/lib/python3.12/site-packages/airflow/example_dags/example_xcomargs.py
[2024-07-14T22:33:25.716+0000] {processor.py:840} INFO - DAG(s) 'example_xcom_args_with_operators', 'example_xcom_args' retrieved from /home/airflow/.local/lib/python3.12/site-packages/airflow/example_dags/example_xcomargs.py
[2024-07-14T22:33:25.786+0000] {logging_mixin.py:188} INFO - [2024-07-14T22:33:25.783+0000] {dag.py:3096} INFO - Sync 2 DAGs
[2024-07-14T22:33:25.817+0000] {logging_mixin.py:188} INFO - [2024-07-14T22:33:25.817+0000] {dag.py:3954} INFO - Setting next_dagrun for example_xcom_args to None, run_after=None
[2024-07-14T22:33:25.822+0000] {logging_mixin.py:188} INFO - [2024-07-14T22:33:25.822+0000] {dag.py:3954} INFO - Setting next_dagrun for example_xcom_args_with_operators to None, run_after=None
[2024-07-14T22:33:25.887+0000] {processor.py:183} INFO - Processing /home/airflow/.local/lib/python3.12/site-packages/airflow/example_dags/example_xcomargs.py took 0.210 seconds
[2024-07-14T22:33:56.013+0000] {processor.py:161} INFO - Started process (PID=1453) to work on /home/airflow/.local/lib/python3.12/site-packages/airflow/example_dags/example_xcomargs.py
[2024-07-14T22:33:56.013+0000] {processor.py:830} INFO - Processing file /home/airflow/.local/lib/python3.12/site-packages/airflow/example_dags/example_xcomargs.py for tasks to queue
[2024-07-14T22:33:56.015+0000] {logging_mixin.py:188} INFO - [2024-07-14T22:33:56.015+0000] {dagbag.py:545} INFO - Filling up the DagBag from /home/airflow/.local/lib/python3.12/site-packages/airflow/example_dags/example_xcomargs.py
[2024-07-14T22:33:56.024+0000] {processor.py:840} INFO - DAG(s) 'example_xcom_args', 'example_xcom_args_with_operators' retrieved from /home/airflow/.local/lib/python3.12/site-packages/airflow/example_dags/example_xcomargs.py
[2024-07-14T22:33:56.052+0000] {logging_mixin.py:188} INFO - [2024-07-14T22:33:56.052+0000] {dag.py:3096} INFO - Sync 2 DAGs
[2024-07-14T22:33:56.076+0000] {logging_mixin.py:188} INFO - [2024-07-14T22:33:56.076+0000] {dag.py:3954} INFO - Setting next_dagrun for example_xcom_args to None, run_after=None
[2024-07-14T22:33:56.083+0000] {logging_mixin.py:188} INFO - [2024-07-14T22:33:56.083+0000] {dag.py:3954} INFO - Setting next_dagrun for example_xcom_args_with_operators to None, run_after=None
[2024-07-14T22:33:56.120+0000] {processor.py:183} INFO - Processing /home/airflow/.local/lib/python3.12/site-packages/airflow/example_dags/example_xcomargs.py took 0.115 seconds
[2024-07-14T22:34:26.245+0000] {processor.py:161} INFO - Started process (PID=1518) to work on /home/airflow/.local/lib/python3.12/site-packages/airflow/example_dags/example_xcomargs.py
[2024-07-14T22:34:26.246+0000] {processor.py:830} INFO - Processing file /home/airflow/.local/lib/python3.12/site-packages/airflow/example_dags/example_xcomargs.py for tasks to queue
[2024-07-14T22:34:26.248+0000] {logging_mixin.py:188} INFO - [2024-07-14T22:34:26.248+0000] {dagbag.py:545} INFO - Filling up the DagBag from /home/airflow/.local/lib/python3.12/site-packages/airflow/example_dags/example_xcomargs.py
[2024-07-14T22:34:26.261+0000] {processor.py:840} INFO - DAG(s) 'example_xcom_args', 'example_xcom_args_with_operators' retrieved from /home/airflow/.local/lib/python3.12/site-packages/airflow/example_dags/example_xcomargs.py
[2024-07-14T22:34:26.285+0000] {logging_mixin.py:188} INFO - [2024-07-14T22:34:26.285+0000] {dag.py:3096} INFO - Sync 2 DAGs
[2024-07-14T22:34:26.300+0000] {logging_mixin.py:188} INFO - [2024-07-14T22:34:26.300+0000] {dag.py:3954} INFO - Setting next_dagrun for example_xcom_args to None, run_after=None
[2024-07-14T22:34:26.304+0000] {logging_mixin.py:188} INFO - [2024-07-14T22:34:26.304+0000] {dag.py:3954} INFO - Setting next_dagrun for example_xcom_args_with_operators to None, run_after=None
[2024-07-14T22:34:26.326+0000] {processor.py:183} INFO - Processing /home/airflow/.local/lib/python3.12/site-packages/airflow/example_dags/example_xcomargs.py took 0.093 seconds
[2024-07-14T22:34:56.999+0000] {processor.py:161} INFO - Started process (PID=1575) to work on /home/airflow/.local/lib/python3.12/site-packages/airflow/example_dags/example_xcomargs.py
[2024-07-14T22:34:57.000+0000] {processor.py:830} INFO - Processing file /home/airflow/.local/lib/python3.12/site-packages/airflow/example_dags/example_xcomargs.py for tasks to queue
[2024-07-14T22:34:57.002+0000] {logging_mixin.py:188} INFO - [2024-07-14T22:34:57.001+0000] {dagbag.py:545} INFO - Filling up the DagBag from /home/airflow/.local/lib/python3.12/site-packages/airflow/example_dags/example_xcomargs.py
[2024-07-14T22:34:57.010+0000] {processor.py:840} INFO - DAG(s) 'example_xcom_args_with_operators', 'example_xcom_args' retrieved from /home/airflow/.local/lib/python3.12/site-packages/airflow/example_dags/example_xcomargs.py
[2024-07-14T22:34:57.038+0000] {logging_mixin.py:188} INFO - [2024-07-14T22:34:57.038+0000] {dag.py:3096} INFO - Sync 2 DAGs
[2024-07-14T22:34:57.054+0000] {logging_mixin.py:188} INFO - [2024-07-14T22:34:57.054+0000] {dag.py:3954} INFO - Setting next_dagrun for example_xcom_args to None, run_after=None
[2024-07-14T22:34:57.058+0000] {logging_mixin.py:188} INFO - [2024-07-14T22:34:57.058+0000] {dag.py:3954} INFO - Setting next_dagrun for example_xcom_args_with_operators to None, run_after=None
[2024-07-14T22:34:57.088+0000] {processor.py:183} INFO - Processing /home/airflow/.local/lib/python3.12/site-packages/airflow/example_dags/example_xcomargs.py took 0.095 seconds
[2024-07-14T22:35:27.224+0000] {processor.py:161} INFO - Started process (PID=1634) to work on /home/airflow/.local/lib/python3.12/site-packages/airflow/example_dags/example_xcomargs.py
[2024-07-14T22:35:27.225+0000] {processor.py:830} INFO - Processing file /home/airflow/.local/lib/python3.12/site-packages/airflow/example_dags/example_xcomargs.py for tasks to queue
[2024-07-14T22:35:27.227+0000] {logging_mixin.py:188} INFO - [2024-07-14T22:35:27.226+0000] {dagbag.py:545} INFO - Filling up the DagBag from /home/airflow/.local/lib/python3.12/site-packages/airflow/example_dags/example_xcomargs.py
[2024-07-14T22:35:27.234+0000] {processor.py:840} INFO - DAG(s) 'example_xcom_args', 'example_xcom_args_with_operators' retrieved from /home/airflow/.local/lib/python3.12/site-packages/airflow/example_dags/example_xcomargs.py
[2024-07-14T22:35:27.253+0000] {logging_mixin.py:188} INFO - [2024-07-14T22:35:27.252+0000] {dag.py:3096} INFO - Sync 2 DAGs
[2024-07-14T22:35:27.263+0000] {logging_mixin.py:188} INFO - [2024-07-14T22:35:27.263+0000] {dag.py:3954} INFO - Setting next_dagrun for example_xcom_args to None, run_after=None
[2024-07-14T22:35:27.266+0000] {logging_mixin.py:188} INFO - [2024-07-14T22:35:27.266+0000] {dag.py:3954} INFO - Setting next_dagrun for example_xcom_args_with_operators to None, run_after=None
[2024-07-14T22:35:27.284+0000] {processor.py:183} INFO - Processing /home/airflow/.local/lib/python3.12/site-packages/airflow/example_dags/example_xcomargs.py took 0.064 seconds
[2024-07-14T22:35:57.870+0000] {processor.py:161} INFO - Started process (PID=1694) to work on /home/airflow/.local/lib/python3.12/site-packages/airflow/example_dags/example_xcomargs.py
[2024-07-14T22:35:57.871+0000] {processor.py:830} INFO - Processing file /home/airflow/.local/lib/python3.12/site-packages/airflow/example_dags/example_xcomargs.py for tasks to queue
[2024-07-14T22:35:57.873+0000] {logging_mixin.py:188} INFO - [2024-07-14T22:35:57.872+0000] {dagbag.py:545} INFO - Filling up the DagBag from /home/airflow/.local/lib/python3.12/site-packages/airflow/example_dags/example_xcomargs.py
[2024-07-14T22:35:57.895+0000] {processor.py:840} INFO - DAG(s) 'example_xcom_args_with_operators', 'example_xcom_args' retrieved from /home/airflow/.local/lib/python3.12/site-packages/airflow/example_dags/example_xcomargs.py
[2024-07-14T22:35:57.932+0000] {logging_mixin.py:188} INFO - [2024-07-14T22:35:57.932+0000] {dag.py:3096} INFO - Sync 2 DAGs
[2024-07-14T22:35:57.949+0000] {logging_mixin.py:188} INFO - [2024-07-14T22:35:57.948+0000] {dag.py:3954} INFO - Setting next_dagrun for example_xcom_args to None, run_after=None
[2024-07-14T22:35:57.953+0000] {logging_mixin.py:188} INFO - [2024-07-14T22:35:57.953+0000] {dag.py:3954} INFO - Setting next_dagrun for example_xcom_args_with_operators to None, run_after=None
[2024-07-14T22:35:57.974+0000] {processor.py:183} INFO - Processing /home/airflow/.local/lib/python3.12/site-packages/airflow/example_dags/example_xcomargs.py took 0.111 seconds
[2024-07-14T22:36:28.908+0000] {processor.py:161} INFO - Started process (PID=1753) to work on /home/airflow/.local/lib/python3.12/site-packages/airflow/example_dags/example_xcomargs.py
[2024-07-14T22:36:28.909+0000] {processor.py:830} INFO - Processing file /home/airflow/.local/lib/python3.12/site-packages/airflow/example_dags/example_xcomargs.py for tasks to queue
[2024-07-14T22:36:28.910+0000] {logging_mixin.py:188} INFO - [2024-07-14T22:36:28.910+0000] {dagbag.py:545} INFO - Filling up the DagBag from /home/airflow/.local/lib/python3.12/site-packages/airflow/example_dags/example_xcomargs.py
[2024-07-14T22:36:28.916+0000] {processor.py:840} INFO - DAG(s) 'example_xcom_args_with_operators', 'example_xcom_args' retrieved from /home/airflow/.local/lib/python3.12/site-packages/airflow/example_dags/example_xcomargs.py
[2024-07-14T22:36:28.935+0000] {logging_mixin.py:188} INFO - [2024-07-14T22:36:28.935+0000] {dag.py:3096} INFO - Sync 2 DAGs
[2024-07-14T22:36:28.945+0000] {logging_mixin.py:188} INFO - [2024-07-14T22:36:28.945+0000] {dag.py:3954} INFO - Setting next_dagrun for example_xcom_args to None, run_after=None
[2024-07-14T22:36:28.948+0000] {logging_mixin.py:188} INFO - [2024-07-14T22:36:28.948+0000] {dag.py:3954} INFO - Setting next_dagrun for example_xcom_args_with_operators to None, run_after=None
[2024-07-14T22:36:28.965+0000] {processor.py:183} INFO - Processing /home/airflow/.local/lib/python3.12/site-packages/airflow/example_dags/example_xcomargs.py took 0.061 seconds
[2024-07-14T22:36:59.990+0000] {processor.py:161} INFO - Started process (PID=1812) to work on /home/airflow/.local/lib/python3.12/site-packages/airflow/example_dags/example_xcomargs.py
[2024-07-14T22:36:59.991+0000] {processor.py:830} INFO - Processing file /home/airflow/.local/lib/python3.12/site-packages/airflow/example_dags/example_xcomargs.py for tasks to queue
[2024-07-14T22:36:59.992+0000] {logging_mixin.py:188} INFO - [2024-07-14T22:36:59.992+0000] {dagbag.py:545} INFO - Filling up the DagBag from /home/airflow/.local/lib/python3.12/site-packages/airflow/example_dags/example_xcomargs.py
[2024-07-14T22:37:00.001+0000] {processor.py:840} INFO - DAG(s) 'example_xcom_args', 'example_xcom_args_with_operators' retrieved from /home/airflow/.local/lib/python3.12/site-packages/airflow/example_dags/example_xcomargs.py
[2024-07-14T22:37:00.029+0000] {logging_mixin.py:188} INFO - [2024-07-14T22:37:00.029+0000] {dag.py:3096} INFO - Sync 2 DAGs
[2024-07-14T22:37:00.191+0000] {logging_mixin.py:188} INFO - [2024-07-14T22:37:00.191+0000] {dag.py:3954} INFO - Setting next_dagrun for example_xcom_args to None, run_after=None
[2024-07-14T22:37:00.195+0000] {logging_mixin.py:188} INFO - [2024-07-14T22:37:00.195+0000] {dag.py:3954} INFO - Setting next_dagrun for example_xcom_args_with_operators to None, run_after=None
[2024-07-14T22:37:00.214+0000] {processor.py:183} INFO - Processing /home/airflow/.local/lib/python3.12/site-packages/airflow/example_dags/example_xcomargs.py took 0.231 seconds
[2024-07-14T22:37:31.148+0000] {processor.py:161} INFO - Started process (PID=1871) to work on /home/airflow/.local/lib/python3.12/site-packages/airflow/example_dags/example_xcomargs.py
[2024-07-14T22:37:31.148+0000] {processor.py:830} INFO - Processing file /home/airflow/.local/lib/python3.12/site-packages/airflow/example_dags/example_xcomargs.py for tasks to queue
[2024-07-14T22:37:31.158+0000] {logging_mixin.py:188} INFO - [2024-07-14T22:37:31.150+0000] {dagbag.py:545} INFO - Filling up the DagBag from /home/airflow/.local/lib/python3.12/site-packages/airflow/example_dags/example_xcomargs.py
[2024-07-14T22:37:31.175+0000] {processor.py:840} INFO - DAG(s) 'example_xcom_args', 'example_xcom_args_with_operators' retrieved from /home/airflow/.local/lib/python3.12/site-packages/airflow/example_dags/example_xcomargs.py
[2024-07-14T22:37:31.206+0000] {logging_mixin.py:188} INFO - [2024-07-14T22:37:31.206+0000] {dag.py:3096} INFO - Sync 2 DAGs
[2024-07-14T22:37:31.223+0000] {logging_mixin.py:188} INFO - [2024-07-14T22:37:31.223+0000] {dag.py:3954} INFO - Setting next_dagrun for example_xcom_args to None, run_after=None
[2024-07-14T22:37:31.227+0000] {logging_mixin.py:188} INFO - [2024-07-14T22:37:31.227+0000] {dag.py:3954} INFO - Setting next_dagrun for example_xcom_args_with_operators to None, run_after=None
[2024-07-14T22:37:31.249+0000] {processor.py:183} INFO - Processing /home/airflow/.local/lib/python3.12/site-packages/airflow/example_dags/example_xcomargs.py took 0.116 seconds
[2024-07-14T22:38:01.403+0000] {processor.py:161} INFO - Started process (PID=1930) to work on /home/airflow/.local/lib/python3.12/site-packages/airflow/example_dags/example_xcomargs.py
[2024-07-14T22:38:01.404+0000] {processor.py:830} INFO - Processing file /home/airflow/.local/lib/python3.12/site-packages/airflow/example_dags/example_xcomargs.py for tasks to queue
[2024-07-14T22:38:01.405+0000] {logging_mixin.py:188} INFO - [2024-07-14T22:38:01.405+0000] {dagbag.py:545} INFO - Filling up the DagBag from /home/airflow/.local/lib/python3.12/site-packages/airflow/example_dags/example_xcomargs.py
[2024-07-14T22:38:01.414+0000] {processor.py:840} INFO - DAG(s) 'example_xcom_args_with_operators', 'example_xcom_args' retrieved from /home/airflow/.local/lib/python3.12/site-packages/airflow/example_dags/example_xcomargs.py
[2024-07-14T22:38:01.444+0000] {logging_mixin.py:188} INFO - [2024-07-14T22:38:01.443+0000] {dag.py:3096} INFO - Sync 2 DAGs
[2024-07-14T22:38:01.459+0000] {logging_mixin.py:188} INFO - [2024-07-14T22:38:01.459+0000] {dag.py:3954} INFO - Setting next_dagrun for example_xcom_args to None, run_after=None
[2024-07-14T22:38:01.464+0000] {logging_mixin.py:188} INFO - [2024-07-14T22:38:01.464+0000] {dag.py:3954} INFO - Setting next_dagrun for example_xcom_args_with_operators to None, run_after=None
[2024-07-14T22:38:01.484+0000] {processor.py:183} INFO - Processing /home/airflow/.local/lib/python3.12/site-packages/airflow/example_dags/example_xcomargs.py took 0.087 seconds
[2024-07-14T22:38:32.085+0000] {processor.py:161} INFO - Started process (PID=1989) to work on /home/airflow/.local/lib/python3.12/site-packages/airflow/example_dags/example_xcomargs.py
[2024-07-14T22:38:32.085+0000] {processor.py:830} INFO - Processing file /home/airflow/.local/lib/python3.12/site-packages/airflow/example_dags/example_xcomargs.py for tasks to queue
[2024-07-14T22:38:32.087+0000] {logging_mixin.py:188} INFO - [2024-07-14T22:38:32.087+0000] {dagbag.py:545} INFO - Filling up the DagBag from /home/airflow/.local/lib/python3.12/site-packages/airflow/example_dags/example_xcomargs.py
[2024-07-14T22:38:32.097+0000] {processor.py:840} INFO - DAG(s) 'example_xcom_args', 'example_xcom_args_with_operators' retrieved from /home/airflow/.local/lib/python3.12/site-packages/airflow/example_dags/example_xcomargs.py
[2024-07-14T22:38:32.124+0000] {logging_mixin.py:188} INFO - [2024-07-14T22:38:32.123+0000] {dag.py:3096} INFO - Sync 2 DAGs
[2024-07-14T22:38:32.139+0000] {logging_mixin.py:188} INFO - [2024-07-14T22:38:32.139+0000] {dag.py:3954} INFO - Setting next_dagrun for example_xcom_args to None, run_after=None
[2024-07-14T22:38:32.143+0000] {logging_mixin.py:188} INFO - [2024-07-14T22:38:32.143+0000] {dag.py:3954} INFO - Setting next_dagrun for example_xcom_args_with_operators to None, run_after=None
[2024-07-14T22:38:32.163+0000] {processor.py:183} INFO - Processing /home/airflow/.local/lib/python3.12/site-packages/airflow/example_dags/example_xcomargs.py took 0.085 seconds
[2024-07-14T22:39:02.490+0000] {processor.py:161} INFO - Started process (PID=2048) to work on /home/airflow/.local/lib/python3.12/site-packages/airflow/example_dags/example_xcomargs.py
[2024-07-14T22:39:02.491+0000] {processor.py:830} INFO - Processing file /home/airflow/.local/lib/python3.12/site-packages/airflow/example_dags/example_xcomargs.py for tasks to queue
[2024-07-14T22:39:02.493+0000] {logging_mixin.py:188} INFO - [2024-07-14T22:39:02.492+0000] {dagbag.py:545} INFO - Filling up the DagBag from /home/airflow/.local/lib/python3.12/site-packages/airflow/example_dags/example_xcomargs.py
[2024-07-14T22:39:02.511+0000] {processor.py:840} INFO - DAG(s) 'example_xcom_args_with_operators', 'example_xcom_args' retrieved from /home/airflow/.local/lib/python3.12/site-packages/airflow/example_dags/example_xcomargs.py
[2024-07-14T22:39:02.559+0000] {logging_mixin.py:188} INFO - [2024-07-14T22:39:02.559+0000] {dag.py:3096} INFO - Sync 2 DAGs
[2024-07-14T22:39:02.586+0000] {logging_mixin.py:188} INFO - [2024-07-14T22:39:02.585+0000] {dag.py:3954} INFO - Setting next_dagrun for example_xcom_args to None, run_after=None
[2024-07-14T22:39:02.596+0000] {logging_mixin.py:188} INFO - [2024-07-14T22:39:02.596+0000] {dag.py:3954} INFO - Setting next_dagrun for example_xcom_args_with_operators to None, run_after=None
[2024-07-14T22:39:02.624+0000] {processor.py:183} INFO - Processing /home/airflow/.local/lib/python3.12/site-packages/airflow/example_dags/example_xcomargs.py took 0.152 seconds
