[2024-07-14T22:21:47.055+0000] {processor.py:161} INFO - Started process (PID=45) to work on /home/airflow/.local/lib/python3.12/site-packages/airflow/example_dags/example_short_circuit_operator.py
[2024-07-14T22:21:47.056+0000] {processor.py:830} INFO - Processing file /home/airflow/.local/lib/python3.12/site-packages/airflow/example_dags/example_short_circuit_operator.py for tasks to queue
[2024-07-14T22:21:47.058+0000] {logging_mixin.py:188} INFO - [2024-07-14T22:21:47.058+0000] {dagbag.py:545} INFO - Filling up the DagBag from /home/airflow/.local/lib/python3.12/site-packages/airflow/example_dags/example_short_circuit_operator.py
[2024-07-14T22:21:47.109+0000] {processor.py:840} INFO - DAG(s) 'example_short_circuit_operator' retrieved from /home/airflow/.local/lib/python3.12/site-packages/airflow/example_dags/example_short_circuit_operator.py
[2024-07-14T22:21:47.539+0000] {logging_mixin.py:188} INFO - [2024-07-14T22:21:47.539+0000] {dag.py:3096} INFO - Sync 1 DAGs
[2024-07-14T22:21:47.691+0000] {logging_mixin.py:188} INFO - [2024-07-14T22:21:47.691+0000] {dag.py:3954} INFO - Setting next_dagrun for example_short_circuit_operator to 2024-07-13 00:00:00+00:00, run_after=2024-07-14 00:00:00+00:00
[2024-07-14T22:21:47.782+0000] {processor.py:183} INFO - Processing /home/airflow/.local/lib/python3.12/site-packages/airflow/example_dags/example_short_circuit_operator.py took 0.753 seconds
[2024-07-14T22:22:18.745+0000] {processor.py:161} INFO - Started process (PID=104) to work on /home/airflow/.local/lib/python3.12/site-packages/airflow/example_dags/example_short_circuit_operator.py
[2024-07-14T22:22:18.745+0000] {processor.py:830} INFO - Processing file /home/airflow/.local/lib/python3.12/site-packages/airflow/example_dags/example_short_circuit_operator.py for tasks to queue
[2024-07-14T22:22:18.747+0000] {logging_mixin.py:188} INFO - [2024-07-14T22:22:18.747+0000] {dagbag.py:545} INFO - Filling up the DagBag from /home/airflow/.local/lib/python3.12/site-packages/airflow/example_dags/example_short_circuit_operator.py
[2024-07-14T22:22:18.755+0000] {processor.py:840} INFO - DAG(s) 'example_short_circuit_operator' retrieved from /home/airflow/.local/lib/python3.12/site-packages/airflow/example_dags/example_short_circuit_operator.py
[2024-07-14T22:22:18.784+0000] {logging_mixin.py:188} INFO - [2024-07-14T22:22:18.784+0000] {dag.py:3096} INFO - Sync 1 DAGs
[2024-07-14T22:22:18.841+0000] {logging_mixin.py:188} INFO - [2024-07-14T22:22:18.841+0000] {dag.py:3954} INFO - Setting next_dagrun for example_short_circuit_operator to 2024-07-13 00:00:00+00:00, run_after=2024-07-14 00:00:00+00:00
[2024-07-14T22:22:18.864+0000] {processor.py:183} INFO - Processing /home/airflow/.local/lib/python3.12/site-packages/airflow/example_dags/example_short_circuit_operator.py took 0.126 seconds
[2024-07-14T22:22:48.974+0000] {processor.py:161} INFO - Started process (PID=163) to work on /home/airflow/.local/lib/python3.12/site-packages/airflow/example_dags/example_short_circuit_operator.py
[2024-07-14T22:22:48.975+0000] {processor.py:830} INFO - Processing file /home/airflow/.local/lib/python3.12/site-packages/airflow/example_dags/example_short_circuit_operator.py for tasks to queue
[2024-07-14T22:22:48.978+0000] {logging_mixin.py:188} INFO - [2024-07-14T22:22:48.978+0000] {dagbag.py:545} INFO - Filling up the DagBag from /home/airflow/.local/lib/python3.12/site-packages/airflow/example_dags/example_short_circuit_operator.py
[2024-07-14T22:22:48.992+0000] {processor.py:840} INFO - DAG(s) 'example_short_circuit_operator' retrieved from /home/airflow/.local/lib/python3.12/site-packages/airflow/example_dags/example_short_circuit_operator.py
[2024-07-14T22:22:49.034+0000] {logging_mixin.py:188} INFO - [2024-07-14T22:22:49.034+0000] {dag.py:3096} INFO - Sync 1 DAGs
[2024-07-14T22:22:49.060+0000] {logging_mixin.py:188} INFO - [2024-07-14T22:22:49.059+0000] {dag.py:3954} INFO - Setting next_dagrun for example_short_circuit_operator to 2024-07-13 00:00:00+00:00, run_after=2024-07-14 00:00:00+00:00
[2024-07-14T22:22:49.084+0000] {processor.py:183} INFO - Processing /home/airflow/.local/lib/python3.12/site-packages/airflow/example_dags/example_short_circuit_operator.py took 0.127 seconds
[2024-07-14T22:23:19.823+0000] {processor.py:161} INFO - Started process (PID=222) to work on /home/airflow/.local/lib/python3.12/site-packages/airflow/example_dags/example_short_circuit_operator.py
[2024-07-14T22:23:19.826+0000] {processor.py:830} INFO - Processing file /home/airflow/.local/lib/python3.12/site-packages/airflow/example_dags/example_short_circuit_operator.py for tasks to queue
[2024-07-14T22:23:19.831+0000] {logging_mixin.py:188} INFO - [2024-07-14T22:23:19.830+0000] {dagbag.py:545} INFO - Filling up the DagBag from /home/airflow/.local/lib/python3.12/site-packages/airflow/example_dags/example_short_circuit_operator.py
[2024-07-14T22:23:19.853+0000] {processor.py:840} INFO - DAG(s) 'example_short_circuit_operator' retrieved from /home/airflow/.local/lib/python3.12/site-packages/airflow/example_dags/example_short_circuit_operator.py
[2024-07-14T22:23:19.910+0000] {logging_mixin.py:188} INFO - [2024-07-14T22:23:19.910+0000] {dag.py:3096} INFO - Sync 1 DAGs
[2024-07-14T22:23:19.950+0000] {logging_mixin.py:188} INFO - [2024-07-14T22:23:19.950+0000] {dag.py:3954} INFO - Setting next_dagrun for example_short_circuit_operator to 2024-07-13 00:00:00+00:00, run_after=2024-07-14 00:00:00+00:00
[2024-07-14T22:23:19.998+0000] {processor.py:183} INFO - Processing /home/airflow/.local/lib/python3.12/site-packages/airflow/example_dags/example_short_circuit_operator.py took 0.189 seconds
[2024-07-14T22:23:50.867+0000] {processor.py:161} INFO - Started process (PID=281) to work on /home/airflow/.local/lib/python3.12/site-packages/airflow/example_dags/example_short_circuit_operator.py
[2024-07-14T22:23:50.867+0000] {processor.py:830} INFO - Processing file /home/airflow/.local/lib/python3.12/site-packages/airflow/example_dags/example_short_circuit_operator.py for tasks to queue
[2024-07-14T22:23:50.869+0000] {logging_mixin.py:188} INFO - [2024-07-14T22:23:50.869+0000] {dagbag.py:545} INFO - Filling up the DagBag from /home/airflow/.local/lib/python3.12/site-packages/airflow/example_dags/example_short_circuit_operator.py
[2024-07-14T22:23:50.879+0000] {processor.py:840} INFO - DAG(s) 'example_short_circuit_operator' retrieved from /home/airflow/.local/lib/python3.12/site-packages/airflow/example_dags/example_short_circuit_operator.py
[2024-07-14T22:23:50.906+0000] {logging_mixin.py:188} INFO - [2024-07-14T22:23:50.906+0000] {dag.py:3096} INFO - Sync 1 DAGs
[2024-07-14T22:23:50.940+0000] {logging_mixin.py:188} INFO - [2024-07-14T22:23:50.939+0000] {dag.py:3954} INFO - Setting next_dagrun for example_short_circuit_operator to 2024-07-13 00:00:00+00:00, run_after=2024-07-14 00:00:00+00:00
[2024-07-14T22:23:50.975+0000] {processor.py:183} INFO - Processing /home/airflow/.local/lib/python3.12/site-packages/airflow/example_dags/example_short_circuit_operator.py took 0.118 seconds
[2024-07-14T22:24:21.445+0000] {processor.py:161} INFO - Started process (PID=340) to work on /home/airflow/.local/lib/python3.12/site-packages/airflow/example_dags/example_short_circuit_operator.py
[2024-07-14T22:24:21.454+0000] {processor.py:830} INFO - Processing file /home/airflow/.local/lib/python3.12/site-packages/airflow/example_dags/example_short_circuit_operator.py for tasks to queue
[2024-07-14T22:24:21.455+0000] {logging_mixin.py:188} INFO - [2024-07-14T22:24:21.455+0000] {dagbag.py:545} INFO - Filling up the DagBag from /home/airflow/.local/lib/python3.12/site-packages/airflow/example_dags/example_short_circuit_operator.py
[2024-07-14T22:24:21.478+0000] {processor.py:840} INFO - DAG(s) 'example_short_circuit_operator' retrieved from /home/airflow/.local/lib/python3.12/site-packages/airflow/example_dags/example_short_circuit_operator.py
[2024-07-14T22:24:21.600+0000] {logging_mixin.py:188} INFO - [2024-07-14T22:24:21.598+0000] {dag.py:3096} INFO - Sync 1 DAGs
[2024-07-14T22:24:21.755+0000] {logging_mixin.py:188} INFO - [2024-07-14T22:24:21.755+0000] {dag.py:3954} INFO - Setting next_dagrun for example_short_circuit_operator to 2024-07-13 00:00:00+00:00, run_after=2024-07-14 00:00:00+00:00
[2024-07-14T22:24:21.807+0000] {processor.py:183} INFO - Processing /home/airflow/.local/lib/python3.12/site-packages/airflow/example_dags/example_short_circuit_operator.py took 0.372 seconds
[2024-07-14T22:24:52.747+0000] {processor.py:161} INFO - Started process (PID=398) to work on /home/airflow/.local/lib/python3.12/site-packages/airflow/example_dags/example_short_circuit_operator.py
[2024-07-14T22:24:52.749+0000] {processor.py:830} INFO - Processing file /home/airflow/.local/lib/python3.12/site-packages/airflow/example_dags/example_short_circuit_operator.py for tasks to queue
[2024-07-14T22:24:52.751+0000] {logging_mixin.py:188} INFO - [2024-07-14T22:24:52.750+0000] {dagbag.py:545} INFO - Filling up the DagBag from /home/airflow/.local/lib/python3.12/site-packages/airflow/example_dags/example_short_circuit_operator.py
[2024-07-14T22:24:52.760+0000] {processor.py:840} INFO - DAG(s) 'example_short_circuit_operator' retrieved from /home/airflow/.local/lib/python3.12/site-packages/airflow/example_dags/example_short_circuit_operator.py
[2024-07-14T22:24:52.816+0000] {logging_mixin.py:188} INFO - [2024-07-14T22:24:52.816+0000] {dag.py:3096} INFO - Sync 1 DAGs
[2024-07-14T22:24:52.890+0000] {logging_mixin.py:188} INFO - [2024-07-14T22:24:52.890+0000] {dag.py:3954} INFO - Setting next_dagrun for example_short_circuit_operator to 2024-07-13 00:00:00+00:00, run_after=2024-07-14 00:00:00+00:00
[2024-07-14T22:24:52.966+0000] {processor.py:183} INFO - Processing /home/airflow/.local/lib/python3.12/site-packages/airflow/example_dags/example_short_circuit_operator.py took 0.225 seconds
[2024-07-14T22:25:23.417+0000] {processor.py:161} INFO - Started process (PID=456) to work on /home/airflow/.local/lib/python3.12/site-packages/airflow/example_dags/example_short_circuit_operator.py
[2024-07-14T22:25:23.418+0000] {processor.py:830} INFO - Processing file /home/airflow/.local/lib/python3.12/site-packages/airflow/example_dags/example_short_circuit_operator.py for tasks to queue
[2024-07-14T22:25:23.420+0000] {logging_mixin.py:188} INFO - [2024-07-14T22:25:23.420+0000] {dagbag.py:545} INFO - Filling up the DagBag from /home/airflow/.local/lib/python3.12/site-packages/airflow/example_dags/example_short_circuit_operator.py
[2024-07-14T22:25:23.429+0000] {processor.py:840} INFO - DAG(s) 'example_short_circuit_operator' retrieved from /home/airflow/.local/lib/python3.12/site-packages/airflow/example_dags/example_short_circuit_operator.py
[2024-07-14T22:25:23.497+0000] {logging_mixin.py:188} INFO - [2024-07-14T22:25:23.497+0000] {dag.py:3096} INFO - Sync 1 DAGs
[2024-07-14T22:25:23.558+0000] {logging_mixin.py:188} INFO - [2024-07-14T22:25:23.545+0000] {dag.py:3954} INFO - Setting next_dagrun for example_short_circuit_operator to 2024-07-13 00:00:00+00:00, run_after=2024-07-14 00:00:00+00:00
[2024-07-14T22:25:23.587+0000] {processor.py:183} INFO - Processing /home/airflow/.local/lib/python3.12/site-packages/airflow/example_dags/example_short_circuit_operator.py took 0.176 seconds
[2024-07-14T22:25:53.893+0000] {processor.py:161} INFO - Started process (PID=515) to work on /home/airflow/.local/lib/python3.12/site-packages/airflow/example_dags/example_short_circuit_operator.py
[2024-07-14T22:25:53.893+0000] {processor.py:830} INFO - Processing file /home/airflow/.local/lib/python3.12/site-packages/airflow/example_dags/example_short_circuit_operator.py for tasks to queue
[2024-07-14T22:25:53.896+0000] {logging_mixin.py:188} INFO - [2024-07-14T22:25:53.895+0000] {dagbag.py:545} INFO - Filling up the DagBag from /home/airflow/.local/lib/python3.12/site-packages/airflow/example_dags/example_short_circuit_operator.py
[2024-07-14T22:25:53.904+0000] {processor.py:840} INFO - DAG(s) 'example_short_circuit_operator' retrieved from /home/airflow/.local/lib/python3.12/site-packages/airflow/example_dags/example_short_circuit_operator.py
[2024-07-14T22:25:53.934+0000] {logging_mixin.py:188} INFO - [2024-07-14T22:25:53.933+0000] {dag.py:3096} INFO - Sync 1 DAGs
[2024-07-14T22:25:53.960+0000] {logging_mixin.py:188} INFO - [2024-07-14T22:25:53.960+0000] {dag.py:3954} INFO - Setting next_dagrun for example_short_circuit_operator to 2024-07-13 00:00:00+00:00, run_after=2024-07-14 00:00:00+00:00
[2024-07-14T22:25:53.995+0000] {processor.py:183} INFO - Processing /home/airflow/.local/lib/python3.12/site-packages/airflow/example_dags/example_short_circuit_operator.py took 0.108 seconds
[2024-07-14T22:26:24.223+0000] {processor.py:161} INFO - Started process (PID=574) to work on /home/airflow/.local/lib/python3.12/site-packages/airflow/example_dags/example_short_circuit_operator.py
[2024-07-14T22:26:24.223+0000] {processor.py:830} INFO - Processing file /home/airflow/.local/lib/python3.12/site-packages/airflow/example_dags/example_short_circuit_operator.py for tasks to queue
[2024-07-14T22:26:24.225+0000] {logging_mixin.py:188} INFO - [2024-07-14T22:26:24.225+0000] {dagbag.py:545} INFO - Filling up the DagBag from /home/airflow/.local/lib/python3.12/site-packages/airflow/example_dags/example_short_circuit_operator.py
[2024-07-14T22:26:24.233+0000] {processor.py:840} INFO - DAG(s) 'example_short_circuit_operator' retrieved from /home/airflow/.local/lib/python3.12/site-packages/airflow/example_dags/example_short_circuit_operator.py
[2024-07-14T22:26:24.263+0000] {logging_mixin.py:188} INFO - [2024-07-14T22:26:24.263+0000] {dag.py:3096} INFO - Sync 1 DAGs
[2024-07-14T22:26:24.288+0000] {logging_mixin.py:188} INFO - [2024-07-14T22:26:24.288+0000] {dag.py:3954} INFO - Setting next_dagrun for example_short_circuit_operator to 2024-07-13 00:00:00+00:00, run_after=2024-07-14 00:00:00+00:00
[2024-07-14T22:26:24.313+0000] {processor.py:183} INFO - Processing /home/airflow/.local/lib/python3.12/site-packages/airflow/example_dags/example_short_circuit_operator.py took 0.096 seconds
[2024-07-14T22:26:54.432+0000] {processor.py:161} INFO - Started process (PID=633) to work on /home/airflow/.local/lib/python3.12/site-packages/airflow/example_dags/example_short_circuit_operator.py
[2024-07-14T22:26:54.433+0000] {processor.py:830} INFO - Processing file /home/airflow/.local/lib/python3.12/site-packages/airflow/example_dags/example_short_circuit_operator.py for tasks to queue
[2024-07-14T22:26:54.435+0000] {logging_mixin.py:188} INFO - [2024-07-14T22:26:54.435+0000] {dagbag.py:545} INFO - Filling up the DagBag from /home/airflow/.local/lib/python3.12/site-packages/airflow/example_dags/example_short_circuit_operator.py
[2024-07-14T22:26:54.444+0000] {processor.py:840} INFO - DAG(s) 'example_short_circuit_operator' retrieved from /home/airflow/.local/lib/python3.12/site-packages/airflow/example_dags/example_short_circuit_operator.py
[2024-07-14T22:26:54.473+0000] {logging_mixin.py:188} INFO - [2024-07-14T22:26:54.473+0000] {dag.py:3096} INFO - Sync 1 DAGs
[2024-07-14T22:26:54.500+0000] {logging_mixin.py:188} INFO - [2024-07-14T22:26:54.500+0000] {dag.py:3954} INFO - Setting next_dagrun for example_short_circuit_operator to 2024-07-13 00:00:00+00:00, run_after=2024-07-14 00:00:00+00:00
[2024-07-14T22:26:54.524+0000] {processor.py:183} INFO - Processing /home/airflow/.local/lib/python3.12/site-packages/airflow/example_dags/example_short_circuit_operator.py took 0.097 seconds
[2024-07-14T22:27:24.979+0000] {processor.py:161} INFO - Started process (PID=692) to work on /home/airflow/.local/lib/python3.12/site-packages/airflow/example_dags/example_short_circuit_operator.py
[2024-07-14T22:27:24.981+0000] {processor.py:830} INFO - Processing file /home/airflow/.local/lib/python3.12/site-packages/airflow/example_dags/example_short_circuit_operator.py for tasks to queue
[2024-07-14T22:27:24.984+0000] {logging_mixin.py:188} INFO - [2024-07-14T22:27:24.983+0000] {dagbag.py:545} INFO - Filling up the DagBag from /home/airflow/.local/lib/python3.12/site-packages/airflow/example_dags/example_short_circuit_operator.py
[2024-07-14T22:27:25.011+0000] {processor.py:840} INFO - DAG(s) 'example_short_circuit_operator' retrieved from /home/airflow/.local/lib/python3.12/site-packages/airflow/example_dags/example_short_circuit_operator.py
[2024-07-14T22:27:25.062+0000] {logging_mixin.py:188} INFO - [2024-07-14T22:27:25.061+0000] {dag.py:3096} INFO - Sync 1 DAGs
[2024-07-14T22:27:25.093+0000] {logging_mixin.py:188} INFO - [2024-07-14T22:27:25.093+0000] {dag.py:3954} INFO - Setting next_dagrun for example_short_circuit_operator to 2024-07-13 00:00:00+00:00, run_after=2024-07-14 00:00:00+00:00
[2024-07-14T22:27:25.123+0000] {processor.py:183} INFO - Processing /home/airflow/.local/lib/python3.12/site-packages/airflow/example_dags/example_short_circuit_operator.py took 0.150 seconds
[2024-07-14T22:27:55.227+0000] {processor.py:161} INFO - Started process (PID=759) to work on /home/airflow/.local/lib/python3.12/site-packages/airflow/example_dags/example_short_circuit_operator.py
[2024-07-14T22:27:55.227+0000] {processor.py:830} INFO - Processing file /home/airflow/.local/lib/python3.12/site-packages/airflow/example_dags/example_short_circuit_operator.py for tasks to queue
[2024-07-14T22:27:55.229+0000] {logging_mixin.py:188} INFO - [2024-07-14T22:27:55.229+0000] {dagbag.py:545} INFO - Filling up the DagBag from /home/airflow/.local/lib/python3.12/site-packages/airflow/example_dags/example_short_circuit_operator.py
[2024-07-14T22:27:55.239+0000] {processor.py:840} INFO - DAG(s) 'example_short_circuit_operator' retrieved from /home/airflow/.local/lib/python3.12/site-packages/airflow/example_dags/example_short_circuit_operator.py
[2024-07-14T22:27:55.267+0000] {logging_mixin.py:188} INFO - [2024-07-14T22:27:55.267+0000] {dag.py:3096} INFO - Sync 1 DAGs
[2024-07-14T22:27:55.298+0000] {logging_mixin.py:188} INFO - [2024-07-14T22:27:55.298+0000] {dag.py:3954} INFO - Setting next_dagrun for example_short_circuit_operator to 2024-07-13 00:00:00+00:00, run_after=2024-07-14 00:00:00+00:00
[2024-07-14T22:27:55.322+0000] {processor.py:183} INFO - Processing /home/airflow/.local/lib/python3.12/site-packages/airflow/example_dags/example_short_circuit_operator.py took 0.107 seconds
[2024-07-14T22:28:26.022+0000] {processor.py:161} INFO - Started process (PID=818) to work on /home/airflow/.local/lib/python3.12/site-packages/airflow/example_dags/example_short_circuit_operator.py
[2024-07-14T22:28:26.024+0000] {processor.py:830} INFO - Processing file /home/airflow/.local/lib/python3.12/site-packages/airflow/example_dags/example_short_circuit_operator.py for tasks to queue
[2024-07-14T22:28:26.027+0000] {logging_mixin.py:188} INFO - [2024-07-14T22:28:26.027+0000] {dagbag.py:545} INFO - Filling up the DagBag from /home/airflow/.local/lib/python3.12/site-packages/airflow/example_dags/example_short_circuit_operator.py
[2024-07-14T22:28:26.037+0000] {processor.py:840} INFO - DAG(s) 'example_short_circuit_operator' retrieved from /home/airflow/.local/lib/python3.12/site-packages/airflow/example_dags/example_short_circuit_operator.py
[2024-07-14T22:28:26.068+0000] {logging_mixin.py:188} INFO - [2024-07-14T22:28:26.068+0000] {dag.py:3096} INFO - Sync 1 DAGs
[2024-07-14T22:28:26.095+0000] {logging_mixin.py:188} INFO - [2024-07-14T22:28:26.095+0000] {dag.py:3954} INFO - Setting next_dagrun for example_short_circuit_operator to 2024-07-13 00:00:00+00:00, run_after=2024-07-14 00:00:00+00:00
[2024-07-14T22:28:26.120+0000] {processor.py:183} INFO - Processing /home/airflow/.local/lib/python3.12/site-packages/airflow/example_dags/example_short_circuit_operator.py took 0.103 seconds
[2024-07-14T22:28:56.184+0000] {processor.py:161} INFO - Started process (PID=876) to work on /home/airflow/.local/lib/python3.12/site-packages/airflow/example_dags/example_short_circuit_operator.py
[2024-07-14T22:28:56.185+0000] {processor.py:830} INFO - Processing file /home/airflow/.local/lib/python3.12/site-packages/airflow/example_dags/example_short_circuit_operator.py for tasks to queue
[2024-07-14T22:28:56.187+0000] {logging_mixin.py:188} INFO - [2024-07-14T22:28:56.187+0000] {dagbag.py:545} INFO - Filling up the DagBag from /home/airflow/.local/lib/python3.12/site-packages/airflow/example_dags/example_short_circuit_operator.py
[2024-07-14T22:28:56.195+0000] {processor.py:840} INFO - DAG(s) 'example_short_circuit_operator' retrieved from /home/airflow/.local/lib/python3.12/site-packages/airflow/example_dags/example_short_circuit_operator.py
[2024-07-14T22:28:56.225+0000] {logging_mixin.py:188} INFO - [2024-07-14T22:28:56.225+0000] {dag.py:3096} INFO - Sync 1 DAGs
[2024-07-14T22:28:56.250+0000] {logging_mixin.py:188} INFO - [2024-07-14T22:28:56.250+0000] {dag.py:3954} INFO - Setting next_dagrun for example_short_circuit_operator to 2024-07-13 00:00:00+00:00, run_after=2024-07-14 00:00:00+00:00
[2024-07-14T22:28:56.275+0000] {processor.py:183} INFO - Processing /home/airflow/.local/lib/python3.12/site-packages/airflow/example_dags/example_short_circuit_operator.py took 0.097 seconds
[2024-07-14T22:29:27.032+0000] {processor.py:161} INFO - Started process (PID=935) to work on /home/airflow/.local/lib/python3.12/site-packages/airflow/example_dags/example_short_circuit_operator.py
[2024-07-14T22:29:27.042+0000] {processor.py:830} INFO - Processing file /home/airflow/.local/lib/python3.12/site-packages/airflow/example_dags/example_short_circuit_operator.py for tasks to queue
[2024-07-14T22:29:27.044+0000] {logging_mixin.py:188} INFO - [2024-07-14T22:29:27.043+0000] {dagbag.py:545} INFO - Filling up the DagBag from /home/airflow/.local/lib/python3.12/site-packages/airflow/example_dags/example_short_circuit_operator.py
[2024-07-14T22:29:27.093+0000] {processor.py:840} INFO - DAG(s) 'example_short_circuit_operator' retrieved from /home/airflow/.local/lib/python3.12/site-packages/airflow/example_dags/example_short_circuit_operator.py
[2024-07-14T22:29:27.188+0000] {logging_mixin.py:188} INFO - [2024-07-14T22:29:27.188+0000] {dag.py:3096} INFO - Sync 1 DAGs
[2024-07-14T22:29:27.302+0000] {logging_mixin.py:188} INFO - [2024-07-14T22:29:27.302+0000] {dag.py:3954} INFO - Setting next_dagrun for example_short_circuit_operator to 2024-07-13 00:00:00+00:00, run_after=2024-07-14 00:00:00+00:00
[2024-07-14T22:29:27.358+0000] {processor.py:183} INFO - Processing /home/airflow/.local/lib/python3.12/site-packages/airflow/example_dags/example_short_circuit_operator.py took 0.333 seconds
[2024-07-14T22:29:57.944+0000] {processor.py:161} INFO - Started process (PID=995) to work on /home/airflow/.local/lib/python3.12/site-packages/airflow/example_dags/example_short_circuit_operator.py
[2024-07-14T22:29:57.945+0000] {processor.py:830} INFO - Processing file /home/airflow/.local/lib/python3.12/site-packages/airflow/example_dags/example_short_circuit_operator.py for tasks to queue
[2024-07-14T22:29:57.947+0000] {logging_mixin.py:188} INFO - [2024-07-14T22:29:57.947+0000] {dagbag.py:545} INFO - Filling up the DagBag from /home/airflow/.local/lib/python3.12/site-packages/airflow/example_dags/example_short_circuit_operator.py
[2024-07-14T22:29:57.955+0000] {processor.py:840} INFO - DAG(s) 'example_short_circuit_operator' retrieved from /home/airflow/.local/lib/python3.12/site-packages/airflow/example_dags/example_short_circuit_operator.py
[2024-07-14T22:29:57.983+0000] {logging_mixin.py:188} INFO - [2024-07-14T22:29:57.983+0000] {dag.py:3096} INFO - Sync 1 DAGs
[2024-07-14T22:29:58.009+0000] {logging_mixin.py:188} INFO - [2024-07-14T22:29:58.009+0000] {dag.py:3954} INFO - Setting next_dagrun for example_short_circuit_operator to 2024-07-13 00:00:00+00:00, run_after=2024-07-14 00:00:00+00:00
[2024-07-14T22:29:58.034+0000] {processor.py:183} INFO - Processing /home/airflow/.local/lib/python3.12/site-packages/airflow/example_dags/example_short_circuit_operator.py took 0.096 seconds
[2024-07-14T22:30:28.699+0000] {processor.py:161} INFO - Started process (PID=1054) to work on /home/airflow/.local/lib/python3.12/site-packages/airflow/example_dags/example_short_circuit_operator.py
[2024-07-14T22:30:28.699+0000] {processor.py:830} INFO - Processing file /home/airflow/.local/lib/python3.12/site-packages/airflow/example_dags/example_short_circuit_operator.py for tasks to queue
[2024-07-14T22:30:28.701+0000] {logging_mixin.py:188} INFO - [2024-07-14T22:30:28.701+0000] {dagbag.py:545} INFO - Filling up the DagBag from /home/airflow/.local/lib/python3.12/site-packages/airflow/example_dags/example_short_circuit_operator.py
[2024-07-14T22:30:28.709+0000] {processor.py:840} INFO - DAG(s) 'example_short_circuit_operator' retrieved from /home/airflow/.local/lib/python3.12/site-packages/airflow/example_dags/example_short_circuit_operator.py
[2024-07-14T22:30:28.738+0000] {logging_mixin.py:188} INFO - [2024-07-14T22:30:28.738+0000] {dag.py:3096} INFO - Sync 1 DAGs
[2024-07-14T22:30:28.764+0000] {logging_mixin.py:188} INFO - [2024-07-14T22:30:28.763+0000] {dag.py:3954} INFO - Setting next_dagrun for example_short_circuit_operator to 2024-07-13 00:00:00+00:00, run_after=2024-07-14 00:00:00+00:00
[2024-07-14T22:30:28.788+0000] {processor.py:183} INFO - Processing /home/airflow/.local/lib/python3.12/site-packages/airflow/example_dags/example_short_circuit_operator.py took 0.096 seconds
[2024-07-14T22:30:59.204+0000] {processor.py:161} INFO - Started process (PID=1113) to work on /home/airflow/.local/lib/python3.12/site-packages/airflow/example_dags/example_short_circuit_operator.py
[2024-07-14T22:30:59.205+0000] {processor.py:830} INFO - Processing file /home/airflow/.local/lib/python3.12/site-packages/airflow/example_dags/example_short_circuit_operator.py for tasks to queue
[2024-07-14T22:30:59.207+0000] {logging_mixin.py:188} INFO - [2024-07-14T22:30:59.207+0000] {dagbag.py:545} INFO - Filling up the DagBag from /home/airflow/.local/lib/python3.12/site-packages/airflow/example_dags/example_short_circuit_operator.py
[2024-07-14T22:30:59.216+0000] {processor.py:840} INFO - DAG(s) 'example_short_circuit_operator' retrieved from /home/airflow/.local/lib/python3.12/site-packages/airflow/example_dags/example_short_circuit_operator.py
[2024-07-14T22:30:59.245+0000] {logging_mixin.py:188} INFO - [2024-07-14T22:30:59.244+0000] {dag.py:3096} INFO - Sync 1 DAGs
[2024-07-14T22:30:59.270+0000] {logging_mixin.py:188} INFO - [2024-07-14T22:30:59.270+0000] {dag.py:3954} INFO - Setting next_dagrun for example_short_circuit_operator to 2024-07-13 00:00:00+00:00, run_after=2024-07-14 00:00:00+00:00
[2024-07-14T22:30:59.295+0000] {processor.py:183} INFO - Processing /home/airflow/.local/lib/python3.12/site-packages/airflow/example_dags/example_short_circuit_operator.py took 0.098 seconds
[2024-07-14T22:31:29.461+0000] {processor.py:161} INFO - Started process (PID=1172) to work on /home/airflow/.local/lib/python3.12/site-packages/airflow/example_dags/example_short_circuit_operator.py
[2024-07-14T22:31:29.465+0000] {processor.py:830} INFO - Processing file /home/airflow/.local/lib/python3.12/site-packages/airflow/example_dags/example_short_circuit_operator.py for tasks to queue
[2024-07-14T22:31:29.467+0000] {logging_mixin.py:188} INFO - [2024-07-14T22:31:29.467+0000] {dagbag.py:545} INFO - Filling up the DagBag from /home/airflow/.local/lib/python3.12/site-packages/airflow/example_dags/example_short_circuit_operator.py
[2024-07-14T22:31:29.477+0000] {processor.py:840} INFO - DAG(s) 'example_short_circuit_operator' retrieved from /home/airflow/.local/lib/python3.12/site-packages/airflow/example_dags/example_short_circuit_operator.py
[2024-07-14T22:31:29.508+0000] {logging_mixin.py:188} INFO - [2024-07-14T22:31:29.508+0000] {dag.py:3096} INFO - Sync 1 DAGs
[2024-07-14T22:31:29.533+0000] {logging_mixin.py:188} INFO - [2024-07-14T22:31:29.533+0000] {dag.py:3954} INFO - Setting next_dagrun for example_short_circuit_operator to 2024-07-13 00:00:00+00:00, run_after=2024-07-14 00:00:00+00:00
[2024-07-14T22:31:29.557+0000] {processor.py:183} INFO - Processing /home/airflow/.local/lib/python3.12/site-packages/airflow/example_dags/example_short_circuit_operator.py took 0.102 seconds
[2024-07-14T22:32:00.033+0000] {processor.py:161} INFO - Started process (PID=1231) to work on /home/airflow/.local/lib/python3.12/site-packages/airflow/example_dags/example_short_circuit_operator.py
[2024-07-14T22:32:00.034+0000] {processor.py:830} INFO - Processing file /home/airflow/.local/lib/python3.12/site-packages/airflow/example_dags/example_short_circuit_operator.py for tasks to queue
[2024-07-14T22:32:00.037+0000] {logging_mixin.py:188} INFO - [2024-07-14T22:32:00.037+0000] {dagbag.py:545} INFO - Filling up the DagBag from /home/airflow/.local/lib/python3.12/site-packages/airflow/example_dags/example_short_circuit_operator.py
[2024-07-14T22:32:00.047+0000] {processor.py:840} INFO - DAG(s) 'example_short_circuit_operator' retrieved from /home/airflow/.local/lib/python3.12/site-packages/airflow/example_dags/example_short_circuit_operator.py
[2024-07-14T22:32:00.087+0000] {logging_mixin.py:188} INFO - [2024-07-14T22:32:00.087+0000] {dag.py:3096} INFO - Sync 1 DAGs
[2024-07-14T22:32:00.114+0000] {logging_mixin.py:188} INFO - [2024-07-14T22:32:00.114+0000] {dag.py:3954} INFO - Setting next_dagrun for example_short_circuit_operator to 2024-07-13 00:00:00+00:00, run_after=2024-07-14 00:00:00+00:00
[2024-07-14T22:32:00.138+0000] {processor.py:183} INFO - Processing /home/airflow/.local/lib/python3.12/site-packages/airflow/example_dags/example_short_circuit_operator.py took 0.111 seconds
[2024-07-14T22:32:30.300+0000] {processor.py:161} INFO - Started process (PID=1290) to work on /home/airflow/.local/lib/python3.12/site-packages/airflow/example_dags/example_short_circuit_operator.py
[2024-07-14T22:32:30.300+0000] {processor.py:830} INFO - Processing file /home/airflow/.local/lib/python3.12/site-packages/airflow/example_dags/example_short_circuit_operator.py for tasks to queue
[2024-07-14T22:32:30.302+0000] {logging_mixin.py:188} INFO - [2024-07-14T22:32:30.302+0000] {dagbag.py:545} INFO - Filling up the DagBag from /home/airflow/.local/lib/python3.12/site-packages/airflow/example_dags/example_short_circuit_operator.py
[2024-07-14T22:32:30.311+0000] {processor.py:840} INFO - DAG(s) 'example_short_circuit_operator' retrieved from /home/airflow/.local/lib/python3.12/site-packages/airflow/example_dags/example_short_circuit_operator.py
[2024-07-14T22:32:30.340+0000] {logging_mixin.py:188} INFO - [2024-07-14T22:32:30.339+0000] {dag.py:3096} INFO - Sync 1 DAGs
[2024-07-14T22:32:30.365+0000] {logging_mixin.py:188} INFO - [2024-07-14T22:32:30.365+0000] {dag.py:3954} INFO - Setting next_dagrun for example_short_circuit_operator to 2024-07-13 00:00:00+00:00, run_after=2024-07-14 00:00:00+00:00
[2024-07-14T22:32:30.391+0000] {processor.py:183} INFO - Processing /home/airflow/.local/lib/python3.12/site-packages/airflow/example_dags/example_short_circuit_operator.py took 0.097 seconds
[2024-07-14T22:33:00.708+0000] {processor.py:161} INFO - Started process (PID=1349) to work on /home/airflow/.local/lib/python3.12/site-packages/airflow/example_dags/example_short_circuit_operator.py
[2024-07-14T22:33:00.710+0000] {processor.py:830} INFO - Processing file /home/airflow/.local/lib/python3.12/site-packages/airflow/example_dags/example_short_circuit_operator.py for tasks to queue
[2024-07-14T22:33:00.712+0000] {logging_mixin.py:188} INFO - [2024-07-14T22:33:00.711+0000] {dagbag.py:545} INFO - Filling up the DagBag from /home/airflow/.local/lib/python3.12/site-packages/airflow/example_dags/example_short_circuit_operator.py
[2024-07-14T22:33:00.741+0000] {processor.py:840} INFO - DAG(s) 'example_short_circuit_operator' retrieved from /home/airflow/.local/lib/python3.12/site-packages/airflow/example_dags/example_short_circuit_operator.py
[2024-07-14T22:33:00.803+0000] {logging_mixin.py:188} INFO - [2024-07-14T22:33:00.803+0000] {dag.py:3096} INFO - Sync 1 DAGs
[2024-07-14T22:33:00.856+0000] {logging_mixin.py:188} INFO - [2024-07-14T22:33:00.855+0000] {dag.py:3954} INFO - Setting next_dagrun for example_short_circuit_operator to 2024-07-13 00:00:00+00:00, run_after=2024-07-14 00:00:00+00:00
[2024-07-14T22:33:00.899+0000] {processor.py:183} INFO - Processing /home/airflow/.local/lib/python3.12/site-packages/airflow/example_dags/example_short_circuit_operator.py took 0.197 seconds
[2024-07-14T22:33:31.545+0000] {processor.py:161} INFO - Started process (PID=1408) to work on /home/airflow/.local/lib/python3.12/site-packages/airflow/example_dags/example_short_circuit_operator.py
[2024-07-14T22:33:31.546+0000] {processor.py:830} INFO - Processing file /home/airflow/.local/lib/python3.12/site-packages/airflow/example_dags/example_short_circuit_operator.py for tasks to queue
[2024-07-14T22:33:31.547+0000] {logging_mixin.py:188} INFO - [2024-07-14T22:33:31.547+0000] {dagbag.py:545} INFO - Filling up the DagBag from /home/airflow/.local/lib/python3.12/site-packages/airflow/example_dags/example_short_circuit_operator.py
[2024-07-14T22:33:31.558+0000] {processor.py:840} INFO - DAG(s) 'example_short_circuit_operator' retrieved from /home/airflow/.local/lib/python3.12/site-packages/airflow/example_dags/example_short_circuit_operator.py
[2024-07-14T22:33:31.611+0000] {logging_mixin.py:188} INFO - [2024-07-14T22:33:31.611+0000] {dag.py:3096} INFO - Sync 1 DAGs
[2024-07-14T22:33:31.639+0000] {logging_mixin.py:188} INFO - [2024-07-14T22:33:31.638+0000] {dag.py:3954} INFO - Setting next_dagrun for example_short_circuit_operator to 2024-07-13 00:00:00+00:00, run_after=2024-07-14 00:00:00+00:00
[2024-07-14T22:33:31.663+0000] {processor.py:183} INFO - Processing /home/airflow/.local/lib/python3.12/site-packages/airflow/example_dags/example_short_circuit_operator.py took 0.124 seconds
[2024-07-14T22:34:01.846+0000] {processor.py:161} INFO - Started process (PID=1467) to work on /home/airflow/.local/lib/python3.12/site-packages/airflow/example_dags/example_short_circuit_operator.py
[2024-07-14T22:34:01.847+0000] {processor.py:830} INFO - Processing file /home/airflow/.local/lib/python3.12/site-packages/airflow/example_dags/example_short_circuit_operator.py for tasks to queue
[2024-07-14T22:34:01.848+0000] {logging_mixin.py:188} INFO - [2024-07-14T22:34:01.848+0000] {dagbag.py:545} INFO - Filling up the DagBag from /home/airflow/.local/lib/python3.12/site-packages/airflow/example_dags/example_short_circuit_operator.py
[2024-07-14T22:34:01.857+0000] {processor.py:840} INFO - DAG(s) 'example_short_circuit_operator' retrieved from /home/airflow/.local/lib/python3.12/site-packages/airflow/example_dags/example_short_circuit_operator.py
[2024-07-14T22:34:01.890+0000] {logging_mixin.py:188} INFO - [2024-07-14T22:34:01.890+0000] {dag.py:3096} INFO - Sync 1 DAGs
[2024-07-14T22:34:01.922+0000] {logging_mixin.py:188} INFO - [2024-07-14T22:34:01.921+0000] {dag.py:3954} INFO - Setting next_dagrun for example_short_circuit_operator to 2024-07-13 00:00:00+00:00, run_after=2024-07-14 00:00:00+00:00
[2024-07-14T22:34:01.945+0000] {processor.py:183} INFO - Processing /home/airflow/.local/lib/python3.12/site-packages/airflow/example_dags/example_short_circuit_operator.py took 0.106 seconds
[2024-07-14T22:34:32.554+0000] {processor.py:161} INFO - Started process (PID=1526) to work on /home/airflow/.local/lib/python3.12/site-packages/airflow/example_dags/example_short_circuit_operator.py
[2024-07-14T22:34:32.558+0000] {processor.py:830} INFO - Processing file /home/airflow/.local/lib/python3.12/site-packages/airflow/example_dags/example_short_circuit_operator.py for tasks to queue
[2024-07-14T22:34:32.560+0000] {logging_mixin.py:188} INFO - [2024-07-14T22:34:32.560+0000] {dagbag.py:545} INFO - Filling up the DagBag from /home/airflow/.local/lib/python3.12/site-packages/airflow/example_dags/example_short_circuit_operator.py
[2024-07-14T22:34:32.569+0000] {processor.py:840} INFO - DAG(s) 'example_short_circuit_operator' retrieved from /home/airflow/.local/lib/python3.12/site-packages/airflow/example_dags/example_short_circuit_operator.py
[2024-07-14T22:34:32.631+0000] {logging_mixin.py:188} INFO - [2024-07-14T22:34:32.631+0000] {dag.py:3096} INFO - Sync 1 DAGs
[2024-07-14T22:34:32.699+0000] {logging_mixin.py:188} INFO - [2024-07-14T22:34:32.698+0000] {dag.py:3954} INFO - Setting next_dagrun for example_short_circuit_operator to 2024-07-13 00:00:00+00:00, run_after=2024-07-14 00:00:00+00:00
[2024-07-14T22:34:32.733+0000] {processor.py:183} INFO - Processing /home/airflow/.local/lib/python3.12/site-packages/airflow/example_dags/example_short_circuit_operator.py took 0.204 seconds
[2024-07-14T22:35:03.020+0000] {processor.py:161} INFO - Started process (PID=1585) to work on /home/airflow/.local/lib/python3.12/site-packages/airflow/example_dags/example_short_circuit_operator.py
[2024-07-14T22:35:03.021+0000] {processor.py:830} INFO - Processing file /home/airflow/.local/lib/python3.12/site-packages/airflow/example_dags/example_short_circuit_operator.py for tasks to queue
[2024-07-14T22:35:03.023+0000] {logging_mixin.py:188} INFO - [2024-07-14T22:35:03.022+0000] {dagbag.py:545} INFO - Filling up the DagBag from /home/airflow/.local/lib/python3.12/site-packages/airflow/example_dags/example_short_circuit_operator.py
[2024-07-14T22:35:03.033+0000] {processor.py:840} INFO - DAG(s) 'example_short_circuit_operator' retrieved from /home/airflow/.local/lib/python3.12/site-packages/airflow/example_dags/example_short_circuit_operator.py
[2024-07-14T22:35:03.093+0000] {logging_mixin.py:188} INFO - [2024-07-14T22:35:03.093+0000] {dag.py:3096} INFO - Sync 1 DAGs
[2024-07-14T22:35:03.123+0000] {logging_mixin.py:188} INFO - [2024-07-14T22:35:03.123+0000] {dag.py:3954} INFO - Setting next_dagrun for example_short_circuit_operator to 2024-07-13 00:00:00+00:00, run_after=2024-07-14 00:00:00+00:00
[2024-07-14T22:35:03.409+0000] {processor.py:183} INFO - Processing /home/airflow/.local/lib/python3.12/site-packages/airflow/example_dags/example_short_circuit_operator.py took 0.431 seconds
[2024-07-14T22:35:34.124+0000] {processor.py:161} INFO - Started process (PID=1644) to work on /home/airflow/.local/lib/python3.12/site-packages/airflow/example_dags/example_short_circuit_operator.py
[2024-07-14T22:35:34.126+0000] {processor.py:830} INFO - Processing file /home/airflow/.local/lib/python3.12/site-packages/airflow/example_dags/example_short_circuit_operator.py for tasks to queue
[2024-07-14T22:35:34.128+0000] {logging_mixin.py:188} INFO - [2024-07-14T22:35:34.127+0000] {dagbag.py:545} INFO - Filling up the DagBag from /home/airflow/.local/lib/python3.12/site-packages/airflow/example_dags/example_short_circuit_operator.py
[2024-07-14T22:35:34.140+0000] {processor.py:840} INFO - DAG(s) 'example_short_circuit_operator' retrieved from /home/airflow/.local/lib/python3.12/site-packages/airflow/example_dags/example_short_circuit_operator.py
[2024-07-14T22:35:34.168+0000] {logging_mixin.py:188} INFO - [2024-07-14T22:35:34.168+0000] {dag.py:3096} INFO - Sync 1 DAGs
[2024-07-14T22:35:34.194+0000] {logging_mixin.py:188} INFO - [2024-07-14T22:35:34.194+0000] {dag.py:3954} INFO - Setting next_dagrun for example_short_circuit_operator to 2024-07-13 00:00:00+00:00, run_after=2024-07-14 00:00:00+00:00
[2024-07-14T22:35:34.232+0000] {processor.py:183} INFO - Processing /home/airflow/.local/lib/python3.12/site-packages/airflow/example_dags/example_short_circuit_operator.py took 0.120 seconds
[2024-07-14T22:36:04.380+0000] {processor.py:161} INFO - Started process (PID=1704) to work on /home/airflow/.local/lib/python3.12/site-packages/airflow/example_dags/example_short_circuit_operator.py
[2024-07-14T22:36:04.380+0000] {processor.py:830} INFO - Processing file /home/airflow/.local/lib/python3.12/site-packages/airflow/example_dags/example_short_circuit_operator.py for tasks to queue
[2024-07-14T22:36:04.382+0000] {logging_mixin.py:188} INFO - [2024-07-14T22:36:04.382+0000] {dagbag.py:545} INFO - Filling up the DagBag from /home/airflow/.local/lib/python3.12/site-packages/airflow/example_dags/example_short_circuit_operator.py
[2024-07-14T22:36:04.390+0000] {processor.py:840} INFO - DAG(s) 'example_short_circuit_operator' retrieved from /home/airflow/.local/lib/python3.12/site-packages/airflow/example_dags/example_short_circuit_operator.py
[2024-07-14T22:36:04.419+0000] {logging_mixin.py:188} INFO - [2024-07-14T22:36:04.418+0000] {dag.py:3096} INFO - Sync 1 DAGs
[2024-07-14T22:36:04.458+0000] {logging_mixin.py:188} INFO - [2024-07-14T22:36:04.458+0000] {dag.py:3954} INFO - Setting next_dagrun for example_short_circuit_operator to 2024-07-13 00:00:00+00:00, run_after=2024-07-14 00:00:00+00:00
[2024-07-14T22:36:04.482+0000] {processor.py:183} INFO - Processing /home/airflow/.local/lib/python3.12/site-packages/airflow/example_dags/example_short_circuit_operator.py took 0.108 seconds
[2024-07-14T22:36:34.846+0000] {processor.py:161} INFO - Started process (PID=1763) to work on /home/airflow/.local/lib/python3.12/site-packages/airflow/example_dags/example_short_circuit_operator.py
[2024-07-14T22:36:34.847+0000] {processor.py:830} INFO - Processing file /home/airflow/.local/lib/python3.12/site-packages/airflow/example_dags/example_short_circuit_operator.py for tasks to queue
[2024-07-14T22:36:34.849+0000] {logging_mixin.py:188} INFO - [2024-07-14T22:36:34.848+0000] {dagbag.py:545} INFO - Filling up the DagBag from /home/airflow/.local/lib/python3.12/site-packages/airflow/example_dags/example_short_circuit_operator.py
[2024-07-14T22:36:34.857+0000] {processor.py:840} INFO - DAG(s) 'example_short_circuit_operator' retrieved from /home/airflow/.local/lib/python3.12/site-packages/airflow/example_dags/example_short_circuit_operator.py
[2024-07-14T22:36:34.888+0000] {logging_mixin.py:188} INFO - [2024-07-14T22:36:34.888+0000] {dag.py:3096} INFO - Sync 1 DAGs
[2024-07-14T22:36:34.914+0000] {logging_mixin.py:188} INFO - [2024-07-14T22:36:34.914+0000] {dag.py:3954} INFO - Setting next_dagrun for example_short_circuit_operator to 2024-07-13 00:00:00+00:00, run_after=2024-07-14 00:00:00+00:00
[2024-07-14T22:36:34.938+0000] {processor.py:183} INFO - Processing /home/airflow/.local/lib/python3.12/site-packages/airflow/example_dags/example_short_circuit_operator.py took 0.098 seconds
[2024-07-14T22:37:05.211+0000] {processor.py:161} INFO - Started process (PID=1822) to work on /home/airflow/.local/lib/python3.12/site-packages/airflow/example_dags/example_short_circuit_operator.py
[2024-07-14T22:37:05.212+0000] {processor.py:830} INFO - Processing file /home/airflow/.local/lib/python3.12/site-packages/airflow/example_dags/example_short_circuit_operator.py for tasks to queue
[2024-07-14T22:37:05.214+0000] {logging_mixin.py:188} INFO - [2024-07-14T22:37:05.213+0000] {dagbag.py:545} INFO - Filling up the DagBag from /home/airflow/.local/lib/python3.12/site-packages/airflow/example_dags/example_short_circuit_operator.py
[2024-07-14T22:37:05.221+0000] {processor.py:840} INFO - DAG(s) 'example_short_circuit_operator' retrieved from /home/airflow/.local/lib/python3.12/site-packages/airflow/example_dags/example_short_circuit_operator.py
[2024-07-14T22:37:05.287+0000] {logging_mixin.py:188} INFO - [2024-07-14T22:37:05.287+0000] {dag.py:3096} INFO - Sync 1 DAGs
[2024-07-14T22:37:05.329+0000] {logging_mixin.py:188} INFO - [2024-07-14T22:37:05.329+0000] {dag.py:3954} INFO - Setting next_dagrun for example_short_circuit_operator to 2024-07-13 00:00:00+00:00, run_after=2024-07-14 00:00:00+00:00
[2024-07-14T22:37:05.364+0000] {processor.py:183} INFO - Processing /home/airflow/.local/lib/python3.12/site-packages/airflow/example_dags/example_short_circuit_operator.py took 0.159 seconds
[2024-07-14T22:37:35.673+0000] {processor.py:161} INFO - Started process (PID=1881) to work on /home/airflow/.local/lib/python3.12/site-packages/airflow/example_dags/example_short_circuit_operator.py
[2024-07-14T22:37:35.674+0000] {processor.py:830} INFO - Processing file /home/airflow/.local/lib/python3.12/site-packages/airflow/example_dags/example_short_circuit_operator.py for tasks to queue
[2024-07-14T22:37:35.676+0000] {logging_mixin.py:188} INFO - [2024-07-14T22:37:35.676+0000] {dagbag.py:545} INFO - Filling up the DagBag from /home/airflow/.local/lib/python3.12/site-packages/airflow/example_dags/example_short_circuit_operator.py
[2024-07-14T22:37:35.685+0000] {processor.py:840} INFO - DAG(s) 'example_short_circuit_operator' retrieved from /home/airflow/.local/lib/python3.12/site-packages/airflow/example_dags/example_short_circuit_operator.py
[2024-07-14T22:37:35.714+0000] {logging_mixin.py:188} INFO - [2024-07-14T22:37:35.714+0000] {dag.py:3096} INFO - Sync 1 DAGs
[2024-07-14T22:37:35.740+0000] {logging_mixin.py:188} INFO - [2024-07-14T22:37:35.740+0000] {dag.py:3954} INFO - Setting next_dagrun for example_short_circuit_operator to 2024-07-13 00:00:00+00:00, run_after=2024-07-14 00:00:00+00:00
[2024-07-14T22:37:35.921+0000] {processor.py:183} INFO - Processing /home/airflow/.local/lib/python3.12/site-packages/airflow/example_dags/example_short_circuit_operator.py took 0.254 seconds
[2024-07-14T22:38:06.117+0000] {processor.py:161} INFO - Started process (PID=1940) to work on /home/airflow/.local/lib/python3.12/site-packages/airflow/example_dags/example_short_circuit_operator.py
[2024-07-14T22:38:06.118+0000] {processor.py:830} INFO - Processing file /home/airflow/.local/lib/python3.12/site-packages/airflow/example_dags/example_short_circuit_operator.py for tasks to queue
[2024-07-14T22:38:06.120+0000] {logging_mixin.py:188} INFO - [2024-07-14T22:38:06.120+0000] {dagbag.py:545} INFO - Filling up the DagBag from /home/airflow/.local/lib/python3.12/site-packages/airflow/example_dags/example_short_circuit_operator.py
[2024-07-14T22:38:06.129+0000] {processor.py:840} INFO - DAG(s) 'example_short_circuit_operator' retrieved from /home/airflow/.local/lib/python3.12/site-packages/airflow/example_dags/example_short_circuit_operator.py
[2024-07-14T22:38:06.158+0000] {logging_mixin.py:188} INFO - [2024-07-14T22:38:06.158+0000] {dag.py:3096} INFO - Sync 1 DAGs
[2024-07-14T22:38:06.184+0000] {logging_mixin.py:188} INFO - [2024-07-14T22:38:06.184+0000] {dag.py:3954} INFO - Setting next_dagrun for example_short_circuit_operator to 2024-07-13 00:00:00+00:00, run_after=2024-07-14 00:00:00+00:00
[2024-07-14T22:38:06.213+0000] {processor.py:183} INFO - Processing /home/airflow/.local/lib/python3.12/site-packages/airflow/example_dags/example_short_circuit_operator.py took 0.102 seconds
[2024-07-14T22:38:36.587+0000] {processor.py:161} INFO - Started process (PID=1999) to work on /home/airflow/.local/lib/python3.12/site-packages/airflow/example_dags/example_short_circuit_operator.py
[2024-07-14T22:38:36.588+0000] {processor.py:830} INFO - Processing file /home/airflow/.local/lib/python3.12/site-packages/airflow/example_dags/example_short_circuit_operator.py for tasks to queue
[2024-07-14T22:38:36.590+0000] {logging_mixin.py:188} INFO - [2024-07-14T22:38:36.590+0000] {dagbag.py:545} INFO - Filling up the DagBag from /home/airflow/.local/lib/python3.12/site-packages/airflow/example_dags/example_short_circuit_operator.py
[2024-07-14T22:38:36.600+0000] {processor.py:840} INFO - DAG(s) 'example_short_circuit_operator' retrieved from /home/airflow/.local/lib/python3.12/site-packages/airflow/example_dags/example_short_circuit_operator.py
[2024-07-14T22:38:36.629+0000] {logging_mixin.py:188} INFO - [2024-07-14T22:38:36.629+0000] {dag.py:3096} INFO - Sync 1 DAGs
[2024-07-14T22:38:36.660+0000] {logging_mixin.py:188} INFO - [2024-07-14T22:38:36.659+0000] {dag.py:3954} INFO - Setting next_dagrun for example_short_circuit_operator to 2024-07-13 00:00:00+00:00, run_after=2024-07-14 00:00:00+00:00
[2024-07-14T22:38:36.683+0000] {processor.py:183} INFO - Processing /home/airflow/.local/lib/python3.12/site-packages/airflow/example_dags/example_short_circuit_operator.py took 0.105 seconds
[2024-07-14T22:39:07.105+0000] {processor.py:161} INFO - Started process (PID=2058) to work on /home/airflow/.local/lib/python3.12/site-packages/airflow/example_dags/example_short_circuit_operator.py
[2024-07-14T22:39:07.106+0000] {processor.py:830} INFO - Processing file /home/airflow/.local/lib/python3.12/site-packages/airflow/example_dags/example_short_circuit_operator.py for tasks to queue
[2024-07-14T22:39:07.108+0000] {logging_mixin.py:188} INFO - [2024-07-14T22:39:07.108+0000] {dagbag.py:545} INFO - Filling up the DagBag from /home/airflow/.local/lib/python3.12/site-packages/airflow/example_dags/example_short_circuit_operator.py
[2024-07-14T22:39:07.116+0000] {processor.py:840} INFO - DAG(s) 'example_short_circuit_operator' retrieved from /home/airflow/.local/lib/python3.12/site-packages/airflow/example_dags/example_short_circuit_operator.py
[2024-07-14T22:39:07.145+0000] {logging_mixin.py:188} INFO - [2024-07-14T22:39:07.145+0000] {dag.py:3096} INFO - Sync 1 DAGs
[2024-07-14T22:39:07.172+0000] {logging_mixin.py:188} INFO - [2024-07-14T22:39:07.171+0000] {dag.py:3954} INFO - Setting next_dagrun for example_short_circuit_operator to 2024-07-13 00:00:00+00:00, run_after=2024-07-14 00:00:00+00:00
[2024-07-14T22:39:07.195+0000] {processor.py:183} INFO - Processing /home/airflow/.local/lib/python3.12/site-packages/airflow/example_dags/example_short_circuit_operator.py took 0.096 seconds
