[2024-07-14T22:21:48.296+0000] {processor.py:161} INFO - Started process (PID=48) to work on /home/airflow/.local/lib/python3.12/site-packages/airflow/example_dags/tutorial.py
[2024-07-14T22:21:48.297+0000] {processor.py:830} INFO - Processing file /home/airflow/.local/lib/python3.12/site-packages/airflow/example_dags/tutorial.py for tasks to queue
[2024-07-14T22:21:48.302+0000] {logging_mixin.py:188} INFO - [2024-07-14T22:21:48.302+0000] {dagbag.py:545} INFO - Filling up the DagBag from /home/airflow/.local/lib/python3.12/site-packages/airflow/example_dags/tutorial.py
[2024-07-14T22:21:48.345+0000] {processor.py:840} INFO - DAG(s) 'tutorial' retrieved from /home/airflow/.local/lib/python3.12/site-packages/airflow/example_dags/tutorial.py
[2024-07-14T22:21:48.802+0000] {logging_mixin.py:188} INFO - [2024-07-14T22:21:48.802+0000] {dag.py:3096} INFO - Sync 1 DAGs
[2024-07-14T22:21:48.825+0000] {logging_mixin.py:188} INFO - [2024-07-14T22:21:48.825+0000] {dag.py:3954} INFO - Setting next_dagrun for tutorial to 2024-07-13 00:00:00+00:00, run_after=2024-07-14 00:00:00+00:00
[2024-07-14T22:21:48.959+0000] {processor.py:183} INFO - Processing /home/airflow/.local/lib/python3.12/site-packages/airflow/example_dags/tutorial.py took 0.702 seconds
[2024-07-14T22:22:19.901+0000] {processor.py:161} INFO - Started process (PID=107) to work on /home/airflow/.local/lib/python3.12/site-packages/airflow/example_dags/tutorial.py
[2024-07-14T22:22:19.903+0000] {processor.py:830} INFO - Processing file /home/airflow/.local/lib/python3.12/site-packages/airflow/example_dags/tutorial.py for tasks to queue
[2024-07-14T22:22:19.911+0000] {logging_mixin.py:188} INFO - [2024-07-14T22:22:19.910+0000] {dagbag.py:545} INFO - Filling up the DagBag from /home/airflow/.local/lib/python3.12/site-packages/airflow/example_dags/tutorial.py
[2024-07-14T22:22:19.916+0000] {processor.py:840} INFO - DAG(s) 'tutorial' retrieved from /home/airflow/.local/lib/python3.12/site-packages/airflow/example_dags/tutorial.py
[2024-07-14T22:22:19.938+0000] {logging_mixin.py:188} INFO - [2024-07-14T22:22:19.938+0000] {dag.py:3096} INFO - Sync 1 DAGs
[2024-07-14T22:22:19.981+0000] {logging_mixin.py:188} INFO - [2024-07-14T22:22:19.980+0000] {dag.py:3954} INFO - Setting next_dagrun for tutorial to 2024-07-13 00:00:00+00:00, run_after=2024-07-14 00:00:00+00:00
[2024-07-14T22:22:20.035+0000] {processor.py:183} INFO - Processing /home/airflow/.local/lib/python3.12/site-packages/airflow/example_dags/tutorial.py took 0.145 seconds
[2024-07-14T22:22:50.125+0000] {processor.py:161} INFO - Started process (PID=166) to work on /home/airflow/.local/lib/python3.12/site-packages/airflow/example_dags/tutorial.py
[2024-07-14T22:22:50.126+0000] {processor.py:830} INFO - Processing file /home/airflow/.local/lib/python3.12/site-packages/airflow/example_dags/tutorial.py for tasks to queue
[2024-07-14T22:22:50.127+0000] {logging_mixin.py:188} INFO - [2024-07-14T22:22:50.127+0000] {dagbag.py:545} INFO - Filling up the DagBag from /home/airflow/.local/lib/python3.12/site-packages/airflow/example_dags/tutorial.py
[2024-07-14T22:22:50.131+0000] {processor.py:840} INFO - DAG(s) 'tutorial' retrieved from /home/airflow/.local/lib/python3.12/site-packages/airflow/example_dags/tutorial.py
[2024-07-14T22:22:50.153+0000] {logging_mixin.py:188} INFO - [2024-07-14T22:22:50.153+0000] {dag.py:3096} INFO - Sync 1 DAGs
[2024-07-14T22:22:50.188+0000] {logging_mixin.py:188} INFO - [2024-07-14T22:22:50.188+0000] {dag.py:3954} INFO - Setting next_dagrun for tutorial to 2024-07-13 00:00:00+00:00, run_after=2024-07-14 00:00:00+00:00
[2024-07-14T22:22:50.232+0000] {processor.py:183} INFO - Processing /home/airflow/.local/lib/python3.12/site-packages/airflow/example_dags/tutorial.py took 0.112 seconds
[2024-07-14T22:23:21.036+0000] {processor.py:161} INFO - Started process (PID=225) to work on /home/airflow/.local/lib/python3.12/site-packages/airflow/example_dags/tutorial.py
[2024-07-14T22:23:21.040+0000] {processor.py:830} INFO - Processing file /home/airflow/.local/lib/python3.12/site-packages/airflow/example_dags/tutorial.py for tasks to queue
[2024-07-14T22:23:21.042+0000] {logging_mixin.py:188} INFO - [2024-07-14T22:23:21.041+0000] {dagbag.py:545} INFO - Filling up the DagBag from /home/airflow/.local/lib/python3.12/site-packages/airflow/example_dags/tutorial.py
[2024-07-14T22:23:21.048+0000] {processor.py:840} INFO - DAG(s) 'tutorial' retrieved from /home/airflow/.local/lib/python3.12/site-packages/airflow/example_dags/tutorial.py
[2024-07-14T22:23:21.070+0000] {logging_mixin.py:188} INFO - [2024-07-14T22:23:21.070+0000] {dag.py:3096} INFO - Sync 1 DAGs
[2024-07-14T22:23:21.095+0000] {logging_mixin.py:188} INFO - [2024-07-14T22:23:21.095+0000] {dag.py:3954} INFO - Setting next_dagrun for tutorial to 2024-07-13 00:00:00+00:00, run_after=2024-07-14 00:00:00+00:00
[2024-07-14T22:23:21.118+0000] {processor.py:183} INFO - Processing /home/airflow/.local/lib/python3.12/site-packages/airflow/example_dags/tutorial.py took 0.088 seconds
[2024-07-14T22:23:51.165+0000] {processor.py:161} INFO - Started process (PID=284) to work on /home/airflow/.local/lib/python3.12/site-packages/airflow/example_dags/tutorial.py
[2024-07-14T22:23:51.165+0000] {processor.py:830} INFO - Processing file /home/airflow/.local/lib/python3.12/site-packages/airflow/example_dags/tutorial.py for tasks to queue
[2024-07-14T22:23:51.167+0000] {logging_mixin.py:188} INFO - [2024-07-14T22:23:51.167+0000] {dagbag.py:545} INFO - Filling up the DagBag from /home/airflow/.local/lib/python3.12/site-packages/airflow/example_dags/tutorial.py
[2024-07-14T22:23:51.174+0000] {processor.py:840} INFO - DAG(s) 'tutorial' retrieved from /home/airflow/.local/lib/python3.12/site-packages/airflow/example_dags/tutorial.py
[2024-07-14T22:23:51.196+0000] {logging_mixin.py:188} INFO - [2024-07-14T22:23:51.196+0000] {dag.py:3096} INFO - Sync 1 DAGs
[2024-07-14T22:23:51.248+0000] {logging_mixin.py:188} INFO - [2024-07-14T22:23:51.248+0000] {dag.py:3954} INFO - Setting next_dagrun for tutorial to 2024-07-13 00:00:00+00:00, run_after=2024-07-14 00:00:00+00:00
[2024-07-14T22:23:51.279+0000] {processor.py:183} INFO - Processing /home/airflow/.local/lib/python3.12/site-packages/airflow/example_dags/tutorial.py took 0.120 seconds
[2024-07-14T22:24:22.076+0000] {processor.py:161} INFO - Started process (PID=343) to work on /home/airflow/.local/lib/python3.12/site-packages/airflow/example_dags/tutorial.py
[2024-07-14T22:24:22.087+0000] {processor.py:830} INFO - Processing file /home/airflow/.local/lib/python3.12/site-packages/airflow/example_dags/tutorial.py for tasks to queue
[2024-07-14T22:24:22.098+0000] {logging_mixin.py:188} INFO - [2024-07-14T22:24:22.097+0000] {dagbag.py:545} INFO - Filling up the DagBag from /home/airflow/.local/lib/python3.12/site-packages/airflow/example_dags/tutorial.py
[2024-07-14T22:24:22.134+0000] {processor.py:840} INFO - DAG(s) 'tutorial' retrieved from /home/airflow/.local/lib/python3.12/site-packages/airflow/example_dags/tutorial.py
[2024-07-14T22:24:22.230+0000] {logging_mixin.py:188} INFO - [2024-07-14T22:24:22.229+0000] {dag.py:3096} INFO - Sync 1 DAGs
[2024-07-14T22:24:22.312+0000] {logging_mixin.py:188} INFO - [2024-07-14T22:24:22.312+0000] {dag.py:3954} INFO - Setting next_dagrun for tutorial to 2024-07-13 00:00:00+00:00, run_after=2024-07-14 00:00:00+00:00
[2024-07-14T22:24:22.337+0000] {processor.py:183} INFO - Processing /home/airflow/.local/lib/python3.12/site-packages/airflow/example_dags/tutorial.py took 0.307 seconds
[2024-07-14T22:24:53.113+0000] {processor.py:161} INFO - Started process (PID=401) to work on /home/airflow/.local/lib/python3.12/site-packages/airflow/example_dags/tutorial.py
[2024-07-14T22:24:53.122+0000] {processor.py:830} INFO - Processing file /home/airflow/.local/lib/python3.12/site-packages/airflow/example_dags/tutorial.py for tasks to queue
[2024-07-14T22:24:53.124+0000] {logging_mixin.py:188} INFO - [2024-07-14T22:24:53.123+0000] {dagbag.py:545} INFO - Filling up the DagBag from /home/airflow/.local/lib/python3.12/site-packages/airflow/example_dags/tutorial.py
[2024-07-14T22:24:53.142+0000] {processor.py:840} INFO - DAG(s) 'tutorial' retrieved from /home/airflow/.local/lib/python3.12/site-packages/airflow/example_dags/tutorial.py
[2024-07-14T22:24:53.181+0000] {logging_mixin.py:188} INFO - [2024-07-14T22:24:53.181+0000] {dag.py:3096} INFO - Sync 1 DAGs
[2024-07-14T22:24:53.207+0000] {logging_mixin.py:188} INFO - [2024-07-14T22:24:53.207+0000] {dag.py:3954} INFO - Setting next_dagrun for tutorial to 2024-07-13 00:00:00+00:00, run_after=2024-07-14 00:00:00+00:00
[2024-07-14T22:24:53.265+0000] {processor.py:183} INFO - Processing /home/airflow/.local/lib/python3.12/site-packages/airflow/example_dags/tutorial.py took 0.173 seconds
[2024-07-14T22:25:23.618+0000] {processor.py:161} INFO - Started process (PID=459) to work on /home/airflow/.local/lib/python3.12/site-packages/airflow/example_dags/tutorial.py
[2024-07-14T22:25:23.618+0000] {processor.py:830} INFO - Processing file /home/airflow/.local/lib/python3.12/site-packages/airflow/example_dags/tutorial.py for tasks to queue
[2024-07-14T22:25:23.620+0000] {logging_mixin.py:188} INFO - [2024-07-14T22:25:23.620+0000] {dagbag.py:545} INFO - Filling up the DagBag from /home/airflow/.local/lib/python3.12/site-packages/airflow/example_dags/tutorial.py
[2024-07-14T22:25:23.626+0000] {processor.py:840} INFO - DAG(s) 'tutorial' retrieved from /home/airflow/.local/lib/python3.12/site-packages/airflow/example_dags/tutorial.py
[2024-07-14T22:25:23.649+0000] {logging_mixin.py:188} INFO - [2024-07-14T22:25:23.649+0000] {dag.py:3096} INFO - Sync 1 DAGs
[2024-07-14T22:25:23.672+0000] {logging_mixin.py:188} INFO - [2024-07-14T22:25:23.672+0000] {dag.py:3954} INFO - Setting next_dagrun for tutorial to 2024-07-13 00:00:00+00:00, run_after=2024-07-14 00:00:00+00:00
[2024-07-14T22:25:23.694+0000] {processor.py:183} INFO - Processing /home/airflow/.local/lib/python3.12/site-packages/airflow/example_dags/tutorial.py took 0.083 seconds
[2024-07-14T22:25:54.142+0000] {processor.py:161} INFO - Started process (PID=518) to work on /home/airflow/.local/lib/python3.12/site-packages/airflow/example_dags/tutorial.py
[2024-07-14T22:25:54.143+0000] {processor.py:830} INFO - Processing file /home/airflow/.local/lib/python3.12/site-packages/airflow/example_dags/tutorial.py for tasks to queue
[2024-07-14T22:25:54.145+0000] {logging_mixin.py:188} INFO - [2024-07-14T22:25:54.145+0000] {dagbag.py:545} INFO - Filling up the DagBag from /home/airflow/.local/lib/python3.12/site-packages/airflow/example_dags/tutorial.py
[2024-07-14T22:25:54.157+0000] {processor.py:840} INFO - DAG(s) 'tutorial' retrieved from /home/airflow/.local/lib/python3.12/site-packages/airflow/example_dags/tutorial.py
[2024-07-14T22:25:54.187+0000] {logging_mixin.py:188} INFO - [2024-07-14T22:25:54.186+0000] {dag.py:3096} INFO - Sync 1 DAGs
[2024-07-14T22:25:54.219+0000] {logging_mixin.py:188} INFO - [2024-07-14T22:25:54.219+0000] {dag.py:3954} INFO - Setting next_dagrun for tutorial to 2024-07-13 00:00:00+00:00, run_after=2024-07-14 00:00:00+00:00
[2024-07-14T22:25:54.251+0000] {processor.py:183} INFO - Processing /home/airflow/.local/lib/python3.12/site-packages/airflow/example_dags/tutorial.py took 0.115 seconds
[2024-07-14T22:26:24.370+0000] {processor.py:161} INFO - Started process (PID=577) to work on /home/airflow/.local/lib/python3.12/site-packages/airflow/example_dags/tutorial.py
[2024-07-14T22:26:24.371+0000] {processor.py:830} INFO - Processing file /home/airflow/.local/lib/python3.12/site-packages/airflow/example_dags/tutorial.py for tasks to queue
[2024-07-14T22:26:24.373+0000] {logging_mixin.py:188} INFO - [2024-07-14T22:26:24.372+0000] {dagbag.py:545} INFO - Filling up the DagBag from /home/airflow/.local/lib/python3.12/site-packages/airflow/example_dags/tutorial.py
[2024-07-14T22:26:24.379+0000] {processor.py:840} INFO - DAG(s) 'tutorial' retrieved from /home/airflow/.local/lib/python3.12/site-packages/airflow/example_dags/tutorial.py
[2024-07-14T22:26:24.399+0000] {logging_mixin.py:188} INFO - [2024-07-14T22:26:24.399+0000] {dag.py:3096} INFO - Sync 1 DAGs
[2024-07-14T22:26:24.425+0000] {logging_mixin.py:188} INFO - [2024-07-14T22:26:24.424+0000] {dag.py:3954} INFO - Setting next_dagrun for tutorial to 2024-07-13 00:00:00+00:00, run_after=2024-07-14 00:00:00+00:00
[2024-07-14T22:26:24.448+0000] {processor.py:183} INFO - Processing /home/airflow/.local/lib/python3.12/site-packages/airflow/example_dags/tutorial.py took 0.084 seconds
[2024-07-14T22:26:54.577+0000] {processor.py:161} INFO - Started process (PID=636) to work on /home/airflow/.local/lib/python3.12/site-packages/airflow/example_dags/tutorial.py
[2024-07-14T22:26:54.578+0000] {processor.py:830} INFO - Processing file /home/airflow/.local/lib/python3.12/site-packages/airflow/example_dags/tutorial.py for tasks to queue
[2024-07-14T22:26:54.580+0000] {logging_mixin.py:188} INFO - [2024-07-14T22:26:54.579+0000] {dagbag.py:545} INFO - Filling up the DagBag from /home/airflow/.local/lib/python3.12/site-packages/airflow/example_dags/tutorial.py
[2024-07-14T22:26:54.586+0000] {processor.py:840} INFO - DAG(s) 'tutorial' retrieved from /home/airflow/.local/lib/python3.12/site-packages/airflow/example_dags/tutorial.py
[2024-07-14T22:26:54.608+0000] {logging_mixin.py:188} INFO - [2024-07-14T22:26:54.608+0000] {dag.py:3096} INFO - Sync 1 DAGs
[2024-07-14T22:26:54.632+0000] {logging_mixin.py:188} INFO - [2024-07-14T22:26:54.632+0000] {dag.py:3954} INFO - Setting next_dagrun for tutorial to 2024-07-13 00:00:00+00:00, run_after=2024-07-14 00:00:00+00:00
[2024-07-14T22:26:54.664+0000] {processor.py:183} INFO - Processing /home/airflow/.local/lib/python3.12/site-packages/airflow/example_dags/tutorial.py took 0.093 seconds
[2024-07-14T22:27:25.202+0000] {processor.py:161} INFO - Started process (PID=701) to work on /home/airflow/.local/lib/python3.12/site-packages/airflow/example_dags/tutorial.py
[2024-07-14T22:27:25.202+0000] {processor.py:830} INFO - Processing file /home/airflow/.local/lib/python3.12/site-packages/airflow/example_dags/tutorial.py for tasks to queue
[2024-07-14T22:27:25.204+0000] {logging_mixin.py:188} INFO - [2024-07-14T22:27:25.204+0000] {dagbag.py:545} INFO - Filling up the DagBag from /home/airflow/.local/lib/python3.12/site-packages/airflow/example_dags/tutorial.py
[2024-07-14T22:27:25.209+0000] {processor.py:840} INFO - DAG(s) 'tutorial' retrieved from /home/airflow/.local/lib/python3.12/site-packages/airflow/example_dags/tutorial.py
[2024-07-14T22:27:25.229+0000] {logging_mixin.py:188} INFO - [2024-07-14T22:27:25.229+0000] {dag.py:3096} INFO - Sync 1 DAGs
[2024-07-14T22:27:25.255+0000] {logging_mixin.py:188} INFO - [2024-07-14T22:27:25.255+0000] {dag.py:3954} INFO - Setting next_dagrun for tutorial to 2024-07-13 00:00:00+00:00, run_after=2024-07-14 00:00:00+00:00
[2024-07-14T22:27:25.278+0000] {processor.py:183} INFO - Processing /home/airflow/.local/lib/python3.12/site-packages/airflow/example_dags/tutorial.py took 0.083 seconds
[2024-07-14T22:27:55.364+0000] {processor.py:161} INFO - Started process (PID=762) to work on /home/airflow/.local/lib/python3.12/site-packages/airflow/example_dags/tutorial.py
[2024-07-14T22:27:55.364+0000] {processor.py:830} INFO - Processing file /home/airflow/.local/lib/python3.12/site-packages/airflow/example_dags/tutorial.py for tasks to queue
[2024-07-14T22:27:55.366+0000] {logging_mixin.py:188} INFO - [2024-07-14T22:27:55.366+0000] {dagbag.py:545} INFO - Filling up the DagBag from /home/airflow/.local/lib/python3.12/site-packages/airflow/example_dags/tutorial.py
[2024-07-14T22:27:55.373+0000] {processor.py:840} INFO - DAG(s) 'tutorial' retrieved from /home/airflow/.local/lib/python3.12/site-packages/airflow/example_dags/tutorial.py
[2024-07-14T22:27:55.395+0000] {logging_mixin.py:188} INFO - [2024-07-14T22:27:55.395+0000] {dag.py:3096} INFO - Sync 1 DAGs
[2024-07-14T22:27:55.421+0000] {logging_mixin.py:188} INFO - [2024-07-14T22:27:55.421+0000] {dag.py:3954} INFO - Setting next_dagrun for tutorial to 2024-07-13 00:00:00+00:00, run_after=2024-07-14 00:00:00+00:00
[2024-07-14T22:27:55.447+0000] {processor.py:183} INFO - Processing /home/airflow/.local/lib/python3.12/site-packages/airflow/example_dags/tutorial.py took 0.090 seconds
[2024-07-14T22:28:26.198+0000] {processor.py:161} INFO - Started process (PID=821) to work on /home/airflow/.local/lib/python3.12/site-packages/airflow/example_dags/tutorial.py
[2024-07-14T22:28:26.199+0000] {processor.py:830} INFO - Processing file /home/airflow/.local/lib/python3.12/site-packages/airflow/example_dags/tutorial.py for tasks to queue
[2024-07-14T22:28:26.201+0000] {logging_mixin.py:188} INFO - [2024-07-14T22:28:26.200+0000] {dagbag.py:545} INFO - Filling up the DagBag from /home/airflow/.local/lib/python3.12/site-packages/airflow/example_dags/tutorial.py
[2024-07-14T22:28:26.214+0000] {processor.py:840} INFO - DAG(s) 'tutorial' retrieved from /home/airflow/.local/lib/python3.12/site-packages/airflow/example_dags/tutorial.py
[2024-07-14T22:28:26.237+0000] {logging_mixin.py:188} INFO - [2024-07-14T22:28:26.237+0000] {dag.py:3096} INFO - Sync 1 DAGs
[2024-07-14T22:28:26.267+0000] {logging_mixin.py:188} INFO - [2024-07-14T22:28:26.267+0000] {dag.py:3954} INFO - Setting next_dagrun for tutorial to 2024-07-13 00:00:00+00:00, run_after=2024-07-14 00:00:00+00:00
[2024-07-14T22:28:26.291+0000] {processor.py:183} INFO - Processing /home/airflow/.local/lib/python3.12/site-packages/airflow/example_dags/tutorial.py took 0.112 seconds
[2024-07-14T22:28:56.374+0000] {processor.py:161} INFO - Started process (PID=879) to work on /home/airflow/.local/lib/python3.12/site-packages/airflow/example_dags/tutorial.py
[2024-07-14T22:28:56.375+0000] {processor.py:830} INFO - Processing file /home/airflow/.local/lib/python3.12/site-packages/airflow/example_dags/tutorial.py for tasks to queue
[2024-07-14T22:28:56.377+0000] {logging_mixin.py:188} INFO - [2024-07-14T22:28:56.376+0000] {dagbag.py:545} INFO - Filling up the DagBag from /home/airflow/.local/lib/python3.12/site-packages/airflow/example_dags/tutorial.py
[2024-07-14T22:28:56.382+0000] {processor.py:840} INFO - DAG(s) 'tutorial' retrieved from /home/airflow/.local/lib/python3.12/site-packages/airflow/example_dags/tutorial.py
[2024-07-14T22:28:56.402+0000] {logging_mixin.py:188} INFO - [2024-07-14T22:28:56.402+0000] {dag.py:3096} INFO - Sync 1 DAGs
[2024-07-14T22:28:56.427+0000] {logging_mixin.py:188} INFO - [2024-07-14T22:28:56.427+0000] {dag.py:3954} INFO - Setting next_dagrun for tutorial to 2024-07-13 00:00:00+00:00, run_after=2024-07-14 00:00:00+00:00
[2024-07-14T22:28:56.451+0000] {processor.py:183} INFO - Processing /home/airflow/.local/lib/python3.12/site-packages/airflow/example_dags/tutorial.py took 0.083 seconds
[2024-07-14T22:29:27.574+0000] {processor.py:161} INFO - Started process (PID=938) to work on /home/airflow/.local/lib/python3.12/site-packages/airflow/example_dags/tutorial.py
[2024-07-14T22:29:27.575+0000] {processor.py:830} INFO - Processing file /home/airflow/.local/lib/python3.12/site-packages/airflow/example_dags/tutorial.py for tasks to queue
[2024-07-14T22:29:27.579+0000] {logging_mixin.py:188} INFO - [2024-07-14T22:29:27.579+0000] {dagbag.py:545} INFO - Filling up the DagBag from /home/airflow/.local/lib/python3.12/site-packages/airflow/example_dags/tutorial.py
[2024-07-14T22:29:27.600+0000] {processor.py:840} INFO - DAG(s) 'tutorial' retrieved from /home/airflow/.local/lib/python3.12/site-packages/airflow/example_dags/tutorial.py
[2024-07-14T22:29:27.663+0000] {logging_mixin.py:188} INFO - [2024-07-14T22:29:27.662+0000] {dag.py:3096} INFO - Sync 1 DAGs
[2024-07-14T22:29:27.759+0000] {logging_mixin.py:188} INFO - [2024-07-14T22:29:27.759+0000] {dag.py:3954} INFO - Setting next_dagrun for tutorial to 2024-07-13 00:00:00+00:00, run_after=2024-07-14 00:00:00+00:00
[2024-07-14T22:29:27.820+0000] {processor.py:183} INFO - Processing /home/airflow/.local/lib/python3.12/site-packages/airflow/example_dags/tutorial.py took 0.283 seconds
[2024-07-14T22:29:58.102+0000] {processor.py:161} INFO - Started process (PID=998) to work on /home/airflow/.local/lib/python3.12/site-packages/airflow/example_dags/tutorial.py
[2024-07-14T22:29:58.103+0000] {processor.py:830} INFO - Processing file /home/airflow/.local/lib/python3.12/site-packages/airflow/example_dags/tutorial.py for tasks to queue
[2024-07-14T22:29:58.105+0000] {logging_mixin.py:188} INFO - [2024-07-14T22:29:58.104+0000] {dagbag.py:545} INFO - Filling up the DagBag from /home/airflow/.local/lib/python3.12/site-packages/airflow/example_dags/tutorial.py
[2024-07-14T22:29:58.111+0000] {processor.py:840} INFO - DAG(s) 'tutorial' retrieved from /home/airflow/.local/lib/python3.12/site-packages/airflow/example_dags/tutorial.py
[2024-07-14T22:29:58.135+0000] {logging_mixin.py:188} INFO - [2024-07-14T22:29:58.135+0000] {dag.py:3096} INFO - Sync 1 DAGs
[2024-07-14T22:29:58.158+0000] {logging_mixin.py:188} INFO - [2024-07-14T22:29:58.157+0000] {dag.py:3954} INFO - Setting next_dagrun for tutorial to 2024-07-13 00:00:00+00:00, run_after=2024-07-14 00:00:00+00:00
[2024-07-14T22:29:58.176+0000] {processor.py:183} INFO - Processing /home/airflow/.local/lib/python3.12/site-packages/airflow/example_dags/tutorial.py took 0.080 seconds
[2024-07-14T22:30:28.844+0000] {processor.py:161} INFO - Started process (PID=1057) to work on /home/airflow/.local/lib/python3.12/site-packages/airflow/example_dags/tutorial.py
[2024-07-14T22:30:28.845+0000] {processor.py:830} INFO - Processing file /home/airflow/.local/lib/python3.12/site-packages/airflow/example_dags/tutorial.py for tasks to queue
[2024-07-14T22:30:28.846+0000] {logging_mixin.py:188} INFO - [2024-07-14T22:30:28.846+0000] {dagbag.py:545} INFO - Filling up the DagBag from /home/airflow/.local/lib/python3.12/site-packages/airflow/example_dags/tutorial.py
[2024-07-14T22:30:28.852+0000] {processor.py:840} INFO - DAG(s) 'tutorial' retrieved from /home/airflow/.local/lib/python3.12/site-packages/airflow/example_dags/tutorial.py
[2024-07-14T22:30:28.874+0000] {logging_mixin.py:188} INFO - [2024-07-14T22:30:28.874+0000] {dag.py:3096} INFO - Sync 1 DAGs
[2024-07-14T22:30:28.898+0000] {logging_mixin.py:188} INFO - [2024-07-14T22:30:28.898+0000] {dag.py:3954} INFO - Setting next_dagrun for tutorial to 2024-07-13 00:00:00+00:00, run_after=2024-07-14 00:00:00+00:00
[2024-07-14T22:30:28.918+0000] {processor.py:183} INFO - Processing /home/airflow/.local/lib/python3.12/site-packages/airflow/example_dags/tutorial.py took 0.081 seconds
[2024-07-14T22:30:59.346+0000] {processor.py:161} INFO - Started process (PID=1116) to work on /home/airflow/.local/lib/python3.12/site-packages/airflow/example_dags/tutorial.py
[2024-07-14T22:30:59.347+0000] {processor.py:830} INFO - Processing file /home/airflow/.local/lib/python3.12/site-packages/airflow/example_dags/tutorial.py for tasks to queue
[2024-07-14T22:30:59.348+0000] {logging_mixin.py:188} INFO - [2024-07-14T22:30:59.348+0000] {dagbag.py:545} INFO - Filling up the DagBag from /home/airflow/.local/lib/python3.12/site-packages/airflow/example_dags/tutorial.py
[2024-07-14T22:30:59.355+0000] {processor.py:840} INFO - DAG(s) 'tutorial' retrieved from /home/airflow/.local/lib/python3.12/site-packages/airflow/example_dags/tutorial.py
[2024-07-14T22:30:59.377+0000] {logging_mixin.py:188} INFO - [2024-07-14T22:30:59.377+0000] {dag.py:3096} INFO - Sync 1 DAGs
[2024-07-14T22:30:59.399+0000] {logging_mixin.py:188} INFO - [2024-07-14T22:30:59.399+0000] {dag.py:3954} INFO - Setting next_dagrun for tutorial to 2024-07-13 00:00:00+00:00, run_after=2024-07-14 00:00:00+00:00
[2024-07-14T22:30:59.420+0000] {processor.py:183} INFO - Processing /home/airflow/.local/lib/python3.12/site-packages/airflow/example_dags/tutorial.py took 0.081 seconds
[2024-07-14T22:31:29.629+0000] {processor.py:161} INFO - Started process (PID=1175) to work on /home/airflow/.local/lib/python3.12/site-packages/airflow/example_dags/tutorial.py
[2024-07-14T22:31:29.630+0000] {processor.py:830} INFO - Processing file /home/airflow/.local/lib/python3.12/site-packages/airflow/example_dags/tutorial.py for tasks to queue
[2024-07-14T22:31:29.631+0000] {logging_mixin.py:188} INFO - [2024-07-14T22:31:29.631+0000] {dagbag.py:545} INFO - Filling up the DagBag from /home/airflow/.local/lib/python3.12/site-packages/airflow/example_dags/tutorial.py
[2024-07-14T22:31:29.638+0000] {processor.py:840} INFO - DAG(s) 'tutorial' retrieved from /home/airflow/.local/lib/python3.12/site-packages/airflow/example_dags/tutorial.py
[2024-07-14T22:31:29.658+0000] {logging_mixin.py:188} INFO - [2024-07-14T22:31:29.658+0000] {dag.py:3096} INFO - Sync 1 DAGs
[2024-07-14T22:31:29.678+0000] {logging_mixin.py:188} INFO - [2024-07-14T22:31:29.678+0000] {dag.py:3954} INFO - Setting next_dagrun for tutorial to 2024-07-13 00:00:00+00:00, run_after=2024-07-14 00:00:00+00:00
[2024-07-14T22:31:29.696+0000] {processor.py:183} INFO - Processing /home/airflow/.local/lib/python3.12/site-packages/airflow/example_dags/tutorial.py took 0.074 seconds
[2024-07-14T22:32:00.179+0000] {processor.py:161} INFO - Started process (PID=1234) to work on /home/airflow/.local/lib/python3.12/site-packages/airflow/example_dags/tutorial.py
[2024-07-14T22:32:00.180+0000] {processor.py:830} INFO - Processing file /home/airflow/.local/lib/python3.12/site-packages/airflow/example_dags/tutorial.py for tasks to queue
[2024-07-14T22:32:00.182+0000] {logging_mixin.py:188} INFO - [2024-07-14T22:32:00.181+0000] {dagbag.py:545} INFO - Filling up the DagBag from /home/airflow/.local/lib/python3.12/site-packages/airflow/example_dags/tutorial.py
[2024-07-14T22:32:00.188+0000] {processor.py:840} INFO - DAG(s) 'tutorial' retrieved from /home/airflow/.local/lib/python3.12/site-packages/airflow/example_dags/tutorial.py
[2024-07-14T22:32:00.210+0000] {logging_mixin.py:188} INFO - [2024-07-14T22:32:00.210+0000] {dag.py:3096} INFO - Sync 1 DAGs
[2024-07-14T22:32:00.233+0000] {logging_mixin.py:188} INFO - [2024-07-14T22:32:00.233+0000] {dag.py:3954} INFO - Setting next_dagrun for tutorial to 2024-07-13 00:00:00+00:00, run_after=2024-07-14 00:00:00+00:00
[2024-07-14T22:32:00.254+0000] {processor.py:183} INFO - Processing /home/airflow/.local/lib/python3.12/site-packages/airflow/example_dags/tutorial.py took 0.082 seconds
[2024-07-14T22:32:30.481+0000] {processor.py:161} INFO - Started process (PID=1293) to work on /home/airflow/.local/lib/python3.12/site-packages/airflow/example_dags/tutorial.py
[2024-07-14T22:32:30.481+0000] {processor.py:830} INFO - Processing file /home/airflow/.local/lib/python3.12/site-packages/airflow/example_dags/tutorial.py for tasks to queue
[2024-07-14T22:32:30.483+0000] {logging_mixin.py:188} INFO - [2024-07-14T22:32:30.482+0000] {dagbag.py:545} INFO - Filling up the DagBag from /home/airflow/.local/lib/python3.12/site-packages/airflow/example_dags/tutorial.py
[2024-07-14T22:32:30.489+0000] {processor.py:840} INFO - DAG(s) 'tutorial' retrieved from /home/airflow/.local/lib/python3.12/site-packages/airflow/example_dags/tutorial.py
[2024-07-14T22:32:30.511+0000] {logging_mixin.py:188} INFO - [2024-07-14T22:32:30.511+0000] {dag.py:3096} INFO - Sync 1 DAGs
[2024-07-14T22:32:30.529+0000] {logging_mixin.py:188} INFO - [2024-07-14T22:32:30.528+0000] {dag.py:3954} INFO - Setting next_dagrun for tutorial to 2024-07-13 00:00:00+00:00, run_after=2024-07-14 00:00:00+00:00
[2024-07-14T22:32:30.547+0000] {processor.py:183} INFO - Processing /home/airflow/.local/lib/python3.12/site-packages/airflow/example_dags/tutorial.py took 0.071 seconds
[2024-07-14T22:33:00.992+0000] {processor.py:161} INFO - Started process (PID=1352) to work on /home/airflow/.local/lib/python3.12/site-packages/airflow/example_dags/tutorial.py
[2024-07-14T22:33:00.993+0000] {processor.py:830} INFO - Processing file /home/airflow/.local/lib/python3.12/site-packages/airflow/example_dags/tutorial.py for tasks to queue
[2024-07-14T22:33:00.996+0000] {logging_mixin.py:188} INFO - [2024-07-14T22:33:00.995+0000] {dagbag.py:545} INFO - Filling up the DagBag from /home/airflow/.local/lib/python3.12/site-packages/airflow/example_dags/tutorial.py
[2024-07-14T22:33:01.003+0000] {processor.py:840} INFO - DAG(s) 'tutorial' retrieved from /home/airflow/.local/lib/python3.12/site-packages/airflow/example_dags/tutorial.py
[2024-07-14T22:33:01.041+0000] {logging_mixin.py:188} INFO - [2024-07-14T22:33:01.040+0000] {dag.py:3096} INFO - Sync 1 DAGs
[2024-07-14T22:33:01.064+0000] {logging_mixin.py:188} INFO - [2024-07-14T22:33:01.064+0000] {dag.py:3954} INFO - Setting next_dagrun for tutorial to 2024-07-13 00:00:00+00:00, run_after=2024-07-14 00:00:00+00:00
[2024-07-14T22:33:01.085+0000] {processor.py:183} INFO - Processing /home/airflow/.local/lib/python3.12/site-packages/airflow/example_dags/tutorial.py took 0.100 seconds
[2024-07-14T22:33:31.707+0000] {processor.py:161} INFO - Started process (PID=1411) to work on /home/airflow/.local/lib/python3.12/site-packages/airflow/example_dags/tutorial.py
[2024-07-14T22:33:31.707+0000] {processor.py:830} INFO - Processing file /home/airflow/.local/lib/python3.12/site-packages/airflow/example_dags/tutorial.py for tasks to queue
[2024-07-14T22:33:31.709+0000] {logging_mixin.py:188} INFO - [2024-07-14T22:33:31.709+0000] {dagbag.py:545} INFO - Filling up the DagBag from /home/airflow/.local/lib/python3.12/site-packages/airflow/example_dags/tutorial.py
[2024-07-14T22:33:31.715+0000] {processor.py:840} INFO - DAG(s) 'tutorial' retrieved from /home/airflow/.local/lib/python3.12/site-packages/airflow/example_dags/tutorial.py
[2024-07-14T22:33:31.737+0000] {logging_mixin.py:188} INFO - [2024-07-14T22:33:31.736+0000] {dag.py:3096} INFO - Sync 1 DAGs
[2024-07-14T22:33:31.760+0000] {logging_mixin.py:188} INFO - [2024-07-14T22:33:31.760+0000] {dag.py:3954} INFO - Setting next_dagrun for tutorial to 2024-07-13 00:00:00+00:00, run_after=2024-07-14 00:00:00+00:00
[2024-07-14T22:33:31.781+0000] {processor.py:183} INFO - Processing /home/airflow/.local/lib/python3.12/site-packages/airflow/example_dags/tutorial.py took 0.080 seconds
[2024-07-14T22:34:02.046+0000] {processor.py:161} INFO - Started process (PID=1470) to work on /home/airflow/.local/lib/python3.12/site-packages/airflow/example_dags/tutorial.py
[2024-07-14T22:34:02.046+0000] {processor.py:830} INFO - Processing file /home/airflow/.local/lib/python3.12/site-packages/airflow/example_dags/tutorial.py for tasks to queue
[2024-07-14T22:34:02.048+0000] {logging_mixin.py:188} INFO - [2024-07-14T22:34:02.048+0000] {dagbag.py:545} INFO - Filling up the DagBag from /home/airflow/.local/lib/python3.12/site-packages/airflow/example_dags/tutorial.py
[2024-07-14T22:34:02.054+0000] {processor.py:840} INFO - DAG(s) 'tutorial' retrieved from /home/airflow/.local/lib/python3.12/site-packages/airflow/example_dags/tutorial.py
[2024-07-14T22:34:02.069+0000] {logging_mixin.py:188} INFO - [2024-07-14T22:34:02.069+0000] {dag.py:3096} INFO - Sync 1 DAGs
[2024-07-14T22:34:02.088+0000] {logging_mixin.py:188} INFO - [2024-07-14T22:34:02.088+0000] {dag.py:3954} INFO - Setting next_dagrun for tutorial to 2024-07-13 00:00:00+00:00, run_after=2024-07-14 00:00:00+00:00
[2024-07-14T22:34:02.115+0000] {processor.py:183} INFO - Processing /home/airflow/.local/lib/python3.12/site-packages/airflow/example_dags/tutorial.py took 0.075 seconds
[2024-07-14T22:34:32.819+0000] {processor.py:161} INFO - Started process (PID=1529) to work on /home/airflow/.local/lib/python3.12/site-packages/airflow/example_dags/tutorial.py
[2024-07-14T22:34:32.820+0000] {processor.py:830} INFO - Processing file /home/airflow/.local/lib/python3.12/site-packages/airflow/example_dags/tutorial.py for tasks to queue
[2024-07-14T22:34:32.822+0000] {logging_mixin.py:188} INFO - [2024-07-14T22:34:32.821+0000] {dagbag.py:545} INFO - Filling up the DagBag from /home/airflow/.local/lib/python3.12/site-packages/airflow/example_dags/tutorial.py
[2024-07-14T22:34:32.844+0000] {processor.py:840} INFO - DAG(s) 'tutorial' retrieved from /home/airflow/.local/lib/python3.12/site-packages/airflow/example_dags/tutorial.py
[2024-07-14T22:34:32.887+0000] {logging_mixin.py:188} INFO - [2024-07-14T22:34:32.887+0000] {dag.py:3096} INFO - Sync 1 DAGs
[2024-07-14T22:34:32.921+0000] {logging_mixin.py:188} INFO - [2024-07-14T22:34:32.921+0000] {dag.py:3954} INFO - Setting next_dagrun for tutorial to 2024-07-13 00:00:00+00:00, run_after=2024-07-14 00:00:00+00:00
[2024-07-14T22:34:32.946+0000] {processor.py:183} INFO - Processing /home/airflow/.local/lib/python3.12/site-packages/airflow/example_dags/tutorial.py took 0.152 seconds
[2024-07-14T22:35:03.860+0000] {processor.py:161} INFO - Started process (PID=1588) to work on /home/airflow/.local/lib/python3.12/site-packages/airflow/example_dags/tutorial.py
[2024-07-14T22:35:03.866+0000] {processor.py:830} INFO - Processing file /home/airflow/.local/lib/python3.12/site-packages/airflow/example_dags/tutorial.py for tasks to queue
[2024-07-14T22:35:03.868+0000] {logging_mixin.py:188} INFO - [2024-07-14T22:35:03.867+0000] {dagbag.py:545} INFO - Filling up the DagBag from /home/airflow/.local/lib/python3.12/site-packages/airflow/example_dags/tutorial.py
[2024-07-14T22:35:03.882+0000] {processor.py:840} INFO - DAG(s) 'tutorial' retrieved from /home/airflow/.local/lib/python3.12/site-packages/airflow/example_dags/tutorial.py
[2024-07-14T22:35:03.922+0000] {logging_mixin.py:188} INFO - [2024-07-14T22:35:03.922+0000] {dag.py:3096} INFO - Sync 1 DAGs
[2024-07-14T22:35:03.970+0000] {logging_mixin.py:188} INFO - [2024-07-14T22:35:03.970+0000] {dag.py:3954} INFO - Setting next_dagrun for tutorial to 2024-07-13 00:00:00+00:00, run_after=2024-07-14 00:00:00+00:00
[2024-07-14T22:35:04.298+0000] {processor.py:183} INFO - Processing /home/airflow/.local/lib/python3.12/site-packages/airflow/example_dags/tutorial.py took 0.453 seconds
[2024-07-14T22:35:34.367+0000] {processor.py:161} INFO - Started process (PID=1647) to work on /home/airflow/.local/lib/python3.12/site-packages/airflow/example_dags/tutorial.py
[2024-07-14T22:35:34.368+0000] {processor.py:830} INFO - Processing file /home/airflow/.local/lib/python3.12/site-packages/airflow/example_dags/tutorial.py for tasks to queue
[2024-07-14T22:35:34.369+0000] {logging_mixin.py:188} INFO - [2024-07-14T22:35:34.369+0000] {dagbag.py:545} INFO - Filling up the DagBag from /home/airflow/.local/lib/python3.12/site-packages/airflow/example_dags/tutorial.py
[2024-07-14T22:35:34.373+0000] {processor.py:840} INFO - DAG(s) 'tutorial' retrieved from /home/airflow/.local/lib/python3.12/site-packages/airflow/example_dags/tutorial.py
[2024-07-14T22:35:34.392+0000] {logging_mixin.py:188} INFO - [2024-07-14T22:35:34.392+0000] {dag.py:3096} INFO - Sync 1 DAGs
[2024-07-14T22:35:34.410+0000] {logging_mixin.py:188} INFO - [2024-07-14T22:35:34.410+0000] {dag.py:3954} INFO - Setting next_dagrun for tutorial to 2024-07-13 00:00:00+00:00, run_after=2024-07-14 00:00:00+00:00
[2024-07-14T22:35:34.436+0000] {processor.py:183} INFO - Processing /home/airflow/.local/lib/python3.12/site-packages/airflow/example_dags/tutorial.py took 0.074 seconds
[2024-07-14T22:36:04.545+0000] {processor.py:161} INFO - Started process (PID=1707) to work on /home/airflow/.local/lib/python3.12/site-packages/airflow/example_dags/tutorial.py
[2024-07-14T22:36:04.546+0000] {processor.py:830} INFO - Processing file /home/airflow/.local/lib/python3.12/site-packages/airflow/example_dags/tutorial.py for tasks to queue
[2024-07-14T22:36:04.548+0000] {logging_mixin.py:188} INFO - [2024-07-14T22:36:04.548+0000] {dagbag.py:545} INFO - Filling up the DagBag from /home/airflow/.local/lib/python3.12/site-packages/airflow/example_dags/tutorial.py
[2024-07-14T22:36:04.554+0000] {processor.py:840} INFO - DAG(s) 'tutorial' retrieved from /home/airflow/.local/lib/python3.12/site-packages/airflow/example_dags/tutorial.py
[2024-07-14T22:36:04.574+0000] {logging_mixin.py:188} INFO - [2024-07-14T22:36:04.573+0000] {dag.py:3096} INFO - Sync 1 DAGs
[2024-07-14T22:36:04.598+0000] {logging_mixin.py:188} INFO - [2024-07-14T22:36:04.598+0000] {dag.py:3954} INFO - Setting next_dagrun for tutorial to 2024-07-13 00:00:00+00:00, run_after=2024-07-14 00:00:00+00:00
[2024-07-14T22:36:04.617+0000] {processor.py:183} INFO - Processing /home/airflow/.local/lib/python3.12/site-packages/airflow/example_dags/tutorial.py took 0.078 seconds
[2024-07-14T22:36:34.993+0000] {processor.py:161} INFO - Started process (PID=1766) to work on /home/airflow/.local/lib/python3.12/site-packages/airflow/example_dags/tutorial.py
[2024-07-14T22:36:34.994+0000] {processor.py:830} INFO - Processing file /home/airflow/.local/lib/python3.12/site-packages/airflow/example_dags/tutorial.py for tasks to queue
[2024-07-14T22:36:34.995+0000] {logging_mixin.py:188} INFO - [2024-07-14T22:36:34.995+0000] {dagbag.py:545} INFO - Filling up the DagBag from /home/airflow/.local/lib/python3.12/site-packages/airflow/example_dags/tutorial.py
[2024-07-14T22:36:35.001+0000] {processor.py:840} INFO - DAG(s) 'tutorial' retrieved from /home/airflow/.local/lib/python3.12/site-packages/airflow/example_dags/tutorial.py
[2024-07-14T22:36:35.023+0000] {logging_mixin.py:188} INFO - [2024-07-14T22:36:35.023+0000] {dag.py:3096} INFO - Sync 1 DAGs
[2024-07-14T22:36:35.049+0000] {logging_mixin.py:188} INFO - [2024-07-14T22:36:35.048+0000] {dag.py:3954} INFO - Setting next_dagrun for tutorial to 2024-07-13 00:00:00+00:00, run_after=2024-07-14 00:00:00+00:00
[2024-07-14T22:36:35.067+0000] {processor.py:183} INFO - Processing /home/airflow/.local/lib/python3.12/site-packages/airflow/example_dags/tutorial.py took 0.081 seconds
[2024-07-14T22:37:05.427+0000] {processor.py:161} INFO - Started process (PID=1825) to work on /home/airflow/.local/lib/python3.12/site-packages/airflow/example_dags/tutorial.py
[2024-07-14T22:37:05.428+0000] {processor.py:830} INFO - Processing file /home/airflow/.local/lib/python3.12/site-packages/airflow/example_dags/tutorial.py for tasks to queue
[2024-07-14T22:37:05.429+0000] {logging_mixin.py:188} INFO - [2024-07-14T22:37:05.429+0000] {dagbag.py:545} INFO - Filling up the DagBag from /home/airflow/.local/lib/python3.12/site-packages/airflow/example_dags/tutorial.py
[2024-07-14T22:37:05.436+0000] {processor.py:840} INFO - DAG(s) 'tutorial' retrieved from /home/airflow/.local/lib/python3.12/site-packages/airflow/example_dags/tutorial.py
[2024-07-14T22:37:05.455+0000] {logging_mixin.py:188} INFO - [2024-07-14T22:37:05.455+0000] {dag.py:3096} INFO - Sync 1 DAGs
[2024-07-14T22:37:05.479+0000] {logging_mixin.py:188} INFO - [2024-07-14T22:37:05.479+0000] {dag.py:3954} INFO - Setting next_dagrun for tutorial to 2024-07-13 00:00:00+00:00, run_after=2024-07-14 00:00:00+00:00
[2024-07-14T22:37:05.498+0000] {processor.py:183} INFO - Processing /home/airflow/.local/lib/python3.12/site-packages/airflow/example_dags/tutorial.py took 0.077 seconds
[2024-07-14T22:37:35.984+0000] {processor.py:161} INFO - Started process (PID=1884) to work on /home/airflow/.local/lib/python3.12/site-packages/airflow/example_dags/tutorial.py
[2024-07-14T22:37:35.985+0000] {processor.py:830} INFO - Processing file /home/airflow/.local/lib/python3.12/site-packages/airflow/example_dags/tutorial.py for tasks to queue
[2024-07-14T22:37:35.986+0000] {logging_mixin.py:188} INFO - [2024-07-14T22:37:35.986+0000] {dagbag.py:545} INFO - Filling up the DagBag from /home/airflow/.local/lib/python3.12/site-packages/airflow/example_dags/tutorial.py
[2024-07-14T22:37:35.992+0000] {processor.py:840} INFO - DAG(s) 'tutorial' retrieved from /home/airflow/.local/lib/python3.12/site-packages/airflow/example_dags/tutorial.py
[2024-07-14T22:37:36.014+0000] {logging_mixin.py:188} INFO - [2024-07-14T22:37:36.014+0000] {dag.py:3096} INFO - Sync 1 DAGs
[2024-07-14T22:37:36.185+0000] {logging_mixin.py:188} INFO - [2024-07-14T22:37:36.185+0000] {dag.py:3954} INFO - Setting next_dagrun for tutorial to 2024-07-13 00:00:00+00:00, run_after=2024-07-14 00:00:00+00:00
[2024-07-14T22:37:36.208+0000] {processor.py:183} INFO - Processing /home/airflow/.local/lib/python3.12/site-packages/airflow/example_dags/tutorial.py took 0.230 seconds
[2024-07-14T22:38:06.269+0000] {processor.py:161} INFO - Started process (PID=1943) to work on /home/airflow/.local/lib/python3.12/site-packages/airflow/example_dags/tutorial.py
[2024-07-14T22:38:06.270+0000] {processor.py:830} INFO - Processing file /home/airflow/.local/lib/python3.12/site-packages/airflow/example_dags/tutorial.py for tasks to queue
[2024-07-14T22:38:06.272+0000] {logging_mixin.py:188} INFO - [2024-07-14T22:38:06.272+0000] {dagbag.py:545} INFO - Filling up the DagBag from /home/airflow/.local/lib/python3.12/site-packages/airflow/example_dags/tutorial.py
[2024-07-14T22:38:06.278+0000] {processor.py:840} INFO - DAG(s) 'tutorial' retrieved from /home/airflow/.local/lib/python3.12/site-packages/airflow/example_dags/tutorial.py
[2024-07-14T22:38:06.300+0000] {logging_mixin.py:188} INFO - [2024-07-14T22:38:06.299+0000] {dag.py:3096} INFO - Sync 1 DAGs
[2024-07-14T22:38:06.322+0000] {logging_mixin.py:188} INFO - [2024-07-14T22:38:06.322+0000] {dag.py:3954} INFO - Setting next_dagrun for tutorial to 2024-07-13 00:00:00+00:00, run_after=2024-07-14 00:00:00+00:00
[2024-07-14T22:38:06.345+0000] {processor.py:183} INFO - Processing /home/airflow/.local/lib/python3.12/site-packages/airflow/example_dags/tutorial.py took 0.083 seconds
[2024-07-14T22:38:36.755+0000] {processor.py:161} INFO - Started process (PID=2002) to work on /home/airflow/.local/lib/python3.12/site-packages/airflow/example_dags/tutorial.py
[2024-07-14T22:38:36.756+0000] {processor.py:830} INFO - Processing file /home/airflow/.local/lib/python3.12/site-packages/airflow/example_dags/tutorial.py for tasks to queue
[2024-07-14T22:38:36.758+0000] {logging_mixin.py:188} INFO - [2024-07-14T22:38:36.757+0000] {dagbag.py:545} INFO - Filling up the DagBag from /home/airflow/.local/lib/python3.12/site-packages/airflow/example_dags/tutorial.py
[2024-07-14T22:38:36.764+0000] {processor.py:840} INFO - DAG(s) 'tutorial' retrieved from /home/airflow/.local/lib/python3.12/site-packages/airflow/example_dags/tutorial.py
[2024-07-14T22:38:36.784+0000] {logging_mixin.py:188} INFO - [2024-07-14T22:38:36.784+0000] {dag.py:3096} INFO - Sync 1 DAGs
[2024-07-14T22:38:36.807+0000] {logging_mixin.py:188} INFO - [2024-07-14T22:38:36.807+0000] {dag.py:3954} INFO - Setting next_dagrun for tutorial to 2024-07-13 00:00:00+00:00, run_after=2024-07-14 00:00:00+00:00
[2024-07-14T22:38:36.826+0000] {processor.py:183} INFO - Processing /home/airflow/.local/lib/python3.12/site-packages/airflow/example_dags/tutorial.py took 0.078 seconds
[2024-07-14T22:39:07.255+0000] {processor.py:161} INFO - Started process (PID=2061) to work on /home/airflow/.local/lib/python3.12/site-packages/airflow/example_dags/tutorial.py
[2024-07-14T22:39:07.256+0000] {processor.py:830} INFO - Processing file /home/airflow/.local/lib/python3.12/site-packages/airflow/example_dags/tutorial.py for tasks to queue
[2024-07-14T22:39:07.258+0000] {logging_mixin.py:188} INFO - [2024-07-14T22:39:07.257+0000] {dagbag.py:545} INFO - Filling up the DagBag from /home/airflow/.local/lib/python3.12/site-packages/airflow/example_dags/tutorial.py
[2024-07-14T22:39:07.264+0000] {processor.py:840} INFO - DAG(s) 'tutorial' retrieved from /home/airflow/.local/lib/python3.12/site-packages/airflow/example_dags/tutorial.py
[2024-07-14T22:39:07.285+0000] {logging_mixin.py:188} INFO - [2024-07-14T22:39:07.285+0000] {dag.py:3096} INFO - Sync 1 DAGs
[2024-07-14T22:39:07.308+0000] {logging_mixin.py:188} INFO - [2024-07-14T22:39:07.308+0000] {dag.py:3954} INFO - Setting next_dagrun for tutorial to 2024-07-13 00:00:00+00:00, run_after=2024-07-14 00:00:00+00:00
[2024-07-14T22:39:07.332+0000] {processor.py:183} INFO - Processing /home/airflow/.local/lib/python3.12/site-packages/airflow/example_dags/tutorial.py took 0.084 seconds
