[2024-07-16T19:02:28.147+0000] {processor.py:161} INFO - Started process (PID=59) to work on /home/airflow/.local/lib/python3.12/site-packages/airflow/example_dags/example_bash_operator.py
[2024-07-16T19:02:28.173+0000] {processor.py:830} INFO - Processing file /home/airflow/.local/lib/python3.12/site-packages/airflow/example_dags/example_bash_operator.py for tasks to queue
[2024-07-16T19:02:28.181+0000] {logging_mixin.py:188} INFO - [2024-07-16T19:02:28.181+0000] {dagbag.py:545} INFO - Filling up the DagBag from /home/airflow/.local/lib/python3.12/site-packages/airflow/example_dags/example_bash_operator.py
[2024-07-16T19:02:28.291+0000] {processor.py:840} INFO - DAG(s) 'example_bash_operator' retrieved from /home/airflow/.local/lib/python3.12/site-packages/airflow/example_dags/example_bash_operator.py
[2024-07-16T19:02:28.771+0000] {logging_mixin.py:188} INFO - [2024-07-16T19:02:28.770+0000] {dag.py:3096} INFO - Sync 1 DAGs
[2024-07-16T19:02:28.863+0000] {logging_mixin.py:188} INFO - [2024-07-16T19:02:28.863+0000] {dag.py:3954} INFO - Setting next_dagrun for example_bash_operator to 2024-07-15 00:00:00+00:00, run_after=2024-07-16 00:00:00+00:00
[2024-07-16T19:02:28.958+0000] {processor.py:183} INFO - Processing /home/airflow/.local/lib/python3.12/site-packages/airflow/example_dags/example_bash_operator.py took 0.861 seconds
[2024-07-16T19:02:59.636+0000] {processor.py:161} INFO - Started process (PID=118) to work on /home/airflow/.local/lib/python3.12/site-packages/airflow/example_dags/example_bash_operator.py
[2024-07-16T19:02:59.637+0000] {processor.py:830} INFO - Processing file /home/airflow/.local/lib/python3.12/site-packages/airflow/example_dags/example_bash_operator.py for tasks to queue
[2024-07-16T19:02:59.638+0000] {logging_mixin.py:188} INFO - [2024-07-16T19:02:59.638+0000] {dagbag.py:545} INFO - Filling up the DagBag from /home/airflow/.local/lib/python3.12/site-packages/airflow/example_dags/example_bash_operator.py
[2024-07-16T19:02:59.652+0000] {processor.py:840} INFO - DAG(s) 'example_bash_operator' retrieved from /home/airflow/.local/lib/python3.12/site-packages/airflow/example_dags/example_bash_operator.py
[2024-07-16T19:02:59.700+0000] {logging_mixin.py:188} INFO - [2024-07-16T19:02:59.700+0000] {dag.py:3096} INFO - Sync 1 DAGs
[2024-07-16T19:02:59.730+0000] {logging_mixin.py:188} INFO - [2024-07-16T19:02:59.730+0000] {dag.py:3954} INFO - Setting next_dagrun for example_bash_operator to 2024-07-15 00:00:00+00:00, run_after=2024-07-16 00:00:00+00:00
[2024-07-16T19:02:59.760+0000] {processor.py:183} INFO - Processing /home/airflow/.local/lib/python3.12/site-packages/airflow/example_dags/example_bash_operator.py took 0.130 seconds
[2024-07-16T19:03:30.680+0000] {processor.py:161} INFO - Started process (PID=177) to work on /home/airflow/.local/lib/python3.12/site-packages/airflow/example_dags/example_bash_operator.py
[2024-07-16T19:03:30.681+0000] {processor.py:830} INFO - Processing file /home/airflow/.local/lib/python3.12/site-packages/airflow/example_dags/example_bash_operator.py for tasks to queue
[2024-07-16T19:03:30.683+0000] {logging_mixin.py:188} INFO - [2024-07-16T19:03:30.682+0000] {dagbag.py:545} INFO - Filling up the DagBag from /home/airflow/.local/lib/python3.12/site-packages/airflow/example_dags/example_bash_operator.py
[2024-07-16T19:03:30.696+0000] {processor.py:840} INFO - DAG(s) 'example_bash_operator' retrieved from /home/airflow/.local/lib/python3.12/site-packages/airflow/example_dags/example_bash_operator.py
[2024-07-16T19:03:30.732+0000] {logging_mixin.py:188} INFO - [2024-07-16T19:03:30.732+0000] {dag.py:3096} INFO - Sync 1 DAGs
[2024-07-16T19:03:30.762+0000] {logging_mixin.py:188} INFO - [2024-07-16T19:03:30.762+0000] {dag.py:3954} INFO - Setting next_dagrun for example_bash_operator to 2024-07-15 00:00:00+00:00, run_after=2024-07-16 00:00:00+00:00
[2024-07-16T19:03:30.788+0000] {processor.py:183} INFO - Processing /home/airflow/.local/lib/python3.12/site-packages/airflow/example_dags/example_bash_operator.py took 0.114 seconds
[2024-07-16T19:04:01.357+0000] {processor.py:161} INFO - Started process (PID=236) to work on /home/airflow/.local/lib/python3.12/site-packages/airflow/example_dags/example_bash_operator.py
[2024-07-16T19:04:01.358+0000] {processor.py:830} INFO - Processing file /home/airflow/.local/lib/python3.12/site-packages/airflow/example_dags/example_bash_operator.py for tasks to queue
[2024-07-16T19:04:01.359+0000] {logging_mixin.py:188} INFO - [2024-07-16T19:04:01.359+0000] {dagbag.py:545} INFO - Filling up the DagBag from /home/airflow/.local/lib/python3.12/site-packages/airflow/example_dags/example_bash_operator.py
[2024-07-16T19:04:01.373+0000] {processor.py:840} INFO - DAG(s) 'example_bash_operator' retrieved from /home/airflow/.local/lib/python3.12/site-packages/airflow/example_dags/example_bash_operator.py
[2024-07-16T19:04:01.410+0000] {logging_mixin.py:188} INFO - [2024-07-16T19:04:01.410+0000] {dag.py:3096} INFO - Sync 1 DAGs
[2024-07-16T19:04:01.441+0000] {logging_mixin.py:188} INFO - [2024-07-16T19:04:01.441+0000] {dag.py:3954} INFO - Setting next_dagrun for example_bash_operator to 2024-07-15 00:00:00+00:00, run_after=2024-07-16 00:00:00+00:00
[2024-07-16T19:04:01.465+0000] {processor.py:183} INFO - Processing /home/airflow/.local/lib/python3.12/site-packages/airflow/example_dags/example_bash_operator.py took 0.114 seconds
[2024-07-16T19:04:31.751+0000] {processor.py:161} INFO - Started process (PID=294) to work on /home/airflow/.local/lib/python3.12/site-packages/airflow/example_dags/example_bash_operator.py
[2024-07-16T19:04:31.752+0000] {processor.py:830} INFO - Processing file /home/airflow/.local/lib/python3.12/site-packages/airflow/example_dags/example_bash_operator.py for tasks to queue
[2024-07-16T19:04:31.754+0000] {logging_mixin.py:188} INFO - [2024-07-16T19:04:31.753+0000] {dagbag.py:545} INFO - Filling up the DagBag from /home/airflow/.local/lib/python3.12/site-packages/airflow/example_dags/example_bash_operator.py
[2024-07-16T19:04:31.767+0000] {processor.py:840} INFO - DAG(s) 'example_bash_operator' retrieved from /home/airflow/.local/lib/python3.12/site-packages/airflow/example_dags/example_bash_operator.py
[2024-07-16T19:04:31.802+0000] {logging_mixin.py:188} INFO - [2024-07-16T19:04:31.802+0000] {dag.py:3096} INFO - Sync 1 DAGs
[2024-07-16T19:04:31.830+0000] {logging_mixin.py:188} INFO - [2024-07-16T19:04:31.830+0000] {dag.py:3954} INFO - Setting next_dagrun for example_bash_operator to 2024-07-15 00:00:00+00:00, run_after=2024-07-16 00:00:00+00:00
[2024-07-16T19:04:31.854+0000] {processor.py:183} INFO - Processing /home/airflow/.local/lib/python3.12/site-packages/airflow/example_dags/example_bash_operator.py took 0.109 seconds
[2024-07-16T19:05:02.048+0000] {processor.py:161} INFO - Started process (PID=357) to work on /home/airflow/.local/lib/python3.12/site-packages/airflow/example_dags/example_bash_operator.py
[2024-07-16T19:05:02.062+0000] {processor.py:830} INFO - Processing file /home/airflow/.local/lib/python3.12/site-packages/airflow/example_dags/example_bash_operator.py for tasks to queue
[2024-07-16T19:05:02.074+0000] {logging_mixin.py:188} INFO - [2024-07-16T19:05:02.073+0000] {dagbag.py:545} INFO - Filling up the DagBag from /home/airflow/.local/lib/python3.12/site-packages/airflow/example_dags/example_bash_operator.py
[2024-07-16T19:05:02.112+0000] {processor.py:840} INFO - DAG(s) 'example_bash_operator' retrieved from /home/airflow/.local/lib/python3.12/site-packages/airflow/example_dags/example_bash_operator.py
[2024-07-16T19:05:02.186+0000] {logging_mixin.py:188} INFO - [2024-07-16T19:05:02.185+0000] {dag.py:3096} INFO - Sync 1 DAGs
[2024-07-16T19:05:02.296+0000] {logging_mixin.py:188} INFO - [2024-07-16T19:05:02.296+0000] {dag.py:3954} INFO - Setting next_dagrun for example_bash_operator to 2024-07-15 00:00:00+00:00, run_after=2024-07-16 00:00:00+00:00
[2024-07-16T19:05:02.386+0000] {processor.py:183} INFO - Processing /home/airflow/.local/lib/python3.12/site-packages/airflow/example_dags/example_bash_operator.py took 0.345 seconds
[2024-07-16T19:05:33.084+0000] {processor.py:161} INFO - Started process (PID=418) to work on /home/airflow/.local/lib/python3.12/site-packages/airflow/example_dags/example_bash_operator.py
[2024-07-16T19:05:33.097+0000] {processor.py:830} INFO - Processing file /home/airflow/.local/lib/python3.12/site-packages/airflow/example_dags/example_bash_operator.py for tasks to queue
[2024-07-16T19:05:33.099+0000] {logging_mixin.py:188} INFO - [2024-07-16T19:05:33.099+0000] {dagbag.py:545} INFO - Filling up the DagBag from /home/airflow/.local/lib/python3.12/site-packages/airflow/example_dags/example_bash_operator.py
[2024-07-16T19:05:33.184+0000] {processor.py:840} INFO - DAG(s) 'example_bash_operator' retrieved from /home/airflow/.local/lib/python3.12/site-packages/airflow/example_dags/example_bash_operator.py
[2024-07-16T19:05:33.278+0000] {logging_mixin.py:188} INFO - [2024-07-16T19:05:33.277+0000] {dag.py:3096} INFO - Sync 1 DAGs
[2024-07-16T19:05:33.324+0000] {logging_mixin.py:188} INFO - [2024-07-16T19:05:33.324+0000] {dag.py:3954} INFO - Setting next_dagrun for example_bash_operator to 2024-07-15 00:00:00+00:00, run_after=2024-07-16 00:00:00+00:00
[2024-07-16T19:05:33.377+0000] {processor.py:183} INFO - Processing /home/airflow/.local/lib/python3.12/site-packages/airflow/example_dags/example_bash_operator.py took 0.306 seconds
[2024-07-16T19:06:04.127+0000] {processor.py:161} INFO - Started process (PID=478) to work on /home/airflow/.local/lib/python3.12/site-packages/airflow/example_dags/example_bash_operator.py
[2024-07-16T19:06:04.128+0000] {processor.py:830} INFO - Processing file /home/airflow/.local/lib/python3.12/site-packages/airflow/example_dags/example_bash_operator.py for tasks to queue
[2024-07-16T19:06:04.134+0000] {logging_mixin.py:188} INFO - [2024-07-16T19:06:04.134+0000] {dagbag.py:545} INFO - Filling up the DagBag from /home/airflow/.local/lib/python3.12/site-packages/airflow/example_dags/example_bash_operator.py
[2024-07-16T19:06:04.162+0000] {processor.py:840} INFO - DAG(s) 'example_bash_operator' retrieved from /home/airflow/.local/lib/python3.12/site-packages/airflow/example_dags/example_bash_operator.py
[2024-07-16T19:06:04.207+0000] {logging_mixin.py:188} INFO - [2024-07-16T19:06:04.206+0000] {dag.py:3096} INFO - Sync 1 DAGs
[2024-07-16T19:06:04.235+0000] {logging_mixin.py:188} INFO - [2024-07-16T19:06:04.235+0000] {dag.py:3954} INFO - Setting next_dagrun for example_bash_operator to 2024-07-15 00:00:00+00:00, run_after=2024-07-16 00:00:00+00:00
[2024-07-16T19:06:04.260+0000] {processor.py:183} INFO - Processing /home/airflow/.local/lib/python3.12/site-packages/airflow/example_dags/example_bash_operator.py took 0.147 seconds
[2024-07-16T19:06:34.828+0000] {processor.py:161} INFO - Started process (PID=538) to work on /home/airflow/.local/lib/python3.12/site-packages/airflow/example_dags/example_bash_operator.py
[2024-07-16T19:06:34.831+0000] {processor.py:830} INFO - Processing file /home/airflow/.local/lib/python3.12/site-packages/airflow/example_dags/example_bash_operator.py for tasks to queue
[2024-07-16T19:06:34.835+0000] {logging_mixin.py:188} INFO - [2024-07-16T19:06:34.834+0000] {dagbag.py:545} INFO - Filling up the DagBag from /home/airflow/.local/lib/python3.12/site-packages/airflow/example_dags/example_bash_operator.py
[2024-07-16T19:06:34.855+0000] {processor.py:840} INFO - DAG(s) 'example_bash_operator' retrieved from /home/airflow/.local/lib/python3.12/site-packages/airflow/example_dags/example_bash_operator.py
[2024-07-16T19:06:34.891+0000] {logging_mixin.py:188} INFO - [2024-07-16T19:06:34.891+0000] {dag.py:3096} INFO - Sync 1 DAGs
[2024-07-16T19:06:34.918+0000] {logging_mixin.py:188} INFO - [2024-07-16T19:06:34.918+0000] {dag.py:3954} INFO - Setting next_dagrun for example_bash_operator to 2024-07-15 00:00:00+00:00, run_after=2024-07-16 00:00:00+00:00
[2024-07-16T19:06:34.942+0000] {processor.py:183} INFO - Processing /home/airflow/.local/lib/python3.12/site-packages/airflow/example_dags/example_bash_operator.py took 0.156 seconds
[2024-07-16T19:07:05.519+0000] {processor.py:161} INFO - Started process (PID=599) to work on /home/airflow/.local/lib/python3.12/site-packages/airflow/example_dags/example_bash_operator.py
[2024-07-16T19:07:05.519+0000] {processor.py:830} INFO - Processing file /home/airflow/.local/lib/python3.12/site-packages/airflow/example_dags/example_bash_operator.py for tasks to queue
[2024-07-16T19:07:05.520+0000] {logging_mixin.py:188} INFO - [2024-07-16T19:07:05.520+0000] {dagbag.py:545} INFO - Filling up the DagBag from /home/airflow/.local/lib/python3.12/site-packages/airflow/example_dags/example_bash_operator.py
[2024-07-16T19:07:05.539+0000] {processor.py:840} INFO - DAG(s) 'example_bash_operator' retrieved from /home/airflow/.local/lib/python3.12/site-packages/airflow/example_dags/example_bash_operator.py
[2024-07-16T19:07:05.576+0000] {logging_mixin.py:188} INFO - [2024-07-16T19:07:05.575+0000] {dag.py:3096} INFO - Sync 1 DAGs
[2024-07-16T19:07:05.603+0000] {logging_mixin.py:188} INFO - [2024-07-16T19:07:05.603+0000] {dag.py:3954} INFO - Setting next_dagrun for example_bash_operator to 2024-07-15 00:00:00+00:00, run_after=2024-07-16 00:00:00+00:00
[2024-07-16T19:07:05.625+0000] {processor.py:183} INFO - Processing /home/airflow/.local/lib/python3.12/site-packages/airflow/example_dags/example_bash_operator.py took 0.113 seconds
[2024-07-16T19:07:35.772+0000] {processor.py:161} INFO - Started process (PID=660) to work on /home/airflow/.local/lib/python3.12/site-packages/airflow/example_dags/example_bash_operator.py
[2024-07-16T19:07:35.785+0000] {processor.py:830} INFO - Processing file /home/airflow/.local/lib/python3.12/site-packages/airflow/example_dags/example_bash_operator.py for tasks to queue
[2024-07-16T19:07:35.787+0000] {logging_mixin.py:188} INFO - [2024-07-16T19:07:35.786+0000] {dagbag.py:545} INFO - Filling up the DagBag from /home/airflow/.local/lib/python3.12/site-packages/airflow/example_dags/example_bash_operator.py
[2024-07-16T19:07:35.801+0000] {processor.py:840} INFO - DAG(s) 'example_bash_operator' retrieved from /home/airflow/.local/lib/python3.12/site-packages/airflow/example_dags/example_bash_operator.py
[2024-07-16T19:07:35.844+0000] {logging_mixin.py:188} INFO - [2024-07-16T19:07:35.843+0000] {dag.py:3096} INFO - Sync 1 DAGs
[2024-07-16T19:07:35.873+0000] {logging_mixin.py:188} INFO - [2024-07-16T19:07:35.873+0000] {dag.py:3954} INFO - Setting next_dagrun for example_bash_operator to 2024-07-15 00:00:00+00:00, run_after=2024-07-16 00:00:00+00:00
[2024-07-16T19:07:35.912+0000] {processor.py:183} INFO - Processing /home/airflow/.local/lib/python3.12/site-packages/airflow/example_dags/example_bash_operator.py took 0.159 seconds
[2024-07-16T19:08:06.469+0000] {processor.py:161} INFO - Started process (PID=719) to work on /home/airflow/.local/lib/python3.12/site-packages/airflow/example_dags/example_bash_operator.py
[2024-07-16T19:08:06.470+0000] {processor.py:830} INFO - Processing file /home/airflow/.local/lib/python3.12/site-packages/airflow/example_dags/example_bash_operator.py for tasks to queue
[2024-07-16T19:08:06.471+0000] {logging_mixin.py:188} INFO - [2024-07-16T19:08:06.471+0000] {dagbag.py:545} INFO - Filling up the DagBag from /home/airflow/.local/lib/python3.12/site-packages/airflow/example_dags/example_bash_operator.py
[2024-07-16T19:08:06.490+0000] {processor.py:840} INFO - DAG(s) 'example_bash_operator' retrieved from /home/airflow/.local/lib/python3.12/site-packages/airflow/example_dags/example_bash_operator.py
[2024-07-16T19:08:06.560+0000] {logging_mixin.py:188} INFO - [2024-07-16T19:08:06.560+0000] {dag.py:3096} INFO - Sync 1 DAGs
[2024-07-16T19:08:06.610+0000] {logging_mixin.py:188} INFO - [2024-07-16T19:08:06.609+0000] {dag.py:3954} INFO - Setting next_dagrun for example_bash_operator to 2024-07-15 00:00:00+00:00, run_after=2024-07-16 00:00:00+00:00
[2024-07-16T19:08:06.665+0000] {processor.py:183} INFO - Processing /home/airflow/.local/lib/python3.12/site-packages/airflow/example_dags/example_bash_operator.py took 0.203 seconds
[2024-07-16T19:08:37.651+0000] {processor.py:161} INFO - Started process (PID=777) to work on /home/airflow/.local/lib/python3.12/site-packages/airflow/example_dags/example_bash_operator.py
[2024-07-16T19:08:37.652+0000] {processor.py:830} INFO - Processing file /home/airflow/.local/lib/python3.12/site-packages/airflow/example_dags/example_bash_operator.py for tasks to queue
[2024-07-16T19:08:37.653+0000] {logging_mixin.py:188} INFO - [2024-07-16T19:08:37.653+0000] {dagbag.py:545} INFO - Filling up the DagBag from /home/airflow/.local/lib/python3.12/site-packages/airflow/example_dags/example_bash_operator.py
[2024-07-16T19:08:37.666+0000] {processor.py:840} INFO - DAG(s) 'example_bash_operator' retrieved from /home/airflow/.local/lib/python3.12/site-packages/airflow/example_dags/example_bash_operator.py
[2024-07-16T19:08:37.700+0000] {logging_mixin.py:188} INFO - [2024-07-16T19:08:37.700+0000] {dag.py:3096} INFO - Sync 1 DAGs
[2024-07-16T19:08:37.728+0000] {logging_mixin.py:188} INFO - [2024-07-16T19:08:37.728+0000] {dag.py:3954} INFO - Setting next_dagrun for example_bash_operator to 2024-07-15 00:00:00+00:00, run_after=2024-07-16 00:00:00+00:00
[2024-07-16T19:08:37.750+0000] {processor.py:183} INFO - Processing /home/airflow/.local/lib/python3.12/site-packages/airflow/example_dags/example_bash_operator.py took 0.105 seconds
[2024-07-16T19:09:08.408+0000] {processor.py:161} INFO - Started process (PID=837) to work on /home/airflow/.local/lib/python3.12/site-packages/airflow/example_dags/example_bash_operator.py
[2024-07-16T19:09:08.408+0000] {processor.py:830} INFO - Processing file /home/airflow/.local/lib/python3.12/site-packages/airflow/example_dags/example_bash_operator.py for tasks to queue
[2024-07-16T19:09:08.409+0000] {logging_mixin.py:188} INFO - [2024-07-16T19:09:08.409+0000] {dagbag.py:545} INFO - Filling up the DagBag from /home/airflow/.local/lib/python3.12/site-packages/airflow/example_dags/example_bash_operator.py
[2024-07-16T19:09:08.423+0000] {processor.py:840} INFO - DAG(s) 'example_bash_operator' retrieved from /home/airflow/.local/lib/python3.12/site-packages/airflow/example_dags/example_bash_operator.py
[2024-07-16T19:09:08.462+0000] {logging_mixin.py:188} INFO - [2024-07-16T19:09:08.462+0000] {dag.py:3096} INFO - Sync 1 DAGs
[2024-07-16T19:09:08.495+0000] {logging_mixin.py:188} INFO - [2024-07-16T19:09:08.495+0000] {dag.py:3954} INFO - Setting next_dagrun for example_bash_operator to 2024-07-15 00:00:00+00:00, run_after=2024-07-16 00:00:00+00:00
[2024-07-16T19:09:08.522+0000] {processor.py:183} INFO - Processing /home/airflow/.local/lib/python3.12/site-packages/airflow/example_dags/example_bash_operator.py took 0.120 seconds
[2024-07-16T19:09:38.834+0000] {processor.py:161} INFO - Started process (PID=901) to work on /home/airflow/.local/lib/python3.12/site-packages/airflow/example_dags/example_bash_operator.py
[2024-07-16T19:09:38.835+0000] {processor.py:830} INFO - Processing file /home/airflow/.local/lib/python3.12/site-packages/airflow/example_dags/example_bash_operator.py for tasks to queue
[2024-07-16T19:09:38.836+0000] {logging_mixin.py:188} INFO - [2024-07-16T19:09:38.835+0000] {dagbag.py:545} INFO - Filling up the DagBag from /home/airflow/.local/lib/python3.12/site-packages/airflow/example_dags/example_bash_operator.py
[2024-07-16T19:09:38.851+0000] {processor.py:840} INFO - DAG(s) 'example_bash_operator' retrieved from /home/airflow/.local/lib/python3.12/site-packages/airflow/example_dags/example_bash_operator.py
[2024-07-16T19:09:38.886+0000] {logging_mixin.py:188} INFO - [2024-07-16T19:09:38.885+0000] {dag.py:3096} INFO - Sync 1 DAGs
[2024-07-16T19:09:38.913+0000] {logging_mixin.py:188} INFO - [2024-07-16T19:09:38.913+0000] {dag.py:3954} INFO - Setting next_dagrun for example_bash_operator to 2024-07-15 00:00:00+00:00, run_after=2024-07-16 00:00:00+00:00
[2024-07-16T19:09:38.935+0000] {processor.py:183} INFO - Processing /home/airflow/.local/lib/python3.12/site-packages/airflow/example_dags/example_bash_operator.py took 0.108 seconds
[2024-07-16T19:10:09.190+0000] {processor.py:161} INFO - Started process (PID=961) to work on /home/airflow/.local/lib/python3.12/site-packages/airflow/example_dags/example_bash_operator.py
[2024-07-16T19:10:09.191+0000] {processor.py:830} INFO - Processing file /home/airflow/.local/lib/python3.12/site-packages/airflow/example_dags/example_bash_operator.py for tasks to queue
[2024-07-16T19:10:09.192+0000] {logging_mixin.py:188} INFO - [2024-07-16T19:10:09.192+0000] {dagbag.py:545} INFO - Filling up the DagBag from /home/airflow/.local/lib/python3.12/site-packages/airflow/example_dags/example_bash_operator.py
[2024-07-16T19:10:09.206+0000] {processor.py:840} INFO - DAG(s) 'example_bash_operator' retrieved from /home/airflow/.local/lib/python3.12/site-packages/airflow/example_dags/example_bash_operator.py
[2024-07-16T19:10:09.240+0000] {logging_mixin.py:188} INFO - [2024-07-16T19:10:09.239+0000] {dag.py:3096} INFO - Sync 1 DAGs
[2024-07-16T19:10:09.268+0000] {logging_mixin.py:188} INFO - [2024-07-16T19:10:09.267+0000] {dag.py:3954} INFO - Setting next_dagrun for example_bash_operator to 2024-07-15 00:00:00+00:00, run_after=2024-07-16 00:00:00+00:00
[2024-07-16T19:10:09.296+0000] {processor.py:183} INFO - Processing /home/airflow/.local/lib/python3.12/site-packages/airflow/example_dags/example_bash_operator.py took 0.112 seconds
[2024-07-16T19:10:39.556+0000] {processor.py:161} INFO - Started process (PID=1020) to work on /home/airflow/.local/lib/python3.12/site-packages/airflow/example_dags/example_bash_operator.py
[2024-07-16T19:10:39.560+0000] {processor.py:830} INFO - Processing file /home/airflow/.local/lib/python3.12/site-packages/airflow/example_dags/example_bash_operator.py for tasks to queue
[2024-07-16T19:10:39.561+0000] {logging_mixin.py:188} INFO - [2024-07-16T19:10:39.560+0000] {dagbag.py:545} INFO - Filling up the DagBag from /home/airflow/.local/lib/python3.12/site-packages/airflow/example_dags/example_bash_operator.py
[2024-07-16T19:10:39.589+0000] {processor.py:840} INFO - DAG(s) 'example_bash_operator' retrieved from /home/airflow/.local/lib/python3.12/site-packages/airflow/example_dags/example_bash_operator.py
[2024-07-16T19:10:39.683+0000] {logging_mixin.py:188} INFO - [2024-07-16T19:10:39.682+0000] {dag.py:3096} INFO - Sync 1 DAGs
[2024-07-16T19:10:39.740+0000] {logging_mixin.py:188} INFO - [2024-07-16T19:10:39.740+0000] {dag.py:3954} INFO - Setting next_dagrun for example_bash_operator to 2024-07-15 00:00:00+00:00, run_after=2024-07-16 00:00:00+00:00
[2024-07-16T19:10:39.793+0000] {processor.py:183} INFO - Processing /home/airflow/.local/lib/python3.12/site-packages/airflow/example_dags/example_bash_operator.py took 0.256 seconds
[2024-07-16T19:11:10.400+0000] {processor.py:161} INFO - Started process (PID=1082) to work on /home/airflow/.local/lib/python3.12/site-packages/airflow/example_dags/example_bash_operator.py
[2024-07-16T19:11:10.401+0000] {processor.py:830} INFO - Processing file /home/airflow/.local/lib/python3.12/site-packages/airflow/example_dags/example_bash_operator.py for tasks to queue
[2024-07-16T19:11:10.403+0000] {logging_mixin.py:188} INFO - [2024-07-16T19:11:10.403+0000] {dagbag.py:545} INFO - Filling up the DagBag from /home/airflow/.local/lib/python3.12/site-packages/airflow/example_dags/example_bash_operator.py
[2024-07-16T19:11:10.426+0000] {processor.py:840} INFO - DAG(s) 'example_bash_operator' retrieved from /home/airflow/.local/lib/python3.12/site-packages/airflow/example_dags/example_bash_operator.py
[2024-07-16T19:11:10.542+0000] {logging_mixin.py:188} INFO - [2024-07-16T19:11:10.542+0000] {dag.py:3096} INFO - Sync 1 DAGs
[2024-07-16T19:11:10.624+0000] {logging_mixin.py:188} INFO - [2024-07-16T19:11:10.624+0000] {dag.py:3954} INFO - Setting next_dagrun for example_bash_operator to 2024-07-15 00:00:00+00:00, run_after=2024-07-16 00:00:00+00:00
[2024-07-16T19:11:10.675+0000] {processor.py:183} INFO - Processing /home/airflow/.local/lib/python3.12/site-packages/airflow/example_dags/example_bash_operator.py took 0.282 seconds
[2024-07-16T19:11:41.417+0000] {processor.py:161} INFO - Started process (PID=1141) to work on /home/airflow/.local/lib/python3.12/site-packages/airflow/example_dags/example_bash_operator.py
[2024-07-16T19:11:41.418+0000] {processor.py:830} INFO - Processing file /home/airflow/.local/lib/python3.12/site-packages/airflow/example_dags/example_bash_operator.py for tasks to queue
[2024-07-16T19:11:41.419+0000] {logging_mixin.py:188} INFO - [2024-07-16T19:11:41.419+0000] {dagbag.py:545} INFO - Filling up the DagBag from /home/airflow/.local/lib/python3.12/site-packages/airflow/example_dags/example_bash_operator.py
[2024-07-16T19:11:41.433+0000] {processor.py:840} INFO - DAG(s) 'example_bash_operator' retrieved from /home/airflow/.local/lib/python3.12/site-packages/airflow/example_dags/example_bash_operator.py
[2024-07-16T19:11:41.471+0000] {logging_mixin.py:188} INFO - [2024-07-16T19:11:41.471+0000] {dag.py:3096} INFO - Sync 1 DAGs
[2024-07-16T19:11:41.499+0000] {logging_mixin.py:188} INFO - [2024-07-16T19:11:41.499+0000] {dag.py:3954} INFO - Setting next_dagrun for example_bash_operator to 2024-07-15 00:00:00+00:00, run_after=2024-07-16 00:00:00+00:00
[2024-07-16T19:11:41.522+0000] {processor.py:183} INFO - Processing /home/airflow/.local/lib/python3.12/site-packages/airflow/example_dags/example_bash_operator.py took 0.111 seconds
[2024-07-16T19:12:12.001+0000] {processor.py:161} INFO - Started process (PID=1200) to work on /home/airflow/.local/lib/python3.12/site-packages/airflow/example_dags/example_bash_operator.py
[2024-07-16T19:12:12.001+0000] {processor.py:830} INFO - Processing file /home/airflow/.local/lib/python3.12/site-packages/airflow/example_dags/example_bash_operator.py for tasks to queue
[2024-07-16T19:12:12.002+0000] {logging_mixin.py:188} INFO - [2024-07-16T19:12:12.002+0000] {dagbag.py:545} INFO - Filling up the DagBag from /home/airflow/.local/lib/python3.12/site-packages/airflow/example_dags/example_bash_operator.py
[2024-07-16T19:12:12.018+0000] {processor.py:840} INFO - DAG(s) 'example_bash_operator' retrieved from /home/airflow/.local/lib/python3.12/site-packages/airflow/example_dags/example_bash_operator.py
[2024-07-16T19:12:12.122+0000] {logging_mixin.py:188} INFO - [2024-07-16T19:12:12.122+0000] {dag.py:3096} INFO - Sync 1 DAGs
[2024-07-16T19:12:12.192+0000] {logging_mixin.py:188} INFO - [2024-07-16T19:12:12.192+0000] {dag.py:3954} INFO - Setting next_dagrun for example_bash_operator to 2024-07-15 00:00:00+00:00, run_after=2024-07-16 00:00:00+00:00
[2024-07-16T19:12:12.225+0000] {processor.py:183} INFO - Processing /home/airflow/.local/lib/python3.12/site-packages/airflow/example_dags/example_bash_operator.py took 0.235 seconds
[2024-07-16T19:12:42.531+0000] {processor.py:161} INFO - Started process (PID=1260) to work on /home/airflow/.local/lib/python3.12/site-packages/airflow/example_dags/example_bash_operator.py
[2024-07-16T19:12:42.531+0000] {processor.py:830} INFO - Processing file /home/airflow/.local/lib/python3.12/site-packages/airflow/example_dags/example_bash_operator.py for tasks to queue
[2024-07-16T19:12:42.533+0000] {logging_mixin.py:188} INFO - [2024-07-16T19:12:42.532+0000] {dagbag.py:545} INFO - Filling up the DagBag from /home/airflow/.local/lib/python3.12/site-packages/airflow/example_dags/example_bash_operator.py
[2024-07-16T19:12:42.556+0000] {processor.py:840} INFO - DAG(s) 'example_bash_operator' retrieved from /home/airflow/.local/lib/python3.12/site-packages/airflow/example_dags/example_bash_operator.py
[2024-07-16T19:12:42.594+0000] {logging_mixin.py:188} INFO - [2024-07-16T19:12:42.594+0000] {dag.py:3096} INFO - Sync 1 DAGs
[2024-07-16T19:12:42.621+0000] {logging_mixin.py:188} INFO - [2024-07-16T19:12:42.620+0000] {dag.py:3954} INFO - Setting next_dagrun for example_bash_operator to 2024-07-15 00:00:00+00:00, run_after=2024-07-16 00:00:00+00:00
[2024-07-16T19:12:42.669+0000] {processor.py:183} INFO - Processing /home/airflow/.local/lib/python3.12/site-packages/airflow/example_dags/example_bash_operator.py took 0.145 seconds
[2024-07-16T19:13:12.783+0000] {processor.py:161} INFO - Started process (PID=1322) to work on /home/airflow/.local/lib/python3.12/site-packages/airflow/example_dags/example_bash_operator.py
[2024-07-16T19:13:12.784+0000] {processor.py:830} INFO - Processing file /home/airflow/.local/lib/python3.12/site-packages/airflow/example_dags/example_bash_operator.py for tasks to queue
[2024-07-16T19:13:12.785+0000] {logging_mixin.py:188} INFO - [2024-07-16T19:13:12.785+0000] {dagbag.py:545} INFO - Filling up the DagBag from /home/airflow/.local/lib/python3.12/site-packages/airflow/example_dags/example_bash_operator.py
[2024-07-16T19:13:12.794+0000] {processor.py:840} INFO - DAG(s) 'example_bash_operator' retrieved from /home/airflow/.local/lib/python3.12/site-packages/airflow/example_dags/example_bash_operator.py
[2024-07-16T19:13:12.818+0000] {logging_mixin.py:188} INFO - [2024-07-16T19:13:12.818+0000] {dag.py:3096} INFO - Sync 1 DAGs
[2024-07-16T19:13:12.836+0000] {logging_mixin.py:188} INFO - [2024-07-16T19:13:12.836+0000] {dag.py:3954} INFO - Setting next_dagrun for example_bash_operator to 2024-07-15 00:00:00+00:00, run_after=2024-07-16 00:00:00+00:00
[2024-07-16T19:13:12.857+0000] {processor.py:183} INFO - Processing /home/airflow/.local/lib/python3.12/site-packages/airflow/example_dags/example_bash_operator.py took 0.079 seconds
[2024-07-16T19:13:42.903+0000] {processor.py:161} INFO - Started process (PID=1381) to work on /home/airflow/.local/lib/python3.12/site-packages/airflow/example_dags/example_bash_operator.py
[2024-07-16T19:13:42.904+0000] {processor.py:830} INFO - Processing file /home/airflow/.local/lib/python3.12/site-packages/airflow/example_dags/example_bash_operator.py for tasks to queue
[2024-07-16T19:13:42.904+0000] {logging_mixin.py:188} INFO - [2024-07-16T19:13:42.904+0000] {dagbag.py:545} INFO - Filling up the DagBag from /home/airflow/.local/lib/python3.12/site-packages/airflow/example_dags/example_bash_operator.py
[2024-07-16T19:13:42.919+0000] {processor.py:840} INFO - DAG(s) 'example_bash_operator' retrieved from /home/airflow/.local/lib/python3.12/site-packages/airflow/example_dags/example_bash_operator.py
[2024-07-16T19:13:42.956+0000] {logging_mixin.py:188} INFO - [2024-07-16T19:13:42.955+0000] {dag.py:3096} INFO - Sync 1 DAGs
[2024-07-16T19:13:42.984+0000] {logging_mixin.py:188} INFO - [2024-07-16T19:13:42.984+0000] {dag.py:3954} INFO - Setting next_dagrun for example_bash_operator to 2024-07-15 00:00:00+00:00, run_after=2024-07-16 00:00:00+00:00
[2024-07-16T19:13:43.006+0000] {processor.py:183} INFO - Processing /home/airflow/.local/lib/python3.12/site-packages/airflow/example_dags/example_bash_operator.py took 0.110 seconds
[2024-07-16T19:14:13.437+0000] {processor.py:161} INFO - Started process (PID=1441) to work on /home/airflow/.local/lib/python3.12/site-packages/airflow/example_dags/example_bash_operator.py
[2024-07-16T19:14:13.438+0000] {processor.py:830} INFO - Processing file /home/airflow/.local/lib/python3.12/site-packages/airflow/example_dags/example_bash_operator.py for tasks to queue
[2024-07-16T19:14:13.439+0000] {logging_mixin.py:188} INFO - [2024-07-16T19:14:13.438+0000] {dagbag.py:545} INFO - Filling up the DagBag from /home/airflow/.local/lib/python3.12/site-packages/airflow/example_dags/example_bash_operator.py
[2024-07-16T19:14:13.453+0000] {processor.py:840} INFO - DAG(s) 'example_bash_operator' retrieved from /home/airflow/.local/lib/python3.12/site-packages/airflow/example_dags/example_bash_operator.py
[2024-07-16T19:14:13.489+0000] {logging_mixin.py:188} INFO - [2024-07-16T19:14:13.489+0000] {dag.py:3096} INFO - Sync 1 DAGs
[2024-07-16T19:14:13.517+0000] {logging_mixin.py:188} INFO - [2024-07-16T19:14:13.517+0000] {dag.py:3954} INFO - Setting next_dagrun for example_bash_operator to 2024-07-15 00:00:00+00:00, run_after=2024-07-16 00:00:00+00:00
[2024-07-16T19:14:13.543+0000] {processor.py:183} INFO - Processing /home/airflow/.local/lib/python3.12/site-packages/airflow/example_dags/example_bash_operator.py took 0.114 seconds
[2024-07-16T19:14:44.057+0000] {processor.py:161} INFO - Started process (PID=1500) to work on /home/airflow/.local/lib/python3.12/site-packages/airflow/example_dags/example_bash_operator.py
[2024-07-16T19:14:44.058+0000] {processor.py:830} INFO - Processing file /home/airflow/.local/lib/python3.12/site-packages/airflow/example_dags/example_bash_operator.py for tasks to queue
[2024-07-16T19:14:44.059+0000] {logging_mixin.py:188} INFO - [2024-07-16T19:14:44.058+0000] {dagbag.py:545} INFO - Filling up the DagBag from /home/airflow/.local/lib/python3.12/site-packages/airflow/example_dags/example_bash_operator.py
[2024-07-16T19:14:44.073+0000] {processor.py:840} INFO - DAG(s) 'example_bash_operator' retrieved from /home/airflow/.local/lib/python3.12/site-packages/airflow/example_dags/example_bash_operator.py
[2024-07-16T19:14:44.107+0000] {logging_mixin.py:188} INFO - [2024-07-16T19:14:44.107+0000] {dag.py:3096} INFO - Sync 1 DAGs
[2024-07-16T19:14:44.136+0000] {logging_mixin.py:188} INFO - [2024-07-16T19:14:44.136+0000] {dag.py:3954} INFO - Setting next_dagrun for example_bash_operator to 2024-07-15 00:00:00+00:00, run_after=2024-07-16 00:00:00+00:00
[2024-07-16T19:14:44.160+0000] {processor.py:183} INFO - Processing /home/airflow/.local/lib/python3.12/site-packages/airflow/example_dags/example_bash_operator.py took 0.110 seconds
[2024-07-16T19:15:14.342+0000] {processor.py:161} INFO - Started process (PID=1559) to work on /home/airflow/.local/lib/python3.12/site-packages/airflow/example_dags/example_bash_operator.py
[2024-07-16T19:15:14.343+0000] {processor.py:830} INFO - Processing file /home/airflow/.local/lib/python3.12/site-packages/airflow/example_dags/example_bash_operator.py for tasks to queue
[2024-07-16T19:15:14.344+0000] {logging_mixin.py:188} INFO - [2024-07-16T19:15:14.344+0000] {dagbag.py:545} INFO - Filling up the DagBag from /home/airflow/.local/lib/python3.12/site-packages/airflow/example_dags/example_bash_operator.py
[2024-07-16T19:15:14.358+0000] {processor.py:840} INFO - DAG(s) 'example_bash_operator' retrieved from /home/airflow/.local/lib/python3.12/site-packages/airflow/example_dags/example_bash_operator.py
[2024-07-16T19:15:14.395+0000] {logging_mixin.py:188} INFO - [2024-07-16T19:15:14.394+0000] {dag.py:3096} INFO - Sync 1 DAGs
[2024-07-16T19:15:14.422+0000] {logging_mixin.py:188} INFO - [2024-07-16T19:15:14.422+0000] {dag.py:3954} INFO - Setting next_dagrun for example_bash_operator to 2024-07-15 00:00:00+00:00, run_after=2024-07-16 00:00:00+00:00
[2024-07-16T19:15:14.462+0000] {processor.py:183} INFO - Processing /home/airflow/.local/lib/python3.12/site-packages/airflow/example_dags/example_bash_operator.py took 0.127 seconds
[2024-07-16T19:19:15.145+0000] {processor.py:161} INFO - Started process (PID=58) to work on /home/airflow/.local/lib/python3.12/site-packages/airflow/example_dags/example_bash_operator.py
[2024-07-16T19:19:15.165+0000] {processor.py:830} INFO - Processing file /home/airflow/.local/lib/python3.12/site-packages/airflow/example_dags/example_bash_operator.py for tasks to queue
[2024-07-16T19:19:15.176+0000] {logging_mixin.py:188} INFO - [2024-07-16T19:19:15.169+0000] {dagbag.py:545} INFO - Filling up the DagBag from /home/airflow/.local/lib/python3.12/site-packages/airflow/example_dags/example_bash_operator.py
[2024-07-16T19:19:15.228+0000] {processor.py:840} INFO - DAG(s) 'example_bash_operator' retrieved from /home/airflow/.local/lib/python3.12/site-packages/airflow/example_dags/example_bash_operator.py
[2024-07-16T19:19:15.679+0000] {logging_mixin.py:188} INFO - [2024-07-16T19:19:15.678+0000] {dag.py:3096} INFO - Sync 1 DAGs
[2024-07-16T19:19:15.776+0000] {logging_mixin.py:188} INFO - [2024-07-16T19:19:15.776+0000] {dag.py:3954} INFO - Setting next_dagrun for example_bash_operator to 2024-07-15 00:00:00+00:00, run_after=2024-07-16 00:00:00+00:00
[2024-07-16T19:19:15.882+0000] {processor.py:183} INFO - Processing /home/airflow/.local/lib/python3.12/site-packages/airflow/example_dags/example_bash_operator.py took 0.760 seconds
[2024-07-16T19:19:46.652+0000] {processor.py:161} INFO - Started process (PID=118) to work on /home/airflow/.local/lib/python3.12/site-packages/airflow/example_dags/example_bash_operator.py
[2024-07-16T19:19:46.653+0000] {processor.py:830} INFO - Processing file /home/airflow/.local/lib/python3.12/site-packages/airflow/example_dags/example_bash_operator.py for tasks to queue
[2024-07-16T19:19:46.655+0000] {logging_mixin.py:188} INFO - [2024-07-16T19:19:46.655+0000] {dagbag.py:545} INFO - Filling up the DagBag from /home/airflow/.local/lib/python3.12/site-packages/airflow/example_dags/example_bash_operator.py
[2024-07-16T19:19:46.668+0000] {processor.py:840} INFO - DAG(s) 'example_bash_operator' retrieved from /home/airflow/.local/lib/python3.12/site-packages/airflow/example_dags/example_bash_operator.py
[2024-07-16T19:19:46.705+0000] {logging_mixin.py:188} INFO - [2024-07-16T19:19:46.705+0000] {dag.py:3096} INFO - Sync 1 DAGs
[2024-07-16T19:19:46.733+0000] {logging_mixin.py:188} INFO - [2024-07-16T19:19:46.733+0000] {dag.py:3954} INFO - Setting next_dagrun for example_bash_operator to 2024-07-15 00:00:00+00:00, run_after=2024-07-16 00:00:00+00:00
[2024-07-16T19:19:46.759+0000] {processor.py:183} INFO - Processing /home/airflow/.local/lib/python3.12/site-packages/airflow/example_dags/example_bash_operator.py took 0.113 seconds
[2024-07-16T19:20:16.859+0000] {processor.py:161} INFO - Started process (PID=177) to work on /home/airflow/.local/lib/python3.12/site-packages/airflow/example_dags/example_bash_operator.py
[2024-07-16T19:20:16.864+0000] {processor.py:830} INFO - Processing file /home/airflow/.local/lib/python3.12/site-packages/airflow/example_dags/example_bash_operator.py for tasks to queue
[2024-07-16T19:20:16.866+0000] {logging_mixin.py:188} INFO - [2024-07-16T19:20:16.866+0000] {dagbag.py:545} INFO - Filling up the DagBag from /home/airflow/.local/lib/python3.12/site-packages/airflow/example_dags/example_bash_operator.py
[2024-07-16T19:20:16.888+0000] {processor.py:840} INFO - DAG(s) 'example_bash_operator' retrieved from /home/airflow/.local/lib/python3.12/site-packages/airflow/example_dags/example_bash_operator.py
[2024-07-16T19:20:16.922+0000] {logging_mixin.py:188} INFO - [2024-07-16T19:20:16.922+0000] {dag.py:3096} INFO - Sync 1 DAGs
[2024-07-16T19:20:16.950+0000] {logging_mixin.py:188} INFO - [2024-07-16T19:20:16.949+0000] {dag.py:3954} INFO - Setting next_dagrun for example_bash_operator to 2024-07-15 00:00:00+00:00, run_after=2024-07-16 00:00:00+00:00
[2024-07-16T19:20:16.973+0000] {processor.py:183} INFO - Processing /home/airflow/.local/lib/python3.12/site-packages/airflow/example_dags/example_bash_operator.py took 0.130 seconds
[2024-07-16T19:20:47.273+0000] {processor.py:161} INFO - Started process (PID=235) to work on /home/airflow/.local/lib/python3.12/site-packages/airflow/example_dags/example_bash_operator.py
[2024-07-16T19:20:47.274+0000] {processor.py:830} INFO - Processing file /home/airflow/.local/lib/python3.12/site-packages/airflow/example_dags/example_bash_operator.py for tasks to queue
[2024-07-16T19:20:47.276+0000] {logging_mixin.py:188} INFO - [2024-07-16T19:20:47.275+0000] {dagbag.py:545} INFO - Filling up the DagBag from /home/airflow/.local/lib/python3.12/site-packages/airflow/example_dags/example_bash_operator.py
[2024-07-16T19:20:47.290+0000] {processor.py:840} INFO - DAG(s) 'example_bash_operator' retrieved from /home/airflow/.local/lib/python3.12/site-packages/airflow/example_dags/example_bash_operator.py
[2024-07-16T19:20:47.325+0000] {logging_mixin.py:188} INFO - [2024-07-16T19:20:47.325+0000] {dag.py:3096} INFO - Sync 1 DAGs
[2024-07-16T19:20:47.358+0000] {logging_mixin.py:188} INFO - [2024-07-16T19:20:47.357+0000] {dag.py:3954} INFO - Setting next_dagrun for example_bash_operator to 2024-07-15 00:00:00+00:00, run_after=2024-07-16 00:00:00+00:00
[2024-07-16T19:20:47.391+0000] {processor.py:183} INFO - Processing /home/airflow/.local/lib/python3.12/site-packages/airflow/example_dags/example_bash_operator.py took 0.124 seconds
[2024-07-16T19:21:17.540+0000] {processor.py:161} INFO - Started process (PID=294) to work on /home/airflow/.local/lib/python3.12/site-packages/airflow/example_dags/example_bash_operator.py
[2024-07-16T19:21:17.541+0000] {processor.py:830} INFO - Processing file /home/airflow/.local/lib/python3.12/site-packages/airflow/example_dags/example_bash_operator.py for tasks to queue
[2024-07-16T19:21:17.554+0000] {logging_mixin.py:188} INFO - [2024-07-16T19:21:17.554+0000] {dagbag.py:545} INFO - Filling up the DagBag from /home/airflow/.local/lib/python3.12/site-packages/airflow/example_dags/example_bash_operator.py
[2024-07-16T19:21:17.641+0000] {processor.py:840} INFO - DAG(s) 'example_bash_operator' retrieved from /home/airflow/.local/lib/python3.12/site-packages/airflow/example_dags/example_bash_operator.py
[2024-07-16T19:21:17.842+0000] {logging_mixin.py:188} INFO - [2024-07-16T19:21:17.841+0000] {dag.py:3096} INFO - Sync 1 DAGs
[2024-07-16T19:21:17.880+0000] {logging_mixin.py:188} INFO - [2024-07-16T19:21:17.880+0000] {dag.py:3954} INFO - Setting next_dagrun for example_bash_operator to 2024-07-15 00:00:00+00:00, run_after=2024-07-16 00:00:00+00:00
[2024-07-16T19:21:17.991+0000] {processor.py:183} INFO - Processing /home/airflow/.local/lib/python3.12/site-packages/airflow/example_dags/example_bash_operator.py took 0.465 seconds
[2024-07-16T19:21:48.240+0000] {processor.py:161} INFO - Started process (PID=353) to work on /home/airflow/.local/lib/python3.12/site-packages/airflow/example_dags/example_bash_operator.py
[2024-07-16T19:21:48.241+0000] {processor.py:830} INFO - Processing file /home/airflow/.local/lib/python3.12/site-packages/airflow/example_dags/example_bash_operator.py for tasks to queue
[2024-07-16T19:21:48.243+0000] {logging_mixin.py:188} INFO - [2024-07-16T19:21:48.243+0000] {dagbag.py:545} INFO - Filling up the DagBag from /home/airflow/.local/lib/python3.12/site-packages/airflow/example_dags/example_bash_operator.py
[2024-07-16T19:21:48.273+0000] {processor.py:840} INFO - DAG(s) 'example_bash_operator' retrieved from /home/airflow/.local/lib/python3.12/site-packages/airflow/example_dags/example_bash_operator.py
[2024-07-16T19:21:48.340+0000] {logging_mixin.py:188} INFO - [2024-07-16T19:21:48.340+0000] {dag.py:3096} INFO - Sync 1 DAGs
[2024-07-16T19:21:48.396+0000] {logging_mixin.py:188} INFO - [2024-07-16T19:21:48.396+0000] {dag.py:3954} INFO - Setting next_dagrun for example_bash_operator to 2024-07-15 00:00:00+00:00, run_after=2024-07-16 00:00:00+00:00
[2024-07-16T19:21:48.479+0000] {processor.py:183} INFO - Processing /home/airflow/.local/lib/python3.12/site-packages/airflow/example_dags/example_bash_operator.py took 0.253 seconds
[2024-07-16T19:22:18.623+0000] {processor.py:161} INFO - Started process (PID=413) to work on /home/airflow/.local/lib/python3.12/site-packages/airflow/example_dags/example_bash_operator.py
[2024-07-16T19:22:18.624+0000] {processor.py:830} INFO - Processing file /home/airflow/.local/lib/python3.12/site-packages/airflow/example_dags/example_bash_operator.py for tasks to queue
[2024-07-16T19:22:18.626+0000] {logging_mixin.py:188} INFO - [2024-07-16T19:22:18.625+0000] {dagbag.py:545} INFO - Filling up the DagBag from /home/airflow/.local/lib/python3.12/site-packages/airflow/example_dags/example_bash_operator.py
[2024-07-16T19:22:18.639+0000] {processor.py:840} INFO - DAG(s) 'example_bash_operator' retrieved from /home/airflow/.local/lib/python3.12/site-packages/airflow/example_dags/example_bash_operator.py
[2024-07-16T19:22:18.677+0000] {logging_mixin.py:188} INFO - [2024-07-16T19:22:18.677+0000] {dag.py:3096} INFO - Sync 1 DAGs
[2024-07-16T19:22:18.712+0000] {logging_mixin.py:188} INFO - [2024-07-16T19:22:18.712+0000] {dag.py:3954} INFO - Setting next_dagrun for example_bash_operator to 2024-07-15 00:00:00+00:00, run_after=2024-07-16 00:00:00+00:00
[2024-07-16T19:22:18.735+0000] {processor.py:183} INFO - Processing /home/airflow/.local/lib/python3.12/site-packages/airflow/example_dags/example_bash_operator.py took 0.118 seconds
[2024-07-16T19:22:48.801+0000] {processor.py:161} INFO - Started process (PID=475) to work on /home/airflow/.local/lib/python3.12/site-packages/airflow/example_dags/example_bash_operator.py
[2024-07-16T19:22:48.802+0000] {processor.py:830} INFO - Processing file /home/airflow/.local/lib/python3.12/site-packages/airflow/example_dags/example_bash_operator.py for tasks to queue
[2024-07-16T19:22:48.804+0000] {logging_mixin.py:188} INFO - [2024-07-16T19:22:48.804+0000] {dagbag.py:545} INFO - Filling up the DagBag from /home/airflow/.local/lib/python3.12/site-packages/airflow/example_dags/example_bash_operator.py
[2024-07-16T19:22:48.818+0000] {processor.py:840} INFO - DAG(s) 'example_bash_operator' retrieved from /home/airflow/.local/lib/python3.12/site-packages/airflow/example_dags/example_bash_operator.py
[2024-07-16T19:22:48.864+0000] {logging_mixin.py:188} INFO - [2024-07-16T19:22:48.864+0000] {dag.py:3096} INFO - Sync 1 DAGs
[2024-07-16T19:22:48.895+0000] {logging_mixin.py:188} INFO - [2024-07-16T19:22:48.895+0000] {dag.py:3954} INFO - Setting next_dagrun for example_bash_operator to 2024-07-15 00:00:00+00:00, run_after=2024-07-16 00:00:00+00:00
[2024-07-16T19:22:48.921+0000] {processor.py:183} INFO - Processing /home/airflow/.local/lib/python3.12/site-packages/airflow/example_dags/example_bash_operator.py took 0.126 seconds
[2024-07-16T19:23:19.023+0000] {processor.py:161} INFO - Started process (PID=537) to work on /home/airflow/.local/lib/python3.12/site-packages/airflow/example_dags/example_bash_operator.py
[2024-07-16T19:23:19.024+0000] {processor.py:830} INFO - Processing file /home/airflow/.local/lib/python3.12/site-packages/airflow/example_dags/example_bash_operator.py for tasks to queue
[2024-07-16T19:23:19.025+0000] {logging_mixin.py:188} INFO - [2024-07-16T19:23:19.025+0000] {dagbag.py:545} INFO - Filling up the DagBag from /home/airflow/.local/lib/python3.12/site-packages/airflow/example_dags/example_bash_operator.py
[2024-07-16T19:23:19.034+0000] {processor.py:840} INFO - DAG(s) 'example_bash_operator' retrieved from /home/airflow/.local/lib/python3.12/site-packages/airflow/example_dags/example_bash_operator.py
[2024-07-16T19:23:19.058+0000] {logging_mixin.py:188} INFO - [2024-07-16T19:23:19.058+0000] {dag.py:3096} INFO - Sync 1 DAGs
[2024-07-16T19:23:19.077+0000] {logging_mixin.py:188} INFO - [2024-07-16T19:23:19.076+0000] {dag.py:3954} INFO - Setting next_dagrun for example_bash_operator to 2024-07-15 00:00:00+00:00, run_after=2024-07-16 00:00:00+00:00
[2024-07-16T19:23:19.095+0000] {processor.py:183} INFO - Processing /home/airflow/.local/lib/python3.12/site-packages/airflow/example_dags/example_bash_operator.py took 0.077 seconds
[2024-07-16T19:23:49.193+0000] {processor.py:161} INFO - Started process (PID=595) to work on /home/airflow/.local/lib/python3.12/site-packages/airflow/example_dags/example_bash_operator.py
[2024-07-16T19:23:49.194+0000] {processor.py:830} INFO - Processing file /home/airflow/.local/lib/python3.12/site-packages/airflow/example_dags/example_bash_operator.py for tasks to queue
[2024-07-16T19:23:49.196+0000] {logging_mixin.py:188} INFO - [2024-07-16T19:23:49.196+0000] {dagbag.py:545} INFO - Filling up the DagBag from /home/airflow/.local/lib/python3.12/site-packages/airflow/example_dags/example_bash_operator.py
[2024-07-16T19:23:49.210+0000] {processor.py:840} INFO - DAG(s) 'example_bash_operator' retrieved from /home/airflow/.local/lib/python3.12/site-packages/airflow/example_dags/example_bash_operator.py
[2024-07-16T19:23:49.246+0000] {logging_mixin.py:188} INFO - [2024-07-16T19:23:49.246+0000] {dag.py:3096} INFO - Sync 1 DAGs
[2024-07-16T19:23:49.275+0000] {logging_mixin.py:188} INFO - [2024-07-16T19:23:49.274+0000] {dag.py:3954} INFO - Setting next_dagrun for example_bash_operator to 2024-07-15 00:00:00+00:00, run_after=2024-07-16 00:00:00+00:00
[2024-07-16T19:23:49.300+0000] {processor.py:183} INFO - Processing /home/airflow/.local/lib/python3.12/site-packages/airflow/example_dags/example_bash_operator.py took 0.113 seconds
[2024-07-16T19:24:19.952+0000] {processor.py:161} INFO - Started process (PID=654) to work on /home/airflow/.local/lib/python3.12/site-packages/airflow/example_dags/example_bash_operator.py
[2024-07-16T19:24:19.953+0000] {processor.py:830} INFO - Processing file /home/airflow/.local/lib/python3.12/site-packages/airflow/example_dags/example_bash_operator.py for tasks to queue
[2024-07-16T19:24:19.954+0000] {logging_mixin.py:188} INFO - [2024-07-16T19:24:19.954+0000] {dagbag.py:545} INFO - Filling up the DagBag from /home/airflow/.local/lib/python3.12/site-packages/airflow/example_dags/example_bash_operator.py
[2024-07-16T19:24:19.968+0000] {processor.py:840} INFO - DAG(s) 'example_bash_operator' retrieved from /home/airflow/.local/lib/python3.12/site-packages/airflow/example_dags/example_bash_operator.py
[2024-07-16T19:24:20.005+0000] {logging_mixin.py:188} INFO - [2024-07-16T19:24:20.005+0000] {dag.py:3096} INFO - Sync 1 DAGs
[2024-07-16T19:24:20.035+0000] {logging_mixin.py:188} INFO - [2024-07-16T19:24:20.035+0000] {dag.py:3954} INFO - Setting next_dagrun for example_bash_operator to 2024-07-15 00:00:00+00:00, run_after=2024-07-16 00:00:00+00:00
[2024-07-16T19:24:20.058+0000] {processor.py:183} INFO - Processing /home/airflow/.local/lib/python3.12/site-packages/airflow/example_dags/example_bash_operator.py took 0.112 seconds
[2024-07-16T19:24:50.886+0000] {processor.py:161} INFO - Started process (PID=713) to work on /home/airflow/.local/lib/python3.12/site-packages/airflow/example_dags/example_bash_operator.py
[2024-07-16T19:24:50.887+0000] {processor.py:830} INFO - Processing file /home/airflow/.local/lib/python3.12/site-packages/airflow/example_dags/example_bash_operator.py for tasks to queue
[2024-07-16T19:24:50.888+0000] {logging_mixin.py:188} INFO - [2024-07-16T19:24:50.888+0000] {dagbag.py:545} INFO - Filling up the DagBag from /home/airflow/.local/lib/python3.12/site-packages/airflow/example_dags/example_bash_operator.py
[2024-07-16T19:24:50.912+0000] {processor.py:840} INFO - DAG(s) 'example_bash_operator' retrieved from /home/airflow/.local/lib/python3.12/site-packages/airflow/example_dags/example_bash_operator.py
[2024-07-16T19:24:50.957+0000] {logging_mixin.py:188} INFO - [2024-07-16T19:24:50.957+0000] {dag.py:3096} INFO - Sync 1 DAGs
[2024-07-16T19:24:50.986+0000] {logging_mixin.py:188} INFO - [2024-07-16T19:24:50.985+0000] {dag.py:3954} INFO - Setting next_dagrun for example_bash_operator to 2024-07-15 00:00:00+00:00, run_after=2024-07-16 00:00:00+00:00
[2024-07-16T19:24:51.009+0000] {processor.py:183} INFO - Processing /home/airflow/.local/lib/python3.12/site-packages/airflow/example_dags/example_bash_operator.py took 0.129 seconds
[2024-07-16T19:25:21.875+0000] {processor.py:161} INFO - Started process (PID=773) to work on /home/airflow/.local/lib/python3.12/site-packages/airflow/example_dags/example_bash_operator.py
[2024-07-16T19:25:21.876+0000] {processor.py:830} INFO - Processing file /home/airflow/.local/lib/python3.12/site-packages/airflow/example_dags/example_bash_operator.py for tasks to queue
[2024-07-16T19:25:21.877+0000] {logging_mixin.py:188} INFO - [2024-07-16T19:25:21.877+0000] {dagbag.py:545} INFO - Filling up the DagBag from /home/airflow/.local/lib/python3.12/site-packages/airflow/example_dags/example_bash_operator.py
[2024-07-16T19:25:21.891+0000] {processor.py:840} INFO - DAG(s) 'example_bash_operator' retrieved from /home/airflow/.local/lib/python3.12/site-packages/airflow/example_dags/example_bash_operator.py
[2024-07-16T19:25:21.926+0000] {logging_mixin.py:188} INFO - [2024-07-16T19:25:21.926+0000] {dag.py:3096} INFO - Sync 1 DAGs
[2024-07-16T19:25:21.955+0000] {logging_mixin.py:188} INFO - [2024-07-16T19:25:21.954+0000] {dag.py:3954} INFO - Setting next_dagrun for example_bash_operator to 2024-07-15 00:00:00+00:00, run_after=2024-07-16 00:00:00+00:00
[2024-07-16T19:25:21.981+0000] {processor.py:183} INFO - Processing /home/airflow/.local/lib/python3.12/site-packages/airflow/example_dags/example_bash_operator.py took 0.112 seconds
[2024-07-16T19:25:52.323+0000] {processor.py:161} INFO - Started process (PID=832) to work on /home/airflow/.local/lib/python3.12/site-packages/airflow/example_dags/example_bash_operator.py
[2024-07-16T19:25:52.336+0000] {processor.py:830} INFO - Processing file /home/airflow/.local/lib/python3.12/site-packages/airflow/example_dags/example_bash_operator.py for tasks to queue
[2024-07-16T19:25:52.344+0000] {logging_mixin.py:188} INFO - [2024-07-16T19:25:52.343+0000] {dagbag.py:545} INFO - Filling up the DagBag from /home/airflow/.local/lib/python3.12/site-packages/airflow/example_dags/example_bash_operator.py
[2024-07-16T19:25:52.382+0000] {processor.py:840} INFO - DAG(s) 'example_bash_operator' retrieved from /home/airflow/.local/lib/python3.12/site-packages/airflow/example_dags/example_bash_operator.py
[2024-07-16T19:25:52.541+0000] {logging_mixin.py:188} INFO - [2024-07-16T19:25:52.534+0000] {dag.py:3096} INFO - Sync 1 DAGs
[2024-07-16T19:25:52.611+0000] {logging_mixin.py:188} INFO - [2024-07-16T19:25:52.611+0000] {dag.py:3954} INFO - Setting next_dagrun for example_bash_operator to 2024-07-15 00:00:00+00:00, run_after=2024-07-16 00:00:00+00:00
[2024-07-16T19:25:52.705+0000] {processor.py:183} INFO - Processing /home/airflow/.local/lib/python3.12/site-packages/airflow/example_dags/example_bash_operator.py took 0.421 seconds
[2024-07-16T19:26:22.782+0000] {processor.py:161} INFO - Started process (PID=891) to work on /home/airflow/.local/lib/python3.12/site-packages/airflow/example_dags/example_bash_operator.py
[2024-07-16T19:26:22.783+0000] {processor.py:830} INFO - Processing file /home/airflow/.local/lib/python3.12/site-packages/airflow/example_dags/example_bash_operator.py for tasks to queue
[2024-07-16T19:26:22.784+0000] {logging_mixin.py:188} INFO - [2024-07-16T19:26:22.783+0000] {dagbag.py:545} INFO - Filling up the DagBag from /home/airflow/.local/lib/python3.12/site-packages/airflow/example_dags/example_bash_operator.py
[2024-07-16T19:26:22.797+0000] {processor.py:840} INFO - DAG(s) 'example_bash_operator' retrieved from /home/airflow/.local/lib/python3.12/site-packages/airflow/example_dags/example_bash_operator.py
[2024-07-16T19:26:22.833+0000] {logging_mixin.py:188} INFO - [2024-07-16T19:26:22.833+0000] {dag.py:3096} INFO - Sync 1 DAGs
[2024-07-16T19:26:22.860+0000] {logging_mixin.py:188} INFO - [2024-07-16T19:26:22.860+0000] {dag.py:3954} INFO - Setting next_dagrun for example_bash_operator to 2024-07-15 00:00:00+00:00, run_after=2024-07-16 00:00:00+00:00
[2024-07-16T19:26:22.881+0000] {processor.py:183} INFO - Processing /home/airflow/.local/lib/python3.12/site-packages/airflow/example_dags/example_bash_operator.py took 0.105 seconds
[2024-07-16T19:26:53.647+0000] {processor.py:161} INFO - Started process (PID=950) to work on /home/airflow/.local/lib/python3.12/site-packages/airflow/example_dags/example_bash_operator.py
[2024-07-16T19:26:53.648+0000] {processor.py:830} INFO - Processing file /home/airflow/.local/lib/python3.12/site-packages/airflow/example_dags/example_bash_operator.py for tasks to queue
[2024-07-16T19:26:53.649+0000] {logging_mixin.py:188} INFO - [2024-07-16T19:26:53.649+0000] {dagbag.py:545} INFO - Filling up the DagBag from /home/airflow/.local/lib/python3.12/site-packages/airflow/example_dags/example_bash_operator.py
[2024-07-16T19:26:53.672+0000] {processor.py:840} INFO - DAG(s) 'example_bash_operator' retrieved from /home/airflow/.local/lib/python3.12/site-packages/airflow/example_dags/example_bash_operator.py
[2024-07-16T19:26:53.711+0000] {logging_mixin.py:188} INFO - [2024-07-16T19:26:53.711+0000] {dag.py:3096} INFO - Sync 1 DAGs
[2024-07-16T19:26:53.738+0000] {logging_mixin.py:188} INFO - [2024-07-16T19:26:53.737+0000] {dag.py:3954} INFO - Setting next_dagrun for example_bash_operator to 2024-07-15 00:00:00+00:00, run_after=2024-07-16 00:00:00+00:00
[2024-07-16T19:26:53.762+0000] {processor.py:183} INFO - Processing /home/airflow/.local/lib/python3.12/site-packages/airflow/example_dags/example_bash_operator.py took 0.126 seconds
