[2024-07-16T19:02:30.143+0000] {processor.py:161} INFO - Started process (PID=64) to work on /home/airflow/.local/lib/python3.12/site-packages/airflow/example_dags/example_nested_branch_dag.py
[2024-07-16T19:02:30.144+0000] {processor.py:830} INFO - Processing file /home/airflow/.local/lib/python3.12/site-packages/airflow/example_dags/example_nested_branch_dag.py for tasks to queue
[2024-07-16T19:02:30.160+0000] {logging_mixin.py:188} INFO - [2024-07-16T19:02:30.160+0000] {dagbag.py:545} INFO - Filling up the DagBag from /home/airflow/.local/lib/python3.12/site-packages/airflow/example_dags/example_nested_branch_dag.py
[2024-07-16T19:02:30.192+0000] {processor.py:840} INFO - DAG(s) 'example_nested_branch_dag' retrieved from /home/airflow/.local/lib/python3.12/site-packages/airflow/example_dags/example_nested_branch_dag.py
[2024-07-16T19:02:30.594+0000] {logging_mixin.py:188} INFO - [2024-07-16T19:02:30.594+0000] {dag.py:3096} INFO - Sync 1 DAGs
[2024-07-16T19:02:30.652+0000] {logging_mixin.py:188} INFO - [2024-07-16T19:02:30.652+0000] {dag.py:3954} INFO - Setting next_dagrun for example_nested_branch_dag to 2024-07-15 00:00:00+00:00, run_after=2024-07-16 00:00:00+00:00
[2024-07-16T19:02:30.715+0000] {processor.py:183} INFO - Processing /home/airflow/.local/lib/python3.12/site-packages/airflow/example_dags/example_nested_branch_dag.py took 0.582 seconds
[2024-07-16T19:03:00.988+0000] {processor.py:161} INFO - Started process (PID=123) to work on /home/airflow/.local/lib/python3.12/site-packages/airflow/example_dags/example_nested_branch_dag.py
[2024-07-16T19:03:00.989+0000] {processor.py:830} INFO - Processing file /home/airflow/.local/lib/python3.12/site-packages/airflow/example_dags/example_nested_branch_dag.py for tasks to queue
[2024-07-16T19:03:00.993+0000] {logging_mixin.py:188} INFO - [2024-07-16T19:03:00.992+0000] {dagbag.py:545} INFO - Filling up the DagBag from /home/airflow/.local/lib/python3.12/site-packages/airflow/example_dags/example_nested_branch_dag.py
[2024-07-16T19:03:01.004+0000] {processor.py:840} INFO - DAG(s) 'example_nested_branch_dag' retrieved from /home/airflow/.local/lib/python3.12/site-packages/airflow/example_dags/example_nested_branch_dag.py
[2024-07-16T19:03:01.034+0000] {logging_mixin.py:188} INFO - [2024-07-16T19:03:01.034+0000] {dag.py:3096} INFO - Sync 1 DAGs
[2024-07-16T19:03:01.066+0000] {logging_mixin.py:188} INFO - [2024-07-16T19:03:01.066+0000] {dag.py:3954} INFO - Setting next_dagrun for example_nested_branch_dag to 2024-07-15 00:00:00+00:00, run_after=2024-07-16 00:00:00+00:00
[2024-07-16T19:03:01.089+0000] {processor.py:183} INFO - Processing /home/airflow/.local/lib/python3.12/site-packages/airflow/example_dags/example_nested_branch_dag.py took 0.107 seconds
[2024-07-16T19:03:31.964+0000] {processor.py:161} INFO - Started process (PID=182) to work on /home/airflow/.local/lib/python3.12/site-packages/airflow/example_dags/example_nested_branch_dag.py
[2024-07-16T19:03:31.965+0000] {processor.py:830} INFO - Processing file /home/airflow/.local/lib/python3.12/site-packages/airflow/example_dags/example_nested_branch_dag.py for tasks to queue
[2024-07-16T19:03:31.966+0000] {logging_mixin.py:188} INFO - [2024-07-16T19:03:31.966+0000] {dagbag.py:545} INFO - Filling up the DagBag from /home/airflow/.local/lib/python3.12/site-packages/airflow/example_dags/example_nested_branch_dag.py
[2024-07-16T19:03:31.977+0000] {processor.py:840} INFO - DAG(s) 'example_nested_branch_dag' retrieved from /home/airflow/.local/lib/python3.12/site-packages/airflow/example_dags/example_nested_branch_dag.py
[2024-07-16T19:03:32.004+0000] {logging_mixin.py:188} INFO - [2024-07-16T19:03:32.003+0000] {dag.py:3096} INFO - Sync 1 DAGs
[2024-07-16T19:03:32.034+0000] {logging_mixin.py:188} INFO - [2024-07-16T19:03:32.034+0000] {dag.py:3954} INFO - Setting next_dagrun for example_nested_branch_dag to 2024-07-15 00:00:00+00:00, run_after=2024-07-16 00:00:00+00:00
[2024-07-16T19:03:32.063+0000] {processor.py:183} INFO - Processing /home/airflow/.local/lib/python3.12/site-packages/airflow/example_dags/example_nested_branch_dag.py took 0.105 seconds
[2024-07-16T19:04:02.684+0000] {processor.py:161} INFO - Started process (PID=242) to work on /home/airflow/.local/lib/python3.12/site-packages/airflow/example_dags/example_nested_branch_dag.py
[2024-07-16T19:04:02.685+0000] {processor.py:830} INFO - Processing file /home/airflow/.local/lib/python3.12/site-packages/airflow/example_dags/example_nested_branch_dag.py for tasks to queue
[2024-07-16T19:04:02.687+0000] {logging_mixin.py:188} INFO - [2024-07-16T19:04:02.686+0000] {dagbag.py:545} INFO - Filling up the DagBag from /home/airflow/.local/lib/python3.12/site-packages/airflow/example_dags/example_nested_branch_dag.py
[2024-07-16T19:04:02.700+0000] {processor.py:840} INFO - DAG(s) 'example_nested_branch_dag' retrieved from /home/airflow/.local/lib/python3.12/site-packages/airflow/example_dags/example_nested_branch_dag.py
[2024-07-16T19:04:02.731+0000] {logging_mixin.py:188} INFO - [2024-07-16T19:04:02.729+0000] {dag.py:3096} INFO - Sync 1 DAGs
[2024-07-16T19:04:02.763+0000] {logging_mixin.py:188} INFO - [2024-07-16T19:04:02.762+0000] {dag.py:3954} INFO - Setting next_dagrun for example_nested_branch_dag to 2024-07-15 00:00:00+00:00, run_after=2024-07-16 00:00:00+00:00
[2024-07-16T19:04:02.791+0000] {processor.py:183} INFO - Processing /home/airflow/.local/lib/python3.12/site-packages/airflow/example_dags/example_nested_branch_dag.py took 0.113 seconds
[2024-07-16T19:04:33.084+0000] {processor.py:161} INFO - Started process (PID=300) to work on /home/airflow/.local/lib/python3.12/site-packages/airflow/example_dags/example_nested_branch_dag.py
[2024-07-16T19:04:33.085+0000] {processor.py:830} INFO - Processing file /home/airflow/.local/lib/python3.12/site-packages/airflow/example_dags/example_nested_branch_dag.py for tasks to queue
[2024-07-16T19:04:33.086+0000] {logging_mixin.py:188} INFO - [2024-07-16T19:04:33.086+0000] {dagbag.py:545} INFO - Filling up the DagBag from /home/airflow/.local/lib/python3.12/site-packages/airflow/example_dags/example_nested_branch_dag.py
[2024-07-16T19:04:33.095+0000] {processor.py:840} INFO - DAG(s) 'example_nested_branch_dag' retrieved from /home/airflow/.local/lib/python3.12/site-packages/airflow/example_dags/example_nested_branch_dag.py
[2024-07-16T19:04:33.113+0000] {logging_mixin.py:188} INFO - [2024-07-16T19:04:33.112+0000] {dag.py:3096} INFO - Sync 1 DAGs
[2024-07-16T19:04:33.132+0000] {logging_mixin.py:188} INFO - [2024-07-16T19:04:33.132+0000] {dag.py:3954} INFO - Setting next_dagrun for example_nested_branch_dag to 2024-07-15 00:00:00+00:00, run_after=2024-07-16 00:00:00+00:00
[2024-07-16T19:04:33.154+0000] {processor.py:183} INFO - Processing /home/airflow/.local/lib/python3.12/site-packages/airflow/example_dags/example_nested_branch_dag.py took 0.075 seconds
[2024-07-16T19:05:04.079+0000] {processor.py:161} INFO - Started process (PID=362) to work on /home/airflow/.local/lib/python3.12/site-packages/airflow/example_dags/example_nested_branch_dag.py
[2024-07-16T19:05:04.081+0000] {processor.py:830} INFO - Processing file /home/airflow/.local/lib/python3.12/site-packages/airflow/example_dags/example_nested_branch_dag.py for tasks to queue
[2024-07-16T19:05:04.083+0000] {logging_mixin.py:188} INFO - [2024-07-16T19:05:04.083+0000] {dagbag.py:545} INFO - Filling up the DagBag from /home/airflow/.local/lib/python3.12/site-packages/airflow/example_dags/example_nested_branch_dag.py
[2024-07-16T19:05:04.110+0000] {processor.py:840} INFO - DAG(s) 'example_nested_branch_dag' retrieved from /home/airflow/.local/lib/python3.12/site-packages/airflow/example_dags/example_nested_branch_dag.py
[2024-07-16T19:05:04.157+0000] {logging_mixin.py:188} INFO - [2024-07-16T19:05:04.156+0000] {dag.py:3096} INFO - Sync 1 DAGs
[2024-07-16T19:05:04.189+0000] {logging_mixin.py:188} INFO - [2024-07-16T19:05:04.189+0000] {dag.py:3954} INFO - Setting next_dagrun for example_nested_branch_dag to 2024-07-15 00:00:00+00:00, run_after=2024-07-16 00:00:00+00:00
[2024-07-16T19:05:04.239+0000] {processor.py:183} INFO - Processing /home/airflow/.local/lib/python3.12/site-packages/airflow/example_dags/example_nested_branch_dag.py took 0.167 seconds
[2024-07-16T19:05:35.138+0000] {processor.py:161} INFO - Started process (PID=423) to work on /home/airflow/.local/lib/python3.12/site-packages/airflow/example_dags/example_nested_branch_dag.py
[2024-07-16T19:05:35.139+0000] {processor.py:830} INFO - Processing file /home/airflow/.local/lib/python3.12/site-packages/airflow/example_dags/example_nested_branch_dag.py for tasks to queue
[2024-07-16T19:05:35.141+0000] {logging_mixin.py:188} INFO - [2024-07-16T19:05:35.141+0000] {dagbag.py:545} INFO - Filling up the DagBag from /home/airflow/.local/lib/python3.12/site-packages/airflow/example_dags/example_nested_branch_dag.py
[2024-07-16T19:05:35.196+0000] {processor.py:840} INFO - DAG(s) 'example_nested_branch_dag' retrieved from /home/airflow/.local/lib/python3.12/site-packages/airflow/example_dags/example_nested_branch_dag.py
[2024-07-16T19:05:35.258+0000] {logging_mixin.py:188} INFO - [2024-07-16T19:05:35.257+0000] {dag.py:3096} INFO - Sync 1 DAGs
[2024-07-16T19:05:35.400+0000] {logging_mixin.py:188} INFO - [2024-07-16T19:05:35.399+0000] {dag.py:3954} INFO - Setting next_dagrun for example_nested_branch_dag to 2024-07-15 00:00:00+00:00, run_after=2024-07-16 00:00:00+00:00
[2024-07-16T19:05:35.489+0000] {processor.py:183} INFO - Processing /home/airflow/.local/lib/python3.12/site-packages/airflow/example_dags/example_nested_branch_dag.py took 0.367 seconds
[2024-07-16T19:06:05.577+0000] {processor.py:161} INFO - Started process (PID=483) to work on /home/airflow/.local/lib/python3.12/site-packages/airflow/example_dags/example_nested_branch_dag.py
[2024-07-16T19:06:05.578+0000] {processor.py:830} INFO - Processing file /home/airflow/.local/lib/python3.12/site-packages/airflow/example_dags/example_nested_branch_dag.py for tasks to queue
[2024-07-16T19:06:05.579+0000] {logging_mixin.py:188} INFO - [2024-07-16T19:06:05.579+0000] {dagbag.py:545} INFO - Filling up the DagBag from /home/airflow/.local/lib/python3.12/site-packages/airflow/example_dags/example_nested_branch_dag.py
[2024-07-16T19:06:05.588+0000] {processor.py:840} INFO - DAG(s) 'example_nested_branch_dag' retrieved from /home/airflow/.local/lib/python3.12/site-packages/airflow/example_dags/example_nested_branch_dag.py
[2024-07-16T19:06:05.606+0000] {logging_mixin.py:188} INFO - [2024-07-16T19:06:05.606+0000] {dag.py:3096} INFO - Sync 1 DAGs
[2024-07-16T19:06:05.625+0000] {logging_mixin.py:188} INFO - [2024-07-16T19:06:05.625+0000] {dag.py:3954} INFO - Setting next_dagrun for example_nested_branch_dag to 2024-07-15 00:00:00+00:00, run_after=2024-07-16 00:00:00+00:00
[2024-07-16T19:06:05.644+0000] {processor.py:183} INFO - Processing /home/airflow/.local/lib/python3.12/site-packages/airflow/example_dags/example_nested_branch_dag.py took 0.072 seconds
[2024-07-16T19:06:36.220+0000] {processor.py:161} INFO - Started process (PID=543) to work on /home/airflow/.local/lib/python3.12/site-packages/airflow/example_dags/example_nested_branch_dag.py
[2024-07-16T19:06:36.224+0000] {processor.py:830} INFO - Processing file /home/airflow/.local/lib/python3.12/site-packages/airflow/example_dags/example_nested_branch_dag.py for tasks to queue
[2024-07-16T19:06:36.225+0000] {logging_mixin.py:188} INFO - [2024-07-16T19:06:36.224+0000] {dagbag.py:545} INFO - Filling up the DagBag from /home/airflow/.local/lib/python3.12/site-packages/airflow/example_dags/example_nested_branch_dag.py
[2024-07-16T19:06:36.241+0000] {processor.py:840} INFO - DAG(s) 'example_nested_branch_dag' retrieved from /home/airflow/.local/lib/python3.12/site-packages/airflow/example_dags/example_nested_branch_dag.py
[2024-07-16T19:06:36.284+0000] {logging_mixin.py:188} INFO - [2024-07-16T19:06:36.284+0000] {dag.py:3096} INFO - Sync 1 DAGs
[2024-07-16T19:06:36.308+0000] {logging_mixin.py:188} INFO - [2024-07-16T19:06:36.307+0000] {dag.py:3954} INFO - Setting next_dagrun for example_nested_branch_dag to 2024-07-15 00:00:00+00:00, run_after=2024-07-16 00:00:00+00:00
[2024-07-16T19:06:36.327+0000] {processor.py:183} INFO - Processing /home/airflow/.local/lib/python3.12/site-packages/airflow/example_dags/example_nested_branch_dag.py took 0.113 seconds
[2024-07-16T19:07:06.934+0000] {processor.py:161} INFO - Started process (PID=605) to work on /home/airflow/.local/lib/python3.12/site-packages/airflow/example_dags/example_nested_branch_dag.py
[2024-07-16T19:07:06.935+0000] {processor.py:830} INFO - Processing file /home/airflow/.local/lib/python3.12/site-packages/airflow/example_dags/example_nested_branch_dag.py for tasks to queue
[2024-07-16T19:07:06.936+0000] {logging_mixin.py:188} INFO - [2024-07-16T19:07:06.936+0000] {dagbag.py:545} INFO - Filling up the DagBag from /home/airflow/.local/lib/python3.12/site-packages/airflow/example_dags/example_nested_branch_dag.py
[2024-07-16T19:07:06.948+0000] {processor.py:840} INFO - DAG(s) 'example_nested_branch_dag' retrieved from /home/airflow/.local/lib/python3.12/site-packages/airflow/example_dags/example_nested_branch_dag.py
[2024-07-16T19:07:06.973+0000] {logging_mixin.py:188} INFO - [2024-07-16T19:07:06.973+0000] {dag.py:3096} INFO - Sync 1 DAGs
[2024-07-16T19:07:06.993+0000] {logging_mixin.py:188} INFO - [2024-07-16T19:07:06.992+0000] {dag.py:3954} INFO - Setting next_dagrun for example_nested_branch_dag to 2024-07-15 00:00:00+00:00, run_after=2024-07-16 00:00:00+00:00
[2024-07-16T19:07:07.012+0000] {processor.py:183} INFO - Processing /home/airflow/.local/lib/python3.12/site-packages/airflow/example_dags/example_nested_branch_dag.py took 0.085 seconds
[2024-07-16T19:07:37.234+0000] {processor.py:161} INFO - Started process (PID=665) to work on /home/airflow/.local/lib/python3.12/site-packages/airflow/example_dags/example_nested_branch_dag.py
[2024-07-16T19:07:37.234+0000] {processor.py:830} INFO - Processing file /home/airflow/.local/lib/python3.12/site-packages/airflow/example_dags/example_nested_branch_dag.py for tasks to queue
[2024-07-16T19:07:37.235+0000] {logging_mixin.py:188} INFO - [2024-07-16T19:07:37.235+0000] {dagbag.py:545} INFO - Filling up the DagBag from /home/airflow/.local/lib/python3.12/site-packages/airflow/example_dags/example_nested_branch_dag.py
[2024-07-16T19:07:37.247+0000] {processor.py:840} INFO - DAG(s) 'example_nested_branch_dag' retrieved from /home/airflow/.local/lib/python3.12/site-packages/airflow/example_dags/example_nested_branch_dag.py
[2024-07-16T19:07:37.267+0000] {logging_mixin.py:188} INFO - [2024-07-16T19:07:37.266+0000] {dag.py:3096} INFO - Sync 1 DAGs
[2024-07-16T19:07:37.286+0000] {logging_mixin.py:188} INFO - [2024-07-16T19:07:37.286+0000] {dag.py:3954} INFO - Setting next_dagrun for example_nested_branch_dag to 2024-07-15 00:00:00+00:00, run_after=2024-07-16 00:00:00+00:00
[2024-07-16T19:07:37.307+0000] {processor.py:183} INFO - Processing /home/airflow/.local/lib/python3.12/site-packages/airflow/example_dags/example_nested_branch_dag.py took 0.080 seconds
[2024-07-16T19:08:07.923+0000] {processor.py:161} INFO - Started process (PID=724) to work on /home/airflow/.local/lib/python3.12/site-packages/airflow/example_dags/example_nested_branch_dag.py
[2024-07-16T19:08:07.923+0000] {processor.py:830} INFO - Processing file /home/airflow/.local/lib/python3.12/site-packages/airflow/example_dags/example_nested_branch_dag.py for tasks to queue
[2024-07-16T19:08:07.924+0000] {logging_mixin.py:188} INFO - [2024-07-16T19:08:07.924+0000] {dagbag.py:545} INFO - Filling up the DagBag from /home/airflow/.local/lib/python3.12/site-packages/airflow/example_dags/example_nested_branch_dag.py
[2024-07-16T19:08:07.937+0000] {processor.py:840} INFO - DAG(s) 'example_nested_branch_dag' retrieved from /home/airflow/.local/lib/python3.12/site-packages/airflow/example_dags/example_nested_branch_dag.py
[2024-07-16T19:08:07.961+0000] {logging_mixin.py:188} INFO - [2024-07-16T19:08:07.961+0000] {dag.py:3096} INFO - Sync 1 DAGs
[2024-07-16T19:08:07.989+0000] {logging_mixin.py:188} INFO - [2024-07-16T19:08:07.989+0000] {dag.py:3954} INFO - Setting next_dagrun for example_nested_branch_dag to 2024-07-15 00:00:00+00:00, run_after=2024-07-16 00:00:00+00:00
[2024-07-16T19:08:08.012+0000] {processor.py:183} INFO - Processing /home/airflow/.local/lib/python3.12/site-packages/airflow/example_dags/example_nested_branch_dag.py took 0.096 seconds
[2024-07-16T19:08:38.076+0000] {processor.py:161} INFO - Started process (PID=782) to work on /home/airflow/.local/lib/python3.12/site-packages/airflow/example_dags/example_nested_branch_dag.py
[2024-07-16T19:08:38.077+0000] {processor.py:830} INFO - Processing file /home/airflow/.local/lib/python3.12/site-packages/airflow/example_dags/example_nested_branch_dag.py for tasks to queue
[2024-07-16T19:08:38.078+0000] {logging_mixin.py:188} INFO - [2024-07-16T19:08:38.078+0000] {dagbag.py:545} INFO - Filling up the DagBag from /home/airflow/.local/lib/python3.12/site-packages/airflow/example_dags/example_nested_branch_dag.py
[2024-07-16T19:08:38.090+0000] {processor.py:840} INFO - DAG(s) 'example_nested_branch_dag' retrieved from /home/airflow/.local/lib/python3.12/site-packages/airflow/example_dags/example_nested_branch_dag.py
[2024-07-16T19:08:38.120+0000] {logging_mixin.py:188} INFO - [2024-07-16T19:08:38.119+0000] {dag.py:3096} INFO - Sync 1 DAGs
[2024-07-16T19:08:38.147+0000] {logging_mixin.py:188} INFO - [2024-07-16T19:08:38.147+0000] {dag.py:3954} INFO - Setting next_dagrun for example_nested_branch_dag to 2024-07-15 00:00:00+00:00, run_after=2024-07-16 00:00:00+00:00
[2024-07-16T19:08:38.170+0000] {processor.py:183} INFO - Processing /home/airflow/.local/lib/python3.12/site-packages/airflow/example_dags/example_nested_branch_dag.py took 0.100 seconds
[2024-07-16T19:09:08.823+0000] {processor.py:161} INFO - Started process (PID=842) to work on /home/airflow/.local/lib/python3.12/site-packages/airflow/example_dags/example_nested_branch_dag.py
[2024-07-16T19:09:08.823+0000] {processor.py:830} INFO - Processing file /home/airflow/.local/lib/python3.12/site-packages/airflow/example_dags/example_nested_branch_dag.py for tasks to queue
[2024-07-16T19:09:08.824+0000] {logging_mixin.py:188} INFO - [2024-07-16T19:09:08.824+0000] {dagbag.py:545} INFO - Filling up the DagBag from /home/airflow/.local/lib/python3.12/site-packages/airflow/example_dags/example_nested_branch_dag.py
[2024-07-16T19:09:08.832+0000] {processor.py:840} INFO - DAG(s) 'example_nested_branch_dag' retrieved from /home/airflow/.local/lib/python3.12/site-packages/airflow/example_dags/example_nested_branch_dag.py
[2024-07-16T19:09:08.850+0000] {logging_mixin.py:188} INFO - [2024-07-16T19:09:08.850+0000] {dag.py:3096} INFO - Sync 1 DAGs
[2024-07-16T19:09:08.869+0000] {logging_mixin.py:188} INFO - [2024-07-16T19:09:08.869+0000] {dag.py:3954} INFO - Setting next_dagrun for example_nested_branch_dag to 2024-07-15 00:00:00+00:00, run_after=2024-07-16 00:00:00+00:00
[2024-07-16T19:09:08.892+0000] {processor.py:183} INFO - Processing /home/airflow/.local/lib/python3.12/site-packages/airflow/example_dags/example_nested_branch_dag.py took 0.075 seconds
[2024-07-16T19:09:39.340+0000] {processor.py:161} INFO - Started process (PID=906) to work on /home/airflow/.local/lib/python3.12/site-packages/airflow/example_dags/example_nested_branch_dag.py
[2024-07-16T19:09:39.341+0000] {processor.py:830} INFO - Processing file /home/airflow/.local/lib/python3.12/site-packages/airflow/example_dags/example_nested_branch_dag.py for tasks to queue
[2024-07-16T19:09:39.342+0000] {logging_mixin.py:188} INFO - [2024-07-16T19:09:39.341+0000] {dagbag.py:545} INFO - Filling up the DagBag from /home/airflow/.local/lib/python3.12/site-packages/airflow/example_dags/example_nested_branch_dag.py
[2024-07-16T19:09:39.350+0000] {processor.py:840} INFO - DAG(s) 'example_nested_branch_dag' retrieved from /home/airflow/.local/lib/python3.12/site-packages/airflow/example_dags/example_nested_branch_dag.py
[2024-07-16T19:09:39.369+0000] {logging_mixin.py:188} INFO - [2024-07-16T19:09:39.368+0000] {dag.py:3096} INFO - Sync 1 DAGs
[2024-07-16T19:09:39.394+0000] {logging_mixin.py:188} INFO - [2024-07-16T19:09:39.393+0000] {dag.py:3954} INFO - Setting next_dagrun for example_nested_branch_dag to 2024-07-15 00:00:00+00:00, run_after=2024-07-16 00:00:00+00:00
[2024-07-16T19:09:39.419+0000] {processor.py:183} INFO - Processing /home/airflow/.local/lib/python3.12/site-packages/airflow/example_dags/example_nested_branch_dag.py took 0.083 seconds
[2024-07-16T19:10:09.585+0000] {processor.py:161} INFO - Started process (PID=966) to work on /home/airflow/.local/lib/python3.12/site-packages/airflow/example_dags/example_nested_branch_dag.py
[2024-07-16T19:10:09.586+0000] {processor.py:830} INFO - Processing file /home/airflow/.local/lib/python3.12/site-packages/airflow/example_dags/example_nested_branch_dag.py for tasks to queue
[2024-07-16T19:10:09.587+0000] {logging_mixin.py:188} INFO - [2024-07-16T19:10:09.587+0000] {dagbag.py:545} INFO - Filling up the DagBag from /home/airflow/.local/lib/python3.12/site-packages/airflow/example_dags/example_nested_branch_dag.py
[2024-07-16T19:10:09.599+0000] {processor.py:840} INFO - DAG(s) 'example_nested_branch_dag' retrieved from /home/airflow/.local/lib/python3.12/site-packages/airflow/example_dags/example_nested_branch_dag.py
[2024-07-16T19:10:09.626+0000] {logging_mixin.py:188} INFO - [2024-07-16T19:10:09.626+0000] {dag.py:3096} INFO - Sync 1 DAGs
[2024-07-16T19:10:09.653+0000] {logging_mixin.py:188} INFO - [2024-07-16T19:10:09.653+0000] {dag.py:3954} INFO - Setting next_dagrun for example_nested_branch_dag to 2024-07-15 00:00:00+00:00, run_after=2024-07-16 00:00:00+00:00
[2024-07-16T19:10:09.686+0000] {processor.py:183} INFO - Processing /home/airflow/.local/lib/python3.12/site-packages/airflow/example_dags/example_nested_branch_dag.py took 0.107 seconds
[2024-07-16T19:10:40.310+0000] {processor.py:161} INFO - Started process (PID=1025) to work on /home/airflow/.local/lib/python3.12/site-packages/airflow/example_dags/example_nested_branch_dag.py
[2024-07-16T19:10:40.310+0000] {processor.py:830} INFO - Processing file /home/airflow/.local/lib/python3.12/site-packages/airflow/example_dags/example_nested_branch_dag.py for tasks to queue
[2024-07-16T19:10:40.311+0000] {logging_mixin.py:188} INFO - [2024-07-16T19:10:40.311+0000] {dagbag.py:545} INFO - Filling up the DagBag from /home/airflow/.local/lib/python3.12/site-packages/airflow/example_dags/example_nested_branch_dag.py
[2024-07-16T19:10:40.324+0000] {processor.py:840} INFO - DAG(s) 'example_nested_branch_dag' retrieved from /home/airflow/.local/lib/python3.12/site-packages/airflow/example_dags/example_nested_branch_dag.py
[2024-07-16T19:10:40.352+0000] {logging_mixin.py:188} INFO - [2024-07-16T19:10:40.352+0000] {dag.py:3096} INFO - Sync 1 DAGs
[2024-07-16T19:10:40.381+0000] {logging_mixin.py:188} INFO - [2024-07-16T19:10:40.381+0000] {dag.py:3954} INFO - Setting next_dagrun for example_nested_branch_dag to 2024-07-15 00:00:00+00:00, run_after=2024-07-16 00:00:00+00:00
[2024-07-16T19:10:40.406+0000] {processor.py:183} INFO - Processing /home/airflow/.local/lib/python3.12/site-packages/airflow/example_dags/example_nested_branch_dag.py took 0.103 seconds
[2024-07-16T19:11:11.191+0000] {processor.py:161} INFO - Started process (PID=1087) to work on /home/airflow/.local/lib/python3.12/site-packages/airflow/example_dags/example_nested_branch_dag.py
[2024-07-16T19:11:11.192+0000] {processor.py:830} INFO - Processing file /home/airflow/.local/lib/python3.12/site-packages/airflow/example_dags/example_nested_branch_dag.py for tasks to queue
[2024-07-16T19:11:11.193+0000] {logging_mixin.py:188} INFO - [2024-07-16T19:11:11.192+0000] {dagbag.py:545} INFO - Filling up the DagBag from /home/airflow/.local/lib/python3.12/site-packages/airflow/example_dags/example_nested_branch_dag.py
[2024-07-16T19:11:11.204+0000] {processor.py:840} INFO - DAG(s) 'example_nested_branch_dag' retrieved from /home/airflow/.local/lib/python3.12/site-packages/airflow/example_dags/example_nested_branch_dag.py
[2024-07-16T19:11:11.229+0000] {logging_mixin.py:188} INFO - [2024-07-16T19:11:11.229+0000] {dag.py:3096} INFO - Sync 1 DAGs
[2024-07-16T19:11:11.257+0000] {logging_mixin.py:188} INFO - [2024-07-16T19:11:11.257+0000] {dag.py:3954} INFO - Setting next_dagrun for example_nested_branch_dag to 2024-07-15 00:00:00+00:00, run_after=2024-07-16 00:00:00+00:00
[2024-07-16T19:11:11.285+0000] {processor.py:183} INFO - Processing /home/airflow/.local/lib/python3.12/site-packages/airflow/example_dags/example_nested_branch_dag.py took 0.100 seconds
[2024-07-16T19:11:41.872+0000] {processor.py:161} INFO - Started process (PID=1146) to work on /home/airflow/.local/lib/python3.12/site-packages/airflow/example_dags/example_nested_branch_dag.py
[2024-07-16T19:11:41.873+0000] {processor.py:830} INFO - Processing file /home/airflow/.local/lib/python3.12/site-packages/airflow/example_dags/example_nested_branch_dag.py for tasks to queue
[2024-07-16T19:11:41.876+0000] {logging_mixin.py:188} INFO - [2024-07-16T19:11:41.876+0000] {dagbag.py:545} INFO - Filling up the DagBag from /home/airflow/.local/lib/python3.12/site-packages/airflow/example_dags/example_nested_branch_dag.py
[2024-07-16T19:11:41.913+0000] {processor.py:840} INFO - DAG(s) 'example_nested_branch_dag' retrieved from /home/airflow/.local/lib/python3.12/site-packages/airflow/example_dags/example_nested_branch_dag.py
[2024-07-16T19:11:42.031+0000] {logging_mixin.py:188} INFO - [2024-07-16T19:11:42.030+0000] {dag.py:3096} INFO - Sync 1 DAGs
[2024-07-16T19:11:42.106+0000] {logging_mixin.py:188} INFO - [2024-07-16T19:11:42.105+0000] {dag.py:3954} INFO - Setting next_dagrun for example_nested_branch_dag to 2024-07-15 00:00:00+00:00, run_after=2024-07-16 00:00:00+00:00
[2024-07-16T19:11:42.162+0000] {processor.py:183} INFO - Processing /home/airflow/.local/lib/python3.12/site-packages/airflow/example_dags/example_nested_branch_dag.py took 0.316 seconds
[2024-07-16T19:12:12.545+0000] {processor.py:161} INFO - Started process (PID=1205) to work on /home/airflow/.local/lib/python3.12/site-packages/airflow/example_dags/example_nested_branch_dag.py
[2024-07-16T19:12:12.546+0000] {processor.py:830} INFO - Processing file /home/airflow/.local/lib/python3.12/site-packages/airflow/example_dags/example_nested_branch_dag.py for tasks to queue
[2024-07-16T19:12:12.547+0000] {logging_mixin.py:188} INFO - [2024-07-16T19:12:12.547+0000] {dagbag.py:545} INFO - Filling up the DagBag from /home/airflow/.local/lib/python3.12/site-packages/airflow/example_dags/example_nested_branch_dag.py
[2024-07-16T19:12:12.559+0000] {processor.py:840} INFO - DAG(s) 'example_nested_branch_dag' retrieved from /home/airflow/.local/lib/python3.12/site-packages/airflow/example_dags/example_nested_branch_dag.py
[2024-07-16T19:12:12.582+0000] {logging_mixin.py:188} INFO - [2024-07-16T19:12:12.581+0000] {dag.py:3096} INFO - Sync 1 DAGs
[2024-07-16T19:12:12.632+0000] {logging_mixin.py:188} INFO - [2024-07-16T19:12:12.631+0000] {dag.py:3954} INFO - Setting next_dagrun for example_nested_branch_dag to 2024-07-15 00:00:00+00:00, run_after=2024-07-16 00:00:00+00:00
[2024-07-16T19:12:12.660+0000] {processor.py:183} INFO - Processing /home/airflow/.local/lib/python3.12/site-packages/airflow/example_dags/example_nested_branch_dag.py took 0.121 seconds
[2024-07-16T19:12:42.953+0000] {processor.py:161} INFO - Started process (PID=1265) to work on /home/airflow/.local/lib/python3.12/site-packages/airflow/example_dags/example_nested_branch_dag.py
[2024-07-16T19:12:42.954+0000] {processor.py:830} INFO - Processing file /home/airflow/.local/lib/python3.12/site-packages/airflow/example_dags/example_nested_branch_dag.py for tasks to queue
[2024-07-16T19:12:42.955+0000] {logging_mixin.py:188} INFO - [2024-07-16T19:12:42.954+0000] {dagbag.py:545} INFO - Filling up the DagBag from /home/airflow/.local/lib/python3.12/site-packages/airflow/example_dags/example_nested_branch_dag.py
[2024-07-16T19:12:42.967+0000] {processor.py:840} INFO - DAG(s) 'example_nested_branch_dag' retrieved from /home/airflow/.local/lib/python3.12/site-packages/airflow/example_dags/example_nested_branch_dag.py
[2024-07-16T19:12:42.986+0000] {logging_mixin.py:188} INFO - [2024-07-16T19:12:42.985+0000] {dag.py:3096} INFO - Sync 1 DAGs
[2024-07-16T19:12:43.005+0000] {logging_mixin.py:188} INFO - [2024-07-16T19:12:43.004+0000] {dag.py:3954} INFO - Setting next_dagrun for example_nested_branch_dag to 2024-07-15 00:00:00+00:00, run_after=2024-07-16 00:00:00+00:00
[2024-07-16T19:12:43.026+0000] {processor.py:183} INFO - Processing /home/airflow/.local/lib/python3.12/site-packages/airflow/example_dags/example_nested_branch_dag.py took 0.080 seconds
[2024-07-16T19:13:13.150+0000] {processor.py:161} INFO - Started process (PID=1327) to work on /home/airflow/.local/lib/python3.12/site-packages/airflow/example_dags/example_nested_branch_dag.py
[2024-07-16T19:13:13.152+0000] {processor.py:830} INFO - Processing file /home/airflow/.local/lib/python3.12/site-packages/airflow/example_dags/example_nested_branch_dag.py for tasks to queue
[2024-07-16T19:13:13.153+0000] {logging_mixin.py:188} INFO - [2024-07-16T19:13:13.152+0000] {dagbag.py:545} INFO - Filling up the DagBag from /home/airflow/.local/lib/python3.12/site-packages/airflow/example_dags/example_nested_branch_dag.py
[2024-07-16T19:13:13.163+0000] {processor.py:840} INFO - DAG(s) 'example_nested_branch_dag' retrieved from /home/airflow/.local/lib/python3.12/site-packages/airflow/example_dags/example_nested_branch_dag.py
[2024-07-16T19:13:13.184+0000] {logging_mixin.py:188} INFO - [2024-07-16T19:13:13.184+0000] {dag.py:3096} INFO - Sync 1 DAGs
[2024-07-16T19:13:13.203+0000] {logging_mixin.py:188} INFO - [2024-07-16T19:13:13.202+0000] {dag.py:3954} INFO - Setting next_dagrun for example_nested_branch_dag to 2024-07-15 00:00:00+00:00, run_after=2024-07-16 00:00:00+00:00
[2024-07-16T19:13:13.231+0000] {processor.py:183} INFO - Processing /home/airflow/.local/lib/python3.12/site-packages/airflow/example_dags/example_nested_branch_dag.py took 0.087 seconds
[2024-07-16T19:13:43.475+0000] {processor.py:161} INFO - Started process (PID=1386) to work on /home/airflow/.local/lib/python3.12/site-packages/airflow/example_dags/example_nested_branch_dag.py
[2024-07-16T19:13:43.476+0000] {processor.py:830} INFO - Processing file /home/airflow/.local/lib/python3.12/site-packages/airflow/example_dags/example_nested_branch_dag.py for tasks to queue
[2024-07-16T19:13:43.476+0000] {logging_mixin.py:188} INFO - [2024-07-16T19:13:43.476+0000] {dagbag.py:545} INFO - Filling up the DagBag from /home/airflow/.local/lib/python3.12/site-packages/airflow/example_dags/example_nested_branch_dag.py
[2024-07-16T19:13:43.511+0000] {processor.py:840} INFO - DAG(s) 'example_nested_branch_dag' retrieved from /home/airflow/.local/lib/python3.12/site-packages/airflow/example_dags/example_nested_branch_dag.py
[2024-07-16T19:13:43.535+0000] {logging_mixin.py:188} INFO - [2024-07-16T19:13:43.535+0000] {dag.py:3096} INFO - Sync 1 DAGs
[2024-07-16T19:13:43.557+0000] {logging_mixin.py:188} INFO - [2024-07-16T19:13:43.557+0000] {dag.py:3954} INFO - Setting next_dagrun for example_nested_branch_dag to 2024-07-15 00:00:00+00:00, run_after=2024-07-16 00:00:00+00:00
[2024-07-16T19:13:43.583+0000] {processor.py:183} INFO - Processing /home/airflow/.local/lib/python3.12/site-packages/airflow/example_dags/example_nested_branch_dag.py took 0.115 seconds
[2024-07-16T19:14:13.943+0000] {processor.py:161} INFO - Started process (PID=1446) to work on /home/airflow/.local/lib/python3.12/site-packages/airflow/example_dags/example_nested_branch_dag.py
[2024-07-16T19:14:13.944+0000] {processor.py:830} INFO - Processing file /home/airflow/.local/lib/python3.12/site-packages/airflow/example_dags/example_nested_branch_dag.py for tasks to queue
[2024-07-16T19:14:13.944+0000] {logging_mixin.py:188} INFO - [2024-07-16T19:14:13.944+0000] {dagbag.py:545} INFO - Filling up the DagBag from /home/airflow/.local/lib/python3.12/site-packages/airflow/example_dags/example_nested_branch_dag.py
[2024-07-16T19:14:13.953+0000] {processor.py:840} INFO - DAG(s) 'example_nested_branch_dag' retrieved from /home/airflow/.local/lib/python3.12/site-packages/airflow/example_dags/example_nested_branch_dag.py
[2024-07-16T19:14:13.971+0000] {logging_mixin.py:188} INFO - [2024-07-16T19:14:13.971+0000] {dag.py:3096} INFO - Sync 1 DAGs
[2024-07-16T19:14:13.990+0000] {logging_mixin.py:188} INFO - [2024-07-16T19:14:13.990+0000] {dag.py:3954} INFO - Setting next_dagrun for example_nested_branch_dag to 2024-07-15 00:00:00+00:00, run_after=2024-07-16 00:00:00+00:00
[2024-07-16T19:14:14.010+0000] {processor.py:183} INFO - Processing /home/airflow/.local/lib/python3.12/site-packages/airflow/example_dags/example_nested_branch_dag.py took 0.071 seconds
[2024-07-16T19:14:44.468+0000] {processor.py:161} INFO - Started process (PID=1505) to work on /home/airflow/.local/lib/python3.12/site-packages/airflow/example_dags/example_nested_branch_dag.py
[2024-07-16T19:14:44.478+0000] {processor.py:830} INFO - Processing file /home/airflow/.local/lib/python3.12/site-packages/airflow/example_dags/example_nested_branch_dag.py for tasks to queue
[2024-07-16T19:14:44.485+0000] {logging_mixin.py:188} INFO - [2024-07-16T19:14:44.485+0000] {dagbag.py:545} INFO - Filling up the DagBag from /home/airflow/.local/lib/python3.12/site-packages/airflow/example_dags/example_nested_branch_dag.py
[2024-07-16T19:14:44.508+0000] {processor.py:840} INFO - DAG(s) 'example_nested_branch_dag' retrieved from /home/airflow/.local/lib/python3.12/site-packages/airflow/example_dags/example_nested_branch_dag.py
[2024-07-16T19:14:44.544+0000] {logging_mixin.py:188} INFO - [2024-07-16T19:14:44.543+0000] {dag.py:3096} INFO - Sync 1 DAGs
[2024-07-16T19:14:44.574+0000] {logging_mixin.py:188} INFO - [2024-07-16T19:14:44.574+0000] {dag.py:3954} INFO - Setting next_dagrun for example_nested_branch_dag to 2024-07-15 00:00:00+00:00, run_after=2024-07-16 00:00:00+00:00
[2024-07-16T19:14:44.621+0000] {processor.py:183} INFO - Processing /home/airflow/.local/lib/python3.12/site-packages/airflow/example_dags/example_nested_branch_dag.py took 0.167 seconds
[2024-07-16T19:15:14.794+0000] {processor.py:161} INFO - Started process (PID=1564) to work on /home/airflow/.local/lib/python3.12/site-packages/airflow/example_dags/example_nested_branch_dag.py
[2024-07-16T19:15:14.795+0000] {processor.py:830} INFO - Processing file /home/airflow/.local/lib/python3.12/site-packages/airflow/example_dags/example_nested_branch_dag.py for tasks to queue
[2024-07-16T19:15:14.795+0000] {logging_mixin.py:188} INFO - [2024-07-16T19:15:14.795+0000] {dagbag.py:545} INFO - Filling up the DagBag from /home/airflow/.local/lib/python3.12/site-packages/airflow/example_dags/example_nested_branch_dag.py
[2024-07-16T19:15:14.806+0000] {processor.py:840} INFO - DAG(s) 'example_nested_branch_dag' retrieved from /home/airflow/.local/lib/python3.12/site-packages/airflow/example_dags/example_nested_branch_dag.py
[2024-07-16T19:15:14.825+0000] {logging_mixin.py:188} INFO - [2024-07-16T19:15:14.825+0000] {dag.py:3096} INFO - Sync 1 DAGs
[2024-07-16T19:15:14.844+0000] {logging_mixin.py:188} INFO - [2024-07-16T19:15:14.844+0000] {dag.py:3954} INFO - Setting next_dagrun for example_nested_branch_dag to 2024-07-15 00:00:00+00:00, run_after=2024-07-16 00:00:00+00:00
[2024-07-16T19:15:14.870+0000] {processor.py:183} INFO - Processing /home/airflow/.local/lib/python3.12/site-packages/airflow/example_dags/example_nested_branch_dag.py took 0.083 seconds
[2024-07-16T19:19:17.384+0000] {processor.py:161} INFO - Started process (PID=63) to work on /home/airflow/.local/lib/python3.12/site-packages/airflow/example_dags/example_nested_branch_dag.py
[2024-07-16T19:19:17.385+0000] {processor.py:830} INFO - Processing file /home/airflow/.local/lib/python3.12/site-packages/airflow/example_dags/example_nested_branch_dag.py for tasks to queue
[2024-07-16T19:19:17.394+0000] {logging_mixin.py:188} INFO - [2024-07-16T19:19:17.393+0000] {dagbag.py:545} INFO - Filling up the DagBag from /home/airflow/.local/lib/python3.12/site-packages/airflow/example_dags/example_nested_branch_dag.py
[2024-07-16T19:19:17.430+0000] {processor.py:840} INFO - DAG(s) 'example_nested_branch_dag' retrieved from /home/airflow/.local/lib/python3.12/site-packages/airflow/example_dags/example_nested_branch_dag.py
[2024-07-16T19:19:17.938+0000] {logging_mixin.py:188} INFO - [2024-07-16T19:19:17.938+0000] {dag.py:3096} INFO - Sync 1 DAGs
[2024-07-16T19:19:18.012+0000] {logging_mixin.py:188} INFO - [2024-07-16T19:19:18.012+0000] {dag.py:3954} INFO - Setting next_dagrun for example_nested_branch_dag to 2024-07-15 00:00:00+00:00, run_after=2024-07-16 00:00:00+00:00
[2024-07-16T19:19:18.097+0000] {processor.py:183} INFO - Processing /home/airflow/.local/lib/python3.12/site-packages/airflow/example_dags/example_nested_branch_dag.py took 0.732 seconds
[2024-07-16T19:19:48.915+0000] {processor.py:161} INFO - Started process (PID=123) to work on /home/airflow/.local/lib/python3.12/site-packages/airflow/example_dags/example_nested_branch_dag.py
[2024-07-16T19:19:48.916+0000] {processor.py:830} INFO - Processing file /home/airflow/.local/lib/python3.12/site-packages/airflow/example_dags/example_nested_branch_dag.py for tasks to queue
[2024-07-16T19:19:48.918+0000] {logging_mixin.py:188} INFO - [2024-07-16T19:19:48.917+0000] {dagbag.py:545} INFO - Filling up the DagBag from /home/airflow/.local/lib/python3.12/site-packages/airflow/example_dags/example_nested_branch_dag.py
[2024-07-16T19:19:48.930+0000] {processor.py:840} INFO - DAG(s) 'example_nested_branch_dag' retrieved from /home/airflow/.local/lib/python3.12/site-packages/airflow/example_dags/example_nested_branch_dag.py
[2024-07-16T19:19:48.959+0000] {logging_mixin.py:188} INFO - [2024-07-16T19:19:48.958+0000] {dag.py:3096} INFO - Sync 1 DAGs
[2024-07-16T19:19:48.987+0000] {logging_mixin.py:188} INFO - [2024-07-16T19:19:48.987+0000] {dag.py:3954} INFO - Setting next_dagrun for example_nested_branch_dag to 2024-07-15 00:00:00+00:00, run_after=2024-07-16 00:00:00+00:00
[2024-07-16T19:19:49.030+0000] {processor.py:183} INFO - Processing /home/airflow/.local/lib/python3.12/site-packages/airflow/example_dags/example_nested_branch_dag.py took 0.121 seconds
[2024-07-16T19:20:19.189+0000] {processor.py:161} INFO - Started process (PID=182) to work on /home/airflow/.local/lib/python3.12/site-packages/airflow/example_dags/example_nested_branch_dag.py
[2024-07-16T19:20:19.190+0000] {processor.py:830} INFO - Processing file /home/airflow/.local/lib/python3.12/site-packages/airflow/example_dags/example_nested_branch_dag.py for tasks to queue
[2024-07-16T19:20:19.192+0000] {logging_mixin.py:188} INFO - [2024-07-16T19:20:19.192+0000] {dagbag.py:545} INFO - Filling up the DagBag from /home/airflow/.local/lib/python3.12/site-packages/airflow/example_dags/example_nested_branch_dag.py
[2024-07-16T19:20:19.204+0000] {processor.py:840} INFO - DAG(s) 'example_nested_branch_dag' retrieved from /home/airflow/.local/lib/python3.12/site-packages/airflow/example_dags/example_nested_branch_dag.py
[2024-07-16T19:20:19.230+0000] {logging_mixin.py:188} INFO - [2024-07-16T19:20:19.230+0000] {dag.py:3096} INFO - Sync 1 DAGs
[2024-07-16T19:20:19.257+0000] {logging_mixin.py:188} INFO - [2024-07-16T19:20:19.257+0000] {dag.py:3954} INFO - Setting next_dagrun for example_nested_branch_dag to 2024-07-15 00:00:00+00:00, run_after=2024-07-16 00:00:00+00:00
[2024-07-16T19:20:19.281+0000] {processor.py:183} INFO - Processing /home/airflow/.local/lib/python3.12/site-packages/airflow/example_dags/example_nested_branch_dag.py took 0.097 seconds
[2024-07-16T19:20:49.563+0000] {processor.py:161} INFO - Started process (PID=240) to work on /home/airflow/.local/lib/python3.12/site-packages/airflow/example_dags/example_nested_branch_dag.py
[2024-07-16T19:20:49.564+0000] {processor.py:830} INFO - Processing file /home/airflow/.local/lib/python3.12/site-packages/airflow/example_dags/example_nested_branch_dag.py for tasks to queue
[2024-07-16T19:20:49.566+0000] {logging_mixin.py:188} INFO - [2024-07-16T19:20:49.566+0000] {dagbag.py:545} INFO - Filling up the DagBag from /home/airflow/.local/lib/python3.12/site-packages/airflow/example_dags/example_nested_branch_dag.py
[2024-07-16T19:20:49.579+0000] {processor.py:840} INFO - DAG(s) 'example_nested_branch_dag' retrieved from /home/airflow/.local/lib/python3.12/site-packages/airflow/example_dags/example_nested_branch_dag.py
[2024-07-16T19:20:49.618+0000] {logging_mixin.py:188} INFO - [2024-07-16T19:20:49.618+0000] {dag.py:3096} INFO - Sync 1 DAGs
[2024-07-16T19:20:49.685+0000] {logging_mixin.py:188} INFO - [2024-07-16T19:20:49.684+0000] {dag.py:3954} INFO - Setting next_dagrun for example_nested_branch_dag to 2024-07-15 00:00:00+00:00, run_after=2024-07-16 00:00:00+00:00
[2024-07-16T19:20:49.712+0000] {processor.py:183} INFO - Processing /home/airflow/.local/lib/python3.12/site-packages/airflow/example_dags/example_nested_branch_dag.py took 0.155 seconds
[2024-07-16T19:21:20.152+0000] {processor.py:161} INFO - Started process (PID=299) to work on /home/airflow/.local/lib/python3.12/site-packages/airflow/example_dags/example_nested_branch_dag.py
[2024-07-16T19:21:20.153+0000] {processor.py:830} INFO - Processing file /home/airflow/.local/lib/python3.12/site-packages/airflow/example_dags/example_nested_branch_dag.py for tasks to queue
[2024-07-16T19:21:20.156+0000] {logging_mixin.py:188} INFO - [2024-07-16T19:21:20.155+0000] {dagbag.py:545} INFO - Filling up the DagBag from /home/airflow/.local/lib/python3.12/site-packages/airflow/example_dags/example_nested_branch_dag.py
[2024-07-16T19:21:20.172+0000] {processor.py:840} INFO - DAG(s) 'example_nested_branch_dag' retrieved from /home/airflow/.local/lib/python3.12/site-packages/airflow/example_dags/example_nested_branch_dag.py
[2024-07-16T19:21:20.198+0000] {logging_mixin.py:188} INFO - [2024-07-16T19:21:20.198+0000] {dag.py:3096} INFO - Sync 1 DAGs
[2024-07-16T19:21:20.225+0000] {logging_mixin.py:188} INFO - [2024-07-16T19:21:20.225+0000] {dag.py:3954} INFO - Setting next_dagrun for example_nested_branch_dag to 2024-07-15 00:00:00+00:00, run_after=2024-07-16 00:00:00+00:00
[2024-07-16T19:21:20.249+0000] {processor.py:183} INFO - Processing /home/airflow/.local/lib/python3.12/site-packages/airflow/example_dags/example_nested_branch_dag.py took 0.104 seconds
[2024-07-16T19:21:50.937+0000] {processor.py:161} INFO - Started process (PID=358) to work on /home/airflow/.local/lib/python3.12/site-packages/airflow/example_dags/example_nested_branch_dag.py
[2024-07-16T19:21:50.946+0000] {processor.py:830} INFO - Processing file /home/airflow/.local/lib/python3.12/site-packages/airflow/example_dags/example_nested_branch_dag.py for tasks to queue
[2024-07-16T19:21:50.948+0000] {logging_mixin.py:188} INFO - [2024-07-16T19:21:50.947+0000] {dagbag.py:545} INFO - Filling up the DagBag from /home/airflow/.local/lib/python3.12/site-packages/airflow/example_dags/example_nested_branch_dag.py
[2024-07-16T19:21:50.985+0000] {processor.py:840} INFO - DAG(s) 'example_nested_branch_dag' retrieved from /home/airflow/.local/lib/python3.12/site-packages/airflow/example_dags/example_nested_branch_dag.py
[2024-07-16T19:21:51.066+0000] {logging_mixin.py:188} INFO - [2024-07-16T19:21:51.065+0000] {dag.py:3096} INFO - Sync 1 DAGs
[2024-07-16T19:21:51.170+0000] {logging_mixin.py:188} INFO - [2024-07-16T19:21:51.169+0000] {dag.py:3954} INFO - Setting next_dagrun for example_nested_branch_dag to 2024-07-15 00:00:00+00:00, run_after=2024-07-16 00:00:00+00:00
[2024-07-16T19:21:51.267+0000] {processor.py:183} INFO - Processing /home/airflow/.local/lib/python3.12/site-packages/airflow/example_dags/example_nested_branch_dag.py took 0.340 seconds
[2024-07-16T19:22:21.913+0000] {processor.py:161} INFO - Started process (PID=418) to work on /home/airflow/.local/lib/python3.12/site-packages/airflow/example_dags/example_nested_branch_dag.py
[2024-07-16T19:22:21.914+0000] {processor.py:830} INFO - Processing file /home/airflow/.local/lib/python3.12/site-packages/airflow/example_dags/example_nested_branch_dag.py for tasks to queue
[2024-07-16T19:22:21.916+0000] {logging_mixin.py:188} INFO - [2024-07-16T19:22:21.915+0000] {dagbag.py:545} INFO - Filling up the DagBag from /home/airflow/.local/lib/python3.12/site-packages/airflow/example_dags/example_nested_branch_dag.py
[2024-07-16T19:22:21.928+0000] {processor.py:840} INFO - DAG(s) 'example_nested_branch_dag' retrieved from /home/airflow/.local/lib/python3.12/site-packages/airflow/example_dags/example_nested_branch_dag.py
[2024-07-16T19:22:21.954+0000] {logging_mixin.py:188} INFO - [2024-07-16T19:22:21.954+0000] {dag.py:3096} INFO - Sync 1 DAGs
[2024-07-16T19:22:21.981+0000] {logging_mixin.py:188} INFO - [2024-07-16T19:22:21.981+0000] {dag.py:3954} INFO - Setting next_dagrun for example_nested_branch_dag to 2024-07-15 00:00:00+00:00, run_after=2024-07-16 00:00:00+00:00
[2024-07-16T19:22:22.002+0000] {processor.py:183} INFO - Processing /home/airflow/.local/lib/python3.12/site-packages/airflow/example_dags/example_nested_branch_dag.py took 0.095 seconds
[2024-07-16T19:22:52.041+0000] {processor.py:161} INFO - Started process (PID=481) to work on /home/airflow/.local/lib/python3.12/site-packages/airflow/example_dags/example_nested_branch_dag.py
[2024-07-16T19:22:52.042+0000] {processor.py:830} INFO - Processing file /home/airflow/.local/lib/python3.12/site-packages/airflow/example_dags/example_nested_branch_dag.py for tasks to queue
[2024-07-16T19:22:52.044+0000] {logging_mixin.py:188} INFO - [2024-07-16T19:22:52.044+0000] {dagbag.py:545} INFO - Filling up the DagBag from /home/airflow/.local/lib/python3.12/site-packages/airflow/example_dags/example_nested_branch_dag.py
[2024-07-16T19:22:52.057+0000] {processor.py:840} INFO - DAG(s) 'example_nested_branch_dag' retrieved from /home/airflow/.local/lib/python3.12/site-packages/airflow/example_dags/example_nested_branch_dag.py
[2024-07-16T19:22:52.084+0000] {logging_mixin.py:188} INFO - [2024-07-16T19:22:52.084+0000] {dag.py:3096} INFO - Sync 1 DAGs
[2024-07-16T19:22:52.112+0000] {logging_mixin.py:188} INFO - [2024-07-16T19:22:52.111+0000] {dag.py:3954} INFO - Setting next_dagrun for example_nested_branch_dag to 2024-07-15 00:00:00+00:00, run_after=2024-07-16 00:00:00+00:00
[2024-07-16T19:22:52.135+0000] {processor.py:183} INFO - Processing /home/airflow/.local/lib/python3.12/site-packages/airflow/example_dags/example_nested_branch_dag.py took 0.101 seconds
[2024-07-16T19:23:22.346+0000] {processor.py:161} INFO - Started process (PID=541) to work on /home/airflow/.local/lib/python3.12/site-packages/airflow/example_dags/example_nested_branch_dag.py
[2024-07-16T19:23:22.347+0000] {processor.py:830} INFO - Processing file /home/airflow/.local/lib/python3.12/site-packages/airflow/example_dags/example_nested_branch_dag.py for tasks to queue
[2024-07-16T19:23:22.349+0000] {logging_mixin.py:188} INFO - [2024-07-16T19:23:22.348+0000] {dagbag.py:545} INFO - Filling up the DagBag from /home/airflow/.local/lib/python3.12/site-packages/airflow/example_dags/example_nested_branch_dag.py
[2024-07-16T19:23:22.360+0000] {processor.py:840} INFO - DAG(s) 'example_nested_branch_dag' retrieved from /home/airflow/.local/lib/python3.12/site-packages/airflow/example_dags/example_nested_branch_dag.py
[2024-07-16T19:23:22.388+0000] {logging_mixin.py:188} INFO - [2024-07-16T19:23:22.388+0000] {dag.py:3096} INFO - Sync 1 DAGs
[2024-07-16T19:23:22.414+0000] {logging_mixin.py:188} INFO - [2024-07-16T19:23:22.414+0000] {dag.py:3954} INFO - Setting next_dagrun for example_nested_branch_dag to 2024-07-15 00:00:00+00:00, run_after=2024-07-16 00:00:00+00:00
[2024-07-16T19:23:22.436+0000] {processor.py:183} INFO - Processing /home/airflow/.local/lib/python3.12/site-packages/airflow/example_dags/example_nested_branch_dag.py took 0.096 seconds
[2024-07-16T19:23:52.538+0000] {processor.py:161} INFO - Started process (PID=600) to work on /home/airflow/.local/lib/python3.12/site-packages/airflow/example_dags/example_nested_branch_dag.py
[2024-07-16T19:23:52.540+0000] {processor.py:830} INFO - Processing file /home/airflow/.local/lib/python3.12/site-packages/airflow/example_dags/example_nested_branch_dag.py for tasks to queue
[2024-07-16T19:23:52.542+0000] {logging_mixin.py:188} INFO - [2024-07-16T19:23:52.542+0000] {dagbag.py:545} INFO - Filling up the DagBag from /home/airflow/.local/lib/python3.12/site-packages/airflow/example_dags/example_nested_branch_dag.py
[2024-07-16T19:23:52.554+0000] {processor.py:840} INFO - DAG(s) 'example_nested_branch_dag' retrieved from /home/airflow/.local/lib/python3.12/site-packages/airflow/example_dags/example_nested_branch_dag.py
[2024-07-16T19:23:52.582+0000] {logging_mixin.py:188} INFO - [2024-07-16T19:23:52.581+0000] {dag.py:3096} INFO - Sync 1 DAGs
[2024-07-16T19:23:52.610+0000] {logging_mixin.py:188} INFO - [2024-07-16T19:23:52.609+0000] {dag.py:3954} INFO - Setting next_dagrun for example_nested_branch_dag to 2024-07-15 00:00:00+00:00, run_after=2024-07-16 00:00:00+00:00
[2024-07-16T19:23:52.641+0000] {processor.py:183} INFO - Processing /home/airflow/.local/lib/python3.12/site-packages/airflow/example_dags/example_nested_branch_dag.py took 0.109 seconds
[2024-07-16T19:24:23.233+0000] {processor.py:161} INFO - Started process (PID=659) to work on /home/airflow/.local/lib/python3.12/site-packages/airflow/example_dags/example_nested_branch_dag.py
[2024-07-16T19:24:23.237+0000] {processor.py:830} INFO - Processing file /home/airflow/.local/lib/python3.12/site-packages/airflow/example_dags/example_nested_branch_dag.py for tasks to queue
[2024-07-16T19:24:23.238+0000] {logging_mixin.py:188} INFO - [2024-07-16T19:24:23.238+0000] {dagbag.py:545} INFO - Filling up the DagBag from /home/airflow/.local/lib/python3.12/site-packages/airflow/example_dags/example_nested_branch_dag.py
[2024-07-16T19:24:23.263+0000] {processor.py:840} INFO - DAG(s) 'example_nested_branch_dag' retrieved from /home/airflow/.local/lib/python3.12/site-packages/airflow/example_dags/example_nested_branch_dag.py
[2024-07-16T19:24:23.295+0000] {logging_mixin.py:188} INFO - [2024-07-16T19:24:23.294+0000] {dag.py:3096} INFO - Sync 1 DAGs
[2024-07-16T19:24:23.324+0000] {logging_mixin.py:188} INFO - [2024-07-16T19:24:23.324+0000] {dag.py:3954} INFO - Setting next_dagrun for example_nested_branch_dag to 2024-07-15 00:00:00+00:00, run_after=2024-07-16 00:00:00+00:00
[2024-07-16T19:24:23.347+0000] {processor.py:183} INFO - Processing /home/airflow/.local/lib/python3.12/site-packages/airflow/example_dags/example_nested_branch_dag.py took 0.122 seconds
[2024-07-16T19:24:54.202+0000] {processor.py:161} INFO - Started process (PID=718) to work on /home/airflow/.local/lib/python3.12/site-packages/airflow/example_dags/example_nested_branch_dag.py
[2024-07-16T19:24:54.203+0000] {processor.py:830} INFO - Processing file /home/airflow/.local/lib/python3.12/site-packages/airflow/example_dags/example_nested_branch_dag.py for tasks to queue
[2024-07-16T19:24:54.204+0000] {logging_mixin.py:188} INFO - [2024-07-16T19:24:54.204+0000] {dagbag.py:545} INFO - Filling up the DagBag from /home/airflow/.local/lib/python3.12/site-packages/airflow/example_dags/example_nested_branch_dag.py
[2024-07-16T19:24:54.220+0000] {processor.py:840} INFO - DAG(s) 'example_nested_branch_dag' retrieved from /home/airflow/.local/lib/python3.12/site-packages/airflow/example_dags/example_nested_branch_dag.py
[2024-07-16T19:24:54.246+0000] {logging_mixin.py:188} INFO - [2024-07-16T19:24:54.246+0000] {dag.py:3096} INFO - Sync 1 DAGs
[2024-07-16T19:24:54.272+0000] {logging_mixin.py:188} INFO - [2024-07-16T19:24:54.272+0000] {dag.py:3954} INFO - Setting next_dagrun for example_nested_branch_dag to 2024-07-15 00:00:00+00:00, run_after=2024-07-16 00:00:00+00:00
[2024-07-16T19:24:54.296+0000] {processor.py:183} INFO - Processing /home/airflow/.local/lib/python3.12/site-packages/airflow/example_dags/example_nested_branch_dag.py took 0.100 seconds
[2024-07-16T19:25:25.144+0000] {processor.py:161} INFO - Started process (PID=778) to work on /home/airflow/.local/lib/python3.12/site-packages/airflow/example_dags/example_nested_branch_dag.py
[2024-07-16T19:25:25.145+0000] {processor.py:830} INFO - Processing file /home/airflow/.local/lib/python3.12/site-packages/airflow/example_dags/example_nested_branch_dag.py for tasks to queue
[2024-07-16T19:25:25.146+0000] {logging_mixin.py:188} INFO - [2024-07-16T19:25:25.146+0000] {dagbag.py:545} INFO - Filling up the DagBag from /home/airflow/.local/lib/python3.12/site-packages/airflow/example_dags/example_nested_branch_dag.py
[2024-07-16T19:25:25.159+0000] {processor.py:840} INFO - DAG(s) 'example_nested_branch_dag' retrieved from /home/airflow/.local/lib/python3.12/site-packages/airflow/example_dags/example_nested_branch_dag.py
[2024-07-16T19:25:25.188+0000] {logging_mixin.py:188} INFO - [2024-07-16T19:25:25.187+0000] {dag.py:3096} INFO - Sync 1 DAGs
[2024-07-16T19:25:25.215+0000] {logging_mixin.py:188} INFO - [2024-07-16T19:25:25.215+0000] {dag.py:3954} INFO - Setting next_dagrun for example_nested_branch_dag to 2024-07-15 00:00:00+00:00, run_after=2024-07-16 00:00:00+00:00
[2024-07-16T19:25:25.248+0000] {processor.py:183} INFO - Processing /home/airflow/.local/lib/python3.12/site-packages/airflow/example_dags/example_nested_branch_dag.py took 0.110 seconds
[2024-07-16T19:25:56.038+0000] {processor.py:161} INFO - Started process (PID=837) to work on /home/airflow/.local/lib/python3.12/site-packages/airflow/example_dags/example_nested_branch_dag.py
[2024-07-16T19:25:56.039+0000] {processor.py:830} INFO - Processing file /home/airflow/.local/lib/python3.12/site-packages/airflow/example_dags/example_nested_branch_dag.py for tasks to queue
[2024-07-16T19:25:56.040+0000] {logging_mixin.py:188} INFO - [2024-07-16T19:25:56.040+0000] {dagbag.py:545} INFO - Filling up the DagBag from /home/airflow/.local/lib/python3.12/site-packages/airflow/example_dags/example_nested_branch_dag.py
[2024-07-16T19:25:56.053+0000] {processor.py:840} INFO - DAG(s) 'example_nested_branch_dag' retrieved from /home/airflow/.local/lib/python3.12/site-packages/airflow/example_dags/example_nested_branch_dag.py
[2024-07-16T19:25:56.080+0000] {logging_mixin.py:188} INFO - [2024-07-16T19:25:56.080+0000] {dag.py:3096} INFO - Sync 1 DAGs
[2024-07-16T19:25:56.108+0000] {logging_mixin.py:188} INFO - [2024-07-16T19:25:56.108+0000] {dag.py:3954} INFO - Setting next_dagrun for example_nested_branch_dag to 2024-07-15 00:00:00+00:00, run_after=2024-07-16 00:00:00+00:00
[2024-07-16T19:25:56.133+0000] {processor.py:183} INFO - Processing /home/airflow/.local/lib/python3.12/site-packages/airflow/example_dags/example_nested_branch_dag.py took 0.101 seconds
[2024-07-16T19:26:26.376+0000] {processor.py:161} INFO - Started process (PID=896) to work on /home/airflow/.local/lib/python3.12/site-packages/airflow/example_dags/example_nested_branch_dag.py
[2024-07-16T19:26:26.395+0000] {processor.py:830} INFO - Processing file /home/airflow/.local/lib/python3.12/site-packages/airflow/example_dags/example_nested_branch_dag.py for tasks to queue
[2024-07-16T19:26:26.396+0000] {logging_mixin.py:188} INFO - [2024-07-16T19:26:26.395+0000] {dagbag.py:545} INFO - Filling up the DagBag from /home/airflow/.local/lib/python3.12/site-packages/airflow/example_dags/example_nested_branch_dag.py
[2024-07-16T19:26:26.434+0000] {processor.py:840} INFO - DAG(s) 'example_nested_branch_dag' retrieved from /home/airflow/.local/lib/python3.12/site-packages/airflow/example_dags/example_nested_branch_dag.py
[2024-07-16T19:26:26.542+0000] {logging_mixin.py:188} INFO - [2024-07-16T19:26:26.541+0000] {dag.py:3096} INFO - Sync 1 DAGs
[2024-07-16T19:26:26.673+0000] {logging_mixin.py:188} INFO - [2024-07-16T19:26:26.672+0000] {dag.py:3954} INFO - Setting next_dagrun for example_nested_branch_dag to 2024-07-15 00:00:00+00:00, run_after=2024-07-16 00:00:00+00:00
[2024-07-16T19:26:26.734+0000] {processor.py:183} INFO - Processing /home/airflow/.local/lib/python3.12/site-packages/airflow/example_dags/example_nested_branch_dag.py took 0.378 seconds
[2024-07-16T19:26:57.001+0000] {processor.py:161} INFO - Started process (PID=955) to work on /home/airflow/.local/lib/python3.12/site-packages/airflow/example_dags/example_nested_branch_dag.py
[2024-07-16T19:26:57.002+0000] {processor.py:830} INFO - Processing file /home/airflow/.local/lib/python3.12/site-packages/airflow/example_dags/example_nested_branch_dag.py for tasks to queue
[2024-07-16T19:26:57.003+0000] {logging_mixin.py:188} INFO - [2024-07-16T19:26:57.003+0000] {dagbag.py:545} INFO - Filling up the DagBag from /home/airflow/.local/lib/python3.12/site-packages/airflow/example_dags/example_nested_branch_dag.py
[2024-07-16T19:26:57.016+0000] {processor.py:840} INFO - DAG(s) 'example_nested_branch_dag' retrieved from /home/airflow/.local/lib/python3.12/site-packages/airflow/example_dags/example_nested_branch_dag.py
[2024-07-16T19:26:57.043+0000] {logging_mixin.py:188} INFO - [2024-07-16T19:26:57.043+0000] {dag.py:3096} INFO - Sync 1 DAGs
[2024-07-16T19:26:57.070+0000] {logging_mixin.py:188} INFO - [2024-07-16T19:26:57.070+0000] {dag.py:3954} INFO - Setting next_dagrun for example_nested_branch_dag to 2024-07-15 00:00:00+00:00, run_after=2024-07-16 00:00:00+00:00
[2024-07-16T19:26:57.114+0000] {processor.py:183} INFO - Processing /home/airflow/.local/lib/python3.12/site-packages/airflow/example_dags/example_nested_branch_dag.py took 0.119 seconds
