[2024-07-16T19:02:22.548+0000] {processor.py:161} INFO - Started process (PID=41) to work on /home/airflow/.local/lib/python3.12/site-packages/airflow/example_dags/example_latest_only.py
[2024-07-16T19:02:22.572+0000] {processor.py:830} INFO - Processing file /home/airflow/.local/lib/python3.12/site-packages/airflow/example_dags/example_latest_only.py for tasks to queue
[2024-07-16T19:02:22.585+0000] {logging_mixin.py:188} INFO - [2024-07-16T19:02:22.584+0000] {dagbag.py:545} INFO - Filling up the DagBag from /home/airflow/.local/lib/python3.12/site-packages/airflow/example_dags/example_latest_only.py
[2024-07-16T19:02:22.616+0000] {processor.py:840} INFO - DAG(s) 'latest_only' retrieved from /home/airflow/.local/lib/python3.12/site-packages/airflow/example_dags/example_latest_only.py
[2024-07-16T19:02:23.038+0000] {logging_mixin.py:188} INFO - [2024-07-16T19:02:23.038+0000] {dag.py:3096} INFO - Sync 1 DAGs
[2024-07-16T19:02:23.123+0000] {logging_mixin.py:188} INFO - [2024-07-16T19:02:23.123+0000] {dag.py:3954} INFO - Setting next_dagrun for latest_only to 2024-07-16 12:00:00+00:00, run_after=2024-07-16 16:00:00+00:00
[2024-07-16T19:02:23.199+0000] {processor.py:183} INFO - Processing /home/airflow/.local/lib/python3.12/site-packages/airflow/example_dags/example_latest_only.py took 0.681 seconds
[2024-07-16T19:02:53.603+0000] {processor.py:161} INFO - Started process (PID=100) to work on /home/airflow/.local/lib/python3.12/site-packages/airflow/example_dags/example_latest_only.py
[2024-07-16T19:02:53.605+0000] {processor.py:830} INFO - Processing file /home/airflow/.local/lib/python3.12/site-packages/airflow/example_dags/example_latest_only.py for tasks to queue
[2024-07-16T19:02:53.607+0000] {logging_mixin.py:188} INFO - [2024-07-16T19:02:53.606+0000] {dagbag.py:545} INFO - Filling up the DagBag from /home/airflow/.local/lib/python3.12/site-packages/airflow/example_dags/example_latest_only.py
[2024-07-16T19:02:53.613+0000] {processor.py:840} INFO - DAG(s) 'latest_only' retrieved from /home/airflow/.local/lib/python3.12/site-packages/airflow/example_dags/example_latest_only.py
[2024-07-16T19:02:53.642+0000] {logging_mixin.py:188} INFO - [2024-07-16T19:02:53.642+0000] {dag.py:3096} INFO - Sync 1 DAGs
[2024-07-16T19:02:53.672+0000] {logging_mixin.py:188} INFO - [2024-07-16T19:02:53.671+0000] {dag.py:3954} INFO - Setting next_dagrun for latest_only to 2024-07-16 12:00:00+00:00, run_after=2024-07-16 16:00:00+00:00
[2024-07-16T19:02:53.699+0000] {processor.py:183} INFO - Processing /home/airflow/.local/lib/python3.12/site-packages/airflow/example_dags/example_latest_only.py took 0.103 seconds
[2024-07-16T19:03:23.800+0000] {processor.py:161} INFO - Started process (PID=159) to work on /home/airflow/.local/lib/python3.12/site-packages/airflow/example_dags/example_latest_only.py
[2024-07-16T19:03:23.801+0000] {processor.py:830} INFO - Processing file /home/airflow/.local/lib/python3.12/site-packages/airflow/example_dags/example_latest_only.py for tasks to queue
[2024-07-16T19:03:23.803+0000] {logging_mixin.py:188} INFO - [2024-07-16T19:03:23.803+0000] {dagbag.py:545} INFO - Filling up the DagBag from /home/airflow/.local/lib/python3.12/site-packages/airflow/example_dags/example_latest_only.py
[2024-07-16T19:03:23.808+0000] {processor.py:840} INFO - DAG(s) 'latest_only' retrieved from /home/airflow/.local/lib/python3.12/site-packages/airflow/example_dags/example_latest_only.py
[2024-07-16T19:03:23.831+0000] {logging_mixin.py:188} INFO - [2024-07-16T19:03:23.831+0000] {dag.py:3096} INFO - Sync 1 DAGs
[2024-07-16T19:03:23.858+0000] {logging_mixin.py:188} INFO - [2024-07-16T19:03:23.858+0000] {dag.py:3954} INFO - Setting next_dagrun for latest_only to 2024-07-16 12:00:00+00:00, run_after=2024-07-16 16:00:00+00:00
[2024-07-16T19:03:23.900+0000] {processor.py:183} INFO - Processing /home/airflow/.local/lib/python3.12/site-packages/airflow/example_dags/example_latest_only.py took 0.106 seconds
[2024-07-16T19:03:54.329+0000] {processor.py:161} INFO - Started process (PID=218) to work on /home/airflow/.local/lib/python3.12/site-packages/airflow/example_dags/example_latest_only.py
[2024-07-16T19:03:54.331+0000] {processor.py:830} INFO - Processing file /home/airflow/.local/lib/python3.12/site-packages/airflow/example_dags/example_latest_only.py for tasks to queue
[2024-07-16T19:03:54.334+0000] {logging_mixin.py:188} INFO - [2024-07-16T19:03:54.333+0000] {dagbag.py:545} INFO - Filling up the DagBag from /home/airflow/.local/lib/python3.12/site-packages/airflow/example_dags/example_latest_only.py
[2024-07-16T19:03:54.352+0000] {processor.py:840} INFO - DAG(s) 'latest_only' retrieved from /home/airflow/.local/lib/python3.12/site-packages/airflow/example_dags/example_latest_only.py
[2024-07-16T19:03:54.424+0000] {logging_mixin.py:188} INFO - [2024-07-16T19:03:54.423+0000] {dag.py:3096} INFO - Sync 1 DAGs
[2024-07-16T19:03:54.462+0000] {logging_mixin.py:188} INFO - [2024-07-16T19:03:54.461+0000] {dag.py:3954} INFO - Setting next_dagrun for latest_only to 2024-07-16 12:00:00+00:00, run_after=2024-07-16 16:00:00+00:00
[2024-07-16T19:03:54.498+0000] {processor.py:183} INFO - Processing /home/airflow/.local/lib/python3.12/site-packages/airflow/example_dags/example_latest_only.py took 0.184 seconds
[2024-07-16T19:04:24.975+0000] {processor.py:161} INFO - Started process (PID=277) to work on /home/airflow/.local/lib/python3.12/site-packages/airflow/example_dags/example_latest_only.py
[2024-07-16T19:04:24.981+0000] {processor.py:830} INFO - Processing file /home/airflow/.local/lib/python3.12/site-packages/airflow/example_dags/example_latest_only.py for tasks to queue
[2024-07-16T19:04:24.985+0000] {logging_mixin.py:188} INFO - [2024-07-16T19:04:24.984+0000] {dagbag.py:545} INFO - Filling up the DagBag from /home/airflow/.local/lib/python3.12/site-packages/airflow/example_dags/example_latest_only.py
[2024-07-16T19:04:25.005+0000] {processor.py:840} INFO - DAG(s) 'latest_only' retrieved from /home/airflow/.local/lib/python3.12/site-packages/airflow/example_dags/example_latest_only.py
[2024-07-16T19:04:25.069+0000] {logging_mixin.py:188} INFO - [2024-07-16T19:04:25.069+0000] {dag.py:3096} INFO - Sync 1 DAGs
[2024-07-16T19:04:25.234+0000] {logging_mixin.py:188} INFO - [2024-07-16T19:04:25.234+0000] {dag.py:3954} INFO - Setting next_dagrun for latest_only to 2024-07-16 12:00:00+00:00, run_after=2024-07-16 16:00:00+00:00
[2024-07-16T19:04:25.406+0000] {processor.py:183} INFO - Processing /home/airflow/.local/lib/python3.12/site-packages/airflow/example_dags/example_latest_only.py took 0.465 seconds
[2024-07-16T19:04:55.957+0000] {processor.py:161} INFO - Started process (PID=339) to work on /home/airflow/.local/lib/python3.12/site-packages/airflow/example_dags/example_latest_only.py
[2024-07-16T19:04:55.958+0000] {processor.py:830} INFO - Processing file /home/airflow/.local/lib/python3.12/site-packages/airflow/example_dags/example_latest_only.py for tasks to queue
[2024-07-16T19:04:55.960+0000] {logging_mixin.py:188} INFO - [2024-07-16T19:04:55.960+0000] {dagbag.py:545} INFO - Filling up the DagBag from /home/airflow/.local/lib/python3.12/site-packages/airflow/example_dags/example_latest_only.py
[2024-07-16T19:04:55.965+0000] {processor.py:840} INFO - DAG(s) 'latest_only' retrieved from /home/airflow/.local/lib/python3.12/site-packages/airflow/example_dags/example_latest_only.py
[2024-07-16T19:04:55.989+0000] {logging_mixin.py:188} INFO - [2024-07-16T19:04:55.988+0000] {dag.py:3096} INFO - Sync 1 DAGs
[2024-07-16T19:04:56.012+0000] {logging_mixin.py:188} INFO - [2024-07-16T19:04:56.012+0000] {dag.py:3954} INFO - Setting next_dagrun for latest_only to 2024-07-16 12:00:00+00:00, run_after=2024-07-16 16:00:00+00:00
[2024-07-16T19:04:56.036+0000] {processor.py:183} INFO - Processing /home/airflow/.local/lib/python3.12/site-packages/airflow/example_dags/example_latest_only.py took 0.085 seconds
[2024-07-16T19:05:26.209+0000] {processor.py:161} INFO - Started process (PID=399) to work on /home/airflow/.local/lib/python3.12/site-packages/airflow/example_dags/example_latest_only.py
[2024-07-16T19:05:26.210+0000] {processor.py:830} INFO - Processing file /home/airflow/.local/lib/python3.12/site-packages/airflow/example_dags/example_latest_only.py for tasks to queue
[2024-07-16T19:05:26.211+0000] {logging_mixin.py:188} INFO - [2024-07-16T19:05:26.211+0000] {dagbag.py:545} INFO - Filling up the DagBag from /home/airflow/.local/lib/python3.12/site-packages/airflow/example_dags/example_latest_only.py
[2024-07-16T19:05:26.216+0000] {processor.py:840} INFO - DAG(s) 'latest_only' retrieved from /home/airflow/.local/lib/python3.12/site-packages/airflow/example_dags/example_latest_only.py
[2024-07-16T19:05:26.241+0000] {logging_mixin.py:188} INFO - [2024-07-16T19:05:26.241+0000] {dag.py:3096} INFO - Sync 1 DAGs
[2024-07-16T19:05:26.268+0000] {logging_mixin.py:188} INFO - [2024-07-16T19:05:26.268+0000] {dag.py:3954} INFO - Setting next_dagrun for latest_only to 2024-07-16 12:00:00+00:00, run_after=2024-07-16 16:00:00+00:00
[2024-07-16T19:05:26.296+0000] {processor.py:183} INFO - Processing /home/airflow/.local/lib/python3.12/site-packages/airflow/example_dags/example_latest_only.py took 0.094 seconds
[2024-07-16T19:05:57.278+0000] {processor.py:161} INFO - Started process (PID=466) to work on /home/airflow/.local/lib/python3.12/site-packages/airflow/example_dags/example_latest_only.py
[2024-07-16T19:05:57.279+0000] {processor.py:830} INFO - Processing file /home/airflow/.local/lib/python3.12/site-packages/airflow/example_dags/example_latest_only.py for tasks to queue
[2024-07-16T19:05:57.281+0000] {logging_mixin.py:188} INFO - [2024-07-16T19:05:57.280+0000] {dagbag.py:545} INFO - Filling up the DagBag from /home/airflow/.local/lib/python3.12/site-packages/airflow/example_dags/example_latest_only.py
[2024-07-16T19:05:57.285+0000] {processor.py:840} INFO - DAG(s) 'latest_only' retrieved from /home/airflow/.local/lib/python3.12/site-packages/airflow/example_dags/example_latest_only.py
[2024-07-16T19:05:57.308+0000] {logging_mixin.py:188} INFO - [2024-07-16T19:05:57.308+0000] {dag.py:3096} INFO - Sync 1 DAGs
[2024-07-16T19:05:57.335+0000] {logging_mixin.py:188} INFO - [2024-07-16T19:05:57.334+0000] {dag.py:3954} INFO - Setting next_dagrun for latest_only to 2024-07-16 12:00:00+00:00, run_after=2024-07-16 16:00:00+00:00
[2024-07-16T19:05:57.363+0000] {processor.py:183} INFO - Processing /home/airflow/.local/lib/python3.12/site-packages/airflow/example_dags/example_latest_only.py took 0.092 seconds
[2024-07-16T19:06:27.802+0000] {processor.py:161} INFO - Started process (PID=526) to work on /home/airflow/.local/lib/python3.12/site-packages/airflow/example_dags/example_latest_only.py
[2024-07-16T19:06:27.803+0000] {processor.py:830} INFO - Processing file /home/airflow/.local/lib/python3.12/site-packages/airflow/example_dags/example_latest_only.py for tasks to queue
[2024-07-16T19:06:27.804+0000] {logging_mixin.py:188} INFO - [2024-07-16T19:06:27.804+0000] {dagbag.py:545} INFO - Filling up the DagBag from /home/airflow/.local/lib/python3.12/site-packages/airflow/example_dags/example_latest_only.py
[2024-07-16T19:06:27.810+0000] {processor.py:840} INFO - DAG(s) 'latest_only' retrieved from /home/airflow/.local/lib/python3.12/site-packages/airflow/example_dags/example_latest_only.py
[2024-07-16T19:06:27.834+0000] {logging_mixin.py:188} INFO - [2024-07-16T19:06:27.834+0000] {dag.py:3096} INFO - Sync 1 DAGs
[2024-07-16T19:06:27.866+0000] {logging_mixin.py:188} INFO - [2024-07-16T19:06:27.865+0000] {dag.py:3954} INFO - Setting next_dagrun for latest_only to 2024-07-16 12:00:00+00:00, run_after=2024-07-16 16:00:00+00:00
[2024-07-16T19:06:27.891+0000] {processor.py:183} INFO - Processing /home/airflow/.local/lib/python3.12/site-packages/airflow/example_dags/example_latest_only.py took 0.096 seconds
[2024-07-16T19:06:58.629+0000] {processor.py:161} INFO - Started process (PID=586) to work on /home/airflow/.local/lib/python3.12/site-packages/airflow/example_dags/example_latest_only.py
[2024-07-16T19:06:58.630+0000] {processor.py:830} INFO - Processing file /home/airflow/.local/lib/python3.12/site-packages/airflow/example_dags/example_latest_only.py for tasks to queue
[2024-07-16T19:06:58.631+0000] {logging_mixin.py:188} INFO - [2024-07-16T19:06:58.631+0000] {dagbag.py:545} INFO - Filling up the DagBag from /home/airflow/.local/lib/python3.12/site-packages/airflow/example_dags/example_latest_only.py
[2024-07-16T19:06:58.638+0000] {processor.py:840} INFO - DAG(s) 'latest_only' retrieved from /home/airflow/.local/lib/python3.12/site-packages/airflow/example_dags/example_latest_only.py
[2024-07-16T19:06:58.662+0000] {logging_mixin.py:188} INFO - [2024-07-16T19:06:58.661+0000] {dag.py:3096} INFO - Sync 1 DAGs
[2024-07-16T19:06:58.688+0000] {logging_mixin.py:188} INFO - [2024-07-16T19:06:58.688+0000] {dag.py:3954} INFO - Setting next_dagrun for latest_only to 2024-07-16 12:00:00+00:00, run_after=2024-07-16 16:00:00+00:00
[2024-07-16T19:06:58.717+0000] {processor.py:183} INFO - Processing /home/airflow/.local/lib/python3.12/site-packages/airflow/example_dags/example_latest_only.py took 0.095 seconds
[2024-07-16T19:07:29.717+0000] {processor.py:161} INFO - Started process (PID=648) to work on /home/airflow/.local/lib/python3.12/site-packages/airflow/example_dags/example_latest_only.py
[2024-07-16T19:07:29.718+0000] {processor.py:830} INFO - Processing file /home/airflow/.local/lib/python3.12/site-packages/airflow/example_dags/example_latest_only.py for tasks to queue
[2024-07-16T19:07:29.719+0000] {logging_mixin.py:188} INFO - [2024-07-16T19:07:29.719+0000] {dagbag.py:545} INFO - Filling up the DagBag from /home/airflow/.local/lib/python3.12/site-packages/airflow/example_dags/example_latest_only.py
[2024-07-16T19:07:29.725+0000] {processor.py:840} INFO - DAG(s) 'latest_only' retrieved from /home/airflow/.local/lib/python3.12/site-packages/airflow/example_dags/example_latest_only.py
[2024-07-16T19:07:29.748+0000] {logging_mixin.py:188} INFO - [2024-07-16T19:07:29.747+0000] {dag.py:3096} INFO - Sync 1 DAGs
[2024-07-16T19:07:29.774+0000] {logging_mixin.py:188} INFO - [2024-07-16T19:07:29.774+0000] {dag.py:3954} INFO - Setting next_dagrun for latest_only to 2024-07-16 12:00:00+00:00, run_after=2024-07-16 16:00:00+00:00
[2024-07-16T19:07:29.800+0000] {processor.py:183} INFO - Processing /home/airflow/.local/lib/python3.12/site-packages/airflow/example_dags/example_latest_only.py took 0.090 seconds
[2024-07-16T19:08:00.558+0000] {processor.py:161} INFO - Started process (PID=707) to work on /home/airflow/.local/lib/python3.12/site-packages/airflow/example_dags/example_latest_only.py
[2024-07-16T19:08:00.559+0000] {processor.py:830} INFO - Processing file /home/airflow/.local/lib/python3.12/site-packages/airflow/example_dags/example_latest_only.py for tasks to queue
[2024-07-16T19:08:00.560+0000] {logging_mixin.py:188} INFO - [2024-07-16T19:08:00.559+0000] {dagbag.py:545} INFO - Filling up the DagBag from /home/airflow/.local/lib/python3.12/site-packages/airflow/example_dags/example_latest_only.py
[2024-07-16T19:08:00.565+0000] {processor.py:840} INFO - DAG(s) 'latest_only' retrieved from /home/airflow/.local/lib/python3.12/site-packages/airflow/example_dags/example_latest_only.py
[2024-07-16T19:08:00.586+0000] {logging_mixin.py:188} INFO - [2024-07-16T19:08:00.586+0000] {dag.py:3096} INFO - Sync 1 DAGs
[2024-07-16T19:08:00.614+0000] {logging_mixin.py:188} INFO - [2024-07-16T19:08:00.614+0000] {dag.py:3954} INFO - Setting next_dagrun for latest_only to 2024-07-16 12:00:00+00:00, run_after=2024-07-16 16:00:00+00:00
[2024-07-16T19:08:00.642+0000] {processor.py:183} INFO - Processing /home/airflow/.local/lib/python3.12/site-packages/airflow/example_dags/example_latest_only.py took 0.091 seconds
[2024-07-16T19:08:30.836+0000] {processor.py:161} INFO - Started process (PID=765) to work on /home/airflow/.local/lib/python3.12/site-packages/airflow/example_dags/example_latest_only.py
[2024-07-16T19:08:30.836+0000] {processor.py:830} INFO - Processing file /home/airflow/.local/lib/python3.12/site-packages/airflow/example_dags/example_latest_only.py for tasks to queue
[2024-07-16T19:08:30.838+0000] {logging_mixin.py:188} INFO - [2024-07-16T19:08:30.837+0000] {dagbag.py:545} INFO - Filling up the DagBag from /home/airflow/.local/lib/python3.12/site-packages/airflow/example_dags/example_latest_only.py
[2024-07-16T19:08:30.843+0000] {processor.py:840} INFO - DAG(s) 'latest_only' retrieved from /home/airflow/.local/lib/python3.12/site-packages/airflow/example_dags/example_latest_only.py
[2024-07-16T19:08:30.869+0000] {logging_mixin.py:188} INFO - [2024-07-16T19:08:30.869+0000] {dag.py:3096} INFO - Sync 1 DAGs
[2024-07-16T19:08:30.895+0000] {logging_mixin.py:188} INFO - [2024-07-16T19:08:30.895+0000] {dag.py:3954} INFO - Setting next_dagrun for latest_only to 2024-07-16 12:00:00+00:00, run_after=2024-07-16 16:00:00+00:00
[2024-07-16T19:08:30.922+0000] {processor.py:183} INFO - Processing /home/airflow/.local/lib/python3.12/site-packages/airflow/example_dags/example_latest_only.py took 0.092 seconds
[2024-07-16T19:09:01.542+0000] {processor.py:161} INFO - Started process (PID=825) to work on /home/airflow/.local/lib/python3.12/site-packages/airflow/example_dags/example_latest_only.py
[2024-07-16T19:09:01.543+0000] {processor.py:830} INFO - Processing file /home/airflow/.local/lib/python3.12/site-packages/airflow/example_dags/example_latest_only.py for tasks to queue
[2024-07-16T19:09:01.544+0000] {logging_mixin.py:188} INFO - [2024-07-16T19:09:01.544+0000] {dagbag.py:545} INFO - Filling up the DagBag from /home/airflow/.local/lib/python3.12/site-packages/airflow/example_dags/example_latest_only.py
[2024-07-16T19:09:01.561+0000] {processor.py:840} INFO - DAG(s) 'latest_only' retrieved from /home/airflow/.local/lib/python3.12/site-packages/airflow/example_dags/example_latest_only.py
[2024-07-16T19:09:01.615+0000] {logging_mixin.py:188} INFO - [2024-07-16T19:09:01.615+0000] {dag.py:3096} INFO - Sync 1 DAGs
[2024-07-16T19:09:01.690+0000] {logging_mixin.py:188} INFO - [2024-07-16T19:09:01.689+0000] {dag.py:3954} INFO - Setting next_dagrun for latest_only to 2024-07-16 12:00:00+00:00, run_after=2024-07-16 16:00:00+00:00
[2024-07-16T19:09:01.735+0000] {processor.py:183} INFO - Processing /home/airflow/.local/lib/python3.12/site-packages/airflow/example_dags/example_latest_only.py took 0.220 seconds
[2024-07-16T19:09:31.796+0000] {processor.py:161} INFO - Started process (PID=889) to work on /home/airflow/.local/lib/python3.12/site-packages/airflow/example_dags/example_latest_only.py
[2024-07-16T19:09:31.799+0000] {processor.py:830} INFO - Processing file /home/airflow/.local/lib/python3.12/site-packages/airflow/example_dags/example_latest_only.py for tasks to queue
[2024-07-16T19:09:31.800+0000] {logging_mixin.py:188} INFO - [2024-07-16T19:09:31.800+0000] {dagbag.py:545} INFO - Filling up the DagBag from /home/airflow/.local/lib/python3.12/site-packages/airflow/example_dags/example_latest_only.py
[2024-07-16T19:09:31.816+0000] {processor.py:840} INFO - DAG(s) 'latest_only' retrieved from /home/airflow/.local/lib/python3.12/site-packages/airflow/example_dags/example_latest_only.py
[2024-07-16T19:09:31.854+0000] {logging_mixin.py:188} INFO - [2024-07-16T19:09:31.853+0000] {dag.py:3096} INFO - Sync 1 DAGs
[2024-07-16T19:09:31.902+0000] {logging_mixin.py:188} INFO - [2024-07-16T19:09:31.902+0000] {dag.py:3954} INFO - Setting next_dagrun for latest_only to 2024-07-16 12:00:00+00:00, run_after=2024-07-16 16:00:00+00:00
[2024-07-16T19:09:31.952+0000] {processor.py:183} INFO - Processing /home/airflow/.local/lib/python3.12/site-packages/airflow/example_dags/example_latest_only.py took 0.162 seconds
[2024-07-16T19:10:02.023+0000] {processor.py:161} INFO - Started process (PID=949) to work on /home/airflow/.local/lib/python3.12/site-packages/airflow/example_dags/example_latest_only.py
[2024-07-16T19:10:02.033+0000] {processor.py:830} INFO - Processing file /home/airflow/.local/lib/python3.12/site-packages/airflow/example_dags/example_latest_only.py for tasks to queue
[2024-07-16T19:10:02.034+0000] {logging_mixin.py:188} INFO - [2024-07-16T19:10:02.034+0000] {dagbag.py:545} INFO - Filling up the DagBag from /home/airflow/.local/lib/python3.12/site-packages/airflow/example_dags/example_latest_only.py
[2024-07-16T19:10:02.040+0000] {processor.py:840} INFO - DAG(s) 'latest_only' retrieved from /home/airflow/.local/lib/python3.12/site-packages/airflow/example_dags/example_latest_only.py
[2024-07-16T19:10:02.085+0000] {logging_mixin.py:188} INFO - [2024-07-16T19:10:02.084+0000] {dag.py:3096} INFO - Sync 1 DAGs
[2024-07-16T19:10:02.115+0000] {logging_mixin.py:188} INFO - [2024-07-16T19:10:02.114+0000] {dag.py:3954} INFO - Setting next_dagrun for latest_only to 2024-07-16 12:00:00+00:00, run_after=2024-07-16 16:00:00+00:00
[2024-07-16T19:10:02.150+0000] {processor.py:183} INFO - Processing /home/airflow/.local/lib/python3.12/site-packages/airflow/example_dags/example_latest_only.py took 0.134 seconds
[2024-07-16T19:10:32.206+0000] {processor.py:161} INFO - Started process (PID=1007) to work on /home/airflow/.local/lib/python3.12/site-packages/airflow/example_dags/example_latest_only.py
[2024-07-16T19:10:32.207+0000] {processor.py:830} INFO - Processing file /home/airflow/.local/lib/python3.12/site-packages/airflow/example_dags/example_latest_only.py for tasks to queue
[2024-07-16T19:10:32.214+0000] {logging_mixin.py:188} INFO - [2024-07-16T19:10:32.214+0000] {dagbag.py:545} INFO - Filling up the DagBag from /home/airflow/.local/lib/python3.12/site-packages/airflow/example_dags/example_latest_only.py
[2024-07-16T19:10:32.220+0000] {processor.py:840} INFO - DAG(s) 'latest_only' retrieved from /home/airflow/.local/lib/python3.12/site-packages/airflow/example_dags/example_latest_only.py
[2024-07-16T19:10:32.240+0000] {logging_mixin.py:188} INFO - [2024-07-16T19:10:32.240+0000] {dag.py:3096} INFO - Sync 1 DAGs
[2024-07-16T19:10:32.260+0000] {logging_mixin.py:188} INFO - [2024-07-16T19:10:32.259+0000] {dag.py:3954} INFO - Setting next_dagrun for latest_only to 2024-07-16 12:00:00+00:00, run_after=2024-07-16 16:00:00+00:00
[2024-07-16T19:10:32.285+0000] {processor.py:183} INFO - Processing /home/airflow/.local/lib/python3.12/site-packages/airflow/example_dags/example_latest_only.py took 0.086 seconds
[2024-07-16T19:11:02.543+0000] {processor.py:161} INFO - Started process (PID=1068) to work on /home/airflow/.local/lib/python3.12/site-packages/airflow/example_dags/example_latest_only.py
[2024-07-16T19:11:02.544+0000] {processor.py:830} INFO - Processing file /home/airflow/.local/lib/python3.12/site-packages/airflow/example_dags/example_latest_only.py for tasks to queue
[2024-07-16T19:11:02.545+0000] {logging_mixin.py:188} INFO - [2024-07-16T19:11:02.544+0000] {dagbag.py:545} INFO - Filling up the DagBag from /home/airflow/.local/lib/python3.12/site-packages/airflow/example_dags/example_latest_only.py
[2024-07-16T19:11:02.550+0000] {processor.py:840} INFO - DAG(s) 'latest_only' retrieved from /home/airflow/.local/lib/python3.12/site-packages/airflow/example_dags/example_latest_only.py
[2024-07-16T19:11:02.575+0000] {logging_mixin.py:188} INFO - [2024-07-16T19:11:02.575+0000] {dag.py:3096} INFO - Sync 1 DAGs
[2024-07-16T19:11:02.603+0000] {logging_mixin.py:188} INFO - [2024-07-16T19:11:02.603+0000] {dag.py:3954} INFO - Setting next_dagrun for latest_only to 2024-07-16 12:00:00+00:00, run_after=2024-07-16 16:00:00+00:00
[2024-07-16T19:11:02.631+0000] {processor.py:183} INFO - Processing /home/airflow/.local/lib/python3.12/site-packages/airflow/example_dags/example_latest_only.py took 0.095 seconds
[2024-07-16T19:11:32.727+0000] {processor.py:161} INFO - Started process (PID=1128) to work on /home/airflow/.local/lib/python3.12/site-packages/airflow/example_dags/example_latest_only.py
[2024-07-16T19:11:32.728+0000] {processor.py:830} INFO - Processing file /home/airflow/.local/lib/python3.12/site-packages/airflow/example_dags/example_latest_only.py for tasks to queue
[2024-07-16T19:11:32.729+0000] {logging_mixin.py:188} INFO - [2024-07-16T19:11:32.729+0000] {dagbag.py:545} INFO - Filling up the DagBag from /home/airflow/.local/lib/python3.12/site-packages/airflow/example_dags/example_latest_only.py
[2024-07-16T19:11:32.735+0000] {processor.py:840} INFO - DAG(s) 'latest_only' retrieved from /home/airflow/.local/lib/python3.12/site-packages/airflow/example_dags/example_latest_only.py
[2024-07-16T19:11:32.763+0000] {logging_mixin.py:188} INFO - [2024-07-16T19:11:32.763+0000] {dag.py:3096} INFO - Sync 1 DAGs
[2024-07-16T19:11:32.791+0000] {logging_mixin.py:188} INFO - [2024-07-16T19:11:32.791+0000] {dag.py:3954} INFO - Setting next_dagrun for latest_only to 2024-07-16 12:00:00+00:00, run_after=2024-07-16 16:00:00+00:00
[2024-07-16T19:11:32.817+0000] {processor.py:183} INFO - Processing /home/airflow/.local/lib/python3.12/site-packages/airflow/example_dags/example_latest_only.py took 0.097 seconds
[2024-07-16T19:12:03.199+0000] {processor.py:161} INFO - Started process (PID=1187) to work on /home/airflow/.local/lib/python3.12/site-packages/airflow/example_dags/example_latest_only.py
[2024-07-16T19:12:03.200+0000] {processor.py:830} INFO - Processing file /home/airflow/.local/lib/python3.12/site-packages/airflow/example_dags/example_latest_only.py for tasks to queue
[2024-07-16T19:12:03.201+0000] {logging_mixin.py:188} INFO - [2024-07-16T19:12:03.200+0000] {dagbag.py:545} INFO - Filling up the DagBag from /home/airflow/.local/lib/python3.12/site-packages/airflow/example_dags/example_latest_only.py
[2024-07-16T19:12:03.206+0000] {processor.py:840} INFO - DAG(s) 'latest_only' retrieved from /home/airflow/.local/lib/python3.12/site-packages/airflow/example_dags/example_latest_only.py
[2024-07-16T19:12:03.230+0000] {logging_mixin.py:188} INFO - [2024-07-16T19:12:03.230+0000] {dag.py:3096} INFO - Sync 1 DAGs
[2024-07-16T19:12:03.257+0000] {logging_mixin.py:188} INFO - [2024-07-16T19:12:03.256+0000] {dag.py:3954} INFO - Setting next_dagrun for latest_only to 2024-07-16 12:00:00+00:00, run_after=2024-07-16 16:00:00+00:00
[2024-07-16T19:12:03.281+0000] {processor.py:183} INFO - Processing /home/airflow/.local/lib/python3.12/site-packages/airflow/example_dags/example_latest_only.py took 0.089 seconds
[2024-07-16T19:12:33.783+0000] {processor.py:161} INFO - Started process (PID=1247) to work on /home/airflow/.local/lib/python3.12/site-packages/airflow/example_dags/example_latest_only.py
[2024-07-16T19:12:33.784+0000] {processor.py:830} INFO - Processing file /home/airflow/.local/lib/python3.12/site-packages/airflow/example_dags/example_latest_only.py for tasks to queue
[2024-07-16T19:12:33.785+0000] {logging_mixin.py:188} INFO - [2024-07-16T19:12:33.784+0000] {dagbag.py:545} INFO - Filling up the DagBag from /home/airflow/.local/lib/python3.12/site-packages/airflow/example_dags/example_latest_only.py
[2024-07-16T19:12:33.790+0000] {processor.py:840} INFO - DAG(s) 'latest_only' retrieved from /home/airflow/.local/lib/python3.12/site-packages/airflow/example_dags/example_latest_only.py
[2024-07-16T19:12:33.827+0000] {logging_mixin.py:188} INFO - [2024-07-16T19:12:33.827+0000] {dag.py:3096} INFO - Sync 1 DAGs
[2024-07-16T19:12:33.857+0000] {logging_mixin.py:188} INFO - [2024-07-16T19:12:33.857+0000] {dag.py:3954} INFO - Setting next_dagrun for latest_only to 2024-07-16 12:00:00+00:00, run_after=2024-07-16 16:00:00+00:00
[2024-07-16T19:12:33.881+0000] {processor.py:183} INFO - Processing /home/airflow/.local/lib/python3.12/site-packages/airflow/example_dags/example_latest_only.py took 0.104 seconds
[2024-07-16T19:13:03.939+0000] {processor.py:161} INFO - Started process (PID=1308) to work on /home/airflow/.local/lib/python3.12/site-packages/airflow/example_dags/example_latest_only.py
[2024-07-16T19:13:03.940+0000] {processor.py:830} INFO - Processing file /home/airflow/.local/lib/python3.12/site-packages/airflow/example_dags/example_latest_only.py for tasks to queue
[2024-07-16T19:13:03.941+0000] {logging_mixin.py:188} INFO - [2024-07-16T19:13:03.940+0000] {dagbag.py:545} INFO - Filling up the DagBag from /home/airflow/.local/lib/python3.12/site-packages/airflow/example_dags/example_latest_only.py
[2024-07-16T19:13:03.945+0000] {processor.py:840} INFO - DAG(s) 'latest_only' retrieved from /home/airflow/.local/lib/python3.12/site-packages/airflow/example_dags/example_latest_only.py
[2024-07-16T19:13:03.962+0000] {logging_mixin.py:188} INFO - [2024-07-16T19:13:03.961+0000] {dag.py:3096} INFO - Sync 1 DAGs
[2024-07-16T19:13:03.985+0000] {logging_mixin.py:188} INFO - [2024-07-16T19:13:03.985+0000] {dag.py:3954} INFO - Setting next_dagrun for latest_only to 2024-07-16 12:00:00+00:00, run_after=2024-07-16 16:00:00+00:00
[2024-07-16T19:13:04.008+0000] {processor.py:183} INFO - Processing /home/airflow/.local/lib/python3.12/site-packages/airflow/example_dags/example_latest_only.py took 0.074 seconds
[2024-07-16T19:13:34.090+0000] {processor.py:161} INFO - Started process (PID=1367) to work on /home/airflow/.local/lib/python3.12/site-packages/airflow/example_dags/example_latest_only.py
[2024-07-16T19:13:34.091+0000] {processor.py:830} INFO - Processing file /home/airflow/.local/lib/python3.12/site-packages/airflow/example_dags/example_latest_only.py for tasks to queue
[2024-07-16T19:13:34.092+0000] {logging_mixin.py:188} INFO - [2024-07-16T19:13:34.091+0000] {dagbag.py:545} INFO - Filling up the DagBag from /home/airflow/.local/lib/python3.12/site-packages/airflow/example_dags/example_latest_only.py
[2024-07-16T19:13:34.100+0000] {processor.py:840} INFO - DAG(s) 'latest_only' retrieved from /home/airflow/.local/lib/python3.12/site-packages/airflow/example_dags/example_latest_only.py
[2024-07-16T19:13:34.120+0000] {logging_mixin.py:188} INFO - [2024-07-16T19:13:34.120+0000] {dag.py:3096} INFO - Sync 1 DAGs
[2024-07-16T19:13:34.138+0000] {logging_mixin.py:188} INFO - [2024-07-16T19:13:34.138+0000] {dag.py:3954} INFO - Setting next_dagrun for latest_only to 2024-07-16 12:00:00+00:00, run_after=2024-07-16 16:00:00+00:00
[2024-07-16T19:13:34.165+0000] {processor.py:183} INFO - Processing /home/airflow/.local/lib/python3.12/site-packages/airflow/example_dags/example_latest_only.py took 0.081 seconds
[2024-07-16T19:14:05.162+0000] {processor.py:161} INFO - Started process (PID=1426) to work on /home/airflow/.local/lib/python3.12/site-packages/airflow/example_dags/example_latest_only.py
[2024-07-16T19:14:05.163+0000] {processor.py:830} INFO - Processing file /home/airflow/.local/lib/python3.12/site-packages/airflow/example_dags/example_latest_only.py for tasks to queue
[2024-07-16T19:14:05.164+0000] {logging_mixin.py:188} INFO - [2024-07-16T19:14:05.164+0000] {dagbag.py:545} INFO - Filling up the DagBag from /home/airflow/.local/lib/python3.12/site-packages/airflow/example_dags/example_latest_only.py
[2024-07-16T19:14:05.170+0000] {processor.py:840} INFO - DAG(s) 'latest_only' retrieved from /home/airflow/.local/lib/python3.12/site-packages/airflow/example_dags/example_latest_only.py
[2024-07-16T19:14:05.196+0000] {logging_mixin.py:188} INFO - [2024-07-16T19:14:05.195+0000] {dag.py:3096} INFO - Sync 1 DAGs
[2024-07-16T19:14:05.229+0000] {logging_mixin.py:188} INFO - [2024-07-16T19:14:05.229+0000] {dag.py:3954} INFO - Setting next_dagrun for latest_only to 2024-07-16 12:00:00+00:00, run_after=2024-07-16 16:00:00+00:00
[2024-07-16T19:14:05.270+0000] {processor.py:183} INFO - Processing /home/airflow/.local/lib/python3.12/site-packages/airflow/example_dags/example_latest_only.py took 0.115 seconds
[2024-07-16T19:14:35.373+0000] {processor.py:161} INFO - Started process (PID=1486) to work on /home/airflow/.local/lib/python3.12/site-packages/airflow/example_dags/example_latest_only.py
[2024-07-16T19:14:35.374+0000] {processor.py:830} INFO - Processing file /home/airflow/.local/lib/python3.12/site-packages/airflow/example_dags/example_latest_only.py for tasks to queue
[2024-07-16T19:14:35.374+0000] {logging_mixin.py:188} INFO - [2024-07-16T19:14:35.374+0000] {dagbag.py:545} INFO - Filling up the DagBag from /home/airflow/.local/lib/python3.12/site-packages/airflow/example_dags/example_latest_only.py
[2024-07-16T19:14:35.380+0000] {processor.py:840} INFO - DAG(s) 'latest_only' retrieved from /home/airflow/.local/lib/python3.12/site-packages/airflow/example_dags/example_latest_only.py
[2024-07-16T19:14:35.404+0000] {logging_mixin.py:188} INFO - [2024-07-16T19:14:35.404+0000] {dag.py:3096} INFO - Sync 1 DAGs
[2024-07-16T19:14:35.432+0000] {logging_mixin.py:188} INFO - [2024-07-16T19:14:35.431+0000] {dag.py:3954} INFO - Setting next_dagrun for latest_only to 2024-07-16 12:00:00+00:00, run_after=2024-07-16 16:00:00+00:00
[2024-07-16T19:14:35.458+0000] {processor.py:183} INFO - Processing /home/airflow/.local/lib/python3.12/site-packages/airflow/example_dags/example_latest_only.py took 0.092 seconds
[2024-07-16T19:15:06.086+0000] {processor.py:161} INFO - Started process (PID=1545) to work on /home/airflow/.local/lib/python3.12/site-packages/airflow/example_dags/example_latest_only.py
[2024-07-16T19:15:06.087+0000] {processor.py:830} INFO - Processing file /home/airflow/.local/lib/python3.12/site-packages/airflow/example_dags/example_latest_only.py for tasks to queue
[2024-07-16T19:15:06.089+0000] {logging_mixin.py:188} INFO - [2024-07-16T19:15:06.088+0000] {dagbag.py:545} INFO - Filling up the DagBag from /home/airflow/.local/lib/python3.12/site-packages/airflow/example_dags/example_latest_only.py
[2024-07-16T19:15:06.102+0000] {processor.py:840} INFO - DAG(s) 'latest_only' retrieved from /home/airflow/.local/lib/python3.12/site-packages/airflow/example_dags/example_latest_only.py
[2024-07-16T19:15:06.158+0000] {logging_mixin.py:188} INFO - [2024-07-16T19:15:06.158+0000] {dag.py:3096} INFO - Sync 1 DAGs
[2024-07-16T19:15:06.255+0000] {logging_mixin.py:188} INFO - [2024-07-16T19:15:06.254+0000] {dag.py:3954} INFO - Setting next_dagrun for latest_only to 2024-07-16 12:00:00+00:00, run_after=2024-07-16 16:00:00+00:00
[2024-07-16T19:15:06.298+0000] {processor.py:183} INFO - Processing /home/airflow/.local/lib/python3.12/site-packages/airflow/example_dags/example_latest_only.py took 0.246 seconds
[2024-07-16T19:19:09.569+0000] {processor.py:161} INFO - Started process (PID=40) to work on /home/airflow/.local/lib/python3.12/site-packages/airflow/example_dags/example_latest_only.py
[2024-07-16T19:19:09.578+0000] {processor.py:830} INFO - Processing file /home/airflow/.local/lib/python3.12/site-packages/airflow/example_dags/example_latest_only.py for tasks to queue
[2024-07-16T19:19:09.580+0000] {logging_mixin.py:188} INFO - [2024-07-16T19:19:09.580+0000] {dagbag.py:545} INFO - Filling up the DagBag from /home/airflow/.local/lib/python3.12/site-packages/airflow/example_dags/example_latest_only.py
[2024-07-16T19:19:09.594+0000] {processor.py:840} INFO - DAG(s) 'latest_only' retrieved from /home/airflow/.local/lib/python3.12/site-packages/airflow/example_dags/example_latest_only.py
[2024-07-16T19:19:10.118+0000] {logging_mixin.py:188} INFO - [2024-07-16T19:19:10.118+0000] {dag.py:3096} INFO - Sync 1 DAGs
[2024-07-16T19:19:10.171+0000] {logging_mixin.py:188} INFO - [2024-07-16T19:19:10.171+0000] {dag.py:3954} INFO - Setting next_dagrun for latest_only to 2024-07-16 12:00:00+00:00, run_after=2024-07-16 16:00:00+00:00
[2024-07-16T19:19:10.227+0000] {processor.py:183} INFO - Processing /home/airflow/.local/lib/python3.12/site-packages/airflow/example_dags/example_latest_only.py took 0.685 seconds
[2024-07-16T19:19:40.704+0000] {processor.py:161} INFO - Started process (PID=99) to work on /home/airflow/.local/lib/python3.12/site-packages/airflow/example_dags/example_latest_only.py
[2024-07-16T19:19:40.705+0000] {processor.py:830} INFO - Processing file /home/airflow/.local/lib/python3.12/site-packages/airflow/example_dags/example_latest_only.py for tasks to queue
[2024-07-16T19:19:40.707+0000] {logging_mixin.py:188} INFO - [2024-07-16T19:19:40.706+0000] {dagbag.py:545} INFO - Filling up the DagBag from /home/airflow/.local/lib/python3.12/site-packages/airflow/example_dags/example_latest_only.py
[2024-07-16T19:19:40.713+0000] {processor.py:840} INFO - DAG(s) 'latest_only' retrieved from /home/airflow/.local/lib/python3.12/site-packages/airflow/example_dags/example_latest_only.py
[2024-07-16T19:19:40.734+0000] {logging_mixin.py:188} INFO - [2024-07-16T19:19:40.734+0000] {dag.py:3096} INFO - Sync 1 DAGs
[2024-07-16T19:19:40.766+0000] {logging_mixin.py:188} INFO - [2024-07-16T19:19:40.766+0000] {dag.py:3954} INFO - Setting next_dagrun for latest_only to 2024-07-16 12:00:00+00:00, run_after=2024-07-16 16:00:00+00:00
[2024-07-16T19:19:40.789+0000] {processor.py:183} INFO - Processing /home/airflow/.local/lib/python3.12/site-packages/airflow/example_dags/example_latest_only.py took 0.104 seconds
[2024-07-16T19:20:11.090+0000] {processor.py:161} INFO - Started process (PID=159) to work on /home/airflow/.local/lib/python3.12/site-packages/airflow/example_dags/example_latest_only.py
[2024-07-16T19:20:11.091+0000] {processor.py:830} INFO - Processing file /home/airflow/.local/lib/python3.12/site-packages/airflow/example_dags/example_latest_only.py for tasks to queue
[2024-07-16T19:20:11.093+0000] {logging_mixin.py:188} INFO - [2024-07-16T19:20:11.092+0000] {dagbag.py:545} INFO - Filling up the DagBag from /home/airflow/.local/lib/python3.12/site-packages/airflow/example_dags/example_latest_only.py
[2024-07-16T19:20:11.098+0000] {processor.py:840} INFO - DAG(s) 'latest_only' retrieved from /home/airflow/.local/lib/python3.12/site-packages/airflow/example_dags/example_latest_only.py
[2024-07-16T19:20:11.123+0000] {logging_mixin.py:188} INFO - [2024-07-16T19:20:11.122+0000] {dag.py:3096} INFO - Sync 1 DAGs
[2024-07-16T19:20:11.163+0000] {logging_mixin.py:188} INFO - [2024-07-16T19:20:11.162+0000] {dag.py:3954} INFO - Setting next_dagrun for latest_only to 2024-07-16 12:00:00+00:00, run_after=2024-07-16 16:00:00+00:00
[2024-07-16T19:20:11.199+0000] {processor.py:183} INFO - Processing /home/airflow/.local/lib/python3.12/site-packages/airflow/example_dags/example_latest_only.py took 0.116 seconds
[2024-07-16T19:20:41.239+0000] {processor.py:161} INFO - Started process (PID=217) to work on /home/airflow/.local/lib/python3.12/site-packages/airflow/example_dags/example_latest_only.py
[2024-07-16T19:20:41.241+0000] {processor.py:830} INFO - Processing file /home/airflow/.local/lib/python3.12/site-packages/airflow/example_dags/example_latest_only.py for tasks to queue
[2024-07-16T19:20:41.243+0000] {logging_mixin.py:188} INFO - [2024-07-16T19:20:41.242+0000] {dagbag.py:545} INFO - Filling up the DagBag from /home/airflow/.local/lib/python3.12/site-packages/airflow/example_dags/example_latest_only.py
[2024-07-16T19:20:41.261+0000] {processor.py:840} INFO - DAG(s) 'latest_only' retrieved from /home/airflow/.local/lib/python3.12/site-packages/airflow/example_dags/example_latest_only.py
[2024-07-16T19:20:41.299+0000] {logging_mixin.py:188} INFO - [2024-07-16T19:20:41.299+0000] {dag.py:3096} INFO - Sync 1 DAGs
[2024-07-16T19:20:41.427+0000] {logging_mixin.py:188} INFO - [2024-07-16T19:20:41.427+0000] {dag.py:3954} INFO - Setting next_dagrun for latest_only to 2024-07-16 12:00:00+00:00, run_after=2024-07-16 16:00:00+00:00
[2024-07-16T19:20:41.485+0000] {processor.py:183} INFO - Processing /home/airflow/.local/lib/python3.12/site-packages/airflow/example_dags/example_latest_only.py took 0.252 seconds
[2024-07-16T19:21:12.125+0000] {processor.py:161} INFO - Started process (PID=276) to work on /home/airflow/.local/lib/python3.12/site-packages/airflow/example_dags/example_latest_only.py
[2024-07-16T19:21:12.126+0000] {processor.py:830} INFO - Processing file /home/airflow/.local/lib/python3.12/site-packages/airflow/example_dags/example_latest_only.py for tasks to queue
[2024-07-16T19:21:12.128+0000] {logging_mixin.py:188} INFO - [2024-07-16T19:21:12.128+0000] {dagbag.py:545} INFO - Filling up the DagBag from /home/airflow/.local/lib/python3.12/site-packages/airflow/example_dags/example_latest_only.py
[2024-07-16T19:21:12.133+0000] {processor.py:840} INFO - DAG(s) 'latest_only' retrieved from /home/airflow/.local/lib/python3.12/site-packages/airflow/example_dags/example_latest_only.py
[2024-07-16T19:21:12.152+0000] {logging_mixin.py:188} INFO - [2024-07-16T19:21:12.152+0000] {dag.py:3096} INFO - Sync 1 DAGs
[2024-07-16T19:21:12.170+0000] {logging_mixin.py:188} INFO - [2024-07-16T19:21:12.170+0000] {dag.py:3954} INFO - Setting next_dagrun for latest_only to 2024-07-16 12:00:00+00:00, run_after=2024-07-16 16:00:00+00:00
[2024-07-16T19:21:12.192+0000] {processor.py:183} INFO - Processing /home/airflow/.local/lib/python3.12/site-packages/airflow/example_dags/example_latest_only.py took 0.074 seconds
[2024-07-16T19:21:42.365+0000] {processor.py:161} INFO - Started process (PID=335) to work on /home/airflow/.local/lib/python3.12/site-packages/airflow/example_dags/example_latest_only.py
[2024-07-16T19:21:42.366+0000] {processor.py:830} INFO - Processing file /home/airflow/.local/lib/python3.12/site-packages/airflow/example_dags/example_latest_only.py for tasks to queue
[2024-07-16T19:21:42.367+0000] {logging_mixin.py:188} INFO - [2024-07-16T19:21:42.367+0000] {dagbag.py:545} INFO - Filling up the DagBag from /home/airflow/.local/lib/python3.12/site-packages/airflow/example_dags/example_latest_only.py
[2024-07-16T19:21:42.371+0000] {processor.py:840} INFO - DAG(s) 'latest_only' retrieved from /home/airflow/.local/lib/python3.12/site-packages/airflow/example_dags/example_latest_only.py
[2024-07-16T19:21:42.388+0000] {logging_mixin.py:188} INFO - [2024-07-16T19:21:42.388+0000] {dag.py:3096} INFO - Sync 1 DAGs
[2024-07-16T19:21:42.406+0000] {logging_mixin.py:188} INFO - [2024-07-16T19:21:42.406+0000] {dag.py:3954} INFO - Setting next_dagrun for latest_only to 2024-07-16 12:00:00+00:00, run_after=2024-07-16 16:00:00+00:00
[2024-07-16T19:21:42.426+0000] {processor.py:183} INFO - Processing /home/airflow/.local/lib/python3.12/site-packages/airflow/example_dags/example_latest_only.py took 0.066 seconds
[2024-07-16T19:22:12.524+0000] {processor.py:161} INFO - Started process (PID=395) to work on /home/airflow/.local/lib/python3.12/site-packages/airflow/example_dags/example_latest_only.py
[2024-07-16T19:22:12.525+0000] {processor.py:830} INFO - Processing file /home/airflow/.local/lib/python3.12/site-packages/airflow/example_dags/example_latest_only.py for tasks to queue
[2024-07-16T19:22:12.527+0000] {logging_mixin.py:188} INFO - [2024-07-16T19:22:12.527+0000] {dagbag.py:545} INFO - Filling up the DagBag from /home/airflow/.local/lib/python3.12/site-packages/airflow/example_dags/example_latest_only.py
[2024-07-16T19:22:12.532+0000] {processor.py:840} INFO - DAG(s) 'latest_only' retrieved from /home/airflow/.local/lib/python3.12/site-packages/airflow/example_dags/example_latest_only.py
[2024-07-16T19:22:12.552+0000] {logging_mixin.py:188} INFO - [2024-07-16T19:22:12.551+0000] {dag.py:3096} INFO - Sync 1 DAGs
[2024-07-16T19:22:12.576+0000] {logging_mixin.py:188} INFO - [2024-07-16T19:22:12.576+0000] {dag.py:3954} INFO - Setting next_dagrun for latest_only to 2024-07-16 12:00:00+00:00, run_after=2024-07-16 16:00:00+00:00
[2024-07-16T19:22:12.595+0000] {processor.py:183} INFO - Processing /home/airflow/.local/lib/python3.12/site-packages/airflow/example_dags/example_latest_only.py took 0.079 seconds
[2024-07-16T19:22:42.987+0000] {processor.py:161} INFO - Started process (PID=455) to work on /home/airflow/.local/lib/python3.12/site-packages/airflow/example_dags/example_latest_only.py
[2024-07-16T19:22:42.988+0000] {processor.py:830} INFO - Processing file /home/airflow/.local/lib/python3.12/site-packages/airflow/example_dags/example_latest_only.py for tasks to queue
[2024-07-16T19:22:42.990+0000] {logging_mixin.py:188} INFO - [2024-07-16T19:22:42.989+0000] {dagbag.py:545} INFO - Filling up the DagBag from /home/airflow/.local/lib/python3.12/site-packages/airflow/example_dags/example_latest_only.py
[2024-07-16T19:22:42.995+0000] {processor.py:840} INFO - DAG(s) 'latest_only' retrieved from /home/airflow/.local/lib/python3.12/site-packages/airflow/example_dags/example_latest_only.py
[2024-07-16T19:22:43.017+0000] {logging_mixin.py:188} INFO - [2024-07-16T19:22:43.017+0000] {dag.py:3096} INFO - Sync 1 DAGs
[2024-07-16T19:22:43.035+0000] {logging_mixin.py:188} INFO - [2024-07-16T19:22:43.034+0000] {dag.py:3954} INFO - Setting next_dagrun for latest_only to 2024-07-16 12:00:00+00:00, run_after=2024-07-16 16:00:00+00:00
[2024-07-16T19:22:43.054+0000] {processor.py:183} INFO - Processing /home/airflow/.local/lib/python3.12/site-packages/airflow/example_dags/example_latest_only.py took 0.074 seconds
[2024-07-16T19:23:13.910+0000] {processor.py:161} INFO - Started process (PID=518) to work on /home/airflow/.local/lib/python3.12/site-packages/airflow/example_dags/example_latest_only.py
[2024-07-16T19:23:13.911+0000] {processor.py:830} INFO - Processing file /home/airflow/.local/lib/python3.12/site-packages/airflow/example_dags/example_latest_only.py for tasks to queue
[2024-07-16T19:23:13.913+0000] {logging_mixin.py:188} INFO - [2024-07-16T19:23:13.913+0000] {dagbag.py:545} INFO - Filling up the DagBag from /home/airflow/.local/lib/python3.12/site-packages/airflow/example_dags/example_latest_only.py
[2024-07-16T19:23:13.918+0000] {processor.py:840} INFO - DAG(s) 'latest_only' retrieved from /home/airflow/.local/lib/python3.12/site-packages/airflow/example_dags/example_latest_only.py
[2024-07-16T19:23:13.942+0000] {logging_mixin.py:188} INFO - [2024-07-16T19:23:13.942+0000] {dag.py:3096} INFO - Sync 1 DAGs
[2024-07-16T19:23:13.968+0000] {logging_mixin.py:188} INFO - [2024-07-16T19:23:13.968+0000] {dag.py:3954} INFO - Setting next_dagrun for latest_only to 2024-07-16 12:00:00+00:00, run_after=2024-07-16 16:00:00+00:00
[2024-07-16T19:23:13.992+0000] {processor.py:183} INFO - Processing /home/airflow/.local/lib/python3.12/site-packages/airflow/example_dags/example_latest_only.py took 0.089 seconds
[2024-07-16T19:23:44.444+0000] {processor.py:161} INFO - Started process (PID=577) to work on /home/airflow/.local/lib/python3.12/site-packages/airflow/example_dags/example_latest_only.py
[2024-07-16T19:23:44.445+0000] {processor.py:830} INFO - Processing file /home/airflow/.local/lib/python3.12/site-packages/airflow/example_dags/example_latest_only.py for tasks to queue
[2024-07-16T19:23:44.447+0000] {logging_mixin.py:188} INFO - [2024-07-16T19:23:44.446+0000] {dagbag.py:545} INFO - Filling up the DagBag from /home/airflow/.local/lib/python3.12/site-packages/airflow/example_dags/example_latest_only.py
[2024-07-16T19:23:44.450+0000] {processor.py:840} INFO - DAG(s) 'latest_only' retrieved from /home/airflow/.local/lib/python3.12/site-packages/airflow/example_dags/example_latest_only.py
[2024-07-16T19:23:44.467+0000] {logging_mixin.py:188} INFO - [2024-07-16T19:23:44.467+0000] {dag.py:3096} INFO - Sync 1 DAGs
[2024-07-16T19:23:44.484+0000] {logging_mixin.py:188} INFO - [2024-07-16T19:23:44.484+0000] {dag.py:3954} INFO - Setting next_dagrun for latest_only to 2024-07-16 12:00:00+00:00, run_after=2024-07-16 16:00:00+00:00
[2024-07-16T19:23:44.503+0000] {processor.py:183} INFO - Processing /home/airflow/.local/lib/python3.12/site-packages/airflow/example_dags/example_latest_only.py took 0.063 seconds
[2024-07-16T19:24:15.138+0000] {processor.py:161} INFO - Started process (PID=636) to work on /home/airflow/.local/lib/python3.12/site-packages/airflow/example_dags/example_latest_only.py
[2024-07-16T19:24:15.139+0000] {processor.py:830} INFO - Processing file /home/airflow/.local/lib/python3.12/site-packages/airflow/example_dags/example_latest_only.py for tasks to queue
[2024-07-16T19:24:15.140+0000] {logging_mixin.py:188} INFO - [2024-07-16T19:24:15.140+0000] {dagbag.py:545} INFO - Filling up the DagBag from /home/airflow/.local/lib/python3.12/site-packages/airflow/example_dags/example_latest_only.py
[2024-07-16T19:24:15.146+0000] {processor.py:840} INFO - DAG(s) 'latest_only' retrieved from /home/airflow/.local/lib/python3.12/site-packages/airflow/example_dags/example_latest_only.py
[2024-07-16T19:24:15.171+0000] {logging_mixin.py:188} INFO - [2024-07-16T19:24:15.171+0000] {dag.py:3096} INFO - Sync 1 DAGs
[2024-07-16T19:24:15.198+0000] {logging_mixin.py:188} INFO - [2024-07-16T19:24:15.197+0000] {dag.py:3954} INFO - Setting next_dagrun for latest_only to 2024-07-16 12:00:00+00:00, run_after=2024-07-16 16:00:00+00:00
[2024-07-16T19:24:15.223+0000] {processor.py:183} INFO - Processing /home/airflow/.local/lib/python3.12/site-packages/airflow/example_dags/example_latest_only.py took 0.093 seconds
[2024-07-16T19:24:45.952+0000] {processor.py:161} INFO - Started process (PID=695) to work on /home/airflow/.local/lib/python3.12/site-packages/airflow/example_dags/example_latest_only.py
[2024-07-16T19:24:45.953+0000] {processor.py:830} INFO - Processing file /home/airflow/.local/lib/python3.12/site-packages/airflow/example_dags/example_latest_only.py for tasks to queue
[2024-07-16T19:24:45.954+0000] {logging_mixin.py:188} INFO - [2024-07-16T19:24:45.954+0000] {dagbag.py:545} INFO - Filling up the DagBag from /home/airflow/.local/lib/python3.12/site-packages/airflow/example_dags/example_latest_only.py
[2024-07-16T19:24:45.960+0000] {processor.py:840} INFO - DAG(s) 'latest_only' retrieved from /home/airflow/.local/lib/python3.12/site-packages/airflow/example_dags/example_latest_only.py
[2024-07-16T19:24:45.994+0000] {logging_mixin.py:188} INFO - [2024-07-16T19:24:45.994+0000] {dag.py:3096} INFO - Sync 1 DAGs
[2024-07-16T19:24:46.059+0000] {logging_mixin.py:188} INFO - [2024-07-16T19:24:46.059+0000] {dag.py:3954} INFO - Setting next_dagrun for latest_only to 2024-07-16 12:00:00+00:00, run_after=2024-07-16 16:00:00+00:00
[2024-07-16T19:24:46.135+0000] {processor.py:183} INFO - Processing /home/airflow/.local/lib/python3.12/site-packages/airflow/example_dags/example_latest_only.py took 0.189 seconds
[2024-07-16T19:25:17.336+0000] {processor.py:161} INFO - Started process (PID=761) to work on /home/airflow/.local/lib/python3.12/site-packages/airflow/example_dags/example_latest_only.py
[2024-07-16T19:25:17.349+0000] {processor.py:830} INFO - Processing file /home/airflow/.local/lib/python3.12/site-packages/airflow/example_dags/example_latest_only.py for tasks to queue
[2024-07-16T19:25:17.350+0000] {logging_mixin.py:188} INFO - [2024-07-16T19:25:17.350+0000] {dagbag.py:545} INFO - Filling up the DagBag from /home/airflow/.local/lib/python3.12/site-packages/airflow/example_dags/example_latest_only.py
[2024-07-16T19:25:17.356+0000] {processor.py:840} INFO - DAG(s) 'latest_only' retrieved from /home/airflow/.local/lib/python3.12/site-packages/airflow/example_dags/example_latest_only.py
[2024-07-16T19:25:17.397+0000] {logging_mixin.py:188} INFO - [2024-07-16T19:25:17.397+0000] {dag.py:3096} INFO - Sync 1 DAGs
[2024-07-16T19:25:17.485+0000] {logging_mixin.py:188} INFO - [2024-07-16T19:25:17.484+0000] {dag.py:3954} INFO - Setting next_dagrun for latest_only to 2024-07-16 12:00:00+00:00, run_after=2024-07-16 16:00:00+00:00
[2024-07-16T19:25:17.580+0000] {processor.py:183} INFO - Processing /home/airflow/.local/lib/python3.12/site-packages/airflow/example_dags/example_latest_only.py took 0.250 seconds
[2024-07-16T19:25:48.226+0000] {processor.py:161} INFO - Started process (PID=820) to work on /home/airflow/.local/lib/python3.12/site-packages/airflow/example_dags/example_latest_only.py
[2024-07-16T19:25:48.227+0000] {processor.py:830} INFO - Processing file /home/airflow/.local/lib/python3.12/site-packages/airflow/example_dags/example_latest_only.py for tasks to queue
[2024-07-16T19:25:48.228+0000] {logging_mixin.py:188} INFO - [2024-07-16T19:25:48.227+0000] {dagbag.py:545} INFO - Filling up the DagBag from /home/airflow/.local/lib/python3.12/site-packages/airflow/example_dags/example_latest_only.py
[2024-07-16T19:25:48.233+0000] {processor.py:840} INFO - DAG(s) 'latest_only' retrieved from /home/airflow/.local/lib/python3.12/site-packages/airflow/example_dags/example_latest_only.py
[2024-07-16T19:25:48.255+0000] {logging_mixin.py:188} INFO - [2024-07-16T19:25:48.254+0000] {dag.py:3096} INFO - Sync 1 DAGs
[2024-07-16T19:25:48.281+0000] {logging_mixin.py:188} INFO - [2024-07-16T19:25:48.280+0000] {dag.py:3954} INFO - Setting next_dagrun for latest_only to 2024-07-16 12:00:00+00:00, run_after=2024-07-16 16:00:00+00:00
[2024-07-16T19:25:48.305+0000] {processor.py:183} INFO - Processing /home/airflow/.local/lib/python3.12/site-packages/airflow/example_dags/example_latest_only.py took 0.085 seconds
[2024-07-16T19:26:18.534+0000] {processor.py:161} INFO - Started process (PID=879) to work on /home/airflow/.local/lib/python3.12/site-packages/airflow/example_dags/example_latest_only.py
[2024-07-16T19:26:18.535+0000] {processor.py:830} INFO - Processing file /home/airflow/.local/lib/python3.12/site-packages/airflow/example_dags/example_latest_only.py for tasks to queue
[2024-07-16T19:26:18.536+0000] {logging_mixin.py:188} INFO - [2024-07-16T19:26:18.536+0000] {dagbag.py:545} INFO - Filling up the DagBag from /home/airflow/.local/lib/python3.12/site-packages/airflow/example_dags/example_latest_only.py
[2024-07-16T19:26:18.542+0000] {processor.py:840} INFO - DAG(s) 'latest_only' retrieved from /home/airflow/.local/lib/python3.12/site-packages/airflow/example_dags/example_latest_only.py
[2024-07-16T19:26:18.578+0000] {logging_mixin.py:188} INFO - [2024-07-16T19:26:18.578+0000] {dag.py:3096} INFO - Sync 1 DAGs
[2024-07-16T19:26:18.654+0000] {logging_mixin.py:188} INFO - [2024-07-16T19:26:18.653+0000] {dag.py:3954} INFO - Setting next_dagrun for latest_only to 2024-07-16 12:00:00+00:00, run_after=2024-07-16 16:00:00+00:00
[2024-07-16T19:26:18.706+0000] {processor.py:183} INFO - Processing /home/airflow/.local/lib/python3.12/site-packages/airflow/example_dags/example_latest_only.py took 0.179 seconds
[2024-07-16T19:26:48.745+0000] {processor.py:161} INFO - Started process (PID=937) to work on /home/airflow/.local/lib/python3.12/site-packages/airflow/example_dags/example_latest_only.py
[2024-07-16T19:26:48.746+0000] {processor.py:830} INFO - Processing file /home/airflow/.local/lib/python3.12/site-packages/airflow/example_dags/example_latest_only.py for tasks to queue
[2024-07-16T19:26:48.747+0000] {logging_mixin.py:188} INFO - [2024-07-16T19:26:48.747+0000] {dagbag.py:545} INFO - Filling up the DagBag from /home/airflow/.local/lib/python3.12/site-packages/airflow/example_dags/example_latest_only.py
[2024-07-16T19:26:48.754+0000] {processor.py:840} INFO - DAG(s) 'latest_only' retrieved from /home/airflow/.local/lib/python3.12/site-packages/airflow/example_dags/example_latest_only.py
[2024-07-16T19:26:48.774+0000] {logging_mixin.py:188} INFO - [2024-07-16T19:26:48.774+0000] {dag.py:3096} INFO - Sync 1 DAGs
[2024-07-16T19:26:48.792+0000] {logging_mixin.py:188} INFO - [2024-07-16T19:26:48.792+0000] {dag.py:3954} INFO - Setting next_dagrun for latest_only to 2024-07-16 12:00:00+00:00, run_after=2024-07-16 16:00:00+00:00
[2024-07-16T19:26:48.812+0000] {processor.py:183} INFO - Processing /home/airflow/.local/lib/python3.12/site-packages/airflow/example_dags/example_latest_only.py took 0.074 seconds
