[2024-07-16T19:02:35.509+0000] {processor.py:161} INFO - Started process (PID=77) to work on /home/airflow/.local/lib/python3.12/site-packages/airflow/example_dags/example_bash_decorator.py
[2024-07-16T19:02:35.510+0000] {processor.py:830} INFO - Processing file /home/airflow/.local/lib/python3.12/site-packages/airflow/example_dags/example_bash_decorator.py for tasks to queue
[2024-07-16T19:02:35.511+0000] {logging_mixin.py:188} INFO - [2024-07-16T19:02:35.511+0000] {dagbag.py:545} INFO - Filling up the DagBag from /home/airflow/.local/lib/python3.12/site-packages/airflow/example_dags/example_bash_decorator.py
[2024-07-16T19:02:35.529+0000] {processor.py:840} INFO - DAG(s) 'example_bash_decorator' retrieved from /home/airflow/.local/lib/python3.12/site-packages/airflow/example_dags/example_bash_decorator.py
[2024-07-16T19:02:35.910+0000] {logging_mixin.py:188} INFO - [2024-07-16T19:02:35.910+0000] {dag.py:3096} INFO - Sync 1 DAGs
[2024-07-16T19:02:35.968+0000] {logging_mixin.py:188} INFO - [2024-07-16T19:02:35.968+0000] {dag.py:3954} INFO - Setting next_dagrun for example_bash_decorator to None, run_after=None
[2024-07-16T19:02:36.230+0000] {processor.py:183} INFO - Processing /home/airflow/.local/lib/python3.12/site-packages/airflow/example_dags/example_bash_decorator.py took 0.740 seconds
[2024-07-16T19:03:06.978+0000] {processor.py:161} INFO - Started process (PID=136) to work on /home/airflow/.local/lib/python3.12/site-packages/airflow/example_dags/example_bash_decorator.py
[2024-07-16T19:03:06.980+0000] {processor.py:830} INFO - Processing file /home/airflow/.local/lib/python3.12/site-packages/airflow/example_dags/example_bash_decorator.py for tasks to queue
[2024-07-16T19:03:06.981+0000] {logging_mixin.py:188} INFO - [2024-07-16T19:03:06.981+0000] {dagbag.py:545} INFO - Filling up the DagBag from /home/airflow/.local/lib/python3.12/site-packages/airflow/example_dags/example_bash_decorator.py
[2024-07-16T19:03:06.998+0000] {processor.py:840} INFO - DAG(s) 'example_bash_decorator' retrieved from /home/airflow/.local/lib/python3.12/site-packages/airflow/example_dags/example_bash_decorator.py
[2024-07-16T19:03:07.033+0000] {logging_mixin.py:188} INFO - [2024-07-16T19:03:07.033+0000] {dag.py:3096} INFO - Sync 1 DAGs
[2024-07-16T19:03:07.049+0000] {logging_mixin.py:188} INFO - [2024-07-16T19:03:07.048+0000] {dag.py:3954} INFO - Setting next_dagrun for example_bash_decorator to None, run_after=None
[2024-07-16T19:03:07.074+0000] {processor.py:183} INFO - Processing /home/airflow/.local/lib/python3.12/site-packages/airflow/example_dags/example_bash_decorator.py took 0.102 seconds
[2024-07-16T19:03:37.111+0000] {processor.py:161} INFO - Started process (PID=195) to work on /home/airflow/.local/lib/python3.12/site-packages/airflow/example_dags/example_bash_decorator.py
[2024-07-16T19:03:37.112+0000] {processor.py:830} INFO - Processing file /home/airflow/.local/lib/python3.12/site-packages/airflow/example_dags/example_bash_decorator.py for tasks to queue
[2024-07-16T19:03:37.115+0000] {logging_mixin.py:188} INFO - [2024-07-16T19:03:37.115+0000] {dagbag.py:545} INFO - Filling up the DagBag from /home/airflow/.local/lib/python3.12/site-packages/airflow/example_dags/example_bash_decorator.py
[2024-07-16T19:03:37.134+0000] {processor.py:840} INFO - DAG(s) 'example_bash_decorator' retrieved from /home/airflow/.local/lib/python3.12/site-packages/airflow/example_dags/example_bash_decorator.py
[2024-07-16T19:03:37.172+0000] {logging_mixin.py:188} INFO - [2024-07-16T19:03:37.172+0000] {dag.py:3096} INFO - Sync 1 DAGs
[2024-07-16T19:03:37.184+0000] {logging_mixin.py:188} INFO - [2024-07-16T19:03:37.184+0000] {dag.py:3954} INFO - Setting next_dagrun for example_bash_decorator to None, run_after=None
[2024-07-16T19:03:37.204+0000] {processor.py:183} INFO - Processing /home/airflow/.local/lib/python3.12/site-packages/airflow/example_dags/example_bash_decorator.py took 0.100 seconds
[2024-07-16T19:04:07.684+0000] {processor.py:161} INFO - Started process (PID=255) to work on /home/airflow/.local/lib/python3.12/site-packages/airflow/example_dags/example_bash_decorator.py
[2024-07-16T19:04:07.685+0000] {processor.py:830} INFO - Processing file /home/airflow/.local/lib/python3.12/site-packages/airflow/example_dags/example_bash_decorator.py for tasks to queue
[2024-07-16T19:04:07.687+0000] {logging_mixin.py:188} INFO - [2024-07-16T19:04:07.686+0000] {dagbag.py:545} INFO - Filling up the DagBag from /home/airflow/.local/lib/python3.12/site-packages/airflow/example_dags/example_bash_decorator.py
[2024-07-16T19:04:07.703+0000] {processor.py:840} INFO - DAG(s) 'example_bash_decorator' retrieved from /home/airflow/.local/lib/python3.12/site-packages/airflow/example_dags/example_bash_decorator.py
[2024-07-16T19:04:07.748+0000] {logging_mixin.py:188} INFO - [2024-07-16T19:04:07.747+0000] {dag.py:3096} INFO - Sync 1 DAGs
[2024-07-16T19:04:07.765+0000] {logging_mixin.py:188} INFO - [2024-07-16T19:04:07.764+0000] {dag.py:3954} INFO - Setting next_dagrun for example_bash_decorator to None, run_after=None
[2024-07-16T19:04:07.789+0000] {processor.py:183} INFO - Processing /home/airflow/.local/lib/python3.12/site-packages/airflow/example_dags/example_bash_decorator.py took 0.112 seconds
[2024-07-16T19:04:37.896+0000] {processor.py:161} INFO - Started process (PID=313) to work on /home/airflow/.local/lib/python3.12/site-packages/airflow/example_dags/example_bash_decorator.py
[2024-07-16T19:04:37.897+0000] {processor.py:830} INFO - Processing file /home/airflow/.local/lib/python3.12/site-packages/airflow/example_dags/example_bash_decorator.py for tasks to queue
[2024-07-16T19:04:37.905+0000] {logging_mixin.py:188} INFO - [2024-07-16T19:04:37.905+0000] {dagbag.py:545} INFO - Filling up the DagBag from /home/airflow/.local/lib/python3.12/site-packages/airflow/example_dags/example_bash_decorator.py
[2024-07-16T19:04:37.925+0000] {processor.py:840} INFO - DAG(s) 'example_bash_decorator' retrieved from /home/airflow/.local/lib/python3.12/site-packages/airflow/example_dags/example_bash_decorator.py
[2024-07-16T19:04:37.983+0000] {logging_mixin.py:188} INFO - [2024-07-16T19:04:37.983+0000] {dag.py:3096} INFO - Sync 1 DAGs
[2024-07-16T19:04:38.000+0000] {logging_mixin.py:188} INFO - [2024-07-16T19:04:38.000+0000] {dag.py:3954} INFO - Setting next_dagrun for example_bash_decorator to None, run_after=None
[2024-07-16T19:04:38.029+0000] {processor.py:183} INFO - Processing /home/airflow/.local/lib/python3.12/site-packages/airflow/example_dags/example_bash_decorator.py took 0.144 seconds
[2024-07-16T19:05:08.096+0000] {processor.py:161} INFO - Started process (PID=374) to work on /home/airflow/.local/lib/python3.12/site-packages/airflow/example_dags/example_bash_decorator.py
[2024-07-16T19:05:08.097+0000] {processor.py:830} INFO - Processing file /home/airflow/.local/lib/python3.12/site-packages/airflow/example_dags/example_bash_decorator.py for tasks to queue
[2024-07-16T19:05:08.099+0000] {logging_mixin.py:188} INFO - [2024-07-16T19:05:08.099+0000] {dagbag.py:545} INFO - Filling up the DagBag from /home/airflow/.local/lib/python3.12/site-packages/airflow/example_dags/example_bash_decorator.py
[2024-07-16T19:05:08.111+0000] {processor.py:840} INFO - DAG(s) 'example_bash_decorator' retrieved from /home/airflow/.local/lib/python3.12/site-packages/airflow/example_dags/example_bash_decorator.py
[2024-07-16T19:05:08.132+0000] {logging_mixin.py:188} INFO - [2024-07-16T19:05:08.132+0000] {dag.py:3096} INFO - Sync 1 DAGs
[2024-07-16T19:05:08.143+0000] {logging_mixin.py:188} INFO - [2024-07-16T19:05:08.143+0000] {dag.py:3954} INFO - Setting next_dagrun for example_bash_decorator to None, run_after=None
[2024-07-16T19:05:08.162+0000] {processor.py:183} INFO - Processing /home/airflow/.local/lib/python3.12/site-packages/airflow/example_dags/example_bash_decorator.py took 0.074 seconds
[2024-07-16T19:05:38.605+0000] {processor.py:161} INFO - Started process (PID=435) to work on /home/airflow/.local/lib/python3.12/site-packages/airflow/example_dags/example_bash_decorator.py
[2024-07-16T19:05:38.606+0000] {processor.py:830} INFO - Processing file /home/airflow/.local/lib/python3.12/site-packages/airflow/example_dags/example_bash_decorator.py for tasks to queue
[2024-07-16T19:05:38.608+0000] {logging_mixin.py:188} INFO - [2024-07-16T19:05:38.608+0000] {dagbag.py:545} INFO - Filling up the DagBag from /home/airflow/.local/lib/python3.12/site-packages/airflow/example_dags/example_bash_decorator.py
[2024-07-16T19:05:38.682+0000] {processor.py:840} INFO - DAG(s) 'example_bash_decorator' retrieved from /home/airflow/.local/lib/python3.12/site-packages/airflow/example_dags/example_bash_decorator.py
[2024-07-16T19:05:38.796+0000] {logging_mixin.py:188} INFO - [2024-07-16T19:05:38.796+0000] {dag.py:3096} INFO - Sync 1 DAGs
[2024-07-16T19:05:38.827+0000] {logging_mixin.py:188} INFO - [2024-07-16T19:05:38.827+0000] {dag.py:3954} INFO - Setting next_dagrun for example_bash_decorator to None, run_after=None
[2024-07-16T19:05:38.889+0000] {processor.py:183} INFO - Processing /home/airflow/.local/lib/python3.12/site-packages/airflow/example_dags/example_bash_decorator.py took 0.312 seconds
[2024-07-16T19:06:09.441+0000] {processor.py:161} INFO - Started process (PID=495) to work on /home/airflow/.local/lib/python3.12/site-packages/airflow/example_dags/example_bash_decorator.py
[2024-07-16T19:06:09.442+0000] {processor.py:830} INFO - Processing file /home/airflow/.local/lib/python3.12/site-packages/airflow/example_dags/example_bash_decorator.py for tasks to queue
[2024-07-16T19:06:09.444+0000] {logging_mixin.py:188} INFO - [2024-07-16T19:06:09.444+0000] {dagbag.py:545} INFO - Filling up the DagBag from /home/airflow/.local/lib/python3.12/site-packages/airflow/example_dags/example_bash_decorator.py
[2024-07-16T19:06:09.461+0000] {processor.py:840} INFO - DAG(s) 'example_bash_decorator' retrieved from /home/airflow/.local/lib/python3.12/site-packages/airflow/example_dags/example_bash_decorator.py
[2024-07-16T19:06:09.555+0000] {logging_mixin.py:188} INFO - [2024-07-16T19:06:09.555+0000] {dag.py:3096} INFO - Sync 1 DAGs
[2024-07-16T19:06:09.591+0000] {logging_mixin.py:188} INFO - [2024-07-16T19:06:09.591+0000] {dag.py:3954} INFO - Setting next_dagrun for example_bash_decorator to None, run_after=None
[2024-07-16T19:06:09.632+0000] {processor.py:183} INFO - Processing /home/airflow/.local/lib/python3.12/site-packages/airflow/example_dags/example_bash_decorator.py took 0.197 seconds
[2024-07-16T19:06:39.948+0000] {processor.py:161} INFO - Started process (PID=555) to work on /home/airflow/.local/lib/python3.12/site-packages/airflow/example_dags/example_bash_decorator.py
[2024-07-16T19:06:39.949+0000] {processor.py:830} INFO - Processing file /home/airflow/.local/lib/python3.12/site-packages/airflow/example_dags/example_bash_decorator.py for tasks to queue
[2024-07-16T19:06:39.950+0000] {logging_mixin.py:188} INFO - [2024-07-16T19:06:39.950+0000] {dagbag.py:545} INFO - Filling up the DagBag from /home/airflow/.local/lib/python3.12/site-packages/airflow/example_dags/example_bash_decorator.py
[2024-07-16T19:06:39.969+0000] {processor.py:840} INFO - DAG(s) 'example_bash_decorator' retrieved from /home/airflow/.local/lib/python3.12/site-packages/airflow/example_dags/example_bash_decorator.py
[2024-07-16T19:06:40.000+0000] {logging_mixin.py:188} INFO - [2024-07-16T19:06:40.000+0000] {dag.py:3096} INFO - Sync 1 DAGs
[2024-07-16T19:06:40.016+0000] {logging_mixin.py:188} INFO - [2024-07-16T19:06:40.016+0000] {dag.py:3954} INFO - Setting next_dagrun for example_bash_decorator to None, run_after=None
[2024-07-16T19:06:40.045+0000] {processor.py:183} INFO - Processing /home/airflow/.local/lib/python3.12/site-packages/airflow/example_dags/example_bash_decorator.py took 0.104 seconds
[2024-07-16T19:07:10.773+0000] {processor.py:161} INFO - Started process (PID=618) to work on /home/airflow/.local/lib/python3.12/site-packages/airflow/example_dags/example_bash_decorator.py
[2024-07-16T19:07:10.776+0000] {processor.py:830} INFO - Processing file /home/airflow/.local/lib/python3.12/site-packages/airflow/example_dags/example_bash_decorator.py for tasks to queue
[2024-07-16T19:07:10.778+0000] {logging_mixin.py:188} INFO - [2024-07-16T19:07:10.778+0000] {dagbag.py:545} INFO - Filling up the DagBag from /home/airflow/.local/lib/python3.12/site-packages/airflow/example_dags/example_bash_decorator.py
[2024-07-16T19:07:10.842+0000] {processor.py:840} INFO - DAG(s) 'example_bash_decorator' retrieved from /home/airflow/.local/lib/python3.12/site-packages/airflow/example_dags/example_bash_decorator.py
[2024-07-16T19:07:10.924+0000] {logging_mixin.py:188} INFO - [2024-07-16T19:07:10.924+0000] {dag.py:3096} INFO - Sync 1 DAGs
[2024-07-16T19:07:10.956+0000] {logging_mixin.py:188} INFO - [2024-07-16T19:07:10.956+0000] {dag.py:3954} INFO - Setting next_dagrun for example_bash_decorator to None, run_after=None
[2024-07-16T19:07:11.007+0000] {processor.py:183} INFO - Processing /home/airflow/.local/lib/python3.12/site-packages/airflow/example_dags/example_bash_decorator.py took 0.259 seconds
[2024-07-16T19:07:41.072+0000] {processor.py:161} INFO - Started process (PID=678) to work on /home/airflow/.local/lib/python3.12/site-packages/airflow/example_dags/example_bash_decorator.py
[2024-07-16T19:07:41.073+0000] {processor.py:830} INFO - Processing file /home/airflow/.local/lib/python3.12/site-packages/airflow/example_dags/example_bash_decorator.py for tasks to queue
[2024-07-16T19:07:41.081+0000] {logging_mixin.py:188} INFO - [2024-07-16T19:07:41.081+0000] {dagbag.py:545} INFO - Filling up the DagBag from /home/airflow/.local/lib/python3.12/site-packages/airflow/example_dags/example_bash_decorator.py
[2024-07-16T19:07:41.102+0000] {processor.py:840} INFO - DAG(s) 'example_bash_decorator' retrieved from /home/airflow/.local/lib/python3.12/site-packages/airflow/example_dags/example_bash_decorator.py
[2024-07-16T19:07:41.131+0000] {logging_mixin.py:188} INFO - [2024-07-16T19:07:41.131+0000] {dag.py:3096} INFO - Sync 1 DAGs
[2024-07-16T19:07:41.147+0000] {logging_mixin.py:188} INFO - [2024-07-16T19:07:41.146+0000] {dag.py:3954} INFO - Setting next_dagrun for example_bash_decorator to None, run_after=None
[2024-07-16T19:07:41.171+0000] {processor.py:183} INFO - Processing /home/airflow/.local/lib/python3.12/site-packages/airflow/example_dags/example_bash_decorator.py took 0.106 seconds
[2024-07-16T19:08:11.781+0000] {processor.py:161} INFO - Started process (PID=737) to work on /home/airflow/.local/lib/python3.12/site-packages/airflow/example_dags/example_bash_decorator.py
[2024-07-16T19:08:11.782+0000] {processor.py:830} INFO - Processing file /home/airflow/.local/lib/python3.12/site-packages/airflow/example_dags/example_bash_decorator.py for tasks to queue
[2024-07-16T19:08:11.783+0000] {logging_mixin.py:188} INFO - [2024-07-16T19:08:11.782+0000] {dagbag.py:545} INFO - Filling up the DagBag from /home/airflow/.local/lib/python3.12/site-packages/airflow/example_dags/example_bash_decorator.py
[2024-07-16T19:08:11.800+0000] {processor.py:840} INFO - DAG(s) 'example_bash_decorator' retrieved from /home/airflow/.local/lib/python3.12/site-packages/airflow/example_dags/example_bash_decorator.py
[2024-07-16T19:08:11.830+0000] {logging_mixin.py:188} INFO - [2024-07-16T19:08:11.829+0000] {dag.py:3096} INFO - Sync 1 DAGs
[2024-07-16T19:08:11.855+0000] {logging_mixin.py:188} INFO - [2024-07-16T19:08:11.854+0000] {dag.py:3954} INFO - Setting next_dagrun for example_bash_decorator to None, run_after=None
[2024-07-16T19:08:11.880+0000] {processor.py:183} INFO - Processing /home/airflow/.local/lib/python3.12/site-packages/airflow/example_dags/example_bash_decorator.py took 0.106 seconds
[2024-07-16T19:08:42.812+0000] {processor.py:161} INFO - Started process (PID=795) to work on /home/airflow/.local/lib/python3.12/site-packages/airflow/example_dags/example_bash_decorator.py
[2024-07-16T19:08:42.813+0000] {processor.py:830} INFO - Processing file /home/airflow/.local/lib/python3.12/site-packages/airflow/example_dags/example_bash_decorator.py for tasks to queue
[2024-07-16T19:08:42.814+0000] {logging_mixin.py:188} INFO - [2024-07-16T19:08:42.814+0000] {dagbag.py:545} INFO - Filling up the DagBag from /home/airflow/.local/lib/python3.12/site-packages/airflow/example_dags/example_bash_decorator.py
[2024-07-16T19:08:42.831+0000] {processor.py:840} INFO - DAG(s) 'example_bash_decorator' retrieved from /home/airflow/.local/lib/python3.12/site-packages/airflow/example_dags/example_bash_decorator.py
[2024-07-16T19:08:42.867+0000] {logging_mixin.py:188} INFO - [2024-07-16T19:08:42.862+0000] {dag.py:3096} INFO - Sync 1 DAGs
[2024-07-16T19:08:42.883+0000] {logging_mixin.py:188} INFO - [2024-07-16T19:08:42.883+0000] {dag.py:3954} INFO - Setting next_dagrun for example_bash_decorator to None, run_after=None
[2024-07-16T19:08:42.909+0000] {processor.py:183} INFO - Processing /home/airflow/.local/lib/python3.12/site-packages/airflow/example_dags/example_bash_decorator.py took 0.103 seconds
[2024-07-16T19:09:13.454+0000] {processor.py:161} INFO - Started process (PID=854) to work on /home/airflow/.local/lib/python3.12/site-packages/airflow/example_dags/example_bash_decorator.py
[2024-07-16T19:09:13.455+0000] {processor.py:830} INFO - Processing file /home/airflow/.local/lib/python3.12/site-packages/airflow/example_dags/example_bash_decorator.py for tasks to queue
[2024-07-16T19:09:13.456+0000] {logging_mixin.py:188} INFO - [2024-07-16T19:09:13.456+0000] {dagbag.py:545} INFO - Filling up the DagBag from /home/airflow/.local/lib/python3.12/site-packages/airflow/example_dags/example_bash_decorator.py
[2024-07-16T19:09:13.473+0000] {processor.py:840} INFO - DAG(s) 'example_bash_decorator' retrieved from /home/airflow/.local/lib/python3.12/site-packages/airflow/example_dags/example_bash_decorator.py
[2024-07-16T19:09:13.506+0000] {logging_mixin.py:188} INFO - [2024-07-16T19:09:13.506+0000] {dag.py:3096} INFO - Sync 1 DAGs
[2024-07-16T19:09:13.524+0000] {logging_mixin.py:188} INFO - [2024-07-16T19:09:13.524+0000] {dag.py:3954} INFO - Setting next_dagrun for example_bash_decorator to None, run_after=None
[2024-07-16T19:09:13.548+0000] {processor.py:183} INFO - Processing /home/airflow/.local/lib/python3.12/site-packages/airflow/example_dags/example_bash_decorator.py took 0.100 seconds
[2024-07-16T19:09:43.918+0000] {processor.py:161} INFO - Started process (PID=918) to work on /home/airflow/.local/lib/python3.12/site-packages/airflow/example_dags/example_bash_decorator.py
[2024-07-16T19:09:43.919+0000] {processor.py:830} INFO - Processing file /home/airflow/.local/lib/python3.12/site-packages/airflow/example_dags/example_bash_decorator.py for tasks to queue
[2024-07-16T19:09:43.920+0000] {logging_mixin.py:188} INFO - [2024-07-16T19:09:43.919+0000] {dagbag.py:545} INFO - Filling up the DagBag from /home/airflow/.local/lib/python3.12/site-packages/airflow/example_dags/example_bash_decorator.py
[2024-07-16T19:09:43.936+0000] {processor.py:840} INFO - DAG(s) 'example_bash_decorator' retrieved from /home/airflow/.local/lib/python3.12/site-packages/airflow/example_dags/example_bash_decorator.py
[2024-07-16T19:09:43.969+0000] {logging_mixin.py:188} INFO - [2024-07-16T19:09:43.969+0000] {dag.py:3096} INFO - Sync 1 DAGs
[2024-07-16T19:09:43.985+0000] {logging_mixin.py:188} INFO - [2024-07-16T19:09:43.985+0000] {dag.py:3954} INFO - Setting next_dagrun for example_bash_decorator to None, run_after=None
[2024-07-16T19:09:44.012+0000] {processor.py:183} INFO - Processing /home/airflow/.local/lib/python3.12/site-packages/airflow/example_dags/example_bash_decorator.py took 0.100 seconds
[2024-07-16T19:10:14.395+0000] {processor.py:161} INFO - Started process (PID=978) to work on /home/airflow/.local/lib/python3.12/site-packages/airflow/example_dags/example_bash_decorator.py
[2024-07-16T19:10:14.396+0000] {processor.py:830} INFO - Processing file /home/airflow/.local/lib/python3.12/site-packages/airflow/example_dags/example_bash_decorator.py for tasks to queue
[2024-07-16T19:10:14.397+0000] {logging_mixin.py:188} INFO - [2024-07-16T19:10:14.396+0000] {dagbag.py:545} INFO - Filling up the DagBag from /home/airflow/.local/lib/python3.12/site-packages/airflow/example_dags/example_bash_decorator.py
[2024-07-16T19:10:14.413+0000] {processor.py:840} INFO - DAG(s) 'example_bash_decorator' retrieved from /home/airflow/.local/lib/python3.12/site-packages/airflow/example_dags/example_bash_decorator.py
[2024-07-16T19:10:14.466+0000] {logging_mixin.py:188} INFO - [2024-07-16T19:10:14.466+0000] {dag.py:3096} INFO - Sync 1 DAGs
[2024-07-16T19:10:14.481+0000] {logging_mixin.py:188} INFO - [2024-07-16T19:10:14.481+0000] {dag.py:3954} INFO - Setting next_dagrun for example_bash_decorator to None, run_after=None
[2024-07-16T19:10:14.506+0000] {processor.py:183} INFO - Processing /home/airflow/.local/lib/python3.12/site-packages/airflow/example_dags/example_bash_decorator.py took 0.117 seconds
[2024-07-16T19:10:45.190+0000] {processor.py:161} INFO - Started process (PID=1037) to work on /home/airflow/.local/lib/python3.12/site-packages/airflow/example_dags/example_bash_decorator.py
[2024-07-16T19:10:45.191+0000] {processor.py:830} INFO - Processing file /home/airflow/.local/lib/python3.12/site-packages/airflow/example_dags/example_bash_decorator.py for tasks to queue
[2024-07-16T19:10:45.201+0000] {logging_mixin.py:188} INFO - [2024-07-16T19:10:45.200+0000] {dagbag.py:545} INFO - Filling up the DagBag from /home/airflow/.local/lib/python3.12/site-packages/airflow/example_dags/example_bash_decorator.py
[2024-07-16T19:10:45.226+0000] {processor.py:840} INFO - DAG(s) 'example_bash_decorator' retrieved from /home/airflow/.local/lib/python3.12/site-packages/airflow/example_dags/example_bash_decorator.py
[2024-07-16T19:10:45.258+0000] {logging_mixin.py:188} INFO - [2024-07-16T19:10:45.258+0000] {dag.py:3096} INFO - Sync 1 DAGs
[2024-07-16T19:10:45.273+0000] {logging_mixin.py:188} INFO - [2024-07-16T19:10:45.273+0000] {dag.py:3954} INFO - Setting next_dagrun for example_bash_decorator to None, run_after=None
[2024-07-16T19:10:45.299+0000] {processor.py:183} INFO - Processing /home/airflow/.local/lib/python3.12/site-packages/airflow/example_dags/example_bash_decorator.py took 0.131 seconds
[2024-07-16T19:11:15.717+0000] {processor.py:161} INFO - Started process (PID=1099) to work on /home/airflow/.local/lib/python3.12/site-packages/airflow/example_dags/example_bash_decorator.py
[2024-07-16T19:11:15.718+0000] {processor.py:830} INFO - Processing file /home/airflow/.local/lib/python3.12/site-packages/airflow/example_dags/example_bash_decorator.py for tasks to queue
[2024-07-16T19:11:15.719+0000] {logging_mixin.py:188} INFO - [2024-07-16T19:11:15.718+0000] {dagbag.py:545} INFO - Filling up the DagBag from /home/airflow/.local/lib/python3.12/site-packages/airflow/example_dags/example_bash_decorator.py
[2024-07-16T19:11:15.741+0000] {processor.py:840} INFO - DAG(s) 'example_bash_decorator' retrieved from /home/airflow/.local/lib/python3.12/site-packages/airflow/example_dags/example_bash_decorator.py
[2024-07-16T19:11:15.770+0000] {logging_mixin.py:188} INFO - [2024-07-16T19:11:15.770+0000] {dag.py:3096} INFO - Sync 1 DAGs
[2024-07-16T19:11:15.787+0000] {logging_mixin.py:188} INFO - [2024-07-16T19:11:15.787+0000] {dag.py:3954} INFO - Setting next_dagrun for example_bash_decorator to None, run_after=None
[2024-07-16T19:11:15.816+0000] {processor.py:183} INFO - Processing /home/airflow/.local/lib/python3.12/site-packages/airflow/example_dags/example_bash_decorator.py took 0.105 seconds
[2024-07-16T19:11:46.103+0000] {processor.py:161} INFO - Started process (PID=1158) to work on /home/airflow/.local/lib/python3.12/site-packages/airflow/example_dags/example_bash_decorator.py
[2024-07-16T19:11:46.113+0000] {processor.py:830} INFO - Processing file /home/airflow/.local/lib/python3.12/site-packages/airflow/example_dags/example_bash_decorator.py for tasks to queue
[2024-07-16T19:11:46.114+0000] {logging_mixin.py:188} INFO - [2024-07-16T19:11:46.114+0000] {dagbag.py:545} INFO - Filling up the DagBag from /home/airflow/.local/lib/python3.12/site-packages/airflow/example_dags/example_bash_decorator.py
[2024-07-16T19:11:46.143+0000] {processor.py:840} INFO - DAG(s) 'example_bash_decorator' retrieved from /home/airflow/.local/lib/python3.12/site-packages/airflow/example_dags/example_bash_decorator.py
[2024-07-16T19:11:46.180+0000] {logging_mixin.py:188} INFO - [2024-07-16T19:11:46.180+0000] {dag.py:3096} INFO - Sync 1 DAGs
[2024-07-16T19:11:46.196+0000] {logging_mixin.py:188} INFO - [2024-07-16T19:11:46.195+0000] {dag.py:3954} INFO - Setting next_dagrun for example_bash_decorator to None, run_after=None
[2024-07-16T19:11:46.224+0000] {processor.py:183} INFO - Processing /home/airflow/.local/lib/python3.12/site-packages/airflow/example_dags/example_bash_decorator.py took 0.134 seconds
[2024-07-16T19:12:16.564+0000] {processor.py:161} INFO - Started process (PID=1217) to work on /home/airflow/.local/lib/python3.12/site-packages/airflow/example_dags/example_bash_decorator.py
[2024-07-16T19:12:16.586+0000] {processor.py:830} INFO - Processing file /home/airflow/.local/lib/python3.12/site-packages/airflow/example_dags/example_bash_decorator.py for tasks to queue
[2024-07-16T19:12:16.587+0000] {logging_mixin.py:188} INFO - [2024-07-16T19:12:16.587+0000] {dagbag.py:545} INFO - Filling up the DagBag from /home/airflow/.local/lib/python3.12/site-packages/airflow/example_dags/example_bash_decorator.py
[2024-07-16T19:12:16.642+0000] {processor.py:840} INFO - DAG(s) 'example_bash_decorator' retrieved from /home/airflow/.local/lib/python3.12/site-packages/airflow/example_dags/example_bash_decorator.py
[2024-07-16T19:12:16.701+0000] {logging_mixin.py:188} INFO - [2024-07-16T19:12:16.700+0000] {dag.py:3096} INFO - Sync 1 DAGs
[2024-07-16T19:12:16.738+0000] {logging_mixin.py:188} INFO - [2024-07-16T19:12:16.738+0000] {dag.py:3954} INFO - Setting next_dagrun for example_bash_decorator to None, run_after=None
[2024-07-16T19:12:16.775+0000] {processor.py:183} INFO - Processing /home/airflow/.local/lib/python3.12/site-packages/airflow/example_dags/example_bash_decorator.py took 0.246 seconds
[2024-07-16T19:12:47.764+0000] {processor.py:161} INFO - Started process (PID=1277) to work on /home/airflow/.local/lib/python3.12/site-packages/airflow/example_dags/example_bash_decorator.py
[2024-07-16T19:12:47.764+0000] {processor.py:830} INFO - Processing file /home/airflow/.local/lib/python3.12/site-packages/airflow/example_dags/example_bash_decorator.py for tasks to queue
[2024-07-16T19:12:47.765+0000] {logging_mixin.py:188} INFO - [2024-07-16T19:12:47.765+0000] {dagbag.py:545} INFO - Filling up the DagBag from /home/airflow/.local/lib/python3.12/site-packages/airflow/example_dags/example_bash_decorator.py
[2024-07-16T19:12:47.783+0000] {processor.py:840} INFO - DAG(s) 'example_bash_decorator' retrieved from /home/airflow/.local/lib/python3.12/site-packages/airflow/example_dags/example_bash_decorator.py
[2024-07-16T19:12:47.816+0000] {logging_mixin.py:188} INFO - [2024-07-16T19:12:47.816+0000] {dag.py:3096} INFO - Sync 1 DAGs
[2024-07-16T19:12:47.833+0000] {logging_mixin.py:188} INFO - [2024-07-16T19:12:47.833+0000] {dag.py:3954} INFO - Setting next_dagrun for example_bash_decorator to None, run_after=None
[2024-07-16T19:12:47.859+0000] {processor.py:183} INFO - Processing /home/airflow/.local/lib/python3.12/site-packages/airflow/example_dags/example_bash_decorator.py took 0.102 seconds
[2024-07-16T19:13:17.893+0000] {processor.py:161} INFO - Started process (PID=1338) to work on /home/airflow/.local/lib/python3.12/site-packages/airflow/example_dags/example_bash_decorator.py
[2024-07-16T19:13:17.894+0000] {processor.py:830} INFO - Processing file /home/airflow/.local/lib/python3.12/site-packages/airflow/example_dags/example_bash_decorator.py for tasks to queue
[2024-07-16T19:13:17.895+0000] {logging_mixin.py:188} INFO - [2024-07-16T19:13:17.894+0000] {dagbag.py:545} INFO - Filling up the DagBag from /home/airflow/.local/lib/python3.12/site-packages/airflow/example_dags/example_bash_decorator.py
[2024-07-16T19:13:17.911+0000] {processor.py:840} INFO - DAG(s) 'example_bash_decorator' retrieved from /home/airflow/.local/lib/python3.12/site-packages/airflow/example_dags/example_bash_decorator.py
[2024-07-16T19:13:17.933+0000] {logging_mixin.py:188} INFO - [2024-07-16T19:13:17.933+0000] {dag.py:3096} INFO - Sync 1 DAGs
[2024-07-16T19:13:17.944+0000] {logging_mixin.py:188} INFO - [2024-07-16T19:13:17.944+0000] {dag.py:3954} INFO - Setting next_dagrun for example_bash_decorator to None, run_after=None
[2024-07-16T19:13:17.965+0000] {processor.py:183} INFO - Processing /home/airflow/.local/lib/python3.12/site-packages/airflow/example_dags/example_bash_decorator.py took 0.076 seconds
[2024-07-16T19:13:48.149+0000] {processor.py:161} INFO - Started process (PID=1397) to work on /home/airflow/.local/lib/python3.12/site-packages/airflow/example_dags/example_bash_decorator.py
[2024-07-16T19:13:48.150+0000] {processor.py:830} INFO - Processing file /home/airflow/.local/lib/python3.12/site-packages/airflow/example_dags/example_bash_decorator.py for tasks to queue
[2024-07-16T19:13:48.151+0000] {logging_mixin.py:188} INFO - [2024-07-16T19:13:48.151+0000] {dagbag.py:545} INFO - Filling up the DagBag from /home/airflow/.local/lib/python3.12/site-packages/airflow/example_dags/example_bash_decorator.py
[2024-07-16T19:13:48.162+0000] {processor.py:840} INFO - DAG(s) 'example_bash_decorator' retrieved from /home/airflow/.local/lib/python3.12/site-packages/airflow/example_dags/example_bash_decorator.py
[2024-07-16T19:13:48.183+0000] {logging_mixin.py:188} INFO - [2024-07-16T19:13:48.182+0000] {dag.py:3096} INFO - Sync 1 DAGs
[2024-07-16T19:13:48.193+0000] {logging_mixin.py:188} INFO - [2024-07-16T19:13:48.193+0000] {dag.py:3954} INFO - Setting next_dagrun for example_bash_decorator to None, run_after=None
[2024-07-16T19:13:48.226+0000] {processor.py:183} INFO - Processing /home/airflow/.local/lib/python3.12/site-packages/airflow/example_dags/example_bash_decorator.py took 0.082 seconds
[2024-07-16T19:14:18.763+0000] {processor.py:161} INFO - Started process (PID=1459) to work on /home/airflow/.local/lib/python3.12/site-packages/airflow/example_dags/example_bash_decorator.py
[2024-07-16T19:14:18.764+0000] {processor.py:830} INFO - Processing file /home/airflow/.local/lib/python3.12/site-packages/airflow/example_dags/example_bash_decorator.py for tasks to queue
[2024-07-16T19:14:18.765+0000] {logging_mixin.py:188} INFO - [2024-07-16T19:14:18.765+0000] {dagbag.py:545} INFO - Filling up the DagBag from /home/airflow/.local/lib/python3.12/site-packages/airflow/example_dags/example_bash_decorator.py
[2024-07-16T19:14:18.781+0000] {processor.py:840} INFO - DAG(s) 'example_bash_decorator' retrieved from /home/airflow/.local/lib/python3.12/site-packages/airflow/example_dags/example_bash_decorator.py
[2024-07-16T19:14:18.814+0000] {logging_mixin.py:188} INFO - [2024-07-16T19:14:18.814+0000] {dag.py:3096} INFO - Sync 1 DAGs
[2024-07-16T19:14:18.832+0000] {logging_mixin.py:188} INFO - [2024-07-16T19:14:18.832+0000] {dag.py:3954} INFO - Setting next_dagrun for example_bash_decorator to None, run_after=None
[2024-07-16T19:14:18.857+0000] {processor.py:183} INFO - Processing /home/airflow/.local/lib/python3.12/site-packages/airflow/example_dags/example_bash_decorator.py took 0.100 seconds
[2024-07-16T19:14:49.145+0000] {processor.py:161} INFO - Started process (PID=1518) to work on /home/airflow/.local/lib/python3.12/site-packages/airflow/example_dags/example_bash_decorator.py
[2024-07-16T19:14:49.146+0000] {processor.py:830} INFO - Processing file /home/airflow/.local/lib/python3.12/site-packages/airflow/example_dags/example_bash_decorator.py for tasks to queue
[2024-07-16T19:14:49.147+0000] {logging_mixin.py:188} INFO - [2024-07-16T19:14:49.147+0000] {dagbag.py:545} INFO - Filling up the DagBag from /home/airflow/.local/lib/python3.12/site-packages/airflow/example_dags/example_bash_decorator.py
[2024-07-16T19:14:49.164+0000] {processor.py:840} INFO - DAG(s) 'example_bash_decorator' retrieved from /home/airflow/.local/lib/python3.12/site-packages/airflow/example_dags/example_bash_decorator.py
[2024-07-16T19:14:49.194+0000] {logging_mixin.py:188} INFO - [2024-07-16T19:14:49.193+0000] {dag.py:3096} INFO - Sync 1 DAGs
[2024-07-16T19:14:49.211+0000] {logging_mixin.py:188} INFO - [2024-07-16T19:14:49.211+0000] {dag.py:3954} INFO - Setting next_dagrun for example_bash_decorator to None, run_after=None
[2024-07-16T19:14:49.235+0000] {processor.py:183} INFO - Processing /home/airflow/.local/lib/python3.12/site-packages/airflow/example_dags/example_bash_decorator.py took 0.097 seconds
[2024-07-16T19:15:19.491+0000] {processor.py:161} INFO - Started process (PID=1577) to work on /home/airflow/.local/lib/python3.12/site-packages/airflow/example_dags/example_bash_decorator.py
[2024-07-16T19:15:19.492+0000] {processor.py:830} INFO - Processing file /home/airflow/.local/lib/python3.12/site-packages/airflow/example_dags/example_bash_decorator.py for tasks to queue
[2024-07-16T19:15:19.493+0000] {logging_mixin.py:188} INFO - [2024-07-16T19:15:19.492+0000] {dagbag.py:545} INFO - Filling up the DagBag from /home/airflow/.local/lib/python3.12/site-packages/airflow/example_dags/example_bash_decorator.py
[2024-07-16T19:15:19.510+0000] {processor.py:840} INFO - DAG(s) 'example_bash_decorator' retrieved from /home/airflow/.local/lib/python3.12/site-packages/airflow/example_dags/example_bash_decorator.py
[2024-07-16T19:15:19.545+0000] {logging_mixin.py:188} INFO - [2024-07-16T19:15:19.545+0000] {dag.py:3096} INFO - Sync 1 DAGs
[2024-07-16T19:15:19.562+0000] {logging_mixin.py:188} INFO - [2024-07-16T19:15:19.561+0000] {dag.py:3954} INFO - Setting next_dagrun for example_bash_decorator to None, run_after=None
[2024-07-16T19:15:19.586+0000] {processor.py:183} INFO - Processing /home/airflow/.local/lib/python3.12/site-packages/airflow/example_dags/example_bash_decorator.py took 0.102 seconds
[2024-07-16T19:19:22.592+0000] {processor.py:161} INFO - Started process (PID=76) to work on /home/airflow/.local/lib/python3.12/site-packages/airflow/example_dags/example_bash_decorator.py
[2024-07-16T19:19:22.593+0000] {processor.py:830} INFO - Processing file /home/airflow/.local/lib/python3.12/site-packages/airflow/example_dags/example_bash_decorator.py for tasks to queue
[2024-07-16T19:19:22.595+0000] {logging_mixin.py:188} INFO - [2024-07-16T19:19:22.595+0000] {dagbag.py:545} INFO - Filling up the DagBag from /home/airflow/.local/lib/python3.12/site-packages/airflow/example_dags/example_bash_decorator.py
[2024-07-16T19:19:22.638+0000] {processor.py:840} INFO - DAG(s) 'example_bash_decorator' retrieved from /home/airflow/.local/lib/python3.12/site-packages/airflow/example_dags/example_bash_decorator.py
[2024-07-16T19:19:22.934+0000] {logging_mixin.py:188} INFO - [2024-07-16T19:19:22.933+0000] {dag.py:3096} INFO - Sync 1 DAGs
[2024-07-16T19:19:22.954+0000] {logging_mixin.py:188} INFO - [2024-07-16T19:19:22.954+0000] {dag.py:3954} INFO - Setting next_dagrun for example_bash_decorator to None, run_after=None
[2024-07-16T19:19:22.982+0000] {processor.py:183} INFO - Processing /home/airflow/.local/lib/python3.12/site-packages/airflow/example_dags/example_bash_decorator.py took 0.423 seconds
[2024-07-16T19:19:53.855+0000] {processor.py:161} INFO - Started process (PID=136) to work on /home/airflow/.local/lib/python3.12/site-packages/airflow/example_dags/example_bash_decorator.py
[2024-07-16T19:19:53.856+0000] {processor.py:830} INFO - Processing file /home/airflow/.local/lib/python3.12/site-packages/airflow/example_dags/example_bash_decorator.py for tasks to queue
[2024-07-16T19:19:53.858+0000] {logging_mixin.py:188} INFO - [2024-07-16T19:19:53.857+0000] {dagbag.py:545} INFO - Filling up the DagBag from /home/airflow/.local/lib/python3.12/site-packages/airflow/example_dags/example_bash_decorator.py
[2024-07-16T19:19:53.874+0000] {processor.py:840} INFO - DAG(s) 'example_bash_decorator' retrieved from /home/airflow/.local/lib/python3.12/site-packages/airflow/example_dags/example_bash_decorator.py
[2024-07-16T19:19:53.902+0000] {logging_mixin.py:188} INFO - [2024-07-16T19:19:53.902+0000] {dag.py:3096} INFO - Sync 1 DAGs
[2024-07-16T19:19:53.919+0000] {logging_mixin.py:188} INFO - [2024-07-16T19:19:53.919+0000] {dag.py:3954} INFO - Setting next_dagrun for example_bash_decorator to None, run_after=None
[2024-07-16T19:19:53.944+0000] {processor.py:183} INFO - Processing /home/airflow/.local/lib/python3.12/site-packages/airflow/example_dags/example_bash_decorator.py took 0.096 seconds
[2024-07-16T19:20:24.403+0000] {processor.py:161} INFO - Started process (PID=195) to work on /home/airflow/.local/lib/python3.12/site-packages/airflow/example_dags/example_bash_decorator.py
[2024-07-16T19:20:24.406+0000] {processor.py:830} INFO - Processing file /home/airflow/.local/lib/python3.12/site-packages/airflow/example_dags/example_bash_decorator.py for tasks to queue
[2024-07-16T19:20:24.408+0000] {logging_mixin.py:188} INFO - [2024-07-16T19:20:24.407+0000] {dagbag.py:545} INFO - Filling up the DagBag from /home/airflow/.local/lib/python3.12/site-packages/airflow/example_dags/example_bash_decorator.py
[2024-07-16T19:20:24.487+0000] {processor.py:840} INFO - DAG(s) 'example_bash_decorator' retrieved from /home/airflow/.local/lib/python3.12/site-packages/airflow/example_dags/example_bash_decorator.py
[2024-07-16T19:20:24.621+0000] {logging_mixin.py:188} INFO - [2024-07-16T19:20:24.621+0000] {dag.py:3096} INFO - Sync 1 DAGs
[2024-07-16T19:20:24.639+0000] {logging_mixin.py:188} INFO - [2024-07-16T19:20:24.639+0000] {dag.py:3954} INFO - Setting next_dagrun for example_bash_decorator to None, run_after=None
[2024-07-16T19:20:24.674+0000] {processor.py:183} INFO - Processing /home/airflow/.local/lib/python3.12/site-packages/airflow/example_dags/example_bash_decorator.py took 0.284 seconds
[2024-07-16T19:20:55.644+0000] {processor.py:161} INFO - Started process (PID=253) to work on /home/airflow/.local/lib/python3.12/site-packages/airflow/example_dags/example_bash_decorator.py
[2024-07-16T19:20:55.644+0000] {processor.py:830} INFO - Processing file /home/airflow/.local/lib/python3.12/site-packages/airflow/example_dags/example_bash_decorator.py for tasks to queue
[2024-07-16T19:20:55.653+0000] {logging_mixin.py:188} INFO - [2024-07-16T19:20:55.652+0000] {dagbag.py:545} INFO - Filling up the DagBag from /home/airflow/.local/lib/python3.12/site-packages/airflow/example_dags/example_bash_decorator.py
[2024-07-16T19:20:55.697+0000] {processor.py:840} INFO - DAG(s) 'example_bash_decorator' retrieved from /home/airflow/.local/lib/python3.12/site-packages/airflow/example_dags/example_bash_decorator.py
[2024-07-16T19:20:55.775+0000] {logging_mixin.py:188} INFO - [2024-07-16T19:20:55.775+0000] {dag.py:3096} INFO - Sync 1 DAGs
[2024-07-16T19:20:55.801+0000] {logging_mixin.py:188} INFO - [2024-07-16T19:20:55.801+0000] {dag.py:3954} INFO - Setting next_dagrun for example_bash_decorator to None, run_after=None
[2024-07-16T19:20:55.855+0000] {processor.py:183} INFO - Processing /home/airflow/.local/lib/python3.12/site-packages/airflow/example_dags/example_bash_decorator.py took 0.235 seconds
[2024-07-16T19:21:26.270+0000] {processor.py:161} INFO - Started process (PID=312) to work on /home/airflow/.local/lib/python3.12/site-packages/airflow/example_dags/example_bash_decorator.py
[2024-07-16T19:21:26.271+0000] {processor.py:830} INFO - Processing file /home/airflow/.local/lib/python3.12/site-packages/airflow/example_dags/example_bash_decorator.py for tasks to queue
[2024-07-16T19:21:26.273+0000] {logging_mixin.py:188} INFO - [2024-07-16T19:21:26.272+0000] {dagbag.py:545} INFO - Filling up the DagBag from /home/airflow/.local/lib/python3.12/site-packages/airflow/example_dags/example_bash_decorator.py
[2024-07-16T19:21:26.324+0000] {processor.py:840} INFO - DAG(s) 'example_bash_decorator' retrieved from /home/airflow/.local/lib/python3.12/site-packages/airflow/example_dags/example_bash_decorator.py
[2024-07-16T19:21:26.375+0000] {logging_mixin.py:188} INFO - [2024-07-16T19:21:26.374+0000] {dag.py:3096} INFO - Sync 1 DAGs
[2024-07-16T19:21:26.404+0000] {logging_mixin.py:188} INFO - [2024-07-16T19:21:26.404+0000] {dag.py:3954} INFO - Setting next_dagrun for example_bash_decorator to None, run_after=None
[2024-07-16T19:21:26.444+0000] {processor.py:183} INFO - Processing /home/airflow/.local/lib/python3.12/site-packages/airflow/example_dags/example_bash_decorator.py took 0.198 seconds
[2024-07-16T19:21:57.335+0000] {processor.py:161} INFO - Started process (PID=371) to work on /home/airflow/.local/lib/python3.12/site-packages/airflow/example_dags/example_bash_decorator.py
[2024-07-16T19:21:57.335+0000] {processor.py:830} INFO - Processing file /home/airflow/.local/lib/python3.12/site-packages/airflow/example_dags/example_bash_decorator.py for tasks to queue
[2024-07-16T19:21:57.337+0000] {logging_mixin.py:188} INFO - [2024-07-16T19:21:57.337+0000] {dagbag.py:545} INFO - Filling up the DagBag from /home/airflow/.local/lib/python3.12/site-packages/airflow/example_dags/example_bash_decorator.py
[2024-07-16T19:21:57.353+0000] {processor.py:840} INFO - DAG(s) 'example_bash_decorator' retrieved from /home/airflow/.local/lib/python3.12/site-packages/airflow/example_dags/example_bash_decorator.py
[2024-07-16T19:21:57.381+0000] {logging_mixin.py:188} INFO - [2024-07-16T19:21:57.381+0000] {dag.py:3096} INFO - Sync 1 DAGs
[2024-07-16T19:21:57.397+0000] {logging_mixin.py:188} INFO - [2024-07-16T19:21:57.397+0000] {dag.py:3954} INFO - Setting next_dagrun for example_bash_decorator to None, run_after=None
[2024-07-16T19:21:57.424+0000] {processor.py:183} INFO - Processing /home/airflow/.local/lib/python3.12/site-packages/airflow/example_dags/example_bash_decorator.py took 0.095 seconds
[2024-07-16T19:22:27.992+0000] {processor.py:161} INFO - Started process (PID=431) to work on /home/airflow/.local/lib/python3.12/site-packages/airflow/example_dags/example_bash_decorator.py
[2024-07-16T19:22:27.997+0000] {processor.py:830} INFO - Processing file /home/airflow/.local/lib/python3.12/site-packages/airflow/example_dags/example_bash_decorator.py for tasks to queue
[2024-07-16T19:22:28.000+0000] {logging_mixin.py:188} INFO - [2024-07-16T19:22:27.999+0000] {dagbag.py:545} INFO - Filling up the DagBag from /home/airflow/.local/lib/python3.12/site-packages/airflow/example_dags/example_bash_decorator.py
[2024-07-16T19:22:28.032+0000] {processor.py:840} INFO - DAG(s) 'example_bash_decorator' retrieved from /home/airflow/.local/lib/python3.12/site-packages/airflow/example_dags/example_bash_decorator.py
[2024-07-16T19:22:28.090+0000] {logging_mixin.py:188} INFO - [2024-07-16T19:22:28.089+0000] {dag.py:3096} INFO - Sync 1 DAGs
[2024-07-16T19:22:28.119+0000] {logging_mixin.py:188} INFO - [2024-07-16T19:22:28.119+0000] {dag.py:3954} INFO - Setting next_dagrun for example_bash_decorator to None, run_after=None
[2024-07-16T19:22:28.158+0000] {processor.py:183} INFO - Processing /home/airflow/.local/lib/python3.12/site-packages/airflow/example_dags/example_bash_decorator.py took 0.184 seconds
[2024-07-16T19:22:58.950+0000] {processor.py:161} INFO - Started process (PID=496) to work on /home/airflow/.local/lib/python3.12/site-packages/airflow/example_dags/example_bash_decorator.py
[2024-07-16T19:22:58.951+0000] {processor.py:830} INFO - Processing file /home/airflow/.local/lib/python3.12/site-packages/airflow/example_dags/example_bash_decorator.py for tasks to queue
[2024-07-16T19:22:58.979+0000] {logging_mixin.py:188} INFO - [2024-07-16T19:22:58.978+0000] {dagbag.py:545} INFO - Filling up the DagBag from /home/airflow/.local/lib/python3.12/site-packages/airflow/example_dags/example_bash_decorator.py
[2024-07-16T19:22:59.048+0000] {processor.py:840} INFO - DAG(s) 'example_bash_decorator' retrieved from /home/airflow/.local/lib/python3.12/site-packages/airflow/example_dags/example_bash_decorator.py
[2024-07-16T19:22:59.130+0000] {logging_mixin.py:188} INFO - [2024-07-16T19:22:59.130+0000] {dag.py:3096} INFO - Sync 1 DAGs
[2024-07-16T19:22:59.175+0000] {logging_mixin.py:188} INFO - [2024-07-16T19:22:59.175+0000] {dag.py:3954} INFO - Setting next_dagrun for example_bash_decorator to None, run_after=None
[2024-07-16T19:22:59.248+0000] {processor.py:183} INFO - Processing /home/airflow/.local/lib/python3.12/site-packages/airflow/example_dags/example_bash_decorator.py took 0.318 seconds
[2024-07-16T19:23:29.336+0000] {processor.py:161} INFO - Started process (PID=554) to work on /home/airflow/.local/lib/python3.12/site-packages/airflow/example_dags/example_bash_decorator.py
[2024-07-16T19:23:29.337+0000] {processor.py:830} INFO - Processing file /home/airflow/.local/lib/python3.12/site-packages/airflow/example_dags/example_bash_decorator.py for tasks to queue
[2024-07-16T19:23:29.338+0000] {logging_mixin.py:188} INFO - [2024-07-16T19:23:29.338+0000] {dagbag.py:545} INFO - Filling up the DagBag from /home/airflow/.local/lib/python3.12/site-packages/airflow/example_dags/example_bash_decorator.py
[2024-07-16T19:23:29.349+0000] {processor.py:840} INFO - DAG(s) 'example_bash_decorator' retrieved from /home/airflow/.local/lib/python3.12/site-packages/airflow/example_dags/example_bash_decorator.py
[2024-07-16T19:23:29.369+0000] {logging_mixin.py:188} INFO - [2024-07-16T19:23:29.369+0000] {dag.py:3096} INFO - Sync 1 DAGs
[2024-07-16T19:23:29.379+0000] {logging_mixin.py:188} INFO - [2024-07-16T19:23:29.379+0000] {dag.py:3954} INFO - Setting next_dagrun for example_bash_decorator to None, run_after=None
[2024-07-16T19:23:29.399+0000] {processor.py:183} INFO - Processing /home/airflow/.local/lib/python3.12/site-packages/airflow/example_dags/example_bash_decorator.py took 0.068 seconds
[2024-07-16T19:23:59.440+0000] {processor.py:161} INFO - Started process (PID=613) to work on /home/airflow/.local/lib/python3.12/site-packages/airflow/example_dags/example_bash_decorator.py
[2024-07-16T19:23:59.441+0000] {processor.py:830} INFO - Processing file /home/airflow/.local/lib/python3.12/site-packages/airflow/example_dags/example_bash_decorator.py for tasks to queue
[2024-07-16T19:23:59.443+0000] {logging_mixin.py:188} INFO - [2024-07-16T19:23:59.442+0000] {dagbag.py:545} INFO - Filling up the DagBag from /home/airflow/.local/lib/python3.12/site-packages/airflow/example_dags/example_bash_decorator.py
[2024-07-16T19:23:59.454+0000] {processor.py:840} INFO - DAG(s) 'example_bash_decorator' retrieved from /home/airflow/.local/lib/python3.12/site-packages/airflow/example_dags/example_bash_decorator.py
[2024-07-16T19:23:59.474+0000] {logging_mixin.py:188} INFO - [2024-07-16T19:23:59.474+0000] {dag.py:3096} INFO - Sync 1 DAGs
[2024-07-16T19:23:59.484+0000] {logging_mixin.py:188} INFO - [2024-07-16T19:23:59.484+0000] {dag.py:3954} INFO - Setting next_dagrun for example_bash_decorator to None, run_after=None
[2024-07-16T19:23:59.504+0000] {processor.py:183} INFO - Processing /home/airflow/.local/lib/python3.12/site-packages/airflow/example_dags/example_bash_decorator.py took 0.068 seconds
[2024-07-16T19:24:30.021+0000] {processor.py:161} INFO - Started process (PID=672) to work on /home/airflow/.local/lib/python3.12/site-packages/airflow/example_dags/example_bash_decorator.py
[2024-07-16T19:24:30.022+0000] {processor.py:830} INFO - Processing file /home/airflow/.local/lib/python3.12/site-packages/airflow/example_dags/example_bash_decorator.py for tasks to queue
[2024-07-16T19:24:30.023+0000] {logging_mixin.py:188} INFO - [2024-07-16T19:24:30.023+0000] {dagbag.py:545} INFO - Filling up the DagBag from /home/airflow/.local/lib/python3.12/site-packages/airflow/example_dags/example_bash_decorator.py
[2024-07-16T19:24:30.034+0000] {processor.py:840} INFO - DAG(s) 'example_bash_decorator' retrieved from /home/airflow/.local/lib/python3.12/site-packages/airflow/example_dags/example_bash_decorator.py
[2024-07-16T19:24:30.055+0000] {logging_mixin.py:188} INFO - [2024-07-16T19:24:30.054+0000] {dag.py:3096} INFO - Sync 1 DAGs
[2024-07-16T19:24:30.065+0000] {logging_mixin.py:188} INFO - [2024-07-16T19:24:30.065+0000] {dag.py:3954} INFO - Setting next_dagrun for example_bash_decorator to None, run_after=None
[2024-07-16T19:24:30.084+0000] {processor.py:183} INFO - Processing /home/airflow/.local/lib/python3.12/site-packages/airflow/example_dags/example_bash_decorator.py took 0.067 seconds
[2024-07-16T19:25:00.991+0000] {processor.py:161} INFO - Started process (PID=731) to work on /home/airflow/.local/lib/python3.12/site-packages/airflow/example_dags/example_bash_decorator.py
[2024-07-16T19:25:00.992+0000] {processor.py:830} INFO - Processing file /home/airflow/.local/lib/python3.12/site-packages/airflow/example_dags/example_bash_decorator.py for tasks to queue
[2024-07-16T19:25:00.992+0000] {logging_mixin.py:188} INFO - [2024-07-16T19:25:00.992+0000] {dagbag.py:545} INFO - Filling up the DagBag from /home/airflow/.local/lib/python3.12/site-packages/airflow/example_dags/example_bash_decorator.py
[2024-07-16T19:25:01.003+0000] {processor.py:840} INFO - DAG(s) 'example_bash_decorator' retrieved from /home/airflow/.local/lib/python3.12/site-packages/airflow/example_dags/example_bash_decorator.py
[2024-07-16T19:25:01.024+0000] {logging_mixin.py:188} INFO - [2024-07-16T19:25:01.024+0000] {dag.py:3096} INFO - Sync 1 DAGs
[2024-07-16T19:25:01.034+0000] {logging_mixin.py:188} INFO - [2024-07-16T19:25:01.034+0000] {dag.py:3954} INFO - Setting next_dagrun for example_bash_decorator to None, run_after=None
[2024-07-16T19:25:01.054+0000] {processor.py:183} INFO - Processing /home/airflow/.local/lib/python3.12/site-packages/airflow/example_dags/example_bash_decorator.py took 0.068 seconds
[2024-07-16T19:25:31.948+0000] {processor.py:161} INFO - Started process (PID=790) to work on /home/airflow/.local/lib/python3.12/site-packages/airflow/example_dags/example_bash_decorator.py
[2024-07-16T19:25:31.949+0000] {processor.py:830} INFO - Processing file /home/airflow/.local/lib/python3.12/site-packages/airflow/example_dags/example_bash_decorator.py for tasks to queue
[2024-07-16T19:25:31.950+0000] {logging_mixin.py:188} INFO - [2024-07-16T19:25:31.950+0000] {dagbag.py:545} INFO - Filling up the DagBag from /home/airflow/.local/lib/python3.12/site-packages/airflow/example_dags/example_bash_decorator.py
[2024-07-16T19:25:31.966+0000] {processor.py:840} INFO - DAG(s) 'example_bash_decorator' retrieved from /home/airflow/.local/lib/python3.12/site-packages/airflow/example_dags/example_bash_decorator.py
[2024-07-16T19:25:32.002+0000] {logging_mixin.py:188} INFO - [2024-07-16T19:25:32.002+0000] {dag.py:3096} INFO - Sync 1 DAGs
[2024-07-16T19:25:32.014+0000] {logging_mixin.py:188} INFO - [2024-07-16T19:25:32.014+0000] {dag.py:3954} INFO - Setting next_dagrun for example_bash_decorator to None, run_after=None
[2024-07-16T19:25:32.034+0000] {processor.py:183} INFO - Processing /home/airflow/.local/lib/python3.12/site-packages/airflow/example_dags/example_bash_decorator.py took 0.092 seconds
[2024-07-16T19:26:02.657+0000] {processor.py:161} INFO - Started process (PID=849) to work on /home/airflow/.local/lib/python3.12/site-packages/airflow/example_dags/example_bash_decorator.py
[2024-07-16T19:26:02.657+0000] {processor.py:830} INFO - Processing file /home/airflow/.local/lib/python3.12/site-packages/airflow/example_dags/example_bash_decorator.py for tasks to queue
[2024-07-16T19:26:02.658+0000] {logging_mixin.py:188} INFO - [2024-07-16T19:26:02.658+0000] {dagbag.py:545} INFO - Filling up the DagBag from /home/airflow/.local/lib/python3.12/site-packages/airflow/example_dags/example_bash_decorator.py
[2024-07-16T19:26:02.669+0000] {processor.py:840} INFO - DAG(s) 'example_bash_decorator' retrieved from /home/airflow/.local/lib/python3.12/site-packages/airflow/example_dags/example_bash_decorator.py
[2024-07-16T19:26:02.689+0000] {logging_mixin.py:188} INFO - [2024-07-16T19:26:02.689+0000] {dag.py:3096} INFO - Sync 1 DAGs
[2024-07-16T19:26:02.699+0000] {logging_mixin.py:188} INFO - [2024-07-16T19:26:02.699+0000] {dag.py:3954} INFO - Setting next_dagrun for example_bash_decorator to None, run_after=None
[2024-07-16T19:26:02.719+0000] {processor.py:183} INFO - Processing /home/airflow/.local/lib/python3.12/site-packages/airflow/example_dags/example_bash_decorator.py took 0.067 seconds
[2024-07-16T19:26:32.747+0000] {processor.py:161} INFO - Started process (PID=908) to work on /home/airflow/.local/lib/python3.12/site-packages/airflow/example_dags/example_bash_decorator.py
[2024-07-16T19:26:32.748+0000] {processor.py:830} INFO - Processing file /home/airflow/.local/lib/python3.12/site-packages/airflow/example_dags/example_bash_decorator.py for tasks to queue
[2024-07-16T19:26:32.749+0000] {logging_mixin.py:188} INFO - [2024-07-16T19:26:32.749+0000] {dagbag.py:545} INFO - Filling up the DagBag from /home/airflow/.local/lib/python3.12/site-packages/airflow/example_dags/example_bash_decorator.py
[2024-07-16T19:26:32.760+0000] {processor.py:840} INFO - DAG(s) 'example_bash_decorator' retrieved from /home/airflow/.local/lib/python3.12/site-packages/airflow/example_dags/example_bash_decorator.py
[2024-07-16T19:26:32.780+0000] {logging_mixin.py:188} INFO - [2024-07-16T19:26:32.779+0000] {dag.py:3096} INFO - Sync 1 DAGs
[2024-07-16T19:26:32.791+0000] {logging_mixin.py:188} INFO - [2024-07-16T19:26:32.791+0000] {dag.py:3954} INFO - Setting next_dagrun for example_bash_decorator to None, run_after=None
[2024-07-16T19:26:32.810+0000] {processor.py:183} INFO - Processing /home/airflow/.local/lib/python3.12/site-packages/airflow/example_dags/example_bash_decorator.py took 0.067 seconds
[2024-07-16T19:27:03.589+0000] {processor.py:161} INFO - Started process (PID=967) to work on /home/airflow/.local/lib/python3.12/site-packages/airflow/example_dags/example_bash_decorator.py
[2024-07-16T19:27:03.590+0000] {processor.py:830} INFO - Processing file /home/airflow/.local/lib/python3.12/site-packages/airflow/example_dags/example_bash_decorator.py for tasks to queue
[2024-07-16T19:27:03.590+0000] {logging_mixin.py:188} INFO - [2024-07-16T19:27:03.590+0000] {dagbag.py:545} INFO - Filling up the DagBag from /home/airflow/.local/lib/python3.12/site-packages/airflow/example_dags/example_bash_decorator.py
[2024-07-16T19:27:03.607+0000] {processor.py:840} INFO - DAG(s) 'example_bash_decorator' retrieved from /home/airflow/.local/lib/python3.12/site-packages/airflow/example_dags/example_bash_decorator.py
[2024-07-16T19:27:03.628+0000] {logging_mixin.py:188} INFO - [2024-07-16T19:27:03.628+0000] {dag.py:3096} INFO - Sync 1 DAGs
[2024-07-16T19:27:03.638+0000] {logging_mixin.py:188} INFO - [2024-07-16T19:27:03.638+0000] {dag.py:3954} INFO - Setting next_dagrun for example_bash_decorator to None, run_after=None
[2024-07-16T19:27:03.661+0000] {processor.py:183} INFO - Processing /home/airflow/.local/lib/python3.12/site-packages/airflow/example_dags/example_bash_decorator.py took 0.076 seconds
