[2024-07-16T19:02:24.200+0000] {processor.py:161} INFO - Started process (PID=44) to work on /home/airflow/.local/lib/python3.12/site-packages/airflow/example_dags/example_branch_python_dop_operator_3.py
[2024-07-16T19:02:24.220+0000] {processor.py:830} INFO - Processing file /home/airflow/.local/lib/python3.12/site-packages/airflow/example_dags/example_branch_python_dop_operator_3.py for tasks to queue
[2024-07-16T19:02:24.224+0000] {logging_mixin.py:188} INFO - [2024-07-16T19:02:24.224+0000] {dagbag.py:545} INFO - Filling up the DagBag from /home/airflow/.local/lib/python3.12/site-packages/airflow/example_dags/example_branch_python_dop_operator_3.py
[2024-07-16T19:02:24.277+0000] {processor.py:840} INFO - DAG(s) 'example_branch_dop_operator_v3' retrieved from /home/airflow/.local/lib/python3.12/site-packages/airflow/example_dags/example_branch_python_dop_operator_3.py
[2024-07-16T19:02:24.803+0000] {logging_mixin.py:188} INFO - [2024-07-16T19:02:24.801+0000] {dag.py:3096} INFO - Sync 1 DAGs
[2024-07-16T19:02:24.981+0000] {logging_mixin.py:188} INFO - [2024-07-16T19:02:24.973+0000] {dag.py:3954} INFO - Setting next_dagrun for example_branch_dop_operator_v3 to 2024-07-16 19:01:00+00:00, run_after=2024-07-16 19:02:00+00:00
[2024-07-16T19:02:25.065+0000] {processor.py:183} INFO - Processing /home/airflow/.local/lib/python3.12/site-packages/airflow/example_dags/example_branch_python_dop_operator_3.py took 0.887 seconds
[2024-07-16T19:02:55.929+0000] {processor.py:161} INFO - Started process (PID=103) to work on /home/airflow/.local/lib/python3.12/site-packages/airflow/example_dags/example_branch_python_dop_operator_3.py
[2024-07-16T19:02:55.930+0000] {processor.py:830} INFO - Processing file /home/airflow/.local/lib/python3.12/site-packages/airflow/example_dags/example_branch_python_dop_operator_3.py for tasks to queue
[2024-07-16T19:02:55.932+0000] {logging_mixin.py:188} INFO - [2024-07-16T19:02:55.931+0000] {dagbag.py:545} INFO - Filling up the DagBag from /home/airflow/.local/lib/python3.12/site-packages/airflow/example_dags/example_branch_python_dop_operator_3.py
[2024-07-16T19:02:55.943+0000] {processor.py:840} INFO - DAG(s) 'example_branch_dop_operator_v3' retrieved from /home/airflow/.local/lib/python3.12/site-packages/airflow/example_dags/example_branch_python_dop_operator_3.py
[2024-07-16T19:02:55.968+0000] {logging_mixin.py:188} INFO - [2024-07-16T19:02:55.968+0000] {dag.py:3096} INFO - Sync 1 DAGs
[2024-07-16T19:02:56.040+0000] {logging_mixin.py:188} INFO - [2024-07-16T19:02:56.040+0000] {dag.py:3954} INFO - Setting next_dagrun for example_branch_dop_operator_v3 to 2024-07-16 19:01:00+00:00, run_after=2024-07-16 19:02:00+00:00
[2024-07-16T19:02:56.087+0000] {processor.py:183} INFO - Processing /home/airflow/.local/lib/python3.12/site-packages/airflow/example_dags/example_branch_python_dop_operator_3.py took 0.164 seconds
[2024-07-16T19:03:27.059+0000] {processor.py:161} INFO - Started process (PID=168) to work on /home/airflow/.local/lib/python3.12/site-packages/airflow/example_dags/example_branch_python_dop_operator_3.py
[2024-07-16T19:03:27.060+0000] {processor.py:830} INFO - Processing file /home/airflow/.local/lib/python3.12/site-packages/airflow/example_dags/example_branch_python_dop_operator_3.py for tasks to queue
[2024-07-16T19:03:27.062+0000] {logging_mixin.py:188} INFO - [2024-07-16T19:03:27.062+0000] {dagbag.py:545} INFO - Filling up the DagBag from /home/airflow/.local/lib/python3.12/site-packages/airflow/example_dags/example_branch_python_dop_operator_3.py
[2024-07-16T19:03:27.073+0000] {processor.py:840} INFO - DAG(s) 'example_branch_dop_operator_v3' retrieved from /home/airflow/.local/lib/python3.12/site-packages/airflow/example_dags/example_branch_python_dop_operator_3.py
[2024-07-16T19:03:27.096+0000] {logging_mixin.py:188} INFO - [2024-07-16T19:03:27.096+0000] {dag.py:3096} INFO - Sync 1 DAGs
[2024-07-16T19:03:27.128+0000] {logging_mixin.py:188} INFO - [2024-07-16T19:03:27.128+0000] {dag.py:3954} INFO - Setting next_dagrun for example_branch_dop_operator_v3 to 2024-07-16 19:02:00+00:00, run_after=2024-07-16 19:03:00+00:00
[2024-07-16T19:03:27.153+0000] {processor.py:183} INFO - Processing /home/airflow/.local/lib/python3.12/site-packages/airflow/example_dags/example_branch_python_dop_operator_3.py took 0.110 seconds
[2024-07-16T19:03:57.665+0000] {processor.py:161} INFO - Started process (PID=227) to work on /home/airflow/.local/lib/python3.12/site-packages/airflow/example_dags/example_branch_python_dop_operator_3.py
[2024-07-16T19:03:57.666+0000] {processor.py:830} INFO - Processing file /home/airflow/.local/lib/python3.12/site-packages/airflow/example_dags/example_branch_python_dop_operator_3.py for tasks to queue
[2024-07-16T19:03:57.669+0000] {logging_mixin.py:188} INFO - [2024-07-16T19:03:57.668+0000] {dagbag.py:545} INFO - Filling up the DagBag from /home/airflow/.local/lib/python3.12/site-packages/airflow/example_dags/example_branch_python_dop_operator_3.py
[2024-07-16T19:03:57.679+0000] {processor.py:840} INFO - DAG(s) 'example_branch_dop_operator_v3' retrieved from /home/airflow/.local/lib/python3.12/site-packages/airflow/example_dags/example_branch_python_dop_operator_3.py
[2024-07-16T19:03:57.725+0000] {logging_mixin.py:188} INFO - [2024-07-16T19:03:57.725+0000] {dag.py:3096} INFO - Sync 1 DAGs
[2024-07-16T19:03:57.815+0000] {logging_mixin.py:188} INFO - [2024-07-16T19:03:57.815+0000] {dag.py:3954} INFO - Setting next_dagrun for example_branch_dop_operator_v3 to 2024-07-16 19:02:00+00:00, run_after=2024-07-16 19:03:00+00:00
[2024-07-16T19:03:57.866+0000] {processor.py:183} INFO - Processing /home/airflow/.local/lib/python3.12/site-packages/airflow/example_dags/example_branch_python_dop_operator_3.py took 0.206 seconds
[2024-07-16T19:04:27.908+0000] {processor.py:161} INFO - Started process (PID=285) to work on /home/airflow/.local/lib/python3.12/site-packages/airflow/example_dags/example_branch_python_dop_operator_3.py
[2024-07-16T19:04:27.917+0000] {processor.py:830} INFO - Processing file /home/airflow/.local/lib/python3.12/site-packages/airflow/example_dags/example_branch_python_dop_operator_3.py for tasks to queue
[2024-07-16T19:04:27.919+0000] {logging_mixin.py:188} INFO - [2024-07-16T19:04:27.919+0000] {dagbag.py:545} INFO - Filling up the DagBag from /home/airflow/.local/lib/python3.12/site-packages/airflow/example_dags/example_branch_python_dop_operator_3.py
[2024-07-16T19:04:27.929+0000] {processor.py:840} INFO - DAG(s) 'example_branch_dop_operator_v3' retrieved from /home/airflow/.local/lib/python3.12/site-packages/airflow/example_dags/example_branch_python_dop_operator_3.py
[2024-07-16T19:04:27.989+0000] {logging_mixin.py:188} INFO - [2024-07-16T19:04:27.988+0000] {dag.py:3096} INFO - Sync 1 DAGs
[2024-07-16T19:04:28.056+0000] {logging_mixin.py:188} INFO - [2024-07-16T19:04:28.056+0000] {dag.py:3954} INFO - Setting next_dagrun for example_branch_dop_operator_v3 to 2024-07-16 19:03:00+00:00, run_after=2024-07-16 19:04:00+00:00
[2024-07-16T19:04:28.116+0000] {processor.py:183} INFO - Processing /home/airflow/.local/lib/python3.12/site-packages/airflow/example_dags/example_branch_python_dop_operator_3.py took 0.218 seconds
[2024-07-16T19:04:58.244+0000] {processor.py:161} INFO - Started process (PID=348) to work on /home/airflow/.local/lib/python3.12/site-packages/airflow/example_dags/example_branch_python_dop_operator_3.py
[2024-07-16T19:04:58.249+0000] {processor.py:830} INFO - Processing file /home/airflow/.local/lib/python3.12/site-packages/airflow/example_dags/example_branch_python_dop_operator_3.py for tasks to queue
[2024-07-16T19:04:58.252+0000] {logging_mixin.py:188} INFO - [2024-07-16T19:04:58.251+0000] {dagbag.py:545} INFO - Filling up the DagBag from /home/airflow/.local/lib/python3.12/site-packages/airflow/example_dags/example_branch_python_dop_operator_3.py
[2024-07-16T19:04:58.294+0000] {processor.py:840} INFO - DAG(s) 'example_branch_dop_operator_v3' retrieved from /home/airflow/.local/lib/python3.12/site-packages/airflow/example_dags/example_branch_python_dop_operator_3.py
[2024-07-16T19:04:58.352+0000] {logging_mixin.py:188} INFO - [2024-07-16T19:04:58.351+0000] {dag.py:3096} INFO - Sync 1 DAGs
[2024-07-16T19:04:58.412+0000] {logging_mixin.py:188} INFO - [2024-07-16T19:04:58.411+0000] {dag.py:3954} INFO - Setting next_dagrun for example_branch_dop_operator_v3 to 2024-07-16 19:03:00+00:00, run_after=2024-07-16 19:04:00+00:00
[2024-07-16T19:04:58.458+0000] {processor.py:183} INFO - Processing /home/airflow/.local/lib/python3.12/site-packages/airflow/example_dags/example_branch_python_dop_operator_3.py took 0.222 seconds
[2024-07-16T19:05:29.445+0000] {processor.py:161} INFO - Started process (PID=409) to work on /home/airflow/.local/lib/python3.12/site-packages/airflow/example_dags/example_branch_python_dop_operator_3.py
[2024-07-16T19:05:29.448+0000] {processor.py:830} INFO - Processing file /home/airflow/.local/lib/python3.12/site-packages/airflow/example_dags/example_branch_python_dop_operator_3.py for tasks to queue
[2024-07-16T19:05:29.450+0000] {logging_mixin.py:188} INFO - [2024-07-16T19:05:29.450+0000] {dagbag.py:545} INFO - Filling up the DagBag from /home/airflow/.local/lib/python3.12/site-packages/airflow/example_dags/example_branch_python_dop_operator_3.py
[2024-07-16T19:05:29.464+0000] {processor.py:840} INFO - DAG(s) 'example_branch_dop_operator_v3' retrieved from /home/airflow/.local/lib/python3.12/site-packages/airflow/example_dags/example_branch_python_dop_operator_3.py
[2024-07-16T19:05:29.489+0000] {logging_mixin.py:188} INFO - [2024-07-16T19:05:29.488+0000] {dag.py:3096} INFO - Sync 1 DAGs
[2024-07-16T19:05:29.528+0000] {logging_mixin.py:188} INFO - [2024-07-16T19:05:29.527+0000] {dag.py:3954} INFO - Setting next_dagrun for example_branch_dop_operator_v3 to 2024-07-16 19:04:00+00:00, run_after=2024-07-16 19:05:00+00:00
[2024-07-16T19:05:29.553+0000] {processor.py:183} INFO - Processing /home/airflow/.local/lib/python3.12/site-packages/airflow/example_dags/example_branch_python_dop_operator_3.py took 0.114 seconds
[2024-07-16T19:06:00.528+0000] {processor.py:161} INFO - Started process (PID=469) to work on /home/airflow/.local/lib/python3.12/site-packages/airflow/example_dags/example_branch_python_dop_operator_3.py
[2024-07-16T19:06:00.529+0000] {processor.py:830} INFO - Processing file /home/airflow/.local/lib/python3.12/site-packages/airflow/example_dags/example_branch_python_dop_operator_3.py for tasks to queue
[2024-07-16T19:06:00.531+0000] {logging_mixin.py:188} INFO - [2024-07-16T19:06:00.531+0000] {dagbag.py:545} INFO - Filling up the DagBag from /home/airflow/.local/lib/python3.12/site-packages/airflow/example_dags/example_branch_python_dop_operator_3.py
[2024-07-16T19:06:00.541+0000] {processor.py:840} INFO - DAG(s) 'example_branch_dop_operator_v3' retrieved from /home/airflow/.local/lib/python3.12/site-packages/airflow/example_dags/example_branch_python_dop_operator_3.py
[2024-07-16T19:06:00.565+0000] {logging_mixin.py:188} INFO - [2024-07-16T19:06:00.564+0000] {dag.py:3096} INFO - Sync 1 DAGs
[2024-07-16T19:06:00.597+0000] {logging_mixin.py:188} INFO - [2024-07-16T19:06:00.597+0000] {dag.py:3954} INFO - Setting next_dagrun for example_branch_dop_operator_v3 to 2024-07-16 19:05:00+00:00, run_after=2024-07-16 19:06:00+00:00
[2024-07-16T19:06:00.624+0000] {processor.py:183} INFO - Processing /home/airflow/.local/lib/python3.12/site-packages/airflow/example_dags/example_branch_python_dop_operator_3.py took 0.102 seconds
[2024-07-16T19:06:31.041+0000] {processor.py:161} INFO - Started process (PID=529) to work on /home/airflow/.local/lib/python3.12/site-packages/airflow/example_dags/example_branch_python_dop_operator_3.py
[2024-07-16T19:06:31.042+0000] {processor.py:830} INFO - Processing file /home/airflow/.local/lib/python3.12/site-packages/airflow/example_dags/example_branch_python_dop_operator_3.py for tasks to queue
[2024-07-16T19:06:31.042+0000] {logging_mixin.py:188} INFO - [2024-07-16T19:06:31.042+0000] {dagbag.py:545} INFO - Filling up the DagBag from /home/airflow/.local/lib/python3.12/site-packages/airflow/example_dags/example_branch_python_dop_operator_3.py
[2024-07-16T19:06:31.060+0000] {processor.py:840} INFO - DAG(s) 'example_branch_dop_operator_v3' retrieved from /home/airflow/.local/lib/python3.12/site-packages/airflow/example_dags/example_branch_python_dop_operator_3.py
[2024-07-16T19:06:31.089+0000] {logging_mixin.py:188} INFO - [2024-07-16T19:06:31.088+0000] {dag.py:3096} INFO - Sync 1 DAGs
[2024-07-16T19:06:31.122+0000] {logging_mixin.py:188} INFO - [2024-07-16T19:06:31.121+0000] {dag.py:3954} INFO - Setting next_dagrun for example_branch_dop_operator_v3 to 2024-07-16 19:05:00+00:00, run_after=2024-07-16 19:06:00+00:00
[2024-07-16T19:06:31.146+0000] {processor.py:183} INFO - Processing /home/airflow/.local/lib/python3.12/site-packages/airflow/example_dags/example_branch_python_dop_operator_3.py took 0.112 seconds
[2024-07-16T19:07:01.893+0000] {processor.py:161} INFO - Started process (PID=589) to work on /home/airflow/.local/lib/python3.12/site-packages/airflow/example_dags/example_branch_python_dop_operator_3.py
[2024-07-16T19:07:01.894+0000] {processor.py:830} INFO - Processing file /home/airflow/.local/lib/python3.12/site-packages/airflow/example_dags/example_branch_python_dop_operator_3.py for tasks to queue
[2024-07-16T19:07:01.895+0000] {logging_mixin.py:188} INFO - [2024-07-16T19:07:01.895+0000] {dagbag.py:545} INFO - Filling up the DagBag from /home/airflow/.local/lib/python3.12/site-packages/airflow/example_dags/example_branch_python_dop_operator_3.py
[2024-07-16T19:07:01.906+0000] {processor.py:840} INFO - DAG(s) 'example_branch_dop_operator_v3' retrieved from /home/airflow/.local/lib/python3.12/site-packages/airflow/example_dags/example_branch_python_dop_operator_3.py
[2024-07-16T19:07:01.928+0000] {logging_mixin.py:188} INFO - [2024-07-16T19:07:01.928+0000] {dag.py:3096} INFO - Sync 1 DAGs
[2024-07-16T19:07:01.960+0000] {logging_mixin.py:188} INFO - [2024-07-16T19:07:01.960+0000] {dag.py:3954} INFO - Setting next_dagrun for example_branch_dop_operator_v3 to 2024-07-16 19:06:00+00:00, run_after=2024-07-16 19:07:00+00:00
[2024-07-16T19:07:01.988+0000] {processor.py:183} INFO - Processing /home/airflow/.local/lib/python3.12/site-packages/airflow/example_dags/example_branch_python_dop_operator_3.py took 0.101 seconds
[2024-07-16T19:07:32.019+0000] {processor.py:161} INFO - Started process (PID=651) to work on /home/airflow/.local/lib/python3.12/site-packages/airflow/example_dags/example_branch_python_dop_operator_3.py
[2024-07-16T19:07:32.019+0000] {processor.py:830} INFO - Processing file /home/airflow/.local/lib/python3.12/site-packages/airflow/example_dags/example_branch_python_dop_operator_3.py for tasks to queue
[2024-07-16T19:07:32.020+0000] {logging_mixin.py:188} INFO - [2024-07-16T19:07:32.020+0000] {dagbag.py:545} INFO - Filling up the DagBag from /home/airflow/.local/lib/python3.12/site-packages/airflow/example_dags/example_branch_python_dop_operator_3.py
[2024-07-16T19:07:32.032+0000] {processor.py:840} INFO - DAG(s) 'example_branch_dop_operator_v3' retrieved from /home/airflow/.local/lib/python3.12/site-packages/airflow/example_dags/example_branch_python_dop_operator_3.py
[2024-07-16T19:07:32.059+0000] {logging_mixin.py:188} INFO - [2024-07-16T19:07:32.059+0000] {dag.py:3096} INFO - Sync 1 DAGs
[2024-07-16T19:07:32.094+0000] {logging_mixin.py:188} INFO - [2024-07-16T19:07:32.094+0000] {dag.py:3954} INFO - Setting next_dagrun for example_branch_dop_operator_v3 to 2024-07-16 19:06:00+00:00, run_after=2024-07-16 19:07:00+00:00
[2024-07-16T19:07:32.121+0000] {processor.py:183} INFO - Processing /home/airflow/.local/lib/python3.12/site-packages/airflow/example_dags/example_branch_python_dop_operator_3.py took 0.108 seconds
[2024-07-16T19:08:02.700+0000] {processor.py:161} INFO - Started process (PID=710) to work on /home/airflow/.local/lib/python3.12/site-packages/airflow/example_dags/example_branch_python_dop_operator_3.py
[2024-07-16T19:08:02.700+0000] {processor.py:830} INFO - Processing file /home/airflow/.local/lib/python3.12/site-packages/airflow/example_dags/example_branch_python_dop_operator_3.py for tasks to queue
[2024-07-16T19:08:02.701+0000] {logging_mixin.py:188} INFO - [2024-07-16T19:08:02.701+0000] {dagbag.py:545} INFO - Filling up the DagBag from /home/airflow/.local/lib/python3.12/site-packages/airflow/example_dags/example_branch_python_dop_operator_3.py
[2024-07-16T19:08:02.712+0000] {processor.py:840} INFO - DAG(s) 'example_branch_dop_operator_v3' retrieved from /home/airflow/.local/lib/python3.12/site-packages/airflow/example_dags/example_branch_python_dop_operator_3.py
[2024-07-16T19:08:02.741+0000] {logging_mixin.py:188} INFO - [2024-07-16T19:08:02.741+0000] {dag.py:3096} INFO - Sync 1 DAGs
[2024-07-16T19:08:02.774+0000] {logging_mixin.py:188} INFO - [2024-07-16T19:08:02.773+0000] {dag.py:3954} INFO - Setting next_dagrun for example_branch_dop_operator_v3 to 2024-07-16 19:07:00+00:00, run_after=2024-07-16 19:08:00+00:00
[2024-07-16T19:08:02.805+0000] {processor.py:183} INFO - Processing /home/airflow/.local/lib/python3.12/site-packages/airflow/example_dags/example_branch_python_dop_operator_3.py took 0.111 seconds
[2024-07-16T19:08:33.088+0000] {processor.py:161} INFO - Started process (PID=768) to work on /home/airflow/.local/lib/python3.12/site-packages/airflow/example_dags/example_branch_python_dop_operator_3.py
[2024-07-16T19:08:33.088+0000] {processor.py:830} INFO - Processing file /home/airflow/.local/lib/python3.12/site-packages/airflow/example_dags/example_branch_python_dop_operator_3.py for tasks to queue
[2024-07-16T19:08:33.090+0000] {logging_mixin.py:188} INFO - [2024-07-16T19:08:33.089+0000] {dagbag.py:545} INFO - Filling up the DagBag from /home/airflow/.local/lib/python3.12/site-packages/airflow/example_dags/example_branch_python_dop_operator_3.py
[2024-07-16T19:08:33.100+0000] {processor.py:840} INFO - DAG(s) 'example_branch_dop_operator_v3' retrieved from /home/airflow/.local/lib/python3.12/site-packages/airflow/example_dags/example_branch_python_dop_operator_3.py
[2024-07-16T19:08:33.125+0000] {logging_mixin.py:188} INFO - [2024-07-16T19:08:33.125+0000] {dag.py:3096} INFO - Sync 1 DAGs
[2024-07-16T19:08:33.158+0000] {logging_mixin.py:188} INFO - [2024-07-16T19:08:33.158+0000] {dag.py:3954} INFO - Setting next_dagrun for example_branch_dop_operator_v3 to 2024-07-16 19:07:00+00:00, run_after=2024-07-16 19:08:00+00:00
[2024-07-16T19:08:33.187+0000] {processor.py:183} INFO - Processing /home/airflow/.local/lib/python3.12/site-packages/airflow/example_dags/example_branch_python_dop_operator_3.py took 0.105 seconds
[2024-07-16T19:09:03.861+0000] {processor.py:161} INFO - Started process (PID=828) to work on /home/airflow/.local/lib/python3.12/site-packages/airflow/example_dags/example_branch_python_dop_operator_3.py
[2024-07-16T19:09:03.862+0000] {processor.py:830} INFO - Processing file /home/airflow/.local/lib/python3.12/site-packages/airflow/example_dags/example_branch_python_dop_operator_3.py for tasks to queue
[2024-07-16T19:09:03.863+0000] {logging_mixin.py:188} INFO - [2024-07-16T19:09:03.862+0000] {dagbag.py:545} INFO - Filling up the DagBag from /home/airflow/.local/lib/python3.12/site-packages/airflow/example_dags/example_branch_python_dop_operator_3.py
[2024-07-16T19:09:03.873+0000] {processor.py:840} INFO - DAG(s) 'example_branch_dop_operator_v3' retrieved from /home/airflow/.local/lib/python3.12/site-packages/airflow/example_dags/example_branch_python_dop_operator_3.py
[2024-07-16T19:09:03.897+0000] {logging_mixin.py:188} INFO - [2024-07-16T19:09:03.897+0000] {dag.py:3096} INFO - Sync 1 DAGs
[2024-07-16T19:09:03.930+0000] {logging_mixin.py:188} INFO - [2024-07-16T19:09:03.929+0000] {dag.py:3954} INFO - Setting next_dagrun for example_branch_dop_operator_v3 to 2024-07-16 19:08:00+00:00, run_after=2024-07-16 19:09:00+00:00
[2024-07-16T19:09:03.958+0000] {processor.py:183} INFO - Processing /home/airflow/.local/lib/python3.12/site-packages/airflow/example_dags/example_branch_python_dop_operator_3.py took 0.105 seconds
[2024-07-16T19:09:34.239+0000] {processor.py:161} INFO - Started process (PID=892) to work on /home/airflow/.local/lib/python3.12/site-packages/airflow/example_dags/example_branch_python_dop_operator_3.py
[2024-07-16T19:09:34.242+0000] {processor.py:830} INFO - Processing file /home/airflow/.local/lib/python3.12/site-packages/airflow/example_dags/example_branch_python_dop_operator_3.py for tasks to queue
[2024-07-16T19:09:34.243+0000] {logging_mixin.py:188} INFO - [2024-07-16T19:09:34.243+0000] {dagbag.py:545} INFO - Filling up the DagBag from /home/airflow/.local/lib/python3.12/site-packages/airflow/example_dags/example_branch_python_dop_operator_3.py
[2024-07-16T19:09:34.280+0000] {processor.py:840} INFO - DAG(s) 'example_branch_dop_operator_v3' retrieved from /home/airflow/.local/lib/python3.12/site-packages/airflow/example_dags/example_branch_python_dop_operator_3.py
[2024-07-16T19:09:34.323+0000] {logging_mixin.py:188} INFO - [2024-07-16T19:09:34.323+0000] {dag.py:3096} INFO - Sync 1 DAGs
[2024-07-16T19:09:34.359+0000] {logging_mixin.py:188} INFO - [2024-07-16T19:09:34.359+0000] {dag.py:3954} INFO - Setting next_dagrun for example_branch_dop_operator_v3 to 2024-07-16 19:08:00+00:00, run_after=2024-07-16 19:09:00+00:00
[2024-07-16T19:09:34.388+0000] {processor.py:183} INFO - Processing /home/airflow/.local/lib/python3.12/site-packages/airflow/example_dags/example_branch_python_dop_operator_3.py took 0.158 seconds
[2024-07-16T19:10:04.634+0000] {processor.py:161} INFO - Started process (PID=952) to work on /home/airflow/.local/lib/python3.12/site-packages/airflow/example_dags/example_branch_python_dop_operator_3.py
[2024-07-16T19:10:04.643+0000] {processor.py:830} INFO - Processing file /home/airflow/.local/lib/python3.12/site-packages/airflow/example_dags/example_branch_python_dop_operator_3.py for tasks to queue
[2024-07-16T19:10:04.645+0000] {logging_mixin.py:188} INFO - [2024-07-16T19:10:04.644+0000] {dagbag.py:545} INFO - Filling up the DagBag from /home/airflow/.local/lib/python3.12/site-packages/airflow/example_dags/example_branch_python_dop_operator_3.py
[2024-07-16T19:10:04.679+0000] {processor.py:840} INFO - DAG(s) 'example_branch_dop_operator_v3' retrieved from /home/airflow/.local/lib/python3.12/site-packages/airflow/example_dags/example_branch_python_dop_operator_3.py
[2024-07-16T19:10:04.815+0000] {logging_mixin.py:188} INFO - [2024-07-16T19:10:04.814+0000] {dag.py:3096} INFO - Sync 1 DAGs
[2024-07-16T19:10:04.877+0000] {logging_mixin.py:188} INFO - [2024-07-16T19:10:04.877+0000] {dag.py:3954} INFO - Setting next_dagrun for example_branch_dop_operator_v3 to 2024-07-16 19:09:00+00:00, run_after=2024-07-16 19:10:00+00:00
[2024-07-16T19:10:04.914+0000] {processor.py:183} INFO - Processing /home/airflow/.local/lib/python3.12/site-packages/airflow/example_dags/example_branch_python_dop_operator_3.py took 0.323 seconds
[2024-07-16T19:10:35.513+0000] {processor.py:161} INFO - Started process (PID=1011) to work on /home/airflow/.local/lib/python3.12/site-packages/airflow/example_dags/example_branch_python_dop_operator_3.py
[2024-07-16T19:10:35.526+0000] {processor.py:830} INFO - Processing file /home/airflow/.local/lib/python3.12/site-packages/airflow/example_dags/example_branch_python_dop_operator_3.py for tasks to queue
[2024-07-16T19:10:35.527+0000] {logging_mixin.py:188} INFO - [2024-07-16T19:10:35.526+0000] {dagbag.py:545} INFO - Filling up the DagBag from /home/airflow/.local/lib/python3.12/site-packages/airflow/example_dags/example_branch_python_dop_operator_3.py
[2024-07-16T19:10:35.549+0000] {processor.py:840} INFO - DAG(s) 'example_branch_dop_operator_v3' retrieved from /home/airflow/.local/lib/python3.12/site-packages/airflow/example_dags/example_branch_python_dop_operator_3.py
[2024-07-16T19:10:35.589+0000] {logging_mixin.py:188} INFO - [2024-07-16T19:10:35.589+0000] {dag.py:3096} INFO - Sync 1 DAGs
[2024-07-16T19:10:35.648+0000] {logging_mixin.py:188} INFO - [2024-07-16T19:10:35.647+0000] {dag.py:3954} INFO - Setting next_dagrun for example_branch_dop_operator_v3 to 2024-07-16 19:09:00+00:00, run_after=2024-07-16 19:10:00+00:00
[2024-07-16T19:10:35.685+0000] {processor.py:183} INFO - Processing /home/airflow/.local/lib/python3.12/site-packages/airflow/example_dags/example_branch_python_dop_operator_3.py took 0.179 seconds
[2024-07-16T19:11:05.785+0000] {processor.py:161} INFO - Started process (PID=1073) to work on /home/airflow/.local/lib/python3.12/site-packages/airflow/example_dags/example_branch_python_dop_operator_3.py
[2024-07-16T19:11:05.786+0000] {processor.py:830} INFO - Processing file /home/airflow/.local/lib/python3.12/site-packages/airflow/example_dags/example_branch_python_dop_operator_3.py for tasks to queue
[2024-07-16T19:11:05.787+0000] {logging_mixin.py:188} INFO - [2024-07-16T19:11:05.786+0000] {dagbag.py:545} INFO - Filling up the DagBag from /home/airflow/.local/lib/python3.12/site-packages/airflow/example_dags/example_branch_python_dop_operator_3.py
[2024-07-16T19:11:05.800+0000] {processor.py:840} INFO - DAG(s) 'example_branch_dop_operator_v3' retrieved from /home/airflow/.local/lib/python3.12/site-packages/airflow/example_dags/example_branch_python_dop_operator_3.py
[2024-07-16T19:11:05.824+0000] {logging_mixin.py:188} INFO - [2024-07-16T19:11:05.824+0000] {dag.py:3096} INFO - Sync 1 DAGs
[2024-07-16T19:11:05.855+0000] {logging_mixin.py:188} INFO - [2024-07-16T19:11:05.855+0000] {dag.py:3954} INFO - Setting next_dagrun for example_branch_dop_operator_v3 to 2024-07-16 19:10:00+00:00, run_after=2024-07-16 19:11:00+00:00
[2024-07-16T19:11:05.884+0000] {processor.py:183} INFO - Processing /home/airflow/.local/lib/python3.12/site-packages/airflow/example_dags/example_branch_python_dop_operator_3.py took 0.108 seconds
[2024-07-16T19:11:35.959+0000] {processor.py:161} INFO - Started process (PID=1132) to work on /home/airflow/.local/lib/python3.12/site-packages/airflow/example_dags/example_branch_python_dop_operator_3.py
[2024-07-16T19:11:35.960+0000] {processor.py:830} INFO - Processing file /home/airflow/.local/lib/python3.12/site-packages/airflow/example_dags/example_branch_python_dop_operator_3.py for tasks to queue
[2024-07-16T19:11:35.961+0000] {logging_mixin.py:188} INFO - [2024-07-16T19:11:35.960+0000] {dagbag.py:545} INFO - Filling up the DagBag from /home/airflow/.local/lib/python3.12/site-packages/airflow/example_dags/example_branch_python_dop_operator_3.py
[2024-07-16T19:11:35.972+0000] {processor.py:840} INFO - DAG(s) 'example_branch_dop_operator_v3' retrieved from /home/airflow/.local/lib/python3.12/site-packages/airflow/example_dags/example_branch_python_dop_operator_3.py
[2024-07-16T19:11:35.993+0000] {logging_mixin.py:188} INFO - [2024-07-16T19:11:35.992+0000] {dag.py:3096} INFO - Sync 1 DAGs
[2024-07-16T19:11:36.023+0000] {logging_mixin.py:188} INFO - [2024-07-16T19:11:36.022+0000] {dag.py:3954} INFO - Setting next_dagrun for example_branch_dop_operator_v3 to 2024-07-16 19:10:00+00:00, run_after=2024-07-16 19:11:00+00:00
[2024-07-16T19:11:36.051+0000] {processor.py:183} INFO - Processing /home/airflow/.local/lib/python3.12/site-packages/airflow/example_dags/example_branch_python_dop_operator_3.py took 0.098 seconds
[2024-07-16T19:12:06.428+0000] {processor.py:161} INFO - Started process (PID=1191) to work on /home/airflow/.local/lib/python3.12/site-packages/airflow/example_dags/example_branch_python_dop_operator_3.py
[2024-07-16T19:12:06.429+0000] {processor.py:830} INFO - Processing file /home/airflow/.local/lib/python3.12/site-packages/airflow/example_dags/example_branch_python_dop_operator_3.py for tasks to queue
[2024-07-16T19:12:06.430+0000] {logging_mixin.py:188} INFO - [2024-07-16T19:12:06.429+0000] {dagbag.py:545} INFO - Filling up the DagBag from /home/airflow/.local/lib/python3.12/site-packages/airflow/example_dags/example_branch_python_dop_operator_3.py
[2024-07-16T19:12:06.440+0000] {processor.py:840} INFO - DAG(s) 'example_branch_dop_operator_v3' retrieved from /home/airflow/.local/lib/python3.12/site-packages/airflow/example_dags/example_branch_python_dop_operator_3.py
[2024-07-16T19:12:06.460+0000] {logging_mixin.py:188} INFO - [2024-07-16T19:12:06.459+0000] {dag.py:3096} INFO - Sync 1 DAGs
[2024-07-16T19:12:06.490+0000] {logging_mixin.py:188} INFO - [2024-07-16T19:12:06.490+0000] {dag.py:3954} INFO - Setting next_dagrun for example_branch_dop_operator_v3 to 2024-07-16 19:11:00+00:00, run_after=2024-07-16 19:12:00+00:00
[2024-07-16T19:12:06.515+0000] {processor.py:183} INFO - Processing /home/airflow/.local/lib/python3.12/site-packages/airflow/example_dags/example_branch_python_dop_operator_3.py took 0.094 seconds
[2024-07-16T19:12:37.023+0000] {processor.py:161} INFO - Started process (PID=1251) to work on /home/airflow/.local/lib/python3.12/site-packages/airflow/example_dags/example_branch_python_dop_operator_3.py
[2024-07-16T19:12:37.026+0000] {processor.py:830} INFO - Processing file /home/airflow/.local/lib/python3.12/site-packages/airflow/example_dags/example_branch_python_dop_operator_3.py for tasks to queue
[2024-07-16T19:12:37.027+0000] {logging_mixin.py:188} INFO - [2024-07-16T19:12:37.027+0000] {dagbag.py:545} INFO - Filling up the DagBag from /home/airflow/.local/lib/python3.12/site-packages/airflow/example_dags/example_branch_python_dop_operator_3.py
[2024-07-16T19:12:37.046+0000] {processor.py:840} INFO - DAG(s) 'example_branch_dop_operator_v3' retrieved from /home/airflow/.local/lib/python3.12/site-packages/airflow/example_dags/example_branch_python_dop_operator_3.py
[2024-07-16T19:12:37.070+0000] {logging_mixin.py:188} INFO - [2024-07-16T19:12:37.070+0000] {dag.py:3096} INFO - Sync 1 DAGs
[2024-07-16T19:12:37.103+0000] {logging_mixin.py:188} INFO - [2024-07-16T19:12:37.102+0000] {dag.py:3954} INFO - Setting next_dagrun for example_branch_dop_operator_v3 to 2024-07-16 19:11:00+00:00, run_after=2024-07-16 19:12:00+00:00
[2024-07-16T19:12:37.136+0000] {processor.py:183} INFO - Processing /home/airflow/.local/lib/python3.12/site-packages/airflow/example_dags/example_branch_python_dop_operator_3.py took 0.132 seconds
[2024-07-16T19:13:07.249+0000] {processor.py:161} INFO - Started process (PID=1313) to work on /home/airflow/.local/lib/python3.12/site-packages/airflow/example_dags/example_branch_python_dop_operator_3.py
[2024-07-16T19:13:07.250+0000] {processor.py:830} INFO - Processing file /home/airflow/.local/lib/python3.12/site-packages/airflow/example_dags/example_branch_python_dop_operator_3.py for tasks to queue
[2024-07-16T19:13:07.250+0000] {logging_mixin.py:188} INFO - [2024-07-16T19:13:07.250+0000] {dagbag.py:545} INFO - Filling up the DagBag from /home/airflow/.local/lib/python3.12/site-packages/airflow/example_dags/example_branch_python_dop_operator_3.py
[2024-07-16T19:13:07.261+0000] {processor.py:840} INFO - DAG(s) 'example_branch_dop_operator_v3' retrieved from /home/airflow/.local/lib/python3.12/site-packages/airflow/example_dags/example_branch_python_dop_operator_3.py
[2024-07-16T19:13:07.287+0000] {logging_mixin.py:188} INFO - [2024-07-16T19:13:07.286+0000] {dag.py:3096} INFO - Sync 1 DAGs
[2024-07-16T19:13:07.318+0000] {logging_mixin.py:188} INFO - [2024-07-16T19:13:07.318+0000] {dag.py:3954} INFO - Setting next_dagrun for example_branch_dop_operator_v3 to 2024-07-16 19:12:00+00:00, run_after=2024-07-16 19:13:00+00:00
[2024-07-16T19:13:07.344+0000] {processor.py:183} INFO - Processing /home/airflow/.local/lib/python3.12/site-packages/airflow/example_dags/example_branch_python_dop_operator_3.py took 0.101 seconds
[2024-07-16T19:13:37.405+0000] {processor.py:161} INFO - Started process (PID=1372) to work on /home/airflow/.local/lib/python3.12/site-packages/airflow/example_dags/example_branch_python_dop_operator_3.py
[2024-07-16T19:13:37.406+0000] {processor.py:830} INFO - Processing file /home/airflow/.local/lib/python3.12/site-packages/airflow/example_dags/example_branch_python_dop_operator_3.py for tasks to queue
[2024-07-16T19:13:37.407+0000] {logging_mixin.py:188} INFO - [2024-07-16T19:13:37.407+0000] {dagbag.py:545} INFO - Filling up the DagBag from /home/airflow/.local/lib/python3.12/site-packages/airflow/example_dags/example_branch_python_dop_operator_3.py
[2024-07-16T19:13:37.418+0000] {processor.py:840} INFO - DAG(s) 'example_branch_dop_operator_v3' retrieved from /home/airflow/.local/lib/python3.12/site-packages/airflow/example_dags/example_branch_python_dop_operator_3.py
[2024-07-16T19:13:37.451+0000] {logging_mixin.py:188} INFO - [2024-07-16T19:13:37.450+0000] {dag.py:3096} INFO - Sync 1 DAGs
[2024-07-16T19:13:37.487+0000] {logging_mixin.py:188} INFO - [2024-07-16T19:13:37.487+0000] {dag.py:3954} INFO - Setting next_dagrun for example_branch_dop_operator_v3 to 2024-07-16 19:12:00+00:00, run_after=2024-07-16 19:13:00+00:00
[2024-07-16T19:13:37.512+0000] {processor.py:183} INFO - Processing /home/airflow/.local/lib/python3.12/site-packages/airflow/example_dags/example_branch_python_dop_operator_3.py took 0.114 seconds
[2024-07-16T19:14:07.883+0000] {processor.py:161} INFO - Started process (PID=1431) to work on /home/airflow/.local/lib/python3.12/site-packages/airflow/example_dags/example_branch_python_dop_operator_3.py
[2024-07-16T19:14:07.884+0000] {processor.py:830} INFO - Processing file /home/airflow/.local/lib/python3.12/site-packages/airflow/example_dags/example_branch_python_dop_operator_3.py for tasks to queue
[2024-07-16T19:14:07.885+0000] {logging_mixin.py:188} INFO - [2024-07-16T19:14:07.884+0000] {dagbag.py:545} INFO - Filling up the DagBag from /home/airflow/.local/lib/python3.12/site-packages/airflow/example_dags/example_branch_python_dop_operator_3.py
[2024-07-16T19:14:07.895+0000] {processor.py:840} INFO - DAG(s) 'example_branch_dop_operator_v3' retrieved from /home/airflow/.local/lib/python3.12/site-packages/airflow/example_dags/example_branch_python_dop_operator_3.py
[2024-07-16T19:14:07.919+0000] {logging_mixin.py:188} INFO - [2024-07-16T19:14:07.919+0000] {dag.py:3096} INFO - Sync 1 DAGs
[2024-07-16T19:14:07.951+0000] {logging_mixin.py:188} INFO - [2024-07-16T19:14:07.951+0000] {dag.py:3954} INFO - Setting next_dagrun for example_branch_dop_operator_v3 to 2024-07-16 19:13:00+00:00, run_after=2024-07-16 19:14:00+00:00
[2024-07-16T19:14:07.978+0000] {processor.py:183} INFO - Processing /home/airflow/.local/lib/python3.12/site-packages/airflow/example_dags/example_branch_python_dop_operator_3.py took 0.101 seconds
[2024-07-16T19:14:38.587+0000] {processor.py:161} INFO - Started process (PID=1489) to work on /home/airflow/.local/lib/python3.12/site-packages/airflow/example_dags/example_branch_python_dop_operator_3.py
[2024-07-16T19:14:38.588+0000] {processor.py:830} INFO - Processing file /home/airflow/.local/lib/python3.12/site-packages/airflow/example_dags/example_branch_python_dop_operator_3.py for tasks to queue
[2024-07-16T19:14:38.589+0000] {logging_mixin.py:188} INFO - [2024-07-16T19:14:38.589+0000] {dagbag.py:545} INFO - Filling up the DagBag from /home/airflow/.local/lib/python3.12/site-packages/airflow/example_dags/example_branch_python_dop_operator_3.py
[2024-07-16T19:14:38.604+0000] {processor.py:840} INFO - DAG(s) 'example_branch_dop_operator_v3' retrieved from /home/airflow/.local/lib/python3.12/site-packages/airflow/example_dags/example_branch_python_dop_operator_3.py
[2024-07-16T19:14:38.641+0000] {logging_mixin.py:188} INFO - [2024-07-16T19:14:38.641+0000] {dag.py:3096} INFO - Sync 1 DAGs
[2024-07-16T19:14:38.678+0000] {logging_mixin.py:188} INFO - [2024-07-16T19:14:38.678+0000] {dag.py:3954} INFO - Setting next_dagrun for example_branch_dop_operator_v3 to 2024-07-16 19:13:00+00:00, run_after=2024-07-16 19:14:00+00:00
[2024-07-16T19:14:38.702+0000] {processor.py:183} INFO - Processing /home/airflow/.local/lib/python3.12/site-packages/airflow/example_dags/example_branch_python_dop_operator_3.py took 0.121 seconds
[2024-07-16T19:15:09.390+0000] {processor.py:161} INFO - Started process (PID=1548) to work on /home/airflow/.local/lib/python3.12/site-packages/airflow/example_dags/example_branch_python_dop_operator_3.py
[2024-07-16T19:15:09.391+0000] {processor.py:830} INFO - Processing file /home/airflow/.local/lib/python3.12/site-packages/airflow/example_dags/example_branch_python_dop_operator_3.py for tasks to queue
[2024-07-16T19:15:09.392+0000] {logging_mixin.py:188} INFO - [2024-07-16T19:15:09.391+0000] {dagbag.py:545} INFO - Filling up the DagBag from /home/airflow/.local/lib/python3.12/site-packages/airflow/example_dags/example_branch_python_dop_operator_3.py
[2024-07-16T19:15:09.401+0000] {processor.py:840} INFO - DAG(s) 'example_branch_dop_operator_v3' retrieved from /home/airflow/.local/lib/python3.12/site-packages/airflow/example_dags/example_branch_python_dop_operator_3.py
[2024-07-16T19:15:09.425+0000] {logging_mixin.py:188} INFO - [2024-07-16T19:15:09.425+0000] {dag.py:3096} INFO - Sync 1 DAGs
[2024-07-16T19:15:09.459+0000] {logging_mixin.py:188} INFO - [2024-07-16T19:15:09.459+0000] {dag.py:3954} INFO - Setting next_dagrun for example_branch_dop_operator_v3 to 2024-07-16 19:14:00+00:00, run_after=2024-07-16 19:15:00+00:00
[2024-07-16T19:15:09.485+0000] {processor.py:183} INFO - Processing /home/airflow/.local/lib/python3.12/site-packages/airflow/example_dags/example_branch_python_dop_operator_3.py took 0.101 seconds
[2024-07-16T19:19:11.180+0000] {processor.py:161} INFO - Started process (PID=43) to work on /home/airflow/.local/lib/python3.12/site-packages/airflow/example_dags/example_branch_python_dop_operator_3.py
[2024-07-16T19:19:11.189+0000] {processor.py:830} INFO - Processing file /home/airflow/.local/lib/python3.12/site-packages/airflow/example_dags/example_branch_python_dop_operator_3.py for tasks to queue
[2024-07-16T19:19:11.191+0000] {logging_mixin.py:188} INFO - [2024-07-16T19:19:11.191+0000] {dagbag.py:545} INFO - Filling up the DagBag from /home/airflow/.local/lib/python3.12/site-packages/airflow/example_dags/example_branch_python_dop_operator_3.py
[2024-07-16T19:19:11.232+0000] {processor.py:840} INFO - DAG(s) 'example_branch_dop_operator_v3' retrieved from /home/airflow/.local/lib/python3.12/site-packages/airflow/example_dags/example_branch_python_dop_operator_3.py
[2024-07-16T19:19:11.630+0000] {logging_mixin.py:188} INFO - [2024-07-16T19:19:11.629+0000] {dag.py:3096} INFO - Sync 1 DAGs
[2024-07-16T19:19:11.709+0000] {logging_mixin.py:188} INFO - [2024-07-16T19:19:11.709+0000] {dag.py:3954} INFO - Setting next_dagrun for example_branch_dop_operator_v3 to 2024-07-16 19:18:00+00:00, run_after=2024-07-16 19:19:00+00:00
[2024-07-16T19:19:11.765+0000] {processor.py:183} INFO - Processing /home/airflow/.local/lib/python3.12/site-packages/airflow/example_dags/example_branch_python_dop_operator_3.py took 0.600 seconds
[2024-07-16T19:19:41.935+0000] {processor.py:161} INFO - Started process (PID=102) to work on /home/airflow/.local/lib/python3.12/site-packages/airflow/example_dags/example_branch_python_dop_operator_3.py
[2024-07-16T19:19:41.935+0000] {processor.py:830} INFO - Processing file /home/airflow/.local/lib/python3.12/site-packages/airflow/example_dags/example_branch_python_dop_operator_3.py for tasks to queue
[2024-07-16T19:19:41.937+0000] {logging_mixin.py:188} INFO - [2024-07-16T19:19:41.937+0000] {dagbag.py:545} INFO - Filling up the DagBag from /home/airflow/.local/lib/python3.12/site-packages/airflow/example_dags/example_branch_python_dop_operator_3.py
[2024-07-16T19:19:41.945+0000] {processor.py:840} INFO - DAG(s) 'example_branch_dop_operator_v3' retrieved from /home/airflow/.local/lib/python3.12/site-packages/airflow/example_dags/example_branch_python_dop_operator_3.py
[2024-07-16T19:19:41.961+0000] {logging_mixin.py:188} INFO - [2024-07-16T19:19:41.961+0000] {dag.py:3096} INFO - Sync 1 DAGs
[2024-07-16T19:19:41.981+0000] {logging_mixin.py:188} INFO - [2024-07-16T19:19:41.981+0000] {dag.py:3954} INFO - Setting next_dagrun for example_branch_dop_operator_v3 to 2024-07-16 19:18:00+00:00, run_after=2024-07-16 19:19:00+00:00
[2024-07-16T19:19:42.001+0000] {processor.py:183} INFO - Processing /home/airflow/.local/lib/python3.12/site-packages/airflow/example_dags/example_branch_python_dop_operator_3.py took 0.071 seconds
[2024-07-16T19:20:12.346+0000] {processor.py:161} INFO - Started process (PID=162) to work on /home/airflow/.local/lib/python3.12/site-packages/airflow/example_dags/example_branch_python_dop_operator_3.py
[2024-07-16T19:20:12.346+0000] {processor.py:830} INFO - Processing file /home/airflow/.local/lib/python3.12/site-packages/airflow/example_dags/example_branch_python_dop_operator_3.py for tasks to queue
[2024-07-16T19:20:12.348+0000] {logging_mixin.py:188} INFO - [2024-07-16T19:20:12.347+0000] {dagbag.py:545} INFO - Filling up the DagBag from /home/airflow/.local/lib/python3.12/site-packages/airflow/example_dags/example_branch_python_dop_operator_3.py
[2024-07-16T19:20:12.355+0000] {processor.py:840} INFO - DAG(s) 'example_branch_dop_operator_v3' retrieved from /home/airflow/.local/lib/python3.12/site-packages/airflow/example_dags/example_branch_python_dop_operator_3.py
[2024-07-16T19:20:12.370+0000] {logging_mixin.py:188} INFO - [2024-07-16T19:20:12.370+0000] {dag.py:3096} INFO - Sync 1 DAGs
[2024-07-16T19:20:12.391+0000] {logging_mixin.py:188} INFO - [2024-07-16T19:20:12.390+0000] {dag.py:3954} INFO - Setting next_dagrun for example_branch_dop_operator_v3 to 2024-07-16 19:19:00+00:00, run_after=2024-07-16 19:20:00+00:00
[2024-07-16T19:20:12.413+0000] {processor.py:183} INFO - Processing /home/airflow/.local/lib/python3.12/site-packages/airflow/example_dags/example_branch_python_dop_operator_3.py took 0.073 seconds
[2024-07-16T19:20:42.736+0000] {processor.py:161} INFO - Started process (PID=221) to work on /home/airflow/.local/lib/python3.12/site-packages/airflow/example_dags/example_branch_python_dop_operator_3.py
[2024-07-16T19:20:42.737+0000] {processor.py:830} INFO - Processing file /home/airflow/.local/lib/python3.12/site-packages/airflow/example_dags/example_branch_python_dop_operator_3.py for tasks to queue
[2024-07-16T19:20:42.739+0000] {logging_mixin.py:188} INFO - [2024-07-16T19:20:42.738+0000] {dagbag.py:545} INFO - Filling up the DagBag from /home/airflow/.local/lib/python3.12/site-packages/airflow/example_dags/example_branch_python_dop_operator_3.py
[2024-07-16T19:20:42.746+0000] {processor.py:840} INFO - DAG(s) 'example_branch_dop_operator_v3' retrieved from /home/airflow/.local/lib/python3.12/site-packages/airflow/example_dags/example_branch_python_dop_operator_3.py
[2024-07-16T19:20:42.762+0000] {logging_mixin.py:188} INFO - [2024-07-16T19:20:42.761+0000] {dag.py:3096} INFO - Sync 1 DAGs
[2024-07-16T19:20:42.782+0000] {logging_mixin.py:188} INFO - [2024-07-16T19:20:42.782+0000] {dag.py:3954} INFO - Setting next_dagrun for example_branch_dop_operator_v3 to 2024-07-16 19:19:00+00:00, run_after=2024-07-16 19:20:00+00:00
[2024-07-16T19:20:42.803+0000] {processor.py:183} INFO - Processing /home/airflow/.local/lib/python3.12/site-packages/airflow/example_dags/example_branch_python_dop_operator_3.py took 0.071 seconds
[2024-07-16T19:21:13.631+0000] {processor.py:161} INFO - Started process (PID=279) to work on /home/airflow/.local/lib/python3.12/site-packages/airflow/example_dags/example_branch_python_dop_operator_3.py
[2024-07-16T19:21:13.633+0000] {processor.py:830} INFO - Processing file /home/airflow/.local/lib/python3.12/site-packages/airflow/example_dags/example_branch_python_dop_operator_3.py for tasks to queue
[2024-07-16T19:21:13.635+0000] {logging_mixin.py:188} INFO - [2024-07-16T19:21:13.634+0000] {dagbag.py:545} INFO - Filling up the DagBag from /home/airflow/.local/lib/python3.12/site-packages/airflow/example_dags/example_branch_python_dop_operator_3.py
[2024-07-16T19:21:13.670+0000] {processor.py:840} INFO - DAG(s) 'example_branch_dop_operator_v3' retrieved from /home/airflow/.local/lib/python3.12/site-packages/airflow/example_dags/example_branch_python_dop_operator_3.py
[2024-07-16T19:21:13.719+0000] {logging_mixin.py:188} INFO - [2024-07-16T19:21:13.719+0000] {dag.py:3096} INFO - Sync 1 DAGs
[2024-07-16T19:21:13.803+0000] {logging_mixin.py:188} INFO - [2024-07-16T19:21:13.803+0000] {dag.py:3954} INFO - Setting next_dagrun for example_branch_dop_operator_v3 to 2024-07-16 19:20:00+00:00, run_after=2024-07-16 19:21:00+00:00
[2024-07-16T19:21:13.857+0000] {processor.py:183} INFO - Processing /home/airflow/.local/lib/python3.12/site-packages/airflow/example_dags/example_branch_python_dop_operator_3.py took 0.253 seconds
[2024-07-16T19:21:44.563+0000] {processor.py:161} INFO - Started process (PID=338) to work on /home/airflow/.local/lib/python3.12/site-packages/airflow/example_dags/example_branch_python_dop_operator_3.py
[2024-07-16T19:21:44.564+0000] {processor.py:830} INFO - Processing file /home/airflow/.local/lib/python3.12/site-packages/airflow/example_dags/example_branch_python_dop_operator_3.py for tasks to queue
[2024-07-16T19:21:44.566+0000] {logging_mixin.py:188} INFO - [2024-07-16T19:21:44.566+0000] {dagbag.py:545} INFO - Filling up the DagBag from /home/airflow/.local/lib/python3.12/site-packages/airflow/example_dags/example_branch_python_dop_operator_3.py
[2024-07-16T19:21:44.575+0000] {processor.py:840} INFO - DAG(s) 'example_branch_dop_operator_v3' retrieved from /home/airflow/.local/lib/python3.12/site-packages/airflow/example_dags/example_branch_python_dop_operator_3.py
[2024-07-16T19:21:44.594+0000] {logging_mixin.py:188} INFO - [2024-07-16T19:21:44.593+0000] {dag.py:3096} INFO - Sync 1 DAGs
[2024-07-16T19:21:44.615+0000] {logging_mixin.py:188} INFO - [2024-07-16T19:21:44.615+0000] {dag.py:3954} INFO - Setting next_dagrun for example_branch_dop_operator_v3 to 2024-07-16 19:20:00+00:00, run_after=2024-07-16 19:21:00+00:00
[2024-07-16T19:21:44.634+0000] {processor.py:183} INFO - Processing /home/airflow/.local/lib/python3.12/site-packages/airflow/example_dags/example_branch_python_dop_operator_3.py took 0.078 seconds
[2024-07-16T19:22:14.824+0000] {processor.py:161} INFO - Started process (PID=398) to work on /home/airflow/.local/lib/python3.12/site-packages/airflow/example_dags/example_branch_python_dop_operator_3.py
[2024-07-16T19:22:14.824+0000] {processor.py:830} INFO - Processing file /home/airflow/.local/lib/python3.12/site-packages/airflow/example_dags/example_branch_python_dop_operator_3.py for tasks to queue
[2024-07-16T19:22:14.826+0000] {logging_mixin.py:188} INFO - [2024-07-16T19:22:14.826+0000] {dagbag.py:545} INFO - Filling up the DagBag from /home/airflow/.local/lib/python3.12/site-packages/airflow/example_dags/example_branch_python_dop_operator_3.py
[2024-07-16T19:22:14.833+0000] {processor.py:840} INFO - DAG(s) 'example_branch_dop_operator_v3' retrieved from /home/airflow/.local/lib/python3.12/site-packages/airflow/example_dags/example_branch_python_dop_operator_3.py
[2024-07-16T19:22:14.849+0000] {logging_mixin.py:188} INFO - [2024-07-16T19:22:14.849+0000] {dag.py:3096} INFO - Sync 1 DAGs
[2024-07-16T19:22:14.882+0000] {logging_mixin.py:188} INFO - [2024-07-16T19:22:14.882+0000] {dag.py:3954} INFO - Setting next_dagrun for example_branch_dop_operator_v3 to 2024-07-16 19:21:00+00:00, run_after=2024-07-16 19:22:00+00:00
[2024-07-16T19:22:14.908+0000] {processor.py:183} INFO - Processing /home/airflow/.local/lib/python3.12/site-packages/airflow/example_dags/example_branch_python_dop_operator_3.py took 0.090 seconds
[2024-07-16T19:22:45.266+0000] {processor.py:161} INFO - Started process (PID=459) to work on /home/airflow/.local/lib/python3.12/site-packages/airflow/example_dags/example_branch_python_dop_operator_3.py
[2024-07-16T19:22:45.266+0000] {processor.py:830} INFO - Processing file /home/airflow/.local/lib/python3.12/site-packages/airflow/example_dags/example_branch_python_dop_operator_3.py for tasks to queue
[2024-07-16T19:22:45.268+0000] {logging_mixin.py:188} INFO - [2024-07-16T19:22:45.268+0000] {dagbag.py:545} INFO - Filling up the DagBag from /home/airflow/.local/lib/python3.12/site-packages/airflow/example_dags/example_branch_python_dop_operator_3.py
[2024-07-16T19:22:45.275+0000] {processor.py:840} INFO - DAG(s) 'example_branch_dop_operator_v3' retrieved from /home/airflow/.local/lib/python3.12/site-packages/airflow/example_dags/example_branch_python_dop_operator_3.py
[2024-07-16T19:22:45.292+0000] {logging_mixin.py:188} INFO - [2024-07-16T19:22:45.292+0000] {dag.py:3096} INFO - Sync 1 DAGs
[2024-07-16T19:22:45.313+0000] {logging_mixin.py:188} INFO - [2024-07-16T19:22:45.313+0000] {dag.py:3954} INFO - Setting next_dagrun for example_branch_dop_operator_v3 to 2024-07-16 19:21:00+00:00, run_after=2024-07-16 19:22:00+00:00
[2024-07-16T19:22:45.335+0000] {processor.py:183} INFO - Processing /home/airflow/.local/lib/python3.12/site-packages/airflow/example_dags/example_branch_python_dop_operator_3.py took 0.074 seconds
[2024-07-16T19:23:16.290+0000] {processor.py:161} INFO - Started process (PID=527) to work on /home/airflow/.local/lib/python3.12/site-packages/airflow/example_dags/example_branch_python_dop_operator_3.py
[2024-07-16T19:23:16.291+0000] {processor.py:830} INFO - Processing file /home/airflow/.local/lib/python3.12/site-packages/airflow/example_dags/example_branch_python_dop_operator_3.py for tasks to queue
[2024-07-16T19:23:16.293+0000] {logging_mixin.py:188} INFO - [2024-07-16T19:23:16.293+0000] {dagbag.py:545} INFO - Filling up the DagBag from /home/airflow/.local/lib/python3.12/site-packages/airflow/example_dags/example_branch_python_dop_operator_3.py
[2024-07-16T19:23:16.304+0000] {processor.py:840} INFO - DAG(s) 'example_branch_dop_operator_v3' retrieved from /home/airflow/.local/lib/python3.12/site-packages/airflow/example_dags/example_branch_python_dop_operator_3.py
[2024-07-16T19:23:16.323+0000] {logging_mixin.py:188} INFO - [2024-07-16T19:23:16.323+0000] {dag.py:3096} INFO - Sync 1 DAGs
[2024-07-16T19:23:16.344+0000] {logging_mixin.py:188} INFO - [2024-07-16T19:23:16.344+0000] {dag.py:3954} INFO - Setting next_dagrun for example_branch_dop_operator_v3 to 2024-07-16 19:22:00+00:00, run_after=2024-07-16 19:23:00+00:00
[2024-07-16T19:23:16.364+0000] {processor.py:183} INFO - Processing /home/airflow/.local/lib/python3.12/site-packages/airflow/example_dags/example_branch_python_dop_operator_3.py took 0.080 seconds
[2024-07-16T19:23:46.588+0000] {processor.py:161} INFO - Started process (PID=586) to work on /home/airflow/.local/lib/python3.12/site-packages/airflow/example_dags/example_branch_python_dop_operator_3.py
[2024-07-16T19:23:46.589+0000] {processor.py:830} INFO - Processing file /home/airflow/.local/lib/python3.12/site-packages/airflow/example_dags/example_branch_python_dop_operator_3.py for tasks to queue
[2024-07-16T19:23:46.590+0000] {logging_mixin.py:188} INFO - [2024-07-16T19:23:46.590+0000] {dagbag.py:545} INFO - Filling up the DagBag from /home/airflow/.local/lib/python3.12/site-packages/airflow/example_dags/example_branch_python_dop_operator_3.py
[2024-07-16T19:23:46.597+0000] {processor.py:840} INFO - DAG(s) 'example_branch_dop_operator_v3' retrieved from /home/airflow/.local/lib/python3.12/site-packages/airflow/example_dags/example_branch_python_dop_operator_3.py
[2024-07-16T19:23:46.613+0000] {logging_mixin.py:188} INFO - [2024-07-16T19:23:46.613+0000] {dag.py:3096} INFO - Sync 1 DAGs
[2024-07-16T19:23:46.634+0000] {logging_mixin.py:188} INFO - [2024-07-16T19:23:46.634+0000] {dag.py:3954} INFO - Setting next_dagrun for example_branch_dop_operator_v3 to 2024-07-16 19:22:00+00:00, run_after=2024-07-16 19:23:00+00:00
[2024-07-16T19:23:46.657+0000] {processor.py:183} INFO - Processing /home/airflow/.local/lib/python3.12/site-packages/airflow/example_dags/example_branch_python_dop_operator_3.py took 0.075 seconds
[2024-07-16T19:24:17.369+0000] {processor.py:161} INFO - Started process (PID=645) to work on /home/airflow/.local/lib/python3.12/site-packages/airflow/example_dags/example_branch_python_dop_operator_3.py
[2024-07-16T19:24:17.370+0000] {processor.py:830} INFO - Processing file /home/airflow/.local/lib/python3.12/site-packages/airflow/example_dags/example_branch_python_dop_operator_3.py for tasks to queue
[2024-07-16T19:24:17.371+0000] {logging_mixin.py:188} INFO - [2024-07-16T19:24:17.370+0000] {dagbag.py:545} INFO - Filling up the DagBag from /home/airflow/.local/lib/python3.12/site-packages/airflow/example_dags/example_branch_python_dop_operator_3.py
[2024-07-16T19:24:17.378+0000] {processor.py:840} INFO - DAG(s) 'example_branch_dop_operator_v3' retrieved from /home/airflow/.local/lib/python3.12/site-packages/airflow/example_dags/example_branch_python_dop_operator_3.py
[2024-07-16T19:24:17.395+0000] {logging_mixin.py:188} INFO - [2024-07-16T19:24:17.394+0000] {dag.py:3096} INFO - Sync 1 DAGs
[2024-07-16T19:24:17.415+0000] {logging_mixin.py:188} INFO - [2024-07-16T19:24:17.415+0000] {dag.py:3954} INFO - Setting next_dagrun for example_branch_dop_operator_v3 to 2024-07-16 19:23:00+00:00, run_after=2024-07-16 19:24:00+00:00
[2024-07-16T19:24:17.436+0000] {processor.py:183} INFO - Processing /home/airflow/.local/lib/python3.12/site-packages/airflow/example_dags/example_branch_python_dop_operator_3.py took 0.071 seconds
[2024-07-16T19:24:48.316+0000] {processor.py:161} INFO - Started process (PID=704) to work on /home/airflow/.local/lib/python3.12/site-packages/airflow/example_dags/example_branch_python_dop_operator_3.py
[2024-07-16T19:24:48.316+0000] {processor.py:830} INFO - Processing file /home/airflow/.local/lib/python3.12/site-packages/airflow/example_dags/example_branch_python_dop_operator_3.py for tasks to queue
[2024-07-16T19:24:48.317+0000] {logging_mixin.py:188} INFO - [2024-07-16T19:24:48.317+0000] {dagbag.py:545} INFO - Filling up the DagBag from /home/airflow/.local/lib/python3.12/site-packages/airflow/example_dags/example_branch_python_dop_operator_3.py
[2024-07-16T19:24:48.324+0000] {processor.py:840} INFO - DAG(s) 'example_branch_dop_operator_v3' retrieved from /home/airflow/.local/lib/python3.12/site-packages/airflow/example_dags/example_branch_python_dop_operator_3.py
[2024-07-16T19:24:48.341+0000] {logging_mixin.py:188} INFO - [2024-07-16T19:24:48.340+0000] {dag.py:3096} INFO - Sync 1 DAGs
[2024-07-16T19:24:48.361+0000] {logging_mixin.py:188} INFO - [2024-07-16T19:24:48.361+0000] {dag.py:3954} INFO - Setting next_dagrun for example_branch_dop_operator_v3 to 2024-07-16 19:23:00+00:00, run_after=2024-07-16 19:24:00+00:00
[2024-07-16T19:24:48.380+0000] {processor.py:183} INFO - Processing /home/airflow/.local/lib/python3.12/site-packages/airflow/example_dags/example_branch_python_dop_operator_3.py took 0.069 seconds
[2024-07-16T19:25:18.767+0000] {processor.py:161} INFO - Started process (PID=764) to work on /home/airflow/.local/lib/python3.12/site-packages/airflow/example_dags/example_branch_python_dop_operator_3.py
[2024-07-16T19:25:18.767+0000] {processor.py:830} INFO - Processing file /home/airflow/.local/lib/python3.12/site-packages/airflow/example_dags/example_branch_python_dop_operator_3.py for tasks to queue
[2024-07-16T19:25:18.772+0000] {logging_mixin.py:188} INFO - [2024-07-16T19:25:18.768+0000] {dagbag.py:545} INFO - Filling up the DagBag from /home/airflow/.local/lib/python3.12/site-packages/airflow/example_dags/example_branch_python_dop_operator_3.py
[2024-07-16T19:25:18.835+0000] {processor.py:840} INFO - DAG(s) 'example_branch_dop_operator_v3' retrieved from /home/airflow/.local/lib/python3.12/site-packages/airflow/example_dags/example_branch_python_dop_operator_3.py
[2024-07-16T19:25:18.907+0000] {logging_mixin.py:188} INFO - [2024-07-16T19:25:18.906+0000] {dag.py:3096} INFO - Sync 1 DAGs
[2024-07-16T19:25:18.992+0000] {logging_mixin.py:188} INFO - [2024-07-16T19:25:18.992+0000] {dag.py:3954} INFO - Setting next_dagrun for example_branch_dop_operator_v3 to 2024-07-16 19:24:00+00:00, run_after=2024-07-16 19:25:00+00:00
[2024-07-16T19:25:19.051+0000] {processor.py:183} INFO - Processing /home/airflow/.local/lib/python3.12/site-packages/airflow/example_dags/example_branch_python_dop_operator_3.py took 0.311 seconds
[2024-07-16T19:25:49.826+0000] {processor.py:161} INFO - Started process (PID=823) to work on /home/airflow/.local/lib/python3.12/site-packages/airflow/example_dags/example_branch_python_dop_operator_3.py
[2024-07-16T19:25:49.827+0000] {processor.py:830} INFO - Processing file /home/airflow/.local/lib/python3.12/site-packages/airflow/example_dags/example_branch_python_dop_operator_3.py for tasks to queue
[2024-07-16T19:25:49.828+0000] {logging_mixin.py:188} INFO - [2024-07-16T19:25:49.827+0000] {dagbag.py:545} INFO - Filling up the DagBag from /home/airflow/.local/lib/python3.12/site-packages/airflow/example_dags/example_branch_python_dop_operator_3.py
[2024-07-16T19:25:49.838+0000] {processor.py:840} INFO - DAG(s) 'example_branch_dop_operator_v3' retrieved from /home/airflow/.local/lib/python3.12/site-packages/airflow/example_dags/example_branch_python_dop_operator_3.py
[2024-07-16T19:25:49.864+0000] {logging_mixin.py:188} INFO - [2024-07-16T19:25:49.864+0000] {dag.py:3096} INFO - Sync 1 DAGs
[2024-07-16T19:25:49.898+0000] {logging_mixin.py:188} INFO - [2024-07-16T19:25:49.897+0000] {dag.py:3954} INFO - Setting next_dagrun for example_branch_dop_operator_v3 to 2024-07-16 19:24:00+00:00, run_after=2024-07-16 19:25:00+00:00
[2024-07-16T19:25:49.927+0000] {processor.py:183} INFO - Processing /home/airflow/.local/lib/python3.12/site-packages/airflow/example_dags/example_branch_python_dop_operator_3.py took 0.108 seconds
[2024-07-16T19:26:20.921+0000] {processor.py:161} INFO - Started process (PID=882) to work on /home/airflow/.local/lib/python3.12/site-packages/airflow/example_dags/example_branch_python_dop_operator_3.py
[2024-07-16T19:26:20.922+0000] {processor.py:830} INFO - Processing file /home/airflow/.local/lib/python3.12/site-packages/airflow/example_dags/example_branch_python_dop_operator_3.py for tasks to queue
[2024-07-16T19:26:20.923+0000] {logging_mixin.py:188} INFO - [2024-07-16T19:26:20.923+0000] {dagbag.py:545} INFO - Filling up the DagBag from /home/airflow/.local/lib/python3.12/site-packages/airflow/example_dags/example_branch_python_dop_operator_3.py
[2024-07-16T19:26:20.935+0000] {processor.py:840} INFO - DAG(s) 'example_branch_dop_operator_v3' retrieved from /home/airflow/.local/lib/python3.12/site-packages/airflow/example_dags/example_branch_python_dop_operator_3.py
[2024-07-16T19:26:20.988+0000] {logging_mixin.py:188} INFO - [2024-07-16T19:26:20.987+0000] {dag.py:3096} INFO - Sync 1 DAGs
[2024-07-16T19:26:21.028+0000] {logging_mixin.py:188} INFO - [2024-07-16T19:26:21.028+0000] {dag.py:3954} INFO - Setting next_dagrun for example_branch_dop_operator_v3 to 2024-07-16 19:25:00+00:00, run_after=2024-07-16 19:26:00+00:00
[2024-07-16T19:26:21.059+0000] {processor.py:183} INFO - Processing /home/airflow/.local/lib/python3.12/site-packages/airflow/example_dags/example_branch_python_dop_operator_3.py took 0.144 seconds
[2024-07-16T19:26:52.061+0000] {processor.py:161} INFO - Started process (PID=941) to work on /home/airflow/.local/lib/python3.12/site-packages/airflow/example_dags/example_branch_python_dop_operator_3.py
[2024-07-16T19:26:52.066+0000] {processor.py:830} INFO - Processing file /home/airflow/.local/lib/python3.12/site-packages/airflow/example_dags/example_branch_python_dop_operator_3.py for tasks to queue
[2024-07-16T19:26:52.067+0000] {logging_mixin.py:188} INFO - [2024-07-16T19:26:52.067+0000] {dagbag.py:545} INFO - Filling up the DagBag from /home/airflow/.local/lib/python3.12/site-packages/airflow/example_dags/example_branch_python_dop_operator_3.py
[2024-07-16T19:26:52.079+0000] {processor.py:840} INFO - DAG(s) 'example_branch_dop_operator_v3' retrieved from /home/airflow/.local/lib/python3.12/site-packages/airflow/example_dags/example_branch_python_dop_operator_3.py
[2024-07-16T19:26:52.104+0000] {logging_mixin.py:188} INFO - [2024-07-16T19:26:52.103+0000] {dag.py:3096} INFO - Sync 1 DAGs
[2024-07-16T19:26:52.135+0000] {logging_mixin.py:188} INFO - [2024-07-16T19:26:52.135+0000] {dag.py:3954} INFO - Setting next_dagrun for example_branch_dop_operator_v3 to 2024-07-16 19:25:00+00:00, run_after=2024-07-16 19:26:00+00:00
[2024-07-16T19:26:52.162+0000] {processor.py:183} INFO - Processing /home/airflow/.local/lib/python3.12/site-packages/airflow/example_dags/example_branch_python_dop_operator_3.py took 0.106 seconds
