[2024-07-16T19:02:33.306+0000] {processor.py:161} INFO - Started process (PID=72) to work on /home/airflow/.local/lib/python3.12/site-packages/airflow/example_dags/example_dag_decorator.py
[2024-07-16T19:02:33.309+0000] {processor.py:830} INFO - Processing file /home/airflow/.local/lib/python3.12/site-packages/airflow/example_dags/example_dag_decorator.py for tasks to queue
[2024-07-16T19:02:33.311+0000] {logging_mixin.py:188} INFO - [2024-07-16T19:02:33.311+0000] {dagbag.py:545} INFO - Filling up the DagBag from /home/airflow/.local/lib/python3.12/site-packages/airflow/example_dags/example_dag_decorator.py
[2024-07-16T19:02:34.293+0000] {processor.py:840} INFO - DAG(s) 'example_dag_decorator' retrieved from /home/airflow/.local/lib/python3.12/site-packages/airflow/example_dags/example_dag_decorator.py
[2024-07-16T19:02:34.647+0000] {logging_mixin.py:188} INFO - [2024-07-16T19:02:34.647+0000] {dag.py:3096} INFO - Sync 1 DAGs
[2024-07-16T19:02:34.689+0000] {logging_mixin.py:188} INFO - [2024-07-16T19:02:34.688+0000] {dag.py:3954} INFO - Setting next_dagrun for example_dag_decorator to None, run_after=None
[2024-07-16T19:02:34.758+0000] {processor.py:183} INFO - Processing /home/airflow/.local/lib/python3.12/site-packages/airflow/example_dags/example_dag_decorator.py took 1.464 seconds
[2024-07-16T19:03:05.593+0000] {processor.py:161} INFO - Started process (PID=133) to work on /home/airflow/.local/lib/python3.12/site-packages/airflow/example_dags/example_dag_decorator.py
[2024-07-16T19:03:05.594+0000] {processor.py:830} INFO - Processing file /home/airflow/.local/lib/python3.12/site-packages/airflow/example_dags/example_dag_decorator.py for tasks to queue
[2024-07-16T19:03:05.596+0000] {logging_mixin.py:188} INFO - [2024-07-16T19:03:05.595+0000] {dagbag.py:545} INFO - Filling up the DagBag from /home/airflow/.local/lib/python3.12/site-packages/airflow/example_dags/example_dag_decorator.py
[2024-07-16T19:03:05.759+0000] {processor.py:840} INFO - DAG(s) 'example_dag_decorator' retrieved from /home/airflow/.local/lib/python3.12/site-packages/airflow/example_dags/example_dag_decorator.py
[2024-07-16T19:03:05.960+0000] {logging_mixin.py:188} INFO - [2024-07-16T19:03:05.960+0000] {dag.py:3096} INFO - Sync 1 DAGs
[2024-07-16T19:03:05.971+0000] {logging_mixin.py:188} INFO - [2024-07-16T19:03:05.971+0000] {dag.py:3954} INFO - Setting next_dagrun for example_dag_decorator to None, run_after=None
[2024-07-16T19:03:05.996+0000] {processor.py:183} INFO - Processing /home/airflow/.local/lib/python3.12/site-packages/airflow/example_dags/example_dag_decorator.py took 0.410 seconds
[2024-07-16T19:03:36.767+0000] {processor.py:161} INFO - Started process (PID=193) to work on /home/airflow/.local/lib/python3.12/site-packages/airflow/example_dags/example_dag_decorator.py
[2024-07-16T19:03:36.768+0000] {processor.py:830} INFO - Processing file /home/airflow/.local/lib/python3.12/site-packages/airflow/example_dags/example_dag_decorator.py for tasks to queue
[2024-07-16T19:03:36.770+0000] {logging_mixin.py:188} INFO - [2024-07-16T19:03:36.770+0000] {dagbag.py:545} INFO - Filling up the DagBag from /home/airflow/.local/lib/python3.12/site-packages/airflow/example_dags/example_dag_decorator.py
[2024-07-16T19:03:36.933+0000] {processor.py:840} INFO - DAG(s) 'example_dag_decorator' retrieved from /home/airflow/.local/lib/python3.12/site-packages/airflow/example_dags/example_dag_decorator.py
[2024-07-16T19:03:37.041+0000] {logging_mixin.py:188} INFO - [2024-07-16T19:03:37.040+0000] {dag.py:3096} INFO - Sync 1 DAGs
[2024-07-16T19:03:37.053+0000] {logging_mixin.py:188} INFO - [2024-07-16T19:03:37.052+0000] {dag.py:3954} INFO - Setting next_dagrun for example_dag_decorator to None, run_after=None
[2024-07-16T19:03:37.078+0000] {processor.py:183} INFO - Processing /home/airflow/.local/lib/python3.12/site-packages/airflow/example_dags/example_dag_decorator.py took 0.317 seconds
[2024-07-16T19:04:07.421+0000] {processor.py:161} INFO - Started process (PID=253) to work on /home/airflow/.local/lib/python3.12/site-packages/airflow/example_dags/example_dag_decorator.py
[2024-07-16T19:04:07.422+0000] {processor.py:830} INFO - Processing file /home/airflow/.local/lib/python3.12/site-packages/airflow/example_dags/example_dag_decorator.py for tasks to queue
[2024-07-16T19:04:07.424+0000] {logging_mixin.py:188} INFO - [2024-07-16T19:04:07.424+0000] {dagbag.py:545} INFO - Filling up the DagBag from /home/airflow/.local/lib/python3.12/site-packages/airflow/example_dags/example_dag_decorator.py
[2024-07-16T19:04:07.592+0000] {processor.py:840} INFO - DAG(s) 'example_dag_decorator' retrieved from /home/airflow/.local/lib/python3.12/site-packages/airflow/example_dags/example_dag_decorator.py
[2024-07-16T19:04:07.736+0000] {logging_mixin.py:188} INFO - [2024-07-16T19:04:07.736+0000] {dag.py:3096} INFO - Sync 1 DAGs
[2024-07-16T19:04:07.750+0000] {logging_mixin.py:188} INFO - [2024-07-16T19:04:07.750+0000] {dag.py:3954} INFO - Setting next_dagrun for example_dag_decorator to None, run_after=None
[2024-07-16T19:04:07.777+0000] {processor.py:183} INFO - Processing /home/airflow/.local/lib/python3.12/site-packages/airflow/example_dags/example_dag_decorator.py took 0.369 seconds
[2024-07-16T19:04:37.880+0000] {processor.py:161} INFO - Started process (PID=312) to work on /home/airflow/.local/lib/python3.12/site-packages/airflow/example_dags/example_dag_decorator.py
[2024-07-16T19:04:37.882+0000] {processor.py:830} INFO - Processing file /home/airflow/.local/lib/python3.12/site-packages/airflow/example_dags/example_dag_decorator.py for tasks to queue
[2024-07-16T19:04:37.884+0000] {logging_mixin.py:188} INFO - [2024-07-16T19:04:37.883+0000] {dagbag.py:545} INFO - Filling up the DagBag from /home/airflow/.local/lib/python3.12/site-packages/airflow/example_dags/example_dag_decorator.py
[2024-07-16T19:04:38.051+0000] {processor.py:840} INFO - DAG(s) 'example_dag_decorator' retrieved from /home/airflow/.local/lib/python3.12/site-packages/airflow/example_dags/example_dag_decorator.py
[2024-07-16T19:04:38.239+0000] {logging_mixin.py:188} INFO - [2024-07-16T19:04:38.239+0000] {dag.py:3096} INFO - Sync 1 DAGs
[2024-07-16T19:04:38.258+0000] {logging_mixin.py:188} INFO - [2024-07-16T19:04:38.253+0000] {dag.py:3954} INFO - Setting next_dagrun for example_dag_decorator to None, run_after=None
[2024-07-16T19:04:38.294+0000] {processor.py:183} INFO - Processing /home/airflow/.local/lib/python3.12/site-packages/airflow/example_dags/example_dag_decorator.py took 0.421 seconds
[2024-07-16T19:05:09.103+0000] {processor.py:161} INFO - Started process (PID=375) to work on /home/airflow/.local/lib/python3.12/site-packages/airflow/example_dags/example_dag_decorator.py
[2024-07-16T19:05:09.104+0000] {processor.py:830} INFO - Processing file /home/airflow/.local/lib/python3.12/site-packages/airflow/example_dags/example_dag_decorator.py for tasks to queue
[2024-07-16T19:05:09.106+0000] {logging_mixin.py:188} INFO - [2024-07-16T19:05:09.106+0000] {dagbag.py:545} INFO - Filling up the DagBag from /home/airflow/.local/lib/python3.12/site-packages/airflow/example_dags/example_dag_decorator.py
[2024-07-16T19:05:09.296+0000] {processor.py:840} INFO - DAG(s) 'example_dag_decorator' retrieved from /home/airflow/.local/lib/python3.12/site-packages/airflow/example_dags/example_dag_decorator.py
[2024-07-16T19:05:09.404+0000] {logging_mixin.py:188} INFO - [2024-07-16T19:05:09.404+0000] {dag.py:3096} INFO - Sync 1 DAGs
[2024-07-16T19:05:09.413+0000] {logging_mixin.py:188} INFO - [2024-07-16T19:05:09.412+0000] {dag.py:3954} INFO - Setting next_dagrun for example_dag_decorator to None, run_after=None
[2024-07-16T19:05:09.432+0000] {processor.py:183} INFO - Processing /home/airflow/.local/lib/python3.12/site-packages/airflow/example_dags/example_dag_decorator.py took 0.335 seconds
[2024-07-16T19:05:39.955+0000] {processor.py:161} INFO - Started process (PID=436) to work on /home/airflow/.local/lib/python3.12/site-packages/airflow/example_dags/example_dag_decorator.py
[2024-07-16T19:05:39.963+0000] {processor.py:830} INFO - Processing file /home/airflow/.local/lib/python3.12/site-packages/airflow/example_dags/example_dag_decorator.py for tasks to queue
[2024-07-16T19:05:39.967+0000] {logging_mixin.py:188} INFO - [2024-07-16T19:05:39.966+0000] {dagbag.py:545} INFO - Filling up the DagBag from /home/airflow/.local/lib/python3.12/site-packages/airflow/example_dags/example_dag_decorator.py
[2024-07-16T19:05:40.177+0000] {processor.py:840} INFO - DAG(s) 'example_dag_decorator' retrieved from /home/airflow/.local/lib/python3.12/site-packages/airflow/example_dags/example_dag_decorator.py
[2024-07-16T19:05:40.329+0000] {logging_mixin.py:188} INFO - [2024-07-16T19:05:40.329+0000] {dag.py:3096} INFO - Sync 1 DAGs
[2024-07-16T19:05:40.343+0000] {logging_mixin.py:188} INFO - [2024-07-16T19:05:40.343+0000] {dag.py:3954} INFO - Setting next_dagrun for example_dag_decorator to None, run_after=None
[2024-07-16T19:05:40.369+0000] {processor.py:183} INFO - Processing /home/airflow/.local/lib/python3.12/site-packages/airflow/example_dags/example_dag_decorator.py took 0.422 seconds
[2024-07-16T19:06:10.693+0000] {processor.py:161} INFO - Started process (PID=496) to work on /home/airflow/.local/lib/python3.12/site-packages/airflow/example_dags/example_dag_decorator.py
[2024-07-16T19:06:10.706+0000] {processor.py:830} INFO - Processing file /home/airflow/.local/lib/python3.12/site-packages/airflow/example_dags/example_dag_decorator.py for tasks to queue
[2024-07-16T19:06:10.708+0000] {logging_mixin.py:188} INFO - [2024-07-16T19:06:10.707+0000] {dagbag.py:545} INFO - Filling up the DagBag from /home/airflow/.local/lib/python3.12/site-packages/airflow/example_dags/example_dag_decorator.py
[2024-07-16T19:06:11.286+0000] {processor.py:840} INFO - DAG(s) 'example_dag_decorator' retrieved from /home/airflow/.local/lib/python3.12/site-packages/airflow/example_dags/example_dag_decorator.py
[2024-07-16T19:06:11.861+0000] {logging_mixin.py:188} INFO - [2024-07-16T19:06:11.860+0000] {dag.py:3096} INFO - Sync 1 DAGs
[2024-07-16T19:06:11.900+0000] {logging_mixin.py:188} INFO - [2024-07-16T19:06:11.900+0000] {dag.py:3954} INFO - Setting next_dagrun for example_dag_decorator to None, run_after=None
[2024-07-16T19:06:12.015+0000] {processor.py:183} INFO - Processing /home/airflow/.local/lib/python3.12/site-packages/airflow/example_dags/example_dag_decorator.py took 1.330 seconds
[2024-07-16T19:06:42.148+0000] {processor.py:161} INFO - Started process (PID=557) to work on /home/airflow/.local/lib/python3.12/site-packages/airflow/example_dags/example_dag_decorator.py
[2024-07-16T19:06:42.149+0000] {processor.py:830} INFO - Processing file /home/airflow/.local/lib/python3.12/site-packages/airflow/example_dags/example_dag_decorator.py for tasks to queue
[2024-07-16T19:06:42.150+0000] {logging_mixin.py:188} INFO - [2024-07-16T19:06:42.150+0000] {dagbag.py:545} INFO - Filling up the DagBag from /home/airflow/.local/lib/python3.12/site-packages/airflow/example_dags/example_dag_decorator.py
[2024-07-16T19:06:42.317+0000] {processor.py:840} INFO - DAG(s) 'example_dag_decorator' retrieved from /home/airflow/.local/lib/python3.12/site-packages/airflow/example_dags/example_dag_decorator.py
[2024-07-16T19:06:42.457+0000] {logging_mixin.py:188} INFO - [2024-07-16T19:06:42.457+0000] {dag.py:3096} INFO - Sync 1 DAGs
[2024-07-16T19:06:42.472+0000] {logging_mixin.py:188} INFO - [2024-07-16T19:06:42.471+0000] {dag.py:3954} INFO - Setting next_dagrun for example_dag_decorator to None, run_after=None
[2024-07-16T19:06:42.498+0000] {processor.py:183} INFO - Processing /home/airflow/.local/lib/python3.12/site-packages/airflow/example_dags/example_dag_decorator.py took 0.356 seconds
[2024-07-16T19:07:13.066+0000] {processor.py:161} INFO - Started process (PID=620) to work on /home/airflow/.local/lib/python3.12/site-packages/airflow/example_dags/example_dag_decorator.py
[2024-07-16T19:07:13.067+0000] {processor.py:830} INFO - Processing file /home/airflow/.local/lib/python3.12/site-packages/airflow/example_dags/example_dag_decorator.py for tasks to queue
[2024-07-16T19:07:13.068+0000] {logging_mixin.py:188} INFO - [2024-07-16T19:07:13.067+0000] {dagbag.py:545} INFO - Filling up the DagBag from /home/airflow/.local/lib/python3.12/site-packages/airflow/example_dags/example_dag_decorator.py
[2024-07-16T19:07:13.248+0000] {processor.py:840} INFO - DAG(s) 'example_dag_decorator' retrieved from /home/airflow/.local/lib/python3.12/site-packages/airflow/example_dags/example_dag_decorator.py
[2024-07-16T19:07:13.398+0000] {logging_mixin.py:188} INFO - [2024-07-16T19:07:13.398+0000] {dag.py:3096} INFO - Sync 1 DAGs
[2024-07-16T19:07:13.413+0000] {logging_mixin.py:188} INFO - [2024-07-16T19:07:13.413+0000] {dag.py:3954} INFO - Setting next_dagrun for example_dag_decorator to None, run_after=None
[2024-07-16T19:07:13.445+0000] {processor.py:183} INFO - Processing /home/airflow/.local/lib/python3.12/site-packages/airflow/example_dags/example_dag_decorator.py took 0.388 seconds
[2024-07-16T19:07:44.316+0000] {processor.py:161} INFO - Started process (PID=681) to work on /home/airflow/.local/lib/python3.12/site-packages/airflow/example_dags/example_dag_decorator.py
[2024-07-16T19:07:44.317+0000] {processor.py:830} INFO - Processing file /home/airflow/.local/lib/python3.12/site-packages/airflow/example_dags/example_dag_decorator.py for tasks to queue
[2024-07-16T19:07:44.318+0000] {logging_mixin.py:188} INFO - [2024-07-16T19:07:44.318+0000] {dagbag.py:545} INFO - Filling up the DagBag from /home/airflow/.local/lib/python3.12/site-packages/airflow/example_dags/example_dag_decorator.py
[2024-07-16T19:07:44.471+0000] {processor.py:840} INFO - DAG(s) 'example_dag_decorator' retrieved from /home/airflow/.local/lib/python3.12/site-packages/airflow/example_dags/example_dag_decorator.py
[2024-07-16T19:07:44.608+0000] {logging_mixin.py:188} INFO - [2024-07-16T19:07:44.608+0000] {dag.py:3096} INFO - Sync 1 DAGs
[2024-07-16T19:07:44.869+0000] {logging_mixin.py:188} INFO - [2024-07-16T19:07:44.868+0000] {dag.py:3954} INFO - Setting next_dagrun for example_dag_decorator to None, run_after=None
[2024-07-16T19:07:44.904+0000] {processor.py:183} INFO - Processing /home/airflow/.local/lib/python3.12/site-packages/airflow/example_dags/example_dag_decorator.py took 0.594 seconds
[2024-07-16T19:08:15.030+0000] {processor.py:161} INFO - Started process (PID=740) to work on /home/airflow/.local/lib/python3.12/site-packages/airflow/example_dags/example_dag_decorator.py
[2024-07-16T19:08:15.031+0000] {processor.py:830} INFO - Processing file /home/airflow/.local/lib/python3.12/site-packages/airflow/example_dags/example_dag_decorator.py for tasks to queue
[2024-07-16T19:08:15.031+0000] {logging_mixin.py:188} INFO - [2024-07-16T19:08:15.031+0000] {dagbag.py:545} INFO - Filling up the DagBag from /home/airflow/.local/lib/python3.12/site-packages/airflow/example_dags/example_dag_decorator.py
[2024-07-16T19:08:15.185+0000] {processor.py:840} INFO - DAG(s) 'example_dag_decorator' retrieved from /home/airflow/.local/lib/python3.12/site-packages/airflow/example_dags/example_dag_decorator.py
[2024-07-16T19:08:15.328+0000] {logging_mixin.py:188} INFO - [2024-07-16T19:08:15.327+0000] {dag.py:3096} INFO - Sync 1 DAGs
[2024-07-16T19:08:15.343+0000] {logging_mixin.py:188} INFO - [2024-07-16T19:08:15.343+0000] {dag.py:3954} INFO - Setting next_dagrun for example_dag_decorator to None, run_after=None
[2024-07-16T19:08:15.569+0000] {processor.py:183} INFO - Processing /home/airflow/.local/lib/python3.12/site-packages/airflow/example_dags/example_dag_decorator.py took 0.545 seconds
[2024-07-16T19:08:46.044+0000] {processor.py:161} INFO - Started process (PID=798) to work on /home/airflow/.local/lib/python3.12/site-packages/airflow/example_dags/example_dag_decorator.py
[2024-07-16T19:08:46.046+0000] {processor.py:830} INFO - Processing file /home/airflow/.local/lib/python3.12/site-packages/airflow/example_dags/example_dag_decorator.py for tasks to queue
[2024-07-16T19:08:46.047+0000] {logging_mixin.py:188} INFO - [2024-07-16T19:08:46.046+0000] {dagbag.py:545} INFO - Filling up the DagBag from /home/airflow/.local/lib/python3.12/site-packages/airflow/example_dags/example_dag_decorator.py
[2024-07-16T19:08:46.199+0000] {processor.py:840} INFO - DAG(s) 'example_dag_decorator' retrieved from /home/airflow/.local/lib/python3.12/site-packages/airflow/example_dags/example_dag_decorator.py
[2024-07-16T19:08:46.438+0000] {logging_mixin.py:188} INFO - [2024-07-16T19:08:46.438+0000] {dag.py:3096} INFO - Sync 1 DAGs
[2024-07-16T19:08:46.468+0000] {logging_mixin.py:188} INFO - [2024-07-16T19:08:46.468+0000] {dag.py:3954} INFO - Setting next_dagrun for example_dag_decorator to None, run_after=None
[2024-07-16T19:08:46.558+0000] {processor.py:183} INFO - Processing /home/airflow/.local/lib/python3.12/site-packages/airflow/example_dags/example_dag_decorator.py took 0.520 seconds
[2024-07-16T19:09:16.739+0000] {processor.py:161} INFO - Started process (PID=859) to work on /home/airflow/.local/lib/python3.12/site-packages/airflow/example_dags/example_dag_decorator.py
[2024-07-16T19:09:16.740+0000] {processor.py:830} INFO - Processing file /home/airflow/.local/lib/python3.12/site-packages/airflow/example_dags/example_dag_decorator.py for tasks to queue
[2024-07-16T19:09:16.741+0000] {logging_mixin.py:188} INFO - [2024-07-16T19:09:16.741+0000] {dagbag.py:545} INFO - Filling up the DagBag from /home/airflow/.local/lib/python3.12/site-packages/airflow/example_dags/example_dag_decorator.py
[2024-07-16T19:09:16.901+0000] {processor.py:840} INFO - DAG(s) 'example_dag_decorator' retrieved from /home/airflow/.local/lib/python3.12/site-packages/airflow/example_dags/example_dag_decorator.py
[2024-07-16T19:09:17.063+0000] {logging_mixin.py:188} INFO - [2024-07-16T19:09:17.063+0000] {dag.py:3096} INFO - Sync 1 DAGs
[2024-07-16T19:09:17.077+0000] {logging_mixin.py:188} INFO - [2024-07-16T19:09:17.077+0000] {dag.py:3954} INFO - Setting next_dagrun for example_dag_decorator to None, run_after=None
[2024-07-16T19:09:17.107+0000] {processor.py:183} INFO - Processing /home/airflow/.local/lib/python3.12/site-packages/airflow/example_dags/example_dag_decorator.py took 0.375 seconds
[2024-07-16T19:09:47.150+0000] {processor.py:161} INFO - Started process (PID=921) to work on /home/airflow/.local/lib/python3.12/site-packages/airflow/example_dags/example_dag_decorator.py
[2024-07-16T19:09:47.151+0000] {processor.py:830} INFO - Processing file /home/airflow/.local/lib/python3.12/site-packages/airflow/example_dags/example_dag_decorator.py for tasks to queue
[2024-07-16T19:09:47.153+0000] {logging_mixin.py:188} INFO - [2024-07-16T19:09:47.153+0000] {dagbag.py:545} INFO - Filling up the DagBag from /home/airflow/.local/lib/python3.12/site-packages/airflow/example_dags/example_dag_decorator.py
[2024-07-16T19:09:47.311+0000] {processor.py:840} INFO - DAG(s) 'example_dag_decorator' retrieved from /home/airflow/.local/lib/python3.12/site-packages/airflow/example_dags/example_dag_decorator.py
[2024-07-16T19:09:47.774+0000] {logging_mixin.py:188} INFO - [2024-07-16T19:09:47.774+0000] {dag.py:3096} INFO - Sync 1 DAGs
[2024-07-16T19:09:47.794+0000] {logging_mixin.py:188} INFO - [2024-07-16T19:09:47.794+0000] {dag.py:3954} INFO - Setting next_dagrun for example_dag_decorator to None, run_after=None
[2024-07-16T19:09:47.820+0000] {processor.py:183} INFO - Processing /home/airflow/.local/lib/python3.12/site-packages/airflow/example_dags/example_dag_decorator.py took 0.677 seconds
[2024-07-16T19:10:17.936+0000] {processor.py:161} INFO - Started process (PID=986) to work on /home/airflow/.local/lib/python3.12/site-packages/airflow/example_dags/example_dag_decorator.py
[2024-07-16T19:10:17.937+0000] {processor.py:830} INFO - Processing file /home/airflow/.local/lib/python3.12/site-packages/airflow/example_dags/example_dag_decorator.py for tasks to queue
[2024-07-16T19:10:17.938+0000] {logging_mixin.py:188} INFO - [2024-07-16T19:10:17.938+0000] {dagbag.py:545} INFO - Filling up the DagBag from /home/airflow/.local/lib/python3.12/site-packages/airflow/example_dags/example_dag_decorator.py
[2024-07-16T19:10:18.085+0000] {processor.py:840} INFO - DAG(s) 'example_dag_decorator' retrieved from /home/airflow/.local/lib/python3.12/site-packages/airflow/example_dags/example_dag_decorator.py
[2024-07-16T19:10:18.221+0000] {logging_mixin.py:188} INFO - [2024-07-16T19:10:18.221+0000] {dag.py:3096} INFO - Sync 1 DAGs
[2024-07-16T19:10:18.365+0000] {logging_mixin.py:188} INFO - [2024-07-16T19:10:18.365+0000] {dag.py:3954} INFO - Setting next_dagrun for example_dag_decorator to None, run_after=None
[2024-07-16T19:10:18.385+0000] {processor.py:183} INFO - Processing /home/airflow/.local/lib/python3.12/site-packages/airflow/example_dags/example_dag_decorator.py took 0.456 seconds
[2024-07-16T19:10:48.454+0000] {processor.py:161} INFO - Started process (PID=1041) to work on /home/airflow/.local/lib/python3.12/site-packages/airflow/example_dags/example_dag_decorator.py
[2024-07-16T19:10:48.455+0000] {processor.py:830} INFO - Processing file /home/airflow/.local/lib/python3.12/site-packages/airflow/example_dags/example_dag_decorator.py for tasks to queue
[2024-07-16T19:10:48.456+0000] {logging_mixin.py:188} INFO - [2024-07-16T19:10:48.455+0000] {dagbag.py:545} INFO - Filling up the DagBag from /home/airflow/.local/lib/python3.12/site-packages/airflow/example_dags/example_dag_decorator.py
[2024-07-16T19:10:48.597+0000] {processor.py:840} INFO - DAG(s) 'example_dag_decorator' retrieved from /home/airflow/.local/lib/python3.12/site-packages/airflow/example_dags/example_dag_decorator.py
[2024-07-16T19:10:48.752+0000] {logging_mixin.py:188} INFO - [2024-07-16T19:10:48.752+0000] {dag.py:3096} INFO - Sync 1 DAGs
[2024-07-16T19:10:48.774+0000] {logging_mixin.py:188} INFO - [2024-07-16T19:10:48.774+0000] {dag.py:3954} INFO - Setting next_dagrun for example_dag_decorator to None, run_after=None
[2024-07-16T19:10:48.806+0000] {processor.py:183} INFO - Processing /home/airflow/.local/lib/python3.12/site-packages/airflow/example_dags/example_dag_decorator.py took 0.359 seconds
[2024-07-16T19:11:18.981+0000] {processor.py:161} INFO - Started process (PID=1102) to work on /home/airflow/.local/lib/python3.12/site-packages/airflow/example_dags/example_dag_decorator.py
[2024-07-16T19:11:18.983+0000] {processor.py:830} INFO - Processing file /home/airflow/.local/lib/python3.12/site-packages/airflow/example_dags/example_dag_decorator.py for tasks to queue
[2024-07-16T19:11:18.984+0000] {logging_mixin.py:188} INFO - [2024-07-16T19:11:18.983+0000] {dagbag.py:545} INFO - Filling up the DagBag from /home/airflow/.local/lib/python3.12/site-packages/airflow/example_dags/example_dag_decorator.py
[2024-07-16T19:11:19.134+0000] {processor.py:840} INFO - DAG(s) 'example_dag_decorator' retrieved from /home/airflow/.local/lib/python3.12/site-packages/airflow/example_dags/example_dag_decorator.py
[2024-07-16T19:11:19.525+0000] {logging_mixin.py:188} INFO - [2024-07-16T19:11:19.524+0000] {dag.py:3096} INFO - Sync 1 DAGs
[2024-07-16T19:11:19.553+0000] {logging_mixin.py:188} INFO - [2024-07-16T19:11:19.553+0000] {dag.py:3954} INFO - Setting next_dagrun for example_dag_decorator to None, run_after=None
[2024-07-16T19:11:19.586+0000] {processor.py:183} INFO - Processing /home/airflow/.local/lib/python3.12/site-packages/airflow/example_dags/example_dag_decorator.py took 0.611 seconds
[2024-07-16T19:11:50.436+0000] {processor.py:161} INFO - Started process (PID=1164) to work on /home/airflow/.local/lib/python3.12/site-packages/airflow/example_dags/example_dag_decorator.py
[2024-07-16T19:11:50.438+0000] {processor.py:830} INFO - Processing file /home/airflow/.local/lib/python3.12/site-packages/airflow/example_dags/example_dag_decorator.py for tasks to queue
[2024-07-16T19:11:50.439+0000] {logging_mixin.py:188} INFO - [2024-07-16T19:11:50.438+0000] {dagbag.py:545} INFO - Filling up the DagBag from /home/airflow/.local/lib/python3.12/site-packages/airflow/example_dags/example_dag_decorator.py
[2024-07-16T19:11:50.685+0000] {processor.py:840} INFO - DAG(s) 'example_dag_decorator' retrieved from /home/airflow/.local/lib/python3.12/site-packages/airflow/example_dags/example_dag_decorator.py
[2024-07-16T19:11:51.117+0000] {logging_mixin.py:188} INFO - [2024-07-16T19:11:51.117+0000] {dag.py:3096} INFO - Sync 1 DAGs
[2024-07-16T19:11:51.125+0000] {logging_mixin.py:188} INFO - [2024-07-16T19:11:51.125+0000] {dag.py:3954} INFO - Setting next_dagrun for example_dag_decorator to None, run_after=None
[2024-07-16T19:11:51.147+0000] {processor.py:183} INFO - Processing /home/airflow/.local/lib/python3.12/site-packages/airflow/example_dags/example_dag_decorator.py took 0.723 seconds
[2024-07-16T19:12:21.339+0000] {processor.py:161} INFO - Started process (PID=1223) to work on /home/airflow/.local/lib/python3.12/site-packages/airflow/example_dags/example_dag_decorator.py
[2024-07-16T19:12:21.346+0000] {processor.py:830} INFO - Processing file /home/airflow/.local/lib/python3.12/site-packages/airflow/example_dags/example_dag_decorator.py for tasks to queue
[2024-07-16T19:12:21.347+0000] {logging_mixin.py:188} INFO - [2024-07-16T19:12:21.346+0000] {dagbag.py:545} INFO - Filling up the DagBag from /home/airflow/.local/lib/python3.12/site-packages/airflow/example_dags/example_dag_decorator.py
[2024-07-16T19:12:21.711+0000] {processor.py:840} INFO - DAG(s) 'example_dag_decorator' retrieved from /home/airflow/.local/lib/python3.12/site-packages/airflow/example_dags/example_dag_decorator.py
[2024-07-16T19:12:22.064+0000] {logging_mixin.py:188} INFO - [2024-07-16T19:12:22.063+0000] {dag.py:3096} INFO - Sync 1 DAGs
[2024-07-16T19:12:22.072+0000] {logging_mixin.py:188} INFO - [2024-07-16T19:12:22.072+0000] {dag.py:3954} INFO - Setting next_dagrun for example_dag_decorator to None, run_after=None
[2024-07-16T19:12:22.093+0000] {processor.py:183} INFO - Processing /home/airflow/.local/lib/python3.12/site-packages/airflow/example_dags/example_dag_decorator.py took 0.772 seconds
[2024-07-16T19:12:52.272+0000] {processor.py:161} INFO - Started process (PID=1283) to work on /home/airflow/.local/lib/python3.12/site-packages/airflow/example_dags/example_dag_decorator.py
[2024-07-16T19:12:52.273+0000] {processor.py:830} INFO - Processing file /home/airflow/.local/lib/python3.12/site-packages/airflow/example_dags/example_dag_decorator.py for tasks to queue
[2024-07-16T19:12:52.274+0000] {logging_mixin.py:188} INFO - [2024-07-16T19:12:52.273+0000] {dagbag.py:545} INFO - Filling up the DagBag from /home/airflow/.local/lib/python3.12/site-packages/airflow/example_dags/example_dag_decorator.py
[2024-07-16T19:12:52.618+0000] {processor.py:840} INFO - DAG(s) 'example_dag_decorator' retrieved from /home/airflow/.local/lib/python3.12/site-packages/airflow/example_dags/example_dag_decorator.py
[2024-07-16T19:12:53.231+0000] {logging_mixin.py:188} INFO - [2024-07-16T19:12:53.231+0000] {dag.py:3096} INFO - Sync 1 DAGs
[2024-07-16T19:12:53.243+0000] {logging_mixin.py:188} INFO - [2024-07-16T19:12:53.243+0000] {dag.py:3954} INFO - Setting next_dagrun for example_dag_decorator to None, run_after=None
[2024-07-16T19:12:53.273+0000] {processor.py:183} INFO - Processing /home/airflow/.local/lib/python3.12/site-packages/airflow/example_dags/example_dag_decorator.py took 1.008 seconds
[2024-07-16T19:13:23.545+0000] {processor.py:161} INFO - Started process (PID=1345) to work on /home/airflow/.local/lib/python3.12/site-packages/airflow/example_dags/example_dag_decorator.py
[2024-07-16T19:13:23.547+0000] {processor.py:830} INFO - Processing file /home/airflow/.local/lib/python3.12/site-packages/airflow/example_dags/example_dag_decorator.py for tasks to queue
[2024-07-16T19:13:23.548+0000] {logging_mixin.py:188} INFO - [2024-07-16T19:13:23.547+0000] {dagbag.py:545} INFO - Filling up the DagBag from /home/airflow/.local/lib/python3.12/site-packages/airflow/example_dags/example_dag_decorator.py
[2024-07-16T19:13:23.894+0000] {processor.py:840} INFO - DAG(s) 'example_dag_decorator' retrieved from /home/airflow/.local/lib/python3.12/site-packages/airflow/example_dags/example_dag_decorator.py
[2024-07-16T19:13:24.383+0000] {logging_mixin.py:188} INFO - [2024-07-16T19:13:24.382+0000] {dag.py:3096} INFO - Sync 1 DAGs
[2024-07-16T19:13:24.412+0000] {logging_mixin.py:188} INFO - [2024-07-16T19:13:24.412+0000] {dag.py:3954} INFO - Setting next_dagrun for example_dag_decorator to None, run_after=None
[2024-07-16T19:13:24.463+0000] {processor.py:183} INFO - Processing /home/airflow/.local/lib/python3.12/site-packages/airflow/example_dags/example_dag_decorator.py took 0.932 seconds
[2024-07-16T19:13:54.658+0000] {processor.py:161} INFO - Started process (PID=1404) to work on /home/airflow/.local/lib/python3.12/site-packages/airflow/example_dags/example_dag_decorator.py
[2024-07-16T19:13:54.659+0000] {processor.py:830} INFO - Processing file /home/airflow/.local/lib/python3.12/site-packages/airflow/example_dags/example_dag_decorator.py for tasks to queue
[2024-07-16T19:13:54.660+0000] {logging_mixin.py:188} INFO - [2024-07-16T19:13:54.659+0000] {dagbag.py:545} INFO - Filling up the DagBag from /home/airflow/.local/lib/python3.12/site-packages/airflow/example_dags/example_dag_decorator.py
[2024-07-16T19:13:54.913+0000] {processor.py:840} INFO - DAG(s) 'example_dag_decorator' retrieved from /home/airflow/.local/lib/python3.12/site-packages/airflow/example_dags/example_dag_decorator.py
[2024-07-16T19:13:55.401+0000] {logging_mixin.py:188} INFO - [2024-07-16T19:13:55.401+0000] {dag.py:3096} INFO - Sync 1 DAGs
[2024-07-16T19:13:55.415+0000] {logging_mixin.py:188} INFO - [2024-07-16T19:13:55.415+0000] {dag.py:3954} INFO - Setting next_dagrun for example_dag_decorator to None, run_after=None
[2024-07-16T19:13:55.442+0000] {processor.py:183} INFO - Processing /home/airflow/.local/lib/python3.12/site-packages/airflow/example_dags/example_dag_decorator.py took 0.790 seconds
[2024-07-16T19:14:26.255+0000] {processor.py:161} INFO - Started process (PID=1469) to work on /home/airflow/.local/lib/python3.12/site-packages/airflow/example_dags/example_dag_decorator.py
[2024-07-16T19:14:26.256+0000] {processor.py:830} INFO - Processing file /home/airflow/.local/lib/python3.12/site-packages/airflow/example_dags/example_dag_decorator.py for tasks to queue
[2024-07-16T19:14:26.257+0000] {logging_mixin.py:188} INFO - [2024-07-16T19:14:26.256+0000] {dagbag.py:545} INFO - Filling up the DagBag from /home/airflow/.local/lib/python3.12/site-packages/airflow/example_dags/example_dag_decorator.py
[2024-07-16T19:14:26.402+0000] {processor.py:840} INFO - DAG(s) 'example_dag_decorator' retrieved from /home/airflow/.local/lib/python3.12/site-packages/airflow/example_dags/example_dag_decorator.py
[2024-07-16T19:14:26.650+0000] {logging_mixin.py:188} INFO - [2024-07-16T19:14:26.649+0000] {dag.py:3096} INFO - Sync 1 DAGs
[2024-07-16T19:14:26.659+0000] {logging_mixin.py:188} INFO - [2024-07-16T19:14:26.659+0000] {dag.py:3954} INFO - Setting next_dagrun for example_dag_decorator to None, run_after=None
[2024-07-16T19:14:26.679+0000] {processor.py:183} INFO - Processing /home/airflow/.local/lib/python3.12/site-packages/airflow/example_dags/example_dag_decorator.py took 0.430 seconds
[2024-07-16T19:14:57.629+0000] {processor.py:161} INFO - Started process (PID=1529) to work on /home/airflow/.local/lib/python3.12/site-packages/airflow/example_dags/example_dag_decorator.py
[2024-07-16T19:14:57.630+0000] {processor.py:830} INFO - Processing file /home/airflow/.local/lib/python3.12/site-packages/airflow/example_dags/example_dag_decorator.py for tasks to queue
[2024-07-16T19:14:57.631+0000] {logging_mixin.py:188} INFO - [2024-07-16T19:14:57.630+0000] {dagbag.py:545} INFO - Filling up the DagBag from /home/airflow/.local/lib/python3.12/site-packages/airflow/example_dags/example_dag_decorator.py
[2024-07-16T19:14:57.728+0000] {processor.py:840} INFO - DAG(s) 'example_dag_decorator' retrieved from /home/airflow/.local/lib/python3.12/site-packages/airflow/example_dags/example_dag_decorator.py
[2024-07-16T19:14:57.959+0000] {logging_mixin.py:188} INFO - [2024-07-16T19:14:57.959+0000] {dag.py:3096} INFO - Sync 1 DAGs
[2024-07-16T19:14:57.968+0000] {logging_mixin.py:188} INFO - [2024-07-16T19:14:57.968+0000] {dag.py:3954} INFO - Setting next_dagrun for example_dag_decorator to None, run_after=None
[2024-07-16T19:14:57.989+0000] {processor.py:183} INFO - Processing /home/airflow/.local/lib/python3.12/site-packages/airflow/example_dags/example_dag_decorator.py took 0.367 seconds
[2024-07-16T19:15:28.017+0000] {processor.py:161} INFO - Started process (PID=1588) to work on /home/airflow/.local/lib/python3.12/site-packages/airflow/example_dags/example_dag_decorator.py
[2024-07-16T19:15:28.017+0000] {processor.py:830} INFO - Processing file /home/airflow/.local/lib/python3.12/site-packages/airflow/example_dags/example_dag_decorator.py for tasks to queue
[2024-07-16T19:15:28.018+0000] {logging_mixin.py:188} INFO - [2024-07-16T19:15:28.018+0000] {dagbag.py:545} INFO - Filling up the DagBag from /home/airflow/.local/lib/python3.12/site-packages/airflow/example_dags/example_dag_decorator.py
[2024-07-16T19:15:28.116+0000] {processor.py:840} INFO - DAG(s) 'example_dag_decorator' retrieved from /home/airflow/.local/lib/python3.12/site-packages/airflow/example_dags/example_dag_decorator.py
[2024-07-16T19:15:28.376+0000] {logging_mixin.py:188} INFO - [2024-07-16T19:15:28.376+0000] {dag.py:3096} INFO - Sync 1 DAGs
[2024-07-16T19:15:28.385+0000] {logging_mixin.py:188} INFO - [2024-07-16T19:15:28.384+0000] {dag.py:3954} INFO - Setting next_dagrun for example_dag_decorator to None, run_after=None
[2024-07-16T19:15:28.405+0000] {processor.py:183} INFO - Processing /home/airflow/.local/lib/python3.12/site-packages/airflow/example_dags/example_dag_decorator.py took 0.393 seconds
[2024-07-16T19:19:20.760+0000] {processor.py:161} INFO - Started process (PID=71) to work on /home/airflow/.local/lib/python3.12/site-packages/airflow/example_dags/example_dag_decorator.py
[2024-07-16T19:19:20.767+0000] {processor.py:830} INFO - Processing file /home/airflow/.local/lib/python3.12/site-packages/airflow/example_dags/example_dag_decorator.py for tasks to queue
[2024-07-16T19:19:20.782+0000] {logging_mixin.py:188} INFO - [2024-07-16T19:19:20.782+0000] {dagbag.py:545} INFO - Filling up the DagBag from /home/airflow/.local/lib/python3.12/site-packages/airflow/example_dags/example_dag_decorator.py
[2024-07-16T19:19:21.800+0000] {processor.py:840} INFO - DAG(s) 'example_dag_decorator' retrieved from /home/airflow/.local/lib/python3.12/site-packages/airflow/example_dags/example_dag_decorator.py
[2024-07-16T19:19:22.155+0000] {logging_mixin.py:188} INFO - [2024-07-16T19:19:22.155+0000] {dag.py:3096} INFO - Sync 1 DAGs
[2024-07-16T19:19:22.180+0000] {logging_mixin.py:188} INFO - [2024-07-16T19:19:22.180+0000] {dag.py:3954} INFO - Setting next_dagrun for example_dag_decorator to None, run_after=None
[2024-07-16T19:19:22.270+0000] {processor.py:183} INFO - Processing /home/airflow/.local/lib/python3.12/site-packages/airflow/example_dags/example_dag_decorator.py took 1.561 seconds
[2024-07-16T19:19:52.384+0000] {processor.py:161} INFO - Started process (PID=131) to work on /home/airflow/.local/lib/python3.12/site-packages/airflow/example_dags/example_dag_decorator.py
[2024-07-16T19:19:52.384+0000] {processor.py:830} INFO - Processing file /home/airflow/.local/lib/python3.12/site-packages/airflow/example_dags/example_dag_decorator.py for tasks to queue
[2024-07-16T19:19:52.386+0000] {logging_mixin.py:188} INFO - [2024-07-16T19:19:52.386+0000] {dagbag.py:545} INFO - Filling up the DagBag from /home/airflow/.local/lib/python3.12/site-packages/airflow/example_dags/example_dag_decorator.py
[2024-07-16T19:19:52.537+0000] {processor.py:840} INFO - DAG(s) 'example_dag_decorator' retrieved from /home/airflow/.local/lib/python3.12/site-packages/airflow/example_dags/example_dag_decorator.py
[2024-07-16T19:19:52.695+0000] {logging_mixin.py:188} INFO - [2024-07-16T19:19:52.695+0000] {dag.py:3096} INFO - Sync 1 DAGs
[2024-07-16T19:19:52.722+0000] {logging_mixin.py:188} INFO - [2024-07-16T19:19:52.722+0000] {dag.py:3954} INFO - Setting next_dagrun for example_dag_decorator to None, run_after=None
[2024-07-16T19:19:52.792+0000] {processor.py:183} INFO - Processing /home/airflow/.local/lib/python3.12/site-packages/airflow/example_dags/example_dag_decorator.py took 0.414 seconds
[2024-07-16T19:20:23.795+0000] {processor.py:161} INFO - Started process (PID=192) to work on /home/airflow/.local/lib/python3.12/site-packages/airflow/example_dags/example_dag_decorator.py
[2024-07-16T19:20:23.802+0000] {processor.py:830} INFO - Processing file /home/airflow/.local/lib/python3.12/site-packages/airflow/example_dags/example_dag_decorator.py for tasks to queue
[2024-07-16T19:20:23.806+0000] {logging_mixin.py:188} INFO - [2024-07-16T19:20:23.806+0000] {dagbag.py:545} INFO - Filling up the DagBag from /home/airflow/.local/lib/python3.12/site-packages/airflow/example_dags/example_dag_decorator.py
[2024-07-16T19:20:23.971+0000] {processor.py:840} INFO - DAG(s) 'example_dag_decorator' retrieved from /home/airflow/.local/lib/python3.12/site-packages/airflow/example_dags/example_dag_decorator.py
[2024-07-16T19:20:24.244+0000] {logging_mixin.py:188} INFO - [2024-07-16T19:20:24.244+0000] {dag.py:3096} INFO - Sync 1 DAGs
[2024-07-16T19:20:24.265+0000] {logging_mixin.py:188} INFO - [2024-07-16T19:20:24.264+0000] {dag.py:3954} INFO - Setting next_dagrun for example_dag_decorator to None, run_after=None
[2024-07-16T19:20:24.320+0000] {processor.py:183} INFO - Processing /home/airflow/.local/lib/python3.12/site-packages/airflow/example_dags/example_dag_decorator.py took 0.532 seconds
[2024-07-16T19:20:55.221+0000] {processor.py:161} INFO - Started process (PID=251) to work on /home/airflow/.local/lib/python3.12/site-packages/airflow/example_dags/example_dag_decorator.py
[2024-07-16T19:20:55.222+0000] {processor.py:830} INFO - Processing file /home/airflow/.local/lib/python3.12/site-packages/airflow/example_dags/example_dag_decorator.py for tasks to queue
[2024-07-16T19:20:55.224+0000] {logging_mixin.py:188} INFO - [2024-07-16T19:20:55.224+0000] {dagbag.py:545} INFO - Filling up the DagBag from /home/airflow/.local/lib/python3.12/site-packages/airflow/example_dags/example_dag_decorator.py
[2024-07-16T19:20:55.433+0000] {processor.py:840} INFO - DAG(s) 'example_dag_decorator' retrieved from /home/airflow/.local/lib/python3.12/site-packages/airflow/example_dags/example_dag_decorator.py
[2024-07-16T19:20:55.675+0000] {logging_mixin.py:188} INFO - [2024-07-16T19:20:55.675+0000] {dag.py:3096} INFO - Sync 1 DAGs
[2024-07-16T19:20:55.691+0000] {logging_mixin.py:188} INFO - [2024-07-16T19:20:55.691+0000] {dag.py:3954} INFO - Setting next_dagrun for example_dag_decorator to None, run_after=None
[2024-07-16T19:20:55.727+0000] {processor.py:183} INFO - Processing /home/airflow/.local/lib/python3.12/site-packages/airflow/example_dags/example_dag_decorator.py took 0.512 seconds
[2024-07-16T19:21:25.900+0000] {processor.py:161} INFO - Started process (PID=310) to work on /home/airflow/.local/lib/python3.12/site-packages/airflow/example_dags/example_dag_decorator.py
[2024-07-16T19:21:25.902+0000] {processor.py:830} INFO - Processing file /home/airflow/.local/lib/python3.12/site-packages/airflow/example_dags/example_dag_decorator.py for tasks to queue
[2024-07-16T19:21:25.904+0000] {logging_mixin.py:188} INFO - [2024-07-16T19:21:25.904+0000] {dagbag.py:545} INFO - Filling up the DagBag from /home/airflow/.local/lib/python3.12/site-packages/airflow/example_dags/example_dag_decorator.py
[2024-07-16T19:21:26.169+0000] {processor.py:840} INFO - DAG(s) 'example_dag_decorator' retrieved from /home/airflow/.local/lib/python3.12/site-packages/airflow/example_dags/example_dag_decorator.py
[2024-07-16T19:21:26.432+0000] {logging_mixin.py:188} INFO - [2024-07-16T19:21:26.430+0000] {dag.py:3096} INFO - Sync 1 DAGs
[2024-07-16T19:21:26.452+0000] {logging_mixin.py:188} INFO - [2024-07-16T19:21:26.452+0000] {dag.py:3954} INFO - Setting next_dagrun for example_dag_decorator to None, run_after=None
[2024-07-16T19:21:26.482+0000] {processor.py:183} INFO - Processing /home/airflow/.local/lib/python3.12/site-packages/airflow/example_dags/example_dag_decorator.py took 0.589 seconds
[2024-07-16T19:21:57.324+0000] {processor.py:161} INFO - Started process (PID=370) to work on /home/airflow/.local/lib/python3.12/site-packages/airflow/example_dags/example_dag_decorator.py
[2024-07-16T19:21:57.325+0000] {processor.py:830} INFO - Processing file /home/airflow/.local/lib/python3.12/site-packages/airflow/example_dags/example_dag_decorator.py for tasks to queue
[2024-07-16T19:21:57.327+0000] {logging_mixin.py:188} INFO - [2024-07-16T19:21:57.327+0000] {dagbag.py:545} INFO - Filling up the DagBag from /home/airflow/.local/lib/python3.12/site-packages/airflow/example_dags/example_dag_decorator.py
[2024-07-16T19:21:57.486+0000] {processor.py:840} INFO - DAG(s) 'example_dag_decorator' retrieved from /home/airflow/.local/lib/python3.12/site-packages/airflow/example_dags/example_dag_decorator.py
[2024-07-16T19:21:57.626+0000] {logging_mixin.py:188} INFO - [2024-07-16T19:21:57.625+0000] {dag.py:3096} INFO - Sync 1 DAGs
[2024-07-16T19:21:57.639+0000] {logging_mixin.py:188} INFO - [2024-07-16T19:21:57.639+0000] {dag.py:3954} INFO - Setting next_dagrun for example_dag_decorator to None, run_after=None
[2024-07-16T19:21:57.665+0000] {processor.py:183} INFO - Processing /home/airflow/.local/lib/python3.12/site-packages/airflow/example_dags/example_dag_decorator.py took 0.346 seconds
[2024-07-16T19:22:27.964+0000] {processor.py:161} INFO - Started process (PID=430) to work on /home/airflow/.local/lib/python3.12/site-packages/airflow/example_dags/example_dag_decorator.py
[2024-07-16T19:22:27.966+0000] {processor.py:830} INFO - Processing file /home/airflow/.local/lib/python3.12/site-packages/airflow/example_dags/example_dag_decorator.py for tasks to queue
[2024-07-16T19:22:27.968+0000] {logging_mixin.py:188} INFO - [2024-07-16T19:22:27.968+0000] {dagbag.py:545} INFO - Filling up the DagBag from /home/airflow/.local/lib/python3.12/site-packages/airflow/example_dags/example_dag_decorator.py
[2024-07-16T19:22:28.223+0000] {processor.py:840} INFO - DAG(s) 'example_dag_decorator' retrieved from /home/airflow/.local/lib/python3.12/site-packages/airflow/example_dags/example_dag_decorator.py
[2024-07-16T19:22:28.537+0000] {logging_mixin.py:188} INFO - [2024-07-16T19:22:28.536+0000] {dag.py:3096} INFO - Sync 1 DAGs
[2024-07-16T19:22:28.552+0000] {logging_mixin.py:188} INFO - [2024-07-16T19:22:28.551+0000] {dag.py:3954} INFO - Setting next_dagrun for example_dag_decorator to None, run_after=None
[2024-07-16T19:22:28.585+0000] {processor.py:183} INFO - Processing /home/airflow/.local/lib/python3.12/site-packages/airflow/example_dags/example_dag_decorator.py took 0.637 seconds
[2024-07-16T19:22:58.902+0000] {processor.py:161} INFO - Started process (PID=495) to work on /home/airflow/.local/lib/python3.12/site-packages/airflow/example_dags/example_dag_decorator.py
[2024-07-16T19:22:58.913+0000] {processor.py:830} INFO - Processing file /home/airflow/.local/lib/python3.12/site-packages/airflow/example_dags/example_dag_decorator.py for tasks to queue
[2024-07-16T19:22:58.915+0000] {logging_mixin.py:188} INFO - [2024-07-16T19:22:58.915+0000] {dagbag.py:545} INFO - Filling up the DagBag from /home/airflow/.local/lib/python3.12/site-packages/airflow/example_dags/example_dag_decorator.py
[2024-07-16T19:22:59.392+0000] {processor.py:840} INFO - DAG(s) 'example_dag_decorator' retrieved from /home/airflow/.local/lib/python3.12/site-packages/airflow/example_dags/example_dag_decorator.py
[2024-07-16T19:23:00.004+0000] {logging_mixin.py:188} INFO - [2024-07-16T19:23:00.003+0000] {dag.py:3096} INFO - Sync 1 DAGs
[2024-07-16T19:23:00.054+0000] {logging_mixin.py:188} INFO - [2024-07-16T19:23:00.054+0000] {dag.py:3954} INFO - Setting next_dagrun for example_dag_decorator to None, run_after=None
[2024-07-16T19:23:00.146+0000] {processor.py:183} INFO - Processing /home/airflow/.local/lib/python3.12/site-packages/airflow/example_dags/example_dag_decorator.py took 1.252 seconds
[2024-07-16T19:23:30.347+0000] {processor.py:161} INFO - Started process (PID=555) to work on /home/airflow/.local/lib/python3.12/site-packages/airflow/example_dags/example_dag_decorator.py
[2024-07-16T19:23:30.348+0000] {processor.py:830} INFO - Processing file /home/airflow/.local/lib/python3.12/site-packages/airflow/example_dags/example_dag_decorator.py for tasks to queue
[2024-07-16T19:23:30.350+0000] {logging_mixin.py:188} INFO - [2024-07-16T19:23:30.350+0000] {dagbag.py:545} INFO - Filling up the DagBag from /home/airflow/.local/lib/python3.12/site-packages/airflow/example_dags/example_dag_decorator.py
[2024-07-16T19:23:30.498+0000] {processor.py:840} INFO - DAG(s) 'example_dag_decorator' retrieved from /home/airflow/.local/lib/python3.12/site-packages/airflow/example_dags/example_dag_decorator.py
[2024-07-16T19:23:30.632+0000] {logging_mixin.py:188} INFO - [2024-07-16T19:23:30.632+0000] {dag.py:3096} INFO - Sync 1 DAGs
[2024-07-16T19:23:30.646+0000] {logging_mixin.py:188} INFO - [2024-07-16T19:23:30.645+0000] {dag.py:3954} INFO - Setting next_dagrun for example_dag_decorator to None, run_after=None
[2024-07-16T19:23:30.678+0000] {processor.py:183} INFO - Processing /home/airflow/.local/lib/python3.12/site-packages/airflow/example_dags/example_dag_decorator.py took 0.337 seconds
[2024-07-16T19:24:00.735+0000] {processor.py:161} INFO - Started process (PID=616) to work on /home/airflow/.local/lib/python3.12/site-packages/airflow/example_dags/example_dag_decorator.py
[2024-07-16T19:24:00.737+0000] {processor.py:830} INFO - Processing file /home/airflow/.local/lib/python3.12/site-packages/airflow/example_dags/example_dag_decorator.py for tasks to queue
[2024-07-16T19:24:00.739+0000] {logging_mixin.py:188} INFO - [2024-07-16T19:24:00.739+0000] {dagbag.py:545} INFO - Filling up the DagBag from /home/airflow/.local/lib/python3.12/site-packages/airflow/example_dags/example_dag_decorator.py
[2024-07-16T19:24:00.920+0000] {processor.py:840} INFO - DAG(s) 'example_dag_decorator' retrieved from /home/airflow/.local/lib/python3.12/site-packages/airflow/example_dags/example_dag_decorator.py
[2024-07-16T19:24:01.075+0000] {logging_mixin.py:188} INFO - [2024-07-16T19:24:01.075+0000] {dag.py:3096} INFO - Sync 1 DAGs
[2024-07-16T19:24:01.093+0000] {logging_mixin.py:188} INFO - [2024-07-16T19:24:01.092+0000] {dag.py:3954} INFO - Setting next_dagrun for example_dag_decorator to None, run_after=None
[2024-07-16T19:24:01.117+0000] {processor.py:183} INFO - Processing /home/airflow/.local/lib/python3.12/site-packages/airflow/example_dags/example_dag_decorator.py took 0.396 seconds
[2024-07-16T19:24:31.246+0000] {processor.py:161} INFO - Started process (PID=676) to work on /home/airflow/.local/lib/python3.12/site-packages/airflow/example_dags/example_dag_decorator.py
[2024-07-16T19:24:31.246+0000] {processor.py:830} INFO - Processing file /home/airflow/.local/lib/python3.12/site-packages/airflow/example_dags/example_dag_decorator.py for tasks to queue
[2024-07-16T19:24:31.247+0000] {logging_mixin.py:188} INFO - [2024-07-16T19:24:31.247+0000] {dagbag.py:545} INFO - Filling up the DagBag from /home/airflow/.local/lib/python3.12/site-packages/airflow/example_dags/example_dag_decorator.py
[2024-07-16T19:24:31.341+0000] {processor.py:840} INFO - DAG(s) 'example_dag_decorator' retrieved from /home/airflow/.local/lib/python3.12/site-packages/airflow/example_dags/example_dag_decorator.py
[2024-07-16T19:24:31.433+0000] {logging_mixin.py:188} INFO - [2024-07-16T19:24:31.433+0000] {dag.py:3096} INFO - Sync 1 DAGs
[2024-07-16T19:24:31.442+0000] {logging_mixin.py:188} INFO - [2024-07-16T19:24:31.442+0000] {dag.py:3954} INFO - Setting next_dagrun for example_dag_decorator to None, run_after=None
[2024-07-16T19:24:31.594+0000] {processor.py:183} INFO - Processing /home/airflow/.local/lib/python3.12/site-packages/airflow/example_dags/example_dag_decorator.py took 0.353 seconds
[2024-07-16T19:25:02.082+0000] {processor.py:161} INFO - Started process (PID=732) to work on /home/airflow/.local/lib/python3.12/site-packages/airflow/example_dags/example_dag_decorator.py
[2024-07-16T19:25:02.083+0000] {processor.py:830} INFO - Processing file /home/airflow/.local/lib/python3.12/site-packages/airflow/example_dags/example_dag_decorator.py for tasks to queue
[2024-07-16T19:25:02.085+0000] {logging_mixin.py:188} INFO - [2024-07-16T19:25:02.085+0000] {dagbag.py:545} INFO - Filling up the DagBag from /home/airflow/.local/lib/python3.12/site-packages/airflow/example_dags/example_dag_decorator.py
[2024-07-16T19:25:02.249+0000] {processor.py:840} INFO - DAG(s) 'example_dag_decorator' retrieved from /home/airflow/.local/lib/python3.12/site-packages/airflow/example_dags/example_dag_decorator.py
[2024-07-16T19:25:02.390+0000] {logging_mixin.py:188} INFO - [2024-07-16T19:25:02.390+0000] {dag.py:3096} INFO - Sync 1 DAGs
[2024-07-16T19:25:02.404+0000] {logging_mixin.py:188} INFO - [2024-07-16T19:25:02.404+0000] {dag.py:3954} INFO - Setting next_dagrun for example_dag_decorator to None, run_after=None
[2024-07-16T19:25:02.428+0000] {processor.py:183} INFO - Processing /home/airflow/.local/lib/python3.12/site-packages/airflow/example_dags/example_dag_decorator.py took 0.353 seconds
[2024-07-16T19:25:33.015+0000] {processor.py:161} INFO - Started process (PID=791) to work on /home/airflow/.local/lib/python3.12/site-packages/airflow/example_dags/example_dag_decorator.py
[2024-07-16T19:25:33.016+0000] {processor.py:830} INFO - Processing file /home/airflow/.local/lib/python3.12/site-packages/airflow/example_dags/example_dag_decorator.py for tasks to queue
[2024-07-16T19:25:33.017+0000] {logging_mixin.py:188} INFO - [2024-07-16T19:25:33.016+0000] {dagbag.py:545} INFO - Filling up the DagBag from /home/airflow/.local/lib/python3.12/site-packages/airflow/example_dags/example_dag_decorator.py
[2024-07-16T19:25:33.166+0000] {processor.py:840} INFO - DAG(s) 'example_dag_decorator' retrieved from /home/airflow/.local/lib/python3.12/site-packages/airflow/example_dags/example_dag_decorator.py
[2024-07-16T19:25:33.306+0000] {logging_mixin.py:188} INFO - [2024-07-16T19:25:33.306+0000] {dag.py:3096} INFO - Sync 1 DAGs
[2024-07-16T19:25:33.320+0000] {logging_mixin.py:188} INFO - [2024-07-16T19:25:33.319+0000] {dag.py:3954} INFO - Setting next_dagrun for example_dag_decorator to None, run_after=None
[2024-07-16T19:25:33.347+0000] {processor.py:183} INFO - Processing /home/airflow/.local/lib/python3.12/site-packages/airflow/example_dags/example_dag_decorator.py took 0.338 seconds
[2024-07-16T19:26:03.737+0000] {processor.py:161} INFO - Started process (PID=850) to work on /home/airflow/.local/lib/python3.12/site-packages/airflow/example_dags/example_dag_decorator.py
[2024-07-16T19:26:03.738+0000] {processor.py:830} INFO - Processing file /home/airflow/.local/lib/python3.12/site-packages/airflow/example_dags/example_dag_decorator.py for tasks to queue
[2024-07-16T19:26:03.739+0000] {logging_mixin.py:188} INFO - [2024-07-16T19:26:03.739+0000] {dagbag.py:545} INFO - Filling up the DagBag from /home/airflow/.local/lib/python3.12/site-packages/airflow/example_dags/example_dag_decorator.py
[2024-07-16T19:26:03.909+0000] {processor.py:840} INFO - DAG(s) 'example_dag_decorator' retrieved from /home/airflow/.local/lib/python3.12/site-packages/airflow/example_dags/example_dag_decorator.py
[2024-07-16T19:26:04.295+0000] {logging_mixin.py:188} INFO - [2024-07-16T19:26:04.294+0000] {dag.py:3096} INFO - Sync 1 DAGs
[2024-07-16T19:26:04.307+0000] {logging_mixin.py:188} INFO - [2024-07-16T19:26:04.307+0000] {dag.py:3954} INFO - Setting next_dagrun for example_dag_decorator to None, run_after=None
[2024-07-16T19:26:04.332+0000] {processor.py:183} INFO - Processing /home/airflow/.local/lib/python3.12/site-packages/airflow/example_dags/example_dag_decorator.py took 0.600 seconds
[2024-07-16T19:26:34.769+0000] {processor.py:161} INFO - Started process (PID=909) to work on /home/airflow/.local/lib/python3.12/site-packages/airflow/example_dags/example_dag_decorator.py
[2024-07-16T19:26:34.770+0000] {processor.py:830} INFO - Processing file /home/airflow/.local/lib/python3.12/site-packages/airflow/example_dags/example_dag_decorator.py for tasks to queue
[2024-07-16T19:26:34.771+0000] {logging_mixin.py:188} INFO - [2024-07-16T19:26:34.770+0000] {dagbag.py:545} INFO - Filling up the DagBag from /home/airflow/.local/lib/python3.12/site-packages/airflow/example_dags/example_dag_decorator.py
[2024-07-16T19:26:34.937+0000] {processor.py:840} INFO - DAG(s) 'example_dag_decorator' retrieved from /home/airflow/.local/lib/python3.12/site-packages/airflow/example_dags/example_dag_decorator.py
[2024-07-16T19:26:35.339+0000] {logging_mixin.py:188} INFO - [2024-07-16T19:26:35.339+0000] {dag.py:3096} INFO - Sync 1 DAGs
[2024-07-16T19:26:35.354+0000] {logging_mixin.py:188} INFO - [2024-07-16T19:26:35.353+0000] {dag.py:3954} INFO - Setting next_dagrun for example_dag_decorator to None, run_after=None
[2024-07-16T19:26:35.377+0000] {processor.py:183} INFO - Processing /home/airflow/.local/lib/python3.12/site-packages/airflow/example_dags/example_dag_decorator.py took 0.617 seconds
