[2024-07-16T19:02:34.026+0000] {processor.py:161} INFO - Started process (PID=74) to work on /home/airflow/.local/lib/python3.12/site-packages/airflow/example_dags/example_xcomargs.py
[2024-07-16T19:02:34.027+0000] {processor.py:830} INFO - Processing file /home/airflow/.local/lib/python3.12/site-packages/airflow/example_dags/example_xcomargs.py for tasks to queue
[2024-07-16T19:02:34.028+0000] {logging_mixin.py:188} INFO - [2024-07-16T19:02:34.028+0000] {dagbag.py:545} INFO - Filling up the DagBag from /home/airflow/.local/lib/python3.12/site-packages/airflow/example_dags/example_xcomargs.py
[2024-07-16T19:02:34.039+0000] {processor.py:840} INFO - DAG(s) 'example_xcom_args_with_operators', 'example_xcom_args' retrieved from /home/airflow/.local/lib/python3.12/site-packages/airflow/example_dags/example_xcomargs.py
[2024-07-16T19:02:34.340+0000] {logging_mixin.py:188} INFO - [2024-07-16T19:02:34.340+0000] {dag.py:3096} INFO - Sync 2 DAGs
[2024-07-16T19:02:34.362+0000] {logging_mixin.py:188} INFO - [2024-07-16T19:02:34.362+0000] {dag.py:3954} INFO - Setting next_dagrun for example_xcom_args to None, run_after=None
[2024-07-16T19:02:34.369+0000] {logging_mixin.py:188} INFO - [2024-07-16T19:02:34.369+0000] {dag.py:3954} INFO - Setting next_dagrun for example_xcom_args_with_operators to None, run_after=None
[2024-07-16T19:02:34.406+0000] {processor.py:183} INFO - Processing /home/airflow/.local/lib/python3.12/site-packages/airflow/example_dags/example_xcomargs.py took 0.387 seconds
[2024-07-16T19:03:04.580+0000] {processor.py:161} INFO - Started process (PID=132) to work on /home/airflow/.local/lib/python3.12/site-packages/airflow/example_dags/example_xcomargs.py
[2024-07-16T19:03:04.581+0000] {processor.py:830} INFO - Processing file /home/airflow/.local/lib/python3.12/site-packages/airflow/example_dags/example_xcomargs.py for tasks to queue
[2024-07-16T19:03:04.584+0000] {logging_mixin.py:188} INFO - [2024-07-16T19:03:04.583+0000] {dagbag.py:545} INFO - Filling up the DagBag from /home/airflow/.local/lib/python3.12/site-packages/airflow/example_dags/example_xcomargs.py
[2024-07-16T19:03:04.594+0000] {processor.py:840} INFO - DAG(s) 'example_xcom_args', 'example_xcom_args_with_operators' retrieved from /home/airflow/.local/lib/python3.12/site-packages/airflow/example_dags/example_xcomargs.py
[2024-07-16T19:03:04.620+0000] {logging_mixin.py:188} INFO - [2024-07-16T19:03:04.620+0000] {dag.py:3096} INFO - Sync 2 DAGs
[2024-07-16T19:03:04.637+0000] {logging_mixin.py:188} INFO - [2024-07-16T19:03:04.637+0000] {dag.py:3954} INFO - Setting next_dagrun for example_xcom_args to None, run_after=None
[2024-07-16T19:03:04.642+0000] {logging_mixin.py:188} INFO - [2024-07-16T19:03:04.642+0000] {dag.py:3954} INFO - Setting next_dagrun for example_xcom_args_with_operators to None, run_after=None
[2024-07-16T19:03:04.666+0000] {processor.py:183} INFO - Processing /home/airflow/.local/lib/python3.12/site-packages/airflow/example_dags/example_xcomargs.py took 0.094 seconds
[2024-07-16T19:03:35.625+0000] {processor.py:161} INFO - Started process (PID=191) to work on /home/airflow/.local/lib/python3.12/site-packages/airflow/example_dags/example_xcomargs.py
[2024-07-16T19:03:35.626+0000] {processor.py:830} INFO - Processing file /home/airflow/.local/lib/python3.12/site-packages/airflow/example_dags/example_xcomargs.py for tasks to queue
[2024-07-16T19:03:35.628+0000] {logging_mixin.py:188} INFO - [2024-07-16T19:03:35.628+0000] {dagbag.py:545} INFO - Filling up the DagBag from /home/airflow/.local/lib/python3.12/site-packages/airflow/example_dags/example_xcomargs.py
[2024-07-16T19:03:35.639+0000] {processor.py:840} INFO - DAG(s) 'example_xcom_args_with_operators', 'example_xcom_args' retrieved from /home/airflow/.local/lib/python3.12/site-packages/airflow/example_dags/example_xcomargs.py
[2024-07-16T19:03:35.669+0000] {logging_mixin.py:188} INFO - [2024-07-16T19:03:35.669+0000] {dag.py:3096} INFO - Sync 2 DAGs
[2024-07-16T19:03:35.688+0000] {logging_mixin.py:188} INFO - [2024-07-16T19:03:35.688+0000] {dag.py:3954} INFO - Setting next_dagrun for example_xcom_args to None, run_after=None
[2024-07-16T19:03:35.695+0000] {logging_mixin.py:188} INFO - [2024-07-16T19:03:35.694+0000] {dag.py:3954} INFO - Setting next_dagrun for example_xcom_args_with_operators to None, run_after=None
[2024-07-16T19:03:35.718+0000] {processor.py:183} INFO - Processing /home/airflow/.local/lib/python3.12/site-packages/airflow/example_dags/example_xcomargs.py took 0.100 seconds
[2024-07-16T19:04:06.267+0000] {processor.py:161} INFO - Started process (PID=251) to work on /home/airflow/.local/lib/python3.12/site-packages/airflow/example_dags/example_xcomargs.py
[2024-07-16T19:04:06.268+0000] {processor.py:830} INFO - Processing file /home/airflow/.local/lib/python3.12/site-packages/airflow/example_dags/example_xcomargs.py for tasks to queue
[2024-07-16T19:04:06.270+0000] {logging_mixin.py:188} INFO - [2024-07-16T19:04:06.270+0000] {dagbag.py:545} INFO - Filling up the DagBag from /home/airflow/.local/lib/python3.12/site-packages/airflow/example_dags/example_xcomargs.py
[2024-07-16T19:04:06.279+0000] {processor.py:840} INFO - DAG(s) 'example_xcom_args', 'example_xcom_args_with_operators' retrieved from /home/airflow/.local/lib/python3.12/site-packages/airflow/example_dags/example_xcomargs.py
[2024-07-16T19:04:06.306+0000] {logging_mixin.py:188} INFO - [2024-07-16T19:04:06.306+0000] {dag.py:3096} INFO - Sync 2 DAGs
[2024-07-16T19:04:06.322+0000] {logging_mixin.py:188} INFO - [2024-07-16T19:04:06.322+0000] {dag.py:3954} INFO - Setting next_dagrun for example_xcom_args to None, run_after=None
[2024-07-16T19:04:06.327+0000] {logging_mixin.py:188} INFO - [2024-07-16T19:04:06.327+0000] {dag.py:3954} INFO - Setting next_dagrun for example_xcom_args_with_operators to None, run_after=None
[2024-07-16T19:04:06.351+0000] {processor.py:183} INFO - Processing /home/airflow/.local/lib/python3.12/site-packages/airflow/example_dags/example_xcomargs.py took 0.091 seconds
[2024-07-16T19:04:36.596+0000] {processor.py:161} INFO - Started process (PID=309) to work on /home/airflow/.local/lib/python3.12/site-packages/airflow/example_dags/example_xcomargs.py
[2024-07-16T19:04:36.597+0000] {processor.py:830} INFO - Processing file /home/airflow/.local/lib/python3.12/site-packages/airflow/example_dags/example_xcomargs.py for tasks to queue
[2024-07-16T19:04:36.599+0000] {logging_mixin.py:188} INFO - [2024-07-16T19:04:36.598+0000] {dagbag.py:545} INFO - Filling up the DagBag from /home/airflow/.local/lib/python3.12/site-packages/airflow/example_dags/example_xcomargs.py
[2024-07-16T19:04:36.608+0000] {processor.py:840} INFO - DAG(s) 'example_xcom_args', 'example_xcom_args_with_operators' retrieved from /home/airflow/.local/lib/python3.12/site-packages/airflow/example_dags/example_xcomargs.py
[2024-07-16T19:04:36.634+0000] {logging_mixin.py:188} INFO - [2024-07-16T19:04:36.634+0000] {dag.py:3096} INFO - Sync 2 DAGs
[2024-07-16T19:04:36.651+0000] {logging_mixin.py:188} INFO - [2024-07-16T19:04:36.650+0000] {dag.py:3954} INFO - Setting next_dagrun for example_xcom_args to None, run_after=None
[2024-07-16T19:04:36.655+0000] {logging_mixin.py:188} INFO - [2024-07-16T19:04:36.655+0000] {dag.py:3954} INFO - Setting next_dagrun for example_xcom_args_with_operators to None, run_after=None
[2024-07-16T19:04:36.678+0000] {processor.py:183} INFO - Processing /home/airflow/.local/lib/python3.12/site-packages/airflow/example_dags/example_xcomargs.py took 0.088 seconds
[2024-07-16T19:05:06.774+0000] {processor.py:161} INFO - Started process (PID=371) to work on /home/airflow/.local/lib/python3.12/site-packages/airflow/example_dags/example_xcomargs.py
[2024-07-16T19:05:06.775+0000] {processor.py:830} INFO - Processing file /home/airflow/.local/lib/python3.12/site-packages/airflow/example_dags/example_xcomargs.py for tasks to queue
[2024-07-16T19:05:06.777+0000] {logging_mixin.py:188} INFO - [2024-07-16T19:05:06.777+0000] {dagbag.py:545} INFO - Filling up the DagBag from /home/airflow/.local/lib/python3.12/site-packages/airflow/example_dags/example_xcomargs.py
[2024-07-16T19:05:06.787+0000] {processor.py:840} INFO - DAG(s) 'example_xcom_args_with_operators', 'example_xcom_args' retrieved from /home/airflow/.local/lib/python3.12/site-packages/airflow/example_dags/example_xcomargs.py
[2024-07-16T19:05:06.814+0000] {logging_mixin.py:188} INFO - [2024-07-16T19:05:06.814+0000] {dag.py:3096} INFO - Sync 2 DAGs
[2024-07-16T19:05:06.831+0000] {logging_mixin.py:188} INFO - [2024-07-16T19:05:06.831+0000] {dag.py:3954} INFO - Setting next_dagrun for example_xcom_args to None, run_after=None
[2024-07-16T19:05:06.836+0000] {logging_mixin.py:188} INFO - [2024-07-16T19:05:06.836+0000] {dag.py:3954} INFO - Setting next_dagrun for example_xcom_args_with_operators to None, run_after=None
[2024-07-16T19:05:06.858+0000] {processor.py:183} INFO - Processing /home/airflow/.local/lib/python3.12/site-packages/airflow/example_dags/example_xcomargs.py took 0.091 seconds
[2024-07-16T19:05:37.198+0000] {processor.py:161} INFO - Started process (PID=432) to work on /home/airflow/.local/lib/python3.12/site-packages/airflow/example_dags/example_xcomargs.py
[2024-07-16T19:05:37.205+0000] {processor.py:830} INFO - Processing file /home/airflow/.local/lib/python3.12/site-packages/airflow/example_dags/example_xcomargs.py for tasks to queue
[2024-07-16T19:05:37.212+0000] {logging_mixin.py:188} INFO - [2024-07-16T19:05:37.211+0000] {dagbag.py:545} INFO - Filling up the DagBag from /home/airflow/.local/lib/python3.12/site-packages/airflow/example_dags/example_xcomargs.py
[2024-07-16T19:05:37.245+0000] {processor.py:840} INFO - DAG(s) 'example_xcom_args_with_operators', 'example_xcom_args' retrieved from /home/airflow/.local/lib/python3.12/site-packages/airflow/example_dags/example_xcomargs.py
[2024-07-16T19:05:37.318+0000] {logging_mixin.py:188} INFO - [2024-07-16T19:05:37.318+0000] {dag.py:3096} INFO - Sync 2 DAGs
[2024-07-16T19:05:37.368+0000] {logging_mixin.py:188} INFO - [2024-07-16T19:05:37.367+0000] {dag.py:3954} INFO - Setting next_dagrun for example_xcom_args to None, run_after=None
[2024-07-16T19:05:37.393+0000] {logging_mixin.py:188} INFO - [2024-07-16T19:05:37.384+0000] {dag.py:3954} INFO - Setting next_dagrun for example_xcom_args_with_operators to None, run_after=None
[2024-07-16T19:05:37.445+0000] {processor.py:183} INFO - Processing /home/airflow/.local/lib/python3.12/site-packages/airflow/example_dags/example_xcomargs.py took 0.263 seconds
[2024-07-16T19:06:08.215+0000] {processor.py:161} INFO - Started process (PID=492) to work on /home/airflow/.local/lib/python3.12/site-packages/airflow/example_dags/example_xcomargs.py
[2024-07-16T19:06:08.220+0000] {processor.py:830} INFO - Processing file /home/airflow/.local/lib/python3.12/site-packages/airflow/example_dags/example_xcomargs.py for tasks to queue
[2024-07-16T19:06:08.222+0000] {logging_mixin.py:188} INFO - [2024-07-16T19:06:08.222+0000] {dagbag.py:545} INFO - Filling up the DagBag from /home/airflow/.local/lib/python3.12/site-packages/airflow/example_dags/example_xcomargs.py
[2024-07-16T19:06:08.242+0000] {processor.py:840} INFO - DAG(s) 'example_xcom_args', 'example_xcom_args_with_operators' retrieved from /home/airflow/.local/lib/python3.12/site-packages/airflow/example_dags/example_xcomargs.py
[2024-07-16T19:06:08.306+0000] {logging_mixin.py:188} INFO - [2024-07-16T19:06:08.306+0000] {dag.py:3096} INFO - Sync 2 DAGs
[2024-07-16T19:06:08.336+0000] {logging_mixin.py:188} INFO - [2024-07-16T19:06:08.336+0000] {dag.py:3954} INFO - Setting next_dagrun for example_xcom_args to None, run_after=None
[2024-07-16T19:06:08.348+0000] {logging_mixin.py:188} INFO - [2024-07-16T19:06:08.348+0000] {dag.py:3954} INFO - Setting next_dagrun for example_xcom_args_with_operators to None, run_after=None
[2024-07-16T19:06:08.403+0000] {processor.py:183} INFO - Processing /home/airflow/.local/lib/python3.12/site-packages/airflow/example_dags/example_xcomargs.py took 0.201 seconds
[2024-07-16T19:06:38.799+0000] {processor.py:161} INFO - Started process (PID=552) to work on /home/airflow/.local/lib/python3.12/site-packages/airflow/example_dags/example_xcomargs.py
[2024-07-16T19:06:38.800+0000] {processor.py:830} INFO - Processing file /home/airflow/.local/lib/python3.12/site-packages/airflow/example_dags/example_xcomargs.py for tasks to queue
[2024-07-16T19:06:38.802+0000] {logging_mixin.py:188} INFO - [2024-07-16T19:06:38.801+0000] {dagbag.py:545} INFO - Filling up the DagBag from /home/airflow/.local/lib/python3.12/site-packages/airflow/example_dags/example_xcomargs.py
[2024-07-16T19:06:38.811+0000] {processor.py:840} INFO - DAG(s) 'example_xcom_args', 'example_xcom_args_with_operators' retrieved from /home/airflow/.local/lib/python3.12/site-packages/airflow/example_dags/example_xcomargs.py
[2024-07-16T19:06:38.839+0000] {logging_mixin.py:188} INFO - [2024-07-16T19:06:38.838+0000] {dag.py:3096} INFO - Sync 2 DAGs
[2024-07-16T19:06:38.856+0000] {logging_mixin.py:188} INFO - [2024-07-16T19:06:38.855+0000] {dag.py:3954} INFO - Setting next_dagrun for example_xcom_args to None, run_after=None
[2024-07-16T19:06:38.860+0000] {logging_mixin.py:188} INFO - [2024-07-16T19:06:38.860+0000] {dag.py:3954} INFO - Setting next_dagrun for example_xcom_args_with_operators to None, run_after=None
[2024-07-16T19:06:38.886+0000] {processor.py:183} INFO - Processing /home/airflow/.local/lib/python3.12/site-packages/airflow/example_dags/example_xcomargs.py took 0.093 seconds
[2024-07-16T19:07:09.607+0000] {processor.py:161} INFO - Started process (PID=615) to work on /home/airflow/.local/lib/python3.12/site-packages/airflow/example_dags/example_xcomargs.py
[2024-07-16T19:07:09.608+0000] {processor.py:830} INFO - Processing file /home/airflow/.local/lib/python3.12/site-packages/airflow/example_dags/example_xcomargs.py for tasks to queue
[2024-07-16T19:07:09.609+0000] {logging_mixin.py:188} INFO - [2024-07-16T19:07:09.608+0000] {dagbag.py:545} INFO - Filling up the DagBag from /home/airflow/.local/lib/python3.12/site-packages/airflow/example_dags/example_xcomargs.py
[2024-07-16T19:07:09.619+0000] {processor.py:840} INFO - DAG(s) 'example_xcom_args', 'example_xcom_args_with_operators' retrieved from /home/airflow/.local/lib/python3.12/site-packages/airflow/example_dags/example_xcomargs.py
[2024-07-16T19:07:09.648+0000] {logging_mixin.py:188} INFO - [2024-07-16T19:07:09.648+0000] {dag.py:3096} INFO - Sync 2 DAGs
[2024-07-16T19:07:09.665+0000] {logging_mixin.py:188} INFO - [2024-07-16T19:07:09.665+0000] {dag.py:3954} INFO - Setting next_dagrun for example_xcom_args to None, run_after=None
[2024-07-16T19:07:09.670+0000] {logging_mixin.py:188} INFO - [2024-07-16T19:07:09.670+0000] {dag.py:3954} INFO - Setting next_dagrun for example_xcom_args_with_operators to None, run_after=None
[2024-07-16T19:07:09.692+0000] {processor.py:183} INFO - Processing /home/airflow/.local/lib/python3.12/site-packages/airflow/example_dags/example_xcomargs.py took 0.091 seconds
[2024-07-16T19:07:39.916+0000] {processor.py:161} INFO - Started process (PID=675) to work on /home/airflow/.local/lib/python3.12/site-packages/airflow/example_dags/example_xcomargs.py
[2024-07-16T19:07:39.917+0000] {processor.py:830} INFO - Processing file /home/airflow/.local/lib/python3.12/site-packages/airflow/example_dags/example_xcomargs.py for tasks to queue
[2024-07-16T19:07:39.918+0000] {logging_mixin.py:188} INFO - [2024-07-16T19:07:39.917+0000] {dagbag.py:545} INFO - Filling up the DagBag from /home/airflow/.local/lib/python3.12/site-packages/airflow/example_dags/example_xcomargs.py
[2024-07-16T19:07:39.927+0000] {processor.py:840} INFO - DAG(s) 'example_xcom_args_with_operators', 'example_xcom_args' retrieved from /home/airflow/.local/lib/python3.12/site-packages/airflow/example_dags/example_xcomargs.py
[2024-07-16T19:07:39.966+0000] {logging_mixin.py:188} INFO - [2024-07-16T19:07:39.966+0000] {dag.py:3096} INFO - Sync 2 DAGs
[2024-07-16T19:07:39.983+0000] {logging_mixin.py:188} INFO - [2024-07-16T19:07:39.982+0000] {dag.py:3954} INFO - Setting next_dagrun for example_xcom_args to None, run_after=None
[2024-07-16T19:07:39.987+0000] {logging_mixin.py:188} INFO - [2024-07-16T19:07:39.987+0000] {dag.py:3954} INFO - Setting next_dagrun for example_xcom_args_with_operators to None, run_after=None
[2024-07-16T19:07:40.010+0000] {processor.py:183} INFO - Processing /home/airflow/.local/lib/python3.12/site-packages/airflow/example_dags/example_xcomargs.py took 0.100 seconds
[2024-07-16T19:08:10.643+0000] {processor.py:161} INFO - Started process (PID=734) to work on /home/airflow/.local/lib/python3.12/site-packages/airflow/example_dags/example_xcomargs.py
[2024-07-16T19:08:10.644+0000] {processor.py:830} INFO - Processing file /home/airflow/.local/lib/python3.12/site-packages/airflow/example_dags/example_xcomargs.py for tasks to queue
[2024-07-16T19:08:10.645+0000] {logging_mixin.py:188} INFO - [2024-07-16T19:08:10.644+0000] {dagbag.py:545} INFO - Filling up the DagBag from /home/airflow/.local/lib/python3.12/site-packages/airflow/example_dags/example_xcomargs.py
[2024-07-16T19:08:10.654+0000] {processor.py:840} INFO - DAG(s) 'example_xcom_args', 'example_xcom_args_with_operators' retrieved from /home/airflow/.local/lib/python3.12/site-packages/airflow/example_dags/example_xcomargs.py
[2024-07-16T19:08:10.684+0000] {logging_mixin.py:188} INFO - [2024-07-16T19:08:10.683+0000] {dag.py:3096} INFO - Sync 2 DAGs
[2024-07-16T19:08:10.700+0000] {logging_mixin.py:188} INFO - [2024-07-16T19:08:10.700+0000] {dag.py:3954} INFO - Setting next_dagrun for example_xcom_args to None, run_after=None
[2024-07-16T19:08:10.705+0000] {logging_mixin.py:188} INFO - [2024-07-16T19:08:10.704+0000] {dag.py:3954} INFO - Setting next_dagrun for example_xcom_args_with_operators to None, run_after=None
[2024-07-16T19:08:10.726+0000] {processor.py:183} INFO - Processing /home/airflow/.local/lib/python3.12/site-packages/airflow/example_dags/example_xcomargs.py took 0.095 seconds
[2024-07-16T19:08:41.674+0000] {processor.py:161} INFO - Started process (PID=792) to work on /home/airflow/.local/lib/python3.12/site-packages/airflow/example_dags/example_xcomargs.py
[2024-07-16T19:08:41.675+0000] {processor.py:830} INFO - Processing file /home/airflow/.local/lib/python3.12/site-packages/airflow/example_dags/example_xcomargs.py for tasks to queue
[2024-07-16T19:08:41.675+0000] {logging_mixin.py:188} INFO - [2024-07-16T19:08:41.675+0000] {dagbag.py:545} INFO - Filling up the DagBag from /home/airflow/.local/lib/python3.12/site-packages/airflow/example_dags/example_xcomargs.py
[2024-07-16T19:08:41.685+0000] {processor.py:840} INFO - DAG(s) 'example_xcom_args', 'example_xcom_args_with_operators' retrieved from /home/airflow/.local/lib/python3.12/site-packages/airflow/example_dags/example_xcomargs.py
[2024-07-16T19:08:41.715+0000] {logging_mixin.py:188} INFO - [2024-07-16T19:08:41.715+0000] {dag.py:3096} INFO - Sync 2 DAGs
[2024-07-16T19:08:41.732+0000] {logging_mixin.py:188} INFO - [2024-07-16T19:08:41.731+0000] {dag.py:3954} INFO - Setting next_dagrun for example_xcom_args to None, run_after=None
[2024-07-16T19:08:41.736+0000] {logging_mixin.py:188} INFO - [2024-07-16T19:08:41.736+0000] {dag.py:3954} INFO - Setting next_dagrun for example_xcom_args_with_operators to None, run_after=None
[2024-07-16T19:08:41.760+0000] {processor.py:183} INFO - Processing /home/airflow/.local/lib/python3.12/site-packages/airflow/example_dags/example_xcomargs.py took 0.092 seconds
[2024-07-16T19:09:12.320+0000] {processor.py:161} INFO - Started process (PID=851) to work on /home/airflow/.local/lib/python3.12/site-packages/airflow/example_dags/example_xcomargs.py
[2024-07-16T19:09:12.321+0000] {processor.py:830} INFO - Processing file /home/airflow/.local/lib/python3.12/site-packages/airflow/example_dags/example_xcomargs.py for tasks to queue
[2024-07-16T19:09:12.322+0000] {logging_mixin.py:188} INFO - [2024-07-16T19:09:12.322+0000] {dagbag.py:545} INFO - Filling up the DagBag from /home/airflow/.local/lib/python3.12/site-packages/airflow/example_dags/example_xcomargs.py
[2024-07-16T19:09:12.333+0000] {processor.py:840} INFO - DAG(s) 'example_xcom_args', 'example_xcom_args_with_operators' retrieved from /home/airflow/.local/lib/python3.12/site-packages/airflow/example_dags/example_xcomargs.py
[2024-07-16T19:09:12.360+0000] {logging_mixin.py:188} INFO - [2024-07-16T19:09:12.360+0000] {dag.py:3096} INFO - Sync 2 DAGs
[2024-07-16T19:09:12.377+0000] {logging_mixin.py:188} INFO - [2024-07-16T19:09:12.377+0000] {dag.py:3954} INFO - Setting next_dagrun for example_xcom_args to None, run_after=None
[2024-07-16T19:09:12.381+0000] {logging_mixin.py:188} INFO - [2024-07-16T19:09:12.381+0000] {dag.py:3954} INFO - Setting next_dagrun for example_xcom_args_with_operators to None, run_after=None
[2024-07-16T19:09:12.403+0000] {processor.py:183} INFO - Processing /home/airflow/.local/lib/python3.12/site-packages/airflow/example_dags/example_xcomargs.py took 0.090 seconds
[2024-07-16T19:09:42.781+0000] {processor.py:161} INFO - Started process (PID=915) to work on /home/airflow/.local/lib/python3.12/site-packages/airflow/example_dags/example_xcomargs.py
[2024-07-16T19:09:42.782+0000] {processor.py:830} INFO - Processing file /home/airflow/.local/lib/python3.12/site-packages/airflow/example_dags/example_xcomargs.py for tasks to queue
[2024-07-16T19:09:42.783+0000] {logging_mixin.py:188} INFO - [2024-07-16T19:09:42.782+0000] {dagbag.py:545} INFO - Filling up the DagBag from /home/airflow/.local/lib/python3.12/site-packages/airflow/example_dags/example_xcomargs.py
[2024-07-16T19:09:42.792+0000] {processor.py:840} INFO - DAG(s) 'example_xcom_args_with_operators', 'example_xcom_args' retrieved from /home/airflow/.local/lib/python3.12/site-packages/airflow/example_dags/example_xcomargs.py
[2024-07-16T19:09:42.819+0000] {logging_mixin.py:188} INFO - [2024-07-16T19:09:42.819+0000] {dag.py:3096} INFO - Sync 2 DAGs
[2024-07-16T19:09:42.835+0000] {logging_mixin.py:188} INFO - [2024-07-16T19:09:42.835+0000] {dag.py:3954} INFO - Setting next_dagrun for example_xcom_args to None, run_after=None
[2024-07-16T19:09:42.839+0000] {logging_mixin.py:188} INFO - [2024-07-16T19:09:42.839+0000] {dag.py:3954} INFO - Setting next_dagrun for example_xcom_args_with_operators to None, run_after=None
[2024-07-16T19:09:42.861+0000] {processor.py:183} INFO - Processing /home/airflow/.local/lib/python3.12/site-packages/airflow/example_dags/example_xcomargs.py took 0.087 seconds
[2024-07-16T19:10:13.198+0000] {processor.py:161} INFO - Started process (PID=975) to work on /home/airflow/.local/lib/python3.12/site-packages/airflow/example_dags/example_xcomargs.py
[2024-07-16T19:10:13.198+0000] {processor.py:830} INFO - Processing file /home/airflow/.local/lib/python3.12/site-packages/airflow/example_dags/example_xcomargs.py for tasks to queue
[2024-07-16T19:10:13.199+0000] {logging_mixin.py:188} INFO - [2024-07-16T19:10:13.199+0000] {dagbag.py:545} INFO - Filling up the DagBag from /home/airflow/.local/lib/python3.12/site-packages/airflow/example_dags/example_xcomargs.py
[2024-07-16T19:10:13.208+0000] {processor.py:840} INFO - DAG(s) 'example_xcom_args_with_operators', 'example_xcom_args' retrieved from /home/airflow/.local/lib/python3.12/site-packages/airflow/example_dags/example_xcomargs.py
[2024-07-16T19:10:13.235+0000] {logging_mixin.py:188} INFO - [2024-07-16T19:10:13.235+0000] {dag.py:3096} INFO - Sync 2 DAGs
[2024-07-16T19:10:13.258+0000] {logging_mixin.py:188} INFO - [2024-07-16T19:10:13.258+0000] {dag.py:3954} INFO - Setting next_dagrun for example_xcom_args to None, run_after=None
[2024-07-16T19:10:13.264+0000] {logging_mixin.py:188} INFO - [2024-07-16T19:10:13.264+0000] {dag.py:3954} INFO - Setting next_dagrun for example_xcom_args_with_operators to None, run_after=None
[2024-07-16T19:10:13.309+0000] {processor.py:183} INFO - Processing /home/airflow/.local/lib/python3.12/site-packages/airflow/example_dags/example_xcomargs.py took 0.118 seconds
[2024-07-16T19:10:44.003+0000] {processor.py:161} INFO - Started process (PID=1034) to work on /home/airflow/.local/lib/python3.12/site-packages/airflow/example_dags/example_xcomargs.py
[2024-07-16T19:10:44.004+0000] {processor.py:830} INFO - Processing file /home/airflow/.local/lib/python3.12/site-packages/airflow/example_dags/example_xcomargs.py for tasks to queue
[2024-07-16T19:10:44.005+0000] {logging_mixin.py:188} INFO - [2024-07-16T19:10:44.005+0000] {dagbag.py:545} INFO - Filling up the DagBag from /home/airflow/.local/lib/python3.12/site-packages/airflow/example_dags/example_xcomargs.py
[2024-07-16T19:10:44.016+0000] {processor.py:840} INFO - DAG(s) 'example_xcom_args_with_operators', 'example_xcom_args' retrieved from /home/airflow/.local/lib/python3.12/site-packages/airflow/example_dags/example_xcomargs.py
[2024-07-16T19:10:44.043+0000] {logging_mixin.py:188} INFO - [2024-07-16T19:10:44.043+0000] {dag.py:3096} INFO - Sync 2 DAGs
[2024-07-16T19:10:44.060+0000] {logging_mixin.py:188} INFO - [2024-07-16T19:10:44.060+0000] {dag.py:3954} INFO - Setting next_dagrun for example_xcom_args to None, run_after=None
[2024-07-16T19:10:44.067+0000] {logging_mixin.py:188} INFO - [2024-07-16T19:10:44.067+0000] {dag.py:3954} INFO - Setting next_dagrun for example_xcom_args_with_operators to None, run_after=None
[2024-07-16T19:10:44.101+0000] {processor.py:183} INFO - Processing /home/airflow/.local/lib/python3.12/site-packages/airflow/example_dags/example_xcomargs.py took 0.104 seconds
[2024-07-16T19:11:14.458+0000] {processor.py:161} INFO - Started process (PID=1096) to work on /home/airflow/.local/lib/python3.12/site-packages/airflow/example_dags/example_xcomargs.py
[2024-07-16T19:11:14.462+0000] {processor.py:830} INFO - Processing file /home/airflow/.local/lib/python3.12/site-packages/airflow/example_dags/example_xcomargs.py for tasks to queue
[2024-07-16T19:11:14.464+0000] {logging_mixin.py:188} INFO - [2024-07-16T19:11:14.463+0000] {dagbag.py:545} INFO - Filling up the DagBag from /home/airflow/.local/lib/python3.12/site-packages/airflow/example_dags/example_xcomargs.py
[2024-07-16T19:11:14.485+0000] {processor.py:840} INFO - DAG(s) 'example_xcom_args', 'example_xcom_args_with_operators' retrieved from /home/airflow/.local/lib/python3.12/site-packages/airflow/example_dags/example_xcomargs.py
[2024-07-16T19:11:14.540+0000] {logging_mixin.py:188} INFO - [2024-07-16T19:11:14.540+0000] {dag.py:3096} INFO - Sync 2 DAGs
[2024-07-16T19:11:14.575+0000] {logging_mixin.py:188} INFO - [2024-07-16T19:11:14.575+0000] {dag.py:3954} INFO - Setting next_dagrun for example_xcom_args to None, run_after=None
[2024-07-16T19:11:14.586+0000] {logging_mixin.py:188} INFO - [2024-07-16T19:11:14.586+0000] {dag.py:3954} INFO - Setting next_dagrun for example_xcom_args_with_operators to None, run_after=None
[2024-07-16T19:11:14.649+0000] {processor.py:183} INFO - Processing /home/airflow/.local/lib/python3.12/site-packages/airflow/example_dags/example_xcomargs.py took 0.205 seconds
[2024-07-16T19:11:44.812+0000] {processor.py:161} INFO - Started process (PID=1155) to work on /home/airflow/.local/lib/python3.12/site-packages/airflow/example_dags/example_xcomargs.py
[2024-07-16T19:11:44.813+0000] {processor.py:830} INFO - Processing file /home/airflow/.local/lib/python3.12/site-packages/airflow/example_dags/example_xcomargs.py for tasks to queue
[2024-07-16T19:11:44.814+0000] {logging_mixin.py:188} INFO - [2024-07-16T19:11:44.814+0000] {dagbag.py:545} INFO - Filling up the DagBag from /home/airflow/.local/lib/python3.12/site-packages/airflow/example_dags/example_xcomargs.py
[2024-07-16T19:11:44.824+0000] {processor.py:840} INFO - DAG(s) 'example_xcom_args_with_operators', 'example_xcom_args' retrieved from /home/airflow/.local/lib/python3.12/site-packages/airflow/example_dags/example_xcomargs.py
[2024-07-16T19:11:44.854+0000] {logging_mixin.py:188} INFO - [2024-07-16T19:11:44.854+0000] {dag.py:3096} INFO - Sync 2 DAGs
[2024-07-16T19:11:44.873+0000] {logging_mixin.py:188} INFO - [2024-07-16T19:11:44.873+0000] {dag.py:3954} INFO - Setting next_dagrun for example_xcom_args to None, run_after=None
[2024-07-16T19:11:44.880+0000] {logging_mixin.py:188} INFO - [2024-07-16T19:11:44.879+0000] {dag.py:3954} INFO - Setting next_dagrun for example_xcom_args_with_operators to None, run_after=None
[2024-07-16T19:11:44.914+0000] {processor.py:183} INFO - Processing /home/airflow/.local/lib/python3.12/site-packages/airflow/example_dags/example_xcomargs.py took 0.109 seconds
[2024-07-16T19:12:15.168+0000] {processor.py:161} INFO - Started process (PID=1213) to work on /home/airflow/.local/lib/python3.12/site-packages/airflow/example_dags/example_xcomargs.py
[2024-07-16T19:12:15.168+0000] {processor.py:830} INFO - Processing file /home/airflow/.local/lib/python3.12/site-packages/airflow/example_dags/example_xcomargs.py for tasks to queue
[2024-07-16T19:12:15.169+0000] {logging_mixin.py:188} INFO - [2024-07-16T19:12:15.169+0000] {dagbag.py:545} INFO - Filling up the DagBag from /home/airflow/.local/lib/python3.12/site-packages/airflow/example_dags/example_xcomargs.py
[2024-07-16T19:12:15.180+0000] {processor.py:840} INFO - DAG(s) 'example_xcom_args_with_operators', 'example_xcom_args' retrieved from /home/airflow/.local/lib/python3.12/site-packages/airflow/example_dags/example_xcomargs.py
[2024-07-16T19:12:15.209+0000] {logging_mixin.py:188} INFO - [2024-07-16T19:12:15.209+0000] {dag.py:3096} INFO - Sync 2 DAGs
[2024-07-16T19:12:15.226+0000] {logging_mixin.py:188} INFO - [2024-07-16T19:12:15.226+0000] {dag.py:3954} INFO - Setting next_dagrun for example_xcom_args to None, run_after=None
[2024-07-16T19:12:15.232+0000] {logging_mixin.py:188} INFO - [2024-07-16T19:12:15.231+0000] {dag.py:3954} INFO - Setting next_dagrun for example_xcom_args_with_operators to None, run_after=None
[2024-07-16T19:12:15.266+0000] {processor.py:183} INFO - Processing /home/airflow/.local/lib/python3.12/site-packages/airflow/example_dags/example_xcomargs.py took 0.104 seconds
[2024-07-16T19:12:45.575+0000] {processor.py:161} INFO - Started process (PID=1273) to work on /home/airflow/.local/lib/python3.12/site-packages/airflow/example_dags/example_xcomargs.py
[2024-07-16T19:12:45.575+0000] {processor.py:830} INFO - Processing file /home/airflow/.local/lib/python3.12/site-packages/airflow/example_dags/example_xcomargs.py for tasks to queue
[2024-07-16T19:12:45.576+0000] {logging_mixin.py:188} INFO - [2024-07-16T19:12:45.576+0000] {dagbag.py:545} INFO - Filling up the DagBag from /home/airflow/.local/lib/python3.12/site-packages/airflow/example_dags/example_xcomargs.py
[2024-07-16T19:12:45.585+0000] {processor.py:840} INFO - DAG(s) 'example_xcom_args', 'example_xcom_args_with_operators' retrieved from /home/airflow/.local/lib/python3.12/site-packages/airflow/example_dags/example_xcomargs.py
[2024-07-16T19:12:45.626+0000] {logging_mixin.py:188} INFO - [2024-07-16T19:12:45.626+0000] {dag.py:3096} INFO - Sync 2 DAGs
[2024-07-16T19:12:45.643+0000] {logging_mixin.py:188} INFO - [2024-07-16T19:12:45.642+0000] {dag.py:3954} INFO - Setting next_dagrun for example_xcom_args to None, run_after=None
[2024-07-16T19:12:45.647+0000] {logging_mixin.py:188} INFO - [2024-07-16T19:12:45.647+0000] {dag.py:3954} INFO - Setting next_dagrun for example_xcom_args_with_operators to None, run_after=None
[2024-07-16T19:12:45.671+0000] {processor.py:183} INFO - Processing /home/airflow/.local/lib/python3.12/site-packages/airflow/example_dags/example_xcomargs.py took 0.104 seconds
[2024-07-16T19:13:16.714+0000] {processor.py:161} INFO - Started process (PID=1336) to work on /home/airflow/.local/lib/python3.12/site-packages/airflow/example_dags/example_xcomargs.py
[2024-07-16T19:13:16.717+0000] {processor.py:830} INFO - Processing file /home/airflow/.local/lib/python3.12/site-packages/airflow/example_dags/example_xcomargs.py for tasks to queue
[2024-07-16T19:13:16.718+0000] {logging_mixin.py:188} INFO - [2024-07-16T19:13:16.718+0000] {dagbag.py:545} INFO - Filling up the DagBag from /home/airflow/.local/lib/python3.12/site-packages/airflow/example_dags/example_xcomargs.py
[2024-07-16T19:13:16.741+0000] {processor.py:840} INFO - DAG(s) 'example_xcom_args', 'example_xcom_args_with_operators' retrieved from /home/airflow/.local/lib/python3.12/site-packages/airflow/example_dags/example_xcomargs.py
[2024-07-16T19:13:16.786+0000] {logging_mixin.py:188} INFO - [2024-07-16T19:13:16.786+0000] {dag.py:3096} INFO - Sync 2 DAGs
[2024-07-16T19:13:16.823+0000] {logging_mixin.py:188} INFO - [2024-07-16T19:13:16.823+0000] {dag.py:3954} INFO - Setting next_dagrun for example_xcom_args to None, run_after=None
[2024-07-16T19:13:16.834+0000] {logging_mixin.py:188} INFO - [2024-07-16T19:13:16.834+0000] {dag.py:3954} INFO - Setting next_dagrun for example_xcom_args_with_operators to None, run_after=None
[2024-07-16T19:13:16.860+0000] {processor.py:183} INFO - Processing /home/airflow/.local/lib/python3.12/site-packages/airflow/example_dags/example_xcomargs.py took 0.153 seconds
[2024-07-16T19:13:47.020+0000] {processor.py:161} INFO - Started process (PID=1395) to work on /home/airflow/.local/lib/python3.12/site-packages/airflow/example_dags/example_xcomargs.py
[2024-07-16T19:13:47.021+0000] {processor.py:830} INFO - Processing file /home/airflow/.local/lib/python3.12/site-packages/airflow/example_dags/example_xcomargs.py for tasks to queue
[2024-07-16T19:13:47.022+0000] {logging_mixin.py:188} INFO - [2024-07-16T19:13:47.022+0000] {dagbag.py:545} INFO - Filling up the DagBag from /home/airflow/.local/lib/python3.12/site-packages/airflow/example_dags/example_xcomargs.py
[2024-07-16T19:13:47.032+0000] {processor.py:840} INFO - DAG(s) 'example_xcom_args_with_operators', 'example_xcom_args' retrieved from /home/airflow/.local/lib/python3.12/site-packages/airflow/example_dags/example_xcomargs.py
[2024-07-16T19:13:47.063+0000] {logging_mixin.py:188} INFO - [2024-07-16T19:13:47.062+0000] {dag.py:3096} INFO - Sync 2 DAGs
[2024-07-16T19:13:47.079+0000] {logging_mixin.py:188} INFO - [2024-07-16T19:13:47.079+0000] {dag.py:3954} INFO - Setting next_dagrun for example_xcom_args to None, run_after=None
[2024-07-16T19:13:47.084+0000] {logging_mixin.py:188} INFO - [2024-07-16T19:13:47.084+0000] {dag.py:3954} INFO - Setting next_dagrun for example_xcom_args_with_operators to None, run_after=None
[2024-07-16T19:13:47.106+0000] {processor.py:183} INFO - Processing /home/airflow/.local/lib/python3.12/site-packages/airflow/example_dags/example_xcomargs.py took 0.092 seconds
[2024-07-16T19:14:17.607+0000] {processor.py:161} INFO - Started process (PID=1456) to work on /home/airflow/.local/lib/python3.12/site-packages/airflow/example_dags/example_xcomargs.py
[2024-07-16T19:14:17.608+0000] {processor.py:830} INFO - Processing file /home/airflow/.local/lib/python3.12/site-packages/airflow/example_dags/example_xcomargs.py for tasks to queue
[2024-07-16T19:14:17.609+0000] {logging_mixin.py:188} INFO - [2024-07-16T19:14:17.608+0000] {dagbag.py:545} INFO - Filling up the DagBag from /home/airflow/.local/lib/python3.12/site-packages/airflow/example_dags/example_xcomargs.py
[2024-07-16T19:14:17.619+0000] {processor.py:840} INFO - DAG(s) 'example_xcom_args_with_operators', 'example_xcom_args' retrieved from /home/airflow/.local/lib/python3.12/site-packages/airflow/example_dags/example_xcomargs.py
[2024-07-16T19:14:17.651+0000] {logging_mixin.py:188} INFO - [2024-07-16T19:14:17.651+0000] {dag.py:3096} INFO - Sync 2 DAGs
[2024-07-16T19:14:17.682+0000] {logging_mixin.py:188} INFO - [2024-07-16T19:14:17.682+0000] {dag.py:3954} INFO - Setting next_dagrun for example_xcom_args to None, run_after=None
[2024-07-16T19:14:17.688+0000] {logging_mixin.py:188} INFO - [2024-07-16T19:14:17.687+0000] {dag.py:3954} INFO - Setting next_dagrun for example_xcom_args_with_operators to None, run_after=None
[2024-07-16T19:14:17.710+0000] {processor.py:183} INFO - Processing /home/airflow/.local/lib/python3.12/site-packages/airflow/example_dags/example_xcomargs.py took 0.109 seconds
[2024-07-16T19:14:48.039+0000] {processor.py:161} INFO - Started process (PID=1515) to work on /home/airflow/.local/lib/python3.12/site-packages/airflow/example_dags/example_xcomargs.py
[2024-07-16T19:14:48.040+0000] {processor.py:830} INFO - Processing file /home/airflow/.local/lib/python3.12/site-packages/airflow/example_dags/example_xcomargs.py for tasks to queue
[2024-07-16T19:14:48.041+0000] {logging_mixin.py:188} INFO - [2024-07-16T19:14:48.040+0000] {dagbag.py:545} INFO - Filling up the DagBag from /home/airflow/.local/lib/python3.12/site-packages/airflow/example_dags/example_xcomargs.py
[2024-07-16T19:14:48.047+0000] {processor.py:840} INFO - DAG(s) 'example_xcom_args_with_operators', 'example_xcom_args' retrieved from /home/airflow/.local/lib/python3.12/site-packages/airflow/example_dags/example_xcomargs.py
[2024-07-16T19:14:48.067+0000] {logging_mixin.py:188} INFO - [2024-07-16T19:14:48.067+0000] {dag.py:3096} INFO - Sync 2 DAGs
[2024-07-16T19:14:48.078+0000] {logging_mixin.py:188} INFO - [2024-07-16T19:14:48.078+0000] {dag.py:3954} INFO - Setting next_dagrun for example_xcom_args to None, run_after=None
[2024-07-16T19:14:48.081+0000] {logging_mixin.py:188} INFO - [2024-07-16T19:14:48.081+0000] {dag.py:3954} INFO - Setting next_dagrun for example_xcom_args_with_operators to None, run_after=None
[2024-07-16T19:14:48.098+0000] {processor.py:183} INFO - Processing /home/airflow/.local/lib/python3.12/site-packages/airflow/example_dags/example_xcomargs.py took 0.063 seconds
[2024-07-16T19:15:18.382+0000] {processor.py:161} INFO - Started process (PID=1574) to work on /home/airflow/.local/lib/python3.12/site-packages/airflow/example_dags/example_xcomargs.py
[2024-07-16T19:15:18.382+0000] {processor.py:830} INFO - Processing file /home/airflow/.local/lib/python3.12/site-packages/airflow/example_dags/example_xcomargs.py for tasks to queue
[2024-07-16T19:15:18.383+0000] {logging_mixin.py:188} INFO - [2024-07-16T19:15:18.383+0000] {dagbag.py:545} INFO - Filling up the DagBag from /home/airflow/.local/lib/python3.12/site-packages/airflow/example_dags/example_xcomargs.py
[2024-07-16T19:15:18.390+0000] {processor.py:840} INFO - DAG(s) 'example_xcom_args', 'example_xcom_args_with_operators' retrieved from /home/airflow/.local/lib/python3.12/site-packages/airflow/example_dags/example_xcomargs.py
[2024-07-16T19:15:18.409+0000] {logging_mixin.py:188} INFO - [2024-07-16T19:15:18.409+0000] {dag.py:3096} INFO - Sync 2 DAGs
[2024-07-16T19:15:18.419+0000] {logging_mixin.py:188} INFO - [2024-07-16T19:15:18.419+0000] {dag.py:3954} INFO - Setting next_dagrun for example_xcom_args to None, run_after=None
[2024-07-16T19:15:18.422+0000] {logging_mixin.py:188} INFO - [2024-07-16T19:15:18.422+0000] {dag.py:3954} INFO - Setting next_dagrun for example_xcom_args_with_operators to None, run_after=None
[2024-07-16T19:15:18.446+0000] {processor.py:183} INFO - Processing /home/airflow/.local/lib/python3.12/site-packages/airflow/example_dags/example_xcomargs.py took 0.069 seconds
[2024-07-16T19:19:21.710+0000] {processor.py:161} INFO - Started process (PID=73) to work on /home/airflow/.local/lib/python3.12/site-packages/airflow/example_dags/example_xcomargs.py
[2024-07-16T19:19:21.710+0000] {processor.py:830} INFO - Processing file /home/airflow/.local/lib/python3.12/site-packages/airflow/example_dags/example_xcomargs.py for tasks to queue
[2024-07-16T19:19:21.712+0000] {logging_mixin.py:188} INFO - [2024-07-16T19:19:21.712+0000] {dagbag.py:545} INFO - Filling up the DagBag from /home/airflow/.local/lib/python3.12/site-packages/airflow/example_dags/example_xcomargs.py
[2024-07-16T19:19:21.756+0000] {processor.py:840} INFO - DAG(s) 'example_xcom_args_with_operators', 'example_xcom_args' retrieved from /home/airflow/.local/lib/python3.12/site-packages/airflow/example_dags/example_xcomargs.py
[2024-07-16T19:19:22.152+0000] {logging_mixin.py:188} INFO - [2024-07-16T19:19:22.151+0000] {dag.py:3096} INFO - Sync 2 DAGs
[2024-07-16T19:19:22.176+0000] {logging_mixin.py:188} INFO - [2024-07-16T19:19:22.175+0000] {dag.py:3954} INFO - Setting next_dagrun for example_xcom_args to None, run_after=None
[2024-07-16T19:19:22.203+0000] {logging_mixin.py:188} INFO - [2024-07-16T19:19:22.203+0000] {dag.py:3954} INFO - Setting next_dagrun for example_xcom_args_with_operators to None, run_after=None
[2024-07-16T19:19:22.278+0000] {processor.py:183} INFO - Processing /home/airflow/.local/lib/python3.12/site-packages/airflow/example_dags/example_xcomargs.py took 0.575 seconds
[2024-07-16T19:19:52.537+0000] {processor.py:161} INFO - Started process (PID=133) to work on /home/airflow/.local/lib/python3.12/site-packages/airflow/example_dags/example_xcomargs.py
[2024-07-16T19:19:52.538+0000] {processor.py:830} INFO - Processing file /home/airflow/.local/lib/python3.12/site-packages/airflow/example_dags/example_xcomargs.py for tasks to queue
[2024-07-16T19:19:52.540+0000] {logging_mixin.py:188} INFO - [2024-07-16T19:19:52.540+0000] {dagbag.py:545} INFO - Filling up the DagBag from /home/airflow/.local/lib/python3.12/site-packages/airflow/example_dags/example_xcomargs.py
[2024-07-16T19:19:52.550+0000] {processor.py:840} INFO - DAG(s) 'example_xcom_args_with_operators', 'example_xcom_args' retrieved from /home/airflow/.local/lib/python3.12/site-packages/airflow/example_dags/example_xcomargs.py
[2024-07-16T19:19:52.577+0000] {logging_mixin.py:188} INFO - [2024-07-16T19:19:52.577+0000] {dag.py:3096} INFO - Sync 2 DAGs
[2024-07-16T19:19:52.595+0000] {logging_mixin.py:188} INFO - [2024-07-16T19:19:52.595+0000] {dag.py:3954} INFO - Setting next_dagrun for example_xcom_args to None, run_after=None
[2024-07-16T19:19:52.599+0000] {logging_mixin.py:188} INFO - [2024-07-16T19:19:52.599+0000] {dag.py:3954} INFO - Setting next_dagrun for example_xcom_args_with_operators to None, run_after=None
[2024-07-16T19:19:52.621+0000] {processor.py:183} INFO - Processing /home/airflow/.local/lib/python3.12/site-packages/airflow/example_dags/example_xcomargs.py took 0.091 seconds
[2024-07-16T19:20:22.675+0000] {processor.py:161} INFO - Started process (PID=191) to work on /home/airflow/.local/lib/python3.12/site-packages/airflow/example_dags/example_xcomargs.py
[2024-07-16T19:20:22.676+0000] {processor.py:830} INFO - Processing file /home/airflow/.local/lib/python3.12/site-packages/airflow/example_dags/example_xcomargs.py for tasks to queue
[2024-07-16T19:20:22.678+0000] {logging_mixin.py:188} INFO - [2024-07-16T19:20:22.677+0000] {dagbag.py:545} INFO - Filling up the DagBag from /home/airflow/.local/lib/python3.12/site-packages/airflow/example_dags/example_xcomargs.py
[2024-07-16T19:20:22.687+0000] {processor.py:840} INFO - DAG(s) 'example_xcom_args_with_operators', 'example_xcom_args' retrieved from /home/airflow/.local/lib/python3.12/site-packages/airflow/example_dags/example_xcomargs.py
[2024-07-16T19:20:22.714+0000] {logging_mixin.py:188} INFO - [2024-07-16T19:20:22.713+0000] {dag.py:3096} INFO - Sync 2 DAGs
[2024-07-16T19:20:22.731+0000] {logging_mixin.py:188} INFO - [2024-07-16T19:20:22.731+0000] {dag.py:3954} INFO - Setting next_dagrun for example_xcom_args to None, run_after=None
[2024-07-16T19:20:22.736+0000] {logging_mixin.py:188} INFO - [2024-07-16T19:20:22.736+0000] {dag.py:3954} INFO - Setting next_dagrun for example_xcom_args_with_operators to None, run_after=None
[2024-07-16T19:20:22.758+0000] {processor.py:183} INFO - Processing /home/airflow/.local/lib/python3.12/site-packages/airflow/example_dags/example_xcomargs.py took 0.089 seconds
[2024-07-16T19:20:53.087+0000] {processor.py:161} INFO - Started process (PID=249) to work on /home/airflow/.local/lib/python3.12/site-packages/airflow/example_dags/example_xcomargs.py
[2024-07-16T19:20:53.088+0000] {processor.py:830} INFO - Processing file /home/airflow/.local/lib/python3.12/site-packages/airflow/example_dags/example_xcomargs.py for tasks to queue
[2024-07-16T19:20:53.090+0000] {logging_mixin.py:188} INFO - [2024-07-16T19:20:53.089+0000] {dagbag.py:545} INFO - Filling up the DagBag from /home/airflow/.local/lib/python3.12/site-packages/airflow/example_dags/example_xcomargs.py
[2024-07-16T19:20:53.100+0000] {processor.py:840} INFO - DAG(s) 'example_xcom_args', 'example_xcom_args_with_operators' retrieved from /home/airflow/.local/lib/python3.12/site-packages/airflow/example_dags/example_xcomargs.py
[2024-07-16T19:20:53.125+0000] {logging_mixin.py:188} INFO - [2024-07-16T19:20:53.124+0000] {dag.py:3096} INFO - Sync 2 DAGs
[2024-07-16T19:20:53.141+0000] {logging_mixin.py:188} INFO - [2024-07-16T19:20:53.141+0000] {dag.py:3954} INFO - Setting next_dagrun for example_xcom_args to None, run_after=None
[2024-07-16T19:20:53.146+0000] {logging_mixin.py:188} INFO - [2024-07-16T19:20:53.146+0000] {dag.py:3954} INFO - Setting next_dagrun for example_xcom_args_with_operators to None, run_after=None
[2024-07-16T19:20:53.171+0000] {processor.py:183} INFO - Processing /home/airflow/.local/lib/python3.12/site-packages/airflow/example_dags/example_xcomargs.py took 0.095 seconds
[2024-07-16T19:21:23.765+0000] {processor.py:161} INFO - Started process (PID=308) to work on /home/airflow/.local/lib/python3.12/site-packages/airflow/example_dags/example_xcomargs.py
[2024-07-16T19:21:23.765+0000] {processor.py:830} INFO - Processing file /home/airflow/.local/lib/python3.12/site-packages/airflow/example_dags/example_xcomargs.py for tasks to queue
[2024-07-16T19:21:23.767+0000] {logging_mixin.py:188} INFO - [2024-07-16T19:21:23.767+0000] {dagbag.py:545} INFO - Filling up the DagBag from /home/airflow/.local/lib/python3.12/site-packages/airflow/example_dags/example_xcomargs.py
[2024-07-16T19:21:23.777+0000] {processor.py:840} INFO - DAG(s) 'example_xcom_args', 'example_xcom_args_with_operators' retrieved from /home/airflow/.local/lib/python3.12/site-packages/airflow/example_dags/example_xcomargs.py
[2024-07-16T19:21:23.803+0000] {logging_mixin.py:188} INFO - [2024-07-16T19:21:23.803+0000] {dag.py:3096} INFO - Sync 2 DAGs
[2024-07-16T19:21:23.819+0000] {logging_mixin.py:188} INFO - [2024-07-16T19:21:23.819+0000] {dag.py:3954} INFO - Setting next_dagrun for example_xcom_args to None, run_after=None
[2024-07-16T19:21:23.823+0000] {logging_mixin.py:188} INFO - [2024-07-16T19:21:23.823+0000] {dag.py:3954} INFO - Setting next_dagrun for example_xcom_args_with_operators to None, run_after=None
[2024-07-16T19:21:23.846+0000] {processor.py:183} INFO - Processing /home/airflow/.local/lib/python3.12/site-packages/airflow/example_dags/example_xcomargs.py took 0.092 seconds
[2024-07-16T19:21:54.036+0000] {processor.py:161} INFO - Started process (PID=367) to work on /home/airflow/.local/lib/python3.12/site-packages/airflow/example_dags/example_xcomargs.py
[2024-07-16T19:21:54.038+0000] {processor.py:830} INFO - Processing file /home/airflow/.local/lib/python3.12/site-packages/airflow/example_dags/example_xcomargs.py for tasks to queue
[2024-07-16T19:21:54.041+0000] {logging_mixin.py:188} INFO - [2024-07-16T19:21:54.040+0000] {dagbag.py:545} INFO - Filling up the DagBag from /home/airflow/.local/lib/python3.12/site-packages/airflow/example_dags/example_xcomargs.py
[2024-07-16T19:21:54.064+0000] {processor.py:840} INFO - DAG(s) 'example_xcom_args_with_operators', 'example_xcom_args' retrieved from /home/airflow/.local/lib/python3.12/site-packages/airflow/example_dags/example_xcomargs.py
[2024-07-16T19:21:54.112+0000] {logging_mixin.py:188} INFO - [2024-07-16T19:21:54.112+0000] {dag.py:3096} INFO - Sync 2 DAGs
[2024-07-16T19:21:54.135+0000] {logging_mixin.py:188} INFO - [2024-07-16T19:21:54.135+0000] {dag.py:3954} INFO - Setting next_dagrun for example_xcom_args to None, run_after=None
[2024-07-16T19:21:54.146+0000] {logging_mixin.py:188} INFO - [2024-07-16T19:21:54.146+0000] {dag.py:3954} INFO - Setting next_dagrun for example_xcom_args_with_operators to None, run_after=None
[2024-07-16T19:21:54.194+0000] {processor.py:183} INFO - Processing /home/airflow/.local/lib/python3.12/site-packages/airflow/example_dags/example_xcomargs.py took 0.168 seconds
[2024-07-16T19:22:24.337+0000] {processor.py:161} INFO - Started process (PID=427) to work on /home/airflow/.local/lib/python3.12/site-packages/airflow/example_dags/example_xcomargs.py
[2024-07-16T19:22:24.346+0000] {processor.py:830} INFO - Processing file /home/airflow/.local/lib/python3.12/site-packages/airflow/example_dags/example_xcomargs.py for tasks to queue
[2024-07-16T19:22:24.358+0000] {logging_mixin.py:188} INFO - [2024-07-16T19:22:24.357+0000] {dagbag.py:545} INFO - Filling up the DagBag from /home/airflow/.local/lib/python3.12/site-packages/airflow/example_dags/example_xcomargs.py
[2024-07-16T19:22:24.387+0000] {processor.py:840} INFO - DAG(s) 'example_xcom_args', 'example_xcom_args_with_operators' retrieved from /home/airflow/.local/lib/python3.12/site-packages/airflow/example_dags/example_xcomargs.py
[2024-07-16T19:22:24.461+0000] {logging_mixin.py:188} INFO - [2024-07-16T19:22:24.461+0000] {dag.py:3096} INFO - Sync 2 DAGs
[2024-07-16T19:22:24.505+0000] {logging_mixin.py:188} INFO - [2024-07-16T19:22:24.505+0000] {dag.py:3954} INFO - Setting next_dagrun for example_xcom_args to None, run_after=None
[2024-07-16T19:22:24.538+0000] {logging_mixin.py:188} INFO - [2024-07-16T19:22:24.538+0000] {dag.py:3954} INFO - Setting next_dagrun for example_xcom_args_with_operators to None, run_after=None
[2024-07-16T19:22:24.582+0000] {processor.py:183} INFO - Processing /home/airflow/.local/lib/python3.12/site-packages/airflow/example_dags/example_xcomargs.py took 0.252 seconds
[2024-07-16T19:22:55.600+0000] {processor.py:161} INFO - Started process (PID=492) to work on /home/airflow/.local/lib/python3.12/site-packages/airflow/example_dags/example_xcomargs.py
[2024-07-16T19:22:55.604+0000] {processor.py:830} INFO - Processing file /home/airflow/.local/lib/python3.12/site-packages/airflow/example_dags/example_xcomargs.py for tasks to queue
[2024-07-16T19:22:55.610+0000] {logging_mixin.py:188} INFO - [2024-07-16T19:22:55.609+0000] {dagbag.py:545} INFO - Filling up the DagBag from /home/airflow/.local/lib/python3.12/site-packages/airflow/example_dags/example_xcomargs.py
[2024-07-16T19:22:55.624+0000] {processor.py:840} INFO - DAG(s) 'example_xcom_args', 'example_xcom_args_with_operators' retrieved from /home/airflow/.local/lib/python3.12/site-packages/airflow/example_dags/example_xcomargs.py
[2024-07-16T19:22:55.689+0000] {logging_mixin.py:188} INFO - [2024-07-16T19:22:55.688+0000] {dag.py:3096} INFO - Sync 2 DAGs
[2024-07-16T19:22:55.707+0000] {logging_mixin.py:188} INFO - [2024-07-16T19:22:55.707+0000] {dag.py:3954} INFO - Setting next_dagrun for example_xcom_args to None, run_after=None
[2024-07-16T19:22:55.712+0000] {logging_mixin.py:188} INFO - [2024-07-16T19:22:55.711+0000] {dag.py:3954} INFO - Setting next_dagrun for example_xcom_args_with_operators to None, run_after=None
[2024-07-16T19:22:55.745+0000] {processor.py:183} INFO - Processing /home/airflow/.local/lib/python3.12/site-packages/airflow/example_dags/example_xcomargs.py took 0.162 seconds
[2024-07-16T19:23:25.946+0000] {processor.py:161} INFO - Started process (PID=551) to work on /home/airflow/.local/lib/python3.12/site-packages/airflow/example_dags/example_xcomargs.py
[2024-07-16T19:23:25.947+0000] {processor.py:830} INFO - Processing file /home/airflow/.local/lib/python3.12/site-packages/airflow/example_dags/example_xcomargs.py for tasks to queue
[2024-07-16T19:23:25.949+0000] {logging_mixin.py:188} INFO - [2024-07-16T19:23:25.949+0000] {dagbag.py:545} INFO - Filling up the DagBag from /home/airflow/.local/lib/python3.12/site-packages/airflow/example_dags/example_xcomargs.py
[2024-07-16T19:23:25.959+0000] {processor.py:840} INFO - DAG(s) 'example_xcom_args_with_operators', 'example_xcom_args' retrieved from /home/airflow/.local/lib/python3.12/site-packages/airflow/example_dags/example_xcomargs.py
[2024-07-16T19:23:25.985+0000] {logging_mixin.py:188} INFO - [2024-07-16T19:23:25.984+0000] {dag.py:3096} INFO - Sync 2 DAGs
[2024-07-16T19:23:26.003+0000] {logging_mixin.py:188} INFO - [2024-07-16T19:23:26.002+0000] {dag.py:3954} INFO - Setting next_dagrun for example_xcom_args to None, run_after=None
[2024-07-16T19:23:26.007+0000] {logging_mixin.py:188} INFO - [2024-07-16T19:23:26.007+0000] {dag.py:3954} INFO - Setting next_dagrun for example_xcom_args_with_operators to None, run_after=None
[2024-07-16T19:23:26.027+0000] {processor.py:183} INFO - Processing /home/airflow/.local/lib/python3.12/site-packages/airflow/example_dags/example_xcomargs.py took 0.087 seconds
[2024-07-16T19:23:56.254+0000] {processor.py:161} INFO - Started process (PID=610) to work on /home/airflow/.local/lib/python3.12/site-packages/airflow/example_dags/example_xcomargs.py
[2024-07-16T19:23:56.254+0000] {processor.py:830} INFO - Processing file /home/airflow/.local/lib/python3.12/site-packages/airflow/example_dags/example_xcomargs.py for tasks to queue
[2024-07-16T19:23:56.256+0000] {logging_mixin.py:188} INFO - [2024-07-16T19:23:56.256+0000] {dagbag.py:545} INFO - Filling up the DagBag from /home/airflow/.local/lib/python3.12/site-packages/airflow/example_dags/example_xcomargs.py
[2024-07-16T19:23:56.278+0000] {processor.py:840} INFO - DAG(s) 'example_xcom_args_with_operators', 'example_xcom_args' retrieved from /home/airflow/.local/lib/python3.12/site-packages/airflow/example_dags/example_xcomargs.py
[2024-07-16T19:23:56.307+0000] {logging_mixin.py:188} INFO - [2024-07-16T19:23:56.307+0000] {dag.py:3096} INFO - Sync 2 DAGs
[2024-07-16T19:23:56.322+0000] {logging_mixin.py:188} INFO - [2024-07-16T19:23:56.322+0000] {dag.py:3954} INFO - Setting next_dagrun for example_xcom_args to None, run_after=None
[2024-07-16T19:23:56.325+0000] {logging_mixin.py:188} INFO - [2024-07-16T19:23:56.325+0000] {dag.py:3954} INFO - Setting next_dagrun for example_xcom_args_with_operators to None, run_after=None
[2024-07-16T19:23:56.343+0000] {processor.py:183} INFO - Processing /home/airflow/.local/lib/python3.12/site-packages/airflow/example_dags/example_xcomargs.py took 0.123 seconds
[2024-07-16T19:24:26.822+0000] {processor.py:161} INFO - Started process (PID=669) to work on /home/airflow/.local/lib/python3.12/site-packages/airflow/example_dags/example_xcomargs.py
[2024-07-16T19:24:26.823+0000] {processor.py:830} INFO - Processing file /home/airflow/.local/lib/python3.12/site-packages/airflow/example_dags/example_xcomargs.py for tasks to queue
[2024-07-16T19:24:26.824+0000] {logging_mixin.py:188} INFO - [2024-07-16T19:24:26.824+0000] {dagbag.py:545} INFO - Filling up the DagBag from /home/airflow/.local/lib/python3.12/site-packages/airflow/example_dags/example_xcomargs.py
[2024-07-16T19:24:26.849+0000] {processor.py:840} INFO - DAG(s) 'example_xcom_args', 'example_xcom_args_with_operators' retrieved from /home/airflow/.local/lib/python3.12/site-packages/airflow/example_dags/example_xcomargs.py
[2024-07-16T19:24:26.877+0000] {logging_mixin.py:188} INFO - [2024-07-16T19:24:26.877+0000] {dag.py:3096} INFO - Sync 2 DAGs
[2024-07-16T19:24:26.892+0000] {logging_mixin.py:188} INFO - [2024-07-16T19:24:26.891+0000] {dag.py:3954} INFO - Setting next_dagrun for example_xcom_args to None, run_after=None
[2024-07-16T19:24:26.896+0000] {logging_mixin.py:188} INFO - [2024-07-16T19:24:26.896+0000] {dag.py:3954} INFO - Setting next_dagrun for example_xcom_args_with_operators to None, run_after=None
[2024-07-16T19:24:26.914+0000] {processor.py:183} INFO - Processing /home/airflow/.local/lib/python3.12/site-packages/airflow/example_dags/example_xcomargs.py took 0.098 seconds
[2024-07-16T19:24:57.790+0000] {processor.py:161} INFO - Started process (PID=728) to work on /home/airflow/.local/lib/python3.12/site-packages/airflow/example_dags/example_xcomargs.py
[2024-07-16T19:24:57.790+0000] {processor.py:830} INFO - Processing file /home/airflow/.local/lib/python3.12/site-packages/airflow/example_dags/example_xcomargs.py for tasks to queue
[2024-07-16T19:24:57.791+0000] {logging_mixin.py:188} INFO - [2024-07-16T19:24:57.791+0000] {dagbag.py:545} INFO - Filling up the DagBag from /home/airflow/.local/lib/python3.12/site-packages/airflow/example_dags/example_xcomargs.py
[2024-07-16T19:24:57.800+0000] {processor.py:840} INFO - DAG(s) 'example_xcom_args_with_operators', 'example_xcom_args' retrieved from /home/airflow/.local/lib/python3.12/site-packages/airflow/example_dags/example_xcomargs.py
[2024-07-16T19:24:57.830+0000] {logging_mixin.py:188} INFO - [2024-07-16T19:24:57.830+0000] {dag.py:3096} INFO - Sync 2 DAGs
[2024-07-16T19:24:57.847+0000] {logging_mixin.py:188} INFO - [2024-07-16T19:24:57.846+0000] {dag.py:3954} INFO - Setting next_dagrun for example_xcom_args to None, run_after=None
[2024-07-16T19:24:57.851+0000] {logging_mixin.py:188} INFO - [2024-07-16T19:24:57.851+0000] {dag.py:3954} INFO - Setting next_dagrun for example_xcom_args_with_operators to None, run_after=None
[2024-07-16T19:24:57.876+0000] {processor.py:183} INFO - Processing /home/airflow/.local/lib/python3.12/site-packages/airflow/example_dags/example_xcomargs.py took 0.094 seconds
[2024-07-16T19:25:28.699+0000] {processor.py:161} INFO - Started process (PID=787) to work on /home/airflow/.local/lib/python3.12/site-packages/airflow/example_dags/example_xcomargs.py
[2024-07-16T19:25:28.704+0000] {processor.py:830} INFO - Processing file /home/airflow/.local/lib/python3.12/site-packages/airflow/example_dags/example_xcomargs.py for tasks to queue
[2024-07-16T19:25:28.707+0000] {logging_mixin.py:188} INFO - [2024-07-16T19:25:28.706+0000] {dagbag.py:545} INFO - Filling up the DagBag from /home/airflow/.local/lib/python3.12/site-packages/airflow/example_dags/example_xcomargs.py
[2024-07-16T19:25:28.731+0000] {processor.py:840} INFO - DAG(s) 'example_xcom_args_with_operators', 'example_xcom_args' retrieved from /home/airflow/.local/lib/python3.12/site-packages/airflow/example_dags/example_xcomargs.py
[2024-07-16T19:25:28.769+0000] {logging_mixin.py:188} INFO - [2024-07-16T19:25:28.769+0000] {dag.py:3096} INFO - Sync 2 DAGs
[2024-07-16T19:25:28.788+0000] {logging_mixin.py:188} INFO - [2024-07-16T19:25:28.788+0000] {dag.py:3954} INFO - Setting next_dagrun for example_xcom_args to None, run_after=None
[2024-07-16T19:25:28.792+0000] {logging_mixin.py:188} INFO - [2024-07-16T19:25:28.792+0000] {dag.py:3954} INFO - Setting next_dagrun for example_xcom_args_with_operators to None, run_after=None
[2024-07-16T19:25:28.822+0000] {processor.py:183} INFO - Processing /home/airflow/.local/lib/python3.12/site-packages/airflow/example_dags/example_xcomargs.py took 0.144 seconds
[2024-07-16T19:25:59.560+0000] {processor.py:161} INFO - Started process (PID=846) to work on /home/airflow/.local/lib/python3.12/site-packages/airflow/example_dags/example_xcomargs.py
[2024-07-16T19:25:59.561+0000] {processor.py:830} INFO - Processing file /home/airflow/.local/lib/python3.12/site-packages/airflow/example_dags/example_xcomargs.py for tasks to queue
[2024-07-16T19:25:59.562+0000] {logging_mixin.py:188} INFO - [2024-07-16T19:25:59.562+0000] {dagbag.py:545} INFO - Filling up the DagBag from /home/airflow/.local/lib/python3.12/site-packages/airflow/example_dags/example_xcomargs.py
[2024-07-16T19:25:59.582+0000] {processor.py:840} INFO - DAG(s) 'example_xcom_args', 'example_xcom_args_with_operators' retrieved from /home/airflow/.local/lib/python3.12/site-packages/airflow/example_dags/example_xcomargs.py
[2024-07-16T19:25:59.637+0000] {logging_mixin.py:188} INFO - [2024-07-16T19:25:59.636+0000] {dag.py:3096} INFO - Sync 2 DAGs
[2024-07-16T19:25:59.656+0000] {logging_mixin.py:188} INFO - [2024-07-16T19:25:59.655+0000] {dag.py:3954} INFO - Setting next_dagrun for example_xcom_args to None, run_after=None
[2024-07-16T19:25:59.660+0000] {logging_mixin.py:188} INFO - [2024-07-16T19:25:59.660+0000] {dag.py:3954} INFO - Setting next_dagrun for example_xcom_args_with_operators to None, run_after=None
[2024-07-16T19:25:59.720+0000] {processor.py:183} INFO - Processing /home/airflow/.local/lib/python3.12/site-packages/airflow/example_dags/example_xcomargs.py took 0.166 seconds
[2024-07-16T19:26:30.530+0000] {processor.py:161} INFO - Started process (PID=905) to work on /home/airflow/.local/lib/python3.12/site-packages/airflow/example_dags/example_xcomargs.py
[2024-07-16T19:26:30.530+0000] {processor.py:830} INFO - Processing file /home/airflow/.local/lib/python3.12/site-packages/airflow/example_dags/example_xcomargs.py for tasks to queue
[2024-07-16T19:26:30.531+0000] {logging_mixin.py:188} INFO - [2024-07-16T19:26:30.531+0000] {dagbag.py:545} INFO - Filling up the DagBag from /home/airflow/.local/lib/python3.12/site-packages/airflow/example_dags/example_xcomargs.py
[2024-07-16T19:26:30.540+0000] {processor.py:840} INFO - DAG(s) 'example_xcom_args_with_operators', 'example_xcom_args' retrieved from /home/airflow/.local/lib/python3.12/site-packages/airflow/example_dags/example_xcomargs.py
[2024-07-16T19:26:30.568+0000] {logging_mixin.py:188} INFO - [2024-07-16T19:26:30.568+0000] {dag.py:3096} INFO - Sync 2 DAGs
[2024-07-16T19:26:30.586+0000] {logging_mixin.py:188} INFO - [2024-07-16T19:26:30.585+0000] {dag.py:3954} INFO - Setting next_dagrun for example_xcom_args to None, run_after=None
[2024-07-16T19:26:30.590+0000] {logging_mixin.py:188} INFO - [2024-07-16T19:26:30.590+0000] {dag.py:3954} INFO - Setting next_dagrun for example_xcom_args_with_operators to None, run_after=None
[2024-07-16T19:26:30.616+0000] {processor.py:183} INFO - Processing /home/airflow/.local/lib/python3.12/site-packages/airflow/example_dags/example_xcomargs.py took 0.094 seconds
[2024-07-16T19:27:01.310+0000] {processor.py:161} INFO - Started process (PID=964) to work on /home/airflow/.local/lib/python3.12/site-packages/airflow/example_dags/example_xcomargs.py
[2024-07-16T19:27:01.321+0000] {processor.py:830} INFO - Processing file /home/airflow/.local/lib/python3.12/site-packages/airflow/example_dags/example_xcomargs.py for tasks to queue
[2024-07-16T19:27:01.322+0000] {logging_mixin.py:188} INFO - [2024-07-16T19:27:01.322+0000] {dagbag.py:545} INFO - Filling up the DagBag from /home/airflow/.local/lib/python3.12/site-packages/airflow/example_dags/example_xcomargs.py
[2024-07-16T19:27:01.337+0000] {processor.py:840} INFO - DAG(s) 'example_xcom_args', 'example_xcom_args_with_operators' retrieved from /home/airflow/.local/lib/python3.12/site-packages/airflow/example_dags/example_xcomargs.py
[2024-07-16T19:27:01.403+0000] {logging_mixin.py:188} INFO - [2024-07-16T19:27:01.403+0000] {dag.py:3096} INFO - Sync 2 DAGs
[2024-07-16T19:27:01.436+0000] {logging_mixin.py:188} INFO - [2024-07-16T19:27:01.436+0000] {dag.py:3954} INFO - Setting next_dagrun for example_xcom_args to None, run_after=None
[2024-07-16T19:27:01.444+0000] {logging_mixin.py:188} INFO - [2024-07-16T19:27:01.444+0000] {dag.py:3954} INFO - Setting next_dagrun for example_xcom_args_with_operators to None, run_after=None
[2024-07-16T19:27:01.491+0000] {processor.py:183} INFO - Processing /home/airflow/.local/lib/python3.12/site-packages/airflow/example_dags/example_xcomargs.py took 0.194 seconds
