[2024-07-16T19:02:31.592+0000] {processor.py:161} INFO - Started process (PID=68) to work on /home/airflow/.local/lib/python3.12/site-packages/airflow/example_dags/example_subdag_operator.py
[2024-07-16T19:02:31.596+0000] {processor.py:830} INFO - Processing file /home/airflow/.local/lib/python3.12/site-packages/airflow/example_dags/example_subdag_operator.py for tasks to queue
[2024-07-16T19:02:31.603+0000] {logging_mixin.py:188} INFO - [2024-07-16T19:02:31.603+0000] {dagbag.py:545} INFO - Filling up the DagBag from /home/airflow/.local/lib/python3.12/site-packages/airflow/example_dags/example_subdag_operator.py
[2024-07-16T19:02:31.698+0000] {processor.py:840} INFO - DAG(s) 'example_subdag_operator.section-1', 'example_subdag_operator.section-2', 'example_subdag_operator' retrieved from /home/airflow/.local/lib/python3.12/site-packages/airflow/example_dags/example_subdag_operator.py
[2024-07-16T19:02:32.299+0000] {logging_mixin.py:188} INFO - [2024-07-16T19:02:32.299+0000] {dag.py:3096} INFO - Sync 3 DAGs
[2024-07-16T19:02:32.362+0000] {logging_mixin.py:188} INFO - [2024-07-16T19:02:32.362+0000] {dag.py:3954} INFO - Setting next_dagrun for example_subdag_operator to 2022-01-01 00:00:00+00:00, run_after=2022-01-01 00:00:00+00:00
[2024-07-16T19:02:32.374+0000] {logging_mixin.py:188} INFO - [2024-07-16T19:02:32.374+0000] {dag.py:3954} INFO - Setting next_dagrun for example_subdag_operator.section-1 to None, run_after=None
[2024-07-16T19:02:32.383+0000] {logging_mixin.py:188} INFO - [2024-07-16T19:02:32.383+0000] {dag.py:3954} INFO - Setting next_dagrun for example_subdag_operator.section-2 to None, run_after=None
[2024-07-16T19:02:32.409+0000] {logging_mixin.py:188} INFO - [2024-07-16T19:02:32.409+0000] {dag.py:3096} INFO - Sync 2 DAGs
[2024-07-16T19:02:32.423+0000] {logging_mixin.py:188} INFO - [2024-07-16T19:02:32.423+0000] {dag.py:3954} INFO - Setting next_dagrun for example_subdag_operator.section-1 to None, run_after=None
[2024-07-16T19:02:32.424+0000] {logging_mixin.py:188} INFO - [2024-07-16T19:02:32.423+0000] {dag.py:3954} INFO - Setting next_dagrun for example_subdag_operator.section-2 to None, run_after=None
[2024-07-16T19:02:32.488+0000] {processor.py:183} INFO - Processing /home/airflow/.local/lib/python3.12/site-packages/airflow/example_dags/example_subdag_operator.py took 0.918 seconds
[2024-07-16T19:03:03.308+0000] {processor.py:161} INFO - Started process (PID=127) to work on /home/airflow/.local/lib/python3.12/site-packages/airflow/example_dags/example_subdag_operator.py
[2024-07-16T19:03:03.309+0000] {processor.py:830} INFO - Processing file /home/airflow/.local/lib/python3.12/site-packages/airflow/example_dags/example_subdag_operator.py for tasks to queue
[2024-07-16T19:03:03.311+0000] {logging_mixin.py:188} INFO - [2024-07-16T19:03:03.311+0000] {dagbag.py:545} INFO - Filling up the DagBag from /home/airflow/.local/lib/python3.12/site-packages/airflow/example_dags/example_subdag_operator.py
[2024-07-16T19:03:03.339+0000] {processor.py:840} INFO - DAG(s) 'example_subdag_operator.section-1', 'example_subdag_operator.section-2', 'example_subdag_operator' retrieved from /home/airflow/.local/lib/python3.12/site-packages/airflow/example_dags/example_subdag_operator.py
[2024-07-16T19:03:03.360+0000] {logging_mixin.py:188} INFO - [2024-07-16T19:03:03.359+0000] {dag.py:3096} INFO - Sync 3 DAGs
[2024-07-16T19:03:03.388+0000] {logging_mixin.py:188} INFO - [2024-07-16T19:03:03.388+0000] {dag.py:3954} INFO - Setting next_dagrun for example_subdag_operator to 2022-01-01 00:00:00+00:00, run_after=2022-01-01 00:00:00+00:00
[2024-07-16T19:03:03.392+0000] {logging_mixin.py:188} INFO - [2024-07-16T19:03:03.392+0000] {dag.py:3954} INFO - Setting next_dagrun for example_subdag_operator.section-1 to None, run_after=None
[2024-07-16T19:03:03.394+0000] {logging_mixin.py:188} INFO - [2024-07-16T19:03:03.393+0000] {dag.py:3954} INFO - Setting next_dagrun for example_subdag_operator.section-2 to None, run_after=None
[2024-07-16T19:03:03.401+0000] {logging_mixin.py:188} INFO - [2024-07-16T19:03:03.400+0000] {dag.py:3096} INFO - Sync 2 DAGs
[2024-07-16T19:03:03.407+0000] {logging_mixin.py:188} INFO - [2024-07-16T19:03:03.407+0000] {dag.py:3954} INFO - Setting next_dagrun for example_subdag_operator.section-1 to None, run_after=None
[2024-07-16T19:03:03.407+0000] {logging_mixin.py:188} INFO - [2024-07-16T19:03:03.407+0000] {dag.py:3954} INFO - Setting next_dagrun for example_subdag_operator.section-2 to None, run_after=None
[2024-07-16T19:03:03.423+0000] {processor.py:183} INFO - Processing /home/airflow/.local/lib/python3.12/site-packages/airflow/example_dags/example_subdag_operator.py took 0.125 seconds
[2024-07-16T19:03:34.225+0000] {processor.py:161} INFO - Started process (PID=186) to work on /home/airflow/.local/lib/python3.12/site-packages/airflow/example_dags/example_subdag_operator.py
[2024-07-16T19:03:34.226+0000] {processor.py:830} INFO - Processing file /home/airflow/.local/lib/python3.12/site-packages/airflow/example_dags/example_subdag_operator.py for tasks to queue
[2024-07-16T19:03:34.228+0000] {logging_mixin.py:188} INFO - [2024-07-16T19:03:34.227+0000] {dagbag.py:545} INFO - Filling up the DagBag from /home/airflow/.local/lib/python3.12/site-packages/airflow/example_dags/example_subdag_operator.py
[2024-07-16T19:03:34.255+0000] {processor.py:840} INFO - DAG(s) 'example_subdag_operator.section-1', 'example_subdag_operator.section-2', 'example_subdag_operator' retrieved from /home/airflow/.local/lib/python3.12/site-packages/airflow/example_dags/example_subdag_operator.py
[2024-07-16T19:03:34.276+0000] {logging_mixin.py:188} INFO - [2024-07-16T19:03:34.276+0000] {dag.py:3096} INFO - Sync 3 DAGs
[2024-07-16T19:03:34.308+0000] {logging_mixin.py:188} INFO - [2024-07-16T19:03:34.308+0000] {dag.py:3954} INFO - Setting next_dagrun for example_subdag_operator to 2022-01-01 00:00:00+00:00, run_after=2022-01-01 00:00:00+00:00
[2024-07-16T19:03:34.312+0000] {logging_mixin.py:188} INFO - [2024-07-16T19:03:34.312+0000] {dag.py:3954} INFO - Setting next_dagrun for example_subdag_operator.section-1 to None, run_after=None
[2024-07-16T19:03:34.314+0000] {logging_mixin.py:188} INFO - [2024-07-16T19:03:34.314+0000] {dag.py:3954} INFO - Setting next_dagrun for example_subdag_operator.section-2 to None, run_after=None
[2024-07-16T19:03:34.321+0000] {logging_mixin.py:188} INFO - [2024-07-16T19:03:34.321+0000] {dag.py:3096} INFO - Sync 2 DAGs
[2024-07-16T19:03:34.331+0000] {logging_mixin.py:188} INFO - [2024-07-16T19:03:34.331+0000] {dag.py:3954} INFO - Setting next_dagrun for example_subdag_operator.section-1 to None, run_after=None
[2024-07-16T19:03:34.332+0000] {logging_mixin.py:188} INFO - [2024-07-16T19:03:34.332+0000] {dag.py:3954} INFO - Setting next_dagrun for example_subdag_operator.section-2 to None, run_after=None
[2024-07-16T19:03:34.375+0000] {processor.py:183} INFO - Processing /home/airflow/.local/lib/python3.12/site-packages/airflow/example_dags/example_subdag_operator.py took 0.156 seconds
[2024-07-16T19:04:04.956+0000] {processor.py:161} INFO - Started process (PID=246) to work on /home/airflow/.local/lib/python3.12/site-packages/airflow/example_dags/example_subdag_operator.py
[2024-07-16T19:04:04.958+0000] {processor.py:830} INFO - Processing file /home/airflow/.local/lib/python3.12/site-packages/airflow/example_dags/example_subdag_operator.py for tasks to queue
[2024-07-16T19:04:04.960+0000] {logging_mixin.py:188} INFO - [2024-07-16T19:04:04.960+0000] {dagbag.py:545} INFO - Filling up the DagBag from /home/airflow/.local/lib/python3.12/site-packages/airflow/example_dags/example_subdag_operator.py
[2024-07-16T19:04:04.987+0000] {processor.py:840} INFO - DAG(s) 'example_subdag_operator.section-1', 'example_subdag_operator.section-2', 'example_subdag_operator' retrieved from /home/airflow/.local/lib/python3.12/site-packages/airflow/example_dags/example_subdag_operator.py
[2024-07-16T19:04:05.009+0000] {logging_mixin.py:188} INFO - [2024-07-16T19:04:05.009+0000] {dag.py:3096} INFO - Sync 3 DAGs
[2024-07-16T19:04:05.038+0000] {logging_mixin.py:188} INFO - [2024-07-16T19:04:05.038+0000] {dag.py:3954} INFO - Setting next_dagrun for example_subdag_operator to 2022-01-01 00:00:00+00:00, run_after=2022-01-01 00:00:00+00:00
[2024-07-16T19:04:05.044+0000] {logging_mixin.py:188} INFO - [2024-07-16T19:04:05.043+0000] {dag.py:3954} INFO - Setting next_dagrun for example_subdag_operator.section-1 to None, run_after=None
[2024-07-16T19:04:05.045+0000] {logging_mixin.py:188} INFO - [2024-07-16T19:04:05.045+0000] {dag.py:3954} INFO - Setting next_dagrun for example_subdag_operator.section-2 to None, run_after=None
[2024-07-16T19:04:05.053+0000] {logging_mixin.py:188} INFO - [2024-07-16T19:04:05.052+0000] {dag.py:3096} INFO - Sync 2 DAGs
[2024-07-16T19:04:05.060+0000] {logging_mixin.py:188} INFO - [2024-07-16T19:04:05.060+0000] {dag.py:3954} INFO - Setting next_dagrun for example_subdag_operator.section-1 to None, run_after=None
[2024-07-16T19:04:05.061+0000] {logging_mixin.py:188} INFO - [2024-07-16T19:04:05.060+0000] {dag.py:3954} INFO - Setting next_dagrun for example_subdag_operator.section-2 to None, run_after=None
[2024-07-16T19:04:05.079+0000] {processor.py:183} INFO - Processing /home/airflow/.local/lib/python3.12/site-packages/airflow/example_dags/example_subdag_operator.py took 0.129 seconds
[2024-07-16T19:04:35.320+0000] {processor.py:161} INFO - Started process (PID=304) to work on /home/airflow/.local/lib/python3.12/site-packages/airflow/example_dags/example_subdag_operator.py
[2024-07-16T19:04:35.322+0000] {processor.py:830} INFO - Processing file /home/airflow/.local/lib/python3.12/site-packages/airflow/example_dags/example_subdag_operator.py for tasks to queue
[2024-07-16T19:04:35.324+0000] {logging_mixin.py:188} INFO - [2024-07-16T19:04:35.323+0000] {dagbag.py:545} INFO - Filling up the DagBag from /home/airflow/.local/lib/python3.12/site-packages/airflow/example_dags/example_subdag_operator.py
[2024-07-16T19:04:35.352+0000] {processor.py:840} INFO - DAG(s) 'example_subdag_operator.section-1', 'example_subdag_operator.section-2', 'example_subdag_operator' retrieved from /home/airflow/.local/lib/python3.12/site-packages/airflow/example_dags/example_subdag_operator.py
[2024-07-16T19:04:35.373+0000] {logging_mixin.py:188} INFO - [2024-07-16T19:04:35.372+0000] {dag.py:3096} INFO - Sync 3 DAGs
[2024-07-16T19:04:35.402+0000] {logging_mixin.py:188} INFO - [2024-07-16T19:04:35.402+0000] {dag.py:3954} INFO - Setting next_dagrun for example_subdag_operator to 2022-01-01 00:00:00+00:00, run_after=2022-01-01 00:00:00+00:00
[2024-07-16T19:04:35.406+0000] {logging_mixin.py:188} INFO - [2024-07-16T19:04:35.406+0000] {dag.py:3954} INFO - Setting next_dagrun for example_subdag_operator.section-1 to None, run_after=None
[2024-07-16T19:04:35.408+0000] {logging_mixin.py:188} INFO - [2024-07-16T19:04:35.408+0000] {dag.py:3954} INFO - Setting next_dagrun for example_subdag_operator.section-2 to None, run_after=None
[2024-07-16T19:04:35.415+0000] {logging_mixin.py:188} INFO - [2024-07-16T19:04:35.415+0000] {dag.py:3096} INFO - Sync 2 DAGs
[2024-07-16T19:04:35.421+0000] {logging_mixin.py:188} INFO - [2024-07-16T19:04:35.421+0000] {dag.py:3954} INFO - Setting next_dagrun for example_subdag_operator.section-1 to None, run_after=None
[2024-07-16T19:04:35.422+0000] {logging_mixin.py:188} INFO - [2024-07-16T19:04:35.422+0000] {dag.py:3954} INFO - Setting next_dagrun for example_subdag_operator.section-2 to None, run_after=None
[2024-07-16T19:04:35.438+0000] {processor.py:183} INFO - Processing /home/airflow/.local/lib/python3.12/site-packages/airflow/example_dags/example_subdag_operator.py took 0.124 seconds
[2024-07-16T19:05:05.483+0000] {processor.py:161} INFO - Started process (PID=366) to work on /home/airflow/.local/lib/python3.12/site-packages/airflow/example_dags/example_subdag_operator.py
[2024-07-16T19:05:05.484+0000] {processor.py:830} INFO - Processing file /home/airflow/.local/lib/python3.12/site-packages/airflow/example_dags/example_subdag_operator.py for tasks to queue
[2024-07-16T19:05:05.486+0000] {logging_mixin.py:188} INFO - [2024-07-16T19:05:05.485+0000] {dagbag.py:545} INFO - Filling up the DagBag from /home/airflow/.local/lib/python3.12/site-packages/airflow/example_dags/example_subdag_operator.py
[2024-07-16T19:05:05.513+0000] {processor.py:840} INFO - DAG(s) 'example_subdag_operator.section-1', 'example_subdag_operator.section-2', 'example_subdag_operator' retrieved from /home/airflow/.local/lib/python3.12/site-packages/airflow/example_dags/example_subdag_operator.py
[2024-07-16T19:05:05.534+0000] {logging_mixin.py:188} INFO - [2024-07-16T19:05:05.534+0000] {dag.py:3096} INFO - Sync 3 DAGs
[2024-07-16T19:05:05.562+0000] {logging_mixin.py:188} INFO - [2024-07-16T19:05:05.562+0000] {dag.py:3954} INFO - Setting next_dagrun for example_subdag_operator to 2022-01-01 00:00:00+00:00, run_after=2022-01-01 00:00:00+00:00
[2024-07-16T19:05:05.567+0000] {logging_mixin.py:188} INFO - [2024-07-16T19:05:05.566+0000] {dag.py:3954} INFO - Setting next_dagrun for example_subdag_operator.section-1 to None, run_after=None
[2024-07-16T19:05:05.568+0000] {logging_mixin.py:188} INFO - [2024-07-16T19:05:05.568+0000] {dag.py:3954} INFO - Setting next_dagrun for example_subdag_operator.section-2 to None, run_after=None
[2024-07-16T19:05:05.574+0000] {logging_mixin.py:188} INFO - [2024-07-16T19:05:05.574+0000] {dag.py:3096} INFO - Sync 2 DAGs
[2024-07-16T19:05:05.582+0000] {logging_mixin.py:188} INFO - [2024-07-16T19:05:05.582+0000] {dag.py:3954} INFO - Setting next_dagrun for example_subdag_operator.section-1 to None, run_after=None
[2024-07-16T19:05:05.583+0000] {logging_mixin.py:188} INFO - [2024-07-16T19:05:05.582+0000] {dag.py:3954} INFO - Setting next_dagrun for example_subdag_operator.section-2 to None, run_after=None
[2024-07-16T19:05:05.600+0000] {processor.py:183} INFO - Processing /home/airflow/.local/lib/python3.12/site-packages/airflow/example_dags/example_subdag_operator.py took 0.123 seconds
[2024-07-16T19:05:36.027+0000] {processor.py:161} INFO - Started process (PID=427) to work on /home/airflow/.local/lib/python3.12/site-packages/airflow/example_dags/example_subdag_operator.py
[2024-07-16T19:05:36.039+0000] {processor.py:830} INFO - Processing file /home/airflow/.local/lib/python3.12/site-packages/airflow/example_dags/example_subdag_operator.py for tasks to queue
[2024-07-16T19:05:36.042+0000] {logging_mixin.py:188} INFO - [2024-07-16T19:05:36.042+0000] {dagbag.py:545} INFO - Filling up the DagBag from /home/airflow/.local/lib/python3.12/site-packages/airflow/example_dags/example_subdag_operator.py
[2024-07-16T19:05:36.166+0000] {processor.py:840} INFO - DAG(s) 'example_subdag_operator.section-1', 'example_subdag_operator.section-2', 'example_subdag_operator' retrieved from /home/airflow/.local/lib/python3.12/site-packages/airflow/example_dags/example_subdag_operator.py
[2024-07-16T19:05:36.230+0000] {logging_mixin.py:188} INFO - [2024-07-16T19:05:36.230+0000] {dag.py:3096} INFO - Sync 3 DAGs
[2024-07-16T19:05:36.374+0000] {logging_mixin.py:188} INFO - [2024-07-16T19:05:36.373+0000] {dag.py:3954} INFO - Setting next_dagrun for example_subdag_operator to 2022-01-01 00:00:00+00:00, run_after=2022-01-01 00:00:00+00:00
[2024-07-16T19:05:36.388+0000] {logging_mixin.py:188} INFO - [2024-07-16T19:05:36.387+0000] {dag.py:3954} INFO - Setting next_dagrun for example_subdag_operator.section-1 to None, run_after=None
[2024-07-16T19:05:36.418+0000] {logging_mixin.py:188} INFO - [2024-07-16T19:05:36.418+0000] {dag.py:3954} INFO - Setting next_dagrun for example_subdag_operator.section-2 to None, run_after=None
[2024-07-16T19:05:36.463+0000] {logging_mixin.py:188} INFO - [2024-07-16T19:05:36.462+0000] {dag.py:3096} INFO - Sync 2 DAGs
[2024-07-16T19:05:36.482+0000] {logging_mixin.py:188} INFO - [2024-07-16T19:05:36.481+0000] {dag.py:3954} INFO - Setting next_dagrun for example_subdag_operator.section-1 to None, run_after=None
[2024-07-16T19:05:36.482+0000] {logging_mixin.py:188} INFO - [2024-07-16T19:05:36.482+0000] {dag.py:3954} INFO - Setting next_dagrun for example_subdag_operator.section-2 to None, run_after=None
[2024-07-16T19:05:36.514+0000] {processor.py:183} INFO - Processing /home/airflow/.local/lib/python3.12/site-packages/airflow/example_dags/example_subdag_operator.py took 0.508 seconds
[2024-07-16T19:06:06.722+0000] {processor.py:161} INFO - Started process (PID=487) to work on /home/airflow/.local/lib/python3.12/site-packages/airflow/example_dags/example_subdag_operator.py
[2024-07-16T19:06:06.723+0000] {processor.py:830} INFO - Processing file /home/airflow/.local/lib/python3.12/site-packages/airflow/example_dags/example_subdag_operator.py for tasks to queue
[2024-07-16T19:06:06.725+0000] {logging_mixin.py:188} INFO - [2024-07-16T19:06:06.725+0000] {dagbag.py:545} INFO - Filling up the DagBag from /home/airflow/.local/lib/python3.12/site-packages/airflow/example_dags/example_subdag_operator.py
[2024-07-16T19:06:06.752+0000] {processor.py:840} INFO - DAG(s) 'example_subdag_operator.section-1', 'example_subdag_operator.section-2', 'example_subdag_operator' retrieved from /home/airflow/.local/lib/python3.12/site-packages/airflow/example_dags/example_subdag_operator.py
[2024-07-16T19:06:06.773+0000] {logging_mixin.py:188} INFO - [2024-07-16T19:06:06.773+0000] {dag.py:3096} INFO - Sync 3 DAGs
[2024-07-16T19:06:06.800+0000] {logging_mixin.py:188} INFO - [2024-07-16T19:06:06.800+0000] {dag.py:3954} INFO - Setting next_dagrun for example_subdag_operator to 2022-01-01 00:00:00+00:00, run_after=2022-01-01 00:00:00+00:00
[2024-07-16T19:06:06.805+0000] {logging_mixin.py:188} INFO - [2024-07-16T19:06:06.805+0000] {dag.py:3954} INFO - Setting next_dagrun for example_subdag_operator.section-1 to None, run_after=None
[2024-07-16T19:06:06.806+0000] {logging_mixin.py:188} INFO - [2024-07-16T19:06:06.806+0000] {dag.py:3954} INFO - Setting next_dagrun for example_subdag_operator.section-2 to None, run_after=None
[2024-07-16T19:06:06.812+0000] {logging_mixin.py:188} INFO - [2024-07-16T19:06:06.812+0000] {dag.py:3096} INFO - Sync 2 DAGs
[2024-07-16T19:06:06.818+0000] {logging_mixin.py:188} INFO - [2024-07-16T19:06:06.818+0000] {dag.py:3954} INFO - Setting next_dagrun for example_subdag_operator.section-1 to None, run_after=None
[2024-07-16T19:06:06.819+0000] {logging_mixin.py:188} INFO - [2024-07-16T19:06:06.819+0000] {dag.py:3954} INFO - Setting next_dagrun for example_subdag_operator.section-2 to None, run_after=None
[2024-07-16T19:06:06.835+0000] {processor.py:183} INFO - Processing /home/airflow/.local/lib/python3.12/site-packages/airflow/example_dags/example_subdag_operator.py took 0.120 seconds
[2024-07-16T19:06:37.496+0000] {processor.py:161} INFO - Started process (PID=547) to work on /home/airflow/.local/lib/python3.12/site-packages/airflow/example_dags/example_subdag_operator.py
[2024-07-16T19:06:37.497+0000] {processor.py:830} INFO - Processing file /home/airflow/.local/lib/python3.12/site-packages/airflow/example_dags/example_subdag_operator.py for tasks to queue
[2024-07-16T19:06:37.498+0000] {logging_mixin.py:188} INFO - [2024-07-16T19:06:37.498+0000] {dagbag.py:545} INFO - Filling up the DagBag from /home/airflow/.local/lib/python3.12/site-packages/airflow/example_dags/example_subdag_operator.py
[2024-07-16T19:06:37.524+0000] {processor.py:840} INFO - DAG(s) 'example_subdag_operator.section-1', 'example_subdag_operator.section-2', 'example_subdag_operator' retrieved from /home/airflow/.local/lib/python3.12/site-packages/airflow/example_dags/example_subdag_operator.py
[2024-07-16T19:06:37.545+0000] {logging_mixin.py:188} INFO - [2024-07-16T19:06:37.545+0000] {dag.py:3096} INFO - Sync 3 DAGs
[2024-07-16T19:06:37.573+0000] {logging_mixin.py:188} INFO - [2024-07-16T19:06:37.573+0000] {dag.py:3954} INFO - Setting next_dagrun for example_subdag_operator to 2022-01-01 00:00:00+00:00, run_after=2022-01-01 00:00:00+00:00
[2024-07-16T19:06:37.578+0000] {logging_mixin.py:188} INFO - [2024-07-16T19:06:37.577+0000] {dag.py:3954} INFO - Setting next_dagrun for example_subdag_operator.section-1 to None, run_after=None
[2024-07-16T19:06:37.579+0000] {logging_mixin.py:188} INFO - [2024-07-16T19:06:37.579+0000] {dag.py:3954} INFO - Setting next_dagrun for example_subdag_operator.section-2 to None, run_after=None
[2024-07-16T19:06:37.584+0000] {logging_mixin.py:188} INFO - [2024-07-16T19:06:37.584+0000] {dag.py:3096} INFO - Sync 2 DAGs
[2024-07-16T19:06:37.591+0000] {logging_mixin.py:188} INFO - [2024-07-16T19:06:37.590+0000] {dag.py:3954} INFO - Setting next_dagrun for example_subdag_operator.section-1 to None, run_after=None
[2024-07-16T19:06:37.591+0000] {logging_mixin.py:188} INFO - [2024-07-16T19:06:37.591+0000] {dag.py:3954} INFO - Setting next_dagrun for example_subdag_operator.section-2 to None, run_after=None
[2024-07-16T19:06:37.608+0000] {processor.py:183} INFO - Processing /home/airflow/.local/lib/python3.12/site-packages/airflow/example_dags/example_subdag_operator.py took 0.119 seconds
[2024-07-16T19:07:08.121+0000] {processor.py:161} INFO - Started process (PID=609) to work on /home/airflow/.local/lib/python3.12/site-packages/airflow/example_dags/example_subdag_operator.py
[2024-07-16T19:07:08.122+0000] {processor.py:830} INFO - Processing file /home/airflow/.local/lib/python3.12/site-packages/airflow/example_dags/example_subdag_operator.py for tasks to queue
[2024-07-16T19:07:08.124+0000] {logging_mixin.py:188} INFO - [2024-07-16T19:07:08.123+0000] {dagbag.py:545} INFO - Filling up the DagBag from /home/airflow/.local/lib/python3.12/site-packages/airflow/example_dags/example_subdag_operator.py
[2024-07-16T19:07:08.151+0000] {processor.py:840} INFO - DAG(s) 'example_subdag_operator.section-1', 'example_subdag_operator.section-2', 'example_subdag_operator' retrieved from /home/airflow/.local/lib/python3.12/site-packages/airflow/example_dags/example_subdag_operator.py
[2024-07-16T19:07:08.173+0000] {logging_mixin.py:188} INFO - [2024-07-16T19:07:08.172+0000] {dag.py:3096} INFO - Sync 3 DAGs
[2024-07-16T19:07:08.201+0000] {logging_mixin.py:188} INFO - [2024-07-16T19:07:08.200+0000] {dag.py:3954} INFO - Setting next_dagrun for example_subdag_operator to 2022-01-01 00:00:00+00:00, run_after=2022-01-01 00:00:00+00:00
[2024-07-16T19:07:08.206+0000] {logging_mixin.py:188} INFO - [2024-07-16T19:07:08.206+0000] {dag.py:3954} INFO - Setting next_dagrun for example_subdag_operator.section-1 to None, run_after=None
[2024-07-16T19:07:08.208+0000] {logging_mixin.py:188} INFO - [2024-07-16T19:07:08.208+0000] {dag.py:3954} INFO - Setting next_dagrun for example_subdag_operator.section-2 to None, run_after=None
[2024-07-16T19:07:08.216+0000] {logging_mixin.py:188} INFO - [2024-07-16T19:07:08.215+0000] {dag.py:3096} INFO - Sync 2 DAGs
[2024-07-16T19:07:08.222+0000] {logging_mixin.py:188} INFO - [2024-07-16T19:07:08.222+0000] {dag.py:3954} INFO - Setting next_dagrun for example_subdag_operator.section-1 to None, run_after=None
[2024-07-16T19:07:08.222+0000] {logging_mixin.py:188} INFO - [2024-07-16T19:07:08.222+0000] {dag.py:3954} INFO - Setting next_dagrun for example_subdag_operator.section-2 to None, run_after=None
[2024-07-16T19:07:08.241+0000] {processor.py:183} INFO - Processing /home/airflow/.local/lib/python3.12/site-packages/airflow/example_dags/example_subdag_operator.py took 0.126 seconds
[2024-07-16T19:07:38.550+0000] {processor.py:161} INFO - Started process (PID=670) to work on /home/airflow/.local/lib/python3.12/site-packages/airflow/example_dags/example_subdag_operator.py
[2024-07-16T19:07:38.551+0000] {processor.py:830} INFO - Processing file /home/airflow/.local/lib/python3.12/site-packages/airflow/example_dags/example_subdag_operator.py for tasks to queue
[2024-07-16T19:07:38.552+0000] {logging_mixin.py:188} INFO - [2024-07-16T19:07:38.551+0000] {dagbag.py:545} INFO - Filling up the DagBag from /home/airflow/.local/lib/python3.12/site-packages/airflow/example_dags/example_subdag_operator.py
[2024-07-16T19:07:38.576+0000] {processor.py:840} INFO - DAG(s) 'example_subdag_operator.section-1', 'example_subdag_operator.section-2', 'example_subdag_operator' retrieved from /home/airflow/.local/lib/python3.12/site-packages/airflow/example_dags/example_subdag_operator.py
[2024-07-16T19:07:38.595+0000] {logging_mixin.py:188} INFO - [2024-07-16T19:07:38.595+0000] {dag.py:3096} INFO - Sync 3 DAGs
[2024-07-16T19:07:38.621+0000] {logging_mixin.py:188} INFO - [2024-07-16T19:07:38.621+0000] {dag.py:3954} INFO - Setting next_dagrun for example_subdag_operator to 2022-01-01 00:00:00+00:00, run_after=2022-01-01 00:00:00+00:00
[2024-07-16T19:07:38.626+0000] {logging_mixin.py:188} INFO - [2024-07-16T19:07:38.626+0000] {dag.py:3954} INFO - Setting next_dagrun for example_subdag_operator.section-1 to None, run_after=None
[2024-07-16T19:07:38.627+0000] {logging_mixin.py:188} INFO - [2024-07-16T19:07:38.627+0000] {dag.py:3954} INFO - Setting next_dagrun for example_subdag_operator.section-2 to None, run_after=None
[2024-07-16T19:07:38.635+0000] {logging_mixin.py:188} INFO - [2024-07-16T19:07:38.635+0000] {dag.py:3096} INFO - Sync 2 DAGs
[2024-07-16T19:07:38.641+0000] {logging_mixin.py:188} INFO - [2024-07-16T19:07:38.641+0000] {dag.py:3954} INFO - Setting next_dagrun for example_subdag_operator.section-1 to None, run_after=None
[2024-07-16T19:07:38.641+0000] {logging_mixin.py:188} INFO - [2024-07-16T19:07:38.641+0000] {dag.py:3954} INFO - Setting next_dagrun for example_subdag_operator.section-2 to None, run_after=None
[2024-07-16T19:07:38.660+0000] {processor.py:183} INFO - Processing /home/airflow/.local/lib/python3.12/site-packages/airflow/example_dags/example_subdag_operator.py took 0.116 seconds
[2024-07-16T19:08:09.208+0000] {processor.py:161} INFO - Started process (PID=729) to work on /home/airflow/.local/lib/python3.12/site-packages/airflow/example_dags/example_subdag_operator.py
[2024-07-16T19:08:09.208+0000] {processor.py:830} INFO - Processing file /home/airflow/.local/lib/python3.12/site-packages/airflow/example_dags/example_subdag_operator.py for tasks to queue
[2024-07-16T19:08:09.209+0000] {logging_mixin.py:188} INFO - [2024-07-16T19:08:09.209+0000] {dagbag.py:545} INFO - Filling up the DagBag from /home/airflow/.local/lib/python3.12/site-packages/airflow/example_dags/example_subdag_operator.py
[2024-07-16T19:08:09.240+0000] {processor.py:840} INFO - DAG(s) 'example_subdag_operator.section-1', 'example_subdag_operator.section-2', 'example_subdag_operator' retrieved from /home/airflow/.local/lib/python3.12/site-packages/airflow/example_dags/example_subdag_operator.py
[2024-07-16T19:08:09.261+0000] {logging_mixin.py:188} INFO - [2024-07-16T19:08:09.261+0000] {dag.py:3096} INFO - Sync 3 DAGs
[2024-07-16T19:08:09.287+0000] {logging_mixin.py:188} INFO - [2024-07-16T19:08:09.287+0000] {dag.py:3954} INFO - Setting next_dagrun for example_subdag_operator to 2022-01-01 00:00:00+00:00, run_after=2022-01-01 00:00:00+00:00
[2024-07-16T19:08:09.290+0000] {logging_mixin.py:188} INFO - [2024-07-16T19:08:09.290+0000] {dag.py:3954} INFO - Setting next_dagrun for example_subdag_operator.section-1 to None, run_after=None
[2024-07-16T19:08:09.292+0000] {logging_mixin.py:188} INFO - [2024-07-16T19:08:09.291+0000] {dag.py:3954} INFO - Setting next_dagrun for example_subdag_operator.section-2 to None, run_after=None
[2024-07-16T19:08:09.299+0000] {logging_mixin.py:188} INFO - [2024-07-16T19:08:09.299+0000] {dag.py:3096} INFO - Sync 2 DAGs
[2024-07-16T19:08:09.305+0000] {logging_mixin.py:188} INFO - [2024-07-16T19:08:09.305+0000] {dag.py:3954} INFO - Setting next_dagrun for example_subdag_operator.section-1 to None, run_after=None
[2024-07-16T19:08:09.306+0000] {logging_mixin.py:188} INFO - [2024-07-16T19:08:09.306+0000] {dag.py:3954} INFO - Setting next_dagrun for example_subdag_operator.section-2 to None, run_after=None
[2024-07-16T19:08:09.338+0000] {processor.py:183} INFO - Processing /home/airflow/.local/lib/python3.12/site-packages/airflow/example_dags/example_subdag_operator.py took 0.138 seconds
[2024-07-16T19:08:39.383+0000] {processor.py:161} INFO - Started process (PID=787) to work on /home/airflow/.local/lib/python3.12/site-packages/airflow/example_dags/example_subdag_operator.py
[2024-07-16T19:08:39.384+0000] {processor.py:830} INFO - Processing file /home/airflow/.local/lib/python3.12/site-packages/airflow/example_dags/example_subdag_operator.py for tasks to queue
[2024-07-16T19:08:39.385+0000] {logging_mixin.py:188} INFO - [2024-07-16T19:08:39.384+0000] {dagbag.py:545} INFO - Filling up the DagBag from /home/airflow/.local/lib/python3.12/site-packages/airflow/example_dags/example_subdag_operator.py
[2024-07-16T19:08:39.411+0000] {processor.py:840} INFO - DAG(s) 'example_subdag_operator.section-1', 'example_subdag_operator.section-2', 'example_subdag_operator' retrieved from /home/airflow/.local/lib/python3.12/site-packages/airflow/example_dags/example_subdag_operator.py
[2024-07-16T19:08:39.432+0000] {logging_mixin.py:188} INFO - [2024-07-16T19:08:39.432+0000] {dag.py:3096} INFO - Sync 3 DAGs
[2024-07-16T19:08:39.461+0000] {logging_mixin.py:188} INFO - [2024-07-16T19:08:39.460+0000] {dag.py:3954} INFO - Setting next_dagrun for example_subdag_operator to 2022-01-01 00:00:00+00:00, run_after=2022-01-01 00:00:00+00:00
[2024-07-16T19:08:39.465+0000] {logging_mixin.py:188} INFO - [2024-07-16T19:08:39.465+0000] {dag.py:3954} INFO - Setting next_dagrun for example_subdag_operator.section-1 to None, run_after=None
[2024-07-16T19:08:39.467+0000] {logging_mixin.py:188} INFO - [2024-07-16T19:08:39.467+0000] {dag.py:3954} INFO - Setting next_dagrun for example_subdag_operator.section-2 to None, run_after=None
[2024-07-16T19:08:39.475+0000] {logging_mixin.py:188} INFO - [2024-07-16T19:08:39.475+0000] {dag.py:3096} INFO - Sync 2 DAGs
[2024-07-16T19:08:39.481+0000] {logging_mixin.py:188} INFO - [2024-07-16T19:08:39.481+0000] {dag.py:3954} INFO - Setting next_dagrun for example_subdag_operator.section-1 to None, run_after=None
[2024-07-16T19:08:39.481+0000] {logging_mixin.py:188} INFO - [2024-07-16T19:08:39.481+0000] {dag.py:3954} INFO - Setting next_dagrun for example_subdag_operator.section-2 to None, run_after=None
[2024-07-16T19:08:39.517+0000] {processor.py:183} INFO - Processing /home/airflow/.local/lib/python3.12/site-packages/airflow/example_dags/example_subdag_operator.py took 0.140 seconds
[2024-07-16T19:09:09.985+0000] {processor.py:161} INFO - Started process (PID=846) to work on /home/airflow/.local/lib/python3.12/site-packages/airflow/example_dags/example_subdag_operator.py
[2024-07-16T19:09:09.986+0000] {processor.py:830} INFO - Processing file /home/airflow/.local/lib/python3.12/site-packages/airflow/example_dags/example_subdag_operator.py for tasks to queue
[2024-07-16T19:09:09.987+0000] {logging_mixin.py:188} INFO - [2024-07-16T19:09:09.987+0000] {dagbag.py:545} INFO - Filling up the DagBag from /home/airflow/.local/lib/python3.12/site-packages/airflow/example_dags/example_subdag_operator.py
[2024-07-16T19:09:10.014+0000] {processor.py:840} INFO - DAG(s) 'example_subdag_operator.section-1', 'example_subdag_operator.section-2', 'example_subdag_operator' retrieved from /home/airflow/.local/lib/python3.12/site-packages/airflow/example_dags/example_subdag_operator.py
[2024-07-16T19:09:10.034+0000] {logging_mixin.py:188} INFO - [2024-07-16T19:09:10.034+0000] {dag.py:3096} INFO - Sync 3 DAGs
[2024-07-16T19:09:10.061+0000] {logging_mixin.py:188} INFO - [2024-07-16T19:09:10.060+0000] {dag.py:3954} INFO - Setting next_dagrun for example_subdag_operator to 2022-01-01 00:00:00+00:00, run_after=2022-01-01 00:00:00+00:00
[2024-07-16T19:09:10.066+0000] {logging_mixin.py:188} INFO - [2024-07-16T19:09:10.066+0000] {dag.py:3954} INFO - Setting next_dagrun for example_subdag_operator.section-1 to None, run_after=None
[2024-07-16T19:09:10.068+0000] {logging_mixin.py:188} INFO - [2024-07-16T19:09:10.068+0000] {dag.py:3954} INFO - Setting next_dagrun for example_subdag_operator.section-2 to None, run_after=None
[2024-07-16T19:09:10.076+0000] {logging_mixin.py:188} INFO - [2024-07-16T19:09:10.075+0000] {dag.py:3096} INFO - Sync 2 DAGs
[2024-07-16T19:09:10.081+0000] {logging_mixin.py:188} INFO - [2024-07-16T19:09:10.081+0000] {dag.py:3954} INFO - Setting next_dagrun for example_subdag_operator.section-1 to None, run_after=None
[2024-07-16T19:09:10.082+0000] {logging_mixin.py:188} INFO - [2024-07-16T19:09:10.082+0000] {dag.py:3954} INFO - Setting next_dagrun for example_subdag_operator.section-2 to None, run_after=None
[2024-07-16T19:09:10.097+0000] {processor.py:183} INFO - Processing /home/airflow/.local/lib/python3.12/site-packages/airflow/example_dags/example_subdag_operator.py took 0.120 seconds
[2024-07-16T19:09:40.485+0000] {processor.py:161} INFO - Started process (PID=910) to work on /home/airflow/.local/lib/python3.12/site-packages/airflow/example_dags/example_subdag_operator.py
[2024-07-16T19:09:40.486+0000] {processor.py:830} INFO - Processing file /home/airflow/.local/lib/python3.12/site-packages/airflow/example_dags/example_subdag_operator.py for tasks to queue
[2024-07-16T19:09:40.486+0000] {logging_mixin.py:188} INFO - [2024-07-16T19:09:40.486+0000] {dagbag.py:545} INFO - Filling up the DagBag from /home/airflow/.local/lib/python3.12/site-packages/airflow/example_dags/example_subdag_operator.py
[2024-07-16T19:09:40.523+0000] {processor.py:840} INFO - DAG(s) 'example_subdag_operator.section-1', 'example_subdag_operator.section-2', 'example_subdag_operator' retrieved from /home/airflow/.local/lib/python3.12/site-packages/airflow/example_dags/example_subdag_operator.py
[2024-07-16T19:09:40.543+0000] {logging_mixin.py:188} INFO - [2024-07-16T19:09:40.543+0000] {dag.py:3096} INFO - Sync 3 DAGs
[2024-07-16T19:09:40.570+0000] {logging_mixin.py:188} INFO - [2024-07-16T19:09:40.570+0000] {dag.py:3954} INFO - Setting next_dagrun for example_subdag_operator to 2022-01-01 00:00:00+00:00, run_after=2022-01-01 00:00:00+00:00
[2024-07-16T19:09:40.575+0000] {logging_mixin.py:188} INFO - [2024-07-16T19:09:40.575+0000] {dag.py:3954} INFO - Setting next_dagrun for example_subdag_operator.section-1 to None, run_after=None
[2024-07-16T19:09:40.576+0000] {logging_mixin.py:188} INFO - [2024-07-16T19:09:40.576+0000] {dag.py:3954} INFO - Setting next_dagrun for example_subdag_operator.section-2 to None, run_after=None
[2024-07-16T19:09:40.583+0000] {logging_mixin.py:188} INFO - [2024-07-16T19:09:40.583+0000] {dag.py:3096} INFO - Sync 2 DAGs
[2024-07-16T19:09:40.587+0000] {logging_mixin.py:188} INFO - [2024-07-16T19:09:40.587+0000] {dag.py:3954} INFO - Setting next_dagrun for example_subdag_operator.section-1 to None, run_after=None
[2024-07-16T19:09:40.588+0000] {logging_mixin.py:188} INFO - [2024-07-16T19:09:40.588+0000] {dag.py:3954} INFO - Setting next_dagrun for example_subdag_operator.section-2 to None, run_after=None
[2024-07-16T19:09:40.605+0000] {processor.py:183} INFO - Processing /home/airflow/.local/lib/python3.12/site-packages/airflow/example_dags/example_subdag_operator.py took 0.127 seconds
[2024-07-16T19:10:10.930+0000] {processor.py:161} INFO - Started process (PID=970) to work on /home/airflow/.local/lib/python3.12/site-packages/airflow/example_dags/example_subdag_operator.py
[2024-07-16T19:10:10.931+0000] {processor.py:830} INFO - Processing file /home/airflow/.local/lib/python3.12/site-packages/airflow/example_dags/example_subdag_operator.py for tasks to queue
[2024-07-16T19:10:10.932+0000] {logging_mixin.py:188} INFO - [2024-07-16T19:10:10.932+0000] {dagbag.py:545} INFO - Filling up the DagBag from /home/airflow/.local/lib/python3.12/site-packages/airflow/example_dags/example_subdag_operator.py
[2024-07-16T19:10:10.958+0000] {processor.py:840} INFO - DAG(s) 'example_subdag_operator.section-1', 'example_subdag_operator.section-2', 'example_subdag_operator' retrieved from /home/airflow/.local/lib/python3.12/site-packages/airflow/example_dags/example_subdag_operator.py
[2024-07-16T19:10:10.980+0000] {logging_mixin.py:188} INFO - [2024-07-16T19:10:10.980+0000] {dag.py:3096} INFO - Sync 3 DAGs
[2024-07-16T19:10:11.006+0000] {logging_mixin.py:188} INFO - [2024-07-16T19:10:11.006+0000] {dag.py:3954} INFO - Setting next_dagrun for example_subdag_operator to 2022-01-01 00:00:00+00:00, run_after=2022-01-01 00:00:00+00:00
[2024-07-16T19:10:11.010+0000] {logging_mixin.py:188} INFO - [2024-07-16T19:10:11.010+0000] {dag.py:3954} INFO - Setting next_dagrun for example_subdag_operator.section-1 to None, run_after=None
[2024-07-16T19:10:11.011+0000] {logging_mixin.py:188} INFO - [2024-07-16T19:10:11.011+0000] {dag.py:3954} INFO - Setting next_dagrun for example_subdag_operator.section-2 to None, run_after=None
[2024-07-16T19:10:11.018+0000] {logging_mixin.py:188} INFO - [2024-07-16T19:10:11.018+0000] {dag.py:3096} INFO - Sync 2 DAGs
[2024-07-16T19:10:11.024+0000] {logging_mixin.py:188} INFO - [2024-07-16T19:10:11.024+0000] {dag.py:3954} INFO - Setting next_dagrun for example_subdag_operator.section-1 to None, run_after=None
[2024-07-16T19:10:11.024+0000] {logging_mixin.py:188} INFO - [2024-07-16T19:10:11.024+0000] {dag.py:3954} INFO - Setting next_dagrun for example_subdag_operator.section-2 to None, run_after=None
[2024-07-16T19:10:11.040+0000] {processor.py:183} INFO - Processing /home/airflow/.local/lib/python3.12/site-packages/airflow/example_dags/example_subdag_operator.py took 0.116 seconds
[2024-07-16T19:10:41.591+0000] {processor.py:161} INFO - Started process (PID=1029) to work on /home/airflow/.local/lib/python3.12/site-packages/airflow/example_dags/example_subdag_operator.py
[2024-07-16T19:10:41.592+0000] {processor.py:830} INFO - Processing file /home/airflow/.local/lib/python3.12/site-packages/airflow/example_dags/example_subdag_operator.py for tasks to queue
[2024-07-16T19:10:41.593+0000] {logging_mixin.py:188} INFO - [2024-07-16T19:10:41.593+0000] {dagbag.py:545} INFO - Filling up the DagBag from /home/airflow/.local/lib/python3.12/site-packages/airflow/example_dags/example_subdag_operator.py
[2024-07-16T19:10:41.638+0000] {processor.py:840} INFO - DAG(s) 'example_subdag_operator.section-1', 'example_subdag_operator.section-2', 'example_subdag_operator' retrieved from /home/airflow/.local/lib/python3.12/site-packages/airflow/example_dags/example_subdag_operator.py
[2024-07-16T19:10:41.676+0000] {logging_mixin.py:188} INFO - [2024-07-16T19:10:41.675+0000] {dag.py:3096} INFO - Sync 3 DAGs
[2024-07-16T19:10:41.700+0000] {logging_mixin.py:188} INFO - [2024-07-16T19:10:41.700+0000] {dag.py:3954} INFO - Setting next_dagrun for example_subdag_operator to 2022-01-01 00:00:00+00:00, run_after=2022-01-01 00:00:00+00:00
[2024-07-16T19:10:41.705+0000] {logging_mixin.py:188} INFO - [2024-07-16T19:10:41.705+0000] {dag.py:3954} INFO - Setting next_dagrun for example_subdag_operator.section-1 to None, run_after=None
[2024-07-16T19:10:41.707+0000] {logging_mixin.py:188} INFO - [2024-07-16T19:10:41.706+0000] {dag.py:3954} INFO - Setting next_dagrun for example_subdag_operator.section-2 to None, run_after=None
[2024-07-16T19:10:41.715+0000] {logging_mixin.py:188} INFO - [2024-07-16T19:10:41.714+0000] {dag.py:3096} INFO - Sync 2 DAGs
[2024-07-16T19:10:41.729+0000] {logging_mixin.py:188} INFO - [2024-07-16T19:10:41.729+0000] {dag.py:3954} INFO - Setting next_dagrun for example_subdag_operator.section-1 to None, run_after=None
[2024-07-16T19:10:41.731+0000] {logging_mixin.py:188} INFO - [2024-07-16T19:10:41.730+0000] {dag.py:3954} INFO - Setting next_dagrun for example_subdag_operator.section-2 to None, run_after=None
[2024-07-16T19:10:41.750+0000] {processor.py:183} INFO - Processing /home/airflow/.local/lib/python3.12/site-packages/airflow/example_dags/example_subdag_operator.py took 0.179 seconds
[2024-07-16T19:11:12.609+0000] {processor.py:161} INFO - Started process (PID=1091) to work on /home/airflow/.local/lib/python3.12/site-packages/airflow/example_dags/example_subdag_operator.py
[2024-07-16T19:11:12.610+0000] {processor.py:830} INFO - Processing file /home/airflow/.local/lib/python3.12/site-packages/airflow/example_dags/example_subdag_operator.py for tasks to queue
[2024-07-16T19:11:12.611+0000] {logging_mixin.py:188} INFO - [2024-07-16T19:11:12.610+0000] {dagbag.py:545} INFO - Filling up the DagBag from /home/airflow/.local/lib/python3.12/site-packages/airflow/example_dags/example_subdag_operator.py
[2024-07-16T19:11:12.639+0000] {processor.py:840} INFO - DAG(s) 'example_subdag_operator.section-1', 'example_subdag_operator.section-2', 'example_subdag_operator' retrieved from /home/airflow/.local/lib/python3.12/site-packages/airflow/example_dags/example_subdag_operator.py
[2024-07-16T19:11:12.661+0000] {logging_mixin.py:188} INFO - [2024-07-16T19:11:12.661+0000] {dag.py:3096} INFO - Sync 3 DAGs
[2024-07-16T19:11:12.688+0000] {logging_mixin.py:188} INFO - [2024-07-16T19:11:12.688+0000] {dag.py:3954} INFO - Setting next_dagrun for example_subdag_operator to 2022-01-01 00:00:00+00:00, run_after=2022-01-01 00:00:00+00:00
[2024-07-16T19:11:12.693+0000] {logging_mixin.py:188} INFO - [2024-07-16T19:11:12.693+0000] {dag.py:3954} INFO - Setting next_dagrun for example_subdag_operator.section-1 to None, run_after=None
[2024-07-16T19:11:12.698+0000] {logging_mixin.py:188} INFO - [2024-07-16T19:11:12.698+0000] {dag.py:3954} INFO - Setting next_dagrun for example_subdag_operator.section-2 to None, run_after=None
[2024-07-16T19:11:12.714+0000] {logging_mixin.py:188} INFO - [2024-07-16T19:11:12.714+0000] {dag.py:3096} INFO - Sync 2 DAGs
[2024-07-16T19:11:12.720+0000] {logging_mixin.py:188} INFO - [2024-07-16T19:11:12.720+0000] {dag.py:3954} INFO - Setting next_dagrun for example_subdag_operator.section-1 to None, run_after=None
[2024-07-16T19:11:12.721+0000] {logging_mixin.py:188} INFO - [2024-07-16T19:11:12.721+0000] {dag.py:3954} INFO - Setting next_dagrun for example_subdag_operator.section-2 to None, run_after=None
[2024-07-16T19:11:12.751+0000] {processor.py:183} INFO - Processing /home/airflow/.local/lib/python3.12/site-packages/airflow/example_dags/example_subdag_operator.py took 0.151 seconds
[2024-07-16T19:11:43.383+0000] {processor.py:161} INFO - Started process (PID=1150) to work on /home/airflow/.local/lib/python3.12/site-packages/airflow/example_dags/example_subdag_operator.py
[2024-07-16T19:11:43.384+0000] {processor.py:830} INFO - Processing file /home/airflow/.local/lib/python3.12/site-packages/airflow/example_dags/example_subdag_operator.py for tasks to queue
[2024-07-16T19:11:43.385+0000] {logging_mixin.py:188} INFO - [2024-07-16T19:11:43.384+0000] {dagbag.py:545} INFO - Filling up the DagBag from /home/airflow/.local/lib/python3.12/site-packages/airflow/example_dags/example_subdag_operator.py
[2024-07-16T19:11:43.424+0000] {processor.py:840} INFO - DAG(s) 'example_subdag_operator.section-1', 'example_subdag_operator.section-2', 'example_subdag_operator' retrieved from /home/airflow/.local/lib/python3.12/site-packages/airflow/example_dags/example_subdag_operator.py
[2024-07-16T19:11:43.452+0000] {logging_mixin.py:188} INFO - [2024-07-16T19:11:43.451+0000] {dag.py:3096} INFO - Sync 3 DAGs
[2024-07-16T19:11:43.479+0000] {logging_mixin.py:188} INFO - [2024-07-16T19:11:43.478+0000] {dag.py:3954} INFO - Setting next_dagrun for example_subdag_operator to 2022-01-01 00:00:00+00:00, run_after=2022-01-01 00:00:00+00:00
[2024-07-16T19:11:43.484+0000] {logging_mixin.py:188} INFO - [2024-07-16T19:11:43.484+0000] {dag.py:3954} INFO - Setting next_dagrun for example_subdag_operator.section-1 to None, run_after=None
[2024-07-16T19:11:43.486+0000] {logging_mixin.py:188} INFO - [2024-07-16T19:11:43.485+0000] {dag.py:3954} INFO - Setting next_dagrun for example_subdag_operator.section-2 to None, run_after=None
[2024-07-16T19:11:43.494+0000] {logging_mixin.py:188} INFO - [2024-07-16T19:11:43.494+0000] {dag.py:3096} INFO - Sync 2 DAGs
[2024-07-16T19:11:43.509+0000] {logging_mixin.py:188} INFO - [2024-07-16T19:11:43.509+0000] {dag.py:3954} INFO - Setting next_dagrun for example_subdag_operator.section-1 to None, run_after=None
[2024-07-16T19:11:43.510+0000] {logging_mixin.py:188} INFO - [2024-07-16T19:11:43.510+0000] {dag.py:3954} INFO - Setting next_dagrun for example_subdag_operator.section-2 to None, run_after=None
[2024-07-16T19:11:43.530+0000] {processor.py:183} INFO - Processing /home/airflow/.local/lib/python3.12/site-packages/airflow/example_dags/example_subdag_operator.py took 0.166 seconds
[2024-07-16T19:12:13.768+0000] {processor.py:161} INFO - Started process (PID=1209) to work on /home/airflow/.local/lib/python3.12/site-packages/airflow/example_dags/example_subdag_operator.py
[2024-07-16T19:12:13.769+0000] {processor.py:830} INFO - Processing file /home/airflow/.local/lib/python3.12/site-packages/airflow/example_dags/example_subdag_operator.py for tasks to queue
[2024-07-16T19:12:13.770+0000] {logging_mixin.py:188} INFO - [2024-07-16T19:12:13.770+0000] {dagbag.py:545} INFO - Filling up the DagBag from /home/airflow/.local/lib/python3.12/site-packages/airflow/example_dags/example_subdag_operator.py
[2024-07-16T19:12:13.796+0000] {processor.py:840} INFO - DAG(s) 'example_subdag_operator.section-1', 'example_subdag_operator.section-2', 'example_subdag_operator' retrieved from /home/airflow/.local/lib/python3.12/site-packages/airflow/example_dags/example_subdag_operator.py
[2024-07-16T19:12:13.817+0000] {logging_mixin.py:188} INFO - [2024-07-16T19:12:13.817+0000] {dag.py:3096} INFO - Sync 3 DAGs
[2024-07-16T19:12:13.843+0000] {logging_mixin.py:188} INFO - [2024-07-16T19:12:13.843+0000] {dag.py:3954} INFO - Setting next_dagrun for example_subdag_operator to 2022-01-01 00:00:00+00:00, run_after=2022-01-01 00:00:00+00:00
[2024-07-16T19:12:13.849+0000] {logging_mixin.py:188} INFO - [2024-07-16T19:12:13.849+0000] {dag.py:3954} INFO - Setting next_dagrun for example_subdag_operator.section-1 to None, run_after=None
[2024-07-16T19:12:13.850+0000] {logging_mixin.py:188} INFO - [2024-07-16T19:12:13.850+0000] {dag.py:3954} INFO - Setting next_dagrun for example_subdag_operator.section-2 to None, run_after=None
[2024-07-16T19:12:13.859+0000] {logging_mixin.py:188} INFO - [2024-07-16T19:12:13.858+0000] {dag.py:3096} INFO - Sync 2 DAGs
[2024-07-16T19:12:13.863+0000] {logging_mixin.py:188} INFO - [2024-07-16T19:12:13.863+0000] {dag.py:3954} INFO - Setting next_dagrun for example_subdag_operator.section-1 to None, run_after=None
[2024-07-16T19:12:13.863+0000] {logging_mixin.py:188} INFO - [2024-07-16T19:12:13.863+0000] {dag.py:3954} INFO - Setting next_dagrun for example_subdag_operator.section-2 to None, run_after=None
[2024-07-16T19:12:13.879+0000] {processor.py:183} INFO - Processing /home/airflow/.local/lib/python3.12/site-packages/airflow/example_dags/example_subdag_operator.py took 0.118 seconds
[2024-07-16T19:12:44.297+0000] {processor.py:161} INFO - Started process (PID=1269) to work on /home/airflow/.local/lib/python3.12/site-packages/airflow/example_dags/example_subdag_operator.py
[2024-07-16T19:12:44.298+0000] {processor.py:830} INFO - Processing file /home/airflow/.local/lib/python3.12/site-packages/airflow/example_dags/example_subdag_operator.py for tasks to queue
[2024-07-16T19:12:44.299+0000] {logging_mixin.py:188} INFO - [2024-07-16T19:12:44.299+0000] {dagbag.py:545} INFO - Filling up the DagBag from /home/airflow/.local/lib/python3.12/site-packages/airflow/example_dags/example_subdag_operator.py
[2024-07-16T19:12:44.319+0000] {processor.py:840} INFO - DAG(s) 'example_subdag_operator.section-1', 'example_subdag_operator.section-2', 'example_subdag_operator' retrieved from /home/airflow/.local/lib/python3.12/site-packages/airflow/example_dags/example_subdag_operator.py
[2024-07-16T19:12:44.333+0000] {logging_mixin.py:188} INFO - [2024-07-16T19:12:44.332+0000] {dag.py:3096} INFO - Sync 3 DAGs
[2024-07-16T19:12:44.350+0000] {logging_mixin.py:188} INFO - [2024-07-16T19:12:44.350+0000] {dag.py:3954} INFO - Setting next_dagrun for example_subdag_operator to 2022-01-01 00:00:00+00:00, run_after=2022-01-01 00:00:00+00:00
[2024-07-16T19:12:44.353+0000] {logging_mixin.py:188} INFO - [2024-07-16T19:12:44.353+0000] {dag.py:3954} INFO - Setting next_dagrun for example_subdag_operator.section-1 to None, run_after=None
[2024-07-16T19:12:44.354+0000] {logging_mixin.py:188} INFO - [2024-07-16T19:12:44.354+0000] {dag.py:3954} INFO - Setting next_dagrun for example_subdag_operator.section-2 to None, run_after=None
[2024-07-16T19:12:44.359+0000] {logging_mixin.py:188} INFO - [2024-07-16T19:12:44.359+0000] {dag.py:3096} INFO - Sync 2 DAGs
[2024-07-16T19:12:44.364+0000] {logging_mixin.py:188} INFO - [2024-07-16T19:12:44.364+0000] {dag.py:3954} INFO - Setting next_dagrun for example_subdag_operator.section-1 to None, run_after=None
[2024-07-16T19:12:44.364+0000] {logging_mixin.py:188} INFO - [2024-07-16T19:12:44.364+0000] {dag.py:3954} INFO - Setting next_dagrun for example_subdag_operator.section-2 to None, run_after=None
[2024-07-16T19:12:44.394+0000] {processor.py:183} INFO - Processing /home/airflow/.local/lib/python3.12/site-packages/airflow/example_dags/example_subdag_operator.py took 0.102 seconds
[2024-07-16T19:13:15.320+0000] {processor.py:161} INFO - Started process (PID=1331) to work on /home/airflow/.local/lib/python3.12/site-packages/airflow/example_dags/example_subdag_operator.py
[2024-07-16T19:13:15.321+0000] {processor.py:830} INFO - Processing file /home/airflow/.local/lib/python3.12/site-packages/airflow/example_dags/example_subdag_operator.py for tasks to queue
[2024-07-16T19:13:15.322+0000] {logging_mixin.py:188} INFO - [2024-07-16T19:13:15.322+0000] {dagbag.py:545} INFO - Filling up the DagBag from /home/airflow/.local/lib/python3.12/site-packages/airflow/example_dags/example_subdag_operator.py
[2024-07-16T19:13:15.349+0000] {processor.py:840} INFO - DAG(s) 'example_subdag_operator.section-1', 'example_subdag_operator.section-2', 'example_subdag_operator' retrieved from /home/airflow/.local/lib/python3.12/site-packages/airflow/example_dags/example_subdag_operator.py
[2024-07-16T19:13:15.370+0000] {logging_mixin.py:188} INFO - [2024-07-16T19:13:15.370+0000] {dag.py:3096} INFO - Sync 3 DAGs
[2024-07-16T19:13:15.397+0000] {logging_mixin.py:188} INFO - [2024-07-16T19:13:15.397+0000] {dag.py:3954} INFO - Setting next_dagrun for example_subdag_operator to 2022-01-01 00:00:00+00:00, run_after=2022-01-01 00:00:00+00:00
[2024-07-16T19:13:15.405+0000] {logging_mixin.py:188} INFO - [2024-07-16T19:13:15.405+0000] {dag.py:3954} INFO - Setting next_dagrun for example_subdag_operator.section-1 to None, run_after=None
[2024-07-16T19:13:15.406+0000] {logging_mixin.py:188} INFO - [2024-07-16T19:13:15.406+0000] {dag.py:3954} INFO - Setting next_dagrun for example_subdag_operator.section-2 to None, run_after=None
[2024-07-16T19:13:15.413+0000] {logging_mixin.py:188} INFO - [2024-07-16T19:13:15.413+0000] {dag.py:3096} INFO - Sync 2 DAGs
[2024-07-16T19:13:15.419+0000] {logging_mixin.py:188} INFO - [2024-07-16T19:13:15.419+0000] {dag.py:3954} INFO - Setting next_dagrun for example_subdag_operator.section-1 to None, run_after=None
[2024-07-16T19:13:15.420+0000] {logging_mixin.py:188} INFO - [2024-07-16T19:13:15.420+0000] {dag.py:3954} INFO - Setting next_dagrun for example_subdag_operator.section-2 to None, run_after=None
[2024-07-16T19:13:15.436+0000] {processor.py:183} INFO - Processing /home/airflow/.local/lib/python3.12/site-packages/airflow/example_dags/example_subdag_operator.py took 0.122 seconds
[2024-07-16T19:13:45.668+0000] {processor.py:161} INFO - Started process (PID=1390) to work on /home/airflow/.local/lib/python3.12/site-packages/airflow/example_dags/example_subdag_operator.py
[2024-07-16T19:13:45.670+0000] {processor.py:830} INFO - Processing file /home/airflow/.local/lib/python3.12/site-packages/airflow/example_dags/example_subdag_operator.py for tasks to queue
[2024-07-16T19:13:45.671+0000] {logging_mixin.py:188} INFO - [2024-07-16T19:13:45.671+0000] {dagbag.py:545} INFO - Filling up the DagBag from /home/airflow/.local/lib/python3.12/site-packages/airflow/example_dags/example_subdag_operator.py
[2024-07-16T19:13:45.699+0000] {processor.py:840} INFO - DAG(s) 'example_subdag_operator.section-1', 'example_subdag_operator.section-2', 'example_subdag_operator' retrieved from /home/airflow/.local/lib/python3.12/site-packages/airflow/example_dags/example_subdag_operator.py
[2024-07-16T19:13:45.720+0000] {logging_mixin.py:188} INFO - [2024-07-16T19:13:45.719+0000] {dag.py:3096} INFO - Sync 3 DAGs
[2024-07-16T19:13:45.746+0000] {logging_mixin.py:188} INFO - [2024-07-16T19:13:45.746+0000] {dag.py:3954} INFO - Setting next_dagrun for example_subdag_operator to 2022-01-01 00:00:00+00:00, run_after=2022-01-01 00:00:00+00:00
[2024-07-16T19:13:45.750+0000] {logging_mixin.py:188} INFO - [2024-07-16T19:13:45.750+0000] {dag.py:3954} INFO - Setting next_dagrun for example_subdag_operator.section-1 to None, run_after=None
[2024-07-16T19:13:45.751+0000] {logging_mixin.py:188} INFO - [2024-07-16T19:13:45.751+0000] {dag.py:3954} INFO - Setting next_dagrun for example_subdag_operator.section-2 to None, run_after=None
[2024-07-16T19:13:45.758+0000] {logging_mixin.py:188} INFO - [2024-07-16T19:13:45.758+0000] {dag.py:3096} INFO - Sync 2 DAGs
[2024-07-16T19:13:45.764+0000] {logging_mixin.py:188} INFO - [2024-07-16T19:13:45.764+0000] {dag.py:3954} INFO - Setting next_dagrun for example_subdag_operator.section-1 to None, run_after=None
[2024-07-16T19:13:45.766+0000] {logging_mixin.py:188} INFO - [2024-07-16T19:13:45.765+0000] {dag.py:3954} INFO - Setting next_dagrun for example_subdag_operator.section-2 to None, run_after=None
[2024-07-16T19:13:45.780+0000] {processor.py:183} INFO - Processing /home/airflow/.local/lib/python3.12/site-packages/airflow/example_dags/example_subdag_operator.py took 0.118 seconds
[2024-07-16T19:14:16.330+0000] {processor.py:161} INFO - Started process (PID=1451) to work on /home/airflow/.local/lib/python3.12/site-packages/airflow/example_dags/example_subdag_operator.py
[2024-07-16T19:14:16.331+0000] {processor.py:830} INFO - Processing file /home/airflow/.local/lib/python3.12/site-packages/airflow/example_dags/example_subdag_operator.py for tasks to queue
[2024-07-16T19:14:16.332+0000] {logging_mixin.py:188} INFO - [2024-07-16T19:14:16.331+0000] {dagbag.py:545} INFO - Filling up the DagBag from /home/airflow/.local/lib/python3.12/site-packages/airflow/example_dags/example_subdag_operator.py
[2024-07-16T19:14:16.360+0000] {processor.py:840} INFO - DAG(s) 'example_subdag_operator.section-1', 'example_subdag_operator.section-2', 'example_subdag_operator' retrieved from /home/airflow/.local/lib/python3.12/site-packages/airflow/example_dags/example_subdag_operator.py
[2024-07-16T19:14:16.381+0000] {logging_mixin.py:188} INFO - [2024-07-16T19:14:16.380+0000] {dag.py:3096} INFO - Sync 3 DAGs
[2024-07-16T19:14:16.418+0000] {logging_mixin.py:188} INFO - [2024-07-16T19:14:16.417+0000] {dag.py:3954} INFO - Setting next_dagrun for example_subdag_operator to 2022-01-01 00:00:00+00:00, run_after=2022-01-01 00:00:00+00:00
[2024-07-16T19:14:16.423+0000] {logging_mixin.py:188} INFO - [2024-07-16T19:14:16.422+0000] {dag.py:3954} INFO - Setting next_dagrun for example_subdag_operator.section-1 to None, run_after=None
[2024-07-16T19:14:16.428+0000] {logging_mixin.py:188} INFO - [2024-07-16T19:14:16.428+0000] {dag.py:3954} INFO - Setting next_dagrun for example_subdag_operator.section-2 to None, run_after=None
[2024-07-16T19:14:16.435+0000] {logging_mixin.py:188} INFO - [2024-07-16T19:14:16.435+0000] {dag.py:3096} INFO - Sync 2 DAGs
[2024-07-16T19:14:16.441+0000] {logging_mixin.py:188} INFO - [2024-07-16T19:14:16.441+0000] {dag.py:3954} INFO - Setting next_dagrun for example_subdag_operator.section-1 to None, run_after=None
[2024-07-16T19:14:16.442+0000] {logging_mixin.py:188} INFO - [2024-07-16T19:14:16.441+0000] {dag.py:3954} INFO - Setting next_dagrun for example_subdag_operator.section-2 to None, run_after=None
[2024-07-16T19:14:16.456+0000] {processor.py:183} INFO - Processing /home/airflow/.local/lib/python3.12/site-packages/airflow/example_dags/example_subdag_operator.py took 0.132 seconds
[2024-07-16T19:14:46.705+0000] {processor.py:161} INFO - Started process (PID=1510) to work on /home/airflow/.local/lib/python3.12/site-packages/airflow/example_dags/example_subdag_operator.py
[2024-07-16T19:14:46.706+0000] {processor.py:830} INFO - Processing file /home/airflow/.local/lib/python3.12/site-packages/airflow/example_dags/example_subdag_operator.py for tasks to queue
[2024-07-16T19:14:46.707+0000] {logging_mixin.py:188} INFO - [2024-07-16T19:14:46.707+0000] {dagbag.py:545} INFO - Filling up the DagBag from /home/airflow/.local/lib/python3.12/site-packages/airflow/example_dags/example_subdag_operator.py
[2024-07-16T19:14:46.734+0000] {processor.py:840} INFO - DAG(s) 'example_subdag_operator.section-1', 'example_subdag_operator.section-2', 'example_subdag_operator' retrieved from /home/airflow/.local/lib/python3.12/site-packages/airflow/example_dags/example_subdag_operator.py
[2024-07-16T19:14:46.755+0000] {logging_mixin.py:188} INFO - [2024-07-16T19:14:46.755+0000] {dag.py:3096} INFO - Sync 3 DAGs
[2024-07-16T19:14:46.783+0000] {logging_mixin.py:188} INFO - [2024-07-16T19:14:46.782+0000] {dag.py:3954} INFO - Setting next_dagrun for example_subdag_operator to 2022-01-01 00:00:00+00:00, run_after=2022-01-01 00:00:00+00:00
[2024-07-16T19:14:46.787+0000] {logging_mixin.py:188} INFO - [2024-07-16T19:14:46.787+0000] {dag.py:3954} INFO - Setting next_dagrun for example_subdag_operator.section-1 to None, run_after=None
[2024-07-16T19:14:46.789+0000] {logging_mixin.py:188} INFO - [2024-07-16T19:14:46.788+0000] {dag.py:3954} INFO - Setting next_dagrun for example_subdag_operator.section-2 to None, run_after=None
[2024-07-16T19:14:46.797+0000] {logging_mixin.py:188} INFO - [2024-07-16T19:14:46.797+0000] {dag.py:3096} INFO - Sync 2 DAGs
[2024-07-16T19:14:46.802+0000] {logging_mixin.py:188} INFO - [2024-07-16T19:14:46.802+0000] {dag.py:3954} INFO - Setting next_dagrun for example_subdag_operator.section-1 to None, run_after=None
[2024-07-16T19:14:46.802+0000] {logging_mixin.py:188} INFO - [2024-07-16T19:14:46.802+0000] {dag.py:3954} INFO - Setting next_dagrun for example_subdag_operator.section-2 to None, run_after=None
[2024-07-16T19:14:46.819+0000] {processor.py:183} INFO - Processing /home/airflow/.local/lib/python3.12/site-packages/airflow/example_dags/example_subdag_operator.py took 0.120 seconds
[2024-07-16T19:15:17.023+0000] {processor.py:161} INFO - Started process (PID=1569) to work on /home/airflow/.local/lib/python3.12/site-packages/airflow/example_dags/example_subdag_operator.py
[2024-07-16T19:15:17.025+0000] {processor.py:830} INFO - Processing file /home/airflow/.local/lib/python3.12/site-packages/airflow/example_dags/example_subdag_operator.py for tasks to queue
[2024-07-16T19:15:17.026+0000] {logging_mixin.py:188} INFO - [2024-07-16T19:15:17.025+0000] {dagbag.py:545} INFO - Filling up the DagBag from /home/airflow/.local/lib/python3.12/site-packages/airflow/example_dags/example_subdag_operator.py
[2024-07-16T19:15:17.062+0000] {processor.py:840} INFO - DAG(s) 'example_subdag_operator.section-1', 'example_subdag_operator.section-2', 'example_subdag_operator' retrieved from /home/airflow/.local/lib/python3.12/site-packages/airflow/example_dags/example_subdag_operator.py
[2024-07-16T19:15:17.083+0000] {logging_mixin.py:188} INFO - [2024-07-16T19:15:17.083+0000] {dag.py:3096} INFO - Sync 3 DAGs
[2024-07-16T19:15:17.111+0000] {logging_mixin.py:188} INFO - [2024-07-16T19:15:17.110+0000] {dag.py:3954} INFO - Setting next_dagrun for example_subdag_operator to 2022-01-01 00:00:00+00:00, run_after=2022-01-01 00:00:00+00:00
[2024-07-16T19:15:17.115+0000] {logging_mixin.py:188} INFO - [2024-07-16T19:15:17.115+0000] {dag.py:3954} INFO - Setting next_dagrun for example_subdag_operator.section-1 to None, run_after=None
[2024-07-16T19:15:17.116+0000] {logging_mixin.py:188} INFO - [2024-07-16T19:15:17.116+0000] {dag.py:3954} INFO - Setting next_dagrun for example_subdag_operator.section-2 to None, run_after=None
[2024-07-16T19:15:17.122+0000] {logging_mixin.py:188} INFO - [2024-07-16T19:15:17.122+0000] {dag.py:3096} INFO - Sync 2 DAGs
[2024-07-16T19:15:17.128+0000] {logging_mixin.py:188} INFO - [2024-07-16T19:15:17.128+0000] {dag.py:3954} INFO - Setting next_dagrun for example_subdag_operator.section-1 to None, run_after=None
[2024-07-16T19:15:17.129+0000] {logging_mixin.py:188} INFO - [2024-07-16T19:15:17.129+0000] {dag.py:3954} INFO - Setting next_dagrun for example_subdag_operator.section-2 to None, run_after=None
[2024-07-16T19:15:17.144+0000] {processor.py:183} INFO - Processing /home/airflow/.local/lib/python3.12/site-packages/airflow/example_dags/example_subdag_operator.py took 0.127 seconds
[2024-07-16T19:19:19.026+0000] {processor.py:161} INFO - Started process (PID=67) to work on /home/airflow/.local/lib/python3.12/site-packages/airflow/example_dags/example_subdag_operator.py
[2024-07-16T19:19:19.030+0000] {processor.py:830} INFO - Processing file /home/airflow/.local/lib/python3.12/site-packages/airflow/example_dags/example_subdag_operator.py for tasks to queue
[2024-07-16T19:19:19.035+0000] {logging_mixin.py:188} INFO - [2024-07-16T19:19:19.035+0000] {dagbag.py:545} INFO - Filling up the DagBag from /home/airflow/.local/lib/python3.12/site-packages/airflow/example_dags/example_subdag_operator.py
[2024-07-16T19:19:19.086+0000] {processor.py:840} INFO - DAG(s) 'example_subdag_operator.section-1', 'example_subdag_operator.section-2', 'example_subdag_operator' retrieved from /home/airflow/.local/lib/python3.12/site-packages/airflow/example_dags/example_subdag_operator.py
[2024-07-16T19:19:19.423+0000] {logging_mixin.py:188} INFO - [2024-07-16T19:19:19.423+0000] {dag.py:3096} INFO - Sync 3 DAGs
[2024-07-16T19:19:19.485+0000] {logging_mixin.py:188} INFO - [2024-07-16T19:19:19.485+0000] {dag.py:3954} INFO - Setting next_dagrun for example_subdag_operator to 2022-01-01 00:00:00+00:00, run_after=2022-01-01 00:00:00+00:00
[2024-07-16T19:19:19.500+0000] {logging_mixin.py:188} INFO - [2024-07-16T19:19:19.500+0000] {dag.py:3954} INFO - Setting next_dagrun for example_subdag_operator.section-1 to None, run_after=None
[2024-07-16T19:19:19.502+0000] {logging_mixin.py:188} INFO - [2024-07-16T19:19:19.502+0000] {dag.py:3954} INFO - Setting next_dagrun for example_subdag_operator.section-2 to None, run_after=None
[2024-07-16T19:19:19.535+0000] {logging_mixin.py:188} INFO - [2024-07-16T19:19:19.535+0000] {dag.py:3096} INFO - Sync 2 DAGs
[2024-07-16T19:19:19.545+0000] {logging_mixin.py:188} INFO - [2024-07-16T19:19:19.544+0000] {dag.py:3954} INFO - Setting next_dagrun for example_subdag_operator.section-1 to None, run_after=None
[2024-07-16T19:19:19.545+0000] {logging_mixin.py:188} INFO - [2024-07-16T19:19:19.545+0000] {dag.py:3954} INFO - Setting next_dagrun for example_subdag_operator.section-2 to None, run_after=None
[2024-07-16T19:19:19.589+0000] {processor.py:183} INFO - Processing /home/airflow/.local/lib/python3.12/site-packages/airflow/example_dags/example_subdag_operator.py took 0.573 seconds
[2024-07-16T19:19:50.077+0000] {processor.py:161} INFO - Started process (PID=127) to work on /home/airflow/.local/lib/python3.12/site-packages/airflow/example_dags/example_subdag_operator.py
[2024-07-16T19:19:50.078+0000] {processor.py:830} INFO - Processing file /home/airflow/.local/lib/python3.12/site-packages/airflow/example_dags/example_subdag_operator.py for tasks to queue
[2024-07-16T19:19:50.080+0000] {logging_mixin.py:188} INFO - [2024-07-16T19:19:50.079+0000] {dagbag.py:545} INFO - Filling up the DagBag from /home/airflow/.local/lib/python3.12/site-packages/airflow/example_dags/example_subdag_operator.py
[2024-07-16T19:19:50.106+0000] {processor.py:840} INFO - DAG(s) 'example_subdag_operator.section-1', 'example_subdag_operator.section-2', 'example_subdag_operator' retrieved from /home/airflow/.local/lib/python3.12/site-packages/airflow/example_dags/example_subdag_operator.py
[2024-07-16T19:19:50.141+0000] {logging_mixin.py:188} INFO - [2024-07-16T19:19:50.141+0000] {dag.py:3096} INFO - Sync 3 DAGs
[2024-07-16T19:19:50.192+0000] {logging_mixin.py:188} INFO - [2024-07-16T19:19:50.191+0000] {dag.py:3954} INFO - Setting next_dagrun for example_subdag_operator to 2022-01-01 00:00:00+00:00, run_after=2022-01-01 00:00:00+00:00
[2024-07-16T19:19:50.196+0000] {logging_mixin.py:188} INFO - [2024-07-16T19:19:50.196+0000] {dag.py:3954} INFO - Setting next_dagrun for example_subdag_operator.section-1 to None, run_after=None
[2024-07-16T19:19:50.198+0000] {logging_mixin.py:188} INFO - [2024-07-16T19:19:50.197+0000] {dag.py:3954} INFO - Setting next_dagrun for example_subdag_operator.section-2 to None, run_after=None
[2024-07-16T19:19:50.204+0000] {logging_mixin.py:188} INFO - [2024-07-16T19:19:50.204+0000] {dag.py:3096} INFO - Sync 2 DAGs
[2024-07-16T19:19:50.208+0000] {logging_mixin.py:188} INFO - [2024-07-16T19:19:50.208+0000] {dag.py:3954} INFO - Setting next_dagrun for example_subdag_operator.section-1 to None, run_after=None
[2024-07-16T19:19:50.209+0000] {logging_mixin.py:188} INFO - [2024-07-16T19:19:50.209+0000] {dag.py:3954} INFO - Setting next_dagrun for example_subdag_operator.section-2 to None, run_after=None
[2024-07-16T19:19:50.226+0000] {processor.py:183} INFO - Processing /home/airflow/.local/lib/python3.12/site-packages/airflow/example_dags/example_subdag_operator.py took 0.155 seconds
[2024-07-16T19:20:20.329+0000] {processor.py:161} INFO - Started process (PID=186) to work on /home/airflow/.local/lib/python3.12/site-packages/airflow/example_dags/example_subdag_operator.py
[2024-07-16T19:20:20.333+0000] {processor.py:830} INFO - Processing file /home/airflow/.local/lib/python3.12/site-packages/airflow/example_dags/example_subdag_operator.py for tasks to queue
[2024-07-16T19:20:20.336+0000] {logging_mixin.py:188} INFO - [2024-07-16T19:20:20.336+0000] {dagbag.py:545} INFO - Filling up the DagBag from /home/airflow/.local/lib/python3.12/site-packages/airflow/example_dags/example_subdag_operator.py
[2024-07-16T19:20:20.368+0000] {processor.py:840} INFO - DAG(s) 'example_subdag_operator.section-1', 'example_subdag_operator.section-2', 'example_subdag_operator' retrieved from /home/airflow/.local/lib/python3.12/site-packages/airflow/example_dags/example_subdag_operator.py
[2024-07-16T19:20:20.394+0000] {logging_mixin.py:188} INFO - [2024-07-16T19:20:20.394+0000] {dag.py:3096} INFO - Sync 3 DAGs
[2024-07-16T19:20:20.421+0000] {logging_mixin.py:188} INFO - [2024-07-16T19:20:20.421+0000] {dag.py:3954} INFO - Setting next_dagrun for example_subdag_operator to 2022-01-01 00:00:00+00:00, run_after=2022-01-01 00:00:00+00:00
[2024-07-16T19:20:20.433+0000] {logging_mixin.py:188} INFO - [2024-07-16T19:20:20.433+0000] {dag.py:3954} INFO - Setting next_dagrun for example_subdag_operator.section-1 to None, run_after=None
[2024-07-16T19:20:20.434+0000] {logging_mixin.py:188} INFO - [2024-07-16T19:20:20.434+0000] {dag.py:3954} INFO - Setting next_dagrun for example_subdag_operator.section-2 to None, run_after=None
[2024-07-16T19:20:20.453+0000] {logging_mixin.py:188} INFO - [2024-07-16T19:20:20.452+0000] {dag.py:3096} INFO - Sync 2 DAGs
[2024-07-16T19:20:20.466+0000] {logging_mixin.py:188} INFO - [2024-07-16T19:20:20.465+0000] {dag.py:3954} INFO - Setting next_dagrun for example_subdag_operator.section-1 to None, run_after=None
[2024-07-16T19:20:20.466+0000] {logging_mixin.py:188} INFO - [2024-07-16T19:20:20.466+0000] {dag.py:3954} INFO - Setting next_dagrun for example_subdag_operator.section-2 to None, run_after=None
[2024-07-16T19:20:20.486+0000] {processor.py:183} INFO - Processing /home/airflow/.local/lib/python3.12/site-packages/airflow/example_dags/example_subdag_operator.py took 0.171 seconds
[2024-07-16T19:20:50.776+0000] {processor.py:161} INFO - Started process (PID=244) to work on /home/airflow/.local/lib/python3.12/site-packages/airflow/example_dags/example_subdag_operator.py
[2024-07-16T19:20:50.777+0000] {processor.py:830} INFO - Processing file /home/airflow/.local/lib/python3.12/site-packages/airflow/example_dags/example_subdag_operator.py for tasks to queue
[2024-07-16T19:20:50.779+0000] {logging_mixin.py:188} INFO - [2024-07-16T19:20:50.778+0000] {dagbag.py:545} INFO - Filling up the DagBag from /home/airflow/.local/lib/python3.12/site-packages/airflow/example_dags/example_subdag_operator.py
[2024-07-16T19:20:50.804+0000] {processor.py:840} INFO - DAG(s) 'example_subdag_operator.section-1', 'example_subdag_operator.section-2', 'example_subdag_operator' retrieved from /home/airflow/.local/lib/python3.12/site-packages/airflow/example_dags/example_subdag_operator.py
[2024-07-16T19:20:50.824+0000] {logging_mixin.py:188} INFO - [2024-07-16T19:20:50.824+0000] {dag.py:3096} INFO - Sync 3 DAGs
[2024-07-16T19:20:50.855+0000] {logging_mixin.py:188} INFO - [2024-07-16T19:20:50.854+0000] {dag.py:3954} INFO - Setting next_dagrun for example_subdag_operator to 2022-01-01 00:00:00+00:00, run_after=2022-01-01 00:00:00+00:00
[2024-07-16T19:20:50.859+0000] {logging_mixin.py:188} INFO - [2024-07-16T19:20:50.859+0000] {dag.py:3954} INFO - Setting next_dagrun for example_subdag_operator.section-1 to None, run_after=None
[2024-07-16T19:20:50.860+0000] {logging_mixin.py:188} INFO - [2024-07-16T19:20:50.860+0000] {dag.py:3954} INFO - Setting next_dagrun for example_subdag_operator.section-2 to None, run_after=None
[2024-07-16T19:20:50.868+0000] {logging_mixin.py:188} INFO - [2024-07-16T19:20:50.867+0000] {dag.py:3096} INFO - Sync 2 DAGs
[2024-07-16T19:20:50.873+0000] {logging_mixin.py:188} INFO - [2024-07-16T19:20:50.873+0000] {dag.py:3954} INFO - Setting next_dagrun for example_subdag_operator.section-1 to None, run_after=None
[2024-07-16T19:20:50.874+0000] {logging_mixin.py:188} INFO - [2024-07-16T19:20:50.874+0000] {dag.py:3954} INFO - Setting next_dagrun for example_subdag_operator.section-2 to None, run_after=None
[2024-07-16T19:20:50.888+0000] {processor.py:183} INFO - Processing /home/airflow/.local/lib/python3.12/site-packages/airflow/example_dags/example_subdag_operator.py took 0.119 seconds
[2024-07-16T19:21:21.299+0000] {processor.py:161} INFO - Started process (PID=303) to work on /home/airflow/.local/lib/python3.12/site-packages/airflow/example_dags/example_subdag_operator.py
[2024-07-16T19:21:21.302+0000] {processor.py:830} INFO - Processing file /home/airflow/.local/lib/python3.12/site-packages/airflow/example_dags/example_subdag_operator.py for tasks to queue
[2024-07-16T19:21:21.315+0000] {logging_mixin.py:188} INFO - [2024-07-16T19:21:21.313+0000] {dagbag.py:545} INFO - Filling up the DagBag from /home/airflow/.local/lib/python3.12/site-packages/airflow/example_dags/example_subdag_operator.py
[2024-07-16T19:21:21.396+0000] {processor.py:840} INFO - DAG(s) 'example_subdag_operator.section-1', 'example_subdag_operator.section-2', 'example_subdag_operator' retrieved from /home/airflow/.local/lib/python3.12/site-packages/airflow/example_dags/example_subdag_operator.py
[2024-07-16T19:21:21.418+0000] {logging_mixin.py:188} INFO - [2024-07-16T19:21:21.418+0000] {dag.py:3096} INFO - Sync 3 DAGs
[2024-07-16T19:21:21.447+0000] {logging_mixin.py:188} INFO - [2024-07-16T19:21:21.447+0000] {dag.py:3954} INFO - Setting next_dagrun for example_subdag_operator to 2022-01-01 00:00:00+00:00, run_after=2022-01-01 00:00:00+00:00
[2024-07-16T19:21:21.458+0000] {logging_mixin.py:188} INFO - [2024-07-16T19:21:21.457+0000] {dag.py:3954} INFO - Setting next_dagrun for example_subdag_operator.section-1 to None, run_after=None
[2024-07-16T19:21:21.459+0000] {logging_mixin.py:188} INFO - [2024-07-16T19:21:21.459+0000] {dag.py:3954} INFO - Setting next_dagrun for example_subdag_operator.section-2 to None, run_after=None
[2024-07-16T19:21:21.475+0000] {logging_mixin.py:188} INFO - [2024-07-16T19:21:21.475+0000] {dag.py:3096} INFO - Sync 2 DAGs
[2024-07-16T19:21:21.484+0000] {logging_mixin.py:188} INFO - [2024-07-16T19:21:21.484+0000] {dag.py:3954} INFO - Setting next_dagrun for example_subdag_operator.section-1 to None, run_after=None
[2024-07-16T19:21:21.485+0000] {logging_mixin.py:188} INFO - [2024-07-16T19:21:21.485+0000] {dag.py:3954} INFO - Setting next_dagrun for example_subdag_operator.section-2 to None, run_after=None
[2024-07-16T19:21:21.507+0000] {processor.py:183} INFO - Processing /home/airflow/.local/lib/python3.12/site-packages/airflow/example_dags/example_subdag_operator.py took 0.216 seconds
[2024-07-16T19:21:52.392+0000] {processor.py:161} INFO - Started process (PID=362) to work on /home/airflow/.local/lib/python3.12/site-packages/airflow/example_dags/example_subdag_operator.py
[2024-07-16T19:21:52.393+0000] {processor.py:830} INFO - Processing file /home/airflow/.local/lib/python3.12/site-packages/airflow/example_dags/example_subdag_operator.py for tasks to queue
[2024-07-16T19:21:52.395+0000] {logging_mixin.py:188} INFO - [2024-07-16T19:21:52.394+0000] {dagbag.py:545} INFO - Filling up the DagBag from /home/airflow/.local/lib/python3.12/site-packages/airflow/example_dags/example_subdag_operator.py
[2024-07-16T19:21:52.451+0000] {processor.py:840} INFO - DAG(s) 'example_subdag_operator.section-1', 'example_subdag_operator.section-2', 'example_subdag_operator' retrieved from /home/airflow/.local/lib/python3.12/site-packages/airflow/example_dags/example_subdag_operator.py
[2024-07-16T19:21:52.502+0000] {logging_mixin.py:188} INFO - [2024-07-16T19:21:52.501+0000] {dag.py:3096} INFO - Sync 3 DAGs
[2024-07-16T19:21:52.550+0000] {logging_mixin.py:188} INFO - [2024-07-16T19:21:52.550+0000] {dag.py:3954} INFO - Setting next_dagrun for example_subdag_operator to 2022-01-01 00:00:00+00:00, run_after=2022-01-01 00:00:00+00:00
[2024-07-16T19:21:52.562+0000] {logging_mixin.py:188} INFO - [2024-07-16T19:21:52.561+0000] {dag.py:3954} INFO - Setting next_dagrun for example_subdag_operator.section-1 to None, run_after=None
[2024-07-16T19:21:52.563+0000] {logging_mixin.py:188} INFO - [2024-07-16T19:21:52.563+0000] {dag.py:3954} INFO - Setting next_dagrun for example_subdag_operator.section-2 to None, run_after=None
[2024-07-16T19:21:52.579+0000] {logging_mixin.py:188} INFO - [2024-07-16T19:21:52.579+0000] {dag.py:3096} INFO - Sync 2 DAGs
[2024-07-16T19:21:52.593+0000] {logging_mixin.py:188} INFO - [2024-07-16T19:21:52.593+0000] {dag.py:3954} INFO - Setting next_dagrun for example_subdag_operator.section-1 to None, run_after=None
[2024-07-16T19:21:52.594+0000] {logging_mixin.py:188} INFO - [2024-07-16T19:21:52.593+0000] {dag.py:3954} INFO - Setting next_dagrun for example_subdag_operator.section-2 to None, run_after=None
[2024-07-16T19:21:52.615+0000] {processor.py:183} INFO - Processing /home/airflow/.local/lib/python3.12/site-packages/airflow/example_dags/example_subdag_operator.py took 0.246 seconds
[2024-07-16T19:22:23.070+0000] {processor.py:161} INFO - Started process (PID=422) to work on /home/airflow/.local/lib/python3.12/site-packages/airflow/example_dags/example_subdag_operator.py
[2024-07-16T19:22:23.081+0000] {processor.py:830} INFO - Processing file /home/airflow/.local/lib/python3.12/site-packages/airflow/example_dags/example_subdag_operator.py for tasks to queue
[2024-07-16T19:22:23.084+0000] {logging_mixin.py:188} INFO - [2024-07-16T19:22:23.083+0000] {dagbag.py:545} INFO - Filling up the DagBag from /home/airflow/.local/lib/python3.12/site-packages/airflow/example_dags/example_subdag_operator.py
[2024-07-16T19:22:23.126+0000] {processor.py:840} INFO - DAG(s) 'example_subdag_operator.section-1', 'example_subdag_operator.section-2', 'example_subdag_operator' retrieved from /home/airflow/.local/lib/python3.12/site-packages/airflow/example_dags/example_subdag_operator.py
[2024-07-16T19:22:23.170+0000] {logging_mixin.py:188} INFO - [2024-07-16T19:22:23.170+0000] {dag.py:3096} INFO - Sync 3 DAGs
[2024-07-16T19:22:23.222+0000] {logging_mixin.py:188} INFO - [2024-07-16T19:22:23.221+0000] {dag.py:3954} INFO - Setting next_dagrun for example_subdag_operator to 2022-01-01 00:00:00+00:00, run_after=2022-01-01 00:00:00+00:00
[2024-07-16T19:22:23.230+0000] {logging_mixin.py:188} INFO - [2024-07-16T19:22:23.230+0000] {dag.py:3954} INFO - Setting next_dagrun for example_subdag_operator.section-1 to None, run_after=None
[2024-07-16T19:22:23.237+0000] {logging_mixin.py:188} INFO - [2024-07-16T19:22:23.237+0000] {dag.py:3954} INFO - Setting next_dagrun for example_subdag_operator.section-2 to None, run_after=None
[2024-07-16T19:22:23.254+0000] {logging_mixin.py:188} INFO - [2024-07-16T19:22:23.253+0000] {dag.py:3096} INFO - Sync 2 DAGs
[2024-07-16T19:22:23.267+0000] {logging_mixin.py:188} INFO - [2024-07-16T19:22:23.267+0000] {dag.py:3954} INFO - Setting next_dagrun for example_subdag_operator.section-1 to None, run_after=None
[2024-07-16T19:22:23.268+0000] {logging_mixin.py:188} INFO - [2024-07-16T19:22:23.268+0000] {dag.py:3954} INFO - Setting next_dagrun for example_subdag_operator.section-2 to None, run_after=None
[2024-07-16T19:22:23.314+0000] {processor.py:183} INFO - Processing /home/airflow/.local/lib/python3.12/site-packages/airflow/example_dags/example_subdag_operator.py took 0.262 seconds
[2024-07-16T19:22:54.192+0000] {processor.py:161} INFO - Started process (PID=486) to work on /home/airflow/.local/lib/python3.12/site-packages/airflow/example_dags/example_subdag_operator.py
[2024-07-16T19:22:54.193+0000] {processor.py:830} INFO - Processing file /home/airflow/.local/lib/python3.12/site-packages/airflow/example_dags/example_subdag_operator.py for tasks to queue
[2024-07-16T19:22:54.195+0000] {logging_mixin.py:188} INFO - [2024-07-16T19:22:54.195+0000] {dagbag.py:545} INFO - Filling up the DagBag from /home/airflow/.local/lib/python3.12/site-packages/airflow/example_dags/example_subdag_operator.py
[2024-07-16T19:22:54.223+0000] {processor.py:840} INFO - DAG(s) 'example_subdag_operator.section-1', 'example_subdag_operator.section-2', 'example_subdag_operator' retrieved from /home/airflow/.local/lib/python3.12/site-packages/airflow/example_dags/example_subdag_operator.py
[2024-07-16T19:22:54.244+0000] {logging_mixin.py:188} INFO - [2024-07-16T19:22:54.243+0000] {dag.py:3096} INFO - Sync 3 DAGs
[2024-07-16T19:22:54.272+0000] {logging_mixin.py:188} INFO - [2024-07-16T19:22:54.272+0000] {dag.py:3954} INFO - Setting next_dagrun for example_subdag_operator to 2022-01-01 00:00:00+00:00, run_after=2022-01-01 00:00:00+00:00
[2024-07-16T19:22:54.277+0000] {logging_mixin.py:188} INFO - [2024-07-16T19:22:54.277+0000] {dag.py:3954} INFO - Setting next_dagrun for example_subdag_operator.section-1 to None, run_after=None
[2024-07-16T19:22:54.278+0000] {logging_mixin.py:188} INFO - [2024-07-16T19:22:54.278+0000] {dag.py:3954} INFO - Setting next_dagrun for example_subdag_operator.section-2 to None, run_after=None
[2024-07-16T19:22:54.286+0000] {logging_mixin.py:188} INFO - [2024-07-16T19:22:54.286+0000] {dag.py:3096} INFO - Sync 2 DAGs
[2024-07-16T19:22:54.292+0000] {logging_mixin.py:188} INFO - [2024-07-16T19:22:54.292+0000] {dag.py:3954} INFO - Setting next_dagrun for example_subdag_operator.section-1 to None, run_after=None
[2024-07-16T19:22:54.292+0000] {logging_mixin.py:188} INFO - [2024-07-16T19:22:54.292+0000] {dag.py:3954} INFO - Setting next_dagrun for example_subdag_operator.section-2 to None, run_after=None
[2024-07-16T19:22:54.308+0000] {processor.py:183} INFO - Processing /home/airflow/.local/lib/python3.12/site-packages/airflow/example_dags/example_subdag_operator.py took 0.122 seconds
[2024-07-16T19:23:24.486+0000] {processor.py:161} INFO - Started process (PID=545) to work on /home/airflow/.local/lib/python3.12/site-packages/airflow/example_dags/example_subdag_operator.py
[2024-07-16T19:23:24.487+0000] {processor.py:830} INFO - Processing file /home/airflow/.local/lib/python3.12/site-packages/airflow/example_dags/example_subdag_operator.py for tasks to queue
[2024-07-16T19:23:24.489+0000] {logging_mixin.py:188} INFO - [2024-07-16T19:23:24.489+0000] {dagbag.py:545} INFO - Filling up the DagBag from /home/airflow/.local/lib/python3.12/site-packages/airflow/example_dags/example_subdag_operator.py
[2024-07-16T19:23:24.516+0000] {processor.py:840} INFO - DAG(s) 'example_subdag_operator.section-1', 'example_subdag_operator.section-2', 'example_subdag_operator' retrieved from /home/airflow/.local/lib/python3.12/site-packages/airflow/example_dags/example_subdag_operator.py
[2024-07-16T19:23:24.540+0000] {logging_mixin.py:188} INFO - [2024-07-16T19:23:24.539+0000] {dag.py:3096} INFO - Sync 3 DAGs
[2024-07-16T19:23:24.566+0000] {logging_mixin.py:188} INFO - [2024-07-16T19:23:24.566+0000] {dag.py:3954} INFO - Setting next_dagrun for example_subdag_operator to 2022-01-01 00:00:00+00:00, run_after=2022-01-01 00:00:00+00:00
[2024-07-16T19:23:24.571+0000] {logging_mixin.py:188} INFO - [2024-07-16T19:23:24.570+0000] {dag.py:3954} INFO - Setting next_dagrun for example_subdag_operator.section-1 to None, run_after=None
[2024-07-16T19:23:24.572+0000] {logging_mixin.py:188} INFO - [2024-07-16T19:23:24.572+0000] {dag.py:3954} INFO - Setting next_dagrun for example_subdag_operator.section-2 to None, run_after=None
[2024-07-16T19:23:24.580+0000] {logging_mixin.py:188} INFO - [2024-07-16T19:23:24.579+0000] {dag.py:3096} INFO - Sync 2 DAGs
[2024-07-16T19:23:24.586+0000] {logging_mixin.py:188} INFO - [2024-07-16T19:23:24.585+0000] {dag.py:3954} INFO - Setting next_dagrun for example_subdag_operator.section-1 to None, run_after=None
[2024-07-16T19:23:24.586+0000] {logging_mixin.py:188} INFO - [2024-07-16T19:23:24.586+0000] {dag.py:3954} INFO - Setting next_dagrun for example_subdag_operator.section-2 to None, run_after=None
[2024-07-16T19:23:24.606+0000] {processor.py:183} INFO - Processing /home/airflow/.local/lib/python3.12/site-packages/airflow/example_dags/example_subdag_operator.py took 0.127 seconds
[2024-07-16T19:23:54.728+0000] {processor.py:161} INFO - Started process (PID=604) to work on /home/airflow/.local/lib/python3.12/site-packages/airflow/example_dags/example_subdag_operator.py
[2024-07-16T19:23:54.729+0000] {processor.py:830} INFO - Processing file /home/airflow/.local/lib/python3.12/site-packages/airflow/example_dags/example_subdag_operator.py for tasks to queue
[2024-07-16T19:23:54.730+0000] {logging_mixin.py:188} INFO - [2024-07-16T19:23:54.730+0000] {dagbag.py:545} INFO - Filling up the DagBag from /home/airflow/.local/lib/python3.12/site-packages/airflow/example_dags/example_subdag_operator.py
[2024-07-16T19:23:54.756+0000] {processor.py:840} INFO - DAG(s) 'example_subdag_operator.section-1', 'example_subdag_operator.section-2', 'example_subdag_operator' retrieved from /home/airflow/.local/lib/python3.12/site-packages/airflow/example_dags/example_subdag_operator.py
[2024-07-16T19:23:54.785+0000] {logging_mixin.py:188} INFO - [2024-07-16T19:23:54.785+0000] {dag.py:3096} INFO - Sync 3 DAGs
[2024-07-16T19:23:54.815+0000] {logging_mixin.py:188} INFO - [2024-07-16T19:23:54.815+0000] {dag.py:3954} INFO - Setting next_dagrun for example_subdag_operator to 2022-01-01 00:00:00+00:00, run_after=2022-01-01 00:00:00+00:00
[2024-07-16T19:23:54.820+0000] {logging_mixin.py:188} INFO - [2024-07-16T19:23:54.819+0000] {dag.py:3954} INFO - Setting next_dagrun for example_subdag_operator.section-1 to None, run_after=None
[2024-07-16T19:23:54.821+0000] {logging_mixin.py:188} INFO - [2024-07-16T19:23:54.821+0000] {dag.py:3954} INFO - Setting next_dagrun for example_subdag_operator.section-2 to None, run_after=None
[2024-07-16T19:23:54.829+0000] {logging_mixin.py:188} INFO - [2024-07-16T19:23:54.829+0000] {dag.py:3096} INFO - Sync 2 DAGs
[2024-07-16T19:23:54.837+0000] {logging_mixin.py:188} INFO - [2024-07-16T19:23:54.837+0000] {dag.py:3954} INFO - Setting next_dagrun for example_subdag_operator.section-1 to None, run_after=None
[2024-07-16T19:23:54.838+0000] {logging_mixin.py:188} INFO - [2024-07-16T19:23:54.838+0000] {dag.py:3954} INFO - Setting next_dagrun for example_subdag_operator.section-2 to None, run_after=None
[2024-07-16T19:23:54.870+0000] {processor.py:183} INFO - Processing /home/airflow/.local/lib/python3.12/site-packages/airflow/example_dags/example_subdag_operator.py took 0.148 seconds
[2024-07-16T19:24:25.393+0000] {processor.py:161} INFO - Started process (PID=663) to work on /home/airflow/.local/lib/python3.12/site-packages/airflow/example_dags/example_subdag_operator.py
[2024-07-16T19:24:25.394+0000] {processor.py:830} INFO - Processing file /home/airflow/.local/lib/python3.12/site-packages/airflow/example_dags/example_subdag_operator.py for tasks to queue
[2024-07-16T19:24:25.395+0000] {logging_mixin.py:188} INFO - [2024-07-16T19:24:25.395+0000] {dagbag.py:545} INFO - Filling up the DagBag from /home/airflow/.local/lib/python3.12/site-packages/airflow/example_dags/example_subdag_operator.py
[2024-07-16T19:24:25.420+0000] {processor.py:840} INFO - DAG(s) 'example_subdag_operator.section-1', 'example_subdag_operator.section-2', 'example_subdag_operator' retrieved from /home/airflow/.local/lib/python3.12/site-packages/airflow/example_dags/example_subdag_operator.py
[2024-07-16T19:24:25.444+0000] {logging_mixin.py:188} INFO - [2024-07-16T19:24:25.443+0000] {dag.py:3096} INFO - Sync 3 DAGs
[2024-07-16T19:24:25.472+0000] {logging_mixin.py:188} INFO - [2024-07-16T19:24:25.472+0000] {dag.py:3954} INFO - Setting next_dagrun for example_subdag_operator to 2022-01-01 00:00:00+00:00, run_after=2022-01-01 00:00:00+00:00
[2024-07-16T19:24:25.477+0000] {logging_mixin.py:188} INFO - [2024-07-16T19:24:25.477+0000] {dag.py:3954} INFO - Setting next_dagrun for example_subdag_operator.section-1 to None, run_after=None
[2024-07-16T19:24:25.478+0000] {logging_mixin.py:188} INFO - [2024-07-16T19:24:25.478+0000] {dag.py:3954} INFO - Setting next_dagrun for example_subdag_operator.section-2 to None, run_after=None
[2024-07-16T19:24:25.486+0000] {logging_mixin.py:188} INFO - [2024-07-16T19:24:25.485+0000] {dag.py:3096} INFO - Sync 2 DAGs
[2024-07-16T19:24:25.492+0000] {logging_mixin.py:188} INFO - [2024-07-16T19:24:25.491+0000] {dag.py:3954} INFO - Setting next_dagrun for example_subdag_operator.section-1 to None, run_after=None
[2024-07-16T19:24:25.492+0000] {logging_mixin.py:188} INFO - [2024-07-16T19:24:25.492+0000] {dag.py:3954} INFO - Setting next_dagrun for example_subdag_operator.section-2 to None, run_after=None
[2024-07-16T19:24:25.506+0000] {processor.py:183} INFO - Processing /home/airflow/.local/lib/python3.12/site-packages/airflow/example_dags/example_subdag_operator.py took 0.119 seconds
[2024-07-16T19:24:56.347+0000] {processor.py:161} INFO - Started process (PID=722) to work on /home/airflow/.local/lib/python3.12/site-packages/airflow/example_dags/example_subdag_operator.py
[2024-07-16T19:24:56.348+0000] {processor.py:830} INFO - Processing file /home/airflow/.local/lib/python3.12/site-packages/airflow/example_dags/example_subdag_operator.py for tasks to queue
[2024-07-16T19:24:56.349+0000] {logging_mixin.py:188} INFO - [2024-07-16T19:24:56.348+0000] {dagbag.py:545} INFO - Filling up the DagBag from /home/airflow/.local/lib/python3.12/site-packages/airflow/example_dags/example_subdag_operator.py
[2024-07-16T19:24:56.375+0000] {processor.py:840} INFO - DAG(s) 'example_subdag_operator.section-1', 'example_subdag_operator.section-2', 'example_subdag_operator' retrieved from /home/airflow/.local/lib/python3.12/site-packages/airflow/example_dags/example_subdag_operator.py
[2024-07-16T19:24:56.419+0000] {logging_mixin.py:188} INFO - [2024-07-16T19:24:56.419+0000] {dag.py:3096} INFO - Sync 3 DAGs
[2024-07-16T19:24:56.460+0000] {logging_mixin.py:188} INFO - [2024-07-16T19:24:56.459+0000] {dag.py:3954} INFO - Setting next_dagrun for example_subdag_operator to 2022-01-01 00:00:00+00:00, run_after=2022-01-01 00:00:00+00:00
[2024-07-16T19:24:56.465+0000] {logging_mixin.py:188} INFO - [2024-07-16T19:24:56.465+0000] {dag.py:3954} INFO - Setting next_dagrun for example_subdag_operator.section-1 to None, run_after=None
[2024-07-16T19:24:56.466+0000] {logging_mixin.py:188} INFO - [2024-07-16T19:24:56.466+0000] {dag.py:3954} INFO - Setting next_dagrun for example_subdag_operator.section-2 to None, run_after=None
[2024-07-16T19:24:56.477+0000] {logging_mixin.py:188} INFO - [2024-07-16T19:24:56.477+0000] {dag.py:3096} INFO - Sync 2 DAGs
[2024-07-16T19:24:56.484+0000] {logging_mixin.py:188} INFO - [2024-07-16T19:24:56.484+0000] {dag.py:3954} INFO - Setting next_dagrun for example_subdag_operator.section-1 to None, run_after=None
[2024-07-16T19:24:56.485+0000] {logging_mixin.py:188} INFO - [2024-07-16T19:24:56.485+0000] {dag.py:3954} INFO - Setting next_dagrun for example_subdag_operator.section-2 to None, run_after=None
[2024-07-16T19:24:56.510+0000] {processor.py:183} INFO - Processing /home/airflow/.local/lib/python3.12/site-packages/airflow/example_dags/example_subdag_operator.py took 0.170 seconds
[2024-07-16T19:25:27.323+0000] {processor.py:161} INFO - Started process (PID=782) to work on /home/airflow/.local/lib/python3.12/site-packages/airflow/example_dags/example_subdag_operator.py
[2024-07-16T19:25:27.323+0000] {processor.py:830} INFO - Processing file /home/airflow/.local/lib/python3.12/site-packages/airflow/example_dags/example_subdag_operator.py for tasks to queue
[2024-07-16T19:25:27.324+0000] {logging_mixin.py:188} INFO - [2024-07-16T19:25:27.324+0000] {dagbag.py:545} INFO - Filling up the DagBag from /home/airflow/.local/lib/python3.12/site-packages/airflow/example_dags/example_subdag_operator.py
[2024-07-16T19:25:27.356+0000] {processor.py:840} INFO - DAG(s) 'example_subdag_operator.section-1', 'example_subdag_operator.section-2', 'example_subdag_operator' retrieved from /home/airflow/.local/lib/python3.12/site-packages/airflow/example_dags/example_subdag_operator.py
[2024-07-16T19:25:27.399+0000] {logging_mixin.py:188} INFO - [2024-07-16T19:25:27.399+0000] {dag.py:3096} INFO - Sync 3 DAGs
[2024-07-16T19:25:27.428+0000] {logging_mixin.py:188} INFO - [2024-07-16T19:25:27.428+0000] {dag.py:3954} INFO - Setting next_dagrun for example_subdag_operator to 2022-01-01 00:00:00+00:00, run_after=2022-01-01 00:00:00+00:00
[2024-07-16T19:25:27.433+0000] {logging_mixin.py:188} INFO - [2024-07-16T19:25:27.433+0000] {dag.py:3954} INFO - Setting next_dagrun for example_subdag_operator.section-1 to None, run_after=None
[2024-07-16T19:25:27.434+0000] {logging_mixin.py:188} INFO - [2024-07-16T19:25:27.434+0000] {dag.py:3954} INFO - Setting next_dagrun for example_subdag_operator.section-2 to None, run_after=None
[2024-07-16T19:25:27.442+0000] {logging_mixin.py:188} INFO - [2024-07-16T19:25:27.441+0000] {dag.py:3096} INFO - Sync 2 DAGs
[2024-07-16T19:25:27.447+0000] {logging_mixin.py:188} INFO - [2024-07-16T19:25:27.447+0000] {dag.py:3954} INFO - Setting next_dagrun for example_subdag_operator.section-1 to None, run_after=None
[2024-07-16T19:25:27.448+0000] {logging_mixin.py:188} INFO - [2024-07-16T19:25:27.448+0000] {dag.py:3954} INFO - Setting next_dagrun for example_subdag_operator.section-2 to None, run_after=None
[2024-07-16T19:25:27.478+0000] {processor.py:183} INFO - Processing /home/airflow/.local/lib/python3.12/site-packages/airflow/example_dags/example_subdag_operator.py took 0.162 seconds
[2024-07-16T19:25:58.182+0000] {processor.py:161} INFO - Started process (PID=841) to work on /home/airflow/.local/lib/python3.12/site-packages/airflow/example_dags/example_subdag_operator.py
[2024-07-16T19:25:58.183+0000] {processor.py:830} INFO - Processing file /home/airflow/.local/lib/python3.12/site-packages/airflow/example_dags/example_subdag_operator.py for tasks to queue
[2024-07-16T19:25:58.184+0000] {logging_mixin.py:188} INFO - [2024-07-16T19:25:58.184+0000] {dagbag.py:545} INFO - Filling up the DagBag from /home/airflow/.local/lib/python3.12/site-packages/airflow/example_dags/example_subdag_operator.py
[2024-07-16T19:25:58.210+0000] {processor.py:840} INFO - DAG(s) 'example_subdag_operator.section-1', 'example_subdag_operator.section-2', 'example_subdag_operator' retrieved from /home/airflow/.local/lib/python3.12/site-packages/airflow/example_dags/example_subdag_operator.py
[2024-07-16T19:25:58.233+0000] {logging_mixin.py:188} INFO - [2024-07-16T19:25:58.233+0000] {dag.py:3096} INFO - Sync 3 DAGs
[2024-07-16T19:25:58.262+0000] {logging_mixin.py:188} INFO - [2024-07-16T19:25:58.261+0000] {dag.py:3954} INFO - Setting next_dagrun for example_subdag_operator to 2022-01-01 00:00:00+00:00, run_after=2022-01-01 00:00:00+00:00
[2024-07-16T19:25:58.266+0000] {logging_mixin.py:188} INFO - [2024-07-16T19:25:58.266+0000] {dag.py:3954} INFO - Setting next_dagrun for example_subdag_operator.section-1 to None, run_after=None
[2024-07-16T19:25:58.268+0000] {logging_mixin.py:188} INFO - [2024-07-16T19:25:58.268+0000] {dag.py:3954} INFO - Setting next_dagrun for example_subdag_operator.section-2 to None, run_after=None
[2024-07-16T19:25:58.275+0000] {logging_mixin.py:188} INFO - [2024-07-16T19:25:58.275+0000] {dag.py:3096} INFO - Sync 2 DAGs
[2024-07-16T19:25:58.282+0000] {logging_mixin.py:188} INFO - [2024-07-16T19:25:58.282+0000] {dag.py:3954} INFO - Setting next_dagrun for example_subdag_operator.section-1 to None, run_after=None
[2024-07-16T19:25:58.282+0000] {logging_mixin.py:188} INFO - [2024-07-16T19:25:58.282+0000] {dag.py:3954} INFO - Setting next_dagrun for example_subdag_operator.section-2 to None, run_after=None
[2024-07-16T19:25:58.307+0000] {processor.py:183} INFO - Processing /home/airflow/.local/lib/python3.12/site-packages/airflow/example_dags/example_subdag_operator.py took 0.131 seconds
[2024-07-16T19:26:28.837+0000] {processor.py:161} INFO - Started process (PID=900) to work on /home/airflow/.local/lib/python3.12/site-packages/airflow/example_dags/example_subdag_operator.py
[2024-07-16T19:26:28.838+0000] {processor.py:830} INFO - Processing file /home/airflow/.local/lib/python3.12/site-packages/airflow/example_dags/example_subdag_operator.py for tasks to queue
[2024-07-16T19:26:28.838+0000] {logging_mixin.py:188} INFO - [2024-07-16T19:26:28.838+0000] {dagbag.py:545} INFO - Filling up the DagBag from /home/airflow/.local/lib/python3.12/site-packages/airflow/example_dags/example_subdag_operator.py
[2024-07-16T19:26:28.885+0000] {processor.py:840} INFO - DAG(s) 'example_subdag_operator.section-1', 'example_subdag_operator.section-2', 'example_subdag_operator' retrieved from /home/airflow/.local/lib/python3.12/site-packages/airflow/example_dags/example_subdag_operator.py
[2024-07-16T19:26:28.924+0000] {logging_mixin.py:188} INFO - [2024-07-16T19:26:28.924+0000] {dag.py:3096} INFO - Sync 3 DAGs
[2024-07-16T19:26:28.963+0000] {logging_mixin.py:188} INFO - [2024-07-16T19:26:28.963+0000] {dag.py:3954} INFO - Setting next_dagrun for example_subdag_operator to 2022-01-01 00:00:00+00:00, run_after=2022-01-01 00:00:00+00:00
[2024-07-16T19:26:28.968+0000] {logging_mixin.py:188} INFO - [2024-07-16T19:26:28.968+0000] {dag.py:3954} INFO - Setting next_dagrun for example_subdag_operator.section-1 to None, run_after=None
[2024-07-16T19:26:28.970+0000] {logging_mixin.py:188} INFO - [2024-07-16T19:26:28.970+0000] {dag.py:3954} INFO - Setting next_dagrun for example_subdag_operator.section-2 to None, run_after=None
[2024-07-16T19:26:28.977+0000] {logging_mixin.py:188} INFO - [2024-07-16T19:26:28.977+0000] {dag.py:3096} INFO - Sync 2 DAGs
[2024-07-16T19:26:28.983+0000] {logging_mixin.py:188} INFO - [2024-07-16T19:26:28.983+0000] {dag.py:3954} INFO - Setting next_dagrun for example_subdag_operator.section-1 to None, run_after=None
[2024-07-16T19:26:28.983+0000] {logging_mixin.py:188} INFO - [2024-07-16T19:26:28.983+0000] {dag.py:3954} INFO - Setting next_dagrun for example_subdag_operator.section-2 to None, run_after=None
[2024-07-16T19:26:29.006+0000] {processor.py:183} INFO - Processing /home/airflow/.local/lib/python3.12/site-packages/airflow/example_dags/example_subdag_operator.py took 0.194 seconds
[2024-07-16T19:26:59.202+0000] {processor.py:161} INFO - Started process (PID=959) to work on /home/airflow/.local/lib/python3.12/site-packages/airflow/example_dags/example_subdag_operator.py
[2024-07-16T19:26:59.203+0000] {processor.py:830} INFO - Processing file /home/airflow/.local/lib/python3.12/site-packages/airflow/example_dags/example_subdag_operator.py for tasks to queue
[2024-07-16T19:26:59.204+0000] {logging_mixin.py:188} INFO - [2024-07-16T19:26:59.203+0000] {dagbag.py:545} INFO - Filling up the DagBag from /home/airflow/.local/lib/python3.12/site-packages/airflow/example_dags/example_subdag_operator.py
[2024-07-16T19:26:59.286+0000] {processor.py:840} INFO - DAG(s) 'example_subdag_operator.section-1', 'example_subdag_operator.section-2', 'example_subdag_operator' retrieved from /home/airflow/.local/lib/python3.12/site-packages/airflow/example_dags/example_subdag_operator.py
[2024-07-16T19:26:59.428+0000] {logging_mixin.py:188} INFO - [2024-07-16T19:26:59.428+0000] {dag.py:3096} INFO - Sync 3 DAGs
[2024-07-16T19:26:59.521+0000] {logging_mixin.py:188} INFO - [2024-07-16T19:26:59.521+0000] {dag.py:3954} INFO - Setting next_dagrun for example_subdag_operator to 2022-01-01 00:00:00+00:00, run_after=2022-01-01 00:00:00+00:00
[2024-07-16T19:26:59.546+0000] {logging_mixin.py:188} INFO - [2024-07-16T19:26:59.546+0000] {dag.py:3954} INFO - Setting next_dagrun for example_subdag_operator.section-1 to None, run_after=None
[2024-07-16T19:26:59.554+0000] {logging_mixin.py:188} INFO - [2024-07-16T19:26:59.554+0000] {dag.py:3954} INFO - Setting next_dagrun for example_subdag_operator.section-2 to None, run_after=None
[2024-07-16T19:26:59.566+0000] {logging_mixin.py:188} INFO - [2024-07-16T19:26:59.566+0000] {dag.py:3096} INFO - Sync 2 DAGs
[2024-07-16T19:26:59.582+0000] {logging_mixin.py:188} INFO - [2024-07-16T19:26:59.582+0000] {dag.py:3954} INFO - Setting next_dagrun for example_subdag_operator.section-1 to None, run_after=None
[2024-07-16T19:26:59.583+0000] {logging_mixin.py:188} INFO - [2024-07-16T19:26:59.583+0000] {dag.py:3954} INFO - Setting next_dagrun for example_subdag_operator.section-2 to None, run_after=None
[2024-07-16T19:26:59.633+0000] {processor.py:183} INFO - Processing /home/airflow/.local/lib/python3.12/site-packages/airflow/example_dags/example_subdag_operator.py took 0.450 seconds
