[2024-07-16T19:02:34.458+0000] {processor.py:161} INFO - Started process (PID=75) to work on /home/airflow/.local/lib/python3.12/site-packages/airflow/example_dags/example_external_task_marker_dag.py
[2024-07-16T19:02:34.459+0000] {processor.py:830} INFO - Processing file /home/airflow/.local/lib/python3.12/site-packages/airflow/example_dags/example_external_task_marker_dag.py for tasks to queue
[2024-07-16T19:02:34.461+0000] {logging_mixin.py:188} INFO - [2024-07-16T19:02:34.461+0000] {dagbag.py:545} INFO - Filling up the DagBag from /home/airflow/.local/lib/python3.12/site-packages/airflow/example_dags/example_external_task_marker_dag.py
[2024-07-16T19:02:34.469+0000] {processor.py:840} INFO - DAG(s) 'example_external_task_marker_parent', 'example_external_task_marker_child' retrieved from /home/airflow/.local/lib/python3.12/site-packages/airflow/example_dags/example_external_task_marker_dag.py
[2024-07-16T19:02:34.648+0000] {logging_mixin.py:188} INFO - [2024-07-16T19:02:34.648+0000] {dag.py:3096} INFO - Sync 2 DAGs
[2024-07-16T19:02:34.687+0000] {logging_mixin.py:188} INFO - [2024-07-16T19:02:34.687+0000] {dag.py:3954} INFO - Setting next_dagrun for example_external_task_marker_child to None, run_after=None
[2024-07-16T19:02:34.693+0000] {logging_mixin.py:188} INFO - [2024-07-16T19:02:34.693+0000] {dag.py:3954} INFO - Setting next_dagrun for example_external_task_marker_parent to None, run_after=None
[2024-07-16T19:02:34.737+0000] {processor.py:183} INFO - Processing /home/airflow/.local/lib/python3.12/site-packages/airflow/example_dags/example_external_task_marker_dag.py took 0.287 seconds
[2024-07-16T19:03:05.603+0000] {processor.py:161} INFO - Started process (PID=134) to work on /home/airflow/.local/lib/python3.12/site-packages/airflow/example_dags/example_external_task_marker_dag.py
[2024-07-16T19:03:05.603+0000] {processor.py:830} INFO - Processing file /home/airflow/.local/lib/python3.12/site-packages/airflow/example_dags/example_external_task_marker_dag.py for tasks to queue
[2024-07-16T19:03:05.605+0000] {logging_mixin.py:188} INFO - [2024-07-16T19:03:05.605+0000] {dagbag.py:545} INFO - Filling up the DagBag from /home/airflow/.local/lib/python3.12/site-packages/airflow/example_dags/example_external_task_marker_dag.py
[2024-07-16T19:03:05.612+0000] {processor.py:840} INFO - DAG(s) 'example_external_task_marker_child', 'example_external_task_marker_parent' retrieved from /home/airflow/.local/lib/python3.12/site-packages/airflow/example_dags/example_external_task_marker_dag.py
[2024-07-16T19:03:05.639+0000] {logging_mixin.py:188} INFO - [2024-07-16T19:03:05.638+0000] {dag.py:3096} INFO - Sync 2 DAGs
[2024-07-16T19:03:05.655+0000] {logging_mixin.py:188} INFO - [2024-07-16T19:03:05.654+0000] {dag.py:3954} INFO - Setting next_dagrun for example_external_task_marker_child to None, run_after=None
[2024-07-16T19:03:05.659+0000] {logging_mixin.py:188} INFO - [2024-07-16T19:03:05.659+0000] {dag.py:3954} INFO - Setting next_dagrun for example_external_task_marker_parent to None, run_after=None
[2024-07-16T19:03:05.683+0000] {processor.py:183} INFO - Processing /home/airflow/.local/lib/python3.12/site-packages/airflow/example_dags/example_external_task_marker_dag.py took 0.086 seconds
[2024-07-16T19:03:35.752+0000] {processor.py:161} INFO - Started process (PID=192) to work on /home/airflow/.local/lib/python3.12/site-packages/airflow/example_dags/example_external_task_marker_dag.py
[2024-07-16T19:03:35.753+0000] {processor.py:830} INFO - Processing file /home/airflow/.local/lib/python3.12/site-packages/airflow/example_dags/example_external_task_marker_dag.py for tasks to queue
[2024-07-16T19:03:35.755+0000] {logging_mixin.py:188} INFO - [2024-07-16T19:03:35.754+0000] {dagbag.py:545} INFO - Filling up the DagBag from /home/airflow/.local/lib/python3.12/site-packages/airflow/example_dags/example_external_task_marker_dag.py
[2024-07-16T19:03:35.763+0000] {processor.py:840} INFO - DAG(s) 'example_external_task_marker_parent', 'example_external_task_marker_child' retrieved from /home/airflow/.local/lib/python3.12/site-packages/airflow/example_dags/example_external_task_marker_dag.py
[2024-07-16T19:03:35.797+0000] {logging_mixin.py:188} INFO - [2024-07-16T19:03:35.796+0000] {dag.py:3096} INFO - Sync 2 DAGs
[2024-07-16T19:03:35.818+0000] {logging_mixin.py:188} INFO - [2024-07-16T19:03:35.818+0000] {dag.py:3954} INFO - Setting next_dagrun for example_external_task_marker_child to None, run_after=None
[2024-07-16T19:03:35.823+0000] {logging_mixin.py:188} INFO - [2024-07-16T19:03:35.823+0000] {dag.py:3954} INFO - Setting next_dagrun for example_external_task_marker_parent to None, run_after=None
[2024-07-16T19:03:35.845+0000] {processor.py:183} INFO - Processing /home/airflow/.local/lib/python3.12/site-packages/airflow/example_dags/example_external_task_marker_dag.py took 0.100 seconds
[2024-07-16T19:04:06.381+0000] {processor.py:161} INFO - Started process (PID=252) to work on /home/airflow/.local/lib/python3.12/site-packages/airflow/example_dags/example_external_task_marker_dag.py
[2024-07-16T19:04:06.382+0000] {processor.py:830} INFO - Processing file /home/airflow/.local/lib/python3.12/site-packages/airflow/example_dags/example_external_task_marker_dag.py for tasks to queue
[2024-07-16T19:04:06.384+0000] {logging_mixin.py:188} INFO - [2024-07-16T19:04:06.384+0000] {dagbag.py:545} INFO - Filling up the DagBag from /home/airflow/.local/lib/python3.12/site-packages/airflow/example_dags/example_external_task_marker_dag.py
[2024-07-16T19:04:06.389+0000] {processor.py:840} INFO - DAG(s) 'example_external_task_marker_parent', 'example_external_task_marker_child' retrieved from /home/airflow/.local/lib/python3.12/site-packages/airflow/example_dags/example_external_task_marker_dag.py
[2024-07-16T19:04:06.410+0000] {logging_mixin.py:188} INFO - [2024-07-16T19:04:06.409+0000] {dag.py:3096} INFO - Sync 2 DAGs
[2024-07-16T19:04:06.421+0000] {logging_mixin.py:188} INFO - [2024-07-16T19:04:06.421+0000] {dag.py:3954} INFO - Setting next_dagrun for example_external_task_marker_child to None, run_after=None
[2024-07-16T19:04:06.425+0000] {logging_mixin.py:188} INFO - [2024-07-16T19:04:06.424+0000] {dag.py:3954} INFO - Setting next_dagrun for example_external_task_marker_parent to None, run_after=None
[2024-07-16T19:04:06.444+0000] {processor.py:183} INFO - Processing /home/airflow/.local/lib/python3.12/site-packages/airflow/example_dags/example_external_task_marker_dag.py took 0.070 seconds
[2024-07-16T19:04:36.708+0000] {processor.py:161} INFO - Started process (PID=310) to work on /home/airflow/.local/lib/python3.12/site-packages/airflow/example_dags/example_external_task_marker_dag.py
[2024-07-16T19:04:36.708+0000] {processor.py:830} INFO - Processing file /home/airflow/.local/lib/python3.12/site-packages/airflow/example_dags/example_external_task_marker_dag.py for tasks to queue
[2024-07-16T19:04:36.710+0000] {logging_mixin.py:188} INFO - [2024-07-16T19:04:36.709+0000] {dagbag.py:545} INFO - Filling up the DagBag from /home/airflow/.local/lib/python3.12/site-packages/airflow/example_dags/example_external_task_marker_dag.py
[2024-07-16T19:04:36.715+0000] {processor.py:840} INFO - DAG(s) 'example_external_task_marker_parent', 'example_external_task_marker_child' retrieved from /home/airflow/.local/lib/python3.12/site-packages/airflow/example_dags/example_external_task_marker_dag.py
[2024-07-16T19:04:36.734+0000] {logging_mixin.py:188} INFO - [2024-07-16T19:04:36.733+0000] {dag.py:3096} INFO - Sync 2 DAGs
[2024-07-16T19:04:36.745+0000] {logging_mixin.py:188} INFO - [2024-07-16T19:04:36.744+0000] {dag.py:3954} INFO - Setting next_dagrun for example_external_task_marker_child to None, run_after=None
[2024-07-16T19:04:36.748+0000] {logging_mixin.py:188} INFO - [2024-07-16T19:04:36.748+0000] {dag.py:3954} INFO - Setting next_dagrun for example_external_task_marker_parent to None, run_after=None
[2024-07-16T19:04:36.767+0000] {processor.py:183} INFO - Processing /home/airflow/.local/lib/python3.12/site-packages/airflow/example_dags/example_external_task_marker_dag.py took 0.064 seconds
[2024-07-16T19:05:06.887+0000] {processor.py:161} INFO - Started process (PID=372) to work on /home/airflow/.local/lib/python3.12/site-packages/airflow/example_dags/example_external_task_marker_dag.py
[2024-07-16T19:05:06.887+0000] {processor.py:830} INFO - Processing file /home/airflow/.local/lib/python3.12/site-packages/airflow/example_dags/example_external_task_marker_dag.py for tasks to queue
[2024-07-16T19:05:06.889+0000] {logging_mixin.py:188} INFO - [2024-07-16T19:05:06.889+0000] {dagbag.py:545} INFO - Filling up the DagBag from /home/airflow/.local/lib/python3.12/site-packages/airflow/example_dags/example_external_task_marker_dag.py
[2024-07-16T19:05:06.894+0000] {processor.py:840} INFO - DAG(s) 'example_external_task_marker_child', 'example_external_task_marker_parent' retrieved from /home/airflow/.local/lib/python3.12/site-packages/airflow/example_dags/example_external_task_marker_dag.py
[2024-07-16T19:05:06.916+0000] {logging_mixin.py:188} INFO - [2024-07-16T19:05:06.915+0000] {dag.py:3096} INFO - Sync 2 DAGs
[2024-07-16T19:05:06.927+0000] {logging_mixin.py:188} INFO - [2024-07-16T19:05:06.927+0000] {dag.py:3954} INFO - Setting next_dagrun for example_external_task_marker_child to None, run_after=None
[2024-07-16T19:05:06.930+0000] {logging_mixin.py:188} INFO - [2024-07-16T19:05:06.930+0000] {dag.py:3954} INFO - Setting next_dagrun for example_external_task_marker_parent to None, run_after=None
[2024-07-16T19:05:06.949+0000] {processor.py:183} INFO - Processing /home/airflow/.local/lib/python3.12/site-packages/airflow/example_dags/example_external_task_marker_dag.py took 0.067 seconds
[2024-07-16T19:05:37.524+0000] {processor.py:161} INFO - Started process (PID=433) to work on /home/airflow/.local/lib/python3.12/site-packages/airflow/example_dags/example_external_task_marker_dag.py
[2024-07-16T19:05:37.531+0000] {processor.py:830} INFO - Processing file /home/airflow/.local/lib/python3.12/site-packages/airflow/example_dags/example_external_task_marker_dag.py for tasks to queue
[2024-07-16T19:05:37.536+0000] {logging_mixin.py:188} INFO - [2024-07-16T19:05:37.535+0000] {dagbag.py:545} INFO - Filling up the DagBag from /home/airflow/.local/lib/python3.12/site-packages/airflow/example_dags/example_external_task_marker_dag.py
[2024-07-16T19:05:37.552+0000] {processor.py:840} INFO - DAG(s) 'example_external_task_marker_parent', 'example_external_task_marker_child' retrieved from /home/airflow/.local/lib/python3.12/site-packages/airflow/example_dags/example_external_task_marker_dag.py
[2024-07-16T19:05:37.619+0000] {logging_mixin.py:188} INFO - [2024-07-16T19:05:37.618+0000] {dag.py:3096} INFO - Sync 2 DAGs
[2024-07-16T19:05:37.654+0000] {logging_mixin.py:188} INFO - [2024-07-16T19:05:37.654+0000] {dag.py:3954} INFO - Setting next_dagrun for example_external_task_marker_child to None, run_after=None
[2024-07-16T19:05:37.666+0000] {logging_mixin.py:188} INFO - [2024-07-16T19:05:37.666+0000] {dag.py:3954} INFO - Setting next_dagrun for example_external_task_marker_parent to None, run_after=None
[2024-07-16T19:05:37.722+0000] {processor.py:183} INFO - Processing /home/airflow/.local/lib/python3.12/site-packages/airflow/example_dags/example_external_task_marker_dag.py took 0.213 seconds
[2024-07-16T19:06:08.219+0000] {processor.py:161} INFO - Started process (PID=493) to work on /home/airflow/.local/lib/python3.12/site-packages/airflow/example_dags/example_external_task_marker_dag.py
[2024-07-16T19:06:08.229+0000] {processor.py:830} INFO - Processing file /home/airflow/.local/lib/python3.12/site-packages/airflow/example_dags/example_external_task_marker_dag.py for tasks to queue
[2024-07-16T19:06:08.231+0000] {logging_mixin.py:188} INFO - [2024-07-16T19:06:08.231+0000] {dagbag.py:545} INFO - Filling up the DagBag from /home/airflow/.local/lib/python3.12/site-packages/airflow/example_dags/example_external_task_marker_dag.py
[2024-07-16T19:06:08.238+0000] {processor.py:840} INFO - DAG(s) 'example_external_task_marker_child', 'example_external_task_marker_parent' retrieved from /home/airflow/.local/lib/python3.12/site-packages/airflow/example_dags/example_external_task_marker_dag.py
[2024-07-16T19:06:08.312+0000] {logging_mixin.py:188} INFO - [2024-07-16T19:06:08.312+0000] {dag.py:3096} INFO - Sync 2 DAGs
[2024-07-16T19:06:08.339+0000] {logging_mixin.py:188} INFO - [2024-07-16T19:06:08.339+0000] {dag.py:3954} INFO - Setting next_dagrun for example_external_task_marker_child to None, run_after=None
[2024-07-16T19:06:08.349+0000] {logging_mixin.py:188} INFO - [2024-07-16T19:06:08.349+0000] {dag.py:3954} INFO - Setting next_dagrun for example_external_task_marker_parent to None, run_after=None
[2024-07-16T19:06:08.379+0000] {processor.py:183} INFO - Processing /home/airflow/.local/lib/python3.12/site-packages/airflow/example_dags/example_external_task_marker_dag.py took 0.171 seconds
[2024-07-16T19:06:38.921+0000] {processor.py:161} INFO - Started process (PID=553) to work on /home/airflow/.local/lib/python3.12/site-packages/airflow/example_dags/example_external_task_marker_dag.py
[2024-07-16T19:06:38.922+0000] {processor.py:830} INFO - Processing file /home/airflow/.local/lib/python3.12/site-packages/airflow/example_dags/example_external_task_marker_dag.py for tasks to queue
[2024-07-16T19:06:38.922+0000] {logging_mixin.py:188} INFO - [2024-07-16T19:06:38.922+0000] {dagbag.py:545} INFO - Filling up the DagBag from /home/airflow/.local/lib/python3.12/site-packages/airflow/example_dags/example_external_task_marker_dag.py
[2024-07-16T19:06:38.927+0000] {processor.py:840} INFO - DAG(s) 'example_external_task_marker_child', 'example_external_task_marker_parent' retrieved from /home/airflow/.local/lib/python3.12/site-packages/airflow/example_dags/example_external_task_marker_dag.py
[2024-07-16T19:06:38.955+0000] {logging_mixin.py:188} INFO - [2024-07-16T19:06:38.955+0000] {dag.py:3096} INFO - Sync 2 DAGs
[2024-07-16T19:06:38.973+0000] {logging_mixin.py:188} INFO - [2024-07-16T19:06:38.972+0000] {dag.py:3954} INFO - Setting next_dagrun for example_external_task_marker_child to None, run_after=None
[2024-07-16T19:06:38.977+0000] {logging_mixin.py:188} INFO - [2024-07-16T19:06:38.977+0000] {dag.py:3954} INFO - Setting next_dagrun for example_external_task_marker_parent to None, run_after=None
[2024-07-16T19:06:39.000+0000] {processor.py:183} INFO - Processing /home/airflow/.local/lib/python3.12/site-packages/airflow/example_dags/example_external_task_marker_dag.py took 0.085 seconds
[2024-07-16T19:07:09.615+0000] {processor.py:161} INFO - Started process (PID=616) to work on /home/airflow/.local/lib/python3.12/site-packages/airflow/example_dags/example_external_task_marker_dag.py
[2024-07-16T19:07:09.616+0000] {processor.py:830} INFO - Processing file /home/airflow/.local/lib/python3.12/site-packages/airflow/example_dags/example_external_task_marker_dag.py for tasks to queue
[2024-07-16T19:07:09.617+0000] {logging_mixin.py:188} INFO - [2024-07-16T19:07:09.617+0000] {dagbag.py:545} INFO - Filling up the DagBag from /home/airflow/.local/lib/python3.12/site-packages/airflow/example_dags/example_external_task_marker_dag.py
[2024-07-16T19:07:09.625+0000] {processor.py:840} INFO - DAG(s) 'example_external_task_marker_parent', 'example_external_task_marker_child' retrieved from /home/airflow/.local/lib/python3.12/site-packages/airflow/example_dags/example_external_task_marker_dag.py
[2024-07-16T19:07:09.653+0000] {logging_mixin.py:188} INFO - [2024-07-16T19:07:09.653+0000] {dag.py:3096} INFO - Sync 2 DAGs
[2024-07-16T19:07:09.673+0000] {logging_mixin.py:188} INFO - [2024-07-16T19:07:09.672+0000] {dag.py:3954} INFO - Setting next_dagrun for example_external_task_marker_child to None, run_after=None
[2024-07-16T19:07:09.678+0000] {logging_mixin.py:188} INFO - [2024-07-16T19:07:09.678+0000] {dag.py:3954} INFO - Setting next_dagrun for example_external_task_marker_parent to None, run_after=None
[2024-07-16T19:07:09.702+0000] {processor.py:183} INFO - Processing /home/airflow/.local/lib/python3.12/site-packages/airflow/example_dags/example_external_task_marker_dag.py took 0.093 seconds
[2024-07-16T19:07:39.925+0000] {processor.py:161} INFO - Started process (PID=676) to work on /home/airflow/.local/lib/python3.12/site-packages/airflow/example_dags/example_external_task_marker_dag.py
[2024-07-16T19:07:39.926+0000] {processor.py:830} INFO - Processing file /home/airflow/.local/lib/python3.12/site-packages/airflow/example_dags/example_external_task_marker_dag.py for tasks to queue
[2024-07-16T19:07:39.927+0000] {logging_mixin.py:188} INFO - [2024-07-16T19:07:39.927+0000] {dagbag.py:545} INFO - Filling up the DagBag from /home/airflow/.local/lib/python3.12/site-packages/airflow/example_dags/example_external_task_marker_dag.py
[2024-07-16T19:07:39.934+0000] {processor.py:840} INFO - DAG(s) 'example_external_task_marker_child', 'example_external_task_marker_parent' retrieved from /home/airflow/.local/lib/python3.12/site-packages/airflow/example_dags/example_external_task_marker_dag.py
[2024-07-16T19:07:39.969+0000] {logging_mixin.py:188} INFO - [2024-07-16T19:07:39.969+0000] {dag.py:3096} INFO - Sync 2 DAGs
[2024-07-16T19:07:39.985+0000] {logging_mixin.py:188} INFO - [2024-07-16T19:07:39.984+0000] {dag.py:3954} INFO - Setting next_dagrun for example_external_task_marker_child to None, run_after=None
[2024-07-16T19:07:39.989+0000] {logging_mixin.py:188} INFO - [2024-07-16T19:07:39.989+0000] {dag.py:3954} INFO - Setting next_dagrun for example_external_task_marker_parent to None, run_after=None
[2024-07-16T19:07:40.010+0000] {processor.py:183} INFO - Processing /home/airflow/.local/lib/python3.12/site-packages/airflow/example_dags/example_external_task_marker_dag.py took 0.092 seconds
[2024-07-16T19:08:10.755+0000] {processor.py:161} INFO - Started process (PID=735) to work on /home/airflow/.local/lib/python3.12/site-packages/airflow/example_dags/example_external_task_marker_dag.py
[2024-07-16T19:08:10.755+0000] {processor.py:830} INFO - Processing file /home/airflow/.local/lib/python3.12/site-packages/airflow/example_dags/example_external_task_marker_dag.py for tasks to queue
[2024-07-16T19:08:10.756+0000] {logging_mixin.py:188} INFO - [2024-07-16T19:08:10.756+0000] {dagbag.py:545} INFO - Filling up the DagBag from /home/airflow/.local/lib/python3.12/site-packages/airflow/example_dags/example_external_task_marker_dag.py
[2024-07-16T19:08:10.761+0000] {processor.py:840} INFO - DAG(s) 'example_external_task_marker_child', 'example_external_task_marker_parent' retrieved from /home/airflow/.local/lib/python3.12/site-packages/airflow/example_dags/example_external_task_marker_dag.py
[2024-07-16T19:08:10.780+0000] {logging_mixin.py:188} INFO - [2024-07-16T19:08:10.780+0000] {dag.py:3096} INFO - Sync 2 DAGs
[2024-07-16T19:08:10.792+0000] {logging_mixin.py:188} INFO - [2024-07-16T19:08:10.791+0000] {dag.py:3954} INFO - Setting next_dagrun for example_external_task_marker_child to None, run_after=None
[2024-07-16T19:08:10.795+0000] {logging_mixin.py:188} INFO - [2024-07-16T19:08:10.795+0000] {dag.py:3954} INFO - Setting next_dagrun for example_external_task_marker_parent to None, run_after=None
[2024-07-16T19:08:10.813+0000] {processor.py:183} INFO - Processing /home/airflow/.local/lib/python3.12/site-packages/airflow/example_dags/example_external_task_marker_dag.py took 0.063 seconds
[2024-07-16T19:08:41.788+0000] {processor.py:161} INFO - Started process (PID=793) to work on /home/airflow/.local/lib/python3.12/site-packages/airflow/example_dags/example_external_task_marker_dag.py
[2024-07-16T19:08:41.788+0000] {processor.py:830} INFO - Processing file /home/airflow/.local/lib/python3.12/site-packages/airflow/example_dags/example_external_task_marker_dag.py for tasks to queue
[2024-07-16T19:08:41.789+0000] {logging_mixin.py:188} INFO - [2024-07-16T19:08:41.789+0000] {dagbag.py:545} INFO - Filling up the DagBag from /home/airflow/.local/lib/python3.12/site-packages/airflow/example_dags/example_external_task_marker_dag.py
[2024-07-16T19:08:41.794+0000] {processor.py:840} INFO - DAG(s) 'example_external_task_marker_parent', 'example_external_task_marker_child' retrieved from /home/airflow/.local/lib/python3.12/site-packages/airflow/example_dags/example_external_task_marker_dag.py
[2024-07-16T19:08:41.814+0000] {logging_mixin.py:188} INFO - [2024-07-16T19:08:41.814+0000] {dag.py:3096} INFO - Sync 2 DAGs
[2024-07-16T19:08:41.825+0000] {logging_mixin.py:188} INFO - [2024-07-16T19:08:41.825+0000] {dag.py:3954} INFO - Setting next_dagrun for example_external_task_marker_child to None, run_after=None
[2024-07-16T19:08:41.828+0000] {logging_mixin.py:188} INFO - [2024-07-16T19:08:41.828+0000] {dag.py:3954} INFO - Setting next_dagrun for example_external_task_marker_parent to None, run_after=None
[2024-07-16T19:08:41.850+0000] {processor.py:183} INFO - Processing /home/airflow/.local/lib/python3.12/site-packages/airflow/example_dags/example_external_task_marker_dag.py took 0.067 seconds
[2024-07-16T19:09:12.431+0000] {processor.py:161} INFO - Started process (PID=852) to work on /home/airflow/.local/lib/python3.12/site-packages/airflow/example_dags/example_external_task_marker_dag.py
[2024-07-16T19:09:12.432+0000] {processor.py:830} INFO - Processing file /home/airflow/.local/lib/python3.12/site-packages/airflow/example_dags/example_external_task_marker_dag.py for tasks to queue
[2024-07-16T19:09:12.432+0000] {logging_mixin.py:188} INFO - [2024-07-16T19:09:12.432+0000] {dagbag.py:545} INFO - Filling up the DagBag from /home/airflow/.local/lib/python3.12/site-packages/airflow/example_dags/example_external_task_marker_dag.py
[2024-07-16T19:09:12.437+0000] {processor.py:840} INFO - DAG(s) 'example_external_task_marker_child', 'example_external_task_marker_parent' retrieved from /home/airflow/.local/lib/python3.12/site-packages/airflow/example_dags/example_external_task_marker_dag.py
[2024-07-16T19:09:12.457+0000] {logging_mixin.py:188} INFO - [2024-07-16T19:09:12.457+0000] {dag.py:3096} INFO - Sync 2 DAGs
[2024-07-16T19:09:12.468+0000] {logging_mixin.py:188} INFO - [2024-07-16T19:09:12.468+0000] {dag.py:3954} INFO - Setting next_dagrun for example_external_task_marker_child to None, run_after=None
[2024-07-16T19:09:12.472+0000] {logging_mixin.py:188} INFO - [2024-07-16T19:09:12.471+0000] {dag.py:3954} INFO - Setting next_dagrun for example_external_task_marker_parent to None, run_after=None
[2024-07-16T19:09:12.489+0000] {processor.py:183} INFO - Processing /home/airflow/.local/lib/python3.12/site-packages/airflow/example_dags/example_external_task_marker_dag.py took 0.063 seconds
[2024-07-16T19:09:42.890+0000] {processor.py:161} INFO - Started process (PID=916) to work on /home/airflow/.local/lib/python3.12/site-packages/airflow/example_dags/example_external_task_marker_dag.py
[2024-07-16T19:09:42.891+0000] {processor.py:830} INFO - Processing file /home/airflow/.local/lib/python3.12/site-packages/airflow/example_dags/example_external_task_marker_dag.py for tasks to queue
[2024-07-16T19:09:42.891+0000] {logging_mixin.py:188} INFO - [2024-07-16T19:09:42.891+0000] {dagbag.py:545} INFO - Filling up the DagBag from /home/airflow/.local/lib/python3.12/site-packages/airflow/example_dags/example_external_task_marker_dag.py
[2024-07-16T19:09:42.896+0000] {processor.py:840} INFO - DAG(s) 'example_external_task_marker_child', 'example_external_task_marker_parent' retrieved from /home/airflow/.local/lib/python3.12/site-packages/airflow/example_dags/example_external_task_marker_dag.py
[2024-07-16T19:09:42.915+0000] {logging_mixin.py:188} INFO - [2024-07-16T19:09:42.914+0000] {dag.py:3096} INFO - Sync 2 DAGs
[2024-07-16T19:09:42.925+0000] {logging_mixin.py:188} INFO - [2024-07-16T19:09:42.925+0000] {dag.py:3954} INFO - Setting next_dagrun for example_external_task_marker_child to None, run_after=None
[2024-07-16T19:09:42.928+0000] {logging_mixin.py:188} INFO - [2024-07-16T19:09:42.928+0000] {dag.py:3954} INFO - Setting next_dagrun for example_external_task_marker_parent to None, run_after=None
[2024-07-16T19:09:42.947+0000] {processor.py:183} INFO - Processing /home/airflow/.local/lib/python3.12/site-packages/airflow/example_dags/example_external_task_marker_dag.py took 0.064 seconds
[2024-07-16T19:10:13.358+0000] {processor.py:161} INFO - Started process (PID=976) to work on /home/airflow/.local/lib/python3.12/site-packages/airflow/example_dags/example_external_task_marker_dag.py
[2024-07-16T19:10:13.361+0000] {processor.py:830} INFO - Processing file /home/airflow/.local/lib/python3.12/site-packages/airflow/example_dags/example_external_task_marker_dag.py for tasks to queue
[2024-07-16T19:10:13.362+0000] {logging_mixin.py:188} INFO - [2024-07-16T19:10:13.361+0000] {dagbag.py:545} INFO - Filling up the DagBag from /home/airflow/.local/lib/python3.12/site-packages/airflow/example_dags/example_external_task_marker_dag.py
[2024-07-16T19:10:13.370+0000] {processor.py:840} INFO - DAG(s) 'example_external_task_marker_child', 'example_external_task_marker_parent' retrieved from /home/airflow/.local/lib/python3.12/site-packages/airflow/example_dags/example_external_task_marker_dag.py
[2024-07-16T19:10:13.412+0000] {logging_mixin.py:188} INFO - [2024-07-16T19:10:13.412+0000] {dag.py:3096} INFO - Sync 2 DAGs
[2024-07-16T19:10:13.424+0000] {logging_mixin.py:188} INFO - [2024-07-16T19:10:13.424+0000] {dag.py:3954} INFO - Setting next_dagrun for example_external_task_marker_child to None, run_after=None
[2024-07-16T19:10:13.428+0000] {logging_mixin.py:188} INFO - [2024-07-16T19:10:13.428+0000] {dag.py:3954} INFO - Setting next_dagrun for example_external_task_marker_parent to None, run_after=None
[2024-07-16T19:10:13.447+0000] {processor.py:183} INFO - Processing /home/airflow/.local/lib/python3.12/site-packages/airflow/example_dags/example_external_task_marker_dag.py took 0.105 seconds
[2024-07-16T19:10:44.124+0000] {processor.py:161} INFO - Started process (PID=1035) to work on /home/airflow/.local/lib/python3.12/site-packages/airflow/example_dags/example_external_task_marker_dag.py
[2024-07-16T19:10:44.125+0000] {processor.py:830} INFO - Processing file /home/airflow/.local/lib/python3.12/site-packages/airflow/example_dags/example_external_task_marker_dag.py for tasks to queue
[2024-07-16T19:10:44.126+0000] {logging_mixin.py:188} INFO - [2024-07-16T19:10:44.126+0000] {dagbag.py:545} INFO - Filling up the DagBag from /home/airflow/.local/lib/python3.12/site-packages/airflow/example_dags/example_external_task_marker_dag.py
[2024-07-16T19:10:44.132+0000] {processor.py:840} INFO - DAG(s) 'example_external_task_marker_parent', 'example_external_task_marker_child' retrieved from /home/airflow/.local/lib/python3.12/site-packages/airflow/example_dags/example_external_task_marker_dag.py
[2024-07-16T19:10:44.155+0000] {logging_mixin.py:188} INFO - [2024-07-16T19:10:44.155+0000] {dag.py:3096} INFO - Sync 2 DAGs
[2024-07-16T19:10:44.171+0000] {logging_mixin.py:188} INFO - [2024-07-16T19:10:44.170+0000] {dag.py:3954} INFO - Setting next_dagrun for example_external_task_marker_child to None, run_after=None
[2024-07-16T19:10:44.174+0000] {logging_mixin.py:188} INFO - [2024-07-16T19:10:44.174+0000] {dag.py:3954} INFO - Setting next_dagrun for example_external_task_marker_parent to None, run_after=None
[2024-07-16T19:10:44.196+0000] {processor.py:183} INFO - Processing /home/airflow/.local/lib/python3.12/site-packages/airflow/example_dags/example_external_task_marker_dag.py took 0.079 seconds
[2024-07-16T19:11:14.470+0000] {processor.py:161} INFO - Started process (PID=1097) to work on /home/airflow/.local/lib/python3.12/site-packages/airflow/example_dags/example_external_task_marker_dag.py
[2024-07-16T19:11:14.477+0000] {processor.py:830} INFO - Processing file /home/airflow/.local/lib/python3.12/site-packages/airflow/example_dags/example_external_task_marker_dag.py for tasks to queue
[2024-07-16T19:11:14.482+0000] {logging_mixin.py:188} INFO - [2024-07-16T19:11:14.481+0000] {dagbag.py:545} INFO - Filling up the DagBag from /home/airflow/.local/lib/python3.12/site-packages/airflow/example_dags/example_external_task_marker_dag.py
[2024-07-16T19:11:14.497+0000] {processor.py:840} INFO - DAG(s) 'example_external_task_marker_parent', 'example_external_task_marker_child' retrieved from /home/airflow/.local/lib/python3.12/site-packages/airflow/example_dags/example_external_task_marker_dag.py
[2024-07-16T19:11:14.563+0000] {logging_mixin.py:188} INFO - [2024-07-16T19:11:14.562+0000] {dag.py:3096} INFO - Sync 2 DAGs
[2024-07-16T19:11:14.597+0000] {logging_mixin.py:188} INFO - [2024-07-16T19:11:14.594+0000] {dag.py:3954} INFO - Setting next_dagrun for example_external_task_marker_child to None, run_after=None
[2024-07-16T19:11:14.609+0000] {logging_mixin.py:188} INFO - [2024-07-16T19:11:14.609+0000] {dag.py:3954} INFO - Setting next_dagrun for example_external_task_marker_parent to None, run_after=None
[2024-07-16T19:11:14.695+0000] {processor.py:183} INFO - Processing /home/airflow/.local/lib/python3.12/site-packages/airflow/example_dags/example_external_task_marker_dag.py took 0.236 seconds
[2024-07-16T19:11:44.971+0000] {processor.py:161} INFO - Started process (PID=1156) to work on /home/airflow/.local/lib/python3.12/site-packages/airflow/example_dags/example_external_task_marker_dag.py
[2024-07-16T19:11:44.977+0000] {processor.py:830} INFO - Processing file /home/airflow/.local/lib/python3.12/site-packages/airflow/example_dags/example_external_task_marker_dag.py for tasks to queue
[2024-07-16T19:11:44.978+0000] {logging_mixin.py:188} INFO - [2024-07-16T19:11:44.978+0000] {dagbag.py:545} INFO - Filling up the DagBag from /home/airflow/.local/lib/python3.12/site-packages/airflow/example_dags/example_external_task_marker_dag.py
[2024-07-16T19:11:44.985+0000] {processor.py:840} INFO - DAG(s) 'example_external_task_marker_parent', 'example_external_task_marker_child' retrieved from /home/airflow/.local/lib/python3.12/site-packages/airflow/example_dags/example_external_task_marker_dag.py
[2024-07-16T19:11:45.037+0000] {logging_mixin.py:188} INFO - [2024-07-16T19:11:45.028+0000] {dag.py:3096} INFO - Sync 2 DAGs
[2024-07-16T19:11:45.063+0000] {logging_mixin.py:188} INFO - [2024-07-16T19:11:45.063+0000] {dag.py:3954} INFO - Setting next_dagrun for example_external_task_marker_child to None, run_after=None
[2024-07-16T19:11:45.068+0000] {logging_mixin.py:188} INFO - [2024-07-16T19:11:45.068+0000] {dag.py:3954} INFO - Setting next_dagrun for example_external_task_marker_parent to None, run_after=None
[2024-07-16T19:11:45.089+0000] {processor.py:183} INFO - Processing /home/airflow/.local/lib/python3.12/site-packages/airflow/example_dags/example_external_task_marker_dag.py took 0.139 seconds
[2024-07-16T19:12:15.328+0000] {processor.py:161} INFO - Started process (PID=1215) to work on /home/airflow/.local/lib/python3.12/site-packages/airflow/example_dags/example_external_task_marker_dag.py
[2024-07-16T19:12:15.329+0000] {processor.py:830} INFO - Processing file /home/airflow/.local/lib/python3.12/site-packages/airflow/example_dags/example_external_task_marker_dag.py for tasks to queue
[2024-07-16T19:12:15.330+0000] {logging_mixin.py:188} INFO - [2024-07-16T19:12:15.330+0000] {dagbag.py:545} INFO - Filling up the DagBag from /home/airflow/.local/lib/python3.12/site-packages/airflow/example_dags/example_external_task_marker_dag.py
[2024-07-16T19:12:15.337+0000] {processor.py:840} INFO - DAG(s) 'example_external_task_marker_parent', 'example_external_task_marker_child' retrieved from /home/airflow/.local/lib/python3.12/site-packages/airflow/example_dags/example_external_task_marker_dag.py
[2024-07-16T19:12:15.415+0000] {logging_mixin.py:188} INFO - [2024-07-16T19:12:15.414+0000] {dag.py:3096} INFO - Sync 2 DAGs
[2024-07-16T19:12:15.441+0000] {logging_mixin.py:188} INFO - [2024-07-16T19:12:15.441+0000] {dag.py:3954} INFO - Setting next_dagrun for example_external_task_marker_child to None, run_after=None
[2024-07-16T19:12:15.465+0000] {logging_mixin.py:188} INFO - [2024-07-16T19:12:15.465+0000] {dag.py:3954} INFO - Setting next_dagrun for example_external_task_marker_parent to None, run_after=None
[2024-07-16T19:12:15.488+0000] {processor.py:183} INFO - Processing /home/airflow/.local/lib/python3.12/site-packages/airflow/example_dags/example_external_task_marker_dag.py took 0.167 seconds
[2024-07-16T19:12:45.706+0000] {processor.py:161} INFO - Started process (PID=1275) to work on /home/airflow/.local/lib/python3.12/site-packages/airflow/example_dags/example_external_task_marker_dag.py
[2024-07-16T19:12:45.707+0000] {processor.py:830} INFO - Processing file /home/airflow/.local/lib/python3.12/site-packages/airflow/example_dags/example_external_task_marker_dag.py for tasks to queue
[2024-07-16T19:12:45.708+0000] {logging_mixin.py:188} INFO - [2024-07-16T19:12:45.708+0000] {dagbag.py:545} INFO - Filling up the DagBag from /home/airflow/.local/lib/python3.12/site-packages/airflow/example_dags/example_external_task_marker_dag.py
[2024-07-16T19:12:45.715+0000] {processor.py:840} INFO - DAG(s) 'example_external_task_marker_child', 'example_external_task_marker_parent' retrieved from /home/airflow/.local/lib/python3.12/site-packages/airflow/example_dags/example_external_task_marker_dag.py
[2024-07-16T19:12:45.737+0000] {logging_mixin.py:188} INFO - [2024-07-16T19:12:45.737+0000] {dag.py:3096} INFO - Sync 2 DAGs
[2024-07-16T19:12:45.749+0000] {logging_mixin.py:188} INFO - [2024-07-16T19:12:45.749+0000] {dag.py:3954} INFO - Setting next_dagrun for example_external_task_marker_child to None, run_after=None
[2024-07-16T19:12:45.752+0000] {logging_mixin.py:188} INFO - [2024-07-16T19:12:45.752+0000] {dag.py:3954} INFO - Setting next_dagrun for example_external_task_marker_parent to None, run_after=None
[2024-07-16T19:12:45.770+0000] {processor.py:183} INFO - Processing /home/airflow/.local/lib/python3.12/site-packages/airflow/example_dags/example_external_task_marker_dag.py took 0.071 seconds
[2024-07-16T19:13:16.725+0000] {processor.py:161} INFO - Started process (PID=1337) to work on /home/airflow/.local/lib/python3.12/site-packages/airflow/example_dags/example_external_task_marker_dag.py
[2024-07-16T19:13:16.732+0000] {processor.py:830} INFO - Processing file /home/airflow/.local/lib/python3.12/site-packages/airflow/example_dags/example_external_task_marker_dag.py for tasks to queue
[2024-07-16T19:13:16.733+0000] {logging_mixin.py:188} INFO - [2024-07-16T19:13:16.733+0000] {dagbag.py:545} INFO - Filling up the DagBag from /home/airflow/.local/lib/python3.12/site-packages/airflow/example_dags/example_external_task_marker_dag.py
[2024-07-16T19:13:16.740+0000] {processor.py:840} INFO - DAG(s) 'example_external_task_marker_parent', 'example_external_task_marker_child' retrieved from /home/airflow/.local/lib/python3.12/site-packages/airflow/example_dags/example_external_task_marker_dag.py
[2024-07-16T19:13:16.802+0000] {logging_mixin.py:188} INFO - [2024-07-16T19:13:16.801+0000] {dag.py:3096} INFO - Sync 2 DAGs
[2024-07-16T19:13:16.830+0000] {logging_mixin.py:188} INFO - [2024-07-16T19:13:16.829+0000] {dag.py:3954} INFO - Setting next_dagrun for example_external_task_marker_child to None, run_after=None
[2024-07-16T19:13:16.840+0000] {logging_mixin.py:188} INFO - [2024-07-16T19:13:16.840+0000] {dag.py:3954} INFO - Setting next_dagrun for example_external_task_marker_parent to None, run_after=None
[2024-07-16T19:13:16.866+0000] {processor.py:183} INFO - Processing /home/airflow/.local/lib/python3.12/site-packages/airflow/example_dags/example_external_task_marker_dag.py took 0.159 seconds
[2024-07-16T19:13:47.031+0000] {processor.py:161} INFO - Started process (PID=1396) to work on /home/airflow/.local/lib/python3.12/site-packages/airflow/example_dags/example_external_task_marker_dag.py
[2024-07-16T19:13:47.032+0000] {processor.py:830} INFO - Processing file /home/airflow/.local/lib/python3.12/site-packages/airflow/example_dags/example_external_task_marker_dag.py for tasks to queue
[2024-07-16T19:13:47.033+0000] {logging_mixin.py:188} INFO - [2024-07-16T19:13:47.033+0000] {dagbag.py:545} INFO - Filling up the DagBag from /home/airflow/.local/lib/python3.12/site-packages/airflow/example_dags/example_external_task_marker_dag.py
[2024-07-16T19:13:47.041+0000] {processor.py:840} INFO - DAG(s) 'example_external_task_marker_parent', 'example_external_task_marker_child' retrieved from /home/airflow/.local/lib/python3.12/site-packages/airflow/example_dags/example_external_task_marker_dag.py
[2024-07-16T19:13:47.068+0000] {logging_mixin.py:188} INFO - [2024-07-16T19:13:47.068+0000] {dag.py:3096} INFO - Sync 2 DAGs
[2024-07-16T19:13:47.084+0000] {logging_mixin.py:188} INFO - [2024-07-16T19:13:47.084+0000] {dag.py:3954} INFO - Setting next_dagrun for example_external_task_marker_child to None, run_after=None
[2024-07-16T19:13:47.089+0000] {logging_mixin.py:188} INFO - [2024-07-16T19:13:47.088+0000] {dag.py:3954} INFO - Setting next_dagrun for example_external_task_marker_parent to None, run_after=None
[2024-07-16T19:13:47.112+0000] {processor.py:183} INFO - Processing /home/airflow/.local/lib/python3.12/site-packages/airflow/example_dags/example_external_task_marker_dag.py took 0.088 seconds
[2024-07-16T19:14:17.739+0000] {processor.py:161} INFO - Started process (PID=1457) to work on /home/airflow/.local/lib/python3.12/site-packages/airflow/example_dags/example_external_task_marker_dag.py
[2024-07-16T19:14:17.740+0000] {processor.py:830} INFO - Processing file /home/airflow/.local/lib/python3.12/site-packages/airflow/example_dags/example_external_task_marker_dag.py for tasks to queue
[2024-07-16T19:14:17.740+0000] {logging_mixin.py:188} INFO - [2024-07-16T19:14:17.740+0000] {dagbag.py:545} INFO - Filling up the DagBag from /home/airflow/.local/lib/python3.12/site-packages/airflow/example_dags/example_external_task_marker_dag.py
[2024-07-16T19:14:17.745+0000] {processor.py:840} INFO - DAG(s) 'example_external_task_marker_child', 'example_external_task_marker_parent' retrieved from /home/airflow/.local/lib/python3.12/site-packages/airflow/example_dags/example_external_task_marker_dag.py
[2024-07-16T19:14:17.766+0000] {logging_mixin.py:188} INFO - [2024-07-16T19:14:17.765+0000] {dag.py:3096} INFO - Sync 2 DAGs
[2024-07-16T19:14:17.777+0000] {logging_mixin.py:188} INFO - [2024-07-16T19:14:17.776+0000] {dag.py:3954} INFO - Setting next_dagrun for example_external_task_marker_child to None, run_after=None
[2024-07-16T19:14:17.780+0000] {logging_mixin.py:188} INFO - [2024-07-16T19:14:17.780+0000] {dag.py:3954} INFO - Setting next_dagrun for example_external_task_marker_parent to None, run_after=None
[2024-07-16T19:14:17.797+0000] {processor.py:183} INFO - Processing /home/airflow/.local/lib/python3.12/site-packages/airflow/example_dags/example_external_task_marker_dag.py took 0.063 seconds
[2024-07-16T19:14:48.121+0000] {processor.py:161} INFO - Started process (PID=1516) to work on /home/airflow/.local/lib/python3.12/site-packages/airflow/example_dags/example_external_task_marker_dag.py
[2024-07-16T19:14:48.122+0000] {processor.py:830} INFO - Processing file /home/airflow/.local/lib/python3.12/site-packages/airflow/example_dags/example_external_task_marker_dag.py for tasks to queue
[2024-07-16T19:14:48.123+0000] {logging_mixin.py:188} INFO - [2024-07-16T19:14:48.123+0000] {dagbag.py:545} INFO - Filling up the DagBag from /home/airflow/.local/lib/python3.12/site-packages/airflow/example_dags/example_external_task_marker_dag.py
[2024-07-16T19:14:48.128+0000] {processor.py:840} INFO - DAG(s) 'example_external_task_marker_child', 'example_external_task_marker_parent' retrieved from /home/airflow/.local/lib/python3.12/site-packages/airflow/example_dags/example_external_task_marker_dag.py
[2024-07-16T19:14:48.148+0000] {logging_mixin.py:188} INFO - [2024-07-16T19:14:48.148+0000] {dag.py:3096} INFO - Sync 2 DAGs
[2024-07-16T19:14:48.159+0000] {logging_mixin.py:188} INFO - [2024-07-16T19:14:48.159+0000] {dag.py:3954} INFO - Setting next_dagrun for example_external_task_marker_child to None, run_after=None
[2024-07-16T19:14:48.162+0000] {logging_mixin.py:188} INFO - [2024-07-16T19:14:48.162+0000] {dag.py:3954} INFO - Setting next_dagrun for example_external_task_marker_parent to None, run_after=None
[2024-07-16T19:14:48.189+0000] {processor.py:183} INFO - Processing /home/airflow/.local/lib/python3.12/site-packages/airflow/example_dags/example_external_task_marker_dag.py took 0.072 seconds
[2024-07-16T19:15:18.468+0000] {processor.py:161} INFO - Started process (PID=1575) to work on /home/airflow/.local/lib/python3.12/site-packages/airflow/example_dags/example_external_task_marker_dag.py
[2024-07-16T19:15:18.468+0000] {processor.py:830} INFO - Processing file /home/airflow/.local/lib/python3.12/site-packages/airflow/example_dags/example_external_task_marker_dag.py for tasks to queue
[2024-07-16T19:15:18.469+0000] {logging_mixin.py:188} INFO - [2024-07-16T19:15:18.469+0000] {dagbag.py:545} INFO - Filling up the DagBag from /home/airflow/.local/lib/python3.12/site-packages/airflow/example_dags/example_external_task_marker_dag.py
[2024-07-16T19:15:18.474+0000] {processor.py:840} INFO - DAG(s) 'example_external_task_marker_parent', 'example_external_task_marker_child' retrieved from /home/airflow/.local/lib/python3.12/site-packages/airflow/example_dags/example_external_task_marker_dag.py
[2024-07-16T19:15:18.493+0000] {logging_mixin.py:188} INFO - [2024-07-16T19:15:18.493+0000] {dag.py:3096} INFO - Sync 2 DAGs
[2024-07-16T19:15:18.504+0000] {logging_mixin.py:188} INFO - [2024-07-16T19:15:18.504+0000] {dag.py:3954} INFO - Setting next_dagrun for example_external_task_marker_child to None, run_after=None
[2024-07-16T19:15:18.507+0000] {logging_mixin.py:188} INFO - [2024-07-16T19:15:18.507+0000] {dag.py:3954} INFO - Setting next_dagrun for example_external_task_marker_parent to None, run_after=None
[2024-07-16T19:15:18.524+0000] {processor.py:183} INFO - Processing /home/airflow/.local/lib/python3.12/site-packages/airflow/example_dags/example_external_task_marker_dag.py took 0.061 seconds
[2024-07-16T19:19:22.322+0000] {processor.py:161} INFO - Started process (PID=74) to work on /home/airflow/.local/lib/python3.12/site-packages/airflow/example_dags/example_external_task_marker_dag.py
[2024-07-16T19:19:22.323+0000] {processor.py:830} INFO - Processing file /home/airflow/.local/lib/python3.12/site-packages/airflow/example_dags/example_external_task_marker_dag.py for tasks to queue
[2024-07-16T19:19:22.325+0000] {logging_mixin.py:188} INFO - [2024-07-16T19:19:22.325+0000] {dagbag.py:545} INFO - Filling up the DagBag from /home/airflow/.local/lib/python3.12/site-packages/airflow/example_dags/example_external_task_marker_dag.py
[2024-07-16T19:19:22.333+0000] {processor.py:840} INFO - DAG(s) 'example_external_task_marker_parent', 'example_external_task_marker_child' retrieved from /home/airflow/.local/lib/python3.12/site-packages/airflow/example_dags/example_external_task_marker_dag.py
[2024-07-16T19:19:22.479+0000] {logging_mixin.py:188} INFO - [2024-07-16T19:19:22.479+0000] {dag.py:3096} INFO - Sync 2 DAGs
[2024-07-16T19:19:22.494+0000] {logging_mixin.py:188} INFO - [2024-07-16T19:19:22.493+0000] {dag.py:3954} INFO - Setting next_dagrun for example_external_task_marker_child to None, run_after=None
[2024-07-16T19:19:22.497+0000] {logging_mixin.py:188} INFO - [2024-07-16T19:19:22.497+0000] {dag.py:3954} INFO - Setting next_dagrun for example_external_task_marker_parent to None, run_after=None
[2024-07-16T19:19:22.522+0000] {processor.py:183} INFO - Processing /home/airflow/.local/lib/python3.12/site-packages/airflow/example_dags/example_external_task_marker_dag.py took 0.206 seconds
[2024-07-16T19:19:52.683+0000] {processor.py:161} INFO - Started process (PID=134) to work on /home/airflow/.local/lib/python3.12/site-packages/airflow/example_dags/example_external_task_marker_dag.py
[2024-07-16T19:19:52.686+0000] {processor.py:830} INFO - Processing file /home/airflow/.local/lib/python3.12/site-packages/airflow/example_dags/example_external_task_marker_dag.py for tasks to queue
[2024-07-16T19:19:52.689+0000] {logging_mixin.py:188} INFO - [2024-07-16T19:19:52.689+0000] {dagbag.py:545} INFO - Filling up the DagBag from /home/airflow/.local/lib/python3.12/site-packages/airflow/example_dags/example_external_task_marker_dag.py
[2024-07-16T19:19:52.705+0000] {processor.py:840} INFO - DAG(s) 'example_external_task_marker_parent', 'example_external_task_marker_child' retrieved from /home/airflow/.local/lib/python3.12/site-packages/airflow/example_dags/example_external_task_marker_dag.py
[2024-07-16T19:19:52.742+0000] {logging_mixin.py:188} INFO - [2024-07-16T19:19:52.741+0000] {dag.py:3096} INFO - Sync 2 DAGs
[2024-07-16T19:19:52.771+0000] {logging_mixin.py:188} INFO - [2024-07-16T19:19:52.771+0000] {dag.py:3954} INFO - Setting next_dagrun for example_external_task_marker_child to None, run_after=None
[2024-07-16T19:19:52.776+0000] {logging_mixin.py:188} INFO - [2024-07-16T19:19:52.776+0000] {dag.py:3954} INFO - Setting next_dagrun for example_external_task_marker_parent to None, run_after=None
[2024-07-16T19:19:52.818+0000] {processor.py:183} INFO - Processing /home/airflow/.local/lib/python3.12/site-packages/airflow/example_dags/example_external_task_marker_dag.py took 0.148 seconds
[2024-07-16T19:20:23.825+0000] {processor.py:161} INFO - Started process (PID=193) to work on /home/airflow/.local/lib/python3.12/site-packages/airflow/example_dags/example_external_task_marker_dag.py
[2024-07-16T19:20:23.841+0000] {processor.py:830} INFO - Processing file /home/airflow/.local/lib/python3.12/site-packages/airflow/example_dags/example_external_task_marker_dag.py for tasks to queue
[2024-07-16T19:20:23.844+0000] {logging_mixin.py:188} INFO - [2024-07-16T19:20:23.843+0000] {dagbag.py:545} INFO - Filling up the DagBag from /home/airflow/.local/lib/python3.12/site-packages/airflow/example_dags/example_external_task_marker_dag.py
[2024-07-16T19:20:23.859+0000] {processor.py:840} INFO - DAG(s) 'example_external_task_marker_parent', 'example_external_task_marker_child' retrieved from /home/airflow/.local/lib/python3.12/site-packages/airflow/example_dags/example_external_task_marker_dag.py
[2024-07-16T19:20:23.950+0000] {logging_mixin.py:188} INFO - [2024-07-16T19:20:23.949+0000] {dag.py:3096} INFO - Sync 2 DAGs
[2024-07-16T19:20:23.983+0000] {logging_mixin.py:188} INFO - [2024-07-16T19:20:23.982+0000] {dag.py:3954} INFO - Setting next_dagrun for example_external_task_marker_child to None, run_after=None
[2024-07-16T19:20:23.991+0000] {logging_mixin.py:188} INFO - [2024-07-16T19:20:23.991+0000] {dag.py:3954} INFO - Setting next_dagrun for example_external_task_marker_parent to None, run_after=None
[2024-07-16T19:20:24.039+0000] {processor.py:183} INFO - Processing /home/airflow/.local/lib/python3.12/site-packages/airflow/example_dags/example_external_task_marker_dag.py took 0.235 seconds
[2024-07-16T19:20:54.204+0000] {processor.py:161} INFO - Started process (PID=250) to work on /home/airflow/.local/lib/python3.12/site-packages/airflow/example_dags/example_external_task_marker_dag.py
[2024-07-16T19:20:54.205+0000] {processor.py:830} INFO - Processing file /home/airflow/.local/lib/python3.12/site-packages/airflow/example_dags/example_external_task_marker_dag.py for tasks to queue
[2024-07-16T19:20:54.206+0000] {logging_mixin.py:188} INFO - [2024-07-16T19:20:54.206+0000] {dagbag.py:545} INFO - Filling up the DagBag from /home/airflow/.local/lib/python3.12/site-packages/airflow/example_dags/example_external_task_marker_dag.py
[2024-07-16T19:20:54.211+0000] {processor.py:840} INFO - DAG(s) 'example_external_task_marker_parent', 'example_external_task_marker_child' retrieved from /home/airflow/.local/lib/python3.12/site-packages/airflow/example_dags/example_external_task_marker_dag.py
[2024-07-16T19:20:54.229+0000] {logging_mixin.py:188} INFO - [2024-07-16T19:20:54.229+0000] {dag.py:3096} INFO - Sync 2 DAGs
[2024-07-16T19:20:54.240+0000] {logging_mixin.py:188} INFO - [2024-07-16T19:20:54.240+0000] {dag.py:3954} INFO - Setting next_dagrun for example_external_task_marker_child to None, run_after=None
[2024-07-16T19:20:54.243+0000] {logging_mixin.py:188} INFO - [2024-07-16T19:20:54.243+0000] {dag.py:3954} INFO - Setting next_dagrun for example_external_task_marker_parent to None, run_after=None
[2024-07-16T19:20:54.261+0000] {processor.py:183} INFO - Processing /home/airflow/.local/lib/python3.12/site-packages/airflow/example_dags/example_external_task_marker_dag.py took 0.062 seconds
[2024-07-16T19:21:24.880+0000] {processor.py:161} INFO - Started process (PID=309) to work on /home/airflow/.local/lib/python3.12/site-packages/airflow/example_dags/example_external_task_marker_dag.py
[2024-07-16T19:21:24.881+0000] {processor.py:830} INFO - Processing file /home/airflow/.local/lib/python3.12/site-packages/airflow/example_dags/example_external_task_marker_dag.py for tasks to queue
[2024-07-16T19:21:24.883+0000] {logging_mixin.py:188} INFO - [2024-07-16T19:21:24.883+0000] {dagbag.py:545} INFO - Filling up the DagBag from /home/airflow/.local/lib/python3.12/site-packages/airflow/example_dags/example_external_task_marker_dag.py
[2024-07-16T19:21:24.887+0000] {processor.py:840} INFO - DAG(s) 'example_external_task_marker_child', 'example_external_task_marker_parent' retrieved from /home/airflow/.local/lib/python3.12/site-packages/airflow/example_dags/example_external_task_marker_dag.py
[2024-07-16T19:21:24.906+0000] {logging_mixin.py:188} INFO - [2024-07-16T19:21:24.906+0000] {dag.py:3096} INFO - Sync 2 DAGs
[2024-07-16T19:21:24.918+0000] {logging_mixin.py:188} INFO - [2024-07-16T19:21:24.918+0000] {dag.py:3954} INFO - Setting next_dagrun for example_external_task_marker_child to None, run_after=None
[2024-07-16T19:21:24.923+0000] {logging_mixin.py:188} INFO - [2024-07-16T19:21:24.922+0000] {dag.py:3954} INFO - Setting next_dagrun for example_external_task_marker_parent to None, run_after=None
[2024-07-16T19:21:24.942+0000] {processor.py:183} INFO - Processing /home/airflow/.local/lib/python3.12/site-packages/airflow/example_dags/example_external_task_marker_dag.py took 0.068 seconds
[2024-07-16T19:21:55.227+0000] {processor.py:161} INFO - Started process (PID=368) to work on /home/airflow/.local/lib/python3.12/site-packages/airflow/example_dags/example_external_task_marker_dag.py
[2024-07-16T19:21:55.228+0000] {processor.py:830} INFO - Processing file /home/airflow/.local/lib/python3.12/site-packages/airflow/example_dags/example_external_task_marker_dag.py for tasks to queue
[2024-07-16T19:21:55.229+0000] {logging_mixin.py:188} INFO - [2024-07-16T19:21:55.229+0000] {dagbag.py:545} INFO - Filling up the DagBag from /home/airflow/.local/lib/python3.12/site-packages/airflow/example_dags/example_external_task_marker_dag.py
[2024-07-16T19:21:55.234+0000] {processor.py:840} INFO - DAG(s) 'example_external_task_marker_child', 'example_external_task_marker_parent' retrieved from /home/airflow/.local/lib/python3.12/site-packages/airflow/example_dags/example_external_task_marker_dag.py
[2024-07-16T19:21:55.254+0000] {logging_mixin.py:188} INFO - [2024-07-16T19:21:55.254+0000] {dag.py:3096} INFO - Sync 2 DAGs
[2024-07-16T19:21:55.271+0000] {logging_mixin.py:188} INFO - [2024-07-16T19:21:55.271+0000] {dag.py:3954} INFO - Setting next_dagrun for example_external_task_marker_child to None, run_after=None
[2024-07-16T19:21:55.274+0000] {logging_mixin.py:188} INFO - [2024-07-16T19:21:55.274+0000] {dag.py:3954} INFO - Setting next_dagrun for example_external_task_marker_parent to None, run_after=None
[2024-07-16T19:21:55.292+0000] {processor.py:183} INFO - Processing /home/airflow/.local/lib/python3.12/site-packages/airflow/example_dags/example_external_task_marker_dag.py took 0.069 seconds
[2024-07-16T19:22:25.679+0000] {processor.py:161} INFO - Started process (PID=428) to work on /home/airflow/.local/lib/python3.12/site-packages/airflow/example_dags/example_external_task_marker_dag.py
[2024-07-16T19:22:25.681+0000] {processor.py:830} INFO - Processing file /home/airflow/.local/lib/python3.12/site-packages/airflow/example_dags/example_external_task_marker_dag.py for tasks to queue
[2024-07-16T19:22:25.684+0000] {logging_mixin.py:188} INFO - [2024-07-16T19:22:25.683+0000] {dagbag.py:545} INFO - Filling up the DagBag from /home/airflow/.local/lib/python3.12/site-packages/airflow/example_dags/example_external_task_marker_dag.py
[2024-07-16T19:22:25.700+0000] {processor.py:840} INFO - DAG(s) 'example_external_task_marker_parent', 'example_external_task_marker_child' retrieved from /home/airflow/.local/lib/python3.12/site-packages/airflow/example_dags/example_external_task_marker_dag.py
[2024-07-16T19:22:25.785+0000] {logging_mixin.py:188} INFO - [2024-07-16T19:22:25.785+0000] {dag.py:3096} INFO - Sync 2 DAGs
[2024-07-16T19:22:25.824+0000] {logging_mixin.py:188} INFO - [2024-07-16T19:22:25.823+0000] {dag.py:3954} INFO - Setting next_dagrun for example_external_task_marker_child to None, run_after=None
[2024-07-16T19:22:25.842+0000] {logging_mixin.py:188} INFO - [2024-07-16T19:22:25.842+0000] {dag.py:3954} INFO - Setting next_dagrun for example_external_task_marker_parent to None, run_after=None
[2024-07-16T19:22:25.878+0000] {processor.py:183} INFO - Processing /home/airflow/.local/lib/python3.12/site-packages/airflow/example_dags/example_external_task_marker_dag.py took 0.221 seconds
[2024-07-16T19:22:56.760+0000] {processor.py:161} INFO - Started process (PID=493) to work on /home/airflow/.local/lib/python3.12/site-packages/airflow/example_dags/example_external_task_marker_dag.py
[2024-07-16T19:22:56.760+0000] {processor.py:830} INFO - Processing file /home/airflow/.local/lib/python3.12/site-packages/airflow/example_dags/example_external_task_marker_dag.py for tasks to queue
[2024-07-16T19:22:56.762+0000] {logging_mixin.py:188} INFO - [2024-07-16T19:22:56.761+0000] {dagbag.py:545} INFO - Filling up the DagBag from /home/airflow/.local/lib/python3.12/site-packages/airflow/example_dags/example_external_task_marker_dag.py
[2024-07-16T19:22:56.767+0000] {processor.py:840} INFO - DAG(s) 'example_external_task_marker_child', 'example_external_task_marker_parent' retrieved from /home/airflow/.local/lib/python3.12/site-packages/airflow/example_dags/example_external_task_marker_dag.py
[2024-07-16T19:22:56.786+0000] {logging_mixin.py:188} INFO - [2024-07-16T19:22:56.786+0000] {dag.py:3096} INFO - Sync 2 DAGs
[2024-07-16T19:22:56.797+0000] {logging_mixin.py:188} INFO - [2024-07-16T19:22:56.797+0000] {dag.py:3954} INFO - Setting next_dagrun for example_external_task_marker_child to None, run_after=None
[2024-07-16T19:22:56.800+0000] {logging_mixin.py:188} INFO - [2024-07-16T19:22:56.800+0000] {dag.py:3954} INFO - Setting next_dagrun for example_external_task_marker_parent to None, run_after=None
[2024-07-16T19:22:56.824+0000] {processor.py:183} INFO - Processing /home/airflow/.local/lib/python3.12/site-packages/airflow/example_dags/example_external_task_marker_dag.py took 0.069 seconds
[2024-07-16T19:23:27.045+0000] {processor.py:161} INFO - Started process (PID=552) to work on /home/airflow/.local/lib/python3.12/site-packages/airflow/example_dags/example_external_task_marker_dag.py
[2024-07-16T19:23:27.046+0000] {processor.py:830} INFO - Processing file /home/airflow/.local/lib/python3.12/site-packages/airflow/example_dags/example_external_task_marker_dag.py for tasks to queue
[2024-07-16T19:23:27.049+0000] {logging_mixin.py:188} INFO - [2024-07-16T19:23:27.048+0000] {dagbag.py:545} INFO - Filling up the DagBag from /home/airflow/.local/lib/python3.12/site-packages/airflow/example_dags/example_external_task_marker_dag.py
[2024-07-16T19:23:27.056+0000] {processor.py:840} INFO - DAG(s) 'example_external_task_marker_child', 'example_external_task_marker_parent' retrieved from /home/airflow/.local/lib/python3.12/site-packages/airflow/example_dags/example_external_task_marker_dag.py
[2024-07-16T19:23:27.084+0000] {logging_mixin.py:188} INFO - [2024-07-16T19:23:27.083+0000] {dag.py:3096} INFO - Sync 2 DAGs
[2024-07-16T19:23:27.100+0000] {logging_mixin.py:188} INFO - [2024-07-16T19:23:27.100+0000] {dag.py:3954} INFO - Setting next_dagrun for example_external_task_marker_child to None, run_after=None
[2024-07-16T19:23:27.108+0000] {logging_mixin.py:188} INFO - [2024-07-16T19:23:27.108+0000] {dag.py:3954} INFO - Setting next_dagrun for example_external_task_marker_parent to None, run_after=None
[2024-07-16T19:23:27.142+0000] {processor.py:183} INFO - Processing /home/airflow/.local/lib/python3.12/site-packages/airflow/example_dags/example_external_task_marker_dag.py took 0.110 seconds
[2024-07-16T19:23:57.336+0000] {processor.py:161} INFO - Started process (PID=611) to work on /home/airflow/.local/lib/python3.12/site-packages/airflow/example_dags/example_external_task_marker_dag.py
[2024-07-16T19:23:57.337+0000] {processor.py:830} INFO - Processing file /home/airflow/.local/lib/python3.12/site-packages/airflow/example_dags/example_external_task_marker_dag.py for tasks to queue
[2024-07-16T19:23:57.338+0000] {logging_mixin.py:188} INFO - [2024-07-16T19:23:57.338+0000] {dagbag.py:545} INFO - Filling up the DagBag from /home/airflow/.local/lib/python3.12/site-packages/airflow/example_dags/example_external_task_marker_dag.py
[2024-07-16T19:23:57.343+0000] {processor.py:840} INFO - DAG(s) 'example_external_task_marker_parent', 'example_external_task_marker_child' retrieved from /home/airflow/.local/lib/python3.12/site-packages/airflow/example_dags/example_external_task_marker_dag.py
[2024-07-16T19:23:57.364+0000] {logging_mixin.py:188} INFO - [2024-07-16T19:23:57.363+0000] {dag.py:3096} INFO - Sync 2 DAGs
[2024-07-16T19:23:57.374+0000] {logging_mixin.py:188} INFO - [2024-07-16T19:23:57.374+0000] {dag.py:3954} INFO - Setting next_dagrun for example_external_task_marker_child to None, run_after=None
[2024-07-16T19:23:57.378+0000] {logging_mixin.py:188} INFO - [2024-07-16T19:23:57.377+0000] {dag.py:3954} INFO - Setting next_dagrun for example_external_task_marker_parent to None, run_after=None
[2024-07-16T19:23:57.399+0000] {processor.py:183} INFO - Processing /home/airflow/.local/lib/python3.12/site-packages/airflow/example_dags/example_external_task_marker_dag.py took 0.067 seconds
[2024-07-16T19:24:27.923+0000] {processor.py:161} INFO - Started process (PID=670) to work on /home/airflow/.local/lib/python3.12/site-packages/airflow/example_dags/example_external_task_marker_dag.py
[2024-07-16T19:24:27.929+0000] {processor.py:830} INFO - Processing file /home/airflow/.local/lib/python3.12/site-packages/airflow/example_dags/example_external_task_marker_dag.py for tasks to queue
[2024-07-16T19:24:27.930+0000] {logging_mixin.py:188} INFO - [2024-07-16T19:24:27.930+0000] {dagbag.py:545} INFO - Filling up the DagBag from /home/airflow/.local/lib/python3.12/site-packages/airflow/example_dags/example_external_task_marker_dag.py
[2024-07-16T19:24:27.937+0000] {processor.py:840} INFO - DAG(s) 'example_external_task_marker_child', 'example_external_task_marker_parent' retrieved from /home/airflow/.local/lib/python3.12/site-packages/airflow/example_dags/example_external_task_marker_dag.py
[2024-07-16T19:24:27.960+0000] {logging_mixin.py:188} INFO - [2024-07-16T19:24:27.960+0000] {dag.py:3096} INFO - Sync 2 DAGs
[2024-07-16T19:24:27.971+0000] {logging_mixin.py:188} INFO - [2024-07-16T19:24:27.971+0000] {dag.py:3954} INFO - Setting next_dagrun for example_external_task_marker_child to None, run_after=None
[2024-07-16T19:24:27.974+0000] {logging_mixin.py:188} INFO - [2024-07-16T19:24:27.974+0000] {dag.py:3954} INFO - Setting next_dagrun for example_external_task_marker_parent to None, run_after=None
[2024-07-16T19:24:27.991+0000] {processor.py:183} INFO - Processing /home/airflow/.local/lib/python3.12/site-packages/airflow/example_dags/example_external_task_marker_dag.py took 0.075 seconds
[2024-07-16T19:24:58.898+0000] {processor.py:161} INFO - Started process (PID=729) to work on /home/airflow/.local/lib/python3.12/site-packages/airflow/example_dags/example_external_task_marker_dag.py
[2024-07-16T19:24:58.899+0000] {processor.py:830} INFO - Processing file /home/airflow/.local/lib/python3.12/site-packages/airflow/example_dags/example_external_task_marker_dag.py for tasks to queue
[2024-07-16T19:24:58.900+0000] {logging_mixin.py:188} INFO - [2024-07-16T19:24:58.900+0000] {dagbag.py:545} INFO - Filling up the DagBag from /home/airflow/.local/lib/python3.12/site-packages/airflow/example_dags/example_external_task_marker_dag.py
[2024-07-16T19:24:58.907+0000] {processor.py:840} INFO - DAG(s) 'example_external_task_marker_parent', 'example_external_task_marker_child' retrieved from /home/airflow/.local/lib/python3.12/site-packages/airflow/example_dags/example_external_task_marker_dag.py
[2024-07-16T19:24:58.928+0000] {logging_mixin.py:188} INFO - [2024-07-16T19:24:58.928+0000] {dag.py:3096} INFO - Sync 2 DAGs
[2024-07-16T19:24:58.939+0000] {logging_mixin.py:188} INFO - [2024-07-16T19:24:58.939+0000] {dag.py:3954} INFO - Setting next_dagrun for example_external_task_marker_child to None, run_after=None
[2024-07-16T19:24:58.943+0000] {logging_mixin.py:188} INFO - [2024-07-16T19:24:58.943+0000] {dag.py:3954} INFO - Setting next_dagrun for example_external_task_marker_parent to None, run_after=None
[2024-07-16T19:24:58.960+0000] {processor.py:183} INFO - Processing /home/airflow/.local/lib/python3.12/site-packages/airflow/example_dags/example_external_task_marker_dag.py took 0.067 seconds
[2024-07-16T19:25:29.845+0000] {processor.py:161} INFO - Started process (PID=788) to work on /home/airflow/.local/lib/python3.12/site-packages/airflow/example_dags/example_external_task_marker_dag.py
[2024-07-16T19:25:29.846+0000] {processor.py:830} INFO - Processing file /home/airflow/.local/lib/python3.12/site-packages/airflow/example_dags/example_external_task_marker_dag.py for tasks to queue
[2024-07-16T19:25:29.846+0000] {logging_mixin.py:188} INFO - [2024-07-16T19:25:29.846+0000] {dagbag.py:545} INFO - Filling up the DagBag from /home/airflow/.local/lib/python3.12/site-packages/airflow/example_dags/example_external_task_marker_dag.py
[2024-07-16T19:25:29.851+0000] {processor.py:840} INFO - DAG(s) 'example_external_task_marker_parent', 'example_external_task_marker_child' retrieved from /home/airflow/.local/lib/python3.12/site-packages/airflow/example_dags/example_external_task_marker_dag.py
[2024-07-16T19:25:29.870+0000] {logging_mixin.py:188} INFO - [2024-07-16T19:25:29.870+0000] {dag.py:3096} INFO - Sync 2 DAGs
[2024-07-16T19:25:29.882+0000] {logging_mixin.py:188} INFO - [2024-07-16T19:25:29.881+0000] {dag.py:3954} INFO - Setting next_dagrun for example_external_task_marker_child to None, run_after=None
[2024-07-16T19:25:29.885+0000] {logging_mixin.py:188} INFO - [2024-07-16T19:25:29.885+0000] {dag.py:3954} INFO - Setting next_dagrun for example_external_task_marker_parent to None, run_after=None
[2024-07-16T19:25:29.909+0000] {processor.py:183} INFO - Processing /home/airflow/.local/lib/python3.12/site-packages/airflow/example_dags/example_external_task_marker_dag.py took 0.069 seconds
[2024-07-16T19:26:00.566+0000] {processor.py:161} INFO - Started process (PID=847) to work on /home/airflow/.local/lib/python3.12/site-packages/airflow/example_dags/example_external_task_marker_dag.py
[2024-07-16T19:26:00.567+0000] {processor.py:830} INFO - Processing file /home/airflow/.local/lib/python3.12/site-packages/airflow/example_dags/example_external_task_marker_dag.py for tasks to queue
[2024-07-16T19:26:00.567+0000] {logging_mixin.py:188} INFO - [2024-07-16T19:26:00.567+0000] {dagbag.py:545} INFO - Filling up the DagBag from /home/airflow/.local/lib/python3.12/site-packages/airflow/example_dags/example_external_task_marker_dag.py
[2024-07-16T19:26:00.572+0000] {processor.py:840} INFO - DAG(s) 'example_external_task_marker_child', 'example_external_task_marker_parent' retrieved from /home/airflow/.local/lib/python3.12/site-packages/airflow/example_dags/example_external_task_marker_dag.py
[2024-07-16T19:26:00.592+0000] {logging_mixin.py:188} INFO - [2024-07-16T19:26:00.592+0000] {dag.py:3096} INFO - Sync 2 DAGs
[2024-07-16T19:26:00.604+0000] {logging_mixin.py:188} INFO - [2024-07-16T19:26:00.603+0000] {dag.py:3954} INFO - Setting next_dagrun for example_external_task_marker_child to None, run_after=None
[2024-07-16T19:26:00.607+0000] {logging_mixin.py:188} INFO - [2024-07-16T19:26:00.607+0000] {dag.py:3954} INFO - Setting next_dagrun for example_external_task_marker_parent to None, run_after=None
[2024-07-16T19:26:00.624+0000] {processor.py:183} INFO - Processing /home/airflow/.local/lib/python3.12/site-packages/airflow/example_dags/example_external_task_marker_dag.py took 0.063 seconds
[2024-07-16T19:26:30.650+0000] {processor.py:161} INFO - Started process (PID=906) to work on /home/airflow/.local/lib/python3.12/site-packages/airflow/example_dags/example_external_task_marker_dag.py
[2024-07-16T19:26:30.651+0000] {processor.py:830} INFO - Processing file /home/airflow/.local/lib/python3.12/site-packages/airflow/example_dags/example_external_task_marker_dag.py for tasks to queue
[2024-07-16T19:26:30.652+0000] {logging_mixin.py:188} INFO - [2024-07-16T19:26:30.652+0000] {dagbag.py:545} INFO - Filling up the DagBag from /home/airflow/.local/lib/python3.12/site-packages/airflow/example_dags/example_external_task_marker_dag.py
[2024-07-16T19:26:30.658+0000] {processor.py:840} INFO - DAG(s) 'example_external_task_marker_parent', 'example_external_task_marker_child' retrieved from /home/airflow/.local/lib/python3.12/site-packages/airflow/example_dags/example_external_task_marker_dag.py
[2024-07-16T19:26:30.679+0000] {logging_mixin.py:188} INFO - [2024-07-16T19:26:30.679+0000] {dag.py:3096} INFO - Sync 2 DAGs
[2024-07-16T19:26:30.690+0000] {logging_mixin.py:188} INFO - [2024-07-16T19:26:30.690+0000] {dag.py:3954} INFO - Setting next_dagrun for example_external_task_marker_child to None, run_after=None
[2024-07-16T19:26:30.693+0000] {logging_mixin.py:188} INFO - [2024-07-16T19:26:30.693+0000] {dag.py:3954} INFO - Setting next_dagrun for example_external_task_marker_parent to None, run_after=None
[2024-07-16T19:26:30.711+0000] {processor.py:183} INFO - Processing /home/airflow/.local/lib/python3.12/site-packages/airflow/example_dags/example_external_task_marker_dag.py took 0.065 seconds
[2024-07-16T19:27:01.535+0000] {processor.py:161} INFO - Started process (PID=965) to work on /home/airflow/.local/lib/python3.12/site-packages/airflow/example_dags/example_external_task_marker_dag.py
[2024-07-16T19:27:01.545+0000] {processor.py:830} INFO - Processing file /home/airflow/.local/lib/python3.12/site-packages/airflow/example_dags/example_external_task_marker_dag.py for tasks to queue
[2024-07-16T19:27:01.546+0000] {logging_mixin.py:188} INFO - [2024-07-16T19:27:01.546+0000] {dagbag.py:545} INFO - Filling up the DagBag from /home/airflow/.local/lib/python3.12/site-packages/airflow/example_dags/example_external_task_marker_dag.py
[2024-07-16T19:27:01.559+0000] {processor.py:840} INFO - DAG(s) 'example_external_task_marker_child', 'example_external_task_marker_parent' retrieved from /home/airflow/.local/lib/python3.12/site-packages/airflow/example_dags/example_external_task_marker_dag.py
[2024-07-16T19:27:01.626+0000] {logging_mixin.py:188} INFO - [2024-07-16T19:27:01.626+0000] {dag.py:3096} INFO - Sync 2 DAGs
[2024-07-16T19:27:01.725+0000] {logging_mixin.py:188} INFO - [2024-07-16T19:27:01.725+0000] {dag.py:3954} INFO - Setting next_dagrun for example_external_task_marker_child to None, run_after=None
[2024-07-16T19:27:01.734+0000] {logging_mixin.py:188} INFO - [2024-07-16T19:27:01.734+0000] {dag.py:3954} INFO - Setting next_dagrun for example_external_task_marker_parent to None, run_after=None
[2024-07-16T19:27:01.782+0000] {processor.py:183} INFO - Processing /home/airflow/.local/lib/python3.12/site-packages/airflow/example_dags/example_external_task_marker_dag.py took 0.263 seconds
