[2024-07-16T19:02:28.546+0000] {processor.py:161} INFO - Started process (PID=60) to work on /home/airflow/.local/lib/python3.12/site-packages/airflow/example_dags/example_latest_only_with_trigger.py
[2024-07-16T19:02:28.547+0000] {processor.py:830} INFO - Processing file /home/airflow/.local/lib/python3.12/site-packages/airflow/example_dags/example_latest_only_with_trigger.py for tasks to queue
[2024-07-16T19:02:28.549+0000] {logging_mixin.py:188} INFO - [2024-07-16T19:02:28.549+0000] {dagbag.py:545} INFO - Filling up the DagBag from /home/airflow/.local/lib/python3.12/site-packages/airflow/example_dags/example_latest_only_with_trigger.py
[2024-07-16T19:02:28.582+0000] {processor.py:840} INFO - DAG(s) 'latest_only_with_trigger' retrieved from /home/airflow/.local/lib/python3.12/site-packages/airflow/example_dags/example_latest_only_with_trigger.py
[2024-07-16T19:02:29.020+0000] {logging_mixin.py:188} INFO - [2024-07-16T19:02:29.019+0000] {dag.py:3096} INFO - Sync 1 DAGs
[2024-07-16T19:02:29.052+0000] {logging_mixin.py:188} INFO - [2024-07-16T19:02:29.052+0000] {dag.py:3954} INFO - Setting next_dagrun for latest_only_with_trigger to 2024-07-16 12:00:00+00:00, run_after=2024-07-16 16:00:00+00:00
[2024-07-16T19:02:29.106+0000] {processor.py:183} INFO - Processing /home/airflow/.local/lib/python3.12/site-packages/airflow/example_dags/example_latest_only_with_trigger.py took 0.587 seconds
[2024-07-16T19:02:59.645+0000] {processor.py:161} INFO - Started process (PID=119) to work on /home/airflow/.local/lib/python3.12/site-packages/airflow/example_dags/example_latest_only_with_trigger.py
[2024-07-16T19:02:59.646+0000] {processor.py:830} INFO - Processing file /home/airflow/.local/lib/python3.12/site-packages/airflow/example_dags/example_latest_only_with_trigger.py for tasks to queue
[2024-07-16T19:02:59.648+0000] {logging_mixin.py:188} INFO - [2024-07-16T19:02:59.648+0000] {dagbag.py:545} INFO - Filling up the DagBag from /home/airflow/.local/lib/python3.12/site-packages/airflow/example_dags/example_latest_only_with_trigger.py
[2024-07-16T19:02:59.661+0000] {processor.py:840} INFO - DAG(s) 'latest_only_with_trigger' retrieved from /home/airflow/.local/lib/python3.12/site-packages/airflow/example_dags/example_latest_only_with_trigger.py
[2024-07-16T19:02:59.700+0000] {logging_mixin.py:188} INFO - [2024-07-16T19:02:59.700+0000] {dag.py:3096} INFO - Sync 1 DAGs
[2024-07-16T19:02:59.728+0000] {logging_mixin.py:188} INFO - [2024-07-16T19:02:59.728+0000] {dag.py:3954} INFO - Setting next_dagrun for latest_only_with_trigger to 2024-07-16 12:00:00+00:00, run_after=2024-07-16 16:00:00+00:00
[2024-07-16T19:02:59.754+0000] {processor.py:183} INFO - Processing /home/airflow/.local/lib/python3.12/site-packages/airflow/example_dags/example_latest_only_with_trigger.py took 0.115 seconds
[2024-07-16T19:03:30.690+0000] {processor.py:161} INFO - Started process (PID=178) to work on /home/airflow/.local/lib/python3.12/site-packages/airflow/example_dags/example_latest_only_with_trigger.py
[2024-07-16T19:03:30.691+0000] {processor.py:830} INFO - Processing file /home/airflow/.local/lib/python3.12/site-packages/airflow/example_dags/example_latest_only_with_trigger.py for tasks to queue
[2024-07-16T19:03:30.693+0000] {logging_mixin.py:188} INFO - [2024-07-16T19:03:30.693+0000] {dagbag.py:545} INFO - Filling up the DagBag from /home/airflow/.local/lib/python3.12/site-packages/airflow/example_dags/example_latest_only_with_trigger.py
[2024-07-16T19:03:30.700+0000] {processor.py:840} INFO - DAG(s) 'latest_only_with_trigger' retrieved from /home/airflow/.local/lib/python3.12/site-packages/airflow/example_dags/example_latest_only_with_trigger.py
[2024-07-16T19:03:30.723+0000] {logging_mixin.py:188} INFO - [2024-07-16T19:03:30.722+0000] {dag.py:3096} INFO - Sync 1 DAGs
[2024-07-16T19:03:30.753+0000] {logging_mixin.py:188} INFO - [2024-07-16T19:03:30.752+0000] {dag.py:3954} INFO - Setting next_dagrun for latest_only_with_trigger to 2024-07-16 12:00:00+00:00, run_after=2024-07-16 16:00:00+00:00
[2024-07-16T19:03:30.777+0000] {processor.py:183} INFO - Processing /home/airflow/.local/lib/python3.12/site-packages/airflow/example_dags/example_latest_only_with_trigger.py took 0.093 seconds
[2024-07-16T19:04:01.367+0000] {processor.py:161} INFO - Started process (PID=237) to work on /home/airflow/.local/lib/python3.12/site-packages/airflow/example_dags/example_latest_only_with_trigger.py
[2024-07-16T19:04:01.368+0000] {processor.py:830} INFO - Processing file /home/airflow/.local/lib/python3.12/site-packages/airflow/example_dags/example_latest_only_with_trigger.py for tasks to queue
[2024-07-16T19:04:01.370+0000] {logging_mixin.py:188} INFO - [2024-07-16T19:04:01.369+0000] {dagbag.py:545} INFO - Filling up the DagBag from /home/airflow/.local/lib/python3.12/site-packages/airflow/example_dags/example_latest_only_with_trigger.py
[2024-07-16T19:04:01.376+0000] {processor.py:840} INFO - DAG(s) 'latest_only_with_trigger' retrieved from /home/airflow/.local/lib/python3.12/site-packages/airflow/example_dags/example_latest_only_with_trigger.py
[2024-07-16T19:04:01.399+0000] {logging_mixin.py:188} INFO - [2024-07-16T19:04:01.398+0000] {dag.py:3096} INFO - Sync 1 DAGs
[2024-07-16T19:04:01.430+0000] {logging_mixin.py:188} INFO - [2024-07-16T19:04:01.430+0000] {dag.py:3954} INFO - Setting next_dagrun for latest_only_with_trigger to 2024-07-16 12:00:00+00:00, run_after=2024-07-16 16:00:00+00:00
[2024-07-16T19:04:01.458+0000] {processor.py:183} INFO - Processing /home/airflow/.local/lib/python3.12/site-packages/airflow/example_dags/example_latest_only_with_trigger.py took 0.098 seconds
[2024-07-16T19:04:31.761+0000] {processor.py:161} INFO - Started process (PID=295) to work on /home/airflow/.local/lib/python3.12/site-packages/airflow/example_dags/example_latest_only_with_trigger.py
[2024-07-16T19:04:31.762+0000] {processor.py:830} INFO - Processing file /home/airflow/.local/lib/python3.12/site-packages/airflow/example_dags/example_latest_only_with_trigger.py for tasks to queue
[2024-07-16T19:04:31.764+0000] {logging_mixin.py:188} INFO - [2024-07-16T19:04:31.763+0000] {dagbag.py:545} INFO - Filling up the DagBag from /home/airflow/.local/lib/python3.12/site-packages/airflow/example_dags/example_latest_only_with_trigger.py
[2024-07-16T19:04:31.770+0000] {processor.py:840} INFO - DAG(s) 'latest_only_with_trigger' retrieved from /home/airflow/.local/lib/python3.12/site-packages/airflow/example_dags/example_latest_only_with_trigger.py
[2024-07-16T19:04:31.793+0000] {logging_mixin.py:188} INFO - [2024-07-16T19:04:31.792+0000] {dag.py:3096} INFO - Sync 1 DAGs
[2024-07-16T19:04:31.818+0000] {logging_mixin.py:188} INFO - [2024-07-16T19:04:31.818+0000] {dag.py:3954} INFO - Setting next_dagrun for latest_only_with_trigger to 2024-07-16 12:00:00+00:00, run_after=2024-07-16 16:00:00+00:00
[2024-07-16T19:04:31.843+0000] {processor.py:183} INFO - Processing /home/airflow/.local/lib/python3.12/site-packages/airflow/example_dags/example_latest_only_with_trigger.py took 0.088 seconds
[2024-07-16T19:05:02.442+0000] {processor.py:161} INFO - Started process (PID=358) to work on /home/airflow/.local/lib/python3.12/site-packages/airflow/example_dags/example_latest_only_with_trigger.py
[2024-07-16T19:05:02.446+0000] {processor.py:830} INFO - Processing file /home/airflow/.local/lib/python3.12/site-packages/airflow/example_dags/example_latest_only_with_trigger.py for tasks to queue
[2024-07-16T19:05:02.455+0000] {logging_mixin.py:188} INFO - [2024-07-16T19:05:02.455+0000] {dagbag.py:545} INFO - Filling up the DagBag from /home/airflow/.local/lib/python3.12/site-packages/airflow/example_dags/example_latest_only_with_trigger.py
[2024-07-16T19:05:02.469+0000] {processor.py:840} INFO - DAG(s) 'latest_only_with_trigger' retrieved from /home/airflow/.local/lib/python3.12/site-packages/airflow/example_dags/example_latest_only_with_trigger.py
[2024-07-16T19:05:02.556+0000] {logging_mixin.py:188} INFO - [2024-07-16T19:05:02.556+0000] {dag.py:3096} INFO - Sync 1 DAGs
[2024-07-16T19:05:02.741+0000] {logging_mixin.py:188} INFO - [2024-07-16T19:05:02.740+0000] {dag.py:3954} INFO - Setting next_dagrun for latest_only_with_trigger to 2024-07-16 12:00:00+00:00, run_after=2024-07-16 16:00:00+00:00
[2024-07-16T19:05:02.780+0000] {processor.py:183} INFO - Processing /home/airflow/.local/lib/python3.12/site-packages/airflow/example_dags/example_latest_only_with_trigger.py took 0.372 seconds
[2024-07-16T19:05:33.469+0000] {processor.py:161} INFO - Started process (PID=419) to work on /home/airflow/.local/lib/python3.12/site-packages/airflow/example_dags/example_latest_only_with_trigger.py
[2024-07-16T19:05:33.481+0000] {processor.py:830} INFO - Processing file /home/airflow/.local/lib/python3.12/site-packages/airflow/example_dags/example_latest_only_with_trigger.py for tasks to queue
[2024-07-16T19:05:33.484+0000] {logging_mixin.py:188} INFO - [2024-07-16T19:05:33.483+0000] {dagbag.py:545} INFO - Filling up the DagBag from /home/airflow/.local/lib/python3.12/site-packages/airflow/example_dags/example_latest_only_with_trigger.py
[2024-07-16T19:05:33.498+0000] {processor.py:840} INFO - DAG(s) 'latest_only_with_trigger' retrieved from /home/airflow/.local/lib/python3.12/site-packages/airflow/example_dags/example_latest_only_with_trigger.py
[2024-07-16T19:05:33.583+0000] {logging_mixin.py:188} INFO - [2024-07-16T19:05:33.582+0000] {dag.py:3096} INFO - Sync 1 DAGs
[2024-07-16T19:05:33.647+0000] {logging_mixin.py:188} INFO - [2024-07-16T19:05:33.647+0000] {dag.py:3954} INFO - Setting next_dagrun for latest_only_with_trigger to 2024-07-16 12:00:00+00:00, run_after=2024-07-16 16:00:00+00:00
[2024-07-16T19:05:33.686+0000] {processor.py:183} INFO - Processing /home/airflow/.local/lib/python3.12/site-packages/airflow/example_dags/example_latest_only_with_trigger.py took 0.234 seconds
[2024-07-16T19:06:04.293+0000] {processor.py:161} INFO - Started process (PID=479) to work on /home/airflow/.local/lib/python3.12/site-packages/airflow/example_dags/example_latest_only_with_trigger.py
[2024-07-16T19:06:04.294+0000] {processor.py:830} INFO - Processing file /home/airflow/.local/lib/python3.12/site-packages/airflow/example_dags/example_latest_only_with_trigger.py for tasks to queue
[2024-07-16T19:06:04.296+0000] {logging_mixin.py:188} INFO - [2024-07-16T19:06:04.295+0000] {dagbag.py:545} INFO - Filling up the DagBag from /home/airflow/.local/lib/python3.12/site-packages/airflow/example_dags/example_latest_only_with_trigger.py
[2024-07-16T19:06:04.302+0000] {processor.py:840} INFO - DAG(s) 'latest_only_with_trigger' retrieved from /home/airflow/.local/lib/python3.12/site-packages/airflow/example_dags/example_latest_only_with_trigger.py
[2024-07-16T19:06:04.327+0000] {logging_mixin.py:188} INFO - [2024-07-16T19:06:04.327+0000] {dag.py:3096} INFO - Sync 1 DAGs
[2024-07-16T19:06:04.355+0000] {logging_mixin.py:188} INFO - [2024-07-16T19:06:04.354+0000] {dag.py:3954} INFO - Setting next_dagrun for latest_only_with_trigger to 2024-07-16 12:00:00+00:00, run_after=2024-07-16 16:00:00+00:00
[2024-07-16T19:06:04.382+0000] {processor.py:183} INFO - Processing /home/airflow/.local/lib/python3.12/site-packages/airflow/example_dags/example_latest_only_with_trigger.py took 0.096 seconds
[2024-07-16T19:06:34.950+0000] {processor.py:161} INFO - Started process (PID=539) to work on /home/airflow/.local/lib/python3.12/site-packages/airflow/example_dags/example_latest_only_with_trigger.py
[2024-07-16T19:06:34.951+0000] {processor.py:830} INFO - Processing file /home/airflow/.local/lib/python3.12/site-packages/airflow/example_dags/example_latest_only_with_trigger.py for tasks to queue
[2024-07-16T19:06:34.952+0000] {logging_mixin.py:188} INFO - [2024-07-16T19:06:34.952+0000] {dagbag.py:545} INFO - Filling up the DagBag from /home/airflow/.local/lib/python3.12/site-packages/airflow/example_dags/example_latest_only_with_trigger.py
[2024-07-16T19:06:34.959+0000] {processor.py:840} INFO - DAG(s) 'latest_only_with_trigger' retrieved from /home/airflow/.local/lib/python3.12/site-packages/airflow/example_dags/example_latest_only_with_trigger.py
[2024-07-16T19:06:34.984+0000] {logging_mixin.py:188} INFO - [2024-07-16T19:06:34.983+0000] {dag.py:3096} INFO - Sync 1 DAGs
[2024-07-16T19:06:35.012+0000] {logging_mixin.py:188} INFO - [2024-07-16T19:06:35.012+0000] {dag.py:3954} INFO - Setting next_dagrun for latest_only_with_trigger to 2024-07-16 12:00:00+00:00, run_after=2024-07-16 16:00:00+00:00
[2024-07-16T19:06:35.041+0000] {processor.py:183} INFO - Processing /home/airflow/.local/lib/python3.12/site-packages/airflow/example_dags/example_latest_only_with_trigger.py took 0.097 seconds
[2024-07-16T19:07:05.645+0000] {processor.py:161} INFO - Started process (PID=600) to work on /home/airflow/.local/lib/python3.12/site-packages/airflow/example_dags/example_latest_only_with_trigger.py
[2024-07-16T19:07:05.646+0000] {processor.py:830} INFO - Processing file /home/airflow/.local/lib/python3.12/site-packages/airflow/example_dags/example_latest_only_with_trigger.py for tasks to queue
[2024-07-16T19:07:05.647+0000] {logging_mixin.py:188} INFO - [2024-07-16T19:07:05.647+0000] {dagbag.py:545} INFO - Filling up the DagBag from /home/airflow/.local/lib/python3.12/site-packages/airflow/example_dags/example_latest_only_with_trigger.py
[2024-07-16T19:07:05.654+0000] {processor.py:840} INFO - DAG(s) 'latest_only_with_trigger' retrieved from /home/airflow/.local/lib/python3.12/site-packages/airflow/example_dags/example_latest_only_with_trigger.py
[2024-07-16T19:07:05.680+0000] {logging_mixin.py:188} INFO - [2024-07-16T19:07:05.679+0000] {dag.py:3096} INFO - Sync 1 DAGs
[2024-07-16T19:07:05.707+0000] {logging_mixin.py:188} INFO - [2024-07-16T19:07:05.707+0000] {dag.py:3954} INFO - Setting next_dagrun for latest_only_with_trigger to 2024-07-16 12:00:00+00:00, run_after=2024-07-16 16:00:00+00:00
[2024-07-16T19:07:05.731+0000] {processor.py:183} INFO - Processing /home/airflow/.local/lib/python3.12/site-packages/airflow/example_dags/example_latest_only_with_trigger.py took 0.093 seconds
[2024-07-16T19:07:35.955+0000] {processor.py:161} INFO - Started process (PID=661) to work on /home/airflow/.local/lib/python3.12/site-packages/airflow/example_dags/example_latest_only_with_trigger.py
[2024-07-16T19:07:35.966+0000] {processor.py:830} INFO - Processing file /home/airflow/.local/lib/python3.12/site-packages/airflow/example_dags/example_latest_only_with_trigger.py for tasks to queue
[2024-07-16T19:07:35.967+0000] {logging_mixin.py:188} INFO - [2024-07-16T19:07:35.966+0000] {dagbag.py:545} INFO - Filling up the DagBag from /home/airflow/.local/lib/python3.12/site-packages/airflow/example_dags/example_latest_only_with_trigger.py
[2024-07-16T19:07:35.977+0000] {processor.py:840} INFO - DAG(s) 'latest_only_with_trigger' retrieved from /home/airflow/.local/lib/python3.12/site-packages/airflow/example_dags/example_latest_only_with_trigger.py
[2024-07-16T19:07:36.003+0000] {logging_mixin.py:188} INFO - [2024-07-16T19:07:36.003+0000] {dag.py:3096} INFO - Sync 1 DAGs
[2024-07-16T19:07:36.030+0000] {logging_mixin.py:188} INFO - [2024-07-16T19:07:36.029+0000] {dag.py:3954} INFO - Setting next_dagrun for latest_only_with_trigger to 2024-07-16 12:00:00+00:00, run_after=2024-07-16 16:00:00+00:00
[2024-07-16T19:07:36.064+0000] {processor.py:183} INFO - Processing /home/airflow/.local/lib/python3.12/site-packages/airflow/example_dags/example_latest_only_with_trigger.py took 0.116 seconds
[2024-07-16T19:08:06.670+0000] {processor.py:161} INFO - Started process (PID=720) to work on /home/airflow/.local/lib/python3.12/site-packages/airflow/example_dags/example_latest_only_with_trigger.py
[2024-07-16T19:08:06.671+0000] {processor.py:830} INFO - Processing file /home/airflow/.local/lib/python3.12/site-packages/airflow/example_dags/example_latest_only_with_trigger.py for tasks to queue
[2024-07-16T19:08:06.672+0000] {logging_mixin.py:188} INFO - [2024-07-16T19:08:06.672+0000] {dagbag.py:545} INFO - Filling up the DagBag from /home/airflow/.local/lib/python3.12/site-packages/airflow/example_dags/example_latest_only_with_trigger.py
[2024-07-16T19:08:06.678+0000] {processor.py:840} INFO - DAG(s) 'latest_only_with_trigger' retrieved from /home/airflow/.local/lib/python3.12/site-packages/airflow/example_dags/example_latest_only_with_trigger.py
[2024-07-16T19:08:06.704+0000] {logging_mixin.py:188} INFO - [2024-07-16T19:08:06.704+0000] {dag.py:3096} INFO - Sync 1 DAGs
[2024-07-16T19:08:06.733+0000] {logging_mixin.py:188} INFO - [2024-07-16T19:08:06.733+0000] {dag.py:3954} INFO - Setting next_dagrun for latest_only_with_trigger to 2024-07-16 12:00:00+00:00, run_after=2024-07-16 16:00:00+00:00
[2024-07-16T19:08:06.763+0000] {processor.py:183} INFO - Processing /home/airflow/.local/lib/python3.12/site-packages/airflow/example_dags/example_latest_only_with_trigger.py took 0.099 seconds
[2024-07-16T19:08:37.768+0000] {processor.py:161} INFO - Started process (PID=778) to work on /home/airflow/.local/lib/python3.12/site-packages/airflow/example_dags/example_latest_only_with_trigger.py
[2024-07-16T19:08:37.769+0000] {processor.py:830} INFO - Processing file /home/airflow/.local/lib/python3.12/site-packages/airflow/example_dags/example_latest_only_with_trigger.py for tasks to queue
[2024-07-16T19:08:37.769+0000] {logging_mixin.py:188} INFO - [2024-07-16T19:08:37.769+0000] {dagbag.py:545} INFO - Filling up the DagBag from /home/airflow/.local/lib/python3.12/site-packages/airflow/example_dags/example_latest_only_with_trigger.py
[2024-07-16T19:08:37.776+0000] {processor.py:840} INFO - DAG(s) 'latest_only_with_trigger' retrieved from /home/airflow/.local/lib/python3.12/site-packages/airflow/example_dags/example_latest_only_with_trigger.py
[2024-07-16T19:08:37.818+0000] {logging_mixin.py:188} INFO - [2024-07-16T19:08:37.817+0000] {dag.py:3096} INFO - Sync 1 DAGs
[2024-07-16T19:08:37.884+0000] {logging_mixin.py:188} INFO - [2024-07-16T19:08:37.884+0000] {dag.py:3954} INFO - Setting next_dagrun for latest_only_with_trigger to 2024-07-16 12:00:00+00:00, run_after=2024-07-16 16:00:00+00:00
[2024-07-16T19:08:37.949+0000] {processor.py:183} INFO - Processing /home/airflow/.local/lib/python3.12/site-packages/airflow/example_dags/example_latest_only_with_trigger.py took 0.187 seconds
[2024-07-16T19:09:08.552+0000] {processor.py:161} INFO - Started process (PID=838) to work on /home/airflow/.local/lib/python3.12/site-packages/airflow/example_dags/example_latest_only_with_trigger.py
[2024-07-16T19:09:08.553+0000] {processor.py:830} INFO - Processing file /home/airflow/.local/lib/python3.12/site-packages/airflow/example_dags/example_latest_only_with_trigger.py for tasks to queue
[2024-07-16T19:09:08.554+0000] {logging_mixin.py:188} INFO - [2024-07-16T19:09:08.554+0000] {dagbag.py:545} INFO - Filling up the DagBag from /home/airflow/.local/lib/python3.12/site-packages/airflow/example_dags/example_latest_only_with_trigger.py
[2024-07-16T19:09:08.560+0000] {processor.py:840} INFO - DAG(s) 'latest_only_with_trigger' retrieved from /home/airflow/.local/lib/python3.12/site-packages/airflow/example_dags/example_latest_only_with_trigger.py
[2024-07-16T19:09:08.583+0000] {logging_mixin.py:188} INFO - [2024-07-16T19:09:08.583+0000] {dag.py:3096} INFO - Sync 1 DAGs
[2024-07-16T19:09:08.610+0000] {logging_mixin.py:188} INFO - [2024-07-16T19:09:08.610+0000] {dag.py:3954} INFO - Setting next_dagrun for latest_only_with_trigger to 2024-07-16 12:00:00+00:00, run_after=2024-07-16 16:00:00+00:00
[2024-07-16T19:09:08.635+0000] {processor.py:183} INFO - Processing /home/airflow/.local/lib/python3.12/site-packages/airflow/example_dags/example_latest_only_with_trigger.py took 0.088 seconds
[2024-07-16T19:09:38.956+0000] {processor.py:161} INFO - Started process (PID=902) to work on /home/airflow/.local/lib/python3.12/site-packages/airflow/example_dags/example_latest_only_with_trigger.py
[2024-07-16T19:09:38.957+0000] {processor.py:830} INFO - Processing file /home/airflow/.local/lib/python3.12/site-packages/airflow/example_dags/example_latest_only_with_trigger.py for tasks to queue
[2024-07-16T19:09:38.957+0000] {logging_mixin.py:188} INFO - [2024-07-16T19:09:38.957+0000] {dagbag.py:545} INFO - Filling up the DagBag from /home/airflow/.local/lib/python3.12/site-packages/airflow/example_dags/example_latest_only_with_trigger.py
[2024-07-16T19:09:38.962+0000] {processor.py:840} INFO - DAG(s) 'latest_only_with_trigger' retrieved from /home/airflow/.local/lib/python3.12/site-packages/airflow/example_dags/example_latest_only_with_trigger.py
[2024-07-16T19:09:38.979+0000] {logging_mixin.py:188} INFO - [2024-07-16T19:09:38.979+0000] {dag.py:3096} INFO - Sync 1 DAGs
[2024-07-16T19:09:38.997+0000] {logging_mixin.py:188} INFO - [2024-07-16T19:09:38.997+0000] {dag.py:3954} INFO - Setting next_dagrun for latest_only_with_trigger to 2024-07-16 12:00:00+00:00, run_after=2024-07-16 16:00:00+00:00
[2024-07-16T19:09:39.017+0000] {processor.py:183} INFO - Processing /home/airflow/.local/lib/python3.12/site-packages/airflow/example_dags/example_latest_only_with_trigger.py took 0.066 seconds
[2024-07-16T19:10:09.316+0000] {processor.py:161} INFO - Started process (PID=962) to work on /home/airflow/.local/lib/python3.12/site-packages/airflow/example_dags/example_latest_only_with_trigger.py
[2024-07-16T19:10:09.317+0000] {processor.py:830} INFO - Processing file /home/airflow/.local/lib/python3.12/site-packages/airflow/example_dags/example_latest_only_with_trigger.py for tasks to queue
[2024-07-16T19:10:09.319+0000] {logging_mixin.py:188} INFO - [2024-07-16T19:10:09.318+0000] {dagbag.py:545} INFO - Filling up the DagBag from /home/airflow/.local/lib/python3.12/site-packages/airflow/example_dags/example_latest_only_with_trigger.py
[2024-07-16T19:10:09.325+0000] {processor.py:840} INFO - DAG(s) 'latest_only_with_trigger' retrieved from /home/airflow/.local/lib/python3.12/site-packages/airflow/example_dags/example_latest_only_with_trigger.py
[2024-07-16T19:10:09.352+0000] {logging_mixin.py:188} INFO - [2024-07-16T19:10:09.352+0000] {dag.py:3096} INFO - Sync 1 DAGs
[2024-07-16T19:10:09.378+0000] {logging_mixin.py:188} INFO - [2024-07-16T19:10:09.378+0000] {dag.py:3954} INFO - Setting next_dagrun for latest_only_with_trigger to 2024-07-16 12:00:00+00:00, run_after=2024-07-16 16:00:00+00:00
[2024-07-16T19:10:09.403+0000] {processor.py:183} INFO - Processing /home/airflow/.local/lib/python3.12/site-packages/airflow/example_dags/example_latest_only_with_trigger.py took 0.093 seconds
[2024-07-16T19:10:39.809+0000] {processor.py:161} INFO - Started process (PID=1021) to work on /home/airflow/.local/lib/python3.12/site-packages/airflow/example_dags/example_latest_only_with_trigger.py
[2024-07-16T19:10:39.810+0000] {processor.py:830} INFO - Processing file /home/airflow/.local/lib/python3.12/site-packages/airflow/example_dags/example_latest_only_with_trigger.py for tasks to queue
[2024-07-16T19:10:39.811+0000] {logging_mixin.py:188} INFO - [2024-07-16T19:10:39.811+0000] {dagbag.py:545} INFO - Filling up the DagBag from /home/airflow/.local/lib/python3.12/site-packages/airflow/example_dags/example_latest_only_with_trigger.py
[2024-07-16T19:10:39.824+0000] {processor.py:840} INFO - DAG(s) 'latest_only_with_trigger' retrieved from /home/airflow/.local/lib/python3.12/site-packages/airflow/example_dags/example_latest_only_with_trigger.py
[2024-07-16T19:10:39.874+0000] {logging_mixin.py:188} INFO - [2024-07-16T19:10:39.873+0000] {dag.py:3096} INFO - Sync 1 DAGs
[2024-07-16T19:10:39.919+0000] {logging_mixin.py:188} INFO - [2024-07-16T19:10:39.919+0000] {dag.py:3954} INFO - Setting next_dagrun for latest_only_with_trigger to 2024-07-16 12:00:00+00:00, run_after=2024-07-16 16:00:00+00:00
[2024-07-16T19:10:39.948+0000] {processor.py:183} INFO - Processing /home/airflow/.local/lib/python3.12/site-packages/airflow/example_dags/example_latest_only_with_trigger.py took 0.159 seconds
[2024-07-16T19:11:10.715+0000] {processor.py:161} INFO - Started process (PID=1083) to work on /home/airflow/.local/lib/python3.12/site-packages/airflow/example_dags/example_latest_only_with_trigger.py
[2024-07-16T19:11:10.716+0000] {processor.py:830} INFO - Processing file /home/airflow/.local/lib/python3.12/site-packages/airflow/example_dags/example_latest_only_with_trigger.py for tasks to queue
[2024-07-16T19:11:10.717+0000] {logging_mixin.py:188} INFO - [2024-07-16T19:11:10.717+0000] {dagbag.py:545} INFO - Filling up the DagBag from /home/airflow/.local/lib/python3.12/site-packages/airflow/example_dags/example_latest_only_with_trigger.py
[2024-07-16T19:11:10.735+0000] {processor.py:840} INFO - DAG(s) 'latest_only_with_trigger' retrieved from /home/airflow/.local/lib/python3.12/site-packages/airflow/example_dags/example_latest_only_with_trigger.py
[2024-07-16T19:11:10.806+0000] {logging_mixin.py:188} INFO - [2024-07-16T19:11:10.805+0000] {dag.py:3096} INFO - Sync 1 DAGs
[2024-07-16T19:11:10.887+0000] {logging_mixin.py:188} INFO - [2024-07-16T19:11:10.886+0000] {dag.py:3954} INFO - Setting next_dagrun for latest_only_with_trigger to 2024-07-16 12:00:00+00:00, run_after=2024-07-16 16:00:00+00:00
[2024-07-16T19:11:10.939+0000] {processor.py:183} INFO - Processing /home/airflow/.local/lib/python3.12/site-packages/airflow/example_dags/example_latest_only_with_trigger.py took 0.230 seconds
[2024-07-16T19:11:41.542+0000] {processor.py:161} INFO - Started process (PID=1142) to work on /home/airflow/.local/lib/python3.12/site-packages/airflow/example_dags/example_latest_only_with_trigger.py
[2024-07-16T19:11:41.543+0000] {processor.py:830} INFO - Processing file /home/airflow/.local/lib/python3.12/site-packages/airflow/example_dags/example_latest_only_with_trigger.py for tasks to queue
[2024-07-16T19:11:41.544+0000] {logging_mixin.py:188} INFO - [2024-07-16T19:11:41.543+0000] {dagbag.py:545} INFO - Filling up the DagBag from /home/airflow/.local/lib/python3.12/site-packages/airflow/example_dags/example_latest_only_with_trigger.py
[2024-07-16T19:11:41.550+0000] {processor.py:840} INFO - DAG(s) 'latest_only_with_trigger' retrieved from /home/airflow/.local/lib/python3.12/site-packages/airflow/example_dags/example_latest_only_with_trigger.py
[2024-07-16T19:11:41.576+0000] {logging_mixin.py:188} INFO - [2024-07-16T19:11:41.576+0000] {dag.py:3096} INFO - Sync 1 DAGs
[2024-07-16T19:11:41.605+0000] {logging_mixin.py:188} INFO - [2024-07-16T19:11:41.605+0000] {dag.py:3954} INFO - Setting next_dagrun for latest_only_with_trigger to 2024-07-16 12:00:00+00:00, run_after=2024-07-16 16:00:00+00:00
[2024-07-16T19:11:41.631+0000] {processor.py:183} INFO - Processing /home/airflow/.local/lib/python3.12/site-packages/airflow/example_dags/example_latest_only_with_trigger.py took 0.095 seconds
[2024-07-16T19:12:12.259+0000] {processor.py:161} INFO - Started process (PID=1201) to work on /home/airflow/.local/lib/python3.12/site-packages/airflow/example_dags/example_latest_only_with_trigger.py
[2024-07-16T19:12:12.259+0000] {processor.py:830} INFO - Processing file /home/airflow/.local/lib/python3.12/site-packages/airflow/example_dags/example_latest_only_with_trigger.py for tasks to queue
[2024-07-16T19:12:12.260+0000] {logging_mixin.py:188} INFO - [2024-07-16T19:12:12.260+0000] {dagbag.py:545} INFO - Filling up the DagBag from /home/airflow/.local/lib/python3.12/site-packages/airflow/example_dags/example_latest_only_with_trigger.py
[2024-07-16T19:12:12.265+0000] {processor.py:840} INFO - DAG(s) 'latest_only_with_trigger' retrieved from /home/airflow/.local/lib/python3.12/site-packages/airflow/example_dags/example_latest_only_with_trigger.py
[2024-07-16T19:12:12.282+0000] {logging_mixin.py:188} INFO - [2024-07-16T19:12:12.282+0000] {dag.py:3096} INFO - Sync 1 DAGs
[2024-07-16T19:12:12.300+0000] {logging_mixin.py:188} INFO - [2024-07-16T19:12:12.300+0000] {dag.py:3954} INFO - Setting next_dagrun for latest_only_with_trigger to 2024-07-16 12:00:00+00:00, run_after=2024-07-16 16:00:00+00:00
[2024-07-16T19:12:12.320+0000] {processor.py:183} INFO - Processing /home/airflow/.local/lib/python3.12/site-packages/airflow/example_dags/example_latest_only_with_trigger.py took 0.067 seconds
[2024-07-16T19:12:42.688+0000] {processor.py:161} INFO - Started process (PID=1261) to work on /home/airflow/.local/lib/python3.12/site-packages/airflow/example_dags/example_latest_only_with_trigger.py
[2024-07-16T19:12:42.689+0000] {processor.py:830} INFO - Processing file /home/airflow/.local/lib/python3.12/site-packages/airflow/example_dags/example_latest_only_with_trigger.py for tasks to queue
[2024-07-16T19:12:42.690+0000] {logging_mixin.py:188} INFO - [2024-07-16T19:12:42.689+0000] {dagbag.py:545} INFO - Filling up the DagBag from /home/airflow/.local/lib/python3.12/site-packages/airflow/example_dags/example_latest_only_with_trigger.py
[2024-07-16T19:12:42.701+0000] {processor.py:840} INFO - DAG(s) 'latest_only_with_trigger' retrieved from /home/airflow/.local/lib/python3.12/site-packages/airflow/example_dags/example_latest_only_with_trigger.py
[2024-07-16T19:12:42.725+0000] {logging_mixin.py:188} INFO - [2024-07-16T19:12:42.725+0000] {dag.py:3096} INFO - Sync 1 DAGs
[2024-07-16T19:12:42.755+0000] {logging_mixin.py:188} INFO - [2024-07-16T19:12:42.755+0000] {dag.py:3954} INFO - Setting next_dagrun for latest_only_with_trigger to 2024-07-16 12:00:00+00:00, run_after=2024-07-16 16:00:00+00:00
[2024-07-16T19:12:42.779+0000] {processor.py:183} INFO - Processing /home/airflow/.local/lib/python3.12/site-packages/airflow/example_dags/example_latest_only_with_trigger.py took 0.113 seconds
[2024-07-16T19:13:12.883+0000] {processor.py:161} INFO - Started process (PID=1323) to work on /home/airflow/.local/lib/python3.12/site-packages/airflow/example_dags/example_latest_only_with_trigger.py
[2024-07-16T19:13:12.884+0000] {processor.py:830} INFO - Processing file /home/airflow/.local/lib/python3.12/site-packages/airflow/example_dags/example_latest_only_with_trigger.py for tasks to queue
[2024-07-16T19:13:12.886+0000] {logging_mixin.py:188} INFO - [2024-07-16T19:13:12.885+0000] {dagbag.py:545} INFO - Filling up the DagBag from /home/airflow/.local/lib/python3.12/site-packages/airflow/example_dags/example_latest_only_with_trigger.py
[2024-07-16T19:13:12.897+0000] {processor.py:840} INFO - DAG(s) 'latest_only_with_trigger' retrieved from /home/airflow/.local/lib/python3.12/site-packages/airflow/example_dags/example_latest_only_with_trigger.py
[2024-07-16T19:13:12.928+0000] {logging_mixin.py:188} INFO - [2024-07-16T19:13:12.927+0000] {dag.py:3096} INFO - Sync 1 DAGs
[2024-07-16T19:13:12.954+0000] {logging_mixin.py:188} INFO - [2024-07-16T19:13:12.954+0000] {dag.py:3954} INFO - Setting next_dagrun for latest_only_with_trigger to 2024-07-16 12:00:00+00:00, run_after=2024-07-16 16:00:00+00:00
[2024-07-16T19:13:12.982+0000] {processor.py:183} INFO - Processing /home/airflow/.local/lib/python3.12/site-packages/airflow/example_dags/example_latest_only_with_trigger.py took 0.106 seconds
[2024-07-16T19:13:43.032+0000] {processor.py:161} INFO - Started process (PID=1382) to work on /home/airflow/.local/lib/python3.12/site-packages/airflow/example_dags/example_latest_only_with_trigger.py
[2024-07-16T19:13:43.033+0000] {processor.py:830} INFO - Processing file /home/airflow/.local/lib/python3.12/site-packages/airflow/example_dags/example_latest_only_with_trigger.py for tasks to queue
[2024-07-16T19:13:43.034+0000] {logging_mixin.py:188} INFO - [2024-07-16T19:13:43.034+0000] {dagbag.py:545} INFO - Filling up the DagBag from /home/airflow/.local/lib/python3.12/site-packages/airflow/example_dags/example_latest_only_with_trigger.py
[2024-07-16T19:13:43.041+0000] {processor.py:840} INFO - DAG(s) 'latest_only_with_trigger' retrieved from /home/airflow/.local/lib/python3.12/site-packages/airflow/example_dags/example_latest_only_with_trigger.py
[2024-07-16T19:13:43.076+0000] {logging_mixin.py:188} INFO - [2024-07-16T19:13:43.076+0000] {dag.py:3096} INFO - Sync 1 DAGs
[2024-07-16T19:13:43.107+0000] {logging_mixin.py:188} INFO - [2024-07-16T19:13:43.106+0000] {dag.py:3954} INFO - Setting next_dagrun for latest_only_with_trigger to 2024-07-16 12:00:00+00:00, run_after=2024-07-16 16:00:00+00:00
[2024-07-16T19:13:43.133+0000] {processor.py:183} INFO - Processing /home/airflow/.local/lib/python3.12/site-packages/airflow/example_dags/example_latest_only_with_trigger.py took 0.107 seconds
[2024-07-16T19:14:13.514+0000] {processor.py:161} INFO - Started process (PID=1442) to work on /home/airflow/.local/lib/python3.12/site-packages/airflow/example_dags/example_latest_only_with_trigger.py
[2024-07-16T19:14:13.515+0000] {processor.py:830} INFO - Processing file /home/airflow/.local/lib/python3.12/site-packages/airflow/example_dags/example_latest_only_with_trigger.py for tasks to queue
[2024-07-16T19:14:13.516+0000] {logging_mixin.py:188} INFO - [2024-07-16T19:14:13.515+0000] {dagbag.py:545} INFO - Filling up the DagBag from /home/airflow/.local/lib/python3.12/site-packages/airflow/example_dags/example_latest_only_with_trigger.py
[2024-07-16T19:14:13.523+0000] {processor.py:840} INFO - DAG(s) 'latest_only_with_trigger' retrieved from /home/airflow/.local/lib/python3.12/site-packages/airflow/example_dags/example_latest_only_with_trigger.py
[2024-07-16T19:14:13.547+0000] {logging_mixin.py:188} INFO - [2024-07-16T19:14:13.547+0000] {dag.py:3096} INFO - Sync 1 DAGs
[2024-07-16T19:14:13.574+0000] {logging_mixin.py:188} INFO - [2024-07-16T19:14:13.574+0000] {dag.py:3954} INFO - Setting next_dagrun for latest_only_with_trigger to 2024-07-16 12:00:00+00:00, run_after=2024-07-16 16:00:00+00:00
[2024-07-16T19:14:13.602+0000] {processor.py:183} INFO - Processing /home/airflow/.local/lib/python3.12/site-packages/airflow/example_dags/example_latest_only_with_trigger.py took 0.095 seconds
[2024-07-16T19:14:44.178+0000] {processor.py:161} INFO - Started process (PID=1501) to work on /home/airflow/.local/lib/python3.12/site-packages/airflow/example_dags/example_latest_only_with_trigger.py
[2024-07-16T19:14:44.179+0000] {processor.py:830} INFO - Processing file /home/airflow/.local/lib/python3.12/site-packages/airflow/example_dags/example_latest_only_with_trigger.py for tasks to queue
[2024-07-16T19:14:44.180+0000] {logging_mixin.py:188} INFO - [2024-07-16T19:14:44.180+0000] {dagbag.py:545} INFO - Filling up the DagBag from /home/airflow/.local/lib/python3.12/site-packages/airflow/example_dags/example_latest_only_with_trigger.py
[2024-07-16T19:14:44.187+0000] {processor.py:840} INFO - DAG(s) 'latest_only_with_trigger' retrieved from /home/airflow/.local/lib/python3.12/site-packages/airflow/example_dags/example_latest_only_with_trigger.py
[2024-07-16T19:14:44.210+0000] {logging_mixin.py:188} INFO - [2024-07-16T19:14:44.210+0000] {dag.py:3096} INFO - Sync 1 DAGs
[2024-07-16T19:14:44.236+0000] {logging_mixin.py:188} INFO - [2024-07-16T19:14:44.236+0000] {dag.py:3954} INFO - Setting next_dagrun for latest_only_with_trigger to 2024-07-16 12:00:00+00:00, run_after=2024-07-16 16:00:00+00:00
[2024-07-16T19:14:44.261+0000] {processor.py:183} INFO - Processing /home/airflow/.local/lib/python3.12/site-packages/airflow/example_dags/example_latest_only_with_trigger.py took 0.089 seconds
[2024-07-16T19:15:14.486+0000] {processor.py:161} INFO - Started process (PID=1560) to work on /home/airflow/.local/lib/python3.12/site-packages/airflow/example_dags/example_latest_only_with_trigger.py
[2024-07-16T19:15:14.489+0000] {processor.py:830} INFO - Processing file /home/airflow/.local/lib/python3.12/site-packages/airflow/example_dags/example_latest_only_with_trigger.py for tasks to queue
[2024-07-16T19:15:14.490+0000] {logging_mixin.py:188} INFO - [2024-07-16T19:15:14.489+0000] {dagbag.py:545} INFO - Filling up the DagBag from /home/airflow/.local/lib/python3.12/site-packages/airflow/example_dags/example_latest_only_with_trigger.py
[2024-07-16T19:15:14.504+0000] {processor.py:840} INFO - DAG(s) 'latest_only_with_trigger' retrieved from /home/airflow/.local/lib/python3.12/site-packages/airflow/example_dags/example_latest_only_with_trigger.py
[2024-07-16T19:15:14.534+0000] {logging_mixin.py:188} INFO - [2024-07-16T19:15:14.533+0000] {dag.py:3096} INFO - Sync 1 DAGs
[2024-07-16T19:15:14.564+0000] {logging_mixin.py:188} INFO - [2024-07-16T19:15:14.563+0000] {dag.py:3954} INFO - Setting next_dagrun for latest_only_with_trigger to 2024-07-16 12:00:00+00:00, run_after=2024-07-16 16:00:00+00:00
[2024-07-16T19:15:14.596+0000] {processor.py:183} INFO - Processing /home/airflow/.local/lib/python3.12/site-packages/airflow/example_dags/example_latest_only_with_trigger.py took 0.117 seconds
[2024-07-16T19:19:15.628+0000] {processor.py:161} INFO - Started process (PID=59) to work on /home/airflow/.local/lib/python3.12/site-packages/airflow/example_dags/example_latest_only_with_trigger.py
[2024-07-16T19:19:15.641+0000] {processor.py:830} INFO - Processing file /home/airflow/.local/lib/python3.12/site-packages/airflow/example_dags/example_latest_only_with_trigger.py for tasks to queue
[2024-07-16T19:19:15.644+0000] {logging_mixin.py:188} INFO - [2024-07-16T19:19:15.643+0000] {dagbag.py:545} INFO - Filling up the DagBag from /home/airflow/.local/lib/python3.12/site-packages/airflow/example_dags/example_latest_only_with_trigger.py
[2024-07-16T19:19:15.674+0000] {processor.py:840} INFO - DAG(s) 'latest_only_with_trigger' retrieved from /home/airflow/.local/lib/python3.12/site-packages/airflow/example_dags/example_latest_only_with_trigger.py
[2024-07-16T19:19:16.144+0000] {logging_mixin.py:188} INFO - [2024-07-16T19:19:16.143+0000] {dag.py:3096} INFO - Sync 1 DAGs
[2024-07-16T19:19:16.247+0000] {logging_mixin.py:188} INFO - [2024-07-16T19:19:16.247+0000] {dag.py:3954} INFO - Setting next_dagrun for latest_only_with_trigger to 2024-07-16 12:00:00+00:00, run_after=2024-07-16 16:00:00+00:00
[2024-07-16T19:19:16.365+0000] {processor.py:183} INFO - Processing /home/airflow/.local/lib/python3.12/site-packages/airflow/example_dags/example_latest_only_with_trigger.py took 0.764 seconds
[2024-07-16T19:19:46.663+0000] {processor.py:161} INFO - Started process (PID=119) to work on /home/airflow/.local/lib/python3.12/site-packages/airflow/example_dags/example_latest_only_with_trigger.py
[2024-07-16T19:19:46.664+0000] {processor.py:830} INFO - Processing file /home/airflow/.local/lib/python3.12/site-packages/airflow/example_dags/example_latest_only_with_trigger.py for tasks to queue
[2024-07-16T19:19:46.666+0000] {logging_mixin.py:188} INFO - [2024-07-16T19:19:46.665+0000] {dagbag.py:545} INFO - Filling up the DagBag from /home/airflow/.local/lib/python3.12/site-packages/airflow/example_dags/example_latest_only_with_trigger.py
[2024-07-16T19:19:46.678+0000] {processor.py:840} INFO - DAG(s) 'latest_only_with_trigger' retrieved from /home/airflow/.local/lib/python3.12/site-packages/airflow/example_dags/example_latest_only_with_trigger.py
[2024-07-16T19:19:46.711+0000] {logging_mixin.py:188} INFO - [2024-07-16T19:19:46.711+0000] {dag.py:3096} INFO - Sync 1 DAGs
[2024-07-16T19:19:46.738+0000] {logging_mixin.py:188} INFO - [2024-07-16T19:19:46.738+0000] {dag.py:3954} INFO - Setting next_dagrun for latest_only_with_trigger to 2024-07-16 12:00:00+00:00, run_after=2024-07-16 16:00:00+00:00
[2024-07-16T19:19:46.769+0000] {processor.py:183} INFO - Processing /home/airflow/.local/lib/python3.12/site-packages/airflow/example_dags/example_latest_only_with_trigger.py took 0.113 seconds
[2024-07-16T19:20:16.875+0000] {processor.py:161} INFO - Started process (PID=178) to work on /home/airflow/.local/lib/python3.12/site-packages/airflow/example_dags/example_latest_only_with_trigger.py
[2024-07-16T19:20:16.876+0000] {processor.py:830} INFO - Processing file /home/airflow/.local/lib/python3.12/site-packages/airflow/example_dags/example_latest_only_with_trigger.py for tasks to queue
[2024-07-16T19:20:16.878+0000] {logging_mixin.py:188} INFO - [2024-07-16T19:20:16.877+0000] {dagbag.py:545} INFO - Filling up the DagBag from /home/airflow/.local/lib/python3.12/site-packages/airflow/example_dags/example_latest_only_with_trigger.py
[2024-07-16T19:20:16.884+0000] {processor.py:840} INFO - DAG(s) 'latest_only_with_trigger' retrieved from /home/airflow/.local/lib/python3.12/site-packages/airflow/example_dags/example_latest_only_with_trigger.py
[2024-07-16T19:20:16.909+0000] {logging_mixin.py:188} INFO - [2024-07-16T19:20:16.909+0000] {dag.py:3096} INFO - Sync 1 DAGs
[2024-07-16T19:20:16.935+0000] {logging_mixin.py:188} INFO - [2024-07-16T19:20:16.935+0000] {dag.py:3954} INFO - Setting next_dagrun for latest_only_with_trigger to 2024-07-16 12:00:00+00:00, run_after=2024-07-16 16:00:00+00:00
[2024-07-16T19:20:16.960+0000] {processor.py:183} INFO - Processing /home/airflow/.local/lib/python3.12/site-packages/airflow/example_dags/example_latest_only_with_trigger.py took 0.103 seconds
[2024-07-16T19:20:47.285+0000] {processor.py:161} INFO - Started process (PID=236) to work on /home/airflow/.local/lib/python3.12/site-packages/airflow/example_dags/example_latest_only_with_trigger.py
[2024-07-16T19:20:47.286+0000] {processor.py:830} INFO - Processing file /home/airflow/.local/lib/python3.12/site-packages/airflow/example_dags/example_latest_only_with_trigger.py for tasks to queue
[2024-07-16T19:20:47.288+0000] {logging_mixin.py:188} INFO - [2024-07-16T19:20:47.288+0000] {dagbag.py:545} INFO - Filling up the DagBag from /home/airflow/.local/lib/python3.12/site-packages/airflow/example_dags/example_latest_only_with_trigger.py
[2024-07-16T19:20:47.295+0000] {processor.py:840} INFO - DAG(s) 'latest_only_with_trigger' retrieved from /home/airflow/.local/lib/python3.12/site-packages/airflow/example_dags/example_latest_only_with_trigger.py
[2024-07-16T19:20:47.317+0000] {logging_mixin.py:188} INFO - [2024-07-16T19:20:47.317+0000] {dag.py:3096} INFO - Sync 1 DAGs
[2024-07-16T19:20:47.353+0000] {logging_mixin.py:188} INFO - [2024-07-16T19:20:47.352+0000] {dag.py:3954} INFO - Setting next_dagrun for latest_only_with_trigger to 2024-07-16 12:00:00+00:00, run_after=2024-07-16 16:00:00+00:00
[2024-07-16T19:20:47.385+0000] {processor.py:183} INFO - Processing /home/airflow/.local/lib/python3.12/site-packages/airflow/example_dags/example_latest_only_with_trigger.py took 0.109 seconds
[2024-07-16T19:21:17.572+0000] {processor.py:161} INFO - Started process (PID=295) to work on /home/airflow/.local/lib/python3.12/site-packages/airflow/example_dags/example_latest_only_with_trigger.py
[2024-07-16T19:21:17.577+0000] {processor.py:830} INFO - Processing file /home/airflow/.local/lib/python3.12/site-packages/airflow/example_dags/example_latest_only_with_trigger.py for tasks to queue
[2024-07-16T19:21:17.579+0000] {logging_mixin.py:188} INFO - [2024-07-16T19:21:17.579+0000] {dagbag.py:545} INFO - Filling up the DagBag from /home/airflow/.local/lib/python3.12/site-packages/airflow/example_dags/example_latest_only_with_trigger.py
[2024-07-16T19:21:17.597+0000] {processor.py:840} INFO - DAG(s) 'latest_only_with_trigger' retrieved from /home/airflow/.local/lib/python3.12/site-packages/airflow/example_dags/example_latest_only_with_trigger.py
[2024-07-16T19:21:17.670+0000] {logging_mixin.py:188} INFO - [2024-07-16T19:21:17.669+0000] {dag.py:3096} INFO - Sync 1 DAGs
[2024-07-16T19:21:17.772+0000] {logging_mixin.py:188} INFO - [2024-07-16T19:21:17.771+0000] {dag.py:3954} INFO - Setting next_dagrun for latest_only_with_trigger to 2024-07-16 12:00:00+00:00, run_after=2024-07-16 16:00:00+00:00
[2024-07-16T19:21:17.865+0000] {processor.py:183} INFO - Processing /home/airflow/.local/lib/python3.12/site-packages/airflow/example_dags/example_latest_only_with_trigger.py took 0.313 seconds
[2024-07-16T19:21:48.246+0000] {processor.py:161} INFO - Started process (PID=354) to work on /home/airflow/.local/lib/python3.12/site-packages/airflow/example_dags/example_latest_only_with_trigger.py
[2024-07-16T19:21:48.253+0000] {processor.py:830} INFO - Processing file /home/airflow/.local/lib/python3.12/site-packages/airflow/example_dags/example_latest_only_with_trigger.py for tasks to queue
[2024-07-16T19:21:48.257+0000] {logging_mixin.py:188} INFO - [2024-07-16T19:21:48.256+0000] {dagbag.py:545} INFO - Filling up the DagBag from /home/airflow/.local/lib/python3.12/site-packages/airflow/example_dags/example_latest_only_with_trigger.py
[2024-07-16T19:21:48.263+0000] {processor.py:840} INFO - DAG(s) 'latest_only_with_trigger' retrieved from /home/airflow/.local/lib/python3.12/site-packages/airflow/example_dags/example_latest_only_with_trigger.py
[2024-07-16T19:21:48.330+0000] {logging_mixin.py:188} INFO - [2024-07-16T19:21:48.329+0000] {dag.py:3096} INFO - Sync 1 DAGs
[2024-07-16T19:21:48.392+0000] {logging_mixin.py:188} INFO - [2024-07-16T19:21:48.391+0000] {dag.py:3954} INFO - Setting next_dagrun for latest_only_with_trigger to 2024-07-16 12:00:00+00:00, run_after=2024-07-16 16:00:00+00:00
[2024-07-16T19:21:48.462+0000] {processor.py:183} INFO - Processing /home/airflow/.local/lib/python3.12/site-packages/airflow/example_dags/example_latest_only_with_trigger.py took 0.230 seconds
[2024-07-16T19:22:18.634+0000] {processor.py:161} INFO - Started process (PID=414) to work on /home/airflow/.local/lib/python3.12/site-packages/airflow/example_dags/example_latest_only_with_trigger.py
[2024-07-16T19:22:18.635+0000] {processor.py:830} INFO - Processing file /home/airflow/.local/lib/python3.12/site-packages/airflow/example_dags/example_latest_only_with_trigger.py for tasks to queue
[2024-07-16T19:22:18.637+0000] {logging_mixin.py:188} INFO - [2024-07-16T19:22:18.636+0000] {dagbag.py:545} INFO - Filling up the DagBag from /home/airflow/.local/lib/python3.12/site-packages/airflow/example_dags/example_latest_only_with_trigger.py
[2024-07-16T19:22:18.643+0000] {processor.py:840} INFO - DAG(s) 'latest_only_with_trigger' retrieved from /home/airflow/.local/lib/python3.12/site-packages/airflow/example_dags/example_latest_only_with_trigger.py
[2024-07-16T19:22:18.666+0000] {logging_mixin.py:188} INFO - [2024-07-16T19:22:18.666+0000] {dag.py:3096} INFO - Sync 1 DAGs
[2024-07-16T19:22:18.691+0000] {logging_mixin.py:188} INFO - [2024-07-16T19:22:18.691+0000] {dag.py:3954} INFO - Setting next_dagrun for latest_only_with_trigger to 2024-07-16 12:00:00+00:00, run_after=2024-07-16 16:00:00+00:00
[2024-07-16T19:22:18.719+0000] {processor.py:183} INFO - Processing /home/airflow/.local/lib/python3.12/site-packages/airflow/example_dags/example_latest_only_with_trigger.py took 0.091 seconds
[2024-07-16T19:22:48.811+0000] {processor.py:161} INFO - Started process (PID=476) to work on /home/airflow/.local/lib/python3.12/site-packages/airflow/example_dags/example_latest_only_with_trigger.py
[2024-07-16T19:22:48.812+0000] {processor.py:830} INFO - Processing file /home/airflow/.local/lib/python3.12/site-packages/airflow/example_dags/example_latest_only_with_trigger.py for tasks to queue
[2024-07-16T19:22:48.814+0000] {logging_mixin.py:188} INFO - [2024-07-16T19:22:48.814+0000] {dagbag.py:545} INFO - Filling up the DagBag from /home/airflow/.local/lib/python3.12/site-packages/airflow/example_dags/example_latest_only_with_trigger.py
[2024-07-16T19:22:48.825+0000] {processor.py:840} INFO - DAG(s) 'latest_only_with_trigger' retrieved from /home/airflow/.local/lib/python3.12/site-packages/airflow/example_dags/example_latest_only_with_trigger.py
[2024-07-16T19:22:48.858+0000] {logging_mixin.py:188} INFO - [2024-07-16T19:22:48.857+0000] {dag.py:3096} INFO - Sync 1 DAGs
[2024-07-16T19:22:48.891+0000] {logging_mixin.py:188} INFO - [2024-07-16T19:22:48.891+0000] {dag.py:3954} INFO - Setting next_dagrun for latest_only_with_trigger to 2024-07-16 12:00:00+00:00, run_after=2024-07-16 16:00:00+00:00
[2024-07-16T19:22:48.915+0000] {processor.py:183} INFO - Processing /home/airflow/.local/lib/python3.12/site-packages/airflow/example_dags/example_latest_only_with_trigger.py took 0.109 seconds
[2024-07-16T19:23:18.942+0000] {processor.py:161} INFO - Started process (PID=536) to work on /home/airflow/.local/lib/python3.12/site-packages/airflow/example_dags/example_latest_only_with_trigger.py
[2024-07-16T19:23:18.943+0000] {processor.py:830} INFO - Processing file /home/airflow/.local/lib/python3.12/site-packages/airflow/example_dags/example_latest_only_with_trigger.py for tasks to queue
[2024-07-16T19:23:18.944+0000] {logging_mixin.py:188} INFO - [2024-07-16T19:23:18.944+0000] {dagbag.py:545} INFO - Filling up the DagBag from /home/airflow/.local/lib/python3.12/site-packages/airflow/example_dags/example_latest_only_with_trigger.py
[2024-07-16T19:23:18.948+0000] {processor.py:840} INFO - DAG(s) 'latest_only_with_trigger' retrieved from /home/airflow/.local/lib/python3.12/site-packages/airflow/example_dags/example_latest_only_with_trigger.py
[2024-07-16T19:23:18.965+0000] {logging_mixin.py:188} INFO - [2024-07-16T19:23:18.965+0000] {dag.py:3096} INFO - Sync 1 DAGs
[2024-07-16T19:23:18.982+0000] {logging_mixin.py:188} INFO - [2024-07-16T19:23:18.982+0000] {dag.py:3954} INFO - Setting next_dagrun for latest_only_with_trigger to 2024-07-16 12:00:00+00:00, run_after=2024-07-16 16:00:00+00:00
[2024-07-16T19:23:19.001+0000] {processor.py:183} INFO - Processing /home/airflow/.local/lib/python3.12/site-packages/airflow/example_dags/example_latest_only_with_trigger.py took 0.064 seconds
[2024-07-16T19:23:49.209+0000] {processor.py:161} INFO - Started process (PID=596) to work on /home/airflow/.local/lib/python3.12/site-packages/airflow/example_dags/example_latest_only_with_trigger.py
[2024-07-16T19:23:49.210+0000] {processor.py:830} INFO - Processing file /home/airflow/.local/lib/python3.12/site-packages/airflow/example_dags/example_latest_only_with_trigger.py for tasks to queue
[2024-07-16T19:23:49.212+0000] {logging_mixin.py:188} INFO - [2024-07-16T19:23:49.212+0000] {dagbag.py:545} INFO - Filling up the DagBag from /home/airflow/.local/lib/python3.12/site-packages/airflow/example_dags/example_latest_only_with_trigger.py
[2024-07-16T19:23:49.219+0000] {processor.py:840} INFO - DAG(s) 'latest_only_with_trigger' retrieved from /home/airflow/.local/lib/python3.12/site-packages/airflow/example_dags/example_latest_only_with_trigger.py
[2024-07-16T19:23:49.243+0000] {logging_mixin.py:188} INFO - [2024-07-16T19:23:49.242+0000] {dag.py:3096} INFO - Sync 1 DAGs
[2024-07-16T19:23:49.269+0000] {logging_mixin.py:188} INFO - [2024-07-16T19:23:49.269+0000] {dag.py:3954} INFO - Setting next_dagrun for latest_only_with_trigger to 2024-07-16 12:00:00+00:00, run_after=2024-07-16 16:00:00+00:00
[2024-07-16T19:23:49.294+0000] {processor.py:183} INFO - Processing /home/airflow/.local/lib/python3.12/site-packages/airflow/example_dags/example_latest_only_with_trigger.py took 0.092 seconds
[2024-07-16T19:24:19.966+0000] {processor.py:161} INFO - Started process (PID=655) to work on /home/airflow/.local/lib/python3.12/site-packages/airflow/example_dags/example_latest_only_with_trigger.py
[2024-07-16T19:24:19.967+0000] {processor.py:830} INFO - Processing file /home/airflow/.local/lib/python3.12/site-packages/airflow/example_dags/example_latest_only_with_trigger.py for tasks to queue
[2024-07-16T19:24:19.968+0000] {logging_mixin.py:188} INFO - [2024-07-16T19:24:19.968+0000] {dagbag.py:545} INFO - Filling up the DagBag from /home/airflow/.local/lib/python3.12/site-packages/airflow/example_dags/example_latest_only_with_trigger.py
[2024-07-16T19:24:19.974+0000] {processor.py:840} INFO - DAG(s) 'latest_only_with_trigger' retrieved from /home/airflow/.local/lib/python3.12/site-packages/airflow/example_dags/example_latest_only_with_trigger.py
[2024-07-16T19:24:19.998+0000] {logging_mixin.py:188} INFO - [2024-07-16T19:24:19.997+0000] {dag.py:3096} INFO - Sync 1 DAGs
[2024-07-16T19:24:20.024+0000] {logging_mixin.py:188} INFO - [2024-07-16T19:24:20.024+0000] {dag.py:3954} INFO - Setting next_dagrun for latest_only_with_trigger to 2024-07-16 12:00:00+00:00, run_after=2024-07-16 16:00:00+00:00
[2024-07-16T19:24:20.049+0000] {processor.py:183} INFO - Processing /home/airflow/.local/lib/python3.12/site-packages/airflow/example_dags/example_latest_only_with_trigger.py took 0.089 seconds
[2024-07-16T19:24:50.911+0000] {processor.py:161} INFO - Started process (PID=714) to work on /home/airflow/.local/lib/python3.12/site-packages/airflow/example_dags/example_latest_only_with_trigger.py
[2024-07-16T19:24:50.917+0000] {processor.py:830} INFO - Processing file /home/airflow/.local/lib/python3.12/site-packages/airflow/example_dags/example_latest_only_with_trigger.py for tasks to queue
[2024-07-16T19:24:50.918+0000] {logging_mixin.py:188} INFO - [2024-07-16T19:24:50.918+0000] {dagbag.py:545} INFO - Filling up the DagBag from /home/airflow/.local/lib/python3.12/site-packages/airflow/example_dags/example_latest_only_with_trigger.py
[2024-07-16T19:24:50.931+0000] {processor.py:840} INFO - DAG(s) 'latest_only_with_trigger' retrieved from /home/airflow/.local/lib/python3.12/site-packages/airflow/example_dags/example_latest_only_with_trigger.py
[2024-07-16T19:24:50.973+0000] {logging_mixin.py:188} INFO - [2024-07-16T19:24:50.973+0000] {dag.py:3096} INFO - Sync 1 DAGs
[2024-07-16T19:24:50.998+0000] {logging_mixin.py:188} INFO - [2024-07-16T19:24:50.998+0000] {dag.py:3954} INFO - Setting next_dagrun for latest_only_with_trigger to 2024-07-16 12:00:00+00:00, run_after=2024-07-16 16:00:00+00:00
[2024-07-16T19:24:51.024+0000] {processor.py:183} INFO - Processing /home/airflow/.local/lib/python3.12/site-packages/airflow/example_dags/example_latest_only_with_trigger.py took 0.123 seconds
[2024-07-16T19:25:21.886+0000] {processor.py:161} INFO - Started process (PID=774) to work on /home/airflow/.local/lib/python3.12/site-packages/airflow/example_dags/example_latest_only_with_trigger.py
[2024-07-16T19:25:21.887+0000] {processor.py:830} INFO - Processing file /home/airflow/.local/lib/python3.12/site-packages/airflow/example_dags/example_latest_only_with_trigger.py for tasks to queue
[2024-07-16T19:25:21.888+0000] {logging_mixin.py:188} INFO - [2024-07-16T19:25:21.887+0000] {dagbag.py:545} INFO - Filling up the DagBag from /home/airflow/.local/lib/python3.12/site-packages/airflow/example_dags/example_latest_only_with_trigger.py
[2024-07-16T19:25:21.894+0000] {processor.py:840} INFO - DAG(s) 'latest_only_with_trigger' retrieved from /home/airflow/.local/lib/python3.12/site-packages/airflow/example_dags/example_latest_only_with_trigger.py
[2024-07-16T19:25:21.918+0000] {logging_mixin.py:188} INFO - [2024-07-16T19:25:21.918+0000] {dag.py:3096} INFO - Sync 1 DAGs
[2024-07-16T19:25:21.944+0000] {logging_mixin.py:188} INFO - [2024-07-16T19:25:21.944+0000] {dag.py:3954} INFO - Setting next_dagrun for latest_only_with_trigger to 2024-07-16 12:00:00+00:00, run_after=2024-07-16 16:00:00+00:00
[2024-07-16T19:25:21.970+0000] {processor.py:183} INFO - Processing /home/airflow/.local/lib/python3.12/site-packages/airflow/example_dags/example_latest_only_with_trigger.py took 0.092 seconds
[2024-07-16T19:25:52.370+0000] {processor.py:161} INFO - Started process (PID=833) to work on /home/airflow/.local/lib/python3.12/site-packages/airflow/example_dags/example_latest_only_with_trigger.py
[2024-07-16T19:25:52.383+0000] {processor.py:830} INFO - Processing file /home/airflow/.local/lib/python3.12/site-packages/airflow/example_dags/example_latest_only_with_trigger.py for tasks to queue
[2024-07-16T19:25:52.384+0000] {logging_mixin.py:188} INFO - [2024-07-16T19:25:52.383+0000] {dagbag.py:545} INFO - Filling up the DagBag from /home/airflow/.local/lib/python3.12/site-packages/airflow/example_dags/example_latest_only_with_trigger.py
[2024-07-16T19:25:52.428+0000] {processor.py:840} INFO - DAG(s) 'latest_only_with_trigger' retrieved from /home/airflow/.local/lib/python3.12/site-packages/airflow/example_dags/example_latest_only_with_trigger.py
[2024-07-16T19:25:52.554+0000] {logging_mixin.py:188} INFO - [2024-07-16T19:25:52.554+0000] {dag.py:3096} INFO - Sync 1 DAGs
[2024-07-16T19:25:52.630+0000] {logging_mixin.py:188} INFO - [2024-07-16T19:25:52.630+0000] {dag.py:3954} INFO - Setting next_dagrun for latest_only_with_trigger to 2024-07-16 12:00:00+00:00, run_after=2024-07-16 16:00:00+00:00
[2024-07-16T19:25:52.709+0000] {processor.py:183} INFO - Processing /home/airflow/.local/lib/python3.12/site-packages/airflow/example_dags/example_latest_only_with_trigger.py took 0.368 seconds
[2024-07-16T19:26:22.791+0000] {processor.py:161} INFO - Started process (PID=892) to work on /home/airflow/.local/lib/python3.12/site-packages/airflow/example_dags/example_latest_only_with_trigger.py
[2024-07-16T19:26:22.792+0000] {processor.py:830} INFO - Processing file /home/airflow/.local/lib/python3.12/site-packages/airflow/example_dags/example_latest_only_with_trigger.py for tasks to queue
[2024-07-16T19:26:22.793+0000] {logging_mixin.py:188} INFO - [2024-07-16T19:26:22.792+0000] {dagbag.py:545} INFO - Filling up the DagBag from /home/airflow/.local/lib/python3.12/site-packages/airflow/example_dags/example_latest_only_with_trigger.py
[2024-07-16T19:26:22.799+0000] {processor.py:840} INFO - DAG(s) 'latest_only_with_trigger' retrieved from /home/airflow/.local/lib/python3.12/site-packages/airflow/example_dags/example_latest_only_with_trigger.py
[2024-07-16T19:26:22.823+0000] {logging_mixin.py:188} INFO - [2024-07-16T19:26:22.823+0000] {dag.py:3096} INFO - Sync 1 DAGs
[2024-07-16T19:26:22.849+0000] {logging_mixin.py:188} INFO - [2024-07-16T19:26:22.849+0000] {dag.py:3954} INFO - Setting next_dagrun for latest_only_with_trigger to 2024-07-16 12:00:00+00:00, run_after=2024-07-16 16:00:00+00:00
[2024-07-16T19:26:22.873+0000] {processor.py:183} INFO - Processing /home/airflow/.local/lib/python3.12/site-packages/airflow/example_dags/example_latest_only_with_trigger.py took 0.089 seconds
[2024-07-16T19:26:53.759+0000] {processor.py:161} INFO - Started process (PID=951) to work on /home/airflow/.local/lib/python3.12/site-packages/airflow/example_dags/example_latest_only_with_trigger.py
[2024-07-16T19:26:53.760+0000] {processor.py:830} INFO - Processing file /home/airflow/.local/lib/python3.12/site-packages/airflow/example_dags/example_latest_only_with_trigger.py for tasks to queue
[2024-07-16T19:26:53.761+0000] {logging_mixin.py:188} INFO - [2024-07-16T19:26:53.761+0000] {dagbag.py:545} INFO - Filling up the DagBag from /home/airflow/.local/lib/python3.12/site-packages/airflow/example_dags/example_latest_only_with_trigger.py
[2024-07-16T19:26:53.768+0000] {processor.py:840} INFO - DAG(s) 'latest_only_with_trigger' retrieved from /home/airflow/.local/lib/python3.12/site-packages/airflow/example_dags/example_latest_only_with_trigger.py
[2024-07-16T19:26:53.788+0000] {logging_mixin.py:188} INFO - [2024-07-16T19:26:53.788+0000] {dag.py:3096} INFO - Sync 1 DAGs
[2024-07-16T19:26:53.806+0000] {logging_mixin.py:188} INFO - [2024-07-16T19:26:53.806+0000] {dag.py:3954} INFO - Setting next_dagrun for latest_only_with_trigger to 2024-07-16 12:00:00+00:00, run_after=2024-07-16 16:00:00+00:00
[2024-07-16T19:26:53.825+0000] {processor.py:183} INFO - Processing /home/airflow/.local/lib/python3.12/site-packages/airflow/example_dags/example_latest_only_with_trigger.py took 0.072 seconds
