[2024-07-16T19:02:27.804+0000] {processor.py:161} INFO - Started process (PID=58) to work on /home/airflow/.local/lib/python3.12/site-packages/airflow/example_dags/example_complex.py
[2024-07-16T19:02:27.809+0000] {processor.py:830} INFO - Processing file /home/airflow/.local/lib/python3.12/site-packages/airflow/example_dags/example_complex.py for tasks to queue
[2024-07-16T19:02:27.814+0000] {logging_mixin.py:188} INFO - [2024-07-16T19:02:27.811+0000] {dagbag.py:545} INFO - Filling up the DagBag from /home/airflow/.local/lib/python3.12/site-packages/airflow/example_dags/example_complex.py
[2024-07-16T19:02:27.885+0000] {processor.py:840} INFO - DAG(s) 'example_complex' retrieved from /home/airflow/.local/lib/python3.12/site-packages/airflow/example_dags/example_complex.py
[2024-07-16T19:02:28.350+0000] {logging_mixin.py:188} INFO - [2024-07-16T19:02:28.350+0000] {dag.py:3096} INFO - Sync 1 DAGs
[2024-07-16T19:02:28.384+0000] {logging_mixin.py:188} INFO - [2024-07-16T19:02:28.384+0000] {dag.py:3954} INFO - Setting next_dagrun for example_complex to None, run_after=None
[2024-07-16T19:02:28.441+0000] {processor.py:183} INFO - Processing /home/airflow/.local/lib/python3.12/site-packages/airflow/example_dags/example_complex.py took 0.647 seconds
[2024-07-16T19:02:58.625+0000] {processor.py:161} INFO - Started process (PID=117) to work on /home/airflow/.local/lib/python3.12/site-packages/airflow/example_dags/example_complex.py
[2024-07-16T19:02:58.626+0000] {processor.py:830} INFO - Processing file /home/airflow/.local/lib/python3.12/site-packages/airflow/example_dags/example_complex.py for tasks to queue
[2024-07-16T19:02:58.627+0000] {logging_mixin.py:188} INFO - [2024-07-16T19:02:58.627+0000] {dagbag.py:545} INFO - Filling up the DagBag from /home/airflow/.local/lib/python3.12/site-packages/airflow/example_dags/example_complex.py
[2024-07-16T19:02:58.636+0000] {processor.py:840} INFO - DAG(s) 'example_complex' retrieved from /home/airflow/.local/lib/python3.12/site-packages/airflow/example_dags/example_complex.py
[2024-07-16T19:02:58.666+0000] {logging_mixin.py:188} INFO - [2024-07-16T19:02:58.666+0000] {dag.py:3096} INFO - Sync 1 DAGs
[2024-07-16T19:02:58.677+0000] {logging_mixin.py:188} INFO - [2024-07-16T19:02:58.677+0000] {dag.py:3954} INFO - Setting next_dagrun for example_complex to None, run_after=None
[2024-07-16T19:02:58.697+0000] {processor.py:183} INFO - Processing /home/airflow/.local/lib/python3.12/site-packages/airflow/example_dags/example_complex.py took 0.077 seconds
[2024-07-16T19:03:29.650+0000] {processor.py:161} INFO - Started process (PID=176) to work on /home/airflow/.local/lib/python3.12/site-packages/airflow/example_dags/example_complex.py
[2024-07-16T19:03:29.657+0000] {processor.py:830} INFO - Processing file /home/airflow/.local/lib/python3.12/site-packages/airflow/example_dags/example_complex.py for tasks to queue
[2024-07-16T19:03:29.659+0000] {logging_mixin.py:188} INFO - [2024-07-16T19:03:29.658+0000] {dagbag.py:545} INFO - Filling up the DagBag from /home/airflow/.local/lib/python3.12/site-packages/airflow/example_dags/example_complex.py
[2024-07-16T19:03:29.668+0000] {processor.py:840} INFO - DAG(s) 'example_complex' retrieved from /home/airflow/.local/lib/python3.12/site-packages/airflow/example_dags/example_complex.py
[2024-07-16T19:03:29.705+0000] {logging_mixin.py:188} INFO - [2024-07-16T19:03:29.704+0000] {dag.py:3096} INFO - Sync 1 DAGs
[2024-07-16T19:03:29.715+0000] {logging_mixin.py:188} INFO - [2024-07-16T19:03:29.715+0000] {dag.py:3954} INFO - Setting next_dagrun for example_complex to None, run_after=None
[2024-07-16T19:03:29.735+0000] {processor.py:183} INFO - Processing /home/airflow/.local/lib/python3.12/site-packages/airflow/example_dags/example_complex.py took 0.092 seconds
[2024-07-16T19:04:00.343+0000] {processor.py:161} INFO - Started process (PID=235) to work on /home/airflow/.local/lib/python3.12/site-packages/airflow/example_dags/example_complex.py
[2024-07-16T19:04:00.344+0000] {processor.py:830} INFO - Processing file /home/airflow/.local/lib/python3.12/site-packages/airflow/example_dags/example_complex.py for tasks to queue
[2024-07-16T19:04:00.346+0000] {logging_mixin.py:188} INFO - [2024-07-16T19:04:00.345+0000] {dagbag.py:545} INFO - Filling up the DagBag from /home/airflow/.local/lib/python3.12/site-packages/airflow/example_dags/example_complex.py
[2024-07-16T19:04:00.355+0000] {processor.py:840} INFO - DAG(s) 'example_complex' retrieved from /home/airflow/.local/lib/python3.12/site-packages/airflow/example_dags/example_complex.py
[2024-07-16T19:04:00.384+0000] {logging_mixin.py:188} INFO - [2024-07-16T19:04:00.383+0000] {dag.py:3096} INFO - Sync 1 DAGs
[2024-07-16T19:04:00.394+0000] {logging_mixin.py:188} INFO - [2024-07-16T19:04:00.394+0000] {dag.py:3954} INFO - Setting next_dagrun for example_complex to None, run_after=None
[2024-07-16T19:04:00.414+0000] {processor.py:183} INFO - Processing /home/airflow/.local/lib/python3.12/site-packages/airflow/example_dags/example_complex.py took 0.076 seconds
[2024-07-16T19:04:30.744+0000] {processor.py:161} INFO - Started process (PID=293) to work on /home/airflow/.local/lib/python3.12/site-packages/airflow/example_dags/example_complex.py
[2024-07-16T19:04:30.745+0000] {processor.py:830} INFO - Processing file /home/airflow/.local/lib/python3.12/site-packages/airflow/example_dags/example_complex.py for tasks to queue
[2024-07-16T19:04:30.748+0000] {logging_mixin.py:188} INFO - [2024-07-16T19:04:30.747+0000] {dagbag.py:545} INFO - Filling up the DagBag from /home/airflow/.local/lib/python3.12/site-packages/airflow/example_dags/example_complex.py
[2024-07-16T19:04:30.762+0000] {processor.py:840} INFO - DAG(s) 'example_complex' retrieved from /home/airflow/.local/lib/python3.12/site-packages/airflow/example_dags/example_complex.py
[2024-07-16T19:04:30.814+0000] {logging_mixin.py:188} INFO - [2024-07-16T19:04:30.814+0000] {dag.py:3096} INFO - Sync 1 DAGs
[2024-07-16T19:04:30.831+0000] {logging_mixin.py:188} INFO - [2024-07-16T19:04:30.830+0000] {dag.py:3954} INFO - Setting next_dagrun for example_complex to None, run_after=None
[2024-07-16T19:04:30.862+0000] {processor.py:183} INFO - Processing /home/airflow/.local/lib/python3.12/site-packages/airflow/example_dags/example_complex.py took 0.125 seconds
[2024-07-16T19:05:01.972+0000] {processor.py:161} INFO - Started process (PID=356) to work on /home/airflow/.local/lib/python3.12/site-packages/airflow/example_dags/example_complex.py
[2024-07-16T19:05:01.976+0000] {processor.py:830} INFO - Processing file /home/airflow/.local/lib/python3.12/site-packages/airflow/example_dags/example_complex.py for tasks to queue
[2024-07-16T19:05:01.982+0000] {logging_mixin.py:188} INFO - [2024-07-16T19:05:01.982+0000] {dagbag.py:545} INFO - Filling up the DagBag from /home/airflow/.local/lib/python3.12/site-packages/airflow/example_dags/example_complex.py
[2024-07-16T19:05:02.016+0000] {processor.py:840} INFO - DAG(s) 'example_complex' retrieved from /home/airflow/.local/lib/python3.12/site-packages/airflow/example_dags/example_complex.py
[2024-07-16T19:05:02.163+0000] {logging_mixin.py:188} INFO - [2024-07-16T19:05:02.162+0000] {dag.py:3096} INFO - Sync 1 DAGs
[2024-07-16T19:05:02.195+0000] {logging_mixin.py:188} INFO - [2024-07-16T19:05:02.195+0000] {dag.py:3954} INFO - Setting next_dagrun for example_complex to None, run_after=None
[2024-07-16T19:05:02.305+0000] {processor.py:183} INFO - Processing /home/airflow/.local/lib/python3.12/site-packages/airflow/example_dags/example_complex.py took 0.360 seconds
[2024-07-16T19:05:33.052+0000] {processor.py:161} INFO - Started process (PID=417) to work on /home/airflow/.local/lib/python3.12/site-packages/airflow/example_dags/example_complex.py
[2024-07-16T19:05:33.063+0000] {processor.py:830} INFO - Processing file /home/airflow/.local/lib/python3.12/site-packages/airflow/example_dags/example_complex.py for tasks to queue
[2024-07-16T19:05:33.065+0000] {logging_mixin.py:188} INFO - [2024-07-16T19:05:33.064+0000] {dagbag.py:545} INFO - Filling up the DagBag from /home/airflow/.local/lib/python3.12/site-packages/airflow/example_dags/example_complex.py
[2024-07-16T19:05:33.119+0000] {processor.py:840} INFO - DAG(s) 'example_complex' retrieved from /home/airflow/.local/lib/python3.12/site-packages/airflow/example_dags/example_complex.py
[2024-07-16T19:05:33.293+0000] {logging_mixin.py:188} INFO - [2024-07-16T19:05:33.293+0000] {dag.py:3096} INFO - Sync 1 DAGs
[2024-07-16T19:05:33.328+0000] {logging_mixin.py:188} INFO - [2024-07-16T19:05:33.327+0000] {dag.py:3954} INFO - Setting next_dagrun for example_complex to None, run_after=None
[2024-07-16T19:05:33.378+0000] {processor.py:183} INFO - Processing /home/airflow/.local/lib/python3.12/site-packages/airflow/example_dags/example_complex.py took 0.336 seconds
[2024-07-16T19:06:04.117+0000] {processor.py:161} INFO - Started process (PID=477) to work on /home/airflow/.local/lib/python3.12/site-packages/airflow/example_dags/example_complex.py
[2024-07-16T19:06:04.118+0000] {processor.py:830} INFO - Processing file /home/airflow/.local/lib/python3.12/site-packages/airflow/example_dags/example_complex.py for tasks to queue
[2024-07-16T19:06:04.119+0000] {logging_mixin.py:188} INFO - [2024-07-16T19:06:04.119+0000] {dagbag.py:545} INFO - Filling up the DagBag from /home/airflow/.local/lib/python3.12/site-packages/airflow/example_dags/example_complex.py
[2024-07-16T19:06:04.156+0000] {processor.py:840} INFO - DAG(s) 'example_complex' retrieved from /home/airflow/.local/lib/python3.12/site-packages/airflow/example_dags/example_complex.py
[2024-07-16T19:06:04.216+0000] {logging_mixin.py:188} INFO - [2024-07-16T19:06:04.216+0000] {dag.py:3096} INFO - Sync 1 DAGs
[2024-07-16T19:06:04.247+0000] {logging_mixin.py:188} INFO - [2024-07-16T19:06:04.247+0000] {dag.py:3954} INFO - Setting next_dagrun for example_complex to None, run_after=None
[2024-07-16T19:06:04.270+0000] {processor.py:183} INFO - Processing /home/airflow/.local/lib/python3.12/site-packages/airflow/example_dags/example_complex.py took 0.168 seconds
[2024-07-16T19:06:34.720+0000] {processor.py:161} INFO - Started process (PID=537) to work on /home/airflow/.local/lib/python3.12/site-packages/airflow/example_dags/example_complex.py
[2024-07-16T19:06:34.730+0000] {processor.py:830} INFO - Processing file /home/airflow/.local/lib/python3.12/site-packages/airflow/example_dags/example_complex.py for tasks to queue
[2024-07-16T19:06:34.731+0000] {logging_mixin.py:188} INFO - [2024-07-16T19:06:34.731+0000] {dagbag.py:545} INFO - Filling up the DagBag from /home/airflow/.local/lib/python3.12/site-packages/airflow/example_dags/example_complex.py
[2024-07-16T19:06:34.772+0000] {processor.py:840} INFO - DAG(s) 'example_complex' retrieved from /home/airflow/.local/lib/python3.12/site-packages/airflow/example_dags/example_complex.py
[2024-07-16T19:06:34.879+0000] {logging_mixin.py:188} INFO - [2024-07-16T19:06:34.878+0000] {dag.py:3096} INFO - Sync 1 DAGs
[2024-07-16T19:06:34.895+0000] {logging_mixin.py:188} INFO - [2024-07-16T19:06:34.894+0000] {dag.py:3954} INFO - Setting next_dagrun for example_complex to None, run_after=None
[2024-07-16T19:06:34.919+0000] {processor.py:183} INFO - Processing /home/airflow/.local/lib/python3.12/site-packages/airflow/example_dags/example_complex.py took 0.213 seconds
[2024-07-16T19:07:05.508+0000] {processor.py:161} INFO - Started process (PID=598) to work on /home/airflow/.local/lib/python3.12/site-packages/airflow/example_dags/example_complex.py
[2024-07-16T19:07:05.509+0000] {processor.py:830} INFO - Processing file /home/airflow/.local/lib/python3.12/site-packages/airflow/example_dags/example_complex.py for tasks to queue
[2024-07-16T19:07:05.510+0000] {logging_mixin.py:188} INFO - [2024-07-16T19:07:05.510+0000] {dagbag.py:545} INFO - Filling up the DagBag from /home/airflow/.local/lib/python3.12/site-packages/airflow/example_dags/example_complex.py
[2024-07-16T19:07:05.525+0000] {processor.py:840} INFO - DAG(s) 'example_complex' retrieved from /home/airflow/.local/lib/python3.12/site-packages/airflow/example_dags/example_complex.py
[2024-07-16T19:07:05.572+0000] {logging_mixin.py:188} INFO - [2024-07-16T19:07:05.572+0000] {dag.py:3096} INFO - Sync 1 DAGs
[2024-07-16T19:07:05.589+0000] {logging_mixin.py:188} INFO - [2024-07-16T19:07:05.589+0000] {dag.py:3954} INFO - Setting next_dagrun for example_complex to None, run_after=None
[2024-07-16T19:07:05.614+0000] {processor.py:183} INFO - Processing /home/airflow/.local/lib/python3.12/site-packages/airflow/example_dags/example_complex.py took 0.113 seconds
[2024-07-16T19:07:35.764+0000] {processor.py:161} INFO - Started process (PID=659) to work on /home/airflow/.local/lib/python3.12/site-packages/airflow/example_dags/example_complex.py
[2024-07-16T19:07:35.769+0000] {processor.py:830} INFO - Processing file /home/airflow/.local/lib/python3.12/site-packages/airflow/example_dags/example_complex.py for tasks to queue
[2024-07-16T19:07:35.774+0000] {logging_mixin.py:188} INFO - [2024-07-16T19:07:35.773+0000] {dagbag.py:545} INFO - Filling up the DagBag from /home/airflow/.local/lib/python3.12/site-packages/airflow/example_dags/example_complex.py
[2024-07-16T19:07:35.798+0000] {processor.py:840} INFO - DAG(s) 'example_complex' retrieved from /home/airflow/.local/lib/python3.12/site-packages/airflow/example_dags/example_complex.py
[2024-07-16T19:07:35.863+0000] {logging_mixin.py:188} INFO - [2024-07-16T19:07:35.863+0000] {dag.py:3096} INFO - Sync 1 DAGs
[2024-07-16T19:07:35.880+0000] {logging_mixin.py:188} INFO - [2024-07-16T19:07:35.880+0000] {dag.py:3954} INFO - Setting next_dagrun for example_complex to None, run_after=None
[2024-07-16T19:07:35.937+0000] {processor.py:183} INFO - Processing /home/airflow/.local/lib/python3.12/site-packages/airflow/example_dags/example_complex.py took 0.190 seconds
[2024-07-16T19:08:06.462+0000] {processor.py:161} INFO - Started process (PID=718) to work on /home/airflow/.local/lib/python3.12/site-packages/airflow/example_dags/example_complex.py
[2024-07-16T19:08:06.463+0000] {processor.py:830} INFO - Processing file /home/airflow/.local/lib/python3.12/site-packages/airflow/example_dags/example_complex.py for tasks to queue
[2024-07-16T19:08:06.465+0000] {logging_mixin.py:188} INFO - [2024-07-16T19:08:06.464+0000] {dagbag.py:545} INFO - Filling up the DagBag from /home/airflow/.local/lib/python3.12/site-packages/airflow/example_dags/example_complex.py
[2024-07-16T19:08:06.480+0000] {processor.py:840} INFO - DAG(s) 'example_complex' retrieved from /home/airflow/.local/lib/python3.12/site-packages/airflow/example_dags/example_complex.py
[2024-07-16T19:08:06.534+0000] {logging_mixin.py:188} INFO - [2024-07-16T19:08:06.534+0000] {dag.py:3096} INFO - Sync 1 DAGs
[2024-07-16T19:08:06.559+0000] {logging_mixin.py:188} INFO - [2024-07-16T19:08:06.559+0000] {dag.py:3954} INFO - Setting next_dagrun for example_complex to None, run_after=None
[2024-07-16T19:08:06.604+0000] {processor.py:183} INFO - Processing /home/airflow/.local/lib/python3.12/site-packages/airflow/example_dags/example_complex.py took 0.149 seconds
[2024-07-16T19:08:37.637+0000] {processor.py:161} INFO - Started process (PID=776) to work on /home/airflow/.local/lib/python3.12/site-packages/airflow/example_dags/example_complex.py
[2024-07-16T19:08:37.638+0000] {processor.py:830} INFO - Processing file /home/airflow/.local/lib/python3.12/site-packages/airflow/example_dags/example_complex.py for tasks to queue
[2024-07-16T19:08:37.639+0000] {logging_mixin.py:188} INFO - [2024-07-16T19:08:37.638+0000] {dagbag.py:545} INFO - Filling up the DagBag from /home/airflow/.local/lib/python3.12/site-packages/airflow/example_dags/example_complex.py
[2024-07-16T19:08:37.653+0000] {processor.py:840} INFO - DAG(s) 'example_complex' retrieved from /home/airflow/.local/lib/python3.12/site-packages/airflow/example_dags/example_complex.py
[2024-07-16T19:08:37.700+0000] {logging_mixin.py:188} INFO - [2024-07-16T19:08:37.700+0000] {dag.py:3096} INFO - Sync 1 DAGs
[2024-07-16T19:08:37.716+0000] {logging_mixin.py:188} INFO - [2024-07-16T19:08:37.716+0000] {dag.py:3954} INFO - Setting next_dagrun for example_complex to None, run_after=None
[2024-07-16T19:08:37.739+0000] {processor.py:183} INFO - Processing /home/airflow/.local/lib/python3.12/site-packages/airflow/example_dags/example_complex.py took 0.109 seconds
[2024-07-16T19:09:08.394+0000] {processor.py:161} INFO - Started process (PID=836) to work on /home/airflow/.local/lib/python3.12/site-packages/airflow/example_dags/example_complex.py
[2024-07-16T19:09:08.395+0000] {processor.py:830} INFO - Processing file /home/airflow/.local/lib/python3.12/site-packages/airflow/example_dags/example_complex.py for tasks to queue
[2024-07-16T19:09:08.396+0000] {logging_mixin.py:188} INFO - [2024-07-16T19:09:08.395+0000] {dagbag.py:545} INFO - Filling up the DagBag from /home/airflow/.local/lib/python3.12/site-packages/airflow/example_dags/example_complex.py
[2024-07-16T19:09:08.411+0000] {processor.py:840} INFO - DAG(s) 'example_complex' retrieved from /home/airflow/.local/lib/python3.12/site-packages/airflow/example_dags/example_complex.py
[2024-07-16T19:09:08.503+0000] {logging_mixin.py:188} INFO - [2024-07-16T19:09:08.503+0000] {dag.py:3096} INFO - Sync 1 DAGs
[2024-07-16T19:09:08.520+0000] {logging_mixin.py:188} INFO - [2024-07-16T19:09:08.520+0000] {dag.py:3954} INFO - Setting next_dagrun for example_complex to None, run_after=None
[2024-07-16T19:09:08.544+0000] {processor.py:183} INFO - Processing /home/airflow/.local/lib/python3.12/site-packages/airflow/example_dags/example_complex.py took 0.156 seconds
[2024-07-16T19:09:38.821+0000] {processor.py:161} INFO - Started process (PID=900) to work on /home/airflow/.local/lib/python3.12/site-packages/airflow/example_dags/example_complex.py
[2024-07-16T19:09:38.822+0000] {processor.py:830} INFO - Processing file /home/airflow/.local/lib/python3.12/site-packages/airflow/example_dags/example_complex.py for tasks to queue
[2024-07-16T19:09:38.823+0000] {logging_mixin.py:188} INFO - [2024-07-16T19:09:38.823+0000] {dagbag.py:545} INFO - Filling up the DagBag from /home/airflow/.local/lib/python3.12/site-packages/airflow/example_dags/example_complex.py
[2024-07-16T19:09:38.838+0000] {processor.py:840} INFO - DAG(s) 'example_complex' retrieved from /home/airflow/.local/lib/python3.12/site-packages/airflow/example_dags/example_complex.py
[2024-07-16T19:09:38.884+0000] {logging_mixin.py:188} INFO - [2024-07-16T19:09:38.884+0000] {dag.py:3096} INFO - Sync 1 DAGs
[2024-07-16T19:09:38.902+0000] {logging_mixin.py:188} INFO - [2024-07-16T19:09:38.901+0000] {dag.py:3954} INFO - Setting next_dagrun for example_complex to None, run_after=None
[2024-07-16T19:09:38.929+0000] {processor.py:183} INFO - Processing /home/airflow/.local/lib/python3.12/site-packages/airflow/example_dags/example_complex.py took 0.114 seconds
[2024-07-16T19:10:09.180+0000] {processor.py:161} INFO - Started process (PID=960) to work on /home/airflow/.local/lib/python3.12/site-packages/airflow/example_dags/example_complex.py
[2024-07-16T19:10:09.181+0000] {processor.py:830} INFO - Processing file /home/airflow/.local/lib/python3.12/site-packages/airflow/example_dags/example_complex.py for tasks to queue
[2024-07-16T19:10:09.182+0000] {logging_mixin.py:188} INFO - [2024-07-16T19:10:09.182+0000] {dagbag.py:545} INFO - Filling up the DagBag from /home/airflow/.local/lib/python3.12/site-packages/airflow/example_dags/example_complex.py
[2024-07-16T19:10:09.198+0000] {processor.py:840} INFO - DAG(s) 'example_complex' retrieved from /home/airflow/.local/lib/python3.12/site-packages/airflow/example_dags/example_complex.py
[2024-07-16T19:10:09.244+0000] {logging_mixin.py:188} INFO - [2024-07-16T19:10:09.244+0000] {dag.py:3096} INFO - Sync 1 DAGs
[2024-07-16T19:10:09.262+0000] {logging_mixin.py:188} INFO - [2024-07-16T19:10:09.262+0000] {dag.py:3954} INFO - Setting next_dagrun for example_complex to None, run_after=None
[2024-07-16T19:10:09.286+0000] {processor.py:183} INFO - Processing /home/airflow/.local/lib/python3.12/site-packages/airflow/example_dags/example_complex.py took 0.112 seconds
[2024-07-16T19:10:39.547+0000] {processor.py:161} INFO - Started process (PID=1019) to work on /home/airflow/.local/lib/python3.12/site-packages/airflow/example_dags/example_complex.py
[2024-07-16T19:10:39.548+0000] {processor.py:830} INFO - Processing file /home/airflow/.local/lib/python3.12/site-packages/airflow/example_dags/example_complex.py for tasks to queue
[2024-07-16T19:10:39.549+0000] {logging_mixin.py:188} INFO - [2024-07-16T19:10:39.549+0000] {dagbag.py:545} INFO - Filling up the DagBag from /home/airflow/.local/lib/python3.12/site-packages/airflow/example_dags/example_complex.py
[2024-07-16T19:10:39.584+0000] {processor.py:840} INFO - DAG(s) 'example_complex' retrieved from /home/airflow/.local/lib/python3.12/site-packages/airflow/example_dags/example_complex.py
[2024-07-16T19:10:39.660+0000] {logging_mixin.py:188} INFO - [2024-07-16T19:10:39.659+0000] {dag.py:3096} INFO - Sync 1 DAGs
[2024-07-16T19:10:39.699+0000] {logging_mixin.py:188} INFO - [2024-07-16T19:10:39.698+0000] {dag.py:3954} INFO - Setting next_dagrun for example_complex to None, run_after=None
[2024-07-16T19:10:39.743+0000] {processor.py:183} INFO - Processing /home/airflow/.local/lib/python3.12/site-packages/airflow/example_dags/example_complex.py took 0.215 seconds
[2024-07-16T19:11:10.402+0000] {processor.py:161} INFO - Started process (PID=1081) to work on /home/airflow/.local/lib/python3.12/site-packages/airflow/example_dags/example_complex.py
[2024-07-16T19:11:10.403+0000] {processor.py:830} INFO - Processing file /home/airflow/.local/lib/python3.12/site-packages/airflow/example_dags/example_complex.py for tasks to queue
[2024-07-16T19:11:10.404+0000] {logging_mixin.py:188} INFO - [2024-07-16T19:11:10.404+0000] {dagbag.py:545} INFO - Filling up the DagBag from /home/airflow/.local/lib/python3.12/site-packages/airflow/example_dags/example_complex.py
[2024-07-16T19:11:10.432+0000] {processor.py:840} INFO - DAG(s) 'example_complex' retrieved from /home/airflow/.local/lib/python3.12/site-packages/airflow/example_dags/example_complex.py
[2024-07-16T19:11:10.618+0000] {logging_mixin.py:188} INFO - [2024-07-16T19:11:10.617+0000] {dag.py:3096} INFO - Sync 1 DAGs
[2024-07-16T19:11:10.638+0000] {logging_mixin.py:188} INFO - [2024-07-16T19:11:10.637+0000] {dag.py:3954} INFO - Setting next_dagrun for example_complex to None, run_after=None
[2024-07-16T19:11:10.700+0000] {processor.py:183} INFO - Processing /home/airflow/.local/lib/python3.12/site-packages/airflow/example_dags/example_complex.py took 0.314 seconds
[2024-07-16T19:11:41.408+0000] {processor.py:161} INFO - Started process (PID=1140) to work on /home/airflow/.local/lib/python3.12/site-packages/airflow/example_dags/example_complex.py
[2024-07-16T19:11:41.410+0000] {processor.py:830} INFO - Processing file /home/airflow/.local/lib/python3.12/site-packages/airflow/example_dags/example_complex.py for tasks to queue
[2024-07-16T19:11:41.411+0000] {logging_mixin.py:188} INFO - [2024-07-16T19:11:41.410+0000] {dagbag.py:545} INFO - Filling up the DagBag from /home/airflow/.local/lib/python3.12/site-packages/airflow/example_dags/example_complex.py
[2024-07-16T19:11:41.425+0000] {processor.py:840} INFO - DAG(s) 'example_complex' retrieved from /home/airflow/.local/lib/python3.12/site-packages/airflow/example_dags/example_complex.py
[2024-07-16T19:11:41.473+0000] {logging_mixin.py:188} INFO - [2024-07-16T19:11:41.473+0000] {dag.py:3096} INFO - Sync 1 DAGs
[2024-07-16T19:11:41.488+0000] {logging_mixin.py:188} INFO - [2024-07-16T19:11:41.487+0000] {dag.py:3954} INFO - Setting next_dagrun for example_complex to None, run_after=None
[2024-07-16T19:11:41.512+0000] {processor.py:183} INFO - Processing /home/airflow/.local/lib/python3.12/site-packages/airflow/example_dags/example_complex.py took 0.109 seconds
[2024-07-16T19:12:11.990+0000] {processor.py:161} INFO - Started process (PID=1199) to work on /home/airflow/.local/lib/python3.12/site-packages/airflow/example_dags/example_complex.py
[2024-07-16T19:12:11.991+0000] {processor.py:830} INFO - Processing file /home/airflow/.local/lib/python3.12/site-packages/airflow/example_dags/example_complex.py for tasks to queue
[2024-07-16T19:12:11.996+0000] {logging_mixin.py:188} INFO - [2024-07-16T19:12:11.992+0000] {dagbag.py:545} INFO - Filling up the DagBag from /home/airflow/.local/lib/python3.12/site-packages/airflow/example_dags/example_complex.py
[2024-07-16T19:12:12.027+0000] {processor.py:840} INFO - DAG(s) 'example_complex' retrieved from /home/airflow/.local/lib/python3.12/site-packages/airflow/example_dags/example_complex.py
[2024-07-16T19:12:12.142+0000] {logging_mixin.py:188} INFO - [2024-07-16T19:12:12.142+0000] {dag.py:3096} INFO - Sync 1 DAGs
[2024-07-16T19:12:12.164+0000] {logging_mixin.py:188} INFO - [2024-07-16T19:12:12.164+0000] {dag.py:3954} INFO - Setting next_dagrun for example_complex to None, run_after=None
[2024-07-16T19:12:12.230+0000] {processor.py:183} INFO - Processing /home/airflow/.local/lib/python3.12/site-packages/airflow/example_dags/example_complex.py took 0.250 seconds
[2024-07-16T19:12:42.520+0000] {processor.py:161} INFO - Started process (PID=1259) to work on /home/airflow/.local/lib/python3.12/site-packages/airflow/example_dags/example_complex.py
[2024-07-16T19:12:42.521+0000] {processor.py:830} INFO - Processing file /home/airflow/.local/lib/python3.12/site-packages/airflow/example_dags/example_complex.py for tasks to queue
[2024-07-16T19:12:42.522+0000] {logging_mixin.py:188} INFO - [2024-07-16T19:12:42.521+0000] {dagbag.py:545} INFO - Filling up the DagBag from /home/airflow/.local/lib/python3.12/site-packages/airflow/example_dags/example_complex.py
[2024-07-16T19:12:42.538+0000] {processor.py:840} INFO - DAG(s) 'example_complex' retrieved from /home/airflow/.local/lib/python3.12/site-packages/airflow/example_dags/example_complex.py
[2024-07-16T19:12:42.592+0000] {logging_mixin.py:188} INFO - [2024-07-16T19:12:42.592+0000] {dag.py:3096} INFO - Sync 1 DAGs
[2024-07-16T19:12:42.608+0000] {logging_mixin.py:188} INFO - [2024-07-16T19:12:42.608+0000] {dag.py:3954} INFO - Setting next_dagrun for example_complex to None, run_after=None
[2024-07-16T19:12:42.633+0000] {processor.py:183} INFO - Processing /home/airflow/.local/lib/python3.12/site-packages/airflow/example_dags/example_complex.py took 0.120 seconds
[2024-07-16T19:13:12.684+0000] {processor.py:161} INFO - Started process (PID=1321) to work on /home/airflow/.local/lib/python3.12/site-packages/airflow/example_dags/example_complex.py
[2024-07-16T19:13:12.684+0000] {processor.py:830} INFO - Processing file /home/airflow/.local/lib/python3.12/site-packages/airflow/example_dags/example_complex.py for tasks to queue
[2024-07-16T19:13:12.685+0000] {logging_mixin.py:188} INFO - [2024-07-16T19:13:12.685+0000] {dagbag.py:545} INFO - Filling up the DagBag from /home/airflow/.local/lib/python3.12/site-packages/airflow/example_dags/example_complex.py
[2024-07-16T19:13:12.694+0000] {processor.py:840} INFO - DAG(s) 'example_complex' retrieved from /home/airflow/.local/lib/python3.12/site-packages/airflow/example_dags/example_complex.py
[2024-07-16T19:13:12.731+0000] {logging_mixin.py:188} INFO - [2024-07-16T19:13:12.731+0000] {dag.py:3096} INFO - Sync 1 DAGs
[2024-07-16T19:13:12.743+0000] {logging_mixin.py:188} INFO - [2024-07-16T19:13:12.743+0000] {dag.py:3954} INFO - Setting next_dagrun for example_complex to None, run_after=None
[2024-07-16T19:13:12.763+0000] {processor.py:183} INFO - Processing /home/airflow/.local/lib/python3.12/site-packages/airflow/example_dags/example_complex.py took 0.084 seconds
[2024-07-16T19:13:42.892+0000] {processor.py:161} INFO - Started process (PID=1380) to work on /home/airflow/.local/lib/python3.12/site-packages/airflow/example_dags/example_complex.py
[2024-07-16T19:13:42.893+0000] {processor.py:830} INFO - Processing file /home/airflow/.local/lib/python3.12/site-packages/airflow/example_dags/example_complex.py for tasks to queue
[2024-07-16T19:13:42.894+0000] {logging_mixin.py:188} INFO - [2024-07-16T19:13:42.893+0000] {dagbag.py:545} INFO - Filling up the DagBag from /home/airflow/.local/lib/python3.12/site-packages/airflow/example_dags/example_complex.py
[2024-07-16T19:13:42.909+0000] {processor.py:840} INFO - DAG(s) 'example_complex' retrieved from /home/airflow/.local/lib/python3.12/site-packages/airflow/example_dags/example_complex.py
[2024-07-16T19:13:42.957+0000] {logging_mixin.py:188} INFO - [2024-07-16T19:13:42.957+0000] {dag.py:3096} INFO - Sync 1 DAGs
[2024-07-16T19:13:42.973+0000] {logging_mixin.py:188} INFO - [2024-07-16T19:13:42.972+0000] {dag.py:3954} INFO - Setting next_dagrun for example_complex to None, run_after=None
[2024-07-16T19:13:42.996+0000] {processor.py:183} INFO - Processing /home/airflow/.local/lib/python3.12/site-packages/airflow/example_dags/example_complex.py took 0.110 seconds
[2024-07-16T19:14:13.372+0000] {processor.py:161} INFO - Started process (PID=1440) to work on /home/airflow/.local/lib/python3.12/site-packages/airflow/example_dags/example_complex.py
[2024-07-16T19:14:13.372+0000] {processor.py:830} INFO - Processing file /home/airflow/.local/lib/python3.12/site-packages/airflow/example_dags/example_complex.py for tasks to queue
[2024-07-16T19:14:13.375+0000] {logging_mixin.py:188} INFO - [2024-07-16T19:14:13.373+0000] {dagbag.py:545} INFO - Filling up the DagBag from /home/airflow/.local/lib/python3.12/site-packages/airflow/example_dags/example_complex.py
[2024-07-16T19:14:13.391+0000] {processor.py:840} INFO - DAG(s) 'example_complex' retrieved from /home/airflow/.local/lib/python3.12/site-packages/airflow/example_dags/example_complex.py
[2024-07-16T19:14:13.434+0000] {logging_mixin.py:188} INFO - [2024-07-16T19:14:13.434+0000] {dag.py:3096} INFO - Sync 1 DAGs
[2024-07-16T19:14:13.451+0000] {logging_mixin.py:188} INFO - [2024-07-16T19:14:13.450+0000] {dag.py:3954} INFO - Setting next_dagrun for example_complex to None, run_after=None
[2024-07-16T19:14:13.478+0000] {processor.py:183} INFO - Processing /home/airflow/.local/lib/python3.12/site-packages/airflow/example_dags/example_complex.py took 0.116 seconds
[2024-07-16T19:14:44.046+0000] {processor.py:161} INFO - Started process (PID=1499) to work on /home/airflow/.local/lib/python3.12/site-packages/airflow/example_dags/example_complex.py
[2024-07-16T19:14:44.047+0000] {processor.py:830} INFO - Processing file /home/airflow/.local/lib/python3.12/site-packages/airflow/example_dags/example_complex.py for tasks to queue
[2024-07-16T19:14:44.048+0000] {logging_mixin.py:188} INFO - [2024-07-16T19:14:44.048+0000] {dagbag.py:545} INFO - Filling up the DagBag from /home/airflow/.local/lib/python3.12/site-packages/airflow/example_dags/example_complex.py
[2024-07-16T19:14:44.062+0000] {processor.py:840} INFO - DAG(s) 'example_complex' retrieved from /home/airflow/.local/lib/python3.12/site-packages/airflow/example_dags/example_complex.py
[2024-07-16T19:14:44.111+0000] {logging_mixin.py:188} INFO - [2024-07-16T19:14:44.111+0000] {dag.py:3096} INFO - Sync 1 DAGs
[2024-07-16T19:14:44.127+0000] {logging_mixin.py:188} INFO - [2024-07-16T19:14:44.127+0000] {dag.py:3954} INFO - Setting next_dagrun for example_complex to None, run_after=None
[2024-07-16T19:14:44.150+0000] {processor.py:183} INFO - Processing /home/airflow/.local/lib/python3.12/site-packages/airflow/example_dags/example_complex.py took 0.110 seconds
[2024-07-16T19:15:14.319+0000] {processor.py:161} INFO - Started process (PID=1558) to work on /home/airflow/.local/lib/python3.12/site-packages/airflow/example_dags/example_complex.py
[2024-07-16T19:15:14.320+0000] {processor.py:830} INFO - Processing file /home/airflow/.local/lib/python3.12/site-packages/airflow/example_dags/example_complex.py for tasks to queue
[2024-07-16T19:15:14.321+0000] {logging_mixin.py:188} INFO - [2024-07-16T19:15:14.321+0000] {dagbag.py:545} INFO - Filling up the DagBag from /home/airflow/.local/lib/python3.12/site-packages/airflow/example_dags/example_complex.py
[2024-07-16T19:15:14.336+0000] {processor.py:840} INFO - DAG(s) 'example_complex' retrieved from /home/airflow/.local/lib/python3.12/site-packages/airflow/example_dags/example_complex.py
[2024-07-16T19:15:14.382+0000] {logging_mixin.py:188} INFO - [2024-07-16T19:15:14.382+0000] {dag.py:3096} INFO - Sync 1 DAGs
[2024-07-16T19:15:14.399+0000] {logging_mixin.py:188} INFO - [2024-07-16T19:15:14.398+0000] {dag.py:3954} INFO - Setting next_dagrun for example_complex to None, run_after=None
[2024-07-16T19:15:14.424+0000] {processor.py:183} INFO - Processing /home/airflow/.local/lib/python3.12/site-packages/airflow/example_dags/example_complex.py took 0.112 seconds
[2024-07-16T19:19:14.561+0000] {processor.py:161} INFO - Started process (PID=51) to work on /home/airflow/.local/lib/python3.12/site-packages/airflow/example_dags/example_complex.py
[2024-07-16T19:19:14.562+0000] {processor.py:830} INFO - Processing file /home/airflow/.local/lib/python3.12/site-packages/airflow/example_dags/example_complex.py for tasks to queue
[2024-07-16T19:19:14.564+0000] {logging_mixin.py:188} INFO - [2024-07-16T19:19:14.564+0000] {dagbag.py:545} INFO - Filling up the DagBag from /home/airflow/.local/lib/python3.12/site-packages/airflow/example_dags/example_complex.py
[2024-07-16T19:19:14.621+0000] {processor.py:840} INFO - DAG(s) 'example_complex' retrieved from /home/airflow/.local/lib/python3.12/site-packages/airflow/example_dags/example_complex.py
[2024-07-16T19:19:15.406+0000] {logging_mixin.py:188} INFO - [2024-07-16T19:19:15.405+0000] {dag.py:3096} INFO - Sync 1 DAGs
[2024-07-16T19:19:15.456+0000] {logging_mixin.py:188} INFO - [2024-07-16T19:19:15.456+0000] {dag.py:3954} INFO - Setting next_dagrun for example_complex to None, run_after=None
[2024-07-16T19:19:15.507+0000] {processor.py:183} INFO - Processing /home/airflow/.local/lib/python3.12/site-packages/airflow/example_dags/example_complex.py took 0.977 seconds
[2024-07-16T19:19:45.560+0000] {processor.py:161} INFO - Started process (PID=117) to work on /home/airflow/.local/lib/python3.12/site-packages/airflow/example_dags/example_complex.py
[2024-07-16T19:19:45.561+0000] {processor.py:830} INFO - Processing file /home/airflow/.local/lib/python3.12/site-packages/airflow/example_dags/example_complex.py for tasks to queue
[2024-07-16T19:19:45.563+0000] {logging_mixin.py:188} INFO - [2024-07-16T19:19:45.562+0000] {dagbag.py:545} INFO - Filling up the DagBag from /home/airflow/.local/lib/python3.12/site-packages/airflow/example_dags/example_complex.py
[2024-07-16T19:19:45.577+0000] {processor.py:840} INFO - DAG(s) 'example_complex' retrieved from /home/airflow/.local/lib/python3.12/site-packages/airflow/example_dags/example_complex.py
[2024-07-16T19:19:45.622+0000] {logging_mixin.py:188} INFO - [2024-07-16T19:19:45.621+0000] {dag.py:3096} INFO - Sync 1 DAGs
[2024-07-16T19:19:45.636+0000] {logging_mixin.py:188} INFO - [2024-07-16T19:19:45.636+0000] {dag.py:3954} INFO - Setting next_dagrun for example_complex to None, run_after=None
[2024-07-16T19:19:45.655+0000] {processor.py:183} INFO - Processing /home/airflow/.local/lib/python3.12/site-packages/airflow/example_dags/example_complex.py took 0.101 seconds
[2024-07-16T19:20:15.726+0000] {processor.py:161} INFO - Started process (PID=176) to work on /home/airflow/.local/lib/python3.12/site-packages/airflow/example_dags/example_complex.py
[2024-07-16T19:20:15.728+0000] {processor.py:830} INFO - Processing file /home/airflow/.local/lib/python3.12/site-packages/airflow/example_dags/example_complex.py for tasks to queue
[2024-07-16T19:20:15.730+0000] {logging_mixin.py:188} INFO - [2024-07-16T19:20:15.729+0000] {dagbag.py:545} INFO - Filling up the DagBag from /home/airflow/.local/lib/python3.12/site-packages/airflow/example_dags/example_complex.py
[2024-07-16T19:20:15.744+0000] {processor.py:840} INFO - DAG(s) 'example_complex' retrieved from /home/airflow/.local/lib/python3.12/site-packages/airflow/example_dags/example_complex.py
[2024-07-16T19:20:15.789+0000] {logging_mixin.py:188} INFO - [2024-07-16T19:20:15.789+0000] {dag.py:3096} INFO - Sync 1 DAGs
[2024-07-16T19:20:15.804+0000] {logging_mixin.py:188} INFO - [2024-07-16T19:20:15.804+0000] {dag.py:3954} INFO - Setting next_dagrun for example_complex to None, run_after=None
[2024-07-16T19:20:15.831+0000] {processor.py:183} INFO - Processing /home/airflow/.local/lib/python3.12/site-packages/airflow/example_dags/example_complex.py took 0.111 seconds
[2024-07-16T19:20:46.160+0000] {processor.py:161} INFO - Started process (PID=234) to work on /home/airflow/.local/lib/python3.12/site-packages/airflow/example_dags/example_complex.py
[2024-07-16T19:20:46.161+0000] {processor.py:830} INFO - Processing file /home/airflow/.local/lib/python3.12/site-packages/airflow/example_dags/example_complex.py for tasks to queue
[2024-07-16T19:20:46.163+0000] {logging_mixin.py:188} INFO - [2024-07-16T19:20:46.163+0000] {dagbag.py:545} INFO - Filling up the DagBag from /home/airflow/.local/lib/python3.12/site-packages/airflow/example_dags/example_complex.py
[2024-07-16T19:20:46.180+0000] {processor.py:840} INFO - DAG(s) 'example_complex' retrieved from /home/airflow/.local/lib/python3.12/site-packages/airflow/example_dags/example_complex.py
[2024-07-16T19:20:46.225+0000] {logging_mixin.py:188} INFO - [2024-07-16T19:20:46.225+0000] {dag.py:3096} INFO - Sync 1 DAGs
[2024-07-16T19:20:46.240+0000] {logging_mixin.py:188} INFO - [2024-07-16T19:20:46.240+0000] {dag.py:3954} INFO - Setting next_dagrun for example_complex to None, run_after=None
[2024-07-16T19:20:46.269+0000] {processor.py:183} INFO - Processing /home/airflow/.local/lib/python3.12/site-packages/airflow/example_dags/example_complex.py took 0.115 seconds
[2024-07-16T19:21:16.528+0000] {processor.py:161} INFO - Started process (PID=293) to work on /home/airflow/.local/lib/python3.12/site-packages/airflow/example_dags/example_complex.py
[2024-07-16T19:21:16.533+0000] {processor.py:830} INFO - Processing file /home/airflow/.local/lib/python3.12/site-packages/airflow/example_dags/example_complex.py for tasks to queue
[2024-07-16T19:21:16.536+0000] {logging_mixin.py:188} INFO - [2024-07-16T19:21:16.535+0000] {dagbag.py:545} INFO - Filling up the DagBag from /home/airflow/.local/lib/python3.12/site-packages/airflow/example_dags/example_complex.py
[2024-07-16T19:21:16.571+0000] {processor.py:840} INFO - DAG(s) 'example_complex' retrieved from /home/airflow/.local/lib/python3.12/site-packages/airflow/example_dags/example_complex.py
[2024-07-16T19:21:16.675+0000] {logging_mixin.py:188} INFO - [2024-07-16T19:21:16.674+0000] {dag.py:3096} INFO - Sync 1 DAGs
[2024-07-16T19:21:16.736+0000] {logging_mixin.py:188} INFO - [2024-07-16T19:21:16.736+0000] {dag.py:3954} INFO - Setting next_dagrun for example_complex to None, run_after=None
[2024-07-16T19:21:16.797+0000] {processor.py:183} INFO - Processing /home/airflow/.local/lib/python3.12/site-packages/airflow/example_dags/example_complex.py took 0.289 seconds
[2024-07-16T19:21:47.161+0000] {processor.py:161} INFO - Started process (PID=352) to work on /home/airflow/.local/lib/python3.12/site-packages/airflow/example_dags/example_complex.py
[2024-07-16T19:21:47.162+0000] {processor.py:830} INFO - Processing file /home/airflow/.local/lib/python3.12/site-packages/airflow/example_dags/example_complex.py for tasks to queue
[2024-07-16T19:21:47.169+0000] {logging_mixin.py:188} INFO - [2024-07-16T19:21:47.169+0000] {dagbag.py:545} INFO - Filling up the DagBag from /home/airflow/.local/lib/python3.12/site-packages/airflow/example_dags/example_complex.py
[2024-07-16T19:21:47.204+0000] {processor.py:840} INFO - DAG(s) 'example_complex' retrieved from /home/airflow/.local/lib/python3.12/site-packages/airflow/example_dags/example_complex.py
[2024-07-16T19:21:47.251+0000] {logging_mixin.py:188} INFO - [2024-07-16T19:21:47.250+0000] {dag.py:3096} INFO - Sync 1 DAGs
[2024-07-16T19:21:47.276+0000] {logging_mixin.py:188} INFO - [2024-07-16T19:21:47.276+0000] {dag.py:3954} INFO - Setting next_dagrun for example_complex to None, run_after=None
[2024-07-16T19:21:47.300+0000] {processor.py:183} INFO - Processing /home/airflow/.local/lib/python3.12/site-packages/airflow/example_dags/example_complex.py took 0.147 seconds
[2024-07-16T19:22:17.455+0000] {processor.py:161} INFO - Started process (PID=412) to work on /home/airflow/.local/lib/python3.12/site-packages/airflow/example_dags/example_complex.py
[2024-07-16T19:22:17.455+0000] {processor.py:830} INFO - Processing file /home/airflow/.local/lib/python3.12/site-packages/airflow/example_dags/example_complex.py for tasks to queue
[2024-07-16T19:22:17.457+0000] {logging_mixin.py:188} INFO - [2024-07-16T19:22:17.457+0000] {dagbag.py:545} INFO - Filling up the DagBag from /home/airflow/.local/lib/python3.12/site-packages/airflow/example_dags/example_complex.py
[2024-07-16T19:22:17.466+0000] {processor.py:840} INFO - DAG(s) 'example_complex' retrieved from /home/airflow/.local/lib/python3.12/site-packages/airflow/example_dags/example_complex.py
[2024-07-16T19:22:17.509+0000] {logging_mixin.py:188} INFO - [2024-07-16T19:22:17.509+0000] {dag.py:3096} INFO - Sync 1 DAGs
[2024-07-16T19:22:17.526+0000] {logging_mixin.py:188} INFO - [2024-07-16T19:22:17.526+0000] {dag.py:3954} INFO - Setting next_dagrun for example_complex to None, run_after=None
[2024-07-16T19:22:17.581+0000] {processor.py:183} INFO - Processing /home/airflow/.local/lib/python3.12/site-packages/airflow/example_dags/example_complex.py took 0.134 seconds
[2024-07-16T19:22:47.717+0000] {processor.py:161} INFO - Started process (PID=474) to work on /home/airflow/.local/lib/python3.12/site-packages/airflow/example_dags/example_complex.py
[2024-07-16T19:22:47.718+0000] {processor.py:830} INFO - Processing file /home/airflow/.local/lib/python3.12/site-packages/airflow/example_dags/example_complex.py for tasks to queue
[2024-07-16T19:22:47.719+0000] {logging_mixin.py:188} INFO - [2024-07-16T19:22:47.719+0000] {dagbag.py:545} INFO - Filling up the DagBag from /home/airflow/.local/lib/python3.12/site-packages/airflow/example_dags/example_complex.py
[2024-07-16T19:22:47.737+0000] {processor.py:840} INFO - DAG(s) 'example_complex' retrieved from /home/airflow/.local/lib/python3.12/site-packages/airflow/example_dags/example_complex.py
[2024-07-16T19:22:47.827+0000] {logging_mixin.py:188} INFO - [2024-07-16T19:22:47.826+0000] {dag.py:3096} INFO - Sync 1 DAGs
[2024-07-16T19:22:47.844+0000] {logging_mixin.py:188} INFO - [2024-07-16T19:22:47.844+0000] {dag.py:3954} INFO - Setting next_dagrun for example_complex to None, run_after=None
[2024-07-16T19:22:47.867+0000] {processor.py:183} INFO - Processing /home/airflow/.local/lib/python3.12/site-packages/airflow/example_dags/example_complex.py took 0.157 seconds
[2024-07-16T19:23:17.933+0000] {processor.py:161} INFO - Started process (PID=535) to work on /home/airflow/.local/lib/python3.12/site-packages/airflow/example_dags/example_complex.py
[2024-07-16T19:23:17.934+0000] {processor.py:830} INFO - Processing file /home/airflow/.local/lib/python3.12/site-packages/airflow/example_dags/example_complex.py for tasks to queue
[2024-07-16T19:23:17.935+0000] {logging_mixin.py:188} INFO - [2024-07-16T19:23:17.935+0000] {dagbag.py:545} INFO - Filling up the DagBag from /home/airflow/.local/lib/python3.12/site-packages/airflow/example_dags/example_complex.py
[2024-07-16T19:23:17.944+0000] {processor.py:840} INFO - DAG(s) 'example_complex' retrieved from /home/airflow/.local/lib/python3.12/site-packages/airflow/example_dags/example_complex.py
[2024-07-16T19:23:17.988+0000] {logging_mixin.py:188} INFO - [2024-07-16T19:23:17.988+0000] {dag.py:3096} INFO - Sync 1 DAGs
[2024-07-16T19:23:18.005+0000] {logging_mixin.py:188} INFO - [2024-07-16T19:23:18.005+0000] {dag.py:3954} INFO - Setting next_dagrun for example_complex to None, run_after=None
[2024-07-16T19:23:18.030+0000] {processor.py:183} INFO - Processing /home/airflow/.local/lib/python3.12/site-packages/airflow/example_dags/example_complex.py took 0.101 seconds
[2024-07-16T19:23:48.082+0000] {processor.py:161} INFO - Started process (PID=594) to work on /home/airflow/.local/lib/python3.12/site-packages/airflow/example_dags/example_complex.py
[2024-07-16T19:23:48.083+0000] {processor.py:830} INFO - Processing file /home/airflow/.local/lib/python3.12/site-packages/airflow/example_dags/example_complex.py for tasks to queue
[2024-07-16T19:23:48.085+0000] {logging_mixin.py:188} INFO - [2024-07-16T19:23:48.085+0000] {dagbag.py:545} INFO - Filling up the DagBag from /home/airflow/.local/lib/python3.12/site-packages/airflow/example_dags/example_complex.py
[2024-07-16T19:23:48.100+0000] {processor.py:840} INFO - DAG(s) 'example_complex' retrieved from /home/airflow/.local/lib/python3.12/site-packages/airflow/example_dags/example_complex.py
[2024-07-16T19:23:48.145+0000] {logging_mixin.py:188} INFO - [2024-07-16T19:23:48.145+0000] {dag.py:3096} INFO - Sync 1 DAGs
[2024-07-16T19:23:48.158+0000] {logging_mixin.py:188} INFO - [2024-07-16T19:23:48.158+0000] {dag.py:3954} INFO - Setting next_dagrun for example_complex to None, run_after=None
[2024-07-16T19:23:48.180+0000] {processor.py:183} INFO - Processing /home/airflow/.local/lib/python3.12/site-packages/airflow/example_dags/example_complex.py took 0.104 seconds
[2024-07-16T19:24:18.836+0000] {processor.py:161} INFO - Started process (PID=653) to work on /home/airflow/.local/lib/python3.12/site-packages/airflow/example_dags/example_complex.py
[2024-07-16T19:24:18.837+0000] {processor.py:830} INFO - Processing file /home/airflow/.local/lib/python3.12/site-packages/airflow/example_dags/example_complex.py for tasks to queue
[2024-07-16T19:24:18.838+0000] {logging_mixin.py:188} INFO - [2024-07-16T19:24:18.838+0000] {dagbag.py:545} INFO - Filling up the DagBag from /home/airflow/.local/lib/python3.12/site-packages/airflow/example_dags/example_complex.py
[2024-07-16T19:24:18.853+0000] {processor.py:840} INFO - DAG(s) 'example_complex' retrieved from /home/airflow/.local/lib/python3.12/site-packages/airflow/example_dags/example_complex.py
[2024-07-16T19:24:18.901+0000] {logging_mixin.py:188} INFO - [2024-07-16T19:24:18.900+0000] {dag.py:3096} INFO - Sync 1 DAGs
[2024-07-16T19:24:18.914+0000] {logging_mixin.py:188} INFO - [2024-07-16T19:24:18.914+0000] {dag.py:3954} INFO - Setting next_dagrun for example_complex to None, run_after=None
[2024-07-16T19:24:18.938+0000] {processor.py:183} INFO - Processing /home/airflow/.local/lib/python3.12/site-packages/airflow/example_dags/example_complex.py took 0.109 seconds
[2024-07-16T19:24:49.873+0000] {processor.py:161} INFO - Started process (PID=712) to work on /home/airflow/.local/lib/python3.12/site-packages/airflow/example_dags/example_complex.py
[2024-07-16T19:24:49.874+0000] {processor.py:830} INFO - Processing file /home/airflow/.local/lib/python3.12/site-packages/airflow/example_dags/example_complex.py for tasks to queue
[2024-07-16T19:24:49.875+0000] {logging_mixin.py:188} INFO - [2024-07-16T19:24:49.875+0000] {dagbag.py:545} INFO - Filling up the DagBag from /home/airflow/.local/lib/python3.12/site-packages/airflow/example_dags/example_complex.py
[2024-07-16T19:24:49.890+0000] {processor.py:840} INFO - DAG(s) 'example_complex' retrieved from /home/airflow/.local/lib/python3.12/site-packages/airflow/example_dags/example_complex.py
[2024-07-16T19:24:49.920+0000] {logging_mixin.py:188} INFO - [2024-07-16T19:24:49.920+0000] {dag.py:3096} INFO - Sync 1 DAGs
[2024-07-16T19:24:49.931+0000] {logging_mixin.py:188} INFO - [2024-07-16T19:24:49.931+0000] {dag.py:3954} INFO - Setting next_dagrun for example_complex to None, run_after=None
[2024-07-16T19:24:49.950+0000] {processor.py:183} INFO - Processing /home/airflow/.local/lib/python3.12/site-packages/airflow/example_dags/example_complex.py took 0.085 seconds
[2024-07-16T19:25:20.803+0000] {processor.py:161} INFO - Started process (PID=772) to work on /home/airflow/.local/lib/python3.12/site-packages/airflow/example_dags/example_complex.py
[2024-07-16T19:25:20.807+0000] {processor.py:830} INFO - Processing file /home/airflow/.local/lib/python3.12/site-packages/airflow/example_dags/example_complex.py for tasks to queue
[2024-07-16T19:25:20.808+0000] {logging_mixin.py:188} INFO - [2024-07-16T19:25:20.808+0000] {dagbag.py:545} INFO - Filling up the DagBag from /home/airflow/.local/lib/python3.12/site-packages/airflow/example_dags/example_complex.py
[2024-07-16T19:25:20.840+0000] {processor.py:840} INFO - DAG(s) 'example_complex' retrieved from /home/airflow/.local/lib/python3.12/site-packages/airflow/example_dags/example_complex.py
[2024-07-16T19:25:20.900+0000] {logging_mixin.py:188} INFO - [2024-07-16T19:25:20.900+0000] {dag.py:3096} INFO - Sync 1 DAGs
[2024-07-16T19:25:20.918+0000] {logging_mixin.py:188} INFO - [2024-07-16T19:25:20.918+0000] {dag.py:3954} INFO - Setting next_dagrun for example_complex to None, run_after=None
[2024-07-16T19:25:20.945+0000] {processor.py:183} INFO - Processing /home/airflow/.local/lib/python3.12/site-packages/airflow/example_dags/example_complex.py took 0.150 seconds
[2024-07-16T19:25:51.967+0000] {processor.py:161} INFO - Started process (PID=831) to work on /home/airflow/.local/lib/python3.12/site-packages/airflow/example_dags/example_complex.py
[2024-07-16T19:25:51.968+0000] {processor.py:830} INFO - Processing file /home/airflow/.local/lib/python3.12/site-packages/airflow/example_dags/example_complex.py for tasks to queue
[2024-07-16T19:25:51.970+0000] {logging_mixin.py:188} INFO - [2024-07-16T19:25:51.969+0000] {dagbag.py:545} INFO - Filling up the DagBag from /home/airflow/.local/lib/python3.12/site-packages/airflow/example_dags/example_complex.py
[2024-07-16T19:25:52.016+0000] {processor.py:840} INFO - DAG(s) 'example_complex' retrieved from /home/airflow/.local/lib/python3.12/site-packages/airflow/example_dags/example_complex.py
[2024-07-16T19:25:52.154+0000] {logging_mixin.py:188} INFO - [2024-07-16T19:25:52.154+0000] {dag.py:3096} INFO - Sync 1 DAGs
[2024-07-16T19:25:52.203+0000] {logging_mixin.py:188} INFO - [2024-07-16T19:25:52.203+0000] {dag.py:3954} INFO - Setting next_dagrun for example_complex to None, run_after=None
[2024-07-16T19:25:52.277+0000] {processor.py:183} INFO - Processing /home/airflow/.local/lib/python3.12/site-packages/airflow/example_dags/example_complex.py took 0.333 seconds
[2024-07-16T19:26:22.689+0000] {processor.py:161} INFO - Started process (PID=890) to work on /home/airflow/.local/lib/python3.12/site-packages/airflow/example_dags/example_complex.py
[2024-07-16T19:26:22.690+0000] {processor.py:830} INFO - Processing file /home/airflow/.local/lib/python3.12/site-packages/airflow/example_dags/example_complex.py for tasks to queue
[2024-07-16T19:26:22.691+0000] {logging_mixin.py:188} INFO - [2024-07-16T19:26:22.690+0000] {dagbag.py:545} INFO - Filling up the DagBag from /home/airflow/.local/lib/python3.12/site-packages/airflow/example_dags/example_complex.py
[2024-07-16T19:26:22.700+0000] {processor.py:840} INFO - DAG(s) 'example_complex' retrieved from /home/airflow/.local/lib/python3.12/site-packages/airflow/example_dags/example_complex.py
[2024-07-16T19:26:22.728+0000] {logging_mixin.py:188} INFO - [2024-07-16T19:26:22.728+0000] {dag.py:3096} INFO - Sync 1 DAGs
[2024-07-16T19:26:22.738+0000] {logging_mixin.py:188} INFO - [2024-07-16T19:26:22.738+0000] {dag.py:3954} INFO - Setting next_dagrun for example_complex to None, run_after=None
[2024-07-16T19:26:22.759+0000] {processor.py:183} INFO - Processing /home/airflow/.local/lib/python3.12/site-packages/airflow/example_dags/example_complex.py took 0.078 seconds
[2024-07-16T19:26:53.592+0000] {processor.py:161} INFO - Started process (PID=949) to work on /home/airflow/.local/lib/python3.12/site-packages/airflow/example_dags/example_complex.py
[2024-07-16T19:26:53.594+0000] {processor.py:830} INFO - Processing file /home/airflow/.local/lib/python3.12/site-packages/airflow/example_dags/example_complex.py for tasks to queue
[2024-07-16T19:26:53.595+0000] {logging_mixin.py:188} INFO - [2024-07-16T19:26:53.594+0000] {dagbag.py:545} INFO - Filling up the DagBag from /home/airflow/.local/lib/python3.12/site-packages/airflow/example_dags/example_complex.py
[2024-07-16T19:26:53.618+0000] {processor.py:840} INFO - DAG(s) 'example_complex' retrieved from /home/airflow/.local/lib/python3.12/site-packages/airflow/example_dags/example_complex.py
[2024-07-16T19:26:53.675+0000] {logging_mixin.py:188} INFO - [2024-07-16T19:26:53.675+0000] {dag.py:3096} INFO - Sync 1 DAGs
[2024-07-16T19:26:53.702+0000] {logging_mixin.py:188} INFO - [2024-07-16T19:26:53.702+0000] {dag.py:3954} INFO - Setting next_dagrun for example_complex to None, run_after=None
[2024-07-16T19:26:53.728+0000] {processor.py:183} INFO - Processing /home/airflow/.local/lib/python3.12/site-packages/airflow/example_dags/example_complex.py took 0.142 seconds
