[2024-07-16T19:02:22.385+0000] {processor.py:161} INFO - Started process (PID=40) to work on /home/airflow/.local/lib/python3.12/site-packages/airflow/example_dags/example_branch_operator.py
[2024-07-16T19:02:22.389+0000] {processor.py:830} INFO - Processing file /home/airflow/.local/lib/python3.12/site-packages/airflow/example_dags/example_branch_operator.py for tasks to queue
[2024-07-16T19:02:22.394+0000] {logging_mixin.py:188} INFO - [2024-07-16T19:02:22.394+0000] {dagbag.py:545} INFO - Filling up the DagBag from /home/airflow/.local/lib/python3.12/site-packages/airflow/example_dags/example_branch_operator.py
[2024-07-16T19:02:22.505+0000] {processor.py:840} INFO - DAG(s) 'example_branch_operator' retrieved from /home/airflow/.local/lib/python3.12/site-packages/airflow/example_dags/example_branch_operator.py
[2024-07-16T19:02:22.840+0000] {logging_mixin.py:188} INFO - [2024-07-16T19:02:22.840+0000] {dag.py:3096} INFO - Sync 1 DAGs
[2024-07-16T19:02:22.952+0000] {logging_mixin.py:188} INFO - [2024-07-16T19:02:22.952+0000] {dag.py:3954} INFO - Setting next_dagrun for example_branch_operator to 2024-07-15 00:00:00+00:00, run_after=2024-07-16 00:00:00+00:00
[2024-07-16T19:02:23.014+0000] {processor.py:183} INFO - Processing /home/airflow/.local/lib/python3.12/site-packages/airflow/example_dags/example_branch_operator.py took 0.648 seconds
[2024-07-16T19:02:53.611+0000] {processor.py:161} INFO - Started process (PID=99) to work on /home/airflow/.local/lib/python3.12/site-packages/airflow/example_dags/example_branch_operator.py
[2024-07-16T19:02:53.612+0000] {processor.py:830} INFO - Processing file /home/airflow/.local/lib/python3.12/site-packages/airflow/example_dags/example_branch_operator.py for tasks to queue
[2024-07-16T19:02:53.624+0000] {logging_mixin.py:188} INFO - [2024-07-16T19:02:53.624+0000] {dagbag.py:545} INFO - Filling up the DagBag from /home/airflow/.local/lib/python3.12/site-packages/airflow/example_dags/example_branch_operator.py
[2024-07-16T19:02:53.645+0000] {processor.py:840} INFO - DAG(s) 'example_branch_operator' retrieved from /home/airflow/.local/lib/python3.12/site-packages/airflow/example_dags/example_branch_operator.py
[2024-07-16T19:02:53.687+0000] {logging_mixin.py:188} INFO - [2024-07-16T19:02:53.687+0000] {dag.py:3096} INFO - Sync 1 DAGs
[2024-07-16T19:02:53.715+0000] {logging_mixin.py:188} INFO - [2024-07-16T19:02:53.715+0000] {dag.py:3954} INFO - Setting next_dagrun for example_branch_operator to 2024-07-15 00:00:00+00:00, run_after=2024-07-16 00:00:00+00:00
[2024-07-16T19:02:53.734+0000] {processor.py:183} INFO - Processing /home/airflow/.local/lib/python3.12/site-packages/airflow/example_dags/example_branch_operator.py took 0.141 seconds
[2024-07-16T19:03:23.784+0000] {processor.py:161} INFO - Started process (PID=158) to work on /home/airflow/.local/lib/python3.12/site-packages/airflow/example_dags/example_branch_operator.py
[2024-07-16T19:03:23.785+0000] {processor.py:830} INFO - Processing file /home/airflow/.local/lib/python3.12/site-packages/airflow/example_dags/example_branch_operator.py for tasks to queue
[2024-07-16T19:03:23.789+0000] {logging_mixin.py:188} INFO - [2024-07-16T19:03:23.789+0000] {dagbag.py:545} INFO - Filling up the DagBag from /home/airflow/.local/lib/python3.12/site-packages/airflow/example_dags/example_branch_operator.py
[2024-07-16T19:03:23.810+0000] {processor.py:840} INFO - DAG(s) 'example_branch_operator' retrieved from /home/airflow/.local/lib/python3.12/site-packages/airflow/example_dags/example_branch_operator.py
[2024-07-16T19:03:23.847+0000] {logging_mixin.py:188} INFO - [2024-07-16T19:03:23.847+0000] {dag.py:3096} INFO - Sync 1 DAGs
[2024-07-16T19:03:23.882+0000] {logging_mixin.py:188} INFO - [2024-07-16T19:03:23.881+0000] {dag.py:3954} INFO - Setting next_dagrun for example_branch_operator to 2024-07-15 00:00:00+00:00, run_after=2024-07-16 00:00:00+00:00
[2024-07-16T19:03:23.926+0000] {processor.py:183} INFO - Processing /home/airflow/.local/lib/python3.12/site-packages/airflow/example_dags/example_branch_operator.py took 0.148 seconds
[2024-07-16T19:03:54.321+0000] {processor.py:161} INFO - Started process (PID=217) to work on /home/airflow/.local/lib/python3.12/site-packages/airflow/example_dags/example_branch_operator.py
[2024-07-16T19:03:54.324+0000] {processor.py:830} INFO - Processing file /home/airflow/.local/lib/python3.12/site-packages/airflow/example_dags/example_branch_operator.py for tasks to queue
[2024-07-16T19:03:54.327+0000] {logging_mixin.py:188} INFO - [2024-07-16T19:03:54.326+0000] {dagbag.py:545} INFO - Filling up the DagBag from /home/airflow/.local/lib/python3.12/site-packages/airflow/example_dags/example_branch_operator.py
[2024-07-16T19:03:54.353+0000] {processor.py:840} INFO - DAG(s) 'example_branch_operator' retrieved from /home/airflow/.local/lib/python3.12/site-packages/airflow/example_dags/example_branch_operator.py
[2024-07-16T19:03:54.396+0000] {logging_mixin.py:188} INFO - [2024-07-16T19:03:54.395+0000] {dag.py:3096} INFO - Sync 1 DAGs
[2024-07-16T19:03:54.428+0000] {logging_mixin.py:188} INFO - [2024-07-16T19:03:54.427+0000] {dag.py:3954} INFO - Setting next_dagrun for example_branch_operator to 2024-07-15 00:00:00+00:00, run_after=2024-07-16 00:00:00+00:00
[2024-07-16T19:03:54.476+0000] {processor.py:183} INFO - Processing /home/airflow/.local/lib/python3.12/site-packages/airflow/example_dags/example_branch_operator.py took 0.170 seconds
[2024-07-16T19:04:24.912+0000] {processor.py:161} INFO - Started process (PID=276) to work on /home/airflow/.local/lib/python3.12/site-packages/airflow/example_dags/example_branch_operator.py
[2024-07-16T19:04:24.951+0000] {processor.py:830} INFO - Processing file /home/airflow/.local/lib/python3.12/site-packages/airflow/example_dags/example_branch_operator.py for tasks to queue
[2024-07-16T19:04:24.956+0000] {logging_mixin.py:188} INFO - [2024-07-16T19:04:24.956+0000] {dagbag.py:545} INFO - Filling up the DagBag from /home/airflow/.local/lib/python3.12/site-packages/airflow/example_dags/example_branch_operator.py
[2024-07-16T19:04:25.031+0000] {processor.py:840} INFO - DAG(s) 'example_branch_operator' retrieved from /home/airflow/.local/lib/python3.12/site-packages/airflow/example_dags/example_branch_operator.py
[2024-07-16T19:04:25.266+0000] {logging_mixin.py:188} INFO - [2024-07-16T19:04:25.266+0000] {dag.py:3096} INFO - Sync 1 DAGs
[2024-07-16T19:04:25.448+0000] {logging_mixin.py:188} INFO - [2024-07-16T19:04:25.448+0000] {dag.py:3954} INFO - Setting next_dagrun for example_branch_operator to 2024-07-15 00:00:00+00:00, run_after=2024-07-16 00:00:00+00:00
[2024-07-16T19:04:25.489+0000] {processor.py:183} INFO - Processing /home/airflow/.local/lib/python3.12/site-packages/airflow/example_dags/example_branch_operator.py took 0.592 seconds
[2024-07-16T19:04:55.901+0000] {processor.py:161} INFO - Started process (PID=338) to work on /home/airflow/.local/lib/python3.12/site-packages/airflow/example_dags/example_branch_operator.py
[2024-07-16T19:04:55.902+0000] {processor.py:830} INFO - Processing file /home/airflow/.local/lib/python3.12/site-packages/airflow/example_dags/example_branch_operator.py for tasks to queue
[2024-07-16T19:04:55.904+0000] {logging_mixin.py:188} INFO - [2024-07-16T19:04:55.903+0000] {dagbag.py:545} INFO - Filling up the DagBag from /home/airflow/.local/lib/python3.12/site-packages/airflow/example_dags/example_branch_operator.py
[2024-07-16T19:04:55.923+0000] {processor.py:840} INFO - DAG(s) 'example_branch_operator' retrieved from /home/airflow/.local/lib/python3.12/site-packages/airflow/example_dags/example_branch_operator.py
[2024-07-16T19:04:55.961+0000] {logging_mixin.py:188} INFO - [2024-07-16T19:04:55.961+0000] {dag.py:3096} INFO - Sync 1 DAGs
[2024-07-16T19:04:55.991+0000] {logging_mixin.py:188} INFO - [2024-07-16T19:04:55.991+0000] {dag.py:3954} INFO - Setting next_dagrun for example_branch_operator to 2024-07-15 00:00:00+00:00, run_after=2024-07-16 00:00:00+00:00
[2024-07-16T19:04:56.016+0000] {processor.py:183} INFO - Processing /home/airflow/.local/lib/python3.12/site-packages/airflow/example_dags/example_branch_operator.py took 0.121 seconds
[2024-07-16T19:05:26.199+0000] {processor.py:161} INFO - Started process (PID=398) to work on /home/airflow/.local/lib/python3.12/site-packages/airflow/example_dags/example_branch_operator.py
[2024-07-16T19:05:26.200+0000] {processor.py:830} INFO - Processing file /home/airflow/.local/lib/python3.12/site-packages/airflow/example_dags/example_branch_operator.py for tasks to queue
[2024-07-16T19:05:26.202+0000] {logging_mixin.py:188} INFO - [2024-07-16T19:05:26.202+0000] {dagbag.py:545} INFO - Filling up the DagBag from /home/airflow/.local/lib/python3.12/site-packages/airflow/example_dags/example_branch_operator.py
[2024-07-16T19:05:26.228+0000] {processor.py:840} INFO - DAG(s) 'example_branch_operator' retrieved from /home/airflow/.local/lib/python3.12/site-packages/airflow/example_dags/example_branch_operator.py
[2024-07-16T19:05:26.268+0000] {logging_mixin.py:188} INFO - [2024-07-16T19:05:26.268+0000] {dag.py:3096} INFO - Sync 1 DAGs
[2024-07-16T19:05:26.297+0000] {logging_mixin.py:188} INFO - [2024-07-16T19:05:26.296+0000] {dag.py:3954} INFO - Setting next_dagrun for example_branch_operator to 2024-07-15 00:00:00+00:00, run_after=2024-07-16 00:00:00+00:00
[2024-07-16T19:05:26.320+0000] {processor.py:183} INFO - Processing /home/airflow/.local/lib/python3.12/site-packages/airflow/example_dags/example_branch_operator.py took 0.127 seconds
[2024-07-16T19:05:57.263+0000] {processor.py:161} INFO - Started process (PID=465) to work on /home/airflow/.local/lib/python3.12/site-packages/airflow/example_dags/example_branch_operator.py
[2024-07-16T19:05:57.264+0000] {processor.py:830} INFO - Processing file /home/airflow/.local/lib/python3.12/site-packages/airflow/example_dags/example_branch_operator.py for tasks to queue
[2024-07-16T19:05:57.266+0000] {logging_mixin.py:188} INFO - [2024-07-16T19:05:57.266+0000] {dagbag.py:545} INFO - Filling up the DagBag from /home/airflow/.local/lib/python3.12/site-packages/airflow/example_dags/example_branch_operator.py
[2024-07-16T19:05:57.288+0000] {processor.py:840} INFO - DAG(s) 'example_branch_operator' retrieved from /home/airflow/.local/lib/python3.12/site-packages/airflow/example_dags/example_branch_operator.py
[2024-07-16T19:05:57.324+0000] {logging_mixin.py:188} INFO - [2024-07-16T19:05:57.324+0000] {dag.py:3096} INFO - Sync 1 DAGs
[2024-07-16T19:05:57.360+0000] {logging_mixin.py:188} INFO - [2024-07-16T19:05:57.360+0000] {dag.py:3954} INFO - Setting next_dagrun for example_branch_operator to 2024-07-15 00:00:00+00:00, run_after=2024-07-16 00:00:00+00:00
[2024-07-16T19:05:57.385+0000] {processor.py:183} INFO - Processing /home/airflow/.local/lib/python3.12/site-packages/airflow/example_dags/example_branch_operator.py took 0.129 seconds
[2024-07-16T19:06:27.791+0000] {processor.py:161} INFO - Started process (PID=525) to work on /home/airflow/.local/lib/python3.12/site-packages/airflow/example_dags/example_branch_operator.py
[2024-07-16T19:06:27.792+0000] {processor.py:830} INFO - Processing file /home/airflow/.local/lib/python3.12/site-packages/airflow/example_dags/example_branch_operator.py for tasks to queue
[2024-07-16T19:06:27.793+0000] {logging_mixin.py:188} INFO - [2024-07-16T19:06:27.793+0000] {dagbag.py:545} INFO - Filling up the DagBag from /home/airflow/.local/lib/python3.12/site-packages/airflow/example_dags/example_branch_operator.py
[2024-07-16T19:06:27.814+0000] {processor.py:840} INFO - DAG(s) 'example_branch_operator' retrieved from /home/airflow/.local/lib/python3.12/site-packages/airflow/example_dags/example_branch_operator.py
[2024-07-16T19:06:27.851+0000] {logging_mixin.py:188} INFO - [2024-07-16T19:06:27.851+0000] {dag.py:3096} INFO - Sync 1 DAGs
[2024-07-16T19:06:27.880+0000] {logging_mixin.py:188} INFO - [2024-07-16T19:06:27.880+0000] {dag.py:3954} INFO - Setting next_dagrun for example_branch_operator to 2024-07-15 00:00:00+00:00, run_after=2024-07-16 00:00:00+00:00
[2024-07-16T19:06:27.905+0000] {processor.py:183} INFO - Processing /home/airflow/.local/lib/python3.12/site-packages/airflow/example_dags/example_branch_operator.py took 0.119 seconds
[2024-07-16T19:06:58.580+0000] {processor.py:161} INFO - Started process (PID=585) to work on /home/airflow/.local/lib/python3.12/site-packages/airflow/example_dags/example_branch_operator.py
[2024-07-16T19:06:58.581+0000] {processor.py:830} INFO - Processing file /home/airflow/.local/lib/python3.12/site-packages/airflow/example_dags/example_branch_operator.py for tasks to queue
[2024-07-16T19:06:58.582+0000] {logging_mixin.py:188} INFO - [2024-07-16T19:06:58.582+0000] {dagbag.py:545} INFO - Filling up the DagBag from /home/airflow/.local/lib/python3.12/site-packages/airflow/example_dags/example_branch_operator.py
[2024-07-16T19:06:58.602+0000] {processor.py:840} INFO - DAG(s) 'example_branch_operator' retrieved from /home/airflow/.local/lib/python3.12/site-packages/airflow/example_dags/example_branch_operator.py
[2024-07-16T19:06:58.642+0000] {logging_mixin.py:188} INFO - [2024-07-16T19:06:58.642+0000] {dag.py:3096} INFO - Sync 1 DAGs
[2024-07-16T19:06:58.673+0000] {logging_mixin.py:188} INFO - [2024-07-16T19:06:58.672+0000] {dag.py:3954} INFO - Setting next_dagrun for example_branch_operator to 2024-07-15 00:00:00+00:00, run_after=2024-07-16 00:00:00+00:00
[2024-07-16T19:06:58.699+0000] {processor.py:183} INFO - Processing /home/airflow/.local/lib/python3.12/site-packages/airflow/example_dags/example_branch_operator.py took 0.125 seconds
[2024-07-16T19:07:29.704+0000] {processor.py:161} INFO - Started process (PID=647) to work on /home/airflow/.local/lib/python3.12/site-packages/airflow/example_dags/example_branch_operator.py
[2024-07-16T19:07:29.704+0000] {processor.py:830} INFO - Processing file /home/airflow/.local/lib/python3.12/site-packages/airflow/example_dags/example_branch_operator.py for tasks to queue
[2024-07-16T19:07:29.706+0000] {logging_mixin.py:188} INFO - [2024-07-16T19:07:29.705+0000] {dagbag.py:545} INFO - Filling up the DagBag from /home/airflow/.local/lib/python3.12/site-packages/airflow/example_dags/example_branch_operator.py
[2024-07-16T19:07:29.727+0000] {processor.py:840} INFO - DAG(s) 'example_branch_operator' retrieved from /home/airflow/.local/lib/python3.12/site-packages/airflow/example_dags/example_branch_operator.py
[2024-07-16T19:07:29.764+0000] {logging_mixin.py:188} INFO - [2024-07-16T19:07:29.763+0000] {dag.py:3096} INFO - Sync 1 DAGs
[2024-07-16T19:07:29.790+0000] {logging_mixin.py:188} INFO - [2024-07-16T19:07:29.790+0000] {dag.py:3954} INFO - Setting next_dagrun for example_branch_operator to 2024-07-15 00:00:00+00:00, run_after=2024-07-16 00:00:00+00:00
[2024-07-16T19:07:29.815+0000] {processor.py:183} INFO - Processing /home/airflow/.local/lib/python3.12/site-packages/airflow/example_dags/example_branch_operator.py took 0.118 seconds
[2024-07-16T19:08:00.541+0000] {processor.py:161} INFO - Started process (PID=706) to work on /home/airflow/.local/lib/python3.12/site-packages/airflow/example_dags/example_branch_operator.py
[2024-07-16T19:08:00.542+0000] {processor.py:830} INFO - Processing file /home/airflow/.local/lib/python3.12/site-packages/airflow/example_dags/example_branch_operator.py for tasks to queue
[2024-07-16T19:08:00.542+0000] {logging_mixin.py:188} INFO - [2024-07-16T19:08:00.542+0000] {dagbag.py:545} INFO - Filling up the DagBag from /home/airflow/.local/lib/python3.12/site-packages/airflow/example_dags/example_branch_operator.py
[2024-07-16T19:08:00.564+0000] {processor.py:840} INFO - DAG(s) 'example_branch_operator' retrieved from /home/airflow/.local/lib/python3.12/site-packages/airflow/example_dags/example_branch_operator.py
[2024-07-16T19:08:00.603+0000] {logging_mixin.py:188} INFO - [2024-07-16T19:08:00.603+0000] {dag.py:3096} INFO - Sync 1 DAGs
[2024-07-16T19:08:00.631+0000] {logging_mixin.py:188} INFO - [2024-07-16T19:08:00.631+0000] {dag.py:3954} INFO - Setting next_dagrun for example_branch_operator to 2024-07-15 00:00:00+00:00, run_after=2024-07-16 00:00:00+00:00
[2024-07-16T19:08:00.658+0000] {processor.py:183} INFO - Processing /home/airflow/.local/lib/python3.12/site-packages/airflow/example_dags/example_branch_operator.py took 0.124 seconds
[2024-07-16T19:08:30.826+0000] {processor.py:161} INFO - Started process (PID=764) to work on /home/airflow/.local/lib/python3.12/site-packages/airflow/example_dags/example_branch_operator.py
[2024-07-16T19:08:30.827+0000] {processor.py:830} INFO - Processing file /home/airflow/.local/lib/python3.12/site-packages/airflow/example_dags/example_branch_operator.py for tasks to queue
[2024-07-16T19:08:30.828+0000] {logging_mixin.py:188} INFO - [2024-07-16T19:08:30.828+0000] {dagbag.py:545} INFO - Filling up the DagBag from /home/airflow/.local/lib/python3.12/site-packages/airflow/example_dags/example_branch_operator.py
[2024-07-16T19:08:30.849+0000] {processor.py:840} INFO - DAG(s) 'example_branch_operator' retrieved from /home/airflow/.local/lib/python3.12/site-packages/airflow/example_dags/example_branch_operator.py
[2024-07-16T19:08:30.887+0000] {logging_mixin.py:188} INFO - [2024-07-16T19:08:30.887+0000] {dag.py:3096} INFO - Sync 1 DAGs
[2024-07-16T19:08:30.914+0000] {logging_mixin.py:188} INFO - [2024-07-16T19:08:30.914+0000] {dag.py:3954} INFO - Setting next_dagrun for example_branch_operator to 2024-07-15 00:00:00+00:00, run_after=2024-07-16 00:00:00+00:00
[2024-07-16T19:08:30.938+0000] {processor.py:183} INFO - Processing /home/airflow/.local/lib/python3.12/site-packages/airflow/example_dags/example_branch_operator.py took 0.119 seconds
[2024-07-16T19:09:01.525+0000] {processor.py:161} INFO - Started process (PID=824) to work on /home/airflow/.local/lib/python3.12/site-packages/airflow/example_dags/example_branch_operator.py
[2024-07-16T19:09:01.528+0000] {processor.py:830} INFO - Processing file /home/airflow/.local/lib/python3.12/site-packages/airflow/example_dags/example_branch_operator.py for tasks to queue
[2024-07-16T19:09:01.529+0000] {logging_mixin.py:188} INFO - [2024-07-16T19:09:01.528+0000] {dagbag.py:545} INFO - Filling up the DagBag from /home/airflow/.local/lib/python3.12/site-packages/airflow/example_dags/example_branch_operator.py
[2024-07-16T19:09:01.552+0000] {processor.py:840} INFO - DAG(s) 'example_branch_operator' retrieved from /home/airflow/.local/lib/python3.12/site-packages/airflow/example_dags/example_branch_operator.py
[2024-07-16T19:09:01.606+0000] {logging_mixin.py:188} INFO - [2024-07-16T19:09:01.606+0000] {dag.py:3096} INFO - Sync 1 DAGs
[2024-07-16T19:09:01.676+0000] {logging_mixin.py:188} INFO - [2024-07-16T19:09:01.675+0000] {dag.py:3954} INFO - Setting next_dagrun for example_branch_operator to 2024-07-15 00:00:00+00:00, run_after=2024-07-16 00:00:00+00:00
[2024-07-16T19:09:01.713+0000] {processor.py:183} INFO - Processing /home/airflow/.local/lib/python3.12/site-packages/airflow/example_dags/example_branch_operator.py took 0.199 seconds
[2024-07-16T19:09:31.756+0000] {processor.py:161} INFO - Started process (PID=888) to work on /home/airflow/.local/lib/python3.12/site-packages/airflow/example_dags/example_branch_operator.py
[2024-07-16T19:09:31.757+0000] {processor.py:830} INFO - Processing file /home/airflow/.local/lib/python3.12/site-packages/airflow/example_dags/example_branch_operator.py for tasks to queue
[2024-07-16T19:09:31.758+0000] {logging_mixin.py:188} INFO - [2024-07-16T19:09:31.758+0000] {dagbag.py:545} INFO - Filling up the DagBag from /home/airflow/.local/lib/python3.12/site-packages/airflow/example_dags/example_branch_operator.py
[2024-07-16T19:09:31.791+0000] {processor.py:840} INFO - DAG(s) 'example_branch_operator' retrieved from /home/airflow/.local/lib/python3.12/site-packages/airflow/example_dags/example_branch_operator.py
[2024-07-16T19:09:31.851+0000] {logging_mixin.py:188} INFO - [2024-07-16T19:09:31.851+0000] {dag.py:3096} INFO - Sync 1 DAGs
[2024-07-16T19:09:31.898+0000] {logging_mixin.py:188} INFO - [2024-07-16T19:09:31.898+0000] {dag.py:3954} INFO - Setting next_dagrun for example_branch_operator to 2024-07-15 00:00:00+00:00, run_after=2024-07-16 00:00:00+00:00
[2024-07-16T19:09:31.926+0000] {processor.py:183} INFO - Processing /home/airflow/.local/lib/python3.12/site-packages/airflow/example_dags/example_branch_operator.py took 0.176 seconds
[2024-07-16T19:10:02.024+0000] {processor.py:161} INFO - Started process (PID=948) to work on /home/airflow/.local/lib/python3.12/site-packages/airflow/example_dags/example_branch_operator.py
[2024-07-16T19:10:02.025+0000] {processor.py:830} INFO - Processing file /home/airflow/.local/lib/python3.12/site-packages/airflow/example_dags/example_branch_operator.py for tasks to queue
[2024-07-16T19:10:02.026+0000] {logging_mixin.py:188} INFO - [2024-07-16T19:10:02.026+0000] {dagbag.py:545} INFO - Filling up the DagBag from /home/airflow/.local/lib/python3.12/site-packages/airflow/example_dags/example_branch_operator.py
[2024-07-16T19:10:02.065+0000] {processor.py:840} INFO - DAG(s) 'example_branch_operator' retrieved from /home/airflow/.local/lib/python3.12/site-packages/airflow/example_dags/example_branch_operator.py
[2024-07-16T19:10:02.158+0000] {logging_mixin.py:188} INFO - [2024-07-16T19:10:02.157+0000] {dag.py:3096} INFO - Sync 1 DAGs
[2024-07-16T19:10:02.196+0000] {logging_mixin.py:188} INFO - [2024-07-16T19:10:02.196+0000] {dag.py:3954} INFO - Setting next_dagrun for example_branch_operator to 2024-07-15 00:00:00+00:00, run_after=2024-07-16 00:00:00+00:00
[2024-07-16T19:10:02.224+0000] {processor.py:183} INFO - Processing /home/airflow/.local/lib/python3.12/site-packages/airflow/example_dags/example_branch_operator.py took 0.218 seconds
[2024-07-16T19:10:32.308+0000] {processor.py:161} INFO - Started process (PID=1008) to work on /home/airflow/.local/lib/python3.12/site-packages/airflow/example_dags/example_branch_operator.py
[2024-07-16T19:10:32.309+0000] {processor.py:830} INFO - Processing file /home/airflow/.local/lib/python3.12/site-packages/airflow/example_dags/example_branch_operator.py for tasks to queue
[2024-07-16T19:10:32.309+0000] {logging_mixin.py:188} INFO - [2024-07-16T19:10:32.309+0000] {dagbag.py:545} INFO - Filling up the DagBag from /home/airflow/.local/lib/python3.12/site-packages/airflow/example_dags/example_branch_operator.py
[2024-07-16T19:10:32.323+0000] {processor.py:840} INFO - DAG(s) 'example_branch_operator' retrieved from /home/airflow/.local/lib/python3.12/site-packages/airflow/example_dags/example_branch_operator.py
[2024-07-16T19:10:32.348+0000] {logging_mixin.py:188} INFO - [2024-07-16T19:10:32.348+0000] {dag.py:3096} INFO - Sync 1 DAGs
[2024-07-16T19:10:32.366+0000] {logging_mixin.py:188} INFO - [2024-07-16T19:10:32.366+0000] {dag.py:3954} INFO - Setting next_dagrun for example_branch_operator to 2024-07-15 00:00:00+00:00, run_after=2024-07-16 00:00:00+00:00
[2024-07-16T19:10:32.385+0000] {processor.py:183} INFO - Processing /home/airflow/.local/lib/python3.12/site-packages/airflow/example_dags/example_branch_operator.py took 0.082 seconds
[2024-07-16T19:11:02.535+0000] {processor.py:161} INFO - Started process (PID=1067) to work on /home/airflow/.local/lib/python3.12/site-packages/airflow/example_dags/example_branch_operator.py
[2024-07-16T19:11:02.536+0000] {processor.py:830} INFO - Processing file /home/airflow/.local/lib/python3.12/site-packages/airflow/example_dags/example_branch_operator.py for tasks to queue
[2024-07-16T19:11:02.537+0000] {logging_mixin.py:188} INFO - [2024-07-16T19:11:02.537+0000] {dagbag.py:545} INFO - Filling up the DagBag from /home/airflow/.local/lib/python3.12/site-packages/airflow/example_dags/example_branch_operator.py
[2024-07-16T19:11:02.559+0000] {processor.py:840} INFO - DAG(s) 'example_branch_operator' retrieved from /home/airflow/.local/lib/python3.12/site-packages/airflow/example_dags/example_branch_operator.py
[2024-07-16T19:11:02.599+0000] {logging_mixin.py:188} INFO - [2024-07-16T19:11:02.599+0000] {dag.py:3096} INFO - Sync 1 DAGs
[2024-07-16T19:11:02.627+0000] {logging_mixin.py:188} INFO - [2024-07-16T19:11:02.627+0000] {dag.py:3954} INFO - Setting next_dagrun for example_branch_operator to 2024-07-15 00:00:00+00:00, run_after=2024-07-16 00:00:00+00:00
[2024-07-16T19:11:02.660+0000] {processor.py:183} INFO - Processing /home/airflow/.local/lib/python3.12/site-packages/airflow/example_dags/example_branch_operator.py took 0.133 seconds
[2024-07-16T19:11:32.717+0000] {processor.py:161} INFO - Started process (PID=1127) to work on /home/airflow/.local/lib/python3.12/site-packages/airflow/example_dags/example_branch_operator.py
[2024-07-16T19:11:32.717+0000] {processor.py:830} INFO - Processing file /home/airflow/.local/lib/python3.12/site-packages/airflow/example_dags/example_branch_operator.py for tasks to queue
[2024-07-16T19:11:32.718+0000] {logging_mixin.py:188} INFO - [2024-07-16T19:11:32.718+0000] {dagbag.py:545} INFO - Filling up the DagBag from /home/airflow/.local/lib/python3.12/site-packages/airflow/example_dags/example_branch_operator.py
[2024-07-16T19:11:32.750+0000] {processor.py:840} INFO - DAG(s) 'example_branch_operator' retrieved from /home/airflow/.local/lib/python3.12/site-packages/airflow/example_dags/example_branch_operator.py
[2024-07-16T19:11:32.789+0000] {logging_mixin.py:188} INFO - [2024-07-16T19:11:32.788+0000] {dag.py:3096} INFO - Sync 1 DAGs
[2024-07-16T19:11:32.815+0000] {logging_mixin.py:188} INFO - [2024-07-16T19:11:32.815+0000] {dag.py:3954} INFO - Setting next_dagrun for example_branch_operator to 2024-07-15 00:00:00+00:00, run_after=2024-07-16 00:00:00+00:00
[2024-07-16T19:11:32.839+0000] {processor.py:183} INFO - Processing /home/airflow/.local/lib/python3.12/site-packages/airflow/example_dags/example_branch_operator.py took 0.129 seconds
[2024-07-16T19:12:03.189+0000] {processor.py:161} INFO - Started process (PID=1186) to work on /home/airflow/.local/lib/python3.12/site-packages/airflow/example_dags/example_branch_operator.py
[2024-07-16T19:12:03.191+0000] {processor.py:830} INFO - Processing file /home/airflow/.local/lib/python3.12/site-packages/airflow/example_dags/example_branch_operator.py for tasks to queue
[2024-07-16T19:12:03.192+0000] {logging_mixin.py:188} INFO - [2024-07-16T19:12:03.191+0000] {dagbag.py:545} INFO - Filling up the DagBag from /home/airflow/.local/lib/python3.12/site-packages/airflow/example_dags/example_branch_operator.py
[2024-07-16T19:12:03.212+0000] {processor.py:840} INFO - DAG(s) 'example_branch_operator' retrieved from /home/airflow/.local/lib/python3.12/site-packages/airflow/example_dags/example_branch_operator.py
[2024-07-16T19:12:03.250+0000] {logging_mixin.py:188} INFO - [2024-07-16T19:12:03.250+0000] {dag.py:3096} INFO - Sync 1 DAGs
[2024-07-16T19:12:03.279+0000] {logging_mixin.py:188} INFO - [2024-07-16T19:12:03.279+0000] {dag.py:3954} INFO - Setting next_dagrun for example_branch_operator to 2024-07-15 00:00:00+00:00, run_after=2024-07-16 00:00:00+00:00
[2024-07-16T19:12:03.302+0000] {processor.py:183} INFO - Processing /home/airflow/.local/lib/python3.12/site-packages/airflow/example_dags/example_branch_operator.py took 0.118 seconds
[2024-07-16T19:12:33.578+0000] {processor.py:161} INFO - Started process (PID=1246) to work on /home/airflow/.local/lib/python3.12/site-packages/airflow/example_dags/example_branch_operator.py
[2024-07-16T19:12:33.579+0000] {processor.py:830} INFO - Processing file /home/airflow/.local/lib/python3.12/site-packages/airflow/example_dags/example_branch_operator.py for tasks to queue
[2024-07-16T19:12:33.580+0000] {logging_mixin.py:188} INFO - [2024-07-16T19:12:33.580+0000] {dagbag.py:545} INFO - Filling up the DagBag from /home/airflow/.local/lib/python3.12/site-packages/airflow/example_dags/example_branch_operator.py
[2024-07-16T19:12:33.622+0000] {processor.py:840} INFO - DAG(s) 'example_branch_operator' retrieved from /home/airflow/.local/lib/python3.12/site-packages/airflow/example_dags/example_branch_operator.py
[2024-07-16T19:12:33.685+0000] {logging_mixin.py:188} INFO - [2024-07-16T19:12:33.685+0000] {dag.py:3096} INFO - Sync 1 DAGs
[2024-07-16T19:12:33.713+0000] {logging_mixin.py:188} INFO - [2024-07-16T19:12:33.713+0000] {dag.py:3954} INFO - Setting next_dagrun for example_branch_operator to 2024-07-15 00:00:00+00:00, run_after=2024-07-16 00:00:00+00:00
[2024-07-16T19:12:33.744+0000] {processor.py:183} INFO - Processing /home/airflow/.local/lib/python3.12/site-packages/airflow/example_dags/example_branch_operator.py took 0.182 seconds
[2024-07-16T19:13:03.824+0000] {processor.py:161} INFO - Started process (PID=1307) to work on /home/airflow/.local/lib/python3.12/site-packages/airflow/example_dags/example_branch_operator.py
[2024-07-16T19:13:03.824+0000] {processor.py:830} INFO - Processing file /home/airflow/.local/lib/python3.12/site-packages/airflow/example_dags/example_branch_operator.py for tasks to queue
[2024-07-16T19:13:03.825+0000] {logging_mixin.py:188} INFO - [2024-07-16T19:13:03.825+0000] {dagbag.py:545} INFO - Filling up the DagBag from /home/airflow/.local/lib/python3.12/site-packages/airflow/example_dags/example_branch_operator.py
[2024-07-16T19:13:03.839+0000] {processor.py:840} INFO - DAG(s) 'example_branch_operator' retrieved from /home/airflow/.local/lib/python3.12/site-packages/airflow/example_dags/example_branch_operator.py
[2024-07-16T19:13:03.874+0000] {logging_mixin.py:188} INFO - [2024-07-16T19:13:03.873+0000] {dag.py:3096} INFO - Sync 1 DAGs
[2024-07-16T19:13:03.897+0000] {logging_mixin.py:188} INFO - [2024-07-16T19:13:03.896+0000] {dag.py:3954} INFO - Setting next_dagrun for example_branch_operator to 2024-07-15 00:00:00+00:00, run_after=2024-07-16 00:00:00+00:00
[2024-07-16T19:13:03.917+0000] {processor.py:183} INFO - Processing /home/airflow/.local/lib/python3.12/site-packages/airflow/example_dags/example_branch_operator.py took 0.098 seconds
[2024-07-16T19:13:33.977+0000] {processor.py:161} INFO - Started process (PID=1366) to work on /home/airflow/.local/lib/python3.12/site-packages/airflow/example_dags/example_branch_operator.py
[2024-07-16T19:13:33.978+0000] {processor.py:830} INFO - Processing file /home/airflow/.local/lib/python3.12/site-packages/airflow/example_dags/example_branch_operator.py for tasks to queue
[2024-07-16T19:13:33.979+0000] {logging_mixin.py:188} INFO - [2024-07-16T19:13:33.978+0000] {dagbag.py:545} INFO - Filling up the DagBag from /home/airflow/.local/lib/python3.12/site-packages/airflow/example_dags/example_branch_operator.py
[2024-07-16T19:13:34.004+0000] {processor.py:840} INFO - DAG(s) 'example_branch_operator' retrieved from /home/airflow/.local/lib/python3.12/site-packages/airflow/example_dags/example_branch_operator.py
[2024-07-16T19:13:34.043+0000] {logging_mixin.py:188} INFO - [2024-07-16T19:13:34.043+0000] {dag.py:3096} INFO - Sync 1 DAGs
[2024-07-16T19:13:34.071+0000] {logging_mixin.py:188} INFO - [2024-07-16T19:13:34.071+0000] {dag.py:3954} INFO - Setting next_dagrun for example_branch_operator to 2024-07-15 00:00:00+00:00, run_after=2024-07-16 00:00:00+00:00
[2024-07-16T19:13:34.096+0000] {processor.py:183} INFO - Processing /home/airflow/.local/lib/python3.12/site-packages/airflow/example_dags/example_branch_operator.py took 0.126 seconds
[2024-07-16T19:14:05.153+0000] {processor.py:161} INFO - Started process (PID=1425) to work on /home/airflow/.local/lib/python3.12/site-packages/airflow/example_dags/example_branch_operator.py
[2024-07-16T19:14:05.154+0000] {processor.py:830} INFO - Processing file /home/airflow/.local/lib/python3.12/site-packages/airflow/example_dags/example_branch_operator.py for tasks to queue
[2024-07-16T19:14:05.155+0000] {logging_mixin.py:188} INFO - [2024-07-16T19:14:05.155+0000] {dagbag.py:545} INFO - Filling up the DagBag from /home/airflow/.local/lib/python3.12/site-packages/airflow/example_dags/example_branch_operator.py
[2024-07-16T19:14:05.176+0000] {processor.py:840} INFO - DAG(s) 'example_branch_operator' retrieved from /home/airflow/.local/lib/python3.12/site-packages/airflow/example_dags/example_branch_operator.py
[2024-07-16T19:14:05.224+0000] {logging_mixin.py:188} INFO - [2024-07-16T19:14:05.224+0000] {dag.py:3096} INFO - Sync 1 DAGs
[2024-07-16T19:14:05.278+0000] {logging_mixin.py:188} INFO - [2024-07-16T19:14:05.278+0000] {dag.py:3954} INFO - Setting next_dagrun for example_branch_operator to 2024-07-15 00:00:00+00:00, run_after=2024-07-16 00:00:00+00:00
[2024-07-16T19:14:05.317+0000] {processor.py:183} INFO - Processing /home/airflow/.local/lib/python3.12/site-packages/airflow/example_dags/example_branch_operator.py took 0.170 seconds
[2024-07-16T19:14:35.365+0000] {processor.py:161} INFO - Started process (PID=1485) to work on /home/airflow/.local/lib/python3.12/site-packages/airflow/example_dags/example_branch_operator.py
[2024-07-16T19:14:35.365+0000] {processor.py:830} INFO - Processing file /home/airflow/.local/lib/python3.12/site-packages/airflow/example_dags/example_branch_operator.py for tasks to queue
[2024-07-16T19:14:35.366+0000] {logging_mixin.py:188} INFO - [2024-07-16T19:14:35.366+0000] {dagbag.py:545} INFO - Filling up the DagBag from /home/airflow/.local/lib/python3.12/site-packages/airflow/example_dags/example_branch_operator.py
[2024-07-16T19:14:35.388+0000] {processor.py:840} INFO - DAG(s) 'example_branch_operator' retrieved from /home/airflow/.local/lib/python3.12/site-packages/airflow/example_dags/example_branch_operator.py
[2024-07-16T19:14:35.426+0000] {logging_mixin.py:188} INFO - [2024-07-16T19:14:35.426+0000] {dag.py:3096} INFO - Sync 1 DAGs
[2024-07-16T19:14:35.453+0000] {logging_mixin.py:188} INFO - [2024-07-16T19:14:35.452+0000] {dag.py:3954} INFO - Setting next_dagrun for example_branch_operator to 2024-07-15 00:00:00+00:00, run_after=2024-07-16 00:00:00+00:00
[2024-07-16T19:14:35.478+0000] {processor.py:183} INFO - Processing /home/airflow/.local/lib/python3.12/site-packages/airflow/example_dags/example_branch_operator.py took 0.120 seconds
[2024-07-16T19:15:05.741+0000] {processor.py:161} INFO - Started process (PID=1544) to work on /home/airflow/.local/lib/python3.12/site-packages/airflow/example_dags/example_branch_operator.py
[2024-07-16T19:15:05.745+0000] {processor.py:830} INFO - Processing file /home/airflow/.local/lib/python3.12/site-packages/airflow/example_dags/example_branch_operator.py for tasks to queue
[2024-07-16T19:15:05.747+0000] {logging_mixin.py:188} INFO - [2024-07-16T19:15:05.746+0000] {dagbag.py:545} INFO - Filling up the DagBag from /home/airflow/.local/lib/python3.12/site-packages/airflow/example_dags/example_branch_operator.py
[2024-07-16T19:15:05.828+0000] {processor.py:840} INFO - DAG(s) 'example_branch_operator' retrieved from /home/airflow/.local/lib/python3.12/site-packages/airflow/example_dags/example_branch_operator.py
[2024-07-16T19:15:06.000+0000] {logging_mixin.py:188} INFO - [2024-07-16T19:15:05.999+0000] {dag.py:3096} INFO - Sync 1 DAGs
[2024-07-16T19:15:06.111+0000] {logging_mixin.py:188} INFO - [2024-07-16T19:15:06.111+0000] {dag.py:3954} INFO - Setting next_dagrun for example_branch_operator to 2024-07-15 00:00:00+00:00, run_after=2024-07-16 00:00:00+00:00
[2024-07-16T19:15:06.180+0000] {processor.py:183} INFO - Processing /home/airflow/.local/lib/python3.12/site-packages/airflow/example_dags/example_branch_operator.py took 0.454 seconds
[2024-07-16T19:19:09.145+0000] {processor.py:161} INFO - Started process (PID=39) to work on /home/airflow/.local/lib/python3.12/site-packages/airflow/example_dags/example_branch_operator.py
[2024-07-16T19:19:09.159+0000] {processor.py:830} INFO - Processing file /home/airflow/.local/lib/python3.12/site-packages/airflow/example_dags/example_branch_operator.py for tasks to queue
[2024-07-16T19:19:09.161+0000] {logging_mixin.py:188} INFO - [2024-07-16T19:19:09.161+0000] {dagbag.py:545} INFO - Filling up the DagBag from /home/airflow/.local/lib/python3.12/site-packages/airflow/example_dags/example_branch_operator.py
[2024-07-16T19:19:09.297+0000] {processor.py:840} INFO - DAG(s) 'example_branch_operator' retrieved from /home/airflow/.local/lib/python3.12/site-packages/airflow/example_dags/example_branch_operator.py
[2024-07-16T19:19:09.747+0000] {logging_mixin.py:188} INFO - [2024-07-16T19:19:09.747+0000] {dag.py:3096} INFO - Sync 1 DAGs
[2024-07-16T19:19:09.869+0000] {logging_mixin.py:188} INFO - [2024-07-16T19:19:09.869+0000] {dag.py:3954} INFO - Setting next_dagrun for example_branch_operator to 2024-07-15 00:00:00+00:00, run_after=2024-07-16 00:00:00+00:00
[2024-07-16T19:19:09.951+0000] {processor.py:183} INFO - Processing /home/airflow/.local/lib/python3.12/site-packages/airflow/example_dags/example_branch_operator.py took 0.832 seconds
[2024-07-16T19:19:40.681+0000] {processor.py:161} INFO - Started process (PID=98) to work on /home/airflow/.local/lib/python3.12/site-packages/airflow/example_dags/example_branch_operator.py
[2024-07-16T19:19:40.682+0000] {processor.py:830} INFO - Processing file /home/airflow/.local/lib/python3.12/site-packages/airflow/example_dags/example_branch_operator.py for tasks to queue
[2024-07-16T19:19:40.684+0000] {logging_mixin.py:188} INFO - [2024-07-16T19:19:40.684+0000] {dagbag.py:545} INFO - Filling up the DagBag from /home/airflow/.local/lib/python3.12/site-packages/airflow/example_dags/example_branch_operator.py
[2024-07-16T19:19:40.707+0000] {processor.py:840} INFO - DAG(s) 'example_branch_operator' retrieved from /home/airflow/.local/lib/python3.12/site-packages/airflow/example_dags/example_branch_operator.py
[2024-07-16T19:19:40.747+0000] {logging_mixin.py:188} INFO - [2024-07-16T19:19:40.747+0000] {dag.py:3096} INFO - Sync 1 DAGs
[2024-07-16T19:19:40.775+0000] {logging_mixin.py:188} INFO - [2024-07-16T19:19:40.775+0000] {dag.py:3954} INFO - Setting next_dagrun for example_branch_operator to 2024-07-15 00:00:00+00:00, run_after=2024-07-16 00:00:00+00:00
[2024-07-16T19:19:40.796+0000] {processor.py:183} INFO - Processing /home/airflow/.local/lib/python3.12/site-packages/airflow/example_dags/example_branch_operator.py took 0.121 seconds
[2024-07-16T19:20:11.078+0000] {processor.py:161} INFO - Started process (PID=158) to work on /home/airflow/.local/lib/python3.12/site-packages/airflow/example_dags/example_branch_operator.py
[2024-07-16T19:20:11.079+0000] {processor.py:830} INFO - Processing file /home/airflow/.local/lib/python3.12/site-packages/airflow/example_dags/example_branch_operator.py for tasks to queue
[2024-07-16T19:20:11.081+0000] {logging_mixin.py:188} INFO - [2024-07-16T19:20:11.081+0000] {dagbag.py:545} INFO - Filling up the DagBag from /home/airflow/.local/lib/python3.12/site-packages/airflow/example_dags/example_branch_operator.py
[2024-07-16T19:20:11.102+0000] {processor.py:840} INFO - DAG(s) 'example_branch_operator' retrieved from /home/airflow/.local/lib/python3.12/site-packages/airflow/example_dags/example_branch_operator.py
[2024-07-16T19:20:11.149+0000] {logging_mixin.py:188} INFO - [2024-07-16T19:20:11.149+0000] {dag.py:3096} INFO - Sync 1 DAGs
[2024-07-16T19:20:11.178+0000] {logging_mixin.py:188} INFO - [2024-07-16T19:20:11.177+0000] {dag.py:3954} INFO - Setting next_dagrun for example_branch_operator to 2024-07-15 00:00:00+00:00, run_after=2024-07-16 00:00:00+00:00
[2024-07-16T19:20:11.227+0000] {processor.py:183} INFO - Processing /home/airflow/.local/lib/python3.12/site-packages/airflow/example_dags/example_branch_operator.py took 0.155 seconds
[2024-07-16T19:20:41.546+0000] {processor.py:161} INFO - Started process (PID=218) to work on /home/airflow/.local/lib/python3.12/site-packages/airflow/example_dags/example_branch_operator.py
[2024-07-16T19:20:41.555+0000] {processor.py:830} INFO - Processing file /home/airflow/.local/lib/python3.12/site-packages/airflow/example_dags/example_branch_operator.py for tasks to queue
[2024-07-16T19:20:41.558+0000] {logging_mixin.py:188} INFO - [2024-07-16T19:20:41.557+0000] {dagbag.py:545} INFO - Filling up the DagBag from /home/airflow/.local/lib/python3.12/site-packages/airflow/example_dags/example_branch_operator.py
[2024-07-16T19:20:41.613+0000] {processor.py:840} INFO - DAG(s) 'example_branch_operator' retrieved from /home/airflow/.local/lib/python3.12/site-packages/airflow/example_dags/example_branch_operator.py
[2024-07-16T19:20:41.659+0000] {logging_mixin.py:188} INFO - [2024-07-16T19:20:41.659+0000] {dag.py:3096} INFO - Sync 1 DAGs
[2024-07-16T19:20:41.688+0000] {logging_mixin.py:188} INFO - [2024-07-16T19:20:41.688+0000] {dag.py:3954} INFO - Setting next_dagrun for example_branch_operator to 2024-07-15 00:00:00+00:00, run_after=2024-07-16 00:00:00+00:00
[2024-07-16T19:20:41.724+0000] {processor.py:183} INFO - Processing /home/airflow/.local/lib/python3.12/site-packages/airflow/example_dags/example_branch_operator.py took 0.191 seconds
[2024-07-16T19:21:12.008+0000] {processor.py:161} INFO - Started process (PID=275) to work on /home/airflow/.local/lib/python3.12/site-packages/airflow/example_dags/example_branch_operator.py
[2024-07-16T19:21:12.009+0000] {processor.py:830} INFO - Processing file /home/airflow/.local/lib/python3.12/site-packages/airflow/example_dags/example_branch_operator.py for tasks to queue
[2024-07-16T19:21:12.011+0000] {logging_mixin.py:188} INFO - [2024-07-16T19:21:12.011+0000] {dagbag.py:545} INFO - Filling up the DagBag from /home/airflow/.local/lib/python3.12/site-packages/airflow/example_dags/example_branch_operator.py
[2024-07-16T19:21:12.033+0000] {processor.py:840} INFO - DAG(s) 'example_branch_operator' retrieved from /home/airflow/.local/lib/python3.12/site-packages/airflow/example_dags/example_branch_operator.py
[2024-07-16T19:21:12.074+0000] {logging_mixin.py:188} INFO - [2024-07-16T19:21:12.073+0000] {dag.py:3096} INFO - Sync 1 DAGs
[2024-07-16T19:21:12.100+0000] {logging_mixin.py:188} INFO - [2024-07-16T19:21:12.100+0000] {dag.py:3954} INFO - Setting next_dagrun for example_branch_operator to 2024-07-15 00:00:00+00:00, run_after=2024-07-16 00:00:00+00:00
[2024-07-16T19:21:12.126+0000] {processor.py:183} INFO - Processing /home/airflow/.local/lib/python3.12/site-packages/airflow/example_dags/example_branch_operator.py took 0.124 seconds
[2024-07-16T19:21:42.261+0000] {processor.py:161} INFO - Started process (PID=334) to work on /home/airflow/.local/lib/python3.12/site-packages/airflow/example_dags/example_branch_operator.py
[2024-07-16T19:21:42.262+0000] {processor.py:830} INFO - Processing file /home/airflow/.local/lib/python3.12/site-packages/airflow/example_dags/example_branch_operator.py for tasks to queue
[2024-07-16T19:21:42.263+0000] {logging_mixin.py:188} INFO - [2024-07-16T19:21:42.263+0000] {dagbag.py:545} INFO - Filling up the DagBag from /home/airflow/.local/lib/python3.12/site-packages/airflow/example_dags/example_branch_operator.py
[2024-07-16T19:21:42.277+0000] {processor.py:840} INFO - DAG(s) 'example_branch_operator' retrieved from /home/airflow/.local/lib/python3.12/site-packages/airflow/example_dags/example_branch_operator.py
[2024-07-16T19:21:42.303+0000] {logging_mixin.py:188} INFO - [2024-07-16T19:21:42.303+0000] {dag.py:3096} INFO - Sync 1 DAGs
[2024-07-16T19:21:42.322+0000] {logging_mixin.py:188} INFO - [2024-07-16T19:21:42.322+0000] {dag.py:3954} INFO - Setting next_dagrun for example_branch_operator to 2024-07-15 00:00:00+00:00, run_after=2024-07-16 00:00:00+00:00
[2024-07-16T19:21:42.343+0000] {processor.py:183} INFO - Processing /home/airflow/.local/lib/python3.12/site-packages/airflow/example_dags/example_branch_operator.py took 0.086 seconds
[2024-07-16T19:22:12.411+0000] {processor.py:161} INFO - Started process (PID=393) to work on /home/airflow/.local/lib/python3.12/site-packages/airflow/example_dags/example_branch_operator.py
[2024-07-16T19:22:12.412+0000] {processor.py:830} INFO - Processing file /home/airflow/.local/lib/python3.12/site-packages/airflow/example_dags/example_branch_operator.py for tasks to queue
[2024-07-16T19:22:12.413+0000] {logging_mixin.py:188} INFO - [2024-07-16T19:22:12.413+0000] {dagbag.py:545} INFO - Filling up the DagBag from /home/airflow/.local/lib/python3.12/site-packages/airflow/example_dags/example_branch_operator.py
[2024-07-16T19:22:12.428+0000] {processor.py:840} INFO - DAG(s) 'example_branch_operator' retrieved from /home/airflow/.local/lib/python3.12/site-packages/airflow/example_dags/example_branch_operator.py
[2024-07-16T19:22:12.452+0000] {logging_mixin.py:188} INFO - [2024-07-16T19:22:12.452+0000] {dag.py:3096} INFO - Sync 1 DAGs
[2024-07-16T19:22:12.471+0000] {logging_mixin.py:188} INFO - [2024-07-16T19:22:12.471+0000] {dag.py:3954} INFO - Setting next_dagrun for example_branch_operator to 2024-07-15 00:00:00+00:00, run_after=2024-07-16 00:00:00+00:00
[2024-07-16T19:22:12.490+0000] {processor.py:183} INFO - Processing /home/airflow/.local/lib/python3.12/site-packages/airflow/example_dags/example_branch_operator.py took 0.084 seconds
[2024-07-16T19:22:42.883+0000] {processor.py:161} INFO - Started process (PID=454) to work on /home/airflow/.local/lib/python3.12/site-packages/airflow/example_dags/example_branch_operator.py
[2024-07-16T19:22:42.884+0000] {processor.py:830} INFO - Processing file /home/airflow/.local/lib/python3.12/site-packages/airflow/example_dags/example_branch_operator.py for tasks to queue
[2024-07-16T19:22:42.886+0000] {logging_mixin.py:188} INFO - [2024-07-16T19:22:42.886+0000] {dagbag.py:545} INFO - Filling up the DagBag from /home/airflow/.local/lib/python3.12/site-packages/airflow/example_dags/example_branch_operator.py
[2024-07-16T19:22:42.910+0000] {processor.py:840} INFO - DAG(s) 'example_branch_operator' retrieved from /home/airflow/.local/lib/python3.12/site-packages/airflow/example_dags/example_branch_operator.py
[2024-07-16T19:22:42.944+0000] {logging_mixin.py:188} INFO - [2024-07-16T19:22:42.944+0000] {dag.py:3096} INFO - Sync 1 DAGs
[2024-07-16T19:22:42.971+0000] {logging_mixin.py:188} INFO - [2024-07-16T19:22:42.971+0000] {dag.py:3954} INFO - Setting next_dagrun for example_branch_operator to 2024-07-15 00:00:00+00:00, run_after=2024-07-16 00:00:00+00:00
[2024-07-16T19:22:42.996+0000] {processor.py:183} INFO - Processing /home/airflow/.local/lib/python3.12/site-packages/airflow/example_dags/example_branch_operator.py took 0.120 seconds
[2024-07-16T19:23:13.897+0000] {processor.py:161} INFO - Started process (PID=517) to work on /home/airflow/.local/lib/python3.12/site-packages/airflow/example_dags/example_branch_operator.py
[2024-07-16T19:23:13.897+0000] {processor.py:830} INFO - Processing file /home/airflow/.local/lib/python3.12/site-packages/airflow/example_dags/example_branch_operator.py for tasks to queue
[2024-07-16T19:23:13.900+0000] {logging_mixin.py:188} INFO - [2024-07-16T19:23:13.900+0000] {dagbag.py:545} INFO - Filling up the DagBag from /home/airflow/.local/lib/python3.12/site-packages/airflow/example_dags/example_branch_operator.py
[2024-07-16T19:23:13.923+0000] {processor.py:840} INFO - DAG(s) 'example_branch_operator' retrieved from /home/airflow/.local/lib/python3.12/site-packages/airflow/example_dags/example_branch_operator.py
[2024-07-16T19:23:13.960+0000] {logging_mixin.py:188} INFO - [2024-07-16T19:23:13.960+0000] {dag.py:3096} INFO - Sync 1 DAGs
[2024-07-16T19:23:13.985+0000] {logging_mixin.py:188} INFO - [2024-07-16T19:23:13.985+0000] {dag.py:3954} INFO - Setting next_dagrun for example_branch_operator to 2024-07-15 00:00:00+00:00, run_after=2024-07-16 00:00:00+00:00
[2024-07-16T19:23:14.009+0000] {processor.py:183} INFO - Processing /home/airflow/.local/lib/python3.12/site-packages/airflow/example_dags/example_branch_operator.py took 0.119 seconds
[2024-07-16T19:23:44.317+0000] {processor.py:161} INFO - Started process (PID=576) to work on /home/airflow/.local/lib/python3.12/site-packages/airflow/example_dags/example_branch_operator.py
[2024-07-16T19:23:44.318+0000] {processor.py:830} INFO - Processing file /home/airflow/.local/lib/python3.12/site-packages/airflow/example_dags/example_branch_operator.py for tasks to queue
[2024-07-16T19:23:44.320+0000] {logging_mixin.py:188} INFO - [2024-07-16T19:23:44.320+0000] {dagbag.py:545} INFO - Filling up the DagBag from /home/airflow/.local/lib/python3.12/site-packages/airflow/example_dags/example_branch_operator.py
[2024-07-16T19:23:44.343+0000] {processor.py:840} INFO - DAG(s) 'example_branch_operator' retrieved from /home/airflow/.local/lib/python3.12/site-packages/airflow/example_dags/example_branch_operator.py
[2024-07-16T19:23:44.368+0000] {logging_mixin.py:188} INFO - [2024-07-16T19:23:44.368+0000] {dag.py:3096} INFO - Sync 1 DAGs
[2024-07-16T19:23:44.403+0000] {logging_mixin.py:188} INFO - [2024-07-16T19:23:44.403+0000] {dag.py:3954} INFO - Setting next_dagrun for example_branch_operator to 2024-07-15 00:00:00+00:00, run_after=2024-07-16 00:00:00+00:00
[2024-07-16T19:23:44.423+0000] {processor.py:183} INFO - Processing /home/airflow/.local/lib/python3.12/site-packages/airflow/example_dags/example_branch_operator.py took 0.113 seconds
[2024-07-16T19:24:15.124+0000] {processor.py:161} INFO - Started process (PID=635) to work on /home/airflow/.local/lib/python3.12/site-packages/airflow/example_dags/example_branch_operator.py
[2024-07-16T19:24:15.125+0000] {processor.py:830} INFO - Processing file /home/airflow/.local/lib/python3.12/site-packages/airflow/example_dags/example_branch_operator.py for tasks to queue
[2024-07-16T19:24:15.126+0000] {logging_mixin.py:188} INFO - [2024-07-16T19:24:15.126+0000] {dagbag.py:545} INFO - Filling up the DagBag from /home/airflow/.local/lib/python3.12/site-packages/airflow/example_dags/example_branch_operator.py
[2024-07-16T19:24:15.149+0000] {processor.py:840} INFO - DAG(s) 'example_branch_operator' retrieved from /home/airflow/.local/lib/python3.12/site-packages/airflow/example_dags/example_branch_operator.py
[2024-07-16T19:24:15.187+0000] {logging_mixin.py:188} INFO - [2024-07-16T19:24:15.187+0000] {dag.py:3096} INFO - Sync 1 DAGs
[2024-07-16T19:24:15.215+0000] {logging_mixin.py:188} INFO - [2024-07-16T19:24:15.214+0000] {dag.py:3954} INFO - Setting next_dagrun for example_branch_operator to 2024-07-15 00:00:00+00:00, run_after=2024-07-16 00:00:00+00:00
[2024-07-16T19:24:15.239+0000] {processor.py:183} INFO - Processing /home/airflow/.local/lib/python3.12/site-packages/airflow/example_dags/example_branch_operator.py took 0.121 seconds
[2024-07-16T19:24:45.940+0000] {processor.py:161} INFO - Started process (PID=694) to work on /home/airflow/.local/lib/python3.12/site-packages/airflow/example_dags/example_branch_operator.py
[2024-07-16T19:24:45.945+0000] {processor.py:830} INFO - Processing file /home/airflow/.local/lib/python3.12/site-packages/airflow/example_dags/example_branch_operator.py for tasks to queue
[2024-07-16T19:24:45.946+0000] {logging_mixin.py:188} INFO - [2024-07-16T19:24:45.946+0000] {dagbag.py:545} INFO - Filling up the DagBag from /home/airflow/.local/lib/python3.12/site-packages/airflow/example_dags/example_branch_operator.py
[2024-07-16T19:24:45.990+0000] {processor.py:840} INFO - DAG(s) 'example_branch_operator' retrieved from /home/airflow/.local/lib/python3.12/site-packages/airflow/example_dags/example_branch_operator.py
[2024-07-16T19:24:46.037+0000] {logging_mixin.py:188} INFO - [2024-07-16T19:24:46.037+0000] {dag.py:3096} INFO - Sync 1 DAGs
[2024-07-16T19:24:46.135+0000] {logging_mixin.py:188} INFO - [2024-07-16T19:24:46.134+0000] {dag.py:3954} INFO - Setting next_dagrun for example_branch_operator to 2024-07-15 00:00:00+00:00, run_after=2024-07-16 00:00:00+00:00
[2024-07-16T19:24:46.192+0000] {processor.py:183} INFO - Processing /home/airflow/.local/lib/python3.12/site-packages/airflow/example_dags/example_branch_operator.py took 0.273 seconds
[2024-07-16T19:25:17.087+0000] {processor.py:161} INFO - Started process (PID=760) to work on /home/airflow/.local/lib/python3.12/site-packages/airflow/example_dags/example_branch_operator.py
[2024-07-16T19:25:17.097+0000] {processor.py:830} INFO - Processing file /home/airflow/.local/lib/python3.12/site-packages/airflow/example_dags/example_branch_operator.py for tasks to queue
[2024-07-16T19:25:17.098+0000] {logging_mixin.py:188} INFO - [2024-07-16T19:25:17.098+0000] {dagbag.py:545} INFO - Filling up the DagBag from /home/airflow/.local/lib/python3.12/site-packages/airflow/example_dags/example_branch_operator.py
[2024-07-16T19:25:17.156+0000] {processor.py:840} INFO - DAG(s) 'example_branch_operator' retrieved from /home/airflow/.local/lib/python3.12/site-packages/airflow/example_dags/example_branch_operator.py
[2024-07-16T19:25:17.213+0000] {logging_mixin.py:188} INFO - [2024-07-16T19:25:17.213+0000] {dag.py:3096} INFO - Sync 1 DAGs
[2024-07-16T19:25:17.243+0000] {logging_mixin.py:188} INFO - [2024-07-16T19:25:17.242+0000] {dag.py:3954} INFO - Setting next_dagrun for example_branch_operator to 2024-07-15 00:00:00+00:00, run_after=2024-07-16 00:00:00+00:00
[2024-07-16T19:25:17.286+0000] {processor.py:183} INFO - Processing /home/airflow/.local/lib/python3.12/site-packages/airflow/example_dags/example_branch_operator.py took 0.210 seconds
[2024-07-16T19:25:48.211+0000] {processor.py:161} INFO - Started process (PID=819) to work on /home/airflow/.local/lib/python3.12/site-packages/airflow/example_dags/example_branch_operator.py
[2024-07-16T19:25:48.212+0000] {processor.py:830} INFO - Processing file /home/airflow/.local/lib/python3.12/site-packages/airflow/example_dags/example_branch_operator.py for tasks to queue
[2024-07-16T19:25:48.213+0000] {logging_mixin.py:188} INFO - [2024-07-16T19:25:48.213+0000] {dagbag.py:545} INFO - Filling up the DagBag from /home/airflow/.local/lib/python3.12/site-packages/airflow/example_dags/example_branch_operator.py
[2024-07-16T19:25:48.234+0000] {processor.py:840} INFO - DAG(s) 'example_branch_operator' retrieved from /home/airflow/.local/lib/python3.12/site-packages/airflow/example_dags/example_branch_operator.py
[2024-07-16T19:25:48.272+0000] {logging_mixin.py:188} INFO - [2024-07-16T19:25:48.272+0000] {dag.py:3096} INFO - Sync 1 DAGs
[2024-07-16T19:25:48.299+0000] {logging_mixin.py:188} INFO - [2024-07-16T19:25:48.298+0000] {dag.py:3954} INFO - Setting next_dagrun for example_branch_operator to 2024-07-15 00:00:00+00:00, run_after=2024-07-16 00:00:00+00:00
[2024-07-16T19:25:48.323+0000] {processor.py:183} INFO - Processing /home/airflow/.local/lib/python3.12/site-packages/airflow/example_dags/example_branch_operator.py took 0.117 seconds
[2024-07-16T19:26:18.524+0000] {processor.py:161} INFO - Started process (PID=878) to work on /home/airflow/.local/lib/python3.12/site-packages/airflow/example_dags/example_branch_operator.py
[2024-07-16T19:26:18.525+0000] {processor.py:830} INFO - Processing file /home/airflow/.local/lib/python3.12/site-packages/airflow/example_dags/example_branch_operator.py for tasks to queue
[2024-07-16T19:26:18.526+0000] {logging_mixin.py:188} INFO - [2024-07-16T19:26:18.526+0000] {dagbag.py:545} INFO - Filling up the DagBag from /home/airflow/.local/lib/python3.12/site-packages/airflow/example_dags/example_branch_operator.py
[2024-07-16T19:26:18.575+0000] {processor.py:840} INFO - DAG(s) 'example_branch_operator' retrieved from /home/airflow/.local/lib/python3.12/site-packages/airflow/example_dags/example_branch_operator.py
[2024-07-16T19:26:18.682+0000] {logging_mixin.py:188} INFO - [2024-07-16T19:26:18.682+0000] {dag.py:3096} INFO - Sync 1 DAGs
[2024-07-16T19:26:18.744+0000] {logging_mixin.py:188} INFO - [2024-07-16T19:26:18.743+0000] {dag.py:3954} INFO - Setting next_dagrun for example_branch_operator to 2024-07-15 00:00:00+00:00, run_after=2024-07-16 00:00:00+00:00
[2024-07-16T19:26:18.777+0000] {processor.py:183} INFO - Processing /home/airflow/.local/lib/python3.12/site-packages/airflow/example_dags/example_branch_operator.py took 0.259 seconds
[2024-07-16T19:26:48.835+0000] {processor.py:161} INFO - Started process (PID=938) to work on /home/airflow/.local/lib/python3.12/site-packages/airflow/example_dags/example_branch_operator.py
[2024-07-16T19:26:48.836+0000] {processor.py:830} INFO - Processing file /home/airflow/.local/lib/python3.12/site-packages/airflow/example_dags/example_branch_operator.py for tasks to queue
[2024-07-16T19:26:48.836+0000] {logging_mixin.py:188} INFO - [2024-07-16T19:26:48.836+0000] {dagbag.py:545} INFO - Filling up the DagBag from /home/airflow/.local/lib/python3.12/site-packages/airflow/example_dags/example_branch_operator.py
[2024-07-16T19:26:48.850+0000] {processor.py:840} INFO - DAG(s) 'example_branch_operator' retrieved from /home/airflow/.local/lib/python3.12/site-packages/airflow/example_dags/example_branch_operator.py
[2024-07-16T19:26:48.876+0000] {logging_mixin.py:188} INFO - [2024-07-16T19:26:48.876+0000] {dag.py:3096} INFO - Sync 1 DAGs
[2024-07-16T19:26:48.897+0000] {logging_mixin.py:188} INFO - [2024-07-16T19:26:48.897+0000] {dag.py:3954} INFO - Setting next_dagrun for example_branch_operator to 2024-07-15 00:00:00+00:00, run_after=2024-07-16 00:00:00+00:00
[2024-07-16T19:26:48.917+0000] {processor.py:183} INFO - Processing /home/airflow/.local/lib/python3.12/site-packages/airflow/example_dags/example_branch_operator.py took 0.086 seconds
