[2024-07-16T19:02:25.495+0000] {processor.py:161} INFO - Started process (PID=47) to work on /home/airflow/.local/lib/python3.12/site-packages/airflow/example_dags/example_short_circuit_operator.py
[2024-07-16T19:02:25.497+0000] {processor.py:830} INFO - Processing file /home/airflow/.local/lib/python3.12/site-packages/airflow/example_dags/example_short_circuit_operator.py for tasks to queue
[2024-07-16T19:02:25.503+0000] {logging_mixin.py:188} INFO - [2024-07-16T19:02:25.502+0000] {dagbag.py:545} INFO - Filling up the DagBag from /home/airflow/.local/lib/python3.12/site-packages/airflow/example_dags/example_short_circuit_operator.py
[2024-07-16T19:02:25.617+0000] {processor.py:840} INFO - DAG(s) 'example_short_circuit_operator' retrieved from /home/airflow/.local/lib/python3.12/site-packages/airflow/example_dags/example_short_circuit_operator.py
[2024-07-16T19:02:26.253+0000] {logging_mixin.py:188} INFO - [2024-07-16T19:02:26.253+0000] {dag.py:3096} INFO - Sync 1 DAGs
[2024-07-16T19:02:26.329+0000] {logging_mixin.py:188} INFO - [2024-07-16T19:02:26.329+0000] {dag.py:3954} INFO - Setting next_dagrun for example_short_circuit_operator to 2024-07-15 00:00:00+00:00, run_after=2024-07-16 00:00:00+00:00
[2024-07-16T19:02:26.379+0000] {processor.py:183} INFO - Processing /home/airflow/.local/lib/python3.12/site-packages/airflow/example_dags/example_short_circuit_operator.py took 0.918 seconds
[2024-07-16T19:02:57.156+0000] {processor.py:161} INFO - Started process (PID=112) to work on /home/airflow/.local/lib/python3.12/site-packages/airflow/example_dags/example_short_circuit_operator.py
[2024-07-16T19:02:57.157+0000] {processor.py:830} INFO - Processing file /home/airflow/.local/lib/python3.12/site-packages/airflow/example_dags/example_short_circuit_operator.py for tasks to queue
[2024-07-16T19:02:57.158+0000] {logging_mixin.py:188} INFO - [2024-07-16T19:02:57.158+0000] {dagbag.py:545} INFO - Filling up the DagBag from /home/airflow/.local/lib/python3.12/site-packages/airflow/example_dags/example_short_circuit_operator.py
[2024-07-16T19:02:57.168+0000] {processor.py:840} INFO - DAG(s) 'example_short_circuit_operator' retrieved from /home/airflow/.local/lib/python3.12/site-packages/airflow/example_dags/example_short_circuit_operator.py
[2024-07-16T19:02:57.212+0000] {logging_mixin.py:188} INFO - [2024-07-16T19:02:57.212+0000] {dag.py:3096} INFO - Sync 1 DAGs
[2024-07-16T19:02:57.284+0000] {logging_mixin.py:188} INFO - [2024-07-16T19:02:57.284+0000] {dag.py:3954} INFO - Setting next_dagrun for example_short_circuit_operator to 2024-07-15 00:00:00+00:00, run_after=2024-07-16 00:00:00+00:00
[2024-07-16T19:02:57.340+0000] {processor.py:183} INFO - Processing /home/airflow/.local/lib/python3.12/site-packages/airflow/example_dags/example_short_circuit_operator.py took 0.191 seconds
[2024-07-16T19:03:28.202+0000] {processor.py:161} INFO - Started process (PID=171) to work on /home/airflow/.local/lib/python3.12/site-packages/airflow/example_dags/example_short_circuit_operator.py
[2024-07-16T19:03:28.203+0000] {processor.py:830} INFO - Processing file /home/airflow/.local/lib/python3.12/site-packages/airflow/example_dags/example_short_circuit_operator.py for tasks to queue
[2024-07-16T19:03:28.205+0000] {logging_mixin.py:188} INFO - [2024-07-16T19:03:28.204+0000] {dagbag.py:545} INFO - Filling up the DagBag from /home/airflow/.local/lib/python3.12/site-packages/airflow/example_dags/example_short_circuit_operator.py
[2024-07-16T19:03:28.214+0000] {processor.py:840} INFO - DAG(s) 'example_short_circuit_operator' retrieved from /home/airflow/.local/lib/python3.12/site-packages/airflow/example_dags/example_short_circuit_operator.py
[2024-07-16T19:03:28.254+0000] {logging_mixin.py:188} INFO - [2024-07-16T19:03:28.254+0000] {dag.py:3096} INFO - Sync 1 DAGs
[2024-07-16T19:03:28.283+0000] {logging_mixin.py:188} INFO - [2024-07-16T19:03:28.283+0000] {dag.py:3954} INFO - Setting next_dagrun for example_short_circuit_operator to 2024-07-15 00:00:00+00:00, run_after=2024-07-16 00:00:00+00:00
[2024-07-16T19:03:28.305+0000] {processor.py:183} INFO - Processing /home/airflow/.local/lib/python3.12/site-packages/airflow/example_dags/example_short_circuit_operator.py took 0.110 seconds
[2024-07-16T19:03:58.912+0000] {processor.py:161} INFO - Started process (PID=230) to work on /home/airflow/.local/lib/python3.12/site-packages/airflow/example_dags/example_short_circuit_operator.py
[2024-07-16T19:03:58.913+0000] {processor.py:830} INFO - Processing file /home/airflow/.local/lib/python3.12/site-packages/airflow/example_dags/example_short_circuit_operator.py for tasks to queue
[2024-07-16T19:03:58.915+0000] {logging_mixin.py:188} INFO - [2024-07-16T19:03:58.915+0000] {dagbag.py:545} INFO - Filling up the DagBag from /home/airflow/.local/lib/python3.12/site-packages/airflow/example_dags/example_short_circuit_operator.py
[2024-07-16T19:03:58.923+0000] {processor.py:840} INFO - DAG(s) 'example_short_circuit_operator' retrieved from /home/airflow/.local/lib/python3.12/site-packages/airflow/example_dags/example_short_circuit_operator.py
[2024-07-16T19:03:58.952+0000] {logging_mixin.py:188} INFO - [2024-07-16T19:03:58.952+0000] {dag.py:3096} INFO - Sync 1 DAGs
[2024-07-16T19:03:58.980+0000] {logging_mixin.py:188} INFO - [2024-07-16T19:03:58.979+0000] {dag.py:3954} INFO - Setting next_dagrun for example_short_circuit_operator to 2024-07-15 00:00:00+00:00, run_after=2024-07-16 00:00:00+00:00
[2024-07-16T19:03:59.007+0000] {processor.py:183} INFO - Processing /home/airflow/.local/lib/python3.12/site-packages/airflow/example_dags/example_short_circuit_operator.py took 0.101 seconds
[2024-07-16T19:04:29.208+0000] {processor.py:161} INFO - Started process (PID=288) to work on /home/airflow/.local/lib/python3.12/site-packages/airflow/example_dags/example_short_circuit_operator.py
[2024-07-16T19:04:29.210+0000] {processor.py:830} INFO - Processing file /home/airflow/.local/lib/python3.12/site-packages/airflow/example_dags/example_short_circuit_operator.py for tasks to queue
[2024-07-16T19:04:29.211+0000] {logging_mixin.py:188} INFO - [2024-07-16T19:04:29.211+0000] {dagbag.py:545} INFO - Filling up the DagBag from /home/airflow/.local/lib/python3.12/site-packages/airflow/example_dags/example_short_circuit_operator.py
[2024-07-16T19:04:29.231+0000] {processor.py:840} INFO - DAG(s) 'example_short_circuit_operator' retrieved from /home/airflow/.local/lib/python3.12/site-packages/airflow/example_dags/example_short_circuit_operator.py
[2024-07-16T19:04:29.294+0000] {logging_mixin.py:188} INFO - [2024-07-16T19:04:29.293+0000] {dag.py:3096} INFO - Sync 1 DAGs
[2024-07-16T19:04:29.350+0000] {logging_mixin.py:188} INFO - [2024-07-16T19:04:29.350+0000] {dag.py:3954} INFO - Setting next_dagrun for example_short_circuit_operator to 2024-07-15 00:00:00+00:00, run_after=2024-07-16 00:00:00+00:00
[2024-07-16T19:04:29.379+0000] {processor.py:183} INFO - Processing /home/airflow/.local/lib/python3.12/site-packages/airflow/example_dags/example_short_circuit_operator.py took 0.190 seconds
[2024-07-16T19:04:59.583+0000] {processor.py:161} INFO - Started process (PID=351) to work on /home/airflow/.local/lib/python3.12/site-packages/airflow/example_dags/example_short_circuit_operator.py
[2024-07-16T19:04:59.589+0000] {processor.py:830} INFO - Processing file /home/airflow/.local/lib/python3.12/site-packages/airflow/example_dags/example_short_circuit_operator.py for tasks to queue
[2024-07-16T19:04:59.591+0000] {logging_mixin.py:188} INFO - [2024-07-16T19:04:59.591+0000] {dagbag.py:545} INFO - Filling up the DagBag from /home/airflow/.local/lib/python3.12/site-packages/airflow/example_dags/example_short_circuit_operator.py
[2024-07-16T19:04:59.612+0000] {processor.py:840} INFO - DAG(s) 'example_short_circuit_operator' retrieved from /home/airflow/.local/lib/python3.12/site-packages/airflow/example_dags/example_short_circuit_operator.py
[2024-07-16T19:04:59.697+0000] {logging_mixin.py:188} INFO - [2024-07-16T19:04:59.697+0000] {dag.py:3096} INFO - Sync 1 DAGs
[2024-07-16T19:04:59.768+0000] {logging_mixin.py:188} INFO - [2024-07-16T19:04:59.765+0000] {dag.py:3954} INFO - Setting next_dagrun for example_short_circuit_operator to 2024-07-15 00:00:00+00:00, run_after=2024-07-16 00:00:00+00:00
[2024-07-16T19:04:59.809+0000] {processor.py:183} INFO - Processing /home/airflow/.local/lib/python3.12/site-packages/airflow/example_dags/example_short_circuit_operator.py took 0.241 seconds
[2024-07-16T19:05:30.631+0000] {processor.py:161} INFO - Started process (PID=412) to work on /home/airflow/.local/lib/python3.12/site-packages/airflow/example_dags/example_short_circuit_operator.py
[2024-07-16T19:05:30.632+0000] {processor.py:830} INFO - Processing file /home/airflow/.local/lib/python3.12/site-packages/airflow/example_dags/example_short_circuit_operator.py for tasks to queue
[2024-07-16T19:05:30.634+0000] {logging_mixin.py:188} INFO - [2024-07-16T19:05:30.633+0000] {dagbag.py:545} INFO - Filling up the DagBag from /home/airflow/.local/lib/python3.12/site-packages/airflow/example_dags/example_short_circuit_operator.py
[2024-07-16T19:05:30.645+0000] {processor.py:840} INFO - DAG(s) 'example_short_circuit_operator' retrieved from /home/airflow/.local/lib/python3.12/site-packages/airflow/example_dags/example_short_circuit_operator.py
[2024-07-16T19:05:30.677+0000] {logging_mixin.py:188} INFO - [2024-07-16T19:05:30.677+0000] {dag.py:3096} INFO - Sync 1 DAGs
[2024-07-16T19:05:30.705+0000] {logging_mixin.py:188} INFO - [2024-07-16T19:05:30.705+0000] {dag.py:3954} INFO - Setting next_dagrun for example_short_circuit_operator to 2024-07-15 00:00:00+00:00, run_after=2024-07-16 00:00:00+00:00
[2024-07-16T19:05:30.731+0000] {processor.py:183} INFO - Processing /home/airflow/.local/lib/python3.12/site-packages/airflow/example_dags/example_short_circuit_operator.py took 0.108 seconds
[2024-07-16T19:06:01.675+0000] {processor.py:161} INFO - Started process (PID=472) to work on /home/airflow/.local/lib/python3.12/site-packages/airflow/example_dags/example_short_circuit_operator.py
[2024-07-16T19:06:01.676+0000] {processor.py:830} INFO - Processing file /home/airflow/.local/lib/python3.12/site-packages/airflow/example_dags/example_short_circuit_operator.py for tasks to queue
[2024-07-16T19:06:01.678+0000] {logging_mixin.py:188} INFO - [2024-07-16T19:06:01.678+0000] {dagbag.py:545} INFO - Filling up the DagBag from /home/airflow/.local/lib/python3.12/site-packages/airflow/example_dags/example_short_circuit_operator.py
[2024-07-16T19:06:01.687+0000] {processor.py:840} INFO - DAG(s) 'example_short_circuit_operator' retrieved from /home/airflow/.local/lib/python3.12/site-packages/airflow/example_dags/example_short_circuit_operator.py
[2024-07-16T19:06:01.716+0000] {logging_mixin.py:188} INFO - [2024-07-16T19:06:01.716+0000] {dag.py:3096} INFO - Sync 1 DAGs
[2024-07-16T19:06:01.744+0000] {logging_mixin.py:188} INFO - [2024-07-16T19:06:01.744+0000] {dag.py:3954} INFO - Setting next_dagrun for example_short_circuit_operator to 2024-07-15 00:00:00+00:00, run_after=2024-07-16 00:00:00+00:00
[2024-07-16T19:06:01.771+0000] {processor.py:183} INFO - Processing /home/airflow/.local/lib/python3.12/site-packages/airflow/example_dags/example_short_circuit_operator.py took 0.102 seconds
[2024-07-16T19:06:32.202+0000] {processor.py:161} INFO - Started process (PID=532) to work on /home/airflow/.local/lib/python3.12/site-packages/airflow/example_dags/example_short_circuit_operator.py
[2024-07-16T19:06:32.207+0000] {processor.py:830} INFO - Processing file /home/airflow/.local/lib/python3.12/site-packages/airflow/example_dags/example_short_circuit_operator.py for tasks to queue
[2024-07-16T19:06:32.208+0000] {logging_mixin.py:188} INFO - [2024-07-16T19:06:32.207+0000] {dagbag.py:545} INFO - Filling up the DagBag from /home/airflow/.local/lib/python3.12/site-packages/airflow/example_dags/example_short_circuit_operator.py
[2024-07-16T19:06:32.225+0000] {processor.py:840} INFO - DAG(s) 'example_short_circuit_operator' retrieved from /home/airflow/.local/lib/python3.12/site-packages/airflow/example_dags/example_short_circuit_operator.py
[2024-07-16T19:06:32.295+0000] {logging_mixin.py:188} INFO - [2024-07-16T19:06:32.295+0000] {dag.py:3096} INFO - Sync 1 DAGs
[2024-07-16T19:06:32.323+0000] {logging_mixin.py:188} INFO - [2024-07-16T19:06:32.323+0000] {dag.py:3954} INFO - Setting next_dagrun for example_short_circuit_operator to 2024-07-15 00:00:00+00:00, run_after=2024-07-16 00:00:00+00:00
[2024-07-16T19:06:32.355+0000] {processor.py:183} INFO - Processing /home/airflow/.local/lib/python3.12/site-packages/airflow/example_dags/example_short_circuit_operator.py took 0.171 seconds
[2024-07-16T19:07:03.123+0000] {processor.py:161} INFO - Started process (PID=593) to work on /home/airflow/.local/lib/python3.12/site-packages/airflow/example_dags/example_short_circuit_operator.py
[2024-07-16T19:07:03.134+0000] {processor.py:830} INFO - Processing file /home/airflow/.local/lib/python3.12/site-packages/airflow/example_dags/example_short_circuit_operator.py for tasks to queue
[2024-07-16T19:07:03.135+0000] {logging_mixin.py:188} INFO - [2024-07-16T19:07:03.134+0000] {dagbag.py:545} INFO - Filling up the DagBag from /home/airflow/.local/lib/python3.12/site-packages/airflow/example_dags/example_short_circuit_operator.py
[2024-07-16T19:07:03.152+0000] {processor.py:840} INFO - DAG(s) 'example_short_circuit_operator' retrieved from /home/airflow/.local/lib/python3.12/site-packages/airflow/example_dags/example_short_circuit_operator.py
[2024-07-16T19:07:03.182+0000] {logging_mixin.py:188} INFO - [2024-07-16T19:07:03.182+0000] {dag.py:3096} INFO - Sync 1 DAGs
[2024-07-16T19:07:03.218+0000] {logging_mixin.py:188} INFO - [2024-07-16T19:07:03.218+0000] {dag.py:3954} INFO - Setting next_dagrun for example_short_circuit_operator to 2024-07-15 00:00:00+00:00, run_after=2024-07-16 00:00:00+00:00
[2024-07-16T19:07:03.260+0000] {processor.py:183} INFO - Processing /home/airflow/.local/lib/python3.12/site-packages/airflow/example_dags/example_short_circuit_operator.py took 0.157 seconds
[2024-07-16T19:07:33.396+0000] {processor.py:161} INFO - Started process (PID=654) to work on /home/airflow/.local/lib/python3.12/site-packages/airflow/example_dags/example_short_circuit_operator.py
[2024-07-16T19:07:33.397+0000] {processor.py:830} INFO - Processing file /home/airflow/.local/lib/python3.12/site-packages/airflow/example_dags/example_short_circuit_operator.py for tasks to queue
[2024-07-16T19:07:33.399+0000] {logging_mixin.py:188} INFO - [2024-07-16T19:07:33.398+0000] {dagbag.py:545} INFO - Filling up the DagBag from /home/airflow/.local/lib/python3.12/site-packages/airflow/example_dags/example_short_circuit_operator.py
[2024-07-16T19:07:33.409+0000] {processor.py:840} INFO - DAG(s) 'example_short_circuit_operator' retrieved from /home/airflow/.local/lib/python3.12/site-packages/airflow/example_dags/example_short_circuit_operator.py
[2024-07-16T19:07:33.439+0000] {logging_mixin.py:188} INFO - [2024-07-16T19:07:33.438+0000] {dag.py:3096} INFO - Sync 1 DAGs
[2024-07-16T19:07:33.466+0000] {logging_mixin.py:188} INFO - [2024-07-16T19:07:33.466+0000] {dag.py:3954} INFO - Setting next_dagrun for example_short_circuit_operator to 2024-07-15 00:00:00+00:00, run_after=2024-07-16 00:00:00+00:00
[2024-07-16T19:07:33.492+0000] {processor.py:183} INFO - Processing /home/airflow/.local/lib/python3.12/site-packages/airflow/example_dags/example_short_circuit_operator.py took 0.102 seconds
[2024-07-16T19:08:03.852+0000] {processor.py:161} INFO - Started process (PID=713) to work on /home/airflow/.local/lib/python3.12/site-packages/airflow/example_dags/example_short_circuit_operator.py
[2024-07-16T19:08:03.853+0000] {processor.py:830} INFO - Processing file /home/airflow/.local/lib/python3.12/site-packages/airflow/example_dags/example_short_circuit_operator.py for tasks to queue
[2024-07-16T19:08:03.854+0000] {logging_mixin.py:188} INFO - [2024-07-16T19:08:03.854+0000] {dagbag.py:545} INFO - Filling up the DagBag from /home/airflow/.local/lib/python3.12/site-packages/airflow/example_dags/example_short_circuit_operator.py
[2024-07-16T19:08:03.869+0000] {processor.py:840} INFO - DAG(s) 'example_short_circuit_operator' retrieved from /home/airflow/.local/lib/python3.12/site-packages/airflow/example_dags/example_short_circuit_operator.py
[2024-07-16T19:08:03.962+0000] {logging_mixin.py:188} INFO - [2024-07-16T19:08:03.962+0000] {dag.py:3096} INFO - Sync 1 DAGs
[2024-07-16T19:08:04.052+0000] {logging_mixin.py:188} INFO - [2024-07-16T19:08:04.052+0000] {dag.py:3954} INFO - Setting next_dagrun for example_short_circuit_operator to 2024-07-15 00:00:00+00:00, run_after=2024-07-16 00:00:00+00:00
[2024-07-16T19:08:04.096+0000] {processor.py:183} INFO - Processing /home/airflow/.local/lib/python3.12/site-packages/airflow/example_dags/example_short_circuit_operator.py took 0.250 seconds
[2024-07-16T19:08:34.236+0000] {processor.py:161} INFO - Started process (PID=771) to work on /home/airflow/.local/lib/python3.12/site-packages/airflow/example_dags/example_short_circuit_operator.py
[2024-07-16T19:08:34.237+0000] {processor.py:830} INFO - Processing file /home/airflow/.local/lib/python3.12/site-packages/airflow/example_dags/example_short_circuit_operator.py for tasks to queue
[2024-07-16T19:08:34.238+0000] {logging_mixin.py:188} INFO - [2024-07-16T19:08:34.237+0000] {dagbag.py:545} INFO - Filling up the DagBag from /home/airflow/.local/lib/python3.12/site-packages/airflow/example_dags/example_short_circuit_operator.py
[2024-07-16T19:08:34.248+0000] {processor.py:840} INFO - DAG(s) 'example_short_circuit_operator' retrieved from /home/airflow/.local/lib/python3.12/site-packages/airflow/example_dags/example_short_circuit_operator.py
[2024-07-16T19:08:34.279+0000] {logging_mixin.py:188} INFO - [2024-07-16T19:08:34.278+0000] {dag.py:3096} INFO - Sync 1 DAGs
[2024-07-16T19:08:34.306+0000] {logging_mixin.py:188} INFO - [2024-07-16T19:08:34.305+0000] {dag.py:3954} INFO - Setting next_dagrun for example_short_circuit_operator to 2024-07-15 00:00:00+00:00, run_after=2024-07-16 00:00:00+00:00
[2024-07-16T19:08:34.330+0000] {processor.py:183} INFO - Processing /home/airflow/.local/lib/python3.12/site-packages/airflow/example_dags/example_short_circuit_operator.py took 0.101 seconds
[2024-07-16T19:09:05.004+0000] {processor.py:161} INFO - Started process (PID=831) to work on /home/airflow/.local/lib/python3.12/site-packages/airflow/example_dags/example_short_circuit_operator.py
[2024-07-16T19:09:05.005+0000] {processor.py:830} INFO - Processing file /home/airflow/.local/lib/python3.12/site-packages/airflow/example_dags/example_short_circuit_operator.py for tasks to queue
[2024-07-16T19:09:05.006+0000] {logging_mixin.py:188} INFO - [2024-07-16T19:09:05.006+0000] {dagbag.py:545} INFO - Filling up the DagBag from /home/airflow/.local/lib/python3.12/site-packages/airflow/example_dags/example_short_circuit_operator.py
[2024-07-16T19:09:05.016+0000] {processor.py:840} INFO - DAG(s) 'example_short_circuit_operator' retrieved from /home/airflow/.local/lib/python3.12/site-packages/airflow/example_dags/example_short_circuit_operator.py
[2024-07-16T19:09:05.045+0000] {logging_mixin.py:188} INFO - [2024-07-16T19:09:05.045+0000] {dag.py:3096} INFO - Sync 1 DAGs
[2024-07-16T19:09:05.071+0000] {logging_mixin.py:188} INFO - [2024-07-16T19:09:05.071+0000] {dag.py:3954} INFO - Setting next_dagrun for example_short_circuit_operator to 2024-07-15 00:00:00+00:00, run_after=2024-07-16 00:00:00+00:00
[2024-07-16T19:09:05.097+0000] {processor.py:183} INFO - Processing /home/airflow/.local/lib/python3.12/site-packages/airflow/example_dags/example_short_circuit_operator.py took 0.099 seconds
[2024-07-16T19:09:35.438+0000] {processor.py:161} INFO - Started process (PID=895) to work on /home/airflow/.local/lib/python3.12/site-packages/airflow/example_dags/example_short_circuit_operator.py
[2024-07-16T19:09:35.439+0000] {processor.py:830} INFO - Processing file /home/airflow/.local/lib/python3.12/site-packages/airflow/example_dags/example_short_circuit_operator.py for tasks to queue
[2024-07-16T19:09:35.440+0000] {logging_mixin.py:188} INFO - [2024-07-16T19:09:35.440+0000] {dagbag.py:545} INFO - Filling up the DagBag from /home/airflow/.local/lib/python3.12/site-packages/airflow/example_dags/example_short_circuit_operator.py
[2024-07-16T19:09:35.451+0000] {processor.py:840} INFO - DAG(s) 'example_short_circuit_operator' retrieved from /home/airflow/.local/lib/python3.12/site-packages/airflow/example_dags/example_short_circuit_operator.py
[2024-07-16T19:09:35.493+0000] {logging_mixin.py:188} INFO - [2024-07-16T19:09:35.493+0000] {dag.py:3096} INFO - Sync 1 DAGs
[2024-07-16T19:09:35.522+0000] {logging_mixin.py:188} INFO - [2024-07-16T19:09:35.522+0000] {dag.py:3954} INFO - Setting next_dagrun for example_short_circuit_operator to 2024-07-15 00:00:00+00:00, run_after=2024-07-16 00:00:00+00:00
[2024-07-16T19:09:35.549+0000] {processor.py:183} INFO - Processing /home/airflow/.local/lib/python3.12/site-packages/airflow/example_dags/example_short_circuit_operator.py took 0.117 seconds
[2024-07-16T19:10:05.679+0000] {processor.py:161} INFO - Started process (PID=955) to work on /home/airflow/.local/lib/python3.12/site-packages/airflow/example_dags/example_short_circuit_operator.py
[2024-07-16T19:10:05.680+0000] {processor.py:830} INFO - Processing file /home/airflow/.local/lib/python3.12/site-packages/airflow/example_dags/example_short_circuit_operator.py for tasks to queue
[2024-07-16T19:10:05.686+0000] {logging_mixin.py:188} INFO - [2024-07-16T19:10:05.681+0000] {dagbag.py:545} INFO - Filling up the DagBag from /home/airflow/.local/lib/python3.12/site-packages/airflow/example_dags/example_short_circuit_operator.py
[2024-07-16T19:10:05.705+0000] {processor.py:840} INFO - DAG(s) 'example_short_circuit_operator' retrieved from /home/airflow/.local/lib/python3.12/site-packages/airflow/example_dags/example_short_circuit_operator.py
[2024-07-16T19:10:05.776+0000] {logging_mixin.py:188} INFO - [2024-07-16T19:10:05.776+0000] {dag.py:3096} INFO - Sync 1 DAGs
[2024-07-16T19:10:05.826+0000] {logging_mixin.py:188} INFO - [2024-07-16T19:10:05.826+0000] {dag.py:3954} INFO - Setting next_dagrun for example_short_circuit_operator to 2024-07-15 00:00:00+00:00, run_after=2024-07-16 00:00:00+00:00
[2024-07-16T19:10:05.880+0000] {processor.py:183} INFO - Processing /home/airflow/.local/lib/python3.12/site-packages/airflow/example_dags/example_short_circuit_operator.py took 0.220 seconds
[2024-07-16T19:10:36.749+0000] {processor.py:161} INFO - Started process (PID=1014) to work on /home/airflow/.local/lib/python3.12/site-packages/airflow/example_dags/example_short_circuit_operator.py
[2024-07-16T19:10:36.753+0000] {processor.py:830} INFO - Processing file /home/airflow/.local/lib/python3.12/site-packages/airflow/example_dags/example_short_circuit_operator.py for tasks to queue
[2024-07-16T19:10:36.754+0000] {logging_mixin.py:188} INFO - [2024-07-16T19:10:36.754+0000] {dagbag.py:545} INFO - Filling up the DagBag from /home/airflow/.local/lib/python3.12/site-packages/airflow/example_dags/example_short_circuit_operator.py
[2024-07-16T19:10:36.769+0000] {processor.py:840} INFO - DAG(s) 'example_short_circuit_operator' retrieved from /home/airflow/.local/lib/python3.12/site-packages/airflow/example_dags/example_short_circuit_operator.py
[2024-07-16T19:10:36.838+0000] {logging_mixin.py:188} INFO - [2024-07-16T19:10:36.838+0000] {dag.py:3096} INFO - Sync 1 DAGs
[2024-07-16T19:10:36.926+0000] {logging_mixin.py:188} INFO - [2024-07-16T19:10:36.926+0000] {dag.py:3954} INFO - Setting next_dagrun for example_short_circuit_operator to 2024-07-15 00:00:00+00:00, run_after=2024-07-16 00:00:00+00:00
[2024-07-16T19:10:36.968+0000] {processor.py:183} INFO - Processing /home/airflow/.local/lib/python3.12/site-packages/airflow/example_dags/example_short_circuit_operator.py took 0.241 seconds
[2024-07-16T19:11:07.935+0000] {processor.py:161} INFO - Started process (PID=1076) to work on /home/airflow/.local/lib/python3.12/site-packages/airflow/example_dags/example_short_circuit_operator.py
[2024-07-16T19:11:07.936+0000] {processor.py:830} INFO - Processing file /home/airflow/.local/lib/python3.12/site-packages/airflow/example_dags/example_short_circuit_operator.py for tasks to queue
[2024-07-16T19:11:07.937+0000] {logging_mixin.py:188} INFO - [2024-07-16T19:11:07.936+0000] {dagbag.py:545} INFO - Filling up the DagBag from /home/airflow/.local/lib/python3.12/site-packages/airflow/example_dags/example_short_circuit_operator.py
[2024-07-16T19:11:07.947+0000] {processor.py:840} INFO - DAG(s) 'example_short_circuit_operator' retrieved from /home/airflow/.local/lib/python3.12/site-packages/airflow/example_dags/example_short_circuit_operator.py
[2024-07-16T19:11:07.984+0000] {logging_mixin.py:188} INFO - [2024-07-16T19:11:07.984+0000] {dag.py:3096} INFO - Sync 1 DAGs
[2024-07-16T19:11:08.013+0000] {logging_mixin.py:188} INFO - [2024-07-16T19:11:08.013+0000] {dag.py:3954} INFO - Setting next_dagrun for example_short_circuit_operator to 2024-07-15 00:00:00+00:00, run_after=2024-07-16 00:00:00+00:00
[2024-07-16T19:11:08.036+0000] {processor.py:183} INFO - Processing /home/airflow/.local/lib/python3.12/site-packages/airflow/example_dags/example_short_circuit_operator.py took 0.108 seconds
[2024-07-16T19:11:38.104+0000] {processor.py:161} INFO - Started process (PID=1135) to work on /home/airflow/.local/lib/python3.12/site-packages/airflow/example_dags/example_short_circuit_operator.py
[2024-07-16T19:11:38.105+0000] {processor.py:830} INFO - Processing file /home/airflow/.local/lib/python3.12/site-packages/airflow/example_dags/example_short_circuit_operator.py for tasks to queue
[2024-07-16T19:11:38.106+0000] {logging_mixin.py:188} INFO - [2024-07-16T19:11:38.105+0000] {dagbag.py:545} INFO - Filling up the DagBag from /home/airflow/.local/lib/python3.12/site-packages/airflow/example_dags/example_short_circuit_operator.py
[2024-07-16T19:11:38.115+0000] {processor.py:840} INFO - DAG(s) 'example_short_circuit_operator' retrieved from /home/airflow/.local/lib/python3.12/site-packages/airflow/example_dags/example_short_circuit_operator.py
[2024-07-16T19:11:38.150+0000] {logging_mixin.py:188} INFO - [2024-07-16T19:11:38.149+0000] {dag.py:3096} INFO - Sync 1 DAGs
[2024-07-16T19:11:38.181+0000] {logging_mixin.py:188} INFO - [2024-07-16T19:11:38.181+0000] {dag.py:3954} INFO - Setting next_dagrun for example_short_circuit_operator to 2024-07-15 00:00:00+00:00, run_after=2024-07-16 00:00:00+00:00
[2024-07-16T19:11:38.206+0000] {processor.py:183} INFO - Processing /home/airflow/.local/lib/python3.12/site-packages/airflow/example_dags/example_short_circuit_operator.py took 0.109 seconds
[2024-07-16T19:12:08.572+0000] {processor.py:161} INFO - Started process (PID=1194) to work on /home/airflow/.local/lib/python3.12/site-packages/airflow/example_dags/example_short_circuit_operator.py
[2024-07-16T19:12:08.573+0000] {processor.py:830} INFO - Processing file /home/airflow/.local/lib/python3.12/site-packages/airflow/example_dags/example_short_circuit_operator.py for tasks to queue
[2024-07-16T19:12:08.573+0000] {logging_mixin.py:188} INFO - [2024-07-16T19:12:08.573+0000] {dagbag.py:545} INFO - Filling up the DagBag from /home/airflow/.local/lib/python3.12/site-packages/airflow/example_dags/example_short_circuit_operator.py
[2024-07-16T19:12:08.584+0000] {processor.py:840} INFO - DAG(s) 'example_short_circuit_operator' retrieved from /home/airflow/.local/lib/python3.12/site-packages/airflow/example_dags/example_short_circuit_operator.py
[2024-07-16T19:12:08.618+0000] {logging_mixin.py:188} INFO - [2024-07-16T19:12:08.618+0000] {dag.py:3096} INFO - Sync 1 DAGs
[2024-07-16T19:12:08.646+0000] {logging_mixin.py:188} INFO - [2024-07-16T19:12:08.645+0000] {dag.py:3954} INFO - Setting next_dagrun for example_short_circuit_operator to 2024-07-15 00:00:00+00:00, run_after=2024-07-16 00:00:00+00:00
[2024-07-16T19:12:08.670+0000] {processor.py:183} INFO - Processing /home/airflow/.local/lib/python3.12/site-packages/airflow/example_dags/example_short_circuit_operator.py took 0.105 seconds
[2024-07-16T19:12:39.206+0000] {processor.py:161} INFO - Started process (PID=1254) to work on /home/airflow/.local/lib/python3.12/site-packages/airflow/example_dags/example_short_circuit_operator.py
[2024-07-16T19:12:39.211+0000] {processor.py:830} INFO - Processing file /home/airflow/.local/lib/python3.12/site-packages/airflow/example_dags/example_short_circuit_operator.py for tasks to queue
[2024-07-16T19:12:39.212+0000] {logging_mixin.py:188} INFO - [2024-07-16T19:12:39.212+0000] {dagbag.py:545} INFO - Filling up the DagBag from /home/airflow/.local/lib/python3.12/site-packages/airflow/example_dags/example_short_circuit_operator.py
[2024-07-16T19:12:39.232+0000] {processor.py:840} INFO - DAG(s) 'example_short_circuit_operator' retrieved from /home/airflow/.local/lib/python3.12/site-packages/airflow/example_dags/example_short_circuit_operator.py
[2024-07-16T19:12:39.263+0000] {logging_mixin.py:188} INFO - [2024-07-16T19:12:39.263+0000] {dag.py:3096} INFO - Sync 1 DAGs
[2024-07-16T19:12:39.292+0000] {logging_mixin.py:188} INFO - [2024-07-16T19:12:39.292+0000] {dag.py:3954} INFO - Setting next_dagrun for example_short_circuit_operator to 2024-07-15 00:00:00+00:00, run_after=2024-07-16 00:00:00+00:00
[2024-07-16T19:12:39.316+0000] {processor.py:183} INFO - Processing /home/airflow/.local/lib/python3.12/site-packages/airflow/example_dags/example_short_circuit_operator.py took 0.121 seconds
[2024-07-16T19:13:09.398+0000] {processor.py:161} INFO - Started process (PID=1316) to work on /home/airflow/.local/lib/python3.12/site-packages/airflow/example_dags/example_short_circuit_operator.py
[2024-07-16T19:13:09.399+0000] {processor.py:830} INFO - Processing file /home/airflow/.local/lib/python3.12/site-packages/airflow/example_dags/example_short_circuit_operator.py for tasks to queue
[2024-07-16T19:13:09.400+0000] {logging_mixin.py:188} INFO - [2024-07-16T19:13:09.400+0000] {dagbag.py:545} INFO - Filling up the DagBag from /home/airflow/.local/lib/python3.12/site-packages/airflow/example_dags/example_short_circuit_operator.py
[2024-07-16T19:13:09.410+0000] {processor.py:840} INFO - DAG(s) 'example_short_circuit_operator' retrieved from /home/airflow/.local/lib/python3.12/site-packages/airflow/example_dags/example_short_circuit_operator.py
[2024-07-16T19:13:09.437+0000] {logging_mixin.py:188} INFO - [2024-07-16T19:13:09.437+0000] {dag.py:3096} INFO - Sync 1 DAGs
[2024-07-16T19:13:09.464+0000] {logging_mixin.py:188} INFO - [2024-07-16T19:13:09.464+0000] {dag.py:3954} INFO - Setting next_dagrun for example_short_circuit_operator to 2024-07-15 00:00:00+00:00, run_after=2024-07-16 00:00:00+00:00
[2024-07-16T19:13:09.488+0000] {processor.py:183} INFO - Processing /home/airflow/.local/lib/python3.12/site-packages/airflow/example_dags/example_short_circuit_operator.py took 0.097 seconds
[2024-07-16T19:13:39.563+0000] {processor.py:161} INFO - Started process (PID=1375) to work on /home/airflow/.local/lib/python3.12/site-packages/airflow/example_dags/example_short_circuit_operator.py
[2024-07-16T19:13:39.564+0000] {processor.py:830} INFO - Processing file /home/airflow/.local/lib/python3.12/site-packages/airflow/example_dags/example_short_circuit_operator.py for tasks to queue
[2024-07-16T19:13:39.565+0000] {logging_mixin.py:188} INFO - [2024-07-16T19:13:39.564+0000] {dagbag.py:545} INFO - Filling up the DagBag from /home/airflow/.local/lib/python3.12/site-packages/airflow/example_dags/example_short_circuit_operator.py
[2024-07-16T19:13:39.574+0000] {processor.py:840} INFO - DAG(s) 'example_short_circuit_operator' retrieved from /home/airflow/.local/lib/python3.12/site-packages/airflow/example_dags/example_short_circuit_operator.py
[2024-07-16T19:13:39.602+0000] {logging_mixin.py:188} INFO - [2024-07-16T19:13:39.601+0000] {dag.py:3096} INFO - Sync 1 DAGs
[2024-07-16T19:13:39.629+0000] {logging_mixin.py:188} INFO - [2024-07-16T19:13:39.629+0000] {dag.py:3954} INFO - Setting next_dagrun for example_short_circuit_operator to 2024-07-15 00:00:00+00:00, run_after=2024-07-16 00:00:00+00:00
[2024-07-16T19:13:39.661+0000] {processor.py:183} INFO - Processing /home/airflow/.local/lib/python3.12/site-packages/airflow/example_dags/example_short_circuit_operator.py took 0.105 seconds
[2024-07-16T19:14:10.058+0000] {processor.py:161} INFO - Started process (PID=1434) to work on /home/airflow/.local/lib/python3.12/site-packages/airflow/example_dags/example_short_circuit_operator.py
[2024-07-16T19:14:10.059+0000] {processor.py:830} INFO - Processing file /home/airflow/.local/lib/python3.12/site-packages/airflow/example_dags/example_short_circuit_operator.py for tasks to queue
[2024-07-16T19:14:10.060+0000] {logging_mixin.py:188} INFO - [2024-07-16T19:14:10.060+0000] {dagbag.py:545} INFO - Filling up the DagBag from /home/airflow/.local/lib/python3.12/site-packages/airflow/example_dags/example_short_circuit_operator.py
[2024-07-16T19:14:10.091+0000] {processor.py:840} INFO - DAG(s) 'example_short_circuit_operator' retrieved from /home/airflow/.local/lib/python3.12/site-packages/airflow/example_dags/example_short_circuit_operator.py
[2024-07-16T19:14:10.121+0000] {logging_mixin.py:188} INFO - [2024-07-16T19:14:10.121+0000] {dag.py:3096} INFO - Sync 1 DAGs
[2024-07-16T19:14:10.148+0000] {logging_mixin.py:188} INFO - [2024-07-16T19:14:10.148+0000] {dag.py:3954} INFO - Setting next_dagrun for example_short_circuit_operator to 2024-07-15 00:00:00+00:00, run_after=2024-07-16 00:00:00+00:00
[2024-07-16T19:14:10.172+0000] {processor.py:183} INFO - Processing /home/airflow/.local/lib/python3.12/site-packages/airflow/example_dags/example_short_circuit_operator.py took 0.126 seconds
[2024-07-16T19:14:40.757+0000] {processor.py:161} INFO - Started process (PID=1494) to work on /home/airflow/.local/lib/python3.12/site-packages/airflow/example_dags/example_short_circuit_operator.py
[2024-07-16T19:14:40.758+0000] {processor.py:830} INFO - Processing file /home/airflow/.local/lib/python3.12/site-packages/airflow/example_dags/example_short_circuit_operator.py for tasks to queue
[2024-07-16T19:14:40.759+0000] {logging_mixin.py:188} INFO - [2024-07-16T19:14:40.758+0000] {dagbag.py:545} INFO - Filling up the DagBag from /home/airflow/.local/lib/python3.12/site-packages/airflow/example_dags/example_short_circuit_operator.py
[2024-07-16T19:14:40.769+0000] {processor.py:840} INFO - DAG(s) 'example_short_circuit_operator' retrieved from /home/airflow/.local/lib/python3.12/site-packages/airflow/example_dags/example_short_circuit_operator.py
[2024-07-16T19:14:40.796+0000] {logging_mixin.py:188} INFO - [2024-07-16T19:14:40.796+0000] {dag.py:3096} INFO - Sync 1 DAGs
[2024-07-16T19:14:40.821+0000] {logging_mixin.py:188} INFO - [2024-07-16T19:14:40.821+0000] {dag.py:3954} INFO - Setting next_dagrun for example_short_circuit_operator to 2024-07-15 00:00:00+00:00, run_after=2024-07-16 00:00:00+00:00
[2024-07-16T19:14:40.849+0000] {processor.py:183} INFO - Processing /home/airflow/.local/lib/python3.12/site-packages/airflow/example_dags/example_short_circuit_operator.py took 0.099 seconds
[2024-07-16T19:15:11.023+0000] {processor.py:161} INFO - Started process (PID=1553) to work on /home/airflow/.local/lib/python3.12/site-packages/airflow/example_dags/example_short_circuit_operator.py
[2024-07-16T19:15:11.024+0000] {processor.py:830} INFO - Processing file /home/airflow/.local/lib/python3.12/site-packages/airflow/example_dags/example_short_circuit_operator.py for tasks to queue
[2024-07-16T19:15:11.025+0000] {logging_mixin.py:188} INFO - [2024-07-16T19:15:11.024+0000] {dagbag.py:545} INFO - Filling up the DagBag from /home/airflow/.local/lib/python3.12/site-packages/airflow/example_dags/example_short_circuit_operator.py
[2024-07-16T19:15:11.036+0000] {processor.py:840} INFO - DAG(s) 'example_short_circuit_operator' retrieved from /home/airflow/.local/lib/python3.12/site-packages/airflow/example_dags/example_short_circuit_operator.py
[2024-07-16T19:15:11.063+0000] {logging_mixin.py:188} INFO - [2024-07-16T19:15:11.063+0000] {dag.py:3096} INFO - Sync 1 DAGs
[2024-07-16T19:15:11.090+0000] {logging_mixin.py:188} INFO - [2024-07-16T19:15:11.089+0000] {dag.py:3954} INFO - Setting next_dagrun for example_short_circuit_operator to 2024-07-15 00:00:00+00:00, run_after=2024-07-16 00:00:00+00:00
[2024-07-16T19:15:11.114+0000] {processor.py:183} INFO - Processing /home/airflow/.local/lib/python3.12/site-packages/airflow/example_dags/example_short_circuit_operator.py took 0.098 seconds
[2024-07-16T19:19:12.595+0000] {processor.py:161} INFO - Started process (PID=46) to work on /home/airflow/.local/lib/python3.12/site-packages/airflow/example_dags/example_short_circuit_operator.py
[2024-07-16T19:19:12.596+0000] {processor.py:830} INFO - Processing file /home/airflow/.local/lib/python3.12/site-packages/airflow/example_dags/example_short_circuit_operator.py for tasks to queue
[2024-07-16T19:19:12.598+0000] {logging_mixin.py:188} INFO - [2024-07-16T19:19:12.598+0000] {dagbag.py:545} INFO - Filling up the DagBag from /home/airflow/.local/lib/python3.12/site-packages/airflow/example_dags/example_short_circuit_operator.py
[2024-07-16T19:19:12.630+0000] {processor.py:840} INFO - DAG(s) 'example_short_circuit_operator' retrieved from /home/airflow/.local/lib/python3.12/site-packages/airflow/example_dags/example_short_circuit_operator.py
[2024-07-16T19:19:13.102+0000] {logging_mixin.py:188} INFO - [2024-07-16T19:19:13.102+0000] {dag.py:3096} INFO - Sync 1 DAGs
[2024-07-16T19:19:13.203+0000] {logging_mixin.py:188} INFO - [2024-07-16T19:19:13.202+0000] {dag.py:3954} INFO - Setting next_dagrun for example_short_circuit_operator to 2024-07-15 00:00:00+00:00, run_after=2024-07-16 00:00:00+00:00
[2024-07-16T19:19:13.278+0000] {processor.py:183} INFO - Processing /home/airflow/.local/lib/python3.12/site-packages/airflow/example_dags/example_short_circuit_operator.py took 0.715 seconds
[2024-07-16T19:19:44.092+0000] {processor.py:161} INFO - Started process (PID=105) to work on /home/airflow/.local/lib/python3.12/site-packages/airflow/example_dags/example_short_circuit_operator.py
[2024-07-16T19:19:44.093+0000] {processor.py:830} INFO - Processing file /home/airflow/.local/lib/python3.12/site-packages/airflow/example_dags/example_short_circuit_operator.py for tasks to queue
[2024-07-16T19:19:44.096+0000] {logging_mixin.py:188} INFO - [2024-07-16T19:19:44.095+0000] {dagbag.py:545} INFO - Filling up the DagBag from /home/airflow/.local/lib/python3.12/site-packages/airflow/example_dags/example_short_circuit_operator.py
[2024-07-16T19:19:44.111+0000] {processor.py:840} INFO - DAG(s) 'example_short_circuit_operator' retrieved from /home/airflow/.local/lib/python3.12/site-packages/airflow/example_dags/example_short_circuit_operator.py
[2024-07-16T19:19:44.145+0000] {logging_mixin.py:188} INFO - [2024-07-16T19:19:44.145+0000] {dag.py:3096} INFO - Sync 1 DAGs
[2024-07-16T19:19:44.223+0000] {logging_mixin.py:188} INFO - [2024-07-16T19:19:44.222+0000] {dag.py:3954} INFO - Setting next_dagrun for example_short_circuit_operator to 2024-07-15 00:00:00+00:00, run_after=2024-07-16 00:00:00+00:00
[2024-07-16T19:19:44.331+0000] {processor.py:183} INFO - Processing /home/airflow/.local/lib/python3.12/site-packages/airflow/example_dags/example_short_circuit_operator.py took 0.246 seconds
[2024-07-16T19:20:14.497+0000] {processor.py:161} INFO - Started process (PID=165) to work on /home/airflow/.local/lib/python3.12/site-packages/airflow/example_dags/example_short_circuit_operator.py
[2024-07-16T19:20:14.498+0000] {processor.py:830} INFO - Processing file /home/airflow/.local/lib/python3.12/site-packages/airflow/example_dags/example_short_circuit_operator.py for tasks to queue
[2024-07-16T19:20:14.500+0000] {logging_mixin.py:188} INFO - [2024-07-16T19:20:14.500+0000] {dagbag.py:545} INFO - Filling up the DagBag from /home/airflow/.local/lib/python3.12/site-packages/airflow/example_dags/example_short_circuit_operator.py
[2024-07-16T19:20:14.508+0000] {processor.py:840} INFO - DAG(s) 'example_short_circuit_operator' retrieved from /home/airflow/.local/lib/python3.12/site-packages/airflow/example_dags/example_short_circuit_operator.py
[2024-07-16T19:20:14.538+0000] {logging_mixin.py:188} INFO - [2024-07-16T19:20:14.538+0000] {dag.py:3096} INFO - Sync 1 DAGs
[2024-07-16T19:20:14.563+0000] {logging_mixin.py:188} INFO - [2024-07-16T19:20:14.562+0000] {dag.py:3954} INFO - Setting next_dagrun for example_short_circuit_operator to 2024-07-15 00:00:00+00:00, run_after=2024-07-16 00:00:00+00:00
[2024-07-16T19:20:14.591+0000] {processor.py:183} INFO - Processing /home/airflow/.local/lib/python3.12/site-packages/airflow/example_dags/example_short_circuit_operator.py took 0.100 seconds
[2024-07-16T19:20:44.907+0000] {processor.py:161} INFO - Started process (PID=224) to work on /home/airflow/.local/lib/python3.12/site-packages/airflow/example_dags/example_short_circuit_operator.py
[2024-07-16T19:20:44.908+0000] {processor.py:830} INFO - Processing file /home/airflow/.local/lib/python3.12/site-packages/airflow/example_dags/example_short_circuit_operator.py for tasks to queue
[2024-07-16T19:20:44.910+0000] {logging_mixin.py:188} INFO - [2024-07-16T19:20:44.909+0000] {dagbag.py:545} INFO - Filling up the DagBag from /home/airflow/.local/lib/python3.12/site-packages/airflow/example_dags/example_short_circuit_operator.py
[2024-07-16T19:20:44.918+0000] {processor.py:840} INFO - DAG(s) 'example_short_circuit_operator' retrieved from /home/airflow/.local/lib/python3.12/site-packages/airflow/example_dags/example_short_circuit_operator.py
[2024-07-16T19:20:44.948+0000] {logging_mixin.py:188} INFO - [2024-07-16T19:20:44.948+0000] {dag.py:3096} INFO - Sync 1 DAGs
[2024-07-16T19:20:44.972+0000] {logging_mixin.py:188} INFO - [2024-07-16T19:20:44.972+0000] {dag.py:3954} INFO - Setting next_dagrun for example_short_circuit_operator to 2024-07-15 00:00:00+00:00, run_after=2024-07-16 00:00:00+00:00
[2024-07-16T19:20:44.997+0000] {processor.py:183} INFO - Processing /home/airflow/.local/lib/python3.12/site-packages/airflow/example_dags/example_short_circuit_operator.py took 0.096 seconds
[2024-07-16T19:21:15.100+0000] {processor.py:161} INFO - Started process (PID=282) to work on /home/airflow/.local/lib/python3.12/site-packages/airflow/example_dags/example_short_circuit_operator.py
[2024-07-16T19:21:15.108+0000] {processor.py:830} INFO - Processing file /home/airflow/.local/lib/python3.12/site-packages/airflow/example_dags/example_short_circuit_operator.py for tasks to queue
[2024-07-16T19:21:15.111+0000] {logging_mixin.py:188} INFO - [2024-07-16T19:21:15.110+0000] {dagbag.py:545} INFO - Filling up the DagBag from /home/airflow/.local/lib/python3.12/site-packages/airflow/example_dags/example_short_circuit_operator.py
[2024-07-16T19:21:15.119+0000] {processor.py:840} INFO - DAG(s) 'example_short_circuit_operator' retrieved from /home/airflow/.local/lib/python3.12/site-packages/airflow/example_dags/example_short_circuit_operator.py
[2024-07-16T19:21:15.150+0000] {logging_mixin.py:188} INFO - [2024-07-16T19:21:15.149+0000] {dag.py:3096} INFO - Sync 1 DAGs
[2024-07-16T19:21:15.177+0000] {logging_mixin.py:188} INFO - [2024-07-16T19:21:15.177+0000] {dag.py:3954} INFO - Setting next_dagrun for example_short_circuit_operator to 2024-07-15 00:00:00+00:00, run_after=2024-07-16 00:00:00+00:00
[2024-07-16T19:21:15.242+0000] {processor.py:183} INFO - Processing /home/airflow/.local/lib/python3.12/site-packages/airflow/example_dags/example_short_circuit_operator.py took 0.178 seconds
[2024-07-16T19:21:45.800+0000] {processor.py:161} INFO - Started process (PID=341) to work on /home/airflow/.local/lib/python3.12/site-packages/airflow/example_dags/example_short_circuit_operator.py
[2024-07-16T19:21:45.801+0000] {processor.py:830} INFO - Processing file /home/airflow/.local/lib/python3.12/site-packages/airflow/example_dags/example_short_circuit_operator.py for tasks to queue
[2024-07-16T19:21:45.803+0000] {logging_mixin.py:188} INFO - [2024-07-16T19:21:45.803+0000] {dagbag.py:545} INFO - Filling up the DagBag from /home/airflow/.local/lib/python3.12/site-packages/airflow/example_dags/example_short_circuit_operator.py
[2024-07-16T19:21:45.809+0000] {processor.py:840} INFO - DAG(s) 'example_short_circuit_operator' retrieved from /home/airflow/.local/lib/python3.12/site-packages/airflow/example_dags/example_short_circuit_operator.py
[2024-07-16T19:21:45.834+0000] {logging_mixin.py:188} INFO - [2024-07-16T19:21:45.833+0000] {dag.py:3096} INFO - Sync 1 DAGs
[2024-07-16T19:21:45.863+0000] {logging_mixin.py:188} INFO - [2024-07-16T19:21:45.863+0000] {dag.py:3954} INFO - Setting next_dagrun for example_short_circuit_operator to 2024-07-15 00:00:00+00:00, run_after=2024-07-16 00:00:00+00:00
[2024-07-16T19:21:45.888+0000] {processor.py:183} INFO - Processing /home/airflow/.local/lib/python3.12/site-packages/airflow/example_dags/example_short_circuit_operator.py took 0.099 seconds
[2024-07-16T19:22:16.045+0000] {processor.py:161} INFO - Started process (PID=407) to work on /home/airflow/.local/lib/python3.12/site-packages/airflow/example_dags/example_short_circuit_operator.py
[2024-07-16T19:22:16.046+0000] {processor.py:830} INFO - Processing file /home/airflow/.local/lib/python3.12/site-packages/airflow/example_dags/example_short_circuit_operator.py for tasks to queue
[2024-07-16T19:22:16.047+0000] {logging_mixin.py:188} INFO - [2024-07-16T19:22:16.047+0000] {dagbag.py:545} INFO - Filling up the DagBag from /home/airflow/.local/lib/python3.12/site-packages/airflow/example_dags/example_short_circuit_operator.py
[2024-07-16T19:22:16.054+0000] {processor.py:840} INFO - DAG(s) 'example_short_circuit_operator' retrieved from /home/airflow/.local/lib/python3.12/site-packages/airflow/example_dags/example_short_circuit_operator.py
[2024-07-16T19:22:16.075+0000] {logging_mixin.py:188} INFO - [2024-07-16T19:22:16.075+0000] {dag.py:3096} INFO - Sync 1 DAGs
[2024-07-16T19:22:16.093+0000] {logging_mixin.py:188} INFO - [2024-07-16T19:22:16.093+0000] {dag.py:3954} INFO - Setting next_dagrun for example_short_circuit_operator to 2024-07-15 00:00:00+00:00, run_after=2024-07-16 00:00:00+00:00
[2024-07-16T19:22:16.112+0000] {processor.py:183} INFO - Processing /home/airflow/.local/lib/python3.12/site-packages/airflow/example_dags/example_short_circuit_operator.py took 0.071 seconds
[2024-07-16T19:22:46.423+0000] {processor.py:161} INFO - Started process (PID=469) to work on /home/airflow/.local/lib/python3.12/site-packages/airflow/example_dags/example_short_circuit_operator.py
[2024-07-16T19:22:46.424+0000] {processor.py:830} INFO - Processing file /home/airflow/.local/lib/python3.12/site-packages/airflow/example_dags/example_short_circuit_operator.py for tasks to queue
[2024-07-16T19:22:46.425+0000] {logging_mixin.py:188} INFO - [2024-07-16T19:22:46.425+0000] {dagbag.py:545} INFO - Filling up the DagBag from /home/airflow/.local/lib/python3.12/site-packages/airflow/example_dags/example_short_circuit_operator.py
[2024-07-16T19:22:46.433+0000] {processor.py:840} INFO - DAG(s) 'example_short_circuit_operator' retrieved from /home/airflow/.local/lib/python3.12/site-packages/airflow/example_dags/example_short_circuit_operator.py
[2024-07-16T19:22:46.463+0000] {logging_mixin.py:188} INFO - [2024-07-16T19:22:46.462+0000] {dag.py:3096} INFO - Sync 1 DAGs
[2024-07-16T19:22:46.490+0000] {logging_mixin.py:188} INFO - [2024-07-16T19:22:46.490+0000] {dag.py:3954} INFO - Setting next_dagrun for example_short_circuit_operator to 2024-07-15 00:00:00+00:00, run_after=2024-07-16 00:00:00+00:00
[2024-07-16T19:22:46.515+0000] {processor.py:183} INFO - Processing /home/airflow/.local/lib/python3.12/site-packages/airflow/example_dags/example_short_circuit_operator.py took 0.098 seconds
[2024-07-16T19:23:17.480+0000] {processor.py:161} INFO - Started process (PID=530) to work on /home/airflow/.local/lib/python3.12/site-packages/airflow/example_dags/example_short_circuit_operator.py
[2024-07-16T19:23:17.481+0000] {processor.py:830} INFO - Processing file /home/airflow/.local/lib/python3.12/site-packages/airflow/example_dags/example_short_circuit_operator.py for tasks to queue
[2024-07-16T19:23:17.483+0000] {logging_mixin.py:188} INFO - [2024-07-16T19:23:17.483+0000] {dagbag.py:545} INFO - Filling up the DagBag from /home/airflow/.local/lib/python3.12/site-packages/airflow/example_dags/example_short_circuit_operator.py
[2024-07-16T19:23:17.492+0000] {processor.py:840} INFO - DAG(s) 'example_short_circuit_operator' retrieved from /home/airflow/.local/lib/python3.12/site-packages/airflow/example_dags/example_short_circuit_operator.py
[2024-07-16T19:23:17.523+0000] {logging_mixin.py:188} INFO - [2024-07-16T19:23:17.523+0000] {dag.py:3096} INFO - Sync 1 DAGs
[2024-07-16T19:23:17.577+0000] {logging_mixin.py:188} INFO - [2024-07-16T19:23:17.577+0000] {dag.py:3954} INFO - Setting next_dagrun for example_short_circuit_operator to 2024-07-15 00:00:00+00:00, run_after=2024-07-16 00:00:00+00:00
[2024-07-16T19:23:17.618+0000] {processor.py:183} INFO - Processing /home/airflow/.local/lib/python3.12/site-packages/airflow/example_dags/example_short_circuit_operator.py took 0.143 seconds
[2024-07-16T19:23:47.758+0000] {processor.py:161} INFO - Started process (PID=589) to work on /home/airflow/.local/lib/python3.12/site-packages/airflow/example_dags/example_short_circuit_operator.py
[2024-07-16T19:23:47.759+0000] {processor.py:830} INFO - Processing file /home/airflow/.local/lib/python3.12/site-packages/airflow/example_dags/example_short_circuit_operator.py for tasks to queue
[2024-07-16T19:23:47.761+0000] {logging_mixin.py:188} INFO - [2024-07-16T19:23:47.760+0000] {dagbag.py:545} INFO - Filling up the DagBag from /home/airflow/.local/lib/python3.12/site-packages/airflow/example_dags/example_short_circuit_operator.py
[2024-07-16T19:23:47.769+0000] {processor.py:840} INFO - DAG(s) 'example_short_circuit_operator' retrieved from /home/airflow/.local/lib/python3.12/site-packages/airflow/example_dags/example_short_circuit_operator.py
[2024-07-16T19:23:47.799+0000] {logging_mixin.py:188} INFO - [2024-07-16T19:23:47.798+0000] {dag.py:3096} INFO - Sync 1 DAGs
[2024-07-16T19:23:47.828+0000] {logging_mixin.py:188} INFO - [2024-07-16T19:23:47.828+0000] {dag.py:3954} INFO - Setting next_dagrun for example_short_circuit_operator to 2024-07-15 00:00:00+00:00, run_after=2024-07-16 00:00:00+00:00
[2024-07-16T19:23:47.858+0000] {processor.py:183} INFO - Processing /home/airflow/.local/lib/python3.12/site-packages/airflow/example_dags/example_short_circuit_operator.py took 0.107 seconds
[2024-07-16T19:24:18.522+0000] {processor.py:161} INFO - Started process (PID=648) to work on /home/airflow/.local/lib/python3.12/site-packages/airflow/example_dags/example_short_circuit_operator.py
[2024-07-16T19:24:18.523+0000] {processor.py:830} INFO - Processing file /home/airflow/.local/lib/python3.12/site-packages/airflow/example_dags/example_short_circuit_operator.py for tasks to queue
[2024-07-16T19:24:18.524+0000] {logging_mixin.py:188} INFO - [2024-07-16T19:24:18.523+0000] {dagbag.py:545} INFO - Filling up the DagBag from /home/airflow/.local/lib/python3.12/site-packages/airflow/example_dags/example_short_circuit_operator.py
[2024-07-16T19:24:18.533+0000] {processor.py:840} INFO - DAG(s) 'example_short_circuit_operator' retrieved from /home/airflow/.local/lib/python3.12/site-packages/airflow/example_dags/example_short_circuit_operator.py
[2024-07-16T19:24:18.563+0000] {logging_mixin.py:188} INFO - [2024-07-16T19:24:18.563+0000] {dag.py:3096} INFO - Sync 1 DAGs
[2024-07-16T19:24:18.590+0000] {logging_mixin.py:188} INFO - [2024-07-16T19:24:18.590+0000] {dag.py:3954} INFO - Setting next_dagrun for example_short_circuit_operator to 2024-07-15 00:00:00+00:00, run_after=2024-07-16 00:00:00+00:00
[2024-07-16T19:24:18.614+0000] {processor.py:183} INFO - Processing /home/airflow/.local/lib/python3.12/site-packages/airflow/example_dags/example_short_circuit_operator.py took 0.101 seconds
[2024-07-16T19:24:49.461+0000] {processor.py:161} INFO - Started process (PID=707) to work on /home/airflow/.local/lib/python3.12/site-packages/airflow/example_dags/example_short_circuit_operator.py
[2024-07-16T19:24:49.462+0000] {processor.py:830} INFO - Processing file /home/airflow/.local/lib/python3.12/site-packages/airflow/example_dags/example_short_circuit_operator.py for tasks to queue
[2024-07-16T19:24:49.463+0000] {logging_mixin.py:188} INFO - [2024-07-16T19:24:49.463+0000] {dagbag.py:545} INFO - Filling up the DagBag from /home/airflow/.local/lib/python3.12/site-packages/airflow/example_dags/example_short_circuit_operator.py
[2024-07-16T19:24:49.472+0000] {processor.py:840} INFO - DAG(s) 'example_short_circuit_operator' retrieved from /home/airflow/.local/lib/python3.12/site-packages/airflow/example_dags/example_short_circuit_operator.py
[2024-07-16T19:24:49.502+0000] {logging_mixin.py:188} INFO - [2024-07-16T19:24:49.502+0000] {dag.py:3096} INFO - Sync 1 DAGs
[2024-07-16T19:24:49.529+0000] {logging_mixin.py:188} INFO - [2024-07-16T19:24:49.529+0000] {dag.py:3954} INFO - Setting next_dagrun for example_short_circuit_operator to 2024-07-15 00:00:00+00:00, run_after=2024-07-16 00:00:00+00:00
[2024-07-16T19:24:49.552+0000] {processor.py:183} INFO - Processing /home/airflow/.local/lib/python3.12/site-packages/airflow/example_dags/example_short_circuit_operator.py took 0.097 seconds
[2024-07-16T19:25:20.196+0000] {processor.py:161} INFO - Started process (PID=767) to work on /home/airflow/.local/lib/python3.12/site-packages/airflow/example_dags/example_short_circuit_operator.py
[2024-07-16T19:25:20.209+0000] {processor.py:830} INFO - Processing file /home/airflow/.local/lib/python3.12/site-packages/airflow/example_dags/example_short_circuit_operator.py for tasks to queue
[2024-07-16T19:25:20.211+0000] {logging_mixin.py:188} INFO - [2024-07-16T19:25:20.210+0000] {dagbag.py:545} INFO - Filling up the DagBag from /home/airflow/.local/lib/python3.12/site-packages/airflow/example_dags/example_short_circuit_operator.py
[2024-07-16T19:25:20.221+0000] {processor.py:840} INFO - DAG(s) 'example_short_circuit_operator' retrieved from /home/airflow/.local/lib/python3.12/site-packages/airflow/example_dags/example_short_circuit_operator.py
[2024-07-16T19:25:20.253+0000] {logging_mixin.py:188} INFO - [2024-07-16T19:25:20.253+0000] {dag.py:3096} INFO - Sync 1 DAGs
[2024-07-16T19:25:20.281+0000] {logging_mixin.py:188} INFO - [2024-07-16T19:25:20.281+0000] {dag.py:3954} INFO - Setting next_dagrun for example_short_circuit_operator to 2024-07-15 00:00:00+00:00, run_after=2024-07-16 00:00:00+00:00
[2024-07-16T19:25:20.310+0000] {processor.py:183} INFO - Processing /home/airflow/.local/lib/python3.12/site-packages/airflow/example_dags/example_short_circuit_operator.py took 0.120 seconds
[2024-07-16T19:25:51.105+0000] {processor.py:161} INFO - Started process (PID=826) to work on /home/airflow/.local/lib/python3.12/site-packages/airflow/example_dags/example_short_circuit_operator.py
[2024-07-16T19:25:51.143+0000] {processor.py:830} INFO - Processing file /home/airflow/.local/lib/python3.12/site-packages/airflow/example_dags/example_short_circuit_operator.py for tasks to queue
[2024-07-16T19:25:51.145+0000] {logging_mixin.py:188} INFO - [2024-07-16T19:25:51.144+0000] {dagbag.py:545} INFO - Filling up the DagBag from /home/airflow/.local/lib/python3.12/site-packages/airflow/example_dags/example_short_circuit_operator.py
[2024-07-16T19:25:51.175+0000] {processor.py:840} INFO - DAG(s) 'example_short_circuit_operator' retrieved from /home/airflow/.local/lib/python3.12/site-packages/airflow/example_dags/example_short_circuit_operator.py
[2024-07-16T19:25:51.271+0000] {logging_mixin.py:188} INFO - [2024-07-16T19:25:51.270+0000] {dag.py:3096} INFO - Sync 1 DAGs
[2024-07-16T19:25:51.307+0000] {logging_mixin.py:188} INFO - [2024-07-16T19:25:51.307+0000] {dag.py:3954} INFO - Setting next_dagrun for example_short_circuit_operator to 2024-07-15 00:00:00+00:00, run_after=2024-07-16 00:00:00+00:00
[2024-07-16T19:25:51.366+0000] {processor.py:183} INFO - Processing /home/airflow/.local/lib/python3.12/site-packages/airflow/example_dags/example_short_circuit_operator.py took 0.269 seconds
[2024-07-16T19:26:21.406+0000] {processor.py:161} INFO - Started process (PID=885) to work on /home/airflow/.local/lib/python3.12/site-packages/airflow/example_dags/example_short_circuit_operator.py
[2024-07-16T19:26:21.407+0000] {processor.py:830} INFO - Processing file /home/airflow/.local/lib/python3.12/site-packages/airflow/example_dags/example_short_circuit_operator.py for tasks to queue
[2024-07-16T19:26:21.407+0000] {logging_mixin.py:188} INFO - [2024-07-16T19:26:21.407+0000] {dagbag.py:545} INFO - Filling up the DagBag from /home/airflow/.local/lib/python3.12/site-packages/airflow/example_dags/example_short_circuit_operator.py
[2024-07-16T19:26:21.414+0000] {processor.py:840} INFO - DAG(s) 'example_short_circuit_operator' retrieved from /home/airflow/.local/lib/python3.12/site-packages/airflow/example_dags/example_short_circuit_operator.py
[2024-07-16T19:26:21.434+0000] {logging_mixin.py:188} INFO - [2024-07-16T19:26:21.433+0000] {dag.py:3096} INFO - Sync 1 DAGs
[2024-07-16T19:26:21.458+0000] {logging_mixin.py:188} INFO - [2024-07-16T19:26:21.458+0000] {dag.py:3954} INFO - Setting next_dagrun for example_short_circuit_operator to 2024-07-15 00:00:00+00:00, run_after=2024-07-16 00:00:00+00:00
[2024-07-16T19:26:21.482+0000] {processor.py:183} INFO - Processing /home/airflow/.local/lib/python3.12/site-packages/airflow/example_dags/example_short_circuit_operator.py took 0.080 seconds
[2024-07-16T19:26:52.212+0000] {processor.py:161} INFO - Started process (PID=944) to work on /home/airflow/.local/lib/python3.12/site-packages/airflow/example_dags/example_short_circuit_operator.py
[2024-07-16T19:26:52.212+0000] {processor.py:830} INFO - Processing file /home/airflow/.local/lib/python3.12/site-packages/airflow/example_dags/example_short_circuit_operator.py for tasks to queue
[2024-07-16T19:26:52.214+0000] {logging_mixin.py:188} INFO - [2024-07-16T19:26:52.213+0000] {dagbag.py:545} INFO - Filling up the DagBag from /home/airflow/.local/lib/python3.12/site-packages/airflow/example_dags/example_short_circuit_operator.py
[2024-07-16T19:26:52.223+0000] {processor.py:840} INFO - DAG(s) 'example_short_circuit_operator' retrieved from /home/airflow/.local/lib/python3.12/site-packages/airflow/example_dags/example_short_circuit_operator.py
[2024-07-16T19:26:52.254+0000] {logging_mixin.py:188} INFO - [2024-07-16T19:26:52.252+0000] {dag.py:3096} INFO - Sync 1 DAGs
[2024-07-16T19:26:52.280+0000] {logging_mixin.py:188} INFO - [2024-07-16T19:26:52.279+0000] {dag.py:3954} INFO - Setting next_dagrun for example_short_circuit_operator to 2024-07-15 00:00:00+00:00, run_after=2024-07-16 00:00:00+00:00
[2024-07-16T19:26:52.308+0000] {processor.py:183} INFO - Processing /home/airflow/.local/lib/python3.12/site-packages/airflow/example_dags/example_short_circuit_operator.py took 0.105 seconds
