[2024-07-16T19:02:30.421+0000] {processor.py:161} INFO - Started process (PID=65) to work on /home/airflow/.local/lib/python3.12/site-packages/airflow/example_dags/example_display_name.py
[2024-07-16T19:02:30.433+0000] {processor.py:830} INFO - Processing file /home/airflow/.local/lib/python3.12/site-packages/airflow/example_dags/example_display_name.py for tasks to queue
[2024-07-16T19:02:30.441+0000] {logging_mixin.py:188} INFO - [2024-07-16T19:02:30.441+0000] {dagbag.py:545} INFO - Filling up the DagBag from /home/airflow/.local/lib/python3.12/site-packages/airflow/example_dags/example_display_name.py
[2024-07-16T19:02:30.495+0000] {processor.py:840} INFO - DAG(s) 'example_display_name' retrieved from /home/airflow/.local/lib/python3.12/site-packages/airflow/example_dags/example_display_name.py
[2024-07-16T19:02:30.776+0000] {logging_mixin.py:188} INFO - [2024-07-16T19:02:30.775+0000] {dag.py:3096} INFO - Sync 1 DAGs
[2024-07-16T19:02:30.788+0000] {logging_mixin.py:188} INFO - [2024-07-16T19:02:30.788+0000] {dag.py:3954} INFO - Setting next_dagrun for example_display_name to None, run_after=None
[2024-07-16T19:02:30.865+0000] {processor.py:183} INFO - Processing /home/airflow/.local/lib/python3.12/site-packages/airflow/example_dags/example_display_name.py took 0.450 seconds
[2024-07-16T19:03:01.017+0000] {processor.py:161} INFO - Started process (PID=124) to work on /home/airflow/.local/lib/python3.12/site-packages/airflow/example_dags/example_display_name.py
[2024-07-16T19:03:01.018+0000] {processor.py:830} INFO - Processing file /home/airflow/.local/lib/python3.12/site-packages/airflow/example_dags/example_display_name.py for tasks to queue
[2024-07-16T19:03:01.020+0000] {logging_mixin.py:188} INFO - [2024-07-16T19:03:01.020+0000] {dagbag.py:545} INFO - Filling up the DagBag from /home/airflow/.local/lib/python3.12/site-packages/airflow/example_dags/example_display_name.py
[2024-07-16T19:03:01.027+0000] {processor.py:840} INFO - DAG(s) 'example_display_name' retrieved from /home/airflow/.local/lib/python3.12/site-packages/airflow/example_dags/example_display_name.py
[2024-07-16T19:03:01.050+0000] {logging_mixin.py:188} INFO - [2024-07-16T19:03:01.050+0000] {dag.py:3096} INFO - Sync 1 DAGs
[2024-07-16T19:03:01.068+0000] {logging_mixin.py:188} INFO - [2024-07-16T19:03:01.068+0000] {dag.py:3954} INFO - Setting next_dagrun for example_display_name to None, run_after=None
[2024-07-16T19:03:01.097+0000] {processor.py:183} INFO - Processing /home/airflow/.local/lib/python3.12/site-packages/airflow/example_dags/example_display_name.py took 0.086 seconds
[2024-07-16T19:03:31.999+0000] {processor.py:161} INFO - Started process (PID=183) to work on /home/airflow/.local/lib/python3.12/site-packages/airflow/example_dags/example_display_name.py
[2024-07-16T19:03:32.000+0000] {processor.py:830} INFO - Processing file /home/airflow/.local/lib/python3.12/site-packages/airflow/example_dags/example_display_name.py for tasks to queue
[2024-07-16T19:03:32.002+0000] {logging_mixin.py:188} INFO - [2024-07-16T19:03:32.002+0000] {dagbag.py:545} INFO - Filling up the DagBag from /home/airflow/.local/lib/python3.12/site-packages/airflow/example_dags/example_display_name.py
[2024-07-16T19:03:32.008+0000] {processor.py:840} INFO - DAG(s) 'example_display_name' retrieved from /home/airflow/.local/lib/python3.12/site-packages/airflow/example_dags/example_display_name.py
[2024-07-16T19:03:32.032+0000] {logging_mixin.py:188} INFO - [2024-07-16T19:03:32.031+0000] {dag.py:3096} INFO - Sync 1 DAGs
[2024-07-16T19:03:32.048+0000] {logging_mixin.py:188} INFO - [2024-07-16T19:03:32.047+0000] {dag.py:3954} INFO - Setting next_dagrun for example_display_name to None, run_after=None
[2024-07-16T19:03:32.074+0000] {processor.py:183} INFO - Processing /home/airflow/.local/lib/python3.12/site-packages/airflow/example_dags/example_display_name.py took 0.082 seconds
[2024-07-16T19:04:02.695+0000] {processor.py:161} INFO - Started process (PID=243) to work on /home/airflow/.local/lib/python3.12/site-packages/airflow/example_dags/example_display_name.py
[2024-07-16T19:04:02.696+0000] {processor.py:830} INFO - Processing file /home/airflow/.local/lib/python3.12/site-packages/airflow/example_dags/example_display_name.py for tasks to queue
[2024-07-16T19:04:02.697+0000] {logging_mixin.py:188} INFO - [2024-07-16T19:04:02.697+0000] {dagbag.py:545} INFO - Filling up the DagBag from /home/airflow/.local/lib/python3.12/site-packages/airflow/example_dags/example_display_name.py
[2024-07-16T19:04:02.704+0000] {processor.py:840} INFO - DAG(s) 'example_display_name' retrieved from /home/airflow/.local/lib/python3.12/site-packages/airflow/example_dags/example_display_name.py
[2024-07-16T19:04:02.726+0000] {logging_mixin.py:188} INFO - [2024-07-16T19:04:02.726+0000] {dag.py:3096} INFO - Sync 1 DAGs
[2024-07-16T19:04:02.745+0000] {logging_mixin.py:188} INFO - [2024-07-16T19:04:02.745+0000] {dag.py:3954} INFO - Setting next_dagrun for example_display_name to None, run_after=None
[2024-07-16T19:04:02.784+0000] {processor.py:183} INFO - Processing /home/airflow/.local/lib/python3.12/site-packages/airflow/example_dags/example_display_name.py took 0.096 seconds
[2024-07-16T19:04:33.176+0000] {processor.py:161} INFO - Started process (PID=301) to work on /home/airflow/.local/lib/python3.12/site-packages/airflow/example_dags/example_display_name.py
[2024-07-16T19:04:33.177+0000] {processor.py:830} INFO - Processing file /home/airflow/.local/lib/python3.12/site-packages/airflow/example_dags/example_display_name.py for tasks to queue
[2024-07-16T19:04:33.178+0000] {logging_mixin.py:188} INFO - [2024-07-16T19:04:33.178+0000] {dagbag.py:545} INFO - Filling up the DagBag from /home/airflow/.local/lib/python3.12/site-packages/airflow/example_dags/example_display_name.py
[2024-07-16T19:04:33.183+0000] {processor.py:840} INFO - DAG(s) 'example_display_name' retrieved from /home/airflow/.local/lib/python3.12/site-packages/airflow/example_dags/example_display_name.py
[2024-07-16T19:04:33.198+0000] {logging_mixin.py:188} INFO - [2024-07-16T19:04:33.198+0000] {dag.py:3096} INFO - Sync 1 DAGs
[2024-07-16T19:04:33.211+0000] {logging_mixin.py:188} INFO - [2024-07-16T19:04:33.211+0000] {dag.py:3954} INFO - Setting next_dagrun for example_display_name to None, run_after=None
[2024-07-16T19:04:33.234+0000] {processor.py:183} INFO - Processing /home/airflow/.local/lib/python3.12/site-packages/airflow/example_dags/example_display_name.py took 0.062 seconds
[2024-07-16T19:05:04.179+0000] {processor.py:161} INFO - Started process (PID=363) to work on /home/airflow/.local/lib/python3.12/site-packages/airflow/example_dags/example_display_name.py
[2024-07-16T19:05:04.184+0000] {processor.py:830} INFO - Processing file /home/airflow/.local/lib/python3.12/site-packages/airflow/example_dags/example_display_name.py for tasks to queue
[2024-07-16T19:05:04.186+0000] {logging_mixin.py:188} INFO - [2024-07-16T19:05:04.185+0000] {dagbag.py:545} INFO - Filling up the DagBag from /home/airflow/.local/lib/python3.12/site-packages/airflow/example_dags/example_display_name.py
[2024-07-16T19:05:04.196+0000] {processor.py:840} INFO - DAG(s) 'example_display_name' retrieved from /home/airflow/.local/lib/python3.12/site-packages/airflow/example_dags/example_display_name.py
[2024-07-16T19:05:04.250+0000] {logging_mixin.py:188} INFO - [2024-07-16T19:05:04.250+0000] {dag.py:3096} INFO - Sync 1 DAGs
[2024-07-16T19:05:04.281+0000] {logging_mixin.py:188} INFO - [2024-07-16T19:05:04.281+0000] {dag.py:3954} INFO - Setting next_dagrun for example_display_name to None, run_after=None
[2024-07-16T19:05:04.313+0000] {processor.py:183} INFO - Processing /home/airflow/.local/lib/python3.12/site-packages/airflow/example_dags/example_display_name.py took 0.168 seconds
[2024-07-16T19:05:35.307+0000] {processor.py:161} INFO - Started process (PID=424) to work on /home/airflow/.local/lib/python3.12/site-packages/airflow/example_dags/example_display_name.py
[2024-07-16T19:05:35.321+0000] {processor.py:830} INFO - Processing file /home/airflow/.local/lib/python3.12/site-packages/airflow/example_dags/example_display_name.py for tasks to queue
[2024-07-16T19:05:35.340+0000] {logging_mixin.py:188} INFO - [2024-07-16T19:05:35.339+0000] {dagbag.py:545} INFO - Filling up the DagBag from /home/airflow/.local/lib/python3.12/site-packages/airflow/example_dags/example_display_name.py
[2024-07-16T19:05:35.380+0000] {processor.py:840} INFO - DAG(s) 'example_display_name' retrieved from /home/airflow/.local/lib/python3.12/site-packages/airflow/example_dags/example_display_name.py
[2024-07-16T19:05:35.476+0000] {logging_mixin.py:188} INFO - [2024-07-16T19:05:35.476+0000] {dag.py:3096} INFO - Sync 1 DAGs
[2024-07-16T19:05:35.533+0000] {logging_mixin.py:188} INFO - [2024-07-16T19:05:35.533+0000] {dag.py:3954} INFO - Setting next_dagrun for example_display_name to None, run_after=None
[2024-07-16T19:05:35.620+0000] {processor.py:183} INFO - Processing /home/airflow/.local/lib/python3.12/site-packages/airflow/example_dags/example_display_name.py took 0.375 seconds
[2024-07-16T19:06:06.588+0000] {processor.py:161} INFO - Started process (PID=484) to work on /home/airflow/.local/lib/python3.12/site-packages/airflow/example_dags/example_display_name.py
[2024-07-16T19:06:06.589+0000] {processor.py:830} INFO - Processing file /home/airflow/.local/lib/python3.12/site-packages/airflow/example_dags/example_display_name.py for tasks to queue
[2024-07-16T19:06:06.591+0000] {logging_mixin.py:188} INFO - [2024-07-16T19:06:06.590+0000] {dagbag.py:545} INFO - Filling up the DagBag from /home/airflow/.local/lib/python3.12/site-packages/airflow/example_dags/example_display_name.py
[2024-07-16T19:06:06.597+0000] {processor.py:840} INFO - DAG(s) 'example_display_name' retrieved from /home/airflow/.local/lib/python3.12/site-packages/airflow/example_dags/example_display_name.py
[2024-07-16T19:06:06.621+0000] {logging_mixin.py:188} INFO - [2024-07-16T19:06:06.620+0000] {dag.py:3096} INFO - Sync 1 DAGs
[2024-07-16T19:06:06.636+0000] {logging_mixin.py:188} INFO - [2024-07-16T19:06:06.636+0000] {dag.py:3954} INFO - Setting next_dagrun for example_display_name to None, run_after=None
[2024-07-16T19:06:06.666+0000] {processor.py:183} INFO - Processing /home/airflow/.local/lib/python3.12/site-packages/airflow/example_dags/example_display_name.py took 0.083 seconds
[2024-07-16T19:06:37.282+0000] {processor.py:161} INFO - Started process (PID=544) to work on /home/airflow/.local/lib/python3.12/site-packages/airflow/example_dags/example_display_name.py
[2024-07-16T19:06:37.289+0000] {processor.py:830} INFO - Processing file /home/airflow/.local/lib/python3.12/site-packages/airflow/example_dags/example_display_name.py for tasks to queue
[2024-07-16T19:06:37.290+0000] {logging_mixin.py:188} INFO - [2024-07-16T19:06:37.290+0000] {dagbag.py:545} INFO - Filling up the DagBag from /home/airflow/.local/lib/python3.12/site-packages/airflow/example_dags/example_display_name.py
[2024-07-16T19:06:37.299+0000] {processor.py:840} INFO - DAG(s) 'example_display_name' retrieved from /home/airflow/.local/lib/python3.12/site-packages/airflow/example_dags/example_display_name.py
[2024-07-16T19:06:37.348+0000] {logging_mixin.py:188} INFO - [2024-07-16T19:06:37.347+0000] {dag.py:3096} INFO - Sync 1 DAGs
[2024-07-16T19:06:37.368+0000] {logging_mixin.py:188} INFO - [2024-07-16T19:06:37.368+0000] {dag.py:3954} INFO - Setting next_dagrun for example_display_name to None, run_after=None
[2024-07-16T19:06:37.408+0000] {processor.py:183} INFO - Processing /home/airflow/.local/lib/python3.12/site-packages/airflow/example_dags/example_display_name.py took 0.132 seconds
[2024-07-16T19:07:07.997+0000] {processor.py:161} INFO - Started process (PID=606) to work on /home/airflow/.local/lib/python3.12/site-packages/airflow/example_dags/example_display_name.py
[2024-07-16T19:07:07.999+0000] {processor.py:830} INFO - Processing file /home/airflow/.local/lib/python3.12/site-packages/airflow/example_dags/example_display_name.py for tasks to queue
[2024-07-16T19:07:08.000+0000] {logging_mixin.py:188} INFO - [2024-07-16T19:07:07.999+0000] {dagbag.py:545} INFO - Filling up the DagBag from /home/airflow/.local/lib/python3.12/site-packages/airflow/example_dags/example_display_name.py
[2024-07-16T19:07:08.006+0000] {processor.py:840} INFO - DAG(s) 'example_display_name' retrieved from /home/airflow/.local/lib/python3.12/site-packages/airflow/example_dags/example_display_name.py
[2024-07-16T19:07:08.035+0000] {logging_mixin.py:188} INFO - [2024-07-16T19:07:08.034+0000] {dag.py:3096} INFO - Sync 1 DAGs
[2024-07-16T19:07:08.051+0000] {logging_mixin.py:188} INFO - [2024-07-16T19:07:08.051+0000] {dag.py:3954} INFO - Setting next_dagrun for example_display_name to None, run_after=None
[2024-07-16T19:07:08.077+0000] {processor.py:183} INFO - Processing /home/airflow/.local/lib/python3.12/site-packages/airflow/example_dags/example_display_name.py took 0.088 seconds
[2024-07-16T19:07:38.269+0000] {processor.py:161} INFO - Started process (PID=666) to work on /home/airflow/.local/lib/python3.12/site-packages/airflow/example_dags/example_display_name.py
[2024-07-16T19:07:38.270+0000] {processor.py:830} INFO - Processing file /home/airflow/.local/lib/python3.12/site-packages/airflow/example_dags/example_display_name.py for tasks to queue
[2024-07-16T19:07:38.271+0000] {logging_mixin.py:188} INFO - [2024-07-16T19:07:38.270+0000] {dagbag.py:545} INFO - Filling up the DagBag from /home/airflow/.local/lib/python3.12/site-packages/airflow/example_dags/example_display_name.py
[2024-07-16T19:07:38.276+0000] {processor.py:840} INFO - DAG(s) 'example_display_name' retrieved from /home/airflow/.local/lib/python3.12/site-packages/airflow/example_dags/example_display_name.py
[2024-07-16T19:07:38.301+0000] {logging_mixin.py:188} INFO - [2024-07-16T19:07:38.300+0000] {dag.py:3096} INFO - Sync 1 DAGs
[2024-07-16T19:07:38.316+0000] {logging_mixin.py:188} INFO - [2024-07-16T19:07:38.316+0000] {dag.py:3954} INFO - Setting next_dagrun for example_display_name to None, run_after=None
[2024-07-16T19:07:38.356+0000] {processor.py:183} INFO - Processing /home/airflow/.local/lib/python3.12/site-packages/airflow/example_dags/example_display_name.py took 0.094 seconds
[2024-07-16T19:08:08.983+0000] {processor.py:161} INFO - Started process (PID=726) to work on /home/airflow/.local/lib/python3.12/site-packages/airflow/example_dags/example_display_name.py
[2024-07-16T19:08:08.983+0000] {processor.py:830} INFO - Processing file /home/airflow/.local/lib/python3.12/site-packages/airflow/example_dags/example_display_name.py for tasks to queue
[2024-07-16T19:08:08.985+0000] {logging_mixin.py:188} INFO - [2024-07-16T19:08:08.984+0000] {dagbag.py:545} INFO - Filling up the DagBag from /home/airflow/.local/lib/python3.12/site-packages/airflow/example_dags/example_display_name.py
[2024-07-16T19:08:08.991+0000] {processor.py:840} INFO - DAG(s) 'example_display_name' retrieved from /home/airflow/.local/lib/python3.12/site-packages/airflow/example_dags/example_display_name.py
[2024-07-16T19:08:09.028+0000] {logging_mixin.py:188} INFO - [2024-07-16T19:08:09.028+0000] {dag.py:3096} INFO - Sync 1 DAGs
[2024-07-16T19:08:09.044+0000] {logging_mixin.py:188} INFO - [2024-07-16T19:08:09.044+0000] {dag.py:3954} INFO - Setting next_dagrun for example_display_name to None, run_after=None
[2024-07-16T19:08:09.087+0000] {processor.py:183} INFO - Processing /home/airflow/.local/lib/python3.12/site-packages/airflow/example_dags/example_display_name.py took 0.112 seconds
[2024-07-16T19:08:39.188+0000] {processor.py:161} INFO - Started process (PID=784) to work on /home/airflow/.local/lib/python3.12/site-packages/airflow/example_dags/example_display_name.py
[2024-07-16T19:08:39.189+0000] {processor.py:830} INFO - Processing file /home/airflow/.local/lib/python3.12/site-packages/airflow/example_dags/example_display_name.py for tasks to queue
[2024-07-16T19:08:39.190+0000] {logging_mixin.py:188} INFO - [2024-07-16T19:08:39.190+0000] {dagbag.py:545} INFO - Filling up the DagBag from /home/airflow/.local/lib/python3.12/site-packages/airflow/example_dags/example_display_name.py
[2024-07-16T19:08:39.197+0000] {processor.py:840} INFO - DAG(s) 'example_display_name' retrieved from /home/airflow/.local/lib/python3.12/site-packages/airflow/example_dags/example_display_name.py
[2024-07-16T19:08:39.215+0000] {logging_mixin.py:188} INFO - [2024-07-16T19:08:39.215+0000] {dag.py:3096} INFO - Sync 1 DAGs
[2024-07-16T19:08:39.226+0000] {logging_mixin.py:188} INFO - [2024-07-16T19:08:39.226+0000] {dag.py:3954} INFO - Setting next_dagrun for example_display_name to None, run_after=None
[2024-07-16T19:08:39.268+0000] {processor.py:183} INFO - Processing /home/airflow/.local/lib/python3.12/site-packages/airflow/example_dags/example_display_name.py took 0.087 seconds
[2024-07-16T19:09:09.837+0000] {processor.py:161} INFO - Started process (PID=843) to work on /home/airflow/.local/lib/python3.12/site-packages/airflow/example_dags/example_display_name.py
[2024-07-16T19:09:09.838+0000] {processor.py:830} INFO - Processing file /home/airflow/.local/lib/python3.12/site-packages/airflow/example_dags/example_display_name.py for tasks to queue
[2024-07-16T19:09:09.840+0000] {logging_mixin.py:188} INFO - [2024-07-16T19:09:09.839+0000] {dagbag.py:545} INFO - Filling up the DagBag from /home/airflow/.local/lib/python3.12/site-packages/airflow/example_dags/example_display_name.py
[2024-07-16T19:09:09.846+0000] {processor.py:840} INFO - DAG(s) 'example_display_name' retrieved from /home/airflow/.local/lib/python3.12/site-packages/airflow/example_dags/example_display_name.py
[2024-07-16T19:09:09.870+0000] {logging_mixin.py:188} INFO - [2024-07-16T19:09:09.870+0000] {dag.py:3096} INFO - Sync 1 DAGs
[2024-07-16T19:09:09.885+0000] {logging_mixin.py:188} INFO - [2024-07-16T19:09:09.885+0000] {dag.py:3954} INFO - Setting next_dagrun for example_display_name to None, run_after=None
[2024-07-16T19:09:09.911+0000] {processor.py:183} INFO - Processing /home/airflow/.local/lib/python3.12/site-packages/airflow/example_dags/example_display_name.py took 0.080 seconds
[2024-07-16T19:09:40.351+0000] {processor.py:161} INFO - Started process (PID=907) to work on /home/airflow/.local/lib/python3.12/site-packages/airflow/example_dags/example_display_name.py
[2024-07-16T19:09:40.352+0000] {processor.py:830} INFO - Processing file /home/airflow/.local/lib/python3.12/site-packages/airflow/example_dags/example_display_name.py for tasks to queue
[2024-07-16T19:09:40.353+0000] {logging_mixin.py:188} INFO - [2024-07-16T19:09:40.352+0000] {dagbag.py:545} INFO - Filling up the DagBag from /home/airflow/.local/lib/python3.12/site-packages/airflow/example_dags/example_display_name.py
[2024-07-16T19:09:40.358+0000] {processor.py:840} INFO - DAG(s) 'example_display_name' retrieved from /home/airflow/.local/lib/python3.12/site-packages/airflow/example_dags/example_display_name.py
[2024-07-16T19:09:40.382+0000] {logging_mixin.py:188} INFO - [2024-07-16T19:09:40.382+0000] {dag.py:3096} INFO - Sync 1 DAGs
[2024-07-16T19:09:40.397+0000] {logging_mixin.py:188} INFO - [2024-07-16T19:09:40.397+0000] {dag.py:3954} INFO - Setting next_dagrun for example_display_name to None, run_after=None
[2024-07-16T19:09:40.424+0000] {processor.py:183} INFO - Processing /home/airflow/.local/lib/python3.12/site-packages/airflow/example_dags/example_display_name.py took 0.079 seconds
[2024-07-16T19:10:10.710+0000] {processor.py:161} INFO - Started process (PID=967) to work on /home/airflow/.local/lib/python3.12/site-packages/airflow/example_dags/example_display_name.py
[2024-07-16T19:10:10.711+0000] {processor.py:830} INFO - Processing file /home/airflow/.local/lib/python3.12/site-packages/airflow/example_dags/example_display_name.py for tasks to queue
[2024-07-16T19:10:10.711+0000] {logging_mixin.py:188} INFO - [2024-07-16T19:10:10.711+0000] {dagbag.py:545} INFO - Filling up the DagBag from /home/airflow/.local/lib/python3.12/site-packages/airflow/example_dags/example_display_name.py
[2024-07-16T19:10:10.717+0000] {processor.py:840} INFO - DAG(s) 'example_display_name' retrieved from /home/airflow/.local/lib/python3.12/site-packages/airflow/example_dags/example_display_name.py
[2024-07-16T19:10:10.741+0000] {logging_mixin.py:188} INFO - [2024-07-16T19:10:10.740+0000] {dag.py:3096} INFO - Sync 1 DAGs
[2024-07-16T19:10:10.756+0000] {logging_mixin.py:188} INFO - [2024-07-16T19:10:10.756+0000] {dag.py:3954} INFO - Setting next_dagrun for example_display_name to None, run_after=None
[2024-07-16T19:10:10.781+0000] {processor.py:183} INFO - Processing /home/airflow/.local/lib/python3.12/site-packages/airflow/example_dags/example_display_name.py took 0.077 seconds
[2024-07-16T19:10:41.331+0000] {processor.py:161} INFO - Started process (PID=1026) to work on /home/airflow/.local/lib/python3.12/site-packages/airflow/example_dags/example_display_name.py
[2024-07-16T19:10:41.336+0000] {processor.py:830} INFO - Processing file /home/airflow/.local/lib/python3.12/site-packages/airflow/example_dags/example_display_name.py for tasks to queue
[2024-07-16T19:10:41.337+0000] {logging_mixin.py:188} INFO - [2024-07-16T19:10:41.336+0000] {dagbag.py:545} INFO - Filling up the DagBag from /home/airflow/.local/lib/python3.12/site-packages/airflow/example_dags/example_display_name.py
[2024-07-16T19:10:41.348+0000] {processor.py:840} INFO - DAG(s) 'example_display_name' retrieved from /home/airflow/.local/lib/python3.12/site-packages/airflow/example_dags/example_display_name.py
[2024-07-16T19:10:41.382+0000] {logging_mixin.py:188} INFO - [2024-07-16T19:10:41.381+0000] {dag.py:3096} INFO - Sync 1 DAGs
[2024-07-16T19:10:41.410+0000] {logging_mixin.py:188} INFO - [2024-07-16T19:10:41.410+0000] {dag.py:3954} INFO - Setting next_dagrun for example_display_name to None, run_after=None
[2024-07-16T19:10:41.454+0000] {processor.py:183} INFO - Processing /home/airflow/.local/lib/python3.12/site-packages/airflow/example_dags/example_display_name.py took 0.132 seconds
[2024-07-16T19:11:12.226+0000] {processor.py:161} INFO - Started process (PID=1088) to work on /home/airflow/.local/lib/python3.12/site-packages/airflow/example_dags/example_display_name.py
[2024-07-16T19:11:12.227+0000] {processor.py:830} INFO - Processing file /home/airflow/.local/lib/python3.12/site-packages/airflow/example_dags/example_display_name.py for tasks to queue
[2024-07-16T19:11:12.230+0000] {logging_mixin.py:188} INFO - [2024-07-16T19:11:12.229+0000] {dagbag.py:545} INFO - Filling up the DagBag from /home/airflow/.local/lib/python3.12/site-packages/airflow/example_dags/example_display_name.py
[2024-07-16T19:11:12.244+0000] {processor.py:840} INFO - DAG(s) 'example_display_name' retrieved from /home/airflow/.local/lib/python3.12/site-packages/airflow/example_dags/example_display_name.py
[2024-07-16T19:11:12.299+0000] {logging_mixin.py:188} INFO - [2024-07-16T19:11:12.298+0000] {dag.py:3096} INFO - Sync 1 DAGs
[2024-07-16T19:11:12.345+0000] {logging_mixin.py:188} INFO - [2024-07-16T19:11:12.345+0000] {dag.py:3954} INFO - Setting next_dagrun for example_display_name to None, run_after=None
[2024-07-16T19:11:12.479+0000] {processor.py:183} INFO - Processing /home/airflow/.local/lib/python3.12/site-packages/airflow/example_dags/example_display_name.py took 0.266 seconds
[2024-07-16T19:11:42.999+0000] {processor.py:161} INFO - Started process (PID=1147) to work on /home/airflow/.local/lib/python3.12/site-packages/airflow/example_dags/example_display_name.py
[2024-07-16T19:11:43.000+0000] {processor.py:830} INFO - Processing file /home/airflow/.local/lib/python3.12/site-packages/airflow/example_dags/example_display_name.py for tasks to queue
[2024-07-16T19:11:43.001+0000] {logging_mixin.py:188} INFO - [2024-07-16T19:11:43.001+0000] {dagbag.py:545} INFO - Filling up the DagBag from /home/airflow/.local/lib/python3.12/site-packages/airflow/example_dags/example_display_name.py
[2024-07-16T19:11:43.028+0000] {processor.py:840} INFO - DAG(s) 'example_display_name' retrieved from /home/airflow/.local/lib/python3.12/site-packages/airflow/example_dags/example_display_name.py
[2024-07-16T19:11:43.078+0000] {logging_mixin.py:188} INFO - [2024-07-16T19:11:43.078+0000] {dag.py:3096} INFO - Sync 1 DAGs
[2024-07-16T19:11:43.116+0000] {logging_mixin.py:188} INFO - [2024-07-16T19:11:43.116+0000] {dag.py:3954} INFO - Setting next_dagrun for example_display_name to None, run_after=None
[2024-07-16T19:11:43.159+0000] {processor.py:183} INFO - Processing /home/airflow/.local/lib/python3.12/site-packages/airflow/example_dags/example_display_name.py took 0.175 seconds
[2024-07-16T19:12:13.633+0000] {processor.py:161} INFO - Started process (PID=1206) to work on /home/airflow/.local/lib/python3.12/site-packages/airflow/example_dags/example_display_name.py
[2024-07-16T19:12:13.634+0000] {processor.py:830} INFO - Processing file /home/airflow/.local/lib/python3.12/site-packages/airflow/example_dags/example_display_name.py for tasks to queue
[2024-07-16T19:12:13.637+0000] {logging_mixin.py:188} INFO - [2024-07-16T19:12:13.637+0000] {dagbag.py:545} INFO - Filling up the DagBag from /home/airflow/.local/lib/python3.12/site-packages/airflow/example_dags/example_display_name.py
[2024-07-16T19:12:13.643+0000] {processor.py:840} INFO - DAG(s) 'example_display_name' retrieved from /home/airflow/.local/lib/python3.12/site-packages/airflow/example_dags/example_display_name.py
[2024-07-16T19:12:13.670+0000] {logging_mixin.py:188} INFO - [2024-07-16T19:12:13.670+0000] {dag.py:3096} INFO - Sync 1 DAGs
[2024-07-16T19:12:13.688+0000] {logging_mixin.py:188} INFO - [2024-07-16T19:12:13.687+0000] {dag.py:3954} INFO - Setting next_dagrun for example_display_name to None, run_after=None
[2024-07-16T19:12:13.714+0000] {processor.py:183} INFO - Processing /home/airflow/.local/lib/python3.12/site-packages/airflow/example_dags/example_display_name.py took 0.087 seconds
[2024-07-16T19:12:43.984+0000] {processor.py:161} INFO - Started process (PID=1266) to work on /home/airflow/.local/lib/python3.12/site-packages/airflow/example_dags/example_display_name.py
[2024-07-16T19:12:43.985+0000] {processor.py:830} INFO - Processing file /home/airflow/.local/lib/python3.12/site-packages/airflow/example_dags/example_display_name.py for tasks to queue
[2024-07-16T19:12:43.986+0000] {logging_mixin.py:188} INFO - [2024-07-16T19:12:43.986+0000] {dagbag.py:545} INFO - Filling up the DagBag from /home/airflow/.local/lib/python3.12/site-packages/airflow/example_dags/example_display_name.py
[2024-07-16T19:12:43.992+0000] {processor.py:840} INFO - DAG(s) 'example_display_name' retrieved from /home/airflow/.local/lib/python3.12/site-packages/airflow/example_dags/example_display_name.py
[2024-07-16T19:12:44.040+0000] {logging_mixin.py:188} INFO - [2024-07-16T19:12:44.040+0000] {dag.py:3096} INFO - Sync 1 DAGs
[2024-07-16T19:12:44.065+0000] {logging_mixin.py:188} INFO - [2024-07-16T19:12:44.064+0000] {dag.py:3954} INFO - Setting next_dagrun for example_display_name to None, run_after=None
[2024-07-16T19:12:44.111+0000] {processor.py:183} INFO - Processing /home/airflow/.local/lib/python3.12/site-packages/airflow/example_dags/example_display_name.py took 0.133 seconds
[2024-07-16T19:13:14.187+0000] {processor.py:161} INFO - Started process (PID=1328) to work on /home/airflow/.local/lib/python3.12/site-packages/airflow/example_dags/example_display_name.py
[2024-07-16T19:13:14.189+0000] {processor.py:830} INFO - Processing file /home/airflow/.local/lib/python3.12/site-packages/airflow/example_dags/example_display_name.py for tasks to queue
[2024-07-16T19:13:14.190+0000] {logging_mixin.py:188} INFO - [2024-07-16T19:13:14.189+0000] {dagbag.py:545} INFO - Filling up the DagBag from /home/airflow/.local/lib/python3.12/site-packages/airflow/example_dags/example_display_name.py
[2024-07-16T19:13:14.196+0000] {processor.py:840} INFO - DAG(s) 'example_display_name' retrieved from /home/airflow/.local/lib/python3.12/site-packages/airflow/example_dags/example_display_name.py
[2024-07-16T19:13:14.220+0000] {logging_mixin.py:188} INFO - [2024-07-16T19:13:14.220+0000] {dag.py:3096} INFO - Sync 1 DAGs
[2024-07-16T19:13:14.237+0000] {logging_mixin.py:188} INFO - [2024-07-16T19:13:14.237+0000] {dag.py:3954} INFO - Setting next_dagrun for example_display_name to None, run_after=None
[2024-07-16T19:13:14.263+0000] {processor.py:183} INFO - Processing /home/airflow/.local/lib/python3.12/site-packages/airflow/example_dags/example_display_name.py took 0.082 seconds
[2024-07-16T19:13:44.540+0000] {processor.py:161} INFO - Started process (PID=1387) to work on /home/airflow/.local/lib/python3.12/site-packages/airflow/example_dags/example_display_name.py
[2024-07-16T19:13:44.541+0000] {processor.py:830} INFO - Processing file /home/airflow/.local/lib/python3.12/site-packages/airflow/example_dags/example_display_name.py for tasks to queue
[2024-07-16T19:13:44.542+0000] {logging_mixin.py:188} INFO - [2024-07-16T19:13:44.541+0000] {dagbag.py:545} INFO - Filling up the DagBag from /home/airflow/.local/lib/python3.12/site-packages/airflow/example_dags/example_display_name.py
[2024-07-16T19:13:44.547+0000] {processor.py:840} INFO - DAG(s) 'example_display_name' retrieved from /home/airflow/.local/lib/python3.12/site-packages/airflow/example_dags/example_display_name.py
[2024-07-16T19:13:44.571+0000] {logging_mixin.py:188} INFO - [2024-07-16T19:13:44.571+0000] {dag.py:3096} INFO - Sync 1 DAGs
[2024-07-16T19:13:44.587+0000] {logging_mixin.py:188} INFO - [2024-07-16T19:13:44.587+0000] {dag.py:3954} INFO - Setting next_dagrun for example_display_name to None, run_after=None
[2024-07-16T19:13:44.614+0000] {processor.py:183} INFO - Processing /home/airflow/.local/lib/python3.12/site-packages/airflow/example_dags/example_display_name.py took 0.080 seconds
[2024-07-16T19:14:14.977+0000] {processor.py:161} INFO - Started process (PID=1448) to work on /home/airflow/.local/lib/python3.12/site-packages/airflow/example_dags/example_display_name.py
[2024-07-16T19:14:14.978+0000] {processor.py:830} INFO - Processing file /home/airflow/.local/lib/python3.12/site-packages/airflow/example_dags/example_display_name.py for tasks to queue
[2024-07-16T19:14:14.979+0000] {logging_mixin.py:188} INFO - [2024-07-16T19:14:14.979+0000] {dagbag.py:545} INFO - Filling up the DagBag from /home/airflow/.local/lib/python3.12/site-packages/airflow/example_dags/example_display_name.py
[2024-07-16T19:14:14.985+0000] {processor.py:840} INFO - DAG(s) 'example_display_name' retrieved from /home/airflow/.local/lib/python3.12/site-packages/airflow/example_dags/example_display_name.py
[2024-07-16T19:14:15.014+0000] {logging_mixin.py:188} INFO - [2024-07-16T19:14:15.014+0000] {dag.py:3096} INFO - Sync 1 DAGs
[2024-07-16T19:14:15.041+0000] {logging_mixin.py:188} INFO - [2024-07-16T19:14:15.041+0000] {dag.py:3954} INFO - Setting next_dagrun for example_display_name to None, run_after=None
[2024-07-16T19:14:15.119+0000] {processor.py:183} INFO - Processing /home/airflow/.local/lib/python3.12/site-packages/airflow/example_dags/example_display_name.py took 0.149 seconds
[2024-07-16T19:14:45.518+0000] {processor.py:161} INFO - Started process (PID=1507) to work on /home/airflow/.local/lib/python3.12/site-packages/airflow/example_dags/example_display_name.py
[2024-07-16T19:14:45.519+0000] {processor.py:830} INFO - Processing file /home/airflow/.local/lib/python3.12/site-packages/airflow/example_dags/example_display_name.py for tasks to queue
[2024-07-16T19:14:45.520+0000] {logging_mixin.py:188} INFO - [2024-07-16T19:14:45.519+0000] {dagbag.py:545} INFO - Filling up the DagBag from /home/airflow/.local/lib/python3.12/site-packages/airflow/example_dags/example_display_name.py
[2024-07-16T19:14:45.526+0000] {processor.py:840} INFO - DAG(s) 'example_display_name' retrieved from /home/airflow/.local/lib/python3.12/site-packages/airflow/example_dags/example_display_name.py
[2024-07-16T19:14:45.546+0000] {logging_mixin.py:188} INFO - [2024-07-16T19:14:45.546+0000] {dag.py:3096} INFO - Sync 1 DAGs
[2024-07-16T19:14:45.560+0000] {logging_mixin.py:188} INFO - [2024-07-16T19:14:45.560+0000] {dag.py:3954} INFO - Setting next_dagrun for example_display_name to None, run_after=None
[2024-07-16T19:14:45.585+0000] {processor.py:183} INFO - Processing /home/airflow/.local/lib/python3.12/site-packages/airflow/example_dags/example_display_name.py took 0.074 seconds
[2024-07-16T19:15:15.838+0000] {processor.py:161} INFO - Started process (PID=1566) to work on /home/airflow/.local/lib/python3.12/site-packages/airflow/example_dags/example_display_name.py
[2024-07-16T19:15:15.839+0000] {processor.py:830} INFO - Processing file /home/airflow/.local/lib/python3.12/site-packages/airflow/example_dags/example_display_name.py for tasks to queue
[2024-07-16T19:15:15.840+0000] {logging_mixin.py:188} INFO - [2024-07-16T19:15:15.840+0000] {dagbag.py:545} INFO - Filling up the DagBag from /home/airflow/.local/lib/python3.12/site-packages/airflow/example_dags/example_display_name.py
[2024-07-16T19:15:15.846+0000] {processor.py:840} INFO - DAG(s) 'example_display_name' retrieved from /home/airflow/.local/lib/python3.12/site-packages/airflow/example_dags/example_display_name.py
[2024-07-16T19:15:15.867+0000] {logging_mixin.py:188} INFO - [2024-07-16T19:15:15.867+0000] {dag.py:3096} INFO - Sync 1 DAGs
[2024-07-16T19:15:15.882+0000] {logging_mixin.py:188} INFO - [2024-07-16T19:15:15.882+0000] {dag.py:3954} INFO - Setting next_dagrun for example_display_name to None, run_after=None
[2024-07-16T19:15:15.908+0000] {processor.py:183} INFO - Processing /home/airflow/.local/lib/python3.12/site-packages/airflow/example_dags/example_display_name.py took 0.077 seconds
[2024-07-16T19:19:17.507+0000] {processor.py:161} INFO - Started process (PID=64) to work on /home/airflow/.local/lib/python3.12/site-packages/airflow/example_dags/example_display_name.py
[2024-07-16T19:19:17.533+0000] {processor.py:830} INFO - Processing file /home/airflow/.local/lib/python3.12/site-packages/airflow/example_dags/example_display_name.py for tasks to queue
[2024-07-16T19:19:17.540+0000] {logging_mixin.py:188} INFO - [2024-07-16T19:19:17.539+0000] {dagbag.py:545} INFO - Filling up the DagBag from /home/airflow/.local/lib/python3.12/site-packages/airflow/example_dags/example_display_name.py
[2024-07-16T19:19:17.584+0000] {processor.py:840} INFO - DAG(s) 'example_display_name' retrieved from /home/airflow/.local/lib/python3.12/site-packages/airflow/example_dags/example_display_name.py
[2024-07-16T19:19:18.062+0000] {logging_mixin.py:188} INFO - [2024-07-16T19:19:18.062+0000] {dag.py:3096} INFO - Sync 1 DAGs
[2024-07-16T19:19:18.103+0000] {logging_mixin.py:188} INFO - [2024-07-16T19:19:18.103+0000] {dag.py:3954} INFO - Setting next_dagrun for example_display_name to None, run_after=None
[2024-07-16T19:19:18.154+0000] {processor.py:183} INFO - Processing /home/airflow/.local/lib/python3.12/site-packages/airflow/example_dags/example_display_name.py took 0.674 seconds
[2024-07-16T19:19:48.924+0000] {processor.py:161} INFO - Started process (PID=124) to work on /home/airflow/.local/lib/python3.12/site-packages/airflow/example_dags/example_display_name.py
[2024-07-16T19:19:48.925+0000] {processor.py:830} INFO - Processing file /home/airflow/.local/lib/python3.12/site-packages/airflow/example_dags/example_display_name.py for tasks to queue
[2024-07-16T19:19:48.926+0000] {logging_mixin.py:188} INFO - [2024-07-16T19:19:48.926+0000] {dagbag.py:545} INFO - Filling up the DagBag from /home/airflow/.local/lib/python3.12/site-packages/airflow/example_dags/example_display_name.py
[2024-07-16T19:19:48.932+0000] {processor.py:840} INFO - DAG(s) 'example_display_name' retrieved from /home/airflow/.local/lib/python3.12/site-packages/airflow/example_dags/example_display_name.py
[2024-07-16T19:19:48.955+0000] {logging_mixin.py:188} INFO - [2024-07-16T19:19:48.954+0000] {dag.py:3096} INFO - Sync 1 DAGs
[2024-07-16T19:19:48.971+0000] {logging_mixin.py:188} INFO - [2024-07-16T19:19:48.971+0000] {dag.py:3954} INFO - Setting next_dagrun for example_display_name to None, run_after=None
[2024-07-16T19:19:49.002+0000] {processor.py:183} INFO - Processing /home/airflow/.local/lib/python3.12/site-packages/airflow/example_dags/example_display_name.py took 0.084 seconds
[2024-07-16T19:20:19.198+0000] {processor.py:161} INFO - Started process (PID=183) to work on /home/airflow/.local/lib/python3.12/site-packages/airflow/example_dags/example_display_name.py
[2024-07-16T19:20:19.199+0000] {processor.py:830} INFO - Processing file /home/airflow/.local/lib/python3.12/site-packages/airflow/example_dags/example_display_name.py for tasks to queue
[2024-07-16T19:20:19.201+0000] {logging_mixin.py:188} INFO - [2024-07-16T19:20:19.201+0000] {dagbag.py:545} INFO - Filling up the DagBag from /home/airflow/.local/lib/python3.12/site-packages/airflow/example_dags/example_display_name.py
[2024-07-16T19:20:19.211+0000] {processor.py:840} INFO - DAG(s) 'example_display_name' retrieved from /home/airflow/.local/lib/python3.12/site-packages/airflow/example_dags/example_display_name.py
[2024-07-16T19:20:19.231+0000] {logging_mixin.py:188} INFO - [2024-07-16T19:20:19.230+0000] {dag.py:3096} INFO - Sync 1 DAGs
[2024-07-16T19:20:19.245+0000] {logging_mixin.py:188} INFO - [2024-07-16T19:20:19.245+0000] {dag.py:3954} INFO - Setting next_dagrun for example_display_name to None, run_after=None
[2024-07-16T19:20:19.269+0000] {processor.py:183} INFO - Processing /home/airflow/.local/lib/python3.12/site-packages/airflow/example_dags/example_display_name.py took 0.077 seconds
[2024-07-16T19:20:49.572+0000] {processor.py:161} INFO - Started process (PID=241) to work on /home/airflow/.local/lib/python3.12/site-packages/airflow/example_dags/example_display_name.py
[2024-07-16T19:20:49.572+0000] {processor.py:830} INFO - Processing file /home/airflow/.local/lib/python3.12/site-packages/airflow/example_dags/example_display_name.py for tasks to queue
[2024-07-16T19:20:49.574+0000] {logging_mixin.py:188} INFO - [2024-07-16T19:20:49.574+0000] {dagbag.py:545} INFO - Filling up the DagBag from /home/airflow/.local/lib/python3.12/site-packages/airflow/example_dags/example_display_name.py
[2024-07-16T19:20:49.583+0000] {processor.py:840} INFO - DAG(s) 'example_display_name' retrieved from /home/airflow/.local/lib/python3.12/site-packages/airflow/example_dags/example_display_name.py
[2024-07-16T19:20:49.610+0000] {logging_mixin.py:188} INFO - [2024-07-16T19:20:49.609+0000] {dag.py:3096} INFO - Sync 1 DAGs
[2024-07-16T19:20:49.625+0000] {logging_mixin.py:188} INFO - [2024-07-16T19:20:49.625+0000] {dag.py:3954} INFO - Setting next_dagrun for example_display_name to None, run_after=None
[2024-07-16T19:20:49.666+0000] {processor.py:183} INFO - Processing /home/airflow/.local/lib/python3.12/site-packages/airflow/example_dags/example_display_name.py took 0.101 seconds
[2024-07-16T19:21:20.163+0000] {processor.py:161} INFO - Started process (PID=300) to work on /home/airflow/.local/lib/python3.12/site-packages/airflow/example_dags/example_display_name.py
[2024-07-16T19:21:20.164+0000] {processor.py:830} INFO - Processing file /home/airflow/.local/lib/python3.12/site-packages/airflow/example_dags/example_display_name.py for tasks to queue
[2024-07-16T19:21:20.168+0000] {logging_mixin.py:188} INFO - [2024-07-16T19:21:20.165+0000] {dagbag.py:545} INFO - Filling up the DagBag from /home/airflow/.local/lib/python3.12/site-packages/airflow/example_dags/example_display_name.py
[2024-07-16T19:21:20.174+0000] {processor.py:840} INFO - DAG(s) 'example_display_name' retrieved from /home/airflow/.local/lib/python3.12/site-packages/airflow/example_dags/example_display_name.py
[2024-07-16T19:21:20.195+0000] {logging_mixin.py:188} INFO - [2024-07-16T19:21:20.195+0000] {dag.py:3096} INFO - Sync 1 DAGs
[2024-07-16T19:21:20.211+0000] {logging_mixin.py:188} INFO - [2024-07-16T19:21:20.211+0000] {dag.py:3954} INFO - Setting next_dagrun for example_display_name to None, run_after=None
[2024-07-16T19:21:20.237+0000] {processor.py:183} INFO - Processing /home/airflow/.local/lib/python3.12/site-packages/airflow/example_dags/example_display_name.py took 0.080 seconds
[2024-07-16T19:21:50.975+0000] {processor.py:161} INFO - Started process (PID=359) to work on /home/airflow/.local/lib/python3.12/site-packages/airflow/example_dags/example_display_name.py
[2024-07-16T19:21:50.975+0000] {processor.py:830} INFO - Processing file /home/airflow/.local/lib/python3.12/site-packages/airflow/example_dags/example_display_name.py for tasks to queue
[2024-07-16T19:21:50.977+0000] {logging_mixin.py:188} INFO - [2024-07-16T19:21:50.977+0000] {dagbag.py:545} INFO - Filling up the DagBag from /home/airflow/.local/lib/python3.12/site-packages/airflow/example_dags/example_display_name.py
[2024-07-16T19:21:50.995+0000] {processor.py:840} INFO - DAG(s) 'example_display_name' retrieved from /home/airflow/.local/lib/python3.12/site-packages/airflow/example_dags/example_display_name.py
[2024-07-16T19:21:51.056+0000] {logging_mixin.py:188} INFO - [2024-07-16T19:21:51.056+0000] {dag.py:3096} INFO - Sync 1 DAGs
[2024-07-16T19:21:51.095+0000] {logging_mixin.py:188} INFO - [2024-07-16T19:21:51.095+0000] {dag.py:3954} INFO - Setting next_dagrun for example_display_name to None, run_after=None
[2024-07-16T19:21:51.165+0000] {processor.py:183} INFO - Processing /home/airflow/.local/lib/python3.12/site-packages/airflow/example_dags/example_display_name.py took 0.209 seconds
[2024-07-16T19:22:21.926+0000] {processor.py:161} INFO - Started process (PID=419) to work on /home/airflow/.local/lib/python3.12/site-packages/airflow/example_dags/example_display_name.py
[2024-07-16T19:22:21.927+0000] {processor.py:830} INFO - Processing file /home/airflow/.local/lib/python3.12/site-packages/airflow/example_dags/example_display_name.py for tasks to queue
[2024-07-16T19:22:21.929+0000] {logging_mixin.py:188} INFO - [2024-07-16T19:22:21.928+0000] {dagbag.py:545} INFO - Filling up the DagBag from /home/airflow/.local/lib/python3.12/site-packages/airflow/example_dags/example_display_name.py
[2024-07-16T19:22:21.935+0000] {processor.py:840} INFO - DAG(s) 'example_display_name' retrieved from /home/airflow/.local/lib/python3.12/site-packages/airflow/example_dags/example_display_name.py
[2024-07-16T19:22:21.956+0000] {logging_mixin.py:188} INFO - [2024-07-16T19:22:21.955+0000] {dag.py:3096} INFO - Sync 1 DAGs
[2024-07-16T19:22:21.970+0000] {logging_mixin.py:188} INFO - [2024-07-16T19:22:21.969+0000] {dag.py:3954} INFO - Setting next_dagrun for example_display_name to None, run_after=None
[2024-07-16T19:22:21.994+0000] {processor.py:183} INFO - Processing /home/airflow/.local/lib/python3.12/site-packages/airflow/example_dags/example_display_name.py took 0.078 seconds
[2024-07-16T19:22:52.051+0000] {processor.py:161} INFO - Started process (PID=482) to work on /home/airflow/.local/lib/python3.12/site-packages/airflow/example_dags/example_display_name.py
[2024-07-16T19:22:52.052+0000] {processor.py:830} INFO - Processing file /home/airflow/.local/lib/python3.12/site-packages/airflow/example_dags/example_display_name.py for tasks to queue
[2024-07-16T19:22:52.054+0000] {logging_mixin.py:188} INFO - [2024-07-16T19:22:52.054+0000] {dagbag.py:545} INFO - Filling up the DagBag from /home/airflow/.local/lib/python3.12/site-packages/airflow/example_dags/example_display_name.py
[2024-07-16T19:22:52.060+0000] {processor.py:840} INFO - DAG(s) 'example_display_name' retrieved from /home/airflow/.local/lib/python3.12/site-packages/airflow/example_dags/example_display_name.py
[2024-07-16T19:22:52.082+0000] {logging_mixin.py:188} INFO - [2024-07-16T19:22:52.081+0000] {dag.py:3096} INFO - Sync 1 DAGs
[2024-07-16T19:22:52.097+0000] {logging_mixin.py:188} INFO - [2024-07-16T19:22:52.097+0000] {dag.py:3954} INFO - Setting next_dagrun for example_display_name to None, run_after=None
[2024-07-16T19:22:52.123+0000] {processor.py:183} INFO - Processing /home/airflow/.local/lib/python3.12/site-packages/airflow/example_dags/example_display_name.py took 0.079 seconds
[2024-07-16T19:23:22.358+0000] {processor.py:161} INFO - Started process (PID=542) to work on /home/airflow/.local/lib/python3.12/site-packages/airflow/example_dags/example_display_name.py
[2024-07-16T19:23:22.359+0000] {processor.py:830} INFO - Processing file /home/airflow/.local/lib/python3.12/site-packages/airflow/example_dags/example_display_name.py for tasks to queue
[2024-07-16T19:23:22.361+0000] {logging_mixin.py:188} INFO - [2024-07-16T19:23:22.361+0000] {dagbag.py:545} INFO - Filling up the DagBag from /home/airflow/.local/lib/python3.12/site-packages/airflow/example_dags/example_display_name.py
[2024-07-16T19:23:22.368+0000] {processor.py:840} INFO - DAG(s) 'example_display_name' retrieved from /home/airflow/.local/lib/python3.12/site-packages/airflow/example_dags/example_display_name.py
[2024-07-16T19:23:22.388+0000] {logging_mixin.py:188} INFO - [2024-07-16T19:23:22.388+0000] {dag.py:3096} INFO - Sync 1 DAGs
[2024-07-16T19:23:22.403+0000] {logging_mixin.py:188} INFO - [2024-07-16T19:23:22.402+0000] {dag.py:3954} INFO - Setting next_dagrun for example_display_name to None, run_after=None
[2024-07-16T19:23:22.426+0000] {processor.py:183} INFO - Processing /home/airflow/.local/lib/python3.12/site-packages/airflow/example_dags/example_display_name.py took 0.077 seconds
[2024-07-16T19:23:52.549+0000] {processor.py:161} INFO - Started process (PID=601) to work on /home/airflow/.local/lib/python3.12/site-packages/airflow/example_dags/example_display_name.py
[2024-07-16T19:23:52.550+0000] {processor.py:830} INFO - Processing file /home/airflow/.local/lib/python3.12/site-packages/airflow/example_dags/example_display_name.py for tasks to queue
[2024-07-16T19:23:52.552+0000] {logging_mixin.py:188} INFO - [2024-07-16T19:23:52.552+0000] {dagbag.py:545} INFO - Filling up the DagBag from /home/airflow/.local/lib/python3.12/site-packages/airflow/example_dags/example_display_name.py
[2024-07-16T19:23:52.564+0000] {processor.py:840} INFO - DAG(s) 'example_display_name' retrieved from /home/airflow/.local/lib/python3.12/site-packages/airflow/example_dags/example_display_name.py
[2024-07-16T19:23:52.585+0000] {logging_mixin.py:188} INFO - [2024-07-16T19:23:52.584+0000] {dag.py:3096} INFO - Sync 1 DAGs
[2024-07-16T19:23:52.601+0000] {logging_mixin.py:188} INFO - [2024-07-16T19:23:52.600+0000] {dag.py:3954} INFO - Setting next_dagrun for example_display_name to None, run_after=None
[2024-07-16T19:23:52.659+0000] {processor.py:183} INFO - Processing /home/airflow/.local/lib/python3.12/site-packages/airflow/example_dags/example_display_name.py took 0.117 seconds
[2024-07-16T19:24:23.244+0000] {processor.py:161} INFO - Started process (PID=660) to work on /home/airflow/.local/lib/python3.12/site-packages/airflow/example_dags/example_display_name.py
[2024-07-16T19:24:23.245+0000] {processor.py:830} INFO - Processing file /home/airflow/.local/lib/python3.12/site-packages/airflow/example_dags/example_display_name.py for tasks to queue
[2024-07-16T19:24:23.246+0000] {logging_mixin.py:188} INFO - [2024-07-16T19:24:23.246+0000] {dagbag.py:545} INFO - Filling up the DagBag from /home/airflow/.local/lib/python3.12/site-packages/airflow/example_dags/example_display_name.py
[2024-07-16T19:24:23.263+0000] {processor.py:840} INFO - DAG(s) 'example_display_name' retrieved from /home/airflow/.local/lib/python3.12/site-packages/airflow/example_dags/example_display_name.py
[2024-07-16T19:24:23.296+0000] {logging_mixin.py:188} INFO - [2024-07-16T19:24:23.296+0000] {dag.py:3096} INFO - Sync 1 DAGs
[2024-07-16T19:24:23.312+0000] {logging_mixin.py:188} INFO - [2024-07-16T19:24:23.312+0000] {dag.py:3954} INFO - Setting next_dagrun for example_display_name to None, run_after=None
[2024-07-16T19:24:23.337+0000] {processor.py:183} INFO - Processing /home/airflow/.local/lib/python3.12/site-packages/airflow/example_dags/example_display_name.py took 0.108 seconds
[2024-07-16T19:24:54.213+0000] {processor.py:161} INFO - Started process (PID=719) to work on /home/airflow/.local/lib/python3.12/site-packages/airflow/example_dags/example_display_name.py
[2024-07-16T19:24:54.214+0000] {processor.py:830} INFO - Processing file /home/airflow/.local/lib/python3.12/site-packages/airflow/example_dags/example_display_name.py for tasks to queue
[2024-07-16T19:24:54.215+0000] {logging_mixin.py:188} INFO - [2024-07-16T19:24:54.215+0000] {dagbag.py:545} INFO - Filling up the DagBag from /home/airflow/.local/lib/python3.12/site-packages/airflow/example_dags/example_display_name.py
[2024-07-16T19:24:54.221+0000] {processor.py:840} INFO - DAG(s) 'example_display_name' retrieved from /home/airflow/.local/lib/python3.12/site-packages/airflow/example_dags/example_display_name.py
[2024-07-16T19:24:54.243+0000] {logging_mixin.py:188} INFO - [2024-07-16T19:24:54.242+0000] {dag.py:3096} INFO - Sync 1 DAGs
[2024-07-16T19:24:54.260+0000] {logging_mixin.py:188} INFO - [2024-07-16T19:24:54.260+0000] {dag.py:3954} INFO - Setting next_dagrun for example_display_name to None, run_after=None
[2024-07-16T19:24:54.284+0000] {processor.py:183} INFO - Processing /home/airflow/.local/lib/python3.12/site-packages/airflow/example_dags/example_display_name.py took 0.078 seconds
[2024-07-16T19:25:25.155+0000] {processor.py:161} INFO - Started process (PID=779) to work on /home/airflow/.local/lib/python3.12/site-packages/airflow/example_dags/example_display_name.py
[2024-07-16T19:25:25.155+0000] {processor.py:830} INFO - Processing file /home/airflow/.local/lib/python3.12/site-packages/airflow/example_dags/example_display_name.py for tasks to queue
[2024-07-16T19:25:25.156+0000] {logging_mixin.py:188} INFO - [2024-07-16T19:25:25.156+0000] {dagbag.py:545} INFO - Filling up the DagBag from /home/airflow/.local/lib/python3.12/site-packages/airflow/example_dags/example_display_name.py
[2024-07-16T19:25:25.166+0000] {processor.py:840} INFO - DAG(s) 'example_display_name' retrieved from /home/airflow/.local/lib/python3.12/site-packages/airflow/example_dags/example_display_name.py
[2024-07-16T19:25:25.189+0000] {logging_mixin.py:188} INFO - [2024-07-16T19:25:25.188+0000] {dag.py:3096} INFO - Sync 1 DAGs
[2024-07-16T19:25:25.203+0000] {logging_mixin.py:188} INFO - [2024-07-16T19:25:25.203+0000] {dag.py:3954} INFO - Setting next_dagrun for example_display_name to None, run_after=None
[2024-07-16T19:25:25.257+0000] {processor.py:183} INFO - Processing /home/airflow/.local/lib/python3.12/site-packages/airflow/example_dags/example_display_name.py took 0.109 seconds
[2024-07-16T19:25:56.048+0000] {processor.py:161} INFO - Started process (PID=838) to work on /home/airflow/.local/lib/python3.12/site-packages/airflow/example_dags/example_display_name.py
[2024-07-16T19:25:56.049+0000] {processor.py:830} INFO - Processing file /home/airflow/.local/lib/python3.12/site-packages/airflow/example_dags/example_display_name.py for tasks to queue
[2024-07-16T19:25:56.050+0000] {logging_mixin.py:188} INFO - [2024-07-16T19:25:56.050+0000] {dagbag.py:545} INFO - Filling up the DagBag from /home/airflow/.local/lib/python3.12/site-packages/airflow/example_dags/example_display_name.py
[2024-07-16T19:25:56.057+0000] {processor.py:840} INFO - DAG(s) 'example_display_name' retrieved from /home/airflow/.local/lib/python3.12/site-packages/airflow/example_dags/example_display_name.py
[2024-07-16T19:25:56.080+0000] {logging_mixin.py:188} INFO - [2024-07-16T19:25:56.080+0000] {dag.py:3096} INFO - Sync 1 DAGs
[2024-07-16T19:25:56.095+0000] {logging_mixin.py:188} INFO - [2024-07-16T19:25:56.095+0000] {dag.py:3954} INFO - Setting next_dagrun for example_display_name to None, run_after=None
[2024-07-16T19:25:56.120+0000] {processor.py:183} INFO - Processing /home/airflow/.local/lib/python3.12/site-packages/airflow/example_dags/example_display_name.py took 0.079 seconds
[2024-07-16T19:26:26.426+0000] {processor.py:161} INFO - Started process (PID=897) to work on /home/airflow/.local/lib/python3.12/site-packages/airflow/example_dags/example_display_name.py
[2024-07-16T19:26:26.427+0000] {processor.py:830} INFO - Processing file /home/airflow/.local/lib/python3.12/site-packages/airflow/example_dags/example_display_name.py for tasks to queue
[2024-07-16T19:26:26.428+0000] {logging_mixin.py:188} INFO - [2024-07-16T19:26:26.428+0000] {dagbag.py:545} INFO - Filling up the DagBag from /home/airflow/.local/lib/python3.12/site-packages/airflow/example_dags/example_display_name.py
[2024-07-16T19:26:26.452+0000] {processor.py:840} INFO - DAG(s) 'example_display_name' retrieved from /home/airflow/.local/lib/python3.12/site-packages/airflow/example_dags/example_display_name.py
[2024-07-16T19:26:26.529+0000] {logging_mixin.py:188} INFO - [2024-07-16T19:26:26.528+0000] {dag.py:3096} INFO - Sync 1 DAGs
[2024-07-16T19:26:26.578+0000] {logging_mixin.py:188} INFO - [2024-07-16T19:26:26.577+0000] {dag.py:3954} INFO - Setting next_dagrun for example_display_name to None, run_after=None
[2024-07-16T19:26:26.693+0000] {processor.py:183} INFO - Processing /home/airflow/.local/lib/python3.12/site-packages/airflow/example_dags/example_display_name.py took 0.307 seconds
[2024-07-16T19:26:57.015+0000] {processor.py:161} INFO - Started process (PID=956) to work on /home/airflow/.local/lib/python3.12/site-packages/airflow/example_dags/example_display_name.py
[2024-07-16T19:26:57.015+0000] {processor.py:830} INFO - Processing file /home/airflow/.local/lib/python3.12/site-packages/airflow/example_dags/example_display_name.py for tasks to queue
[2024-07-16T19:26:57.017+0000] {logging_mixin.py:188} INFO - [2024-07-16T19:26:57.016+0000] {dagbag.py:545} INFO - Filling up the DagBag from /home/airflow/.local/lib/python3.12/site-packages/airflow/example_dags/example_display_name.py
[2024-07-16T19:26:57.023+0000] {processor.py:840} INFO - DAG(s) 'example_display_name' retrieved from /home/airflow/.local/lib/python3.12/site-packages/airflow/example_dags/example_display_name.py
[2024-07-16T19:26:57.045+0000] {logging_mixin.py:188} INFO - [2024-07-16T19:26:57.045+0000] {dag.py:3096} INFO - Sync 1 DAGs
[2024-07-16T19:26:57.061+0000] {logging_mixin.py:188} INFO - [2024-07-16T19:26:57.061+0000] {dag.py:3954} INFO - Setting next_dagrun for example_display_name to None, run_after=None
[2024-07-16T19:26:57.090+0000] {processor.py:183} INFO - Processing /home/airflow/.local/lib/python3.12/site-packages/airflow/example_dags/example_display_name.py took 0.082 seconds
