[2024-07-16T19:02:29.181+0000] {processor.py:161} INFO - Started process (PID=62) to work on /home/airflow/.local/lib/python3.12/site-packages/airflow/example_dags/example_params_ui_tutorial.py
[2024-07-16T19:02:29.182+0000] {processor.py:830} INFO - Processing file /home/airflow/.local/lib/python3.12/site-packages/airflow/example_dags/example_params_ui_tutorial.py for tasks to queue
[2024-07-16T19:02:29.184+0000] {logging_mixin.py:188} INFO - [2024-07-16T19:02:29.184+0000] {dagbag.py:545} INFO - Filling up the DagBag from /home/airflow/.local/lib/python3.12/site-packages/airflow/example_dags/example_params_ui_tutorial.py
[2024-07-16T19:02:29.280+0000] {processor.py:840} INFO - DAG(s) 'example_params_ui_tutorial' retrieved from /home/airflow/.local/lib/python3.12/site-packages/airflow/example_dags/example_params_ui_tutorial.py
[2024-07-16T19:02:29.814+0000] {logging_mixin.py:188} INFO - [2024-07-16T19:02:29.803+0000] {dag.py:3096} INFO - Sync 1 DAGs
[2024-07-16T19:02:29.940+0000] {logging_mixin.py:188} INFO - [2024-07-16T19:02:29.939+0000] {dag.py:3954} INFO - Setting next_dagrun for example_params_ui_tutorial to None, run_after=None
[2024-07-16T19:02:30.045+0000] {processor.py:183} INFO - Processing /home/airflow/.local/lib/python3.12/site-packages/airflow/example_dags/example_params_ui_tutorial.py took 0.892 seconds
[2024-07-16T19:03:00.794+0000] {processor.py:161} INFO - Started process (PID=121) to work on /home/airflow/.local/lib/python3.12/site-packages/airflow/example_dags/example_params_ui_tutorial.py
[2024-07-16T19:03:00.795+0000] {processor.py:830} INFO - Processing file /home/airflow/.local/lib/python3.12/site-packages/airflow/example_dags/example_params_ui_tutorial.py for tasks to queue
[2024-07-16T19:03:00.797+0000] {logging_mixin.py:188} INFO - [2024-07-16T19:03:00.797+0000] {dagbag.py:545} INFO - Filling up the DagBag from /home/airflow/.local/lib/python3.12/site-packages/airflow/example_dags/example_params_ui_tutorial.py
[2024-07-16T19:03:00.811+0000] {processor.py:840} INFO - DAG(s) 'example_params_ui_tutorial' retrieved from /home/airflow/.local/lib/python3.12/site-packages/airflow/example_dags/example_params_ui_tutorial.py
[2024-07-16T19:03:00.909+0000] {logging_mixin.py:188} INFO - [2024-07-16T19:03:00.909+0000] {dag.py:3096} INFO - Sync 1 DAGs
[2024-07-16T19:03:00.927+0000] {logging_mixin.py:188} INFO - [2024-07-16T19:03:00.927+0000] {dag.py:3954} INFO - Setting next_dagrun for example_params_ui_tutorial to None, run_after=None
[2024-07-16T19:03:00.979+0000] {processor.py:183} INFO - Processing /home/airflow/.local/lib/python3.12/site-packages/airflow/example_dags/example_params_ui_tutorial.py took 0.192 seconds
[2024-07-16T19:03:31.823+0000] {processor.py:161} INFO - Started process (PID=180) to work on /home/airflow/.local/lib/python3.12/site-packages/airflow/example_dags/example_params_ui_tutorial.py
[2024-07-16T19:03:31.823+0000] {processor.py:830} INFO - Processing file /home/airflow/.local/lib/python3.12/site-packages/airflow/example_dags/example_params_ui_tutorial.py for tasks to queue
[2024-07-16T19:03:31.825+0000] {logging_mixin.py:188} INFO - [2024-07-16T19:03:31.825+0000] {dagbag.py:545} INFO - Filling up the DagBag from /home/airflow/.local/lib/python3.12/site-packages/airflow/example_dags/example_params_ui_tutorial.py
[2024-07-16T19:03:31.839+0000] {processor.py:840} INFO - DAG(s) 'example_params_ui_tutorial' retrieved from /home/airflow/.local/lib/python3.12/site-packages/airflow/example_dags/example_params_ui_tutorial.py
[2024-07-16T19:03:31.919+0000] {logging_mixin.py:188} INFO - [2024-07-16T19:03:31.919+0000] {dag.py:3096} INFO - Sync 1 DAGs
[2024-07-16T19:03:31.935+0000] {logging_mixin.py:188} INFO - [2024-07-16T19:03:31.935+0000] {dag.py:3954} INFO - Setting next_dagrun for example_params_ui_tutorial to None, run_after=None
[2024-07-16T19:03:31.961+0000] {processor.py:183} INFO - Processing /home/airflow/.local/lib/python3.12/site-packages/airflow/example_dags/example_params_ui_tutorial.py took 0.145 seconds
[2024-07-16T19:04:02.511+0000] {processor.py:161} INFO - Started process (PID=240) to work on /home/airflow/.local/lib/python3.12/site-packages/airflow/example_dags/example_params_ui_tutorial.py
[2024-07-16T19:04:02.512+0000] {processor.py:830} INFO - Processing file /home/airflow/.local/lib/python3.12/site-packages/airflow/example_dags/example_params_ui_tutorial.py for tasks to queue
[2024-07-16T19:04:02.514+0000] {logging_mixin.py:188} INFO - [2024-07-16T19:04:02.514+0000] {dagbag.py:545} INFO - Filling up the DagBag from /home/airflow/.local/lib/python3.12/site-packages/airflow/example_dags/example_params_ui_tutorial.py
[2024-07-16T19:04:02.528+0000] {processor.py:840} INFO - DAG(s) 'example_params_ui_tutorial' retrieved from /home/airflow/.local/lib/python3.12/site-packages/airflow/example_dags/example_params_ui_tutorial.py
[2024-07-16T19:04:02.599+0000] {logging_mixin.py:188} INFO - [2024-07-16T19:04:02.599+0000] {dag.py:3096} INFO - Sync 1 DAGs
[2024-07-16T19:04:02.615+0000] {logging_mixin.py:188} INFO - [2024-07-16T19:04:02.615+0000] {dag.py:3954} INFO - Setting next_dagrun for example_params_ui_tutorial to None, run_after=None
[2024-07-16T19:04:02.645+0000] {processor.py:183} INFO - Processing /home/airflow/.local/lib/python3.12/site-packages/airflow/example_dags/example_params_ui_tutorial.py took 0.141 seconds
[2024-07-16T19:04:32.915+0000] {processor.py:161} INFO - Started process (PID=298) to work on /home/airflow/.local/lib/python3.12/site-packages/airflow/example_dags/example_params_ui_tutorial.py
[2024-07-16T19:04:32.916+0000] {processor.py:830} INFO - Processing file /home/airflow/.local/lib/python3.12/site-packages/airflow/example_dags/example_params_ui_tutorial.py for tasks to queue
[2024-07-16T19:04:32.918+0000] {logging_mixin.py:188} INFO - [2024-07-16T19:04:32.918+0000] {dagbag.py:545} INFO - Filling up the DagBag from /home/airflow/.local/lib/python3.12/site-packages/airflow/example_dags/example_params_ui_tutorial.py
[2024-07-16T19:04:32.931+0000] {processor.py:840} INFO - DAG(s) 'example_params_ui_tutorial' retrieved from /home/airflow/.local/lib/python3.12/site-packages/airflow/example_dags/example_params_ui_tutorial.py
[2024-07-16T19:04:33.007+0000] {logging_mixin.py:188} INFO - [2024-07-16T19:04:33.007+0000] {dag.py:3096} INFO - Sync 1 DAGs
[2024-07-16T19:04:33.023+0000] {logging_mixin.py:188} INFO - [2024-07-16T19:04:33.023+0000] {dag.py:3954} INFO - Setting next_dagrun for example_params_ui_tutorial to None, run_after=None
[2024-07-16T19:04:33.056+0000] {processor.py:183} INFO - Processing /home/airflow/.local/lib/python3.12/site-packages/airflow/example_dags/example_params_ui_tutorial.py took 0.148 seconds
[2024-07-16T19:05:03.843+0000] {processor.py:161} INFO - Started process (PID=360) to work on /home/airflow/.local/lib/python3.12/site-packages/airflow/example_dags/example_params_ui_tutorial.py
[2024-07-16T19:05:03.851+0000] {processor.py:830} INFO - Processing file /home/airflow/.local/lib/python3.12/site-packages/airflow/example_dags/example_params_ui_tutorial.py for tasks to queue
[2024-07-16T19:05:03.855+0000] {logging_mixin.py:188} INFO - [2024-07-16T19:05:03.854+0000] {dagbag.py:545} INFO - Filling up the DagBag from /home/airflow/.local/lib/python3.12/site-packages/airflow/example_dags/example_params_ui_tutorial.py
[2024-07-16T19:05:03.882+0000] {processor.py:840} INFO - DAG(s) 'example_params_ui_tutorial' retrieved from /home/airflow/.local/lib/python3.12/site-packages/airflow/example_dags/example_params_ui_tutorial.py
[2024-07-16T19:05:04.021+0000] {logging_mixin.py:188} INFO - [2024-07-16T19:05:04.021+0000] {dag.py:3096} INFO - Sync 1 DAGs
[2024-07-16T19:05:04.045+0000] {logging_mixin.py:188} INFO - [2024-07-16T19:05:04.045+0000] {dag.py:3954} INFO - Setting next_dagrun for example_params_ui_tutorial to None, run_after=None
[2024-07-16T19:05:04.097+0000] {processor.py:183} INFO - Processing /home/airflow/.local/lib/python3.12/site-packages/airflow/example_dags/example_params_ui_tutorial.py took 0.263 seconds
[2024-07-16T19:05:34.748+0000] {processor.py:161} INFO - Started process (PID=421) to work on /home/airflow/.local/lib/python3.12/site-packages/airflow/example_dags/example_params_ui_tutorial.py
[2024-07-16T19:05:34.749+0000] {processor.py:830} INFO - Processing file /home/airflow/.local/lib/python3.12/site-packages/airflow/example_dags/example_params_ui_tutorial.py for tasks to queue
[2024-07-16T19:05:34.751+0000] {logging_mixin.py:188} INFO - [2024-07-16T19:05:34.751+0000] {dagbag.py:545} INFO - Filling up the DagBag from /home/airflow/.local/lib/python3.12/site-packages/airflow/example_dags/example_params_ui_tutorial.py
[2024-07-16T19:05:34.781+0000] {processor.py:840} INFO - DAG(s) 'example_params_ui_tutorial' retrieved from /home/airflow/.local/lib/python3.12/site-packages/airflow/example_dags/example_params_ui_tutorial.py
[2024-07-16T19:05:35.010+0000] {logging_mixin.py:188} INFO - [2024-07-16T19:05:35.009+0000] {dag.py:3096} INFO - Sync 1 DAGs
[2024-07-16T19:05:35.070+0000] {logging_mixin.py:188} INFO - [2024-07-16T19:05:35.069+0000] {dag.py:3954} INFO - Setting next_dagrun for example_params_ui_tutorial to None, run_after=None
[2024-07-16T19:05:35.162+0000] {processor.py:183} INFO - Processing /home/airflow/.local/lib/python3.12/site-packages/airflow/example_dags/example_params_ui_tutorial.py took 0.427 seconds
[2024-07-16T19:06:05.416+0000] {processor.py:161} INFO - Started process (PID=481) to work on /home/airflow/.local/lib/python3.12/site-packages/airflow/example_dags/example_params_ui_tutorial.py
[2024-07-16T19:06:05.418+0000] {processor.py:830} INFO - Processing file /home/airflow/.local/lib/python3.12/site-packages/airflow/example_dags/example_params_ui_tutorial.py for tasks to queue
[2024-07-16T19:06:05.421+0000] {logging_mixin.py:188} INFO - [2024-07-16T19:06:05.421+0000] {dagbag.py:545} INFO - Filling up the DagBag from /home/airflow/.local/lib/python3.12/site-packages/airflow/example_dags/example_params_ui_tutorial.py
[2024-07-16T19:06:05.438+0000] {processor.py:840} INFO - DAG(s) 'example_params_ui_tutorial' retrieved from /home/airflow/.local/lib/python3.12/site-packages/airflow/example_dags/example_params_ui_tutorial.py
[2024-07-16T19:06:05.525+0000] {logging_mixin.py:188} INFO - [2024-07-16T19:06:05.524+0000] {dag.py:3096} INFO - Sync 1 DAGs
[2024-07-16T19:06:05.536+0000] {logging_mixin.py:188} INFO - [2024-07-16T19:06:05.536+0000] {dag.py:3954} INFO - Setting next_dagrun for example_params_ui_tutorial to None, run_after=None
[2024-07-16T19:06:05.555+0000] {processor.py:183} INFO - Processing /home/airflow/.local/lib/python3.12/site-packages/airflow/example_dags/example_params_ui_tutorial.py took 0.145 seconds
[2024-07-16T19:06:36.087+0000] {processor.py:161} INFO - Started process (PID=541) to work on /home/airflow/.local/lib/python3.12/site-packages/airflow/example_dags/example_params_ui_tutorial.py
[2024-07-16T19:06:36.090+0000] {processor.py:830} INFO - Processing file /home/airflow/.local/lib/python3.12/site-packages/airflow/example_dags/example_params_ui_tutorial.py for tasks to queue
[2024-07-16T19:06:36.091+0000] {logging_mixin.py:188} INFO - [2024-07-16T19:06:36.091+0000] {dagbag.py:545} INFO - Filling up the DagBag from /home/airflow/.local/lib/python3.12/site-packages/airflow/example_dags/example_params_ui_tutorial.py
[2024-07-16T19:06:36.106+0000] {processor.py:840} INFO - DAG(s) 'example_params_ui_tutorial' retrieved from /home/airflow/.local/lib/python3.12/site-packages/airflow/example_dags/example_params_ui_tutorial.py
[2024-07-16T19:06:36.186+0000] {logging_mixin.py:188} INFO - [2024-07-16T19:06:36.185+0000] {dag.py:3096} INFO - Sync 1 DAGs
[2024-07-16T19:06:36.200+0000] {logging_mixin.py:188} INFO - [2024-07-16T19:06:36.200+0000] {dag.py:3954} INFO - Setting next_dagrun for example_params_ui_tutorial to None, run_after=None
[2024-07-16T19:06:36.234+0000] {processor.py:183} INFO - Processing /home/airflow/.local/lib/python3.12/site-packages/airflow/example_dags/example_params_ui_tutorial.py took 0.153 seconds
[2024-07-16T19:07:06.797+0000] {processor.py:161} INFO - Started process (PID=603) to work on /home/airflow/.local/lib/python3.12/site-packages/airflow/example_dags/example_params_ui_tutorial.py
[2024-07-16T19:07:06.798+0000] {processor.py:830} INFO - Processing file /home/airflow/.local/lib/python3.12/site-packages/airflow/example_dags/example_params_ui_tutorial.py for tasks to queue
[2024-07-16T19:07:06.799+0000] {logging_mixin.py:188} INFO - [2024-07-16T19:07:06.798+0000] {dagbag.py:545} INFO - Filling up the DagBag from /home/airflow/.local/lib/python3.12/site-packages/airflow/example_dags/example_params_ui_tutorial.py
[2024-07-16T19:07:06.812+0000] {processor.py:840} INFO - DAG(s) 'example_params_ui_tutorial' retrieved from /home/airflow/.local/lib/python3.12/site-packages/airflow/example_dags/example_params_ui_tutorial.py
[2024-07-16T19:07:06.908+0000] {logging_mixin.py:188} INFO - [2024-07-16T19:07:06.907+0000] {dag.py:3096} INFO - Sync 1 DAGs
[2024-07-16T19:07:06.923+0000] {logging_mixin.py:188} INFO - [2024-07-16T19:07:06.923+0000] {dag.py:3954} INFO - Setting next_dagrun for example_params_ui_tutorial to None, run_after=None
[2024-07-16T19:07:06.949+0000] {processor.py:183} INFO - Processing /home/airflow/.local/lib/python3.12/site-packages/airflow/example_dags/example_params_ui_tutorial.py took 0.159 seconds
[2024-07-16T19:07:37.099+0000] {processor.py:161} INFO - Started process (PID=663) to work on /home/airflow/.local/lib/python3.12/site-packages/airflow/example_dags/example_params_ui_tutorial.py
[2024-07-16T19:07:37.100+0000] {processor.py:830} INFO - Processing file /home/airflow/.local/lib/python3.12/site-packages/airflow/example_dags/example_params_ui_tutorial.py for tasks to queue
[2024-07-16T19:07:37.101+0000] {logging_mixin.py:188} INFO - [2024-07-16T19:07:37.101+0000] {dagbag.py:545} INFO - Filling up the DagBag from /home/airflow/.local/lib/python3.12/site-packages/airflow/example_dags/example_params_ui_tutorial.py
[2024-07-16T19:07:37.115+0000] {processor.py:840} INFO - DAG(s) 'example_params_ui_tutorial' retrieved from /home/airflow/.local/lib/python3.12/site-packages/airflow/example_dags/example_params_ui_tutorial.py
[2024-07-16T19:07:37.192+0000] {logging_mixin.py:188} INFO - [2024-07-16T19:07:37.192+0000] {dag.py:3096} INFO - Sync 1 DAGs
[2024-07-16T19:07:37.207+0000] {logging_mixin.py:188} INFO - [2024-07-16T19:07:37.207+0000] {dag.py:3954} INFO - Setting next_dagrun for example_params_ui_tutorial to None, run_after=None
[2024-07-16T19:07:37.231+0000] {processor.py:183} INFO - Processing /home/airflow/.local/lib/python3.12/site-packages/airflow/example_dags/example_params_ui_tutorial.py took 0.138 seconds
[2024-07-16T19:08:07.801+0000] {processor.py:161} INFO - Started process (PID=722) to work on /home/airflow/.local/lib/python3.12/site-packages/airflow/example_dags/example_params_ui_tutorial.py
[2024-07-16T19:08:07.802+0000] {processor.py:830} INFO - Processing file /home/airflow/.local/lib/python3.12/site-packages/airflow/example_dags/example_params_ui_tutorial.py for tasks to queue
[2024-07-16T19:08:07.803+0000] {logging_mixin.py:188} INFO - [2024-07-16T19:08:07.803+0000] {dagbag.py:545} INFO - Filling up the DagBag from /home/airflow/.local/lib/python3.12/site-packages/airflow/example_dags/example_params_ui_tutorial.py
[2024-07-16T19:08:07.821+0000] {processor.py:840} INFO - DAG(s) 'example_params_ui_tutorial' retrieved from /home/airflow/.local/lib/python3.12/site-packages/airflow/example_dags/example_params_ui_tutorial.py
[2024-07-16T19:08:07.894+0000] {logging_mixin.py:188} INFO - [2024-07-16T19:08:07.894+0000] {dag.py:3096} INFO - Sync 1 DAGs
[2024-07-16T19:08:07.909+0000] {logging_mixin.py:188} INFO - [2024-07-16T19:08:07.909+0000] {dag.py:3954} INFO - Setting next_dagrun for example_params_ui_tutorial to None, run_after=None
[2024-07-16T19:08:07.934+0000] {processor.py:183} INFO - Processing /home/airflow/.local/lib/python3.12/site-packages/airflow/example_dags/example_params_ui_tutorial.py took 0.139 seconds
[2024-07-16T19:08:38.008+0000] {processor.py:161} INFO - Started process (PID=781) to work on /home/airflow/.local/lib/python3.12/site-packages/airflow/example_dags/example_params_ui_tutorial.py
[2024-07-16T19:08:38.009+0000] {processor.py:830} INFO - Processing file /home/airflow/.local/lib/python3.12/site-packages/airflow/example_dags/example_params_ui_tutorial.py for tasks to queue
[2024-07-16T19:08:38.010+0000] {logging_mixin.py:188} INFO - [2024-07-16T19:08:38.010+0000] {dagbag.py:545} INFO - Filling up the DagBag from /home/airflow/.local/lib/python3.12/site-packages/airflow/example_dags/example_params_ui_tutorial.py
[2024-07-16T19:08:38.024+0000] {processor.py:840} INFO - DAG(s) 'example_params_ui_tutorial' retrieved from /home/airflow/.local/lib/python3.12/site-packages/airflow/example_dags/example_params_ui_tutorial.py
[2024-07-16T19:08:38.098+0000] {logging_mixin.py:188} INFO - [2024-07-16T19:08:38.098+0000] {dag.py:3096} INFO - Sync 1 DAGs
[2024-07-16T19:08:38.116+0000] {logging_mixin.py:188} INFO - [2024-07-16T19:08:38.116+0000] {dag.py:3954} INFO - Setting next_dagrun for example_params_ui_tutorial to None, run_after=None
[2024-07-16T19:08:38.142+0000] {processor.py:183} INFO - Processing /home/airflow/.local/lib/python3.12/site-packages/airflow/example_dags/example_params_ui_tutorial.py took 0.142 seconds
[2024-07-16T19:09:08.669+0000] {processor.py:161} INFO - Started process (PID=840) to work on /home/airflow/.local/lib/python3.12/site-packages/airflow/example_dags/example_params_ui_tutorial.py
[2024-07-16T19:09:08.670+0000] {processor.py:830} INFO - Processing file /home/airflow/.local/lib/python3.12/site-packages/airflow/example_dags/example_params_ui_tutorial.py for tasks to queue
[2024-07-16T19:09:08.672+0000] {logging_mixin.py:188} INFO - [2024-07-16T19:09:08.671+0000] {dagbag.py:545} INFO - Filling up the DagBag from /home/airflow/.local/lib/python3.12/site-packages/airflow/example_dags/example_params_ui_tutorial.py
[2024-07-16T19:09:08.687+0000] {processor.py:840} INFO - DAG(s) 'example_params_ui_tutorial' retrieved from /home/airflow/.local/lib/python3.12/site-packages/airflow/example_dags/example_params_ui_tutorial.py
[2024-07-16T19:09:08.764+0000] {logging_mixin.py:188} INFO - [2024-07-16T19:09:08.763+0000] {dag.py:3096} INFO - Sync 1 DAGs
[2024-07-16T19:09:08.777+0000] {logging_mixin.py:188} INFO - [2024-07-16T19:09:08.777+0000] {dag.py:3954} INFO - Setting next_dagrun for example_params_ui_tutorial to None, run_after=None
[2024-07-16T19:09:08.802+0000] {processor.py:183} INFO - Processing /home/airflow/.local/lib/python3.12/site-packages/airflow/example_dags/example_params_ui_tutorial.py took 0.139 seconds
[2024-07-16T19:09:39.218+0000] {processor.py:161} INFO - Started process (PID=905) to work on /home/airflow/.local/lib/python3.12/site-packages/airflow/example_dags/example_params_ui_tutorial.py
[2024-07-16T19:09:39.219+0000] {processor.py:830} INFO - Processing file /home/airflow/.local/lib/python3.12/site-packages/airflow/example_dags/example_params_ui_tutorial.py for tasks to queue
[2024-07-16T19:09:39.220+0000] {logging_mixin.py:188} INFO - [2024-07-16T19:09:39.219+0000] {dagbag.py:545} INFO - Filling up the DagBag from /home/airflow/.local/lib/python3.12/site-packages/airflow/example_dags/example_params_ui_tutorial.py
[2024-07-16T19:09:39.234+0000] {processor.py:840} INFO - DAG(s) 'example_params_ui_tutorial' retrieved from /home/airflow/.local/lib/python3.12/site-packages/airflow/example_dags/example_params_ui_tutorial.py
[2024-07-16T19:09:39.288+0000] {logging_mixin.py:188} INFO - [2024-07-16T19:09:39.288+0000] {dag.py:3096} INFO - Sync 1 DAGs
[2024-07-16T19:09:39.299+0000] {logging_mixin.py:188} INFO - [2024-07-16T19:09:39.299+0000] {dag.py:3954} INFO - Setting next_dagrun for example_params_ui_tutorial to None, run_after=None
[2024-07-16T19:09:39.319+0000] {processor.py:183} INFO - Processing /home/airflow/.local/lib/python3.12/site-packages/airflow/example_dags/example_params_ui_tutorial.py took 0.108 seconds
[2024-07-16T19:10:09.502+0000] {processor.py:161} INFO - Started process (PID=965) to work on /home/airflow/.local/lib/python3.12/site-packages/airflow/example_dags/example_params_ui_tutorial.py
[2024-07-16T19:10:09.503+0000] {processor.py:830} INFO - Processing file /home/airflow/.local/lib/python3.12/site-packages/airflow/example_dags/example_params_ui_tutorial.py for tasks to queue
[2024-07-16T19:10:09.504+0000] {logging_mixin.py:188} INFO - [2024-07-16T19:10:09.503+0000] {dagbag.py:545} INFO - Filling up the DagBag from /home/airflow/.local/lib/python3.12/site-packages/airflow/example_dags/example_params_ui_tutorial.py
[2024-07-16T19:10:09.561+0000] {processor.py:840} INFO - DAG(s) 'example_params_ui_tutorial' retrieved from /home/airflow/.local/lib/python3.12/site-packages/airflow/example_dags/example_params_ui_tutorial.py
[2024-07-16T19:10:09.638+0000] {logging_mixin.py:188} INFO - [2024-07-16T19:10:09.638+0000] {dag.py:3096} INFO - Sync 1 DAGs
[2024-07-16T19:10:09.653+0000] {logging_mixin.py:188} INFO - [2024-07-16T19:10:09.653+0000] {dag.py:3954} INFO - Setting next_dagrun for example_params_ui_tutorial to None, run_after=None
[2024-07-16T19:10:09.677+0000] {processor.py:183} INFO - Processing /home/airflow/.local/lib/python3.12/site-packages/airflow/example_dags/example_params_ui_tutorial.py took 0.182 seconds
[2024-07-16T19:10:40.011+0000] {processor.py:161} INFO - Started process (PID=1023) to work on /home/airflow/.local/lib/python3.12/site-packages/airflow/example_dags/example_params_ui_tutorial.py
[2024-07-16T19:10:40.021+0000] {processor.py:830} INFO - Processing file /home/airflow/.local/lib/python3.12/site-packages/airflow/example_dags/example_params_ui_tutorial.py for tasks to queue
[2024-07-16T19:10:40.022+0000] {logging_mixin.py:188} INFO - [2024-07-16T19:10:40.021+0000] {dagbag.py:545} INFO - Filling up the DagBag from /home/airflow/.local/lib/python3.12/site-packages/airflow/example_dags/example_params_ui_tutorial.py
[2024-07-16T19:10:40.066+0000] {processor.py:840} INFO - DAG(s) 'example_params_ui_tutorial' retrieved from /home/airflow/.local/lib/python3.12/site-packages/airflow/example_dags/example_params_ui_tutorial.py
[2024-07-16T19:10:40.223+0000] {logging_mixin.py:188} INFO - [2024-07-16T19:10:40.223+0000] {dag.py:3096} INFO - Sync 1 DAGs
[2024-07-16T19:10:40.242+0000] {logging_mixin.py:188} INFO - [2024-07-16T19:10:40.241+0000] {dag.py:3954} INFO - Setting next_dagrun for example_params_ui_tutorial to None, run_after=None
[2024-07-16T19:10:40.282+0000] {processor.py:183} INFO - Processing /home/airflow/.local/lib/python3.12/site-packages/airflow/example_dags/example_params_ui_tutorial.py took 0.278 seconds
[2024-07-16T19:11:10.918+0000] {processor.py:161} INFO - Started process (PID=1085) to work on /home/airflow/.local/lib/python3.12/site-packages/airflow/example_dags/example_params_ui_tutorial.py
[2024-07-16T19:11:10.919+0000] {processor.py:830} INFO - Processing file /home/airflow/.local/lib/python3.12/site-packages/airflow/example_dags/example_params_ui_tutorial.py for tasks to queue
[2024-07-16T19:11:10.920+0000] {logging_mixin.py:188} INFO - [2024-07-16T19:11:10.920+0000] {dagbag.py:545} INFO - Filling up the DagBag from /home/airflow/.local/lib/python3.12/site-packages/airflow/example_dags/example_params_ui_tutorial.py
[2024-07-16T19:11:10.946+0000] {processor.py:840} INFO - DAG(s) 'example_params_ui_tutorial' retrieved from /home/airflow/.local/lib/python3.12/site-packages/airflow/example_dags/example_params_ui_tutorial.py
[2024-07-16T19:11:11.082+0000] {logging_mixin.py:188} INFO - [2024-07-16T19:11:11.081+0000] {dag.py:3096} INFO - Sync 1 DAGs
[2024-07-16T19:11:11.111+0000] {logging_mixin.py:188} INFO - [2024-07-16T19:11:11.111+0000] {dag.py:3954} INFO - Setting next_dagrun for example_params_ui_tutorial to None, run_after=None
[2024-07-16T19:11:11.161+0000] {processor.py:183} INFO - Processing /home/airflow/.local/lib/python3.12/site-packages/airflow/example_dags/example_params_ui_tutorial.py took 0.249 seconds
[2024-07-16T19:11:41.665+0000] {processor.py:161} INFO - Started process (PID=1144) to work on /home/airflow/.local/lib/python3.12/site-packages/airflow/example_dags/example_params_ui_tutorial.py
[2024-07-16T19:11:41.666+0000] {processor.py:830} INFO - Processing file /home/airflow/.local/lib/python3.12/site-packages/airflow/example_dags/example_params_ui_tutorial.py for tasks to queue
[2024-07-16T19:11:41.667+0000] {logging_mixin.py:188} INFO - [2024-07-16T19:11:41.667+0000] {dagbag.py:545} INFO - Filling up the DagBag from /home/airflow/.local/lib/python3.12/site-packages/airflow/example_dags/example_params_ui_tutorial.py
[2024-07-16T19:11:41.680+0000] {processor.py:840} INFO - DAG(s) 'example_params_ui_tutorial' retrieved from /home/airflow/.local/lib/python3.12/site-packages/airflow/example_dags/example_params_ui_tutorial.py
[2024-07-16T19:11:41.823+0000] {logging_mixin.py:188} INFO - [2024-07-16T19:11:41.823+0000] {dag.py:3096} INFO - Sync 1 DAGs
[2024-07-16T19:11:41.868+0000] {logging_mixin.py:188} INFO - [2024-07-16T19:11:41.868+0000] {dag.py:3954} INFO - Setting next_dagrun for example_params_ui_tutorial to None, run_after=None
[2024-07-16T19:11:41.922+0000] {processor.py:183} INFO - Processing /home/airflow/.local/lib/python3.12/site-packages/airflow/example_dags/example_params_ui_tutorial.py took 0.264 seconds
[2024-07-16T19:12:12.372+0000] {processor.py:161} INFO - Started process (PID=1203) to work on /home/airflow/.local/lib/python3.12/site-packages/airflow/example_dags/example_params_ui_tutorial.py
[2024-07-16T19:12:12.373+0000] {processor.py:830} INFO - Processing file /home/airflow/.local/lib/python3.12/site-packages/airflow/example_dags/example_params_ui_tutorial.py for tasks to queue
[2024-07-16T19:12:12.374+0000] {logging_mixin.py:188} INFO - [2024-07-16T19:12:12.374+0000] {dagbag.py:545} INFO - Filling up the DagBag from /home/airflow/.local/lib/python3.12/site-packages/airflow/example_dags/example_params_ui_tutorial.py
[2024-07-16T19:12:12.391+0000] {processor.py:840} INFO - DAG(s) 'example_params_ui_tutorial' retrieved from /home/airflow/.local/lib/python3.12/site-packages/airflow/example_dags/example_params_ui_tutorial.py
[2024-07-16T19:12:12.469+0000] {logging_mixin.py:188} INFO - [2024-07-16T19:12:12.469+0000] {dag.py:3096} INFO - Sync 1 DAGs
[2024-07-16T19:12:12.484+0000] {logging_mixin.py:188} INFO - [2024-07-16T19:12:12.484+0000] {dag.py:3954} INFO - Setting next_dagrun for example_params_ui_tutorial to None, run_after=None
[2024-07-16T19:12:12.509+0000] {processor.py:183} INFO - Processing /home/airflow/.local/lib/python3.12/site-packages/airflow/example_dags/example_params_ui_tutorial.py took 0.148 seconds
[2024-07-16T19:12:42.818+0000] {processor.py:161} INFO - Started process (PID=1263) to work on /home/airflow/.local/lib/python3.12/site-packages/airflow/example_dags/example_params_ui_tutorial.py
[2024-07-16T19:12:42.820+0000] {processor.py:830} INFO - Processing file /home/airflow/.local/lib/python3.12/site-packages/airflow/example_dags/example_params_ui_tutorial.py for tasks to queue
[2024-07-16T19:12:42.821+0000] {logging_mixin.py:188} INFO - [2024-07-16T19:12:42.820+0000] {dagbag.py:545} INFO - Filling up the DagBag from /home/airflow/.local/lib/python3.12/site-packages/airflow/example_dags/example_params_ui_tutorial.py
[2024-07-16T19:12:42.834+0000] {processor.py:840} INFO - DAG(s) 'example_params_ui_tutorial' retrieved from /home/airflow/.local/lib/python3.12/site-packages/airflow/example_dags/example_params_ui_tutorial.py
[2024-07-16T19:12:42.909+0000] {logging_mixin.py:188} INFO - [2024-07-16T19:12:42.909+0000] {dag.py:3096} INFO - Sync 1 DAGs
[2024-07-16T19:12:42.924+0000] {logging_mixin.py:188} INFO - [2024-07-16T19:12:42.924+0000] {dag.py:3954} INFO - Setting next_dagrun for example_params_ui_tutorial to None, run_after=None
[2024-07-16T19:12:42.948+0000] {processor.py:183} INFO - Processing /home/airflow/.local/lib/python3.12/site-packages/airflow/example_dags/example_params_ui_tutorial.py took 0.137 seconds
[2024-07-16T19:13:13.016+0000] {processor.py:161} INFO - Started process (PID=1325) to work on /home/airflow/.local/lib/python3.12/site-packages/airflow/example_dags/example_params_ui_tutorial.py
[2024-07-16T19:13:13.017+0000] {processor.py:830} INFO - Processing file /home/airflow/.local/lib/python3.12/site-packages/airflow/example_dags/example_params_ui_tutorial.py for tasks to queue
[2024-07-16T19:13:13.018+0000] {logging_mixin.py:188} INFO - [2024-07-16T19:13:13.018+0000] {dagbag.py:545} INFO - Filling up the DagBag from /home/airflow/.local/lib/python3.12/site-packages/airflow/example_dags/example_params_ui_tutorial.py
[2024-07-16T19:13:13.031+0000] {processor.py:840} INFO - DAG(s) 'example_params_ui_tutorial' retrieved from /home/airflow/.local/lib/python3.12/site-packages/airflow/example_dags/example_params_ui_tutorial.py
[2024-07-16T19:13:13.111+0000] {logging_mixin.py:188} INFO - [2024-07-16T19:13:13.111+0000] {dag.py:3096} INFO - Sync 1 DAGs
[2024-07-16T19:13:13.127+0000] {logging_mixin.py:188} INFO - [2024-07-16T19:13:13.126+0000] {dag.py:3954} INFO - Setting next_dagrun for example_params_ui_tutorial to None, run_after=None
[2024-07-16T19:13:13.150+0000] {processor.py:183} INFO - Processing /home/airflow/.local/lib/python3.12/site-packages/airflow/example_dags/example_params_ui_tutorial.py took 0.142 seconds
[2024-07-16T19:13:43.291+0000] {processor.py:161} INFO - Started process (PID=1384) to work on /home/airflow/.local/lib/python3.12/site-packages/airflow/example_dags/example_params_ui_tutorial.py
[2024-07-16T19:13:43.292+0000] {processor.py:830} INFO - Processing file /home/airflow/.local/lib/python3.12/site-packages/airflow/example_dags/example_params_ui_tutorial.py for tasks to queue
[2024-07-16T19:13:43.293+0000] {logging_mixin.py:188} INFO - [2024-07-16T19:13:43.293+0000] {dagbag.py:545} INFO - Filling up the DagBag from /home/airflow/.local/lib/python3.12/site-packages/airflow/example_dags/example_params_ui_tutorial.py
[2024-07-16T19:13:43.307+0000] {processor.py:840} INFO - DAG(s) 'example_params_ui_tutorial' retrieved from /home/airflow/.local/lib/python3.12/site-packages/airflow/example_dags/example_params_ui_tutorial.py
[2024-07-16T19:13:43.422+0000] {logging_mixin.py:188} INFO - [2024-07-16T19:13:43.421+0000] {dag.py:3096} INFO - Sync 1 DAGs
[2024-07-16T19:13:43.444+0000] {logging_mixin.py:188} INFO - [2024-07-16T19:13:43.443+0000] {dag.py:3954} INFO - Setting next_dagrun for example_params_ui_tutorial to None, run_after=None
[2024-07-16T19:13:43.498+0000] {processor.py:183} INFO - Processing /home/airflow/.local/lib/python3.12/site-packages/airflow/example_dags/example_params_ui_tutorial.py took 0.213 seconds
[2024-07-16T19:14:13.704+0000] {processor.py:161} INFO - Started process (PID=1444) to work on /home/airflow/.local/lib/python3.12/site-packages/airflow/example_dags/example_params_ui_tutorial.py
[2024-07-16T19:14:13.712+0000] {processor.py:830} INFO - Processing file /home/airflow/.local/lib/python3.12/site-packages/airflow/example_dags/example_params_ui_tutorial.py for tasks to queue
[2024-07-16T19:14:13.715+0000] {logging_mixin.py:188} INFO - [2024-07-16T19:14:13.715+0000] {dagbag.py:545} INFO - Filling up the DagBag from /home/airflow/.local/lib/python3.12/site-packages/airflow/example_dags/example_params_ui_tutorial.py
[2024-07-16T19:14:13.753+0000] {processor.py:840} INFO - DAG(s) 'example_params_ui_tutorial' retrieved from /home/airflow/.local/lib/python3.12/site-packages/airflow/example_dags/example_params_ui_tutorial.py
[2024-07-16T19:14:13.865+0000] {logging_mixin.py:188} INFO - [2024-07-16T19:14:13.865+0000] {dag.py:3096} INFO - Sync 1 DAGs
[2024-07-16T19:14:13.890+0000] {logging_mixin.py:188} INFO - [2024-07-16T19:14:13.890+0000] {dag.py:3954} INFO - Setting next_dagrun for example_params_ui_tutorial to None, run_after=None
[2024-07-16T19:14:13.920+0000] {processor.py:183} INFO - Processing /home/airflow/.local/lib/python3.12/site-packages/airflow/example_dags/example_params_ui_tutorial.py took 0.238 seconds
[2024-07-16T19:14:44.292+0000] {processor.py:161} INFO - Started process (PID=1503) to work on /home/airflow/.local/lib/python3.12/site-packages/airflow/example_dags/example_params_ui_tutorial.py
[2024-07-16T19:14:44.293+0000] {processor.py:830} INFO - Processing file /home/airflow/.local/lib/python3.12/site-packages/airflow/example_dags/example_params_ui_tutorial.py for tasks to queue
[2024-07-16T19:14:44.294+0000] {logging_mixin.py:188} INFO - [2024-07-16T19:14:44.293+0000] {dagbag.py:545} INFO - Filling up the DagBag from /home/airflow/.local/lib/python3.12/site-packages/airflow/example_dags/example_params_ui_tutorial.py
[2024-07-16T19:14:44.307+0000] {processor.py:840} INFO - DAG(s) 'example_params_ui_tutorial' retrieved from /home/airflow/.local/lib/python3.12/site-packages/airflow/example_dags/example_params_ui_tutorial.py
[2024-07-16T19:14:44.404+0000] {logging_mixin.py:188} INFO - [2024-07-16T19:14:44.404+0000] {dag.py:3096} INFO - Sync 1 DAGs
[2024-07-16T19:14:44.429+0000] {logging_mixin.py:188} INFO - [2024-07-16T19:14:44.429+0000] {dag.py:3954} INFO - Setting next_dagrun for example_params_ui_tutorial to None, run_after=None
[2024-07-16T19:14:44.471+0000] {processor.py:183} INFO - Processing /home/airflow/.local/lib/python3.12/site-packages/airflow/example_dags/example_params_ui_tutorial.py took 0.185 seconds
[2024-07-16T19:15:14.635+0000] {processor.py:161} INFO - Started process (PID=1562) to work on /home/airflow/.local/lib/python3.12/site-packages/airflow/example_dags/example_params_ui_tutorial.py
[2024-07-16T19:15:14.636+0000] {processor.py:830} INFO - Processing file /home/airflow/.local/lib/python3.12/site-packages/airflow/example_dags/example_params_ui_tutorial.py for tasks to queue
[2024-07-16T19:15:14.637+0000] {logging_mixin.py:188} INFO - [2024-07-16T19:15:14.636+0000] {dagbag.py:545} INFO - Filling up the DagBag from /home/airflow/.local/lib/python3.12/site-packages/airflow/example_dags/example_params_ui_tutorial.py
[2024-07-16T19:15:14.651+0000] {processor.py:840} INFO - DAG(s) 'example_params_ui_tutorial' retrieved from /home/airflow/.local/lib/python3.12/site-packages/airflow/example_dags/example_params_ui_tutorial.py
[2024-07-16T19:15:14.726+0000] {logging_mixin.py:188} INFO - [2024-07-16T19:15:14.726+0000] {dag.py:3096} INFO - Sync 1 DAGs
[2024-07-16T19:15:14.742+0000] {logging_mixin.py:188} INFO - [2024-07-16T19:15:14.741+0000] {dag.py:3954} INFO - Setting next_dagrun for example_params_ui_tutorial to None, run_after=None
[2024-07-16T19:15:14.766+0000] {processor.py:183} INFO - Processing /home/airflow/.local/lib/python3.12/site-packages/airflow/example_dags/example_params_ui_tutorial.py took 0.138 seconds
[2024-07-16T19:19:16.495+0000] {processor.py:161} INFO - Started process (PID=61) to work on /home/airflow/.local/lib/python3.12/site-packages/airflow/example_dags/example_params_ui_tutorial.py
[2024-07-16T19:19:16.497+0000] {processor.py:830} INFO - Processing file /home/airflow/.local/lib/python3.12/site-packages/airflow/example_dags/example_params_ui_tutorial.py for tasks to queue
[2024-07-16T19:19:16.500+0000] {logging_mixin.py:188} INFO - [2024-07-16T19:19:16.499+0000] {dagbag.py:545} INFO - Filling up the DagBag from /home/airflow/.local/lib/python3.12/site-packages/airflow/example_dags/example_params_ui_tutorial.py
[2024-07-16T19:19:16.538+0000] {processor.py:840} INFO - DAG(s) 'example_params_ui_tutorial' retrieved from /home/airflow/.local/lib/python3.12/site-packages/airflow/example_dags/example_params_ui_tutorial.py
[2024-07-16T19:19:17.174+0000] {logging_mixin.py:188} INFO - [2024-07-16T19:19:17.173+0000] {dag.py:3096} INFO - Sync 1 DAGs
[2024-07-16T19:19:17.212+0000] {logging_mixin.py:188} INFO - [2024-07-16T19:19:17.211+0000] {dag.py:3954} INFO - Setting next_dagrun for example_params_ui_tutorial to None, run_after=None
[2024-07-16T19:19:17.285+0000] {processor.py:183} INFO - Processing /home/airflow/.local/lib/python3.12/site-packages/airflow/example_dags/example_params_ui_tutorial.py took 0.807 seconds
[2024-07-16T19:19:47.799+0000] {processor.py:161} INFO - Started process (PID=121) to work on /home/airflow/.local/lib/python3.12/site-packages/airflow/example_dags/example_params_ui_tutorial.py
[2024-07-16T19:19:47.800+0000] {processor.py:830} INFO - Processing file /home/airflow/.local/lib/python3.12/site-packages/airflow/example_dags/example_params_ui_tutorial.py for tasks to queue
[2024-07-16T19:19:47.802+0000] {logging_mixin.py:188} INFO - [2024-07-16T19:19:47.801+0000] {dagbag.py:545} INFO - Filling up the DagBag from /home/airflow/.local/lib/python3.12/site-packages/airflow/example_dags/example_params_ui_tutorial.py
[2024-07-16T19:19:47.815+0000] {processor.py:840} INFO - DAG(s) 'example_params_ui_tutorial' retrieved from /home/airflow/.local/lib/python3.12/site-packages/airflow/example_dags/example_params_ui_tutorial.py
[2024-07-16T19:19:47.893+0000] {logging_mixin.py:188} INFO - [2024-07-16T19:19:47.893+0000] {dag.py:3096} INFO - Sync 1 DAGs
[2024-07-16T19:19:47.905+0000] {logging_mixin.py:188} INFO - [2024-07-16T19:19:47.904+0000] {dag.py:3954} INFO - Setting next_dagrun for example_params_ui_tutorial to None, run_after=None
[2024-07-16T19:19:47.924+0000] {processor.py:183} INFO - Processing /home/airflow/.local/lib/python3.12/site-packages/airflow/example_dags/example_params_ui_tutorial.py took 0.131 seconds
[2024-07-16T19:20:18.008+0000] {processor.py:161} INFO - Started process (PID=180) to work on /home/airflow/.local/lib/python3.12/site-packages/airflow/example_dags/example_params_ui_tutorial.py
[2024-07-16T19:20:18.009+0000] {processor.py:830} INFO - Processing file /home/airflow/.local/lib/python3.12/site-packages/airflow/example_dags/example_params_ui_tutorial.py for tasks to queue
[2024-07-16T19:20:18.011+0000] {logging_mixin.py:188} INFO - [2024-07-16T19:20:18.010+0000] {dagbag.py:545} INFO - Filling up the DagBag from /home/airflow/.local/lib/python3.12/site-packages/airflow/example_dags/example_params_ui_tutorial.py
[2024-07-16T19:20:18.024+0000] {processor.py:840} INFO - DAG(s) 'example_params_ui_tutorial' retrieved from /home/airflow/.local/lib/python3.12/site-packages/airflow/example_dags/example_params_ui_tutorial.py
[2024-07-16T19:20:18.122+0000] {logging_mixin.py:188} INFO - [2024-07-16T19:20:18.122+0000] {dag.py:3096} INFO - Sync 1 DAGs
[2024-07-16T19:20:18.152+0000] {logging_mixin.py:188} INFO - [2024-07-16T19:20:18.152+0000] {dag.py:3954} INFO - Setting next_dagrun for example_params_ui_tutorial to None, run_after=None
[2024-07-16T19:20:18.186+0000] {processor.py:183} INFO - Processing /home/airflow/.local/lib/python3.12/site-packages/airflow/example_dags/example_params_ui_tutorial.py took 0.184 seconds
[2024-07-16T19:20:48.424+0000] {processor.py:161} INFO - Started process (PID=238) to work on /home/airflow/.local/lib/python3.12/site-packages/airflow/example_dags/example_params_ui_tutorial.py
[2024-07-16T19:20:48.425+0000] {processor.py:830} INFO - Processing file /home/airflow/.local/lib/python3.12/site-packages/airflow/example_dags/example_params_ui_tutorial.py for tasks to queue
[2024-07-16T19:20:48.426+0000] {logging_mixin.py:188} INFO - [2024-07-16T19:20:48.426+0000] {dagbag.py:545} INFO - Filling up the DagBag from /home/airflow/.local/lib/python3.12/site-packages/airflow/example_dags/example_params_ui_tutorial.py
[2024-07-16T19:20:48.440+0000] {processor.py:840} INFO - DAG(s) 'example_params_ui_tutorial' retrieved from /home/airflow/.local/lib/python3.12/site-packages/airflow/example_dags/example_params_ui_tutorial.py
[2024-07-16T19:20:48.518+0000] {logging_mixin.py:188} INFO - [2024-07-16T19:20:48.518+0000] {dag.py:3096} INFO - Sync 1 DAGs
[2024-07-16T19:20:48.538+0000] {logging_mixin.py:188} INFO - [2024-07-16T19:20:48.537+0000] {dag.py:3954} INFO - Setting next_dagrun for example_params_ui_tutorial to None, run_after=None
[2024-07-16T19:20:48.561+0000] {processor.py:183} INFO - Processing /home/airflow/.local/lib/python3.12/site-packages/airflow/example_dags/example_params_ui_tutorial.py took 0.143 seconds
[2024-07-16T19:21:19.032+0000] {processor.py:161} INFO - Started process (PID=297) to work on /home/airflow/.local/lib/python3.12/site-packages/airflow/example_dags/example_params_ui_tutorial.py
[2024-07-16T19:21:19.033+0000] {processor.py:830} INFO - Processing file /home/airflow/.local/lib/python3.12/site-packages/airflow/example_dags/example_params_ui_tutorial.py for tasks to queue
[2024-07-16T19:21:19.034+0000] {logging_mixin.py:188} INFO - [2024-07-16T19:21:19.034+0000] {dagbag.py:545} INFO - Filling up the DagBag from /home/airflow/.local/lib/python3.12/site-packages/airflow/example_dags/example_params_ui_tutorial.py
[2024-07-16T19:21:19.047+0000] {processor.py:840} INFO - DAG(s) 'example_params_ui_tutorial' retrieved from /home/airflow/.local/lib/python3.12/site-packages/airflow/example_dags/example_params_ui_tutorial.py
[2024-07-16T19:21:19.124+0000] {logging_mixin.py:188} INFO - [2024-07-16T19:21:19.124+0000] {dag.py:3096} INFO - Sync 1 DAGs
[2024-07-16T19:21:19.137+0000] {logging_mixin.py:188} INFO - [2024-07-16T19:21:19.137+0000] {dag.py:3954} INFO - Setting next_dagrun for example_params_ui_tutorial to None, run_after=None
[2024-07-16T19:21:19.156+0000] {processor.py:183} INFO - Processing /home/airflow/.local/lib/python3.12/site-packages/airflow/example_dags/example_params_ui_tutorial.py took 0.130 seconds
[2024-07-16T19:21:49.566+0000] {processor.py:161} INFO - Started process (PID=356) to work on /home/airflow/.local/lib/python3.12/site-packages/airflow/example_dags/example_params_ui_tutorial.py
[2024-07-16T19:21:49.569+0000] {processor.py:830} INFO - Processing file /home/airflow/.local/lib/python3.12/site-packages/airflow/example_dags/example_params_ui_tutorial.py for tasks to queue
[2024-07-16T19:21:49.578+0000] {logging_mixin.py:188} INFO - [2024-07-16T19:21:49.577+0000] {dagbag.py:545} INFO - Filling up the DagBag from /home/airflow/.local/lib/python3.12/site-packages/airflow/example_dags/example_params_ui_tutorial.py
[2024-07-16T19:21:49.612+0000] {processor.py:840} INFO - DAG(s) 'example_params_ui_tutorial' retrieved from /home/airflow/.local/lib/python3.12/site-packages/airflow/example_dags/example_params_ui_tutorial.py
[2024-07-16T19:21:49.898+0000] {logging_mixin.py:188} INFO - [2024-07-16T19:21:49.897+0000] {dag.py:3096} INFO - Sync 1 DAGs
[2024-07-16T19:21:49.939+0000] {logging_mixin.py:188} INFO - [2024-07-16T19:21:49.938+0000] {dag.py:3954} INFO - Setting next_dagrun for example_params_ui_tutorial to None, run_after=None
[2024-07-16T19:21:49.971+0000] {processor.py:183} INFO - Processing /home/airflow/.local/lib/python3.12/site-packages/airflow/example_dags/example_params_ui_tutorial.py took 0.416 seconds
[2024-07-16T19:22:20.773+0000] {processor.py:161} INFO - Started process (PID=416) to work on /home/airflow/.local/lib/python3.12/site-packages/airflow/example_dags/example_params_ui_tutorial.py
[2024-07-16T19:22:20.774+0000] {processor.py:830} INFO - Processing file /home/airflow/.local/lib/python3.12/site-packages/airflow/example_dags/example_params_ui_tutorial.py for tasks to queue
[2024-07-16T19:22:20.776+0000] {logging_mixin.py:188} INFO - [2024-07-16T19:22:20.776+0000] {dagbag.py:545} INFO - Filling up the DagBag from /home/airflow/.local/lib/python3.12/site-packages/airflow/example_dags/example_params_ui_tutorial.py
[2024-07-16T19:22:20.789+0000] {processor.py:840} INFO - DAG(s) 'example_params_ui_tutorial' retrieved from /home/airflow/.local/lib/python3.12/site-packages/airflow/example_dags/example_params_ui_tutorial.py
[2024-07-16T19:22:20.870+0000] {logging_mixin.py:188} INFO - [2024-07-16T19:22:20.869+0000] {dag.py:3096} INFO - Sync 1 DAGs
[2024-07-16T19:22:20.885+0000] {logging_mixin.py:188} INFO - [2024-07-16T19:22:20.885+0000] {dag.py:3954} INFO - Setting next_dagrun for example_params_ui_tutorial to None, run_after=None
[2024-07-16T19:22:20.907+0000] {processor.py:183} INFO - Processing /home/airflow/.local/lib/python3.12/site-packages/airflow/example_dags/example_params_ui_tutorial.py took 0.139 seconds
[2024-07-16T19:22:50.969+0000] {processor.py:161} INFO - Started process (PID=479) to work on /home/airflow/.local/lib/python3.12/site-packages/airflow/example_dags/example_params_ui_tutorial.py
[2024-07-16T19:22:50.970+0000] {processor.py:830} INFO - Processing file /home/airflow/.local/lib/python3.12/site-packages/airflow/example_dags/example_params_ui_tutorial.py for tasks to queue
[2024-07-16T19:22:50.972+0000] {logging_mixin.py:188} INFO - [2024-07-16T19:22:50.972+0000] {dagbag.py:545} INFO - Filling up the DagBag from /home/airflow/.local/lib/python3.12/site-packages/airflow/example_dags/example_params_ui_tutorial.py
[2024-07-16T19:22:50.986+0000] {processor.py:840} INFO - DAG(s) 'example_params_ui_tutorial' retrieved from /home/airflow/.local/lib/python3.12/site-packages/airflow/example_dags/example_params_ui_tutorial.py
[2024-07-16T19:22:51.063+0000] {logging_mixin.py:188} INFO - [2024-07-16T19:22:51.063+0000] {dag.py:3096} INFO - Sync 1 DAGs
[2024-07-16T19:22:51.079+0000] {logging_mixin.py:188} INFO - [2024-07-16T19:22:51.078+0000] {dag.py:3954} INFO - Setting next_dagrun for example_params_ui_tutorial to None, run_after=None
[2024-07-16T19:22:51.122+0000] {processor.py:183} INFO - Processing /home/airflow/.local/lib/python3.12/site-packages/airflow/example_dags/example_params_ui_tutorial.py took 0.160 seconds
[2024-07-16T19:23:21.226+0000] {processor.py:161} INFO - Started process (PID=539) to work on /home/airflow/.local/lib/python3.12/site-packages/airflow/example_dags/example_params_ui_tutorial.py
[2024-07-16T19:23:21.227+0000] {processor.py:830} INFO - Processing file /home/airflow/.local/lib/python3.12/site-packages/airflow/example_dags/example_params_ui_tutorial.py for tasks to queue
[2024-07-16T19:23:21.229+0000] {logging_mixin.py:188} INFO - [2024-07-16T19:23:21.229+0000] {dagbag.py:545} INFO - Filling up the DagBag from /home/airflow/.local/lib/python3.12/site-packages/airflow/example_dags/example_params_ui_tutorial.py
[2024-07-16T19:23:21.242+0000] {processor.py:840} INFO - DAG(s) 'example_params_ui_tutorial' retrieved from /home/airflow/.local/lib/python3.12/site-packages/airflow/example_dags/example_params_ui_tutorial.py
[2024-07-16T19:23:21.317+0000] {logging_mixin.py:188} INFO - [2024-07-16T19:23:21.314+0000] {dag.py:3096} INFO - Sync 1 DAGs
[2024-07-16T19:23:21.331+0000] {logging_mixin.py:188} INFO - [2024-07-16T19:23:21.331+0000] {dag.py:3954} INFO - Setting next_dagrun for example_params_ui_tutorial to None, run_after=None
[2024-07-16T19:23:21.350+0000] {processor.py:183} INFO - Processing /home/airflow/.local/lib/python3.12/site-packages/airflow/example_dags/example_params_ui_tutorial.py took 0.130 seconds
[2024-07-16T19:23:51.416+0000] {processor.py:161} INFO - Started process (PID=598) to work on /home/airflow/.local/lib/python3.12/site-packages/airflow/example_dags/example_params_ui_tutorial.py
[2024-07-16T19:23:51.417+0000] {processor.py:830} INFO - Processing file /home/airflow/.local/lib/python3.12/site-packages/airflow/example_dags/example_params_ui_tutorial.py for tasks to queue
[2024-07-16T19:23:51.419+0000] {logging_mixin.py:188} INFO - [2024-07-16T19:23:51.418+0000] {dagbag.py:545} INFO - Filling up the DagBag from /home/airflow/.local/lib/python3.12/site-packages/airflow/example_dags/example_params_ui_tutorial.py
[2024-07-16T19:23:51.432+0000] {processor.py:840} INFO - DAG(s) 'example_params_ui_tutorial' retrieved from /home/airflow/.local/lib/python3.12/site-packages/airflow/example_dags/example_params_ui_tutorial.py
[2024-07-16T19:23:51.517+0000] {logging_mixin.py:188} INFO - [2024-07-16T19:23:51.517+0000] {dag.py:3096} INFO - Sync 1 DAGs
[2024-07-16T19:23:51.528+0000] {logging_mixin.py:188} INFO - [2024-07-16T19:23:51.528+0000] {dag.py:3954} INFO - Setting next_dagrun for example_params_ui_tutorial to None, run_after=None
[2024-07-16T19:23:51.547+0000] {processor.py:183} INFO - Processing /home/airflow/.local/lib/python3.12/site-packages/airflow/example_dags/example_params_ui_tutorial.py took 0.137 seconds
[2024-07-16T19:24:22.094+0000] {processor.py:161} INFO - Started process (PID=657) to work on /home/airflow/.local/lib/python3.12/site-packages/airflow/example_dags/example_params_ui_tutorial.py
[2024-07-16T19:24:22.094+0000] {processor.py:830} INFO - Processing file /home/airflow/.local/lib/python3.12/site-packages/airflow/example_dags/example_params_ui_tutorial.py for tasks to queue
[2024-07-16T19:24:22.095+0000] {logging_mixin.py:188} INFO - [2024-07-16T19:24:22.095+0000] {dagbag.py:545} INFO - Filling up the DagBag from /home/airflow/.local/lib/python3.12/site-packages/airflow/example_dags/example_params_ui_tutorial.py
[2024-07-16T19:24:22.109+0000] {processor.py:840} INFO - DAG(s) 'example_params_ui_tutorial' retrieved from /home/airflow/.local/lib/python3.12/site-packages/airflow/example_dags/example_params_ui_tutorial.py
[2024-07-16T19:24:22.188+0000] {logging_mixin.py:188} INFO - [2024-07-16T19:24:22.187+0000] {dag.py:3096} INFO - Sync 1 DAGs
[2024-07-16T19:24:22.201+0000] {logging_mixin.py:188} INFO - [2024-07-16T19:24:22.201+0000] {dag.py:3954} INFO - Setting next_dagrun for example_params_ui_tutorial to None, run_after=None
[2024-07-16T19:24:22.223+0000] {processor.py:183} INFO - Processing /home/airflow/.local/lib/python3.12/site-packages/airflow/example_dags/example_params_ui_tutorial.py took 0.136 seconds
[2024-07-16T19:24:53.065+0000] {processor.py:161} INFO - Started process (PID=716) to work on /home/airflow/.local/lib/python3.12/site-packages/airflow/example_dags/example_params_ui_tutorial.py
[2024-07-16T19:24:53.066+0000] {processor.py:830} INFO - Processing file /home/airflow/.local/lib/python3.12/site-packages/airflow/example_dags/example_params_ui_tutorial.py for tasks to queue
[2024-07-16T19:24:53.066+0000] {logging_mixin.py:188} INFO - [2024-07-16T19:24:53.066+0000] {dagbag.py:545} INFO - Filling up the DagBag from /home/airflow/.local/lib/python3.12/site-packages/airflow/example_dags/example_params_ui_tutorial.py
[2024-07-16T19:24:53.080+0000] {processor.py:840} INFO - DAG(s) 'example_params_ui_tutorial' retrieved from /home/airflow/.local/lib/python3.12/site-packages/airflow/example_dags/example_params_ui_tutorial.py
[2024-07-16T19:24:53.159+0000] {logging_mixin.py:188} INFO - [2024-07-16T19:24:53.158+0000] {dag.py:3096} INFO - Sync 1 DAGs
[2024-07-16T19:24:53.174+0000] {logging_mixin.py:188} INFO - [2024-07-16T19:24:53.173+0000] {dag.py:3954} INFO - Setting next_dagrun for example_params_ui_tutorial to None, run_after=None
[2024-07-16T19:24:53.195+0000] {processor.py:183} INFO - Processing /home/airflow/.local/lib/python3.12/site-packages/airflow/example_dags/example_params_ui_tutorial.py took 0.136 seconds
[2024-07-16T19:25:24.019+0000] {processor.py:161} INFO - Started process (PID=776) to work on /home/airflow/.local/lib/python3.12/site-packages/airflow/example_dags/example_params_ui_tutorial.py
[2024-07-16T19:25:24.019+0000] {processor.py:830} INFO - Processing file /home/airflow/.local/lib/python3.12/site-packages/airflow/example_dags/example_params_ui_tutorial.py for tasks to queue
[2024-07-16T19:25:24.020+0000] {logging_mixin.py:188} INFO - [2024-07-16T19:25:24.020+0000] {dagbag.py:545} INFO - Filling up the DagBag from /home/airflow/.local/lib/python3.12/site-packages/airflow/example_dags/example_params_ui_tutorial.py
[2024-07-16T19:25:24.034+0000] {processor.py:840} INFO - DAG(s) 'example_params_ui_tutorial' retrieved from /home/airflow/.local/lib/python3.12/site-packages/airflow/example_dags/example_params_ui_tutorial.py
[2024-07-16T19:25:24.114+0000] {logging_mixin.py:188} INFO - [2024-07-16T19:25:24.114+0000] {dag.py:3096} INFO - Sync 1 DAGs
[2024-07-16T19:25:24.129+0000] {logging_mixin.py:188} INFO - [2024-07-16T19:25:24.128+0000] {dag.py:3954} INFO - Setting next_dagrun for example_params_ui_tutorial to None, run_after=None
[2024-07-16T19:25:24.147+0000] {processor.py:183} INFO - Processing /home/airflow/.local/lib/python3.12/site-packages/airflow/example_dags/example_params_ui_tutorial.py took 0.135 seconds
[2024-07-16T19:25:54.841+0000] {processor.py:161} INFO - Started process (PID=835) to work on /home/airflow/.local/lib/python3.12/site-packages/airflow/example_dags/example_params_ui_tutorial.py
[2024-07-16T19:25:54.857+0000] {processor.py:830} INFO - Processing file /home/airflow/.local/lib/python3.12/site-packages/airflow/example_dags/example_params_ui_tutorial.py for tasks to queue
[2024-07-16T19:25:54.858+0000] {logging_mixin.py:188} INFO - [2024-07-16T19:25:54.858+0000] {dagbag.py:545} INFO - Filling up the DagBag from /home/airflow/.local/lib/python3.12/site-packages/airflow/example_dags/example_params_ui_tutorial.py
[2024-07-16T19:25:54.890+0000] {processor.py:840} INFO - DAG(s) 'example_params_ui_tutorial' retrieved from /home/airflow/.local/lib/python3.12/site-packages/airflow/example_dags/example_params_ui_tutorial.py
[2024-07-16T19:25:55.039+0000] {logging_mixin.py:188} INFO - [2024-07-16T19:25:55.038+0000] {dag.py:3096} INFO - Sync 1 DAGs
[2024-07-16T19:25:55.056+0000] {logging_mixin.py:188} INFO - [2024-07-16T19:25:55.056+0000] {dag.py:3954} INFO - Setting next_dagrun for example_params_ui_tutorial to None, run_after=None
[2024-07-16T19:25:55.081+0000] {processor.py:183} INFO - Processing /home/airflow/.local/lib/python3.12/site-packages/airflow/example_dags/example_params_ui_tutorial.py took 0.255 seconds
[2024-07-16T19:26:25.318+0000] {processor.py:161} INFO - Started process (PID=895) to work on /home/airflow/.local/lib/python3.12/site-packages/airflow/example_dags/example_params_ui_tutorial.py
[2024-07-16T19:26:25.329+0000] {processor.py:830} INFO - Processing file /home/airflow/.local/lib/python3.12/site-packages/airflow/example_dags/example_params_ui_tutorial.py for tasks to queue
[2024-07-16T19:26:25.330+0000] {logging_mixin.py:188} INFO - [2024-07-16T19:26:25.330+0000] {dagbag.py:545} INFO - Filling up the DagBag from /home/airflow/.local/lib/python3.12/site-packages/airflow/example_dags/example_params_ui_tutorial.py
[2024-07-16T19:26:25.345+0000] {processor.py:840} INFO - DAG(s) 'example_params_ui_tutorial' retrieved from /home/airflow/.local/lib/python3.12/site-packages/airflow/example_dags/example_params_ui_tutorial.py
[2024-07-16T19:26:25.531+0000] {logging_mixin.py:188} INFO - [2024-07-16T19:26:25.530+0000] {dag.py:3096} INFO - Sync 1 DAGs
[2024-07-16T19:26:25.555+0000] {logging_mixin.py:188} INFO - [2024-07-16T19:26:25.555+0000] {dag.py:3954} INFO - Setting next_dagrun for example_params_ui_tutorial to None, run_after=None
[2024-07-16T19:26:25.601+0000] {processor.py:183} INFO - Processing /home/airflow/.local/lib/python3.12/site-packages/airflow/example_dags/example_params_ui_tutorial.py took 0.303 seconds
[2024-07-16T19:26:55.860+0000] {processor.py:161} INFO - Started process (PID=953) to work on /home/airflow/.local/lib/python3.12/site-packages/airflow/example_dags/example_params_ui_tutorial.py
[2024-07-16T19:26:55.861+0000] {processor.py:830} INFO - Processing file /home/airflow/.local/lib/python3.12/site-packages/airflow/example_dags/example_params_ui_tutorial.py for tasks to queue
[2024-07-16T19:26:55.862+0000] {logging_mixin.py:188} INFO - [2024-07-16T19:26:55.861+0000] {dagbag.py:545} INFO - Filling up the DagBag from /home/airflow/.local/lib/python3.12/site-packages/airflow/example_dags/example_params_ui_tutorial.py
[2024-07-16T19:26:55.874+0000] {processor.py:840} INFO - DAG(s) 'example_params_ui_tutorial' retrieved from /home/airflow/.local/lib/python3.12/site-packages/airflow/example_dags/example_params_ui_tutorial.py
[2024-07-16T19:26:55.952+0000] {logging_mixin.py:188} INFO - [2024-07-16T19:26:55.951+0000] {dag.py:3096} INFO - Sync 1 DAGs
[2024-07-16T19:26:55.964+0000] {logging_mixin.py:188} INFO - [2024-07-16T19:26:55.964+0000] {dag.py:3954} INFO - Setting next_dagrun for example_params_ui_tutorial to None, run_after=None
[2024-07-16T19:26:55.988+0000] {processor.py:183} INFO - Processing /home/airflow/.local/lib/python3.12/site-packages/airflow/example_dags/example_params_ui_tutorial.py took 0.135 seconds
