[2024-07-16T19:02:27.209+0000] {processor.py:161} INFO - Started process (PID=57) to work on /home/airflow/.local/lib/python3.12/site-packages/airflow/example_dags/example_sla_dag.py
[2024-07-16T19:02:27.214+0000] {processor.py:830} INFO - Processing file /home/airflow/.local/lib/python3.12/site-packages/airflow/example_dags/example_sla_dag.py for tasks to queue
[2024-07-16T19:02:27.222+0000] {logging_mixin.py:188} INFO - [2024-07-16T19:02:27.221+0000] {dagbag.py:545} INFO - Filling up the DagBag from /home/airflow/.local/lib/python3.12/site-packages/airflow/example_dags/example_sla_dag.py
[2024-07-16T19:02:27.243+0000] {processor.py:840} INFO - DAG(s) 'example_sla_dag' retrieved from /home/airflow/.local/lib/python3.12/site-packages/airflow/example_dags/example_sla_dag.py
[2024-07-16T19:02:27.746+0000] {logging_mixin.py:188} INFO - [2024-07-16T19:02:27.746+0000] {dag.py:3096} INFO - Sync 1 DAGs
[2024-07-16T19:02:27.818+0000] {logging_mixin.py:188} INFO - [2024-07-16T19:02:27.818+0000] {dag.py:3954} INFO - Setting next_dagrun for example_sla_dag to 2024-07-16 19:00:00+00:00, run_after=2024-07-16 19:02:00+00:00
[2024-07-16T19:02:27.889+0000] {processor.py:183} INFO - Processing /home/airflow/.local/lib/python3.12/site-packages/airflow/example_dags/example_sla_dag.py took 0.687 seconds
[2024-07-16T19:02:58.515+0000] {processor.py:161} INFO - Started process (PID=116) to work on /home/airflow/.local/lib/python3.12/site-packages/airflow/example_dags/example_sla_dag.py
[2024-07-16T19:02:58.516+0000] {processor.py:830} INFO - Processing file /home/airflow/.local/lib/python3.12/site-packages/airflow/example_dags/example_sla_dag.py for tasks to queue
[2024-07-16T19:02:58.518+0000] {logging_mixin.py:188} INFO - [2024-07-16T19:02:58.518+0000] {dagbag.py:545} INFO - Filling up the DagBag from /home/airflow/.local/lib/python3.12/site-packages/airflow/example_dags/example_sla_dag.py
[2024-07-16T19:02:58.528+0000] {processor.py:840} INFO - DAG(s) 'example_sla_dag' retrieved from /home/airflow/.local/lib/python3.12/site-packages/airflow/example_dags/example_sla_dag.py
[2024-07-16T19:02:58.550+0000] {logging_mixin.py:188} INFO - [2024-07-16T19:02:58.549+0000] {dag.py:3096} INFO - Sync 1 DAGs
[2024-07-16T19:02:58.581+0000] {logging_mixin.py:188} INFO - [2024-07-16T19:02:58.580+0000] {dag.py:3954} INFO - Setting next_dagrun for example_sla_dag to 2024-07-16 19:00:00+00:00, run_after=2024-07-16 19:02:00+00:00
[2024-07-16T19:02:58.602+0000] {processor.py:183} INFO - Processing /home/airflow/.local/lib/python3.12/site-packages/airflow/example_dags/example_sla_dag.py took 0.098 seconds
[2024-07-16T19:03:29.433+0000] {processor.py:161} INFO - Started process (PID=175) to work on /home/airflow/.local/lib/python3.12/site-packages/airflow/example_dags/example_sla_dag.py
[2024-07-16T19:03:29.434+0000] {processor.py:830} INFO - Processing file /home/airflow/.local/lib/python3.12/site-packages/airflow/example_dags/example_sla_dag.py for tasks to queue
[2024-07-16T19:03:29.436+0000] {logging_mixin.py:188} INFO - [2024-07-16T19:03:29.436+0000] {dagbag.py:545} INFO - Filling up the DagBag from /home/airflow/.local/lib/python3.12/site-packages/airflow/example_dags/example_sla_dag.py
[2024-07-16T19:03:29.450+0000] {processor.py:840} INFO - DAG(s) 'example_sla_dag' retrieved from /home/airflow/.local/lib/python3.12/site-packages/airflow/example_dags/example_sla_dag.py
[2024-07-16T19:03:29.494+0000] {logging_mixin.py:188} INFO - [2024-07-16T19:03:29.494+0000] {dag.py:3096} INFO - Sync 1 DAGs
[2024-07-16T19:03:29.550+0000] {logging_mixin.py:188} INFO - [2024-07-16T19:03:29.550+0000] {dag.py:3954} INFO - Setting next_dagrun for example_sla_dag to 2024-07-16 19:00:00+00:00, run_after=2024-07-16 19:02:00+00:00
[2024-07-16T19:03:29.596+0000] {processor.py:183} INFO - Processing /home/airflow/.local/lib/python3.12/site-packages/airflow/example_dags/example_sla_dag.py took 0.169 seconds
[2024-07-16T19:04:00.151+0000] {processor.py:161} INFO - Started process (PID=234) to work on /home/airflow/.local/lib/python3.12/site-packages/airflow/example_dags/example_sla_dag.py
[2024-07-16T19:04:00.152+0000] {processor.py:830} INFO - Processing file /home/airflow/.local/lib/python3.12/site-packages/airflow/example_dags/example_sla_dag.py for tasks to queue
[2024-07-16T19:04:00.154+0000] {logging_mixin.py:188} INFO - [2024-07-16T19:04:00.154+0000] {dagbag.py:545} INFO - Filling up the DagBag from /home/airflow/.local/lib/python3.12/site-packages/airflow/example_dags/example_sla_dag.py
[2024-07-16T19:04:00.166+0000] {processor.py:840} INFO - DAG(s) 'example_sla_dag' retrieved from /home/airflow/.local/lib/python3.12/site-packages/airflow/example_dags/example_sla_dag.py
[2024-07-16T19:04:00.214+0000] {logging_mixin.py:188} INFO - [2024-07-16T19:04:00.213+0000] {dag.py:3096} INFO - Sync 1 DAGs
[2024-07-16T19:04:00.263+0000] {logging_mixin.py:188} INFO - [2024-07-16T19:04:00.261+0000] {dag.py:3954} INFO - Setting next_dagrun for example_sla_dag to 2024-07-16 19:02:00+00:00, run_after=2024-07-16 19:04:00+00:00
[2024-07-16T19:04:00.299+0000] {processor.py:183} INFO - Processing /home/airflow/.local/lib/python3.12/site-packages/airflow/example_dags/example_sla_dag.py took 0.160 seconds
[2024-07-16T19:04:30.603+0000] {processor.py:161} INFO - Started process (PID=292) to work on /home/airflow/.local/lib/python3.12/site-packages/airflow/example_dags/example_sla_dag.py
[2024-07-16T19:04:30.604+0000] {processor.py:830} INFO - Processing file /home/airflow/.local/lib/python3.12/site-packages/airflow/example_dags/example_sla_dag.py for tasks to queue
[2024-07-16T19:04:30.606+0000] {logging_mixin.py:188} INFO - [2024-07-16T19:04:30.605+0000] {dagbag.py:545} INFO - Filling up the DagBag from /home/airflow/.local/lib/python3.12/site-packages/airflow/example_dags/example_sla_dag.py
[2024-07-16T19:04:30.619+0000] {processor.py:840} INFO - DAG(s) 'example_sla_dag' retrieved from /home/airflow/.local/lib/python3.12/site-packages/airflow/example_dags/example_sla_dag.py
[2024-07-16T19:04:30.641+0000] {logging_mixin.py:188} INFO - [2024-07-16T19:04:30.641+0000] {dag.py:3096} INFO - Sync 1 DAGs
[2024-07-16T19:04:30.674+0000] {logging_mixin.py:188} INFO - [2024-07-16T19:04:30.673+0000] {dag.py:3954} INFO - Setting next_dagrun for example_sla_dag to 2024-07-16 19:02:00+00:00, run_after=2024-07-16 19:04:00+00:00
[2024-07-16T19:04:30.709+0000] {processor.py:183} INFO - Processing /home/airflow/.local/lib/python3.12/site-packages/airflow/example_dags/example_sla_dag.py took 0.113 seconds
[2024-07-16T19:05:01.291+0000] {processor.py:161} INFO - Started process (PID=355) to work on /home/airflow/.local/lib/python3.12/site-packages/airflow/example_dags/example_sla_dag.py
[2024-07-16T19:05:01.325+0000] {processor.py:830} INFO - Processing file /home/airflow/.local/lib/python3.12/site-packages/airflow/example_dags/example_sla_dag.py for tasks to queue
[2024-07-16T19:05:01.328+0000] {logging_mixin.py:188} INFO - [2024-07-16T19:05:01.328+0000] {dagbag.py:545} INFO - Filling up the DagBag from /home/airflow/.local/lib/python3.12/site-packages/airflow/example_dags/example_sla_dag.py
[2024-07-16T19:05:01.575+0000] {processor.py:840} INFO - DAG(s) 'example_sla_dag' retrieved from /home/airflow/.local/lib/python3.12/site-packages/airflow/example_dags/example_sla_dag.py
[2024-07-16T19:05:01.736+0000] {logging_mixin.py:188} INFO - [2024-07-16T19:05:01.732+0000] {dag.py:3096} INFO - Sync 1 DAGs
[2024-07-16T19:05:01.891+0000] {logging_mixin.py:188} INFO - [2024-07-16T19:05:01.891+0000] {dag.py:3954} INFO - Setting next_dagrun for example_sla_dag to 2024-07-16 19:02:00+00:00, run_after=2024-07-16 19:04:00+00:00
[2024-07-16T19:05:01.955+0000] {processor.py:183} INFO - Processing /home/airflow/.local/lib/python3.12/site-packages/airflow/example_dags/example_sla_dag.py took 0.696 seconds
[2024-07-16T19:05:32.033+0000] {processor.py:161} INFO - Started process (PID=416) to work on /home/airflow/.local/lib/python3.12/site-packages/airflow/example_dags/example_sla_dag.py
[2024-07-16T19:05:32.034+0000] {processor.py:830} INFO - Processing file /home/airflow/.local/lib/python3.12/site-packages/airflow/example_dags/example_sla_dag.py for tasks to queue
[2024-07-16T19:05:32.036+0000] {logging_mixin.py:188} INFO - [2024-07-16T19:05:32.035+0000] {dagbag.py:545} INFO - Filling up the DagBag from /home/airflow/.local/lib/python3.12/site-packages/airflow/example_dags/example_sla_dag.py
[2024-07-16T19:05:32.043+0000] {processor.py:840} INFO - DAG(s) 'example_sla_dag' retrieved from /home/airflow/.local/lib/python3.12/site-packages/airflow/example_dags/example_sla_dag.py
[2024-07-16T19:05:32.062+0000] {logging_mixin.py:188} INFO - [2024-07-16T19:05:32.061+0000] {dag.py:3096} INFO - Sync 1 DAGs
[2024-07-16T19:05:32.084+0000] {logging_mixin.py:188} INFO - [2024-07-16T19:05:32.083+0000] {dag.py:3954} INFO - Setting next_dagrun for example_sla_dag to 2024-07-16 19:02:00+00:00, run_after=2024-07-16 19:04:00+00:00
[2024-07-16T19:05:32.104+0000] {processor.py:183} INFO - Processing /home/airflow/.local/lib/python3.12/site-packages/airflow/example_dags/example_sla_dag.py took 0.076 seconds
[2024-07-16T19:06:02.921+0000] {processor.py:161} INFO - Started process (PID=476) to work on /home/airflow/.local/lib/python3.12/site-packages/airflow/example_dags/example_sla_dag.py
[2024-07-16T19:06:02.922+0000] {processor.py:830} INFO - Processing file /home/airflow/.local/lib/python3.12/site-packages/airflow/example_dags/example_sla_dag.py for tasks to queue
[2024-07-16T19:06:02.924+0000] {logging_mixin.py:188} INFO - [2024-07-16T19:06:02.924+0000] {dagbag.py:545} INFO - Filling up the DagBag from /home/airflow/.local/lib/python3.12/site-packages/airflow/example_dags/example_sla_dag.py
[2024-07-16T19:06:02.936+0000] {processor.py:840} INFO - DAG(s) 'example_sla_dag' retrieved from /home/airflow/.local/lib/python3.12/site-packages/airflow/example_dags/example_sla_dag.py
[2024-07-16T19:06:02.979+0000] {logging_mixin.py:188} INFO - [2024-07-16T19:06:02.978+0000] {dag.py:3096} INFO - Sync 1 DAGs
[2024-07-16T19:06:03.030+0000] {logging_mixin.py:188} INFO - [2024-07-16T19:06:03.030+0000] {dag.py:3954} INFO - Setting next_dagrun for example_sla_dag to 2024-07-16 19:04:00+00:00, run_after=2024-07-16 19:06:00+00:00
[2024-07-16T19:06:03.082+0000] {processor.py:183} INFO - Processing /home/airflow/.local/lib/python3.12/site-packages/airflow/example_dags/example_sla_dag.py took 0.169 seconds
[2024-07-16T19:06:33.504+0000] {processor.py:161} INFO - Started process (PID=536) to work on /home/airflow/.local/lib/python3.12/site-packages/airflow/example_dags/example_sla_dag.py
[2024-07-16T19:06:33.509+0000] {processor.py:830} INFO - Processing file /home/airflow/.local/lib/python3.12/site-packages/airflow/example_dags/example_sla_dag.py for tasks to queue
[2024-07-16T19:06:33.510+0000] {logging_mixin.py:188} INFO - [2024-07-16T19:06:33.510+0000] {dagbag.py:545} INFO - Filling up the DagBag from /home/airflow/.local/lib/python3.12/site-packages/airflow/example_dags/example_sla_dag.py
[2024-07-16T19:06:33.531+0000] {processor.py:840} INFO - DAG(s) 'example_sla_dag' retrieved from /home/airflow/.local/lib/python3.12/site-packages/airflow/example_dags/example_sla_dag.py
[2024-07-16T19:06:33.573+0000] {logging_mixin.py:188} INFO - [2024-07-16T19:06:33.573+0000] {dag.py:3096} INFO - Sync 1 DAGs
[2024-07-16T19:06:33.623+0000] {logging_mixin.py:188} INFO - [2024-07-16T19:06:33.623+0000] {dag.py:3954} INFO - Setting next_dagrun for example_sla_dag to 2024-07-16 19:04:00+00:00, run_after=2024-07-16 19:06:00+00:00
[2024-07-16T19:06:33.658+0000] {processor.py:183} INFO - Processing /home/airflow/.local/lib/python3.12/site-packages/airflow/example_dags/example_sla_dag.py took 0.163 seconds
[2024-07-16T19:07:04.347+0000] {processor.py:161} INFO - Started process (PID=597) to work on /home/airflow/.local/lib/python3.12/site-packages/airflow/example_dags/example_sla_dag.py
[2024-07-16T19:07:04.348+0000] {processor.py:830} INFO - Processing file /home/airflow/.local/lib/python3.12/site-packages/airflow/example_dags/example_sla_dag.py for tasks to queue
[2024-07-16T19:07:04.349+0000] {logging_mixin.py:188} INFO - [2024-07-16T19:07:04.349+0000] {dagbag.py:545} INFO - Filling up the DagBag from /home/airflow/.local/lib/python3.12/site-packages/airflow/example_dags/example_sla_dag.py
[2024-07-16T19:07:04.359+0000] {processor.py:840} INFO - DAG(s) 'example_sla_dag' retrieved from /home/airflow/.local/lib/python3.12/site-packages/airflow/example_dags/example_sla_dag.py
[2024-07-16T19:07:04.389+0000] {logging_mixin.py:188} INFO - [2024-07-16T19:07:04.389+0000] {dag.py:3096} INFO - Sync 1 DAGs
[2024-07-16T19:07:04.425+0000] {logging_mixin.py:188} INFO - [2024-07-16T19:07:04.424+0000] {dag.py:3954} INFO - Setting next_dagrun for example_sla_dag to 2024-07-16 19:04:00+00:00, run_after=2024-07-16 19:06:00+00:00
[2024-07-16T19:07:04.457+0000] {processor.py:183} INFO - Processing /home/airflow/.local/lib/python3.12/site-packages/airflow/example_dags/example_sla_dag.py took 0.116 seconds
[2024-07-16T19:07:34.532+0000] {processor.py:161} INFO - Started process (PID=657) to work on /home/airflow/.local/lib/python3.12/site-packages/airflow/example_dags/example_sla_dag.py
[2024-07-16T19:07:34.532+0000] {processor.py:830} INFO - Processing file /home/airflow/.local/lib/python3.12/site-packages/airflow/example_dags/example_sla_dag.py for tasks to queue
[2024-07-16T19:07:34.533+0000] {logging_mixin.py:188} INFO - [2024-07-16T19:07:34.533+0000] {dagbag.py:545} INFO - Filling up the DagBag from /home/airflow/.local/lib/python3.12/site-packages/airflow/example_dags/example_sla_dag.py
[2024-07-16T19:07:34.541+0000] {processor.py:840} INFO - DAG(s) 'example_sla_dag' retrieved from /home/airflow/.local/lib/python3.12/site-packages/airflow/example_dags/example_sla_dag.py
[2024-07-16T19:07:34.558+0000] {logging_mixin.py:188} INFO - [2024-07-16T19:07:34.558+0000] {dag.py:3096} INFO - Sync 1 DAGs
[2024-07-16T19:07:34.579+0000] {logging_mixin.py:188} INFO - [2024-07-16T19:07:34.579+0000] {dag.py:3954} INFO - Setting next_dagrun for example_sla_dag to 2024-07-16 19:04:00+00:00, run_after=2024-07-16 19:06:00+00:00
[2024-07-16T19:07:34.599+0000] {processor.py:183} INFO - Processing /home/airflow/.local/lib/python3.12/site-packages/airflow/example_dags/example_sla_dag.py took 0.073 seconds
[2024-07-16T19:08:05.292+0000] {processor.py:161} INFO - Started process (PID=717) to work on /home/airflow/.local/lib/python3.12/site-packages/airflow/example_dags/example_sla_dag.py
[2024-07-16T19:08:05.295+0000] {processor.py:830} INFO - Processing file /home/airflow/.local/lib/python3.12/site-packages/airflow/example_dags/example_sla_dag.py for tasks to queue
[2024-07-16T19:08:05.298+0000] {logging_mixin.py:188} INFO - [2024-07-16T19:08:05.297+0000] {dagbag.py:545} INFO - Filling up the DagBag from /home/airflow/.local/lib/python3.12/site-packages/airflow/example_dags/example_sla_dag.py
[2024-07-16T19:08:05.311+0000] {processor.py:840} INFO - DAG(s) 'example_sla_dag' retrieved from /home/airflow/.local/lib/python3.12/site-packages/airflow/example_dags/example_sla_dag.py
[2024-07-16T19:08:05.357+0000] {logging_mixin.py:188} INFO - [2024-07-16T19:08:05.357+0000] {dag.py:3096} INFO - Sync 1 DAGs
[2024-07-16T19:08:05.411+0000] {logging_mixin.py:188} INFO - [2024-07-16T19:08:05.411+0000] {dag.py:3954} INFO - Setting next_dagrun for example_sla_dag to 2024-07-16 19:06:00+00:00, run_after=2024-07-16 19:08:00+00:00
[2024-07-16T19:08:05.460+0000] {processor.py:183} INFO - Processing /home/airflow/.local/lib/python3.12/site-packages/airflow/example_dags/example_sla_dag.py took 0.178 seconds
[2024-07-16T19:08:35.503+0000] {processor.py:161} INFO - Started process (PID=775) to work on /home/airflow/.local/lib/python3.12/site-packages/airflow/example_dags/example_sla_dag.py
[2024-07-16T19:08:35.504+0000] {processor.py:830} INFO - Processing file /home/airflow/.local/lib/python3.12/site-packages/airflow/example_dags/example_sla_dag.py for tasks to queue
[2024-07-16T19:08:35.505+0000] {logging_mixin.py:188} INFO - [2024-07-16T19:08:35.505+0000] {dagbag.py:545} INFO - Filling up the DagBag from /home/airflow/.local/lib/python3.12/site-packages/airflow/example_dags/example_sla_dag.py
[2024-07-16T19:08:35.516+0000] {processor.py:840} INFO - DAG(s) 'example_sla_dag' retrieved from /home/airflow/.local/lib/python3.12/site-packages/airflow/example_dags/example_sla_dag.py
[2024-07-16T19:08:35.552+0000] {logging_mixin.py:188} INFO - [2024-07-16T19:08:35.552+0000] {dag.py:3096} INFO - Sync 1 DAGs
[2024-07-16T19:08:35.583+0000] {logging_mixin.py:188} INFO - [2024-07-16T19:08:35.583+0000] {dag.py:3954} INFO - Setting next_dagrun for example_sla_dag to 2024-07-16 19:06:00+00:00, run_after=2024-07-16 19:08:00+00:00
[2024-07-16T19:08:35.611+0000] {processor.py:183} INFO - Processing /home/airflow/.local/lib/python3.12/site-packages/airflow/example_dags/example_sla_dag.py took 0.115 seconds
[2024-07-16T19:09:06.273+0000] {processor.py:161} INFO - Started process (PID=835) to work on /home/airflow/.local/lib/python3.12/site-packages/airflow/example_dags/example_sla_dag.py
[2024-07-16T19:09:06.274+0000] {processor.py:830} INFO - Processing file /home/airflow/.local/lib/python3.12/site-packages/airflow/example_dags/example_sla_dag.py for tasks to queue
[2024-07-16T19:09:06.275+0000] {logging_mixin.py:188} INFO - [2024-07-16T19:09:06.275+0000] {dagbag.py:545} INFO - Filling up the DagBag from /home/airflow/.local/lib/python3.12/site-packages/airflow/example_dags/example_sla_dag.py
[2024-07-16T19:09:06.286+0000] {processor.py:840} INFO - DAG(s) 'example_sla_dag' retrieved from /home/airflow/.local/lib/python3.12/site-packages/airflow/example_dags/example_sla_dag.py
[2024-07-16T19:09:06.307+0000] {logging_mixin.py:188} INFO - [2024-07-16T19:09:06.307+0000] {dag.py:3096} INFO - Sync 1 DAGs
[2024-07-16T19:09:06.337+0000] {logging_mixin.py:188} INFO - [2024-07-16T19:09:06.336+0000] {dag.py:3954} INFO - Setting next_dagrun for example_sla_dag to 2024-07-16 19:06:00+00:00, run_after=2024-07-16 19:08:00+00:00
[2024-07-16T19:09:06.364+0000] {processor.py:183} INFO - Processing /home/airflow/.local/lib/python3.12/site-packages/airflow/example_dags/example_sla_dag.py took 0.102 seconds
[2024-07-16T19:09:36.674+0000] {processor.py:161} INFO - Started process (PID=899) to work on /home/airflow/.local/lib/python3.12/site-packages/airflow/example_dags/example_sla_dag.py
[2024-07-16T19:09:36.675+0000] {processor.py:830} INFO - Processing file /home/airflow/.local/lib/python3.12/site-packages/airflow/example_dags/example_sla_dag.py for tasks to queue
[2024-07-16T19:09:36.677+0000] {logging_mixin.py:188} INFO - [2024-07-16T19:09:36.676+0000] {dagbag.py:545} INFO - Filling up the DagBag from /home/airflow/.local/lib/python3.12/site-packages/airflow/example_dags/example_sla_dag.py
[2024-07-16T19:09:36.689+0000] {processor.py:840} INFO - DAG(s) 'example_sla_dag' retrieved from /home/airflow/.local/lib/python3.12/site-packages/airflow/example_dags/example_sla_dag.py
[2024-07-16T19:09:36.723+0000] {logging_mixin.py:188} INFO - [2024-07-16T19:09:36.723+0000] {dag.py:3096} INFO - Sync 1 DAGs
[2024-07-16T19:09:36.756+0000] {logging_mixin.py:188} INFO - [2024-07-16T19:09:36.756+0000] {dag.py:3954} INFO - Setting next_dagrun for example_sla_dag to 2024-07-16 19:06:00+00:00, run_after=2024-07-16 19:08:00+00:00
[2024-07-16T19:09:36.782+0000] {processor.py:183} INFO - Processing /home/airflow/.local/lib/python3.12/site-packages/airflow/example_dags/example_sla_dag.py took 0.114 seconds
[2024-07-16T19:10:07.076+0000] {processor.py:161} INFO - Started process (PID=959) to work on /home/airflow/.local/lib/python3.12/site-packages/airflow/example_dags/example_sla_dag.py
[2024-07-16T19:10:07.077+0000] {processor.py:830} INFO - Processing file /home/airflow/.local/lib/python3.12/site-packages/airflow/example_dags/example_sla_dag.py for tasks to queue
[2024-07-16T19:10:07.082+0000] {logging_mixin.py:188} INFO - [2024-07-16T19:10:07.081+0000] {dagbag.py:545} INFO - Filling up the DagBag from /home/airflow/.local/lib/python3.12/site-packages/airflow/example_dags/example_sla_dag.py
[2024-07-16T19:10:07.092+0000] {processor.py:840} INFO - DAG(s) 'example_sla_dag' retrieved from /home/airflow/.local/lib/python3.12/site-packages/airflow/example_dags/example_sla_dag.py
[2024-07-16T19:10:07.144+0000] {logging_mixin.py:188} INFO - [2024-07-16T19:10:07.144+0000] {dag.py:3096} INFO - Sync 1 DAGs
[2024-07-16T19:10:07.212+0000] {logging_mixin.py:188} INFO - [2024-07-16T19:10:07.212+0000] {dag.py:3954} INFO - Setting next_dagrun for example_sla_dag to 2024-07-16 19:08:00+00:00, run_after=2024-07-16 19:10:00+00:00
[2024-07-16T19:10:07.250+0000] {processor.py:183} INFO - Processing /home/airflow/.local/lib/python3.12/site-packages/airflow/example_dags/example_sla_dag.py took 0.180 seconds
[2024-07-16T19:10:37.331+0000] {processor.py:161} INFO - Started process (PID=1018) to work on /home/airflow/.local/lib/python3.12/site-packages/airflow/example_dags/example_sla_dag.py
[2024-07-16T19:10:37.333+0000] {processor.py:830} INFO - Processing file /home/airflow/.local/lib/python3.12/site-packages/airflow/example_dags/example_sla_dag.py for tasks to queue
[2024-07-16T19:10:37.335+0000] {logging_mixin.py:188} INFO - [2024-07-16T19:10:37.334+0000] {dagbag.py:545} INFO - Filling up the DagBag from /home/airflow/.local/lib/python3.12/site-packages/airflow/example_dags/example_sla_dag.py
[2024-07-16T19:10:37.356+0000] {processor.py:840} INFO - DAG(s) 'example_sla_dag' retrieved from /home/airflow/.local/lib/python3.12/site-packages/airflow/example_dags/example_sla_dag.py
[2024-07-16T19:10:37.422+0000] {logging_mixin.py:188} INFO - [2024-07-16T19:10:37.421+0000] {dag.py:3096} INFO - Sync 1 DAGs
[2024-07-16T19:10:37.484+0000] {logging_mixin.py:188} INFO - [2024-07-16T19:10:37.484+0000] {dag.py:3954} INFO - Setting next_dagrun for example_sla_dag to 2024-07-16 19:08:00+00:00, run_after=2024-07-16 19:10:00+00:00
[2024-07-16T19:10:37.519+0000] {processor.py:183} INFO - Processing /home/airflow/.local/lib/python3.12/site-packages/airflow/example_dags/example_sla_dag.py took 0.203 seconds
[2024-07-16T19:11:08.362+0000] {processor.py:161} INFO - Started process (PID=1080) to work on /home/airflow/.local/lib/python3.12/site-packages/airflow/example_dags/example_sla_dag.py
[2024-07-16T19:11:08.363+0000] {processor.py:830} INFO - Processing file /home/airflow/.local/lib/python3.12/site-packages/airflow/example_dags/example_sla_dag.py for tasks to queue
[2024-07-16T19:11:08.364+0000] {logging_mixin.py:188} INFO - [2024-07-16T19:11:08.364+0000] {dagbag.py:545} INFO - Filling up the DagBag from /home/airflow/.local/lib/python3.12/site-packages/airflow/example_dags/example_sla_dag.py
[2024-07-16T19:11:08.374+0000] {processor.py:840} INFO - DAG(s) 'example_sla_dag' retrieved from /home/airflow/.local/lib/python3.12/site-packages/airflow/example_dags/example_sla_dag.py
[2024-07-16T19:11:08.397+0000] {logging_mixin.py:188} INFO - [2024-07-16T19:11:08.397+0000] {dag.py:3096} INFO - Sync 1 DAGs
[2024-07-16T19:11:08.429+0000] {logging_mixin.py:188} INFO - [2024-07-16T19:11:08.429+0000] {dag.py:3954} INFO - Setting next_dagrun for example_sla_dag to 2024-07-16 19:08:00+00:00, run_after=2024-07-16 19:10:00+00:00
[2024-07-16T19:11:08.458+0000] {processor.py:183} INFO - Processing /home/airflow/.local/lib/python3.12/site-packages/airflow/example_dags/example_sla_dag.py took 0.102 seconds
[2024-07-16T19:11:39.385+0000] {processor.py:161} INFO - Started process (PID=1139) to work on /home/airflow/.local/lib/python3.12/site-packages/airflow/example_dags/example_sla_dag.py
[2024-07-16T19:11:39.385+0000] {processor.py:830} INFO - Processing file /home/airflow/.local/lib/python3.12/site-packages/airflow/example_dags/example_sla_dag.py for tasks to queue
[2024-07-16T19:11:39.386+0000] {logging_mixin.py:188} INFO - [2024-07-16T19:11:39.386+0000] {dagbag.py:545} INFO - Filling up the DagBag from /home/airflow/.local/lib/python3.12/site-packages/airflow/example_dags/example_sla_dag.py
[2024-07-16T19:11:39.393+0000] {processor.py:840} INFO - DAG(s) 'example_sla_dag' retrieved from /home/airflow/.local/lib/python3.12/site-packages/airflow/example_dags/example_sla_dag.py
[2024-07-16T19:11:39.410+0000] {logging_mixin.py:188} INFO - [2024-07-16T19:11:39.410+0000] {dag.py:3096} INFO - Sync 1 DAGs
[2024-07-16T19:11:39.431+0000] {logging_mixin.py:188} INFO - [2024-07-16T19:11:39.431+0000] {dag.py:3954} INFO - Setting next_dagrun for example_sla_dag to 2024-07-16 19:08:00+00:00, run_after=2024-07-16 19:10:00+00:00
[2024-07-16T19:11:39.452+0000] {processor.py:183} INFO - Processing /home/airflow/.local/lib/python3.12/site-packages/airflow/example_dags/example_sla_dag.py took 0.074 seconds
[2024-07-16T19:12:09.964+0000] {processor.py:161} INFO - Started process (PID=1198) to work on /home/airflow/.local/lib/python3.12/site-packages/airflow/example_dags/example_sla_dag.py
[2024-07-16T19:12:09.965+0000] {processor.py:830} INFO - Processing file /home/airflow/.local/lib/python3.12/site-packages/airflow/example_dags/example_sla_dag.py for tasks to queue
[2024-07-16T19:12:09.967+0000] {logging_mixin.py:188} INFO - [2024-07-16T19:12:09.966+0000] {dagbag.py:545} INFO - Filling up the DagBag from /home/airflow/.local/lib/python3.12/site-packages/airflow/example_dags/example_sla_dag.py
[2024-07-16T19:12:09.982+0000] {processor.py:840} INFO - DAG(s) 'example_sla_dag' retrieved from /home/airflow/.local/lib/python3.12/site-packages/airflow/example_dags/example_sla_dag.py
[2024-07-16T19:12:10.018+0000] {logging_mixin.py:188} INFO - [2024-07-16T19:12:10.018+0000] {dag.py:3096} INFO - Sync 1 DAGs
[2024-07-16T19:12:10.056+0000] {logging_mixin.py:188} INFO - [2024-07-16T19:12:10.055+0000] {dag.py:3954} INFO - Setting next_dagrun for example_sla_dag to 2024-07-16 19:10:00+00:00, run_after=2024-07-16 19:12:00+00:00
[2024-07-16T19:12:10.078+0000] {processor.py:183} INFO - Processing /home/airflow/.local/lib/python3.12/site-packages/airflow/example_dags/example_sla_dag.py took 0.135 seconds
[2024-07-16T19:12:40.487+0000] {processor.py:161} INFO - Started process (PID=1258) to work on /home/airflow/.local/lib/python3.12/site-packages/airflow/example_dags/example_sla_dag.py
[2024-07-16T19:12:40.488+0000] {processor.py:830} INFO - Processing file /home/airflow/.local/lib/python3.12/site-packages/airflow/example_dags/example_sla_dag.py for tasks to queue
[2024-07-16T19:12:40.489+0000] {logging_mixin.py:188} INFO - [2024-07-16T19:12:40.489+0000] {dagbag.py:545} INFO - Filling up the DagBag from /home/airflow/.local/lib/python3.12/site-packages/airflow/example_dags/example_sla_dag.py
[2024-07-16T19:12:40.498+0000] {processor.py:840} INFO - DAG(s) 'example_sla_dag' retrieved from /home/airflow/.local/lib/python3.12/site-packages/airflow/example_dags/example_sla_dag.py
[2024-07-16T19:12:40.514+0000] {logging_mixin.py:188} INFO - [2024-07-16T19:12:40.514+0000] {dag.py:3096} INFO - Sync 1 DAGs
[2024-07-16T19:12:40.539+0000] {logging_mixin.py:188} INFO - [2024-07-16T19:12:40.539+0000] {dag.py:3954} INFO - Setting next_dagrun for example_sla_dag to 2024-07-16 19:10:00+00:00, run_after=2024-07-16 19:12:00+00:00
[2024-07-16T19:12:40.559+0000] {processor.py:183} INFO - Processing /home/airflow/.local/lib/python3.12/site-packages/airflow/example_dags/example_sla_dag.py took 0.078 seconds
[2024-07-16T19:13:10.670+0000] {processor.py:161} INFO - Started process (PID=1320) to work on /home/airflow/.local/lib/python3.12/site-packages/airflow/example_dags/example_sla_dag.py
[2024-07-16T19:13:10.671+0000] {processor.py:830} INFO - Processing file /home/airflow/.local/lib/python3.12/site-packages/airflow/example_dags/example_sla_dag.py for tasks to queue
[2024-07-16T19:13:10.671+0000] {logging_mixin.py:188} INFO - [2024-07-16T19:13:10.671+0000] {dagbag.py:545} INFO - Filling up the DagBag from /home/airflow/.local/lib/python3.12/site-packages/airflow/example_dags/example_sla_dag.py
[2024-07-16T19:13:10.678+0000] {processor.py:840} INFO - DAG(s) 'example_sla_dag' retrieved from /home/airflow/.local/lib/python3.12/site-packages/airflow/example_dags/example_sla_dag.py
[2024-07-16T19:13:10.695+0000] {logging_mixin.py:188} INFO - [2024-07-16T19:13:10.694+0000] {dag.py:3096} INFO - Sync 1 DAGs
[2024-07-16T19:13:10.720+0000] {logging_mixin.py:188} INFO - [2024-07-16T19:13:10.720+0000] {dag.py:3954} INFO - Setting next_dagrun for example_sla_dag to 2024-07-16 19:10:00+00:00, run_after=2024-07-16 19:12:00+00:00
[2024-07-16T19:13:10.744+0000] {processor.py:183} INFO - Processing /home/airflow/.local/lib/python3.12/site-packages/airflow/example_dags/example_sla_dag.py took 0.080 seconds
[2024-07-16T19:13:40.846+0000] {processor.py:161} INFO - Started process (PID=1379) to work on /home/airflow/.local/lib/python3.12/site-packages/airflow/example_dags/example_sla_dag.py
[2024-07-16T19:13:40.847+0000] {processor.py:830} INFO - Processing file /home/airflow/.local/lib/python3.12/site-packages/airflow/example_dags/example_sla_dag.py for tasks to queue
[2024-07-16T19:13:40.848+0000] {logging_mixin.py:188} INFO - [2024-07-16T19:13:40.847+0000] {dagbag.py:545} INFO - Filling up the DagBag from /home/airflow/.local/lib/python3.12/site-packages/airflow/example_dags/example_sla_dag.py
[2024-07-16T19:13:40.859+0000] {processor.py:840} INFO - DAG(s) 'example_sla_dag' retrieved from /home/airflow/.local/lib/python3.12/site-packages/airflow/example_dags/example_sla_dag.py
[2024-07-16T19:13:40.878+0000] {logging_mixin.py:188} INFO - [2024-07-16T19:13:40.878+0000] {dag.py:3096} INFO - Sync 1 DAGs
[2024-07-16T19:13:40.899+0000] {logging_mixin.py:188} INFO - [2024-07-16T19:13:40.898+0000] {dag.py:3954} INFO - Setting next_dagrun for example_sla_dag to 2024-07-16 19:10:00+00:00, run_after=2024-07-16 19:12:00+00:00
[2024-07-16T19:13:40.918+0000] {processor.py:183} INFO - Processing /home/airflow/.local/lib/python3.12/site-packages/airflow/example_dags/example_sla_dag.py took 0.079 seconds
[2024-07-16T19:14:11.340+0000] {processor.py:161} INFO - Started process (PID=1438) to work on /home/airflow/.local/lib/python3.12/site-packages/airflow/example_dags/example_sla_dag.py
[2024-07-16T19:14:11.341+0000] {processor.py:830} INFO - Processing file /home/airflow/.local/lib/python3.12/site-packages/airflow/example_dags/example_sla_dag.py for tasks to queue
[2024-07-16T19:14:11.342+0000] {logging_mixin.py:188} INFO - [2024-07-16T19:14:11.342+0000] {dagbag.py:545} INFO - Filling up the DagBag from /home/airflow/.local/lib/python3.12/site-packages/airflow/example_dags/example_sla_dag.py
[2024-07-16T19:14:11.351+0000] {processor.py:840} INFO - DAG(s) 'example_sla_dag' retrieved from /home/airflow/.local/lib/python3.12/site-packages/airflow/example_dags/example_sla_dag.py
[2024-07-16T19:14:11.370+0000] {logging_mixin.py:188} INFO - [2024-07-16T19:14:11.370+0000] {dag.py:3096} INFO - Sync 1 DAGs
[2024-07-16T19:14:11.390+0000] {logging_mixin.py:188} INFO - [2024-07-16T19:14:11.390+0000] {dag.py:3954} INFO - Setting next_dagrun for example_sla_dag to 2024-07-16 19:12:00+00:00, run_after=2024-07-16 19:14:00+00:00
[2024-07-16T19:14:11.411+0000] {processor.py:183} INFO - Processing /home/airflow/.local/lib/python3.12/site-packages/airflow/example_dags/example_sla_dag.py took 0.075 seconds
[2024-07-16T19:14:42.013+0000] {processor.py:161} INFO - Started process (PID=1498) to work on /home/airflow/.local/lib/python3.12/site-packages/airflow/example_dags/example_sla_dag.py
[2024-07-16T19:14:42.013+0000] {processor.py:830} INFO - Processing file /home/airflow/.local/lib/python3.12/site-packages/airflow/example_dags/example_sla_dag.py for tasks to queue
[2024-07-16T19:14:42.014+0000] {logging_mixin.py:188} INFO - [2024-07-16T19:14:42.014+0000] {dagbag.py:545} INFO - Filling up the DagBag from /home/airflow/.local/lib/python3.12/site-packages/airflow/example_dags/example_sla_dag.py
[2024-07-16T19:14:42.024+0000] {processor.py:840} INFO - DAG(s) 'example_sla_dag' retrieved from /home/airflow/.local/lib/python3.12/site-packages/airflow/example_dags/example_sla_dag.py
[2024-07-16T19:14:42.039+0000] {logging_mixin.py:188} INFO - [2024-07-16T19:14:42.039+0000] {dag.py:3096} INFO - Sync 1 DAGs
[2024-07-16T19:14:42.060+0000] {logging_mixin.py:188} INFO - [2024-07-16T19:14:42.060+0000] {dag.py:3954} INFO - Setting next_dagrun for example_sla_dag to 2024-07-16 19:12:00+00:00, run_after=2024-07-16 19:14:00+00:00
[2024-07-16T19:14:42.079+0000] {processor.py:183} INFO - Processing /home/airflow/.local/lib/python3.12/site-packages/airflow/example_dags/example_sla_dag.py took 0.073 seconds
[2024-07-16T19:15:12.308+0000] {processor.py:161} INFO - Started process (PID=1557) to work on /home/airflow/.local/lib/python3.12/site-packages/airflow/example_dags/example_sla_dag.py
[2024-07-16T19:15:12.309+0000] {processor.py:830} INFO - Processing file /home/airflow/.local/lib/python3.12/site-packages/airflow/example_dags/example_sla_dag.py for tasks to queue
[2024-07-16T19:15:12.310+0000] {logging_mixin.py:188} INFO - [2024-07-16T19:15:12.310+0000] {dagbag.py:545} INFO - Filling up the DagBag from /home/airflow/.local/lib/python3.12/site-packages/airflow/example_dags/example_sla_dag.py
[2024-07-16T19:15:12.321+0000] {processor.py:840} INFO - DAG(s) 'example_sla_dag' retrieved from /home/airflow/.local/lib/python3.12/site-packages/airflow/example_dags/example_sla_dag.py
[2024-07-16T19:15:12.347+0000] {logging_mixin.py:188} INFO - [2024-07-16T19:15:12.347+0000] {dag.py:3096} INFO - Sync 1 DAGs
[2024-07-16T19:15:12.381+0000] {logging_mixin.py:188} INFO - [2024-07-16T19:15:12.380+0000] {dag.py:3954} INFO - Setting next_dagrun for example_sla_dag to 2024-07-16 19:12:00+00:00, run_after=2024-07-16 19:14:00+00:00
[2024-07-16T19:15:12.421+0000] {processor.py:183} INFO - Processing /home/airflow/.local/lib/python3.12/site-packages/airflow/example_dags/example_sla_dag.py took 0.121 seconds
[2024-07-16T19:19:14.382+0000] {processor.py:161} INFO - Started process (PID=50) to work on /home/airflow/.local/lib/python3.12/site-packages/airflow/example_dags/example_sla_dag.py
[2024-07-16T19:19:14.394+0000] {processor.py:830} INFO - Processing file /home/airflow/.local/lib/python3.12/site-packages/airflow/example_dags/example_sla_dag.py for tasks to queue
[2024-07-16T19:19:14.396+0000] {logging_mixin.py:188} INFO - [2024-07-16T19:19:14.395+0000] {dagbag.py:545} INFO - Filling up the DagBag from /home/airflow/.local/lib/python3.12/site-packages/airflow/example_dags/example_sla_dag.py
[2024-07-16T19:19:14.417+0000] {processor.py:840} INFO - DAG(s) 'example_sla_dag' retrieved from /home/airflow/.local/lib/python3.12/site-packages/airflow/example_dags/example_sla_dag.py
[2024-07-16T19:19:14.780+0000] {logging_mixin.py:188} INFO - [2024-07-16T19:19:14.780+0000] {dag.py:3096} INFO - Sync 1 DAGs
[2024-07-16T19:19:14.887+0000] {logging_mixin.py:188} INFO - [2024-07-16T19:19:14.887+0000] {dag.py:3954} INFO - Setting next_dagrun for example_sla_dag to 2024-07-16 19:16:00+00:00, run_after=2024-07-16 19:18:00+00:00
[2024-07-16T19:19:14.966+0000] {processor.py:183} INFO - Processing /home/airflow/.local/lib/python3.12/site-packages/airflow/example_dags/example_sla_dag.py took 0.596 seconds
[2024-07-16T19:19:45.528+0000] {processor.py:161} INFO - Started process (PID=116) to work on /home/airflow/.local/lib/python3.12/site-packages/airflow/example_dags/example_sla_dag.py
[2024-07-16T19:19:45.529+0000] {processor.py:830} INFO - Processing file /home/airflow/.local/lib/python3.12/site-packages/airflow/example_dags/example_sla_dag.py for tasks to queue
[2024-07-16T19:19:45.530+0000] {logging_mixin.py:188} INFO - [2024-07-16T19:19:45.530+0000] {dagbag.py:545} INFO - Filling up the DagBag from /home/airflow/.local/lib/python3.12/site-packages/airflow/example_dags/example_sla_dag.py
[2024-07-16T19:19:45.538+0000] {processor.py:840} INFO - DAG(s) 'example_sla_dag' retrieved from /home/airflow/.local/lib/python3.12/site-packages/airflow/example_dags/example_sla_dag.py
[2024-07-16T19:19:45.559+0000] {logging_mixin.py:188} INFO - [2024-07-16T19:19:45.559+0000] {dag.py:3096} INFO - Sync 1 DAGs
[2024-07-16T19:19:45.591+0000] {logging_mixin.py:188} INFO - [2024-07-16T19:19:45.591+0000] {dag.py:3954} INFO - Setting next_dagrun for example_sla_dag to 2024-07-16 19:16:00+00:00, run_after=2024-07-16 19:18:00+00:00
[2024-07-16T19:19:45.615+0000] {processor.py:183} INFO - Processing /home/airflow/.local/lib/python3.12/site-packages/airflow/example_dags/example_sla_dag.py took 0.092 seconds
[2024-07-16T19:20:15.714+0000] {processor.py:161} INFO - Started process (PID=175) to work on /home/airflow/.local/lib/python3.12/site-packages/airflow/example_dags/example_sla_dag.py
[2024-07-16T19:20:15.714+0000] {processor.py:830} INFO - Processing file /home/airflow/.local/lib/python3.12/site-packages/airflow/example_dags/example_sla_dag.py for tasks to queue
[2024-07-16T19:20:15.716+0000] {logging_mixin.py:188} INFO - [2024-07-16T19:20:15.716+0000] {dagbag.py:545} INFO - Filling up the DagBag from /home/airflow/.local/lib/python3.12/site-packages/airflow/example_dags/example_sla_dag.py
[2024-07-16T19:20:15.725+0000] {processor.py:840} INFO - DAG(s) 'example_sla_dag' retrieved from /home/airflow/.local/lib/python3.12/site-packages/airflow/example_dags/example_sla_dag.py
[2024-07-16T19:20:15.748+0000] {logging_mixin.py:188} INFO - [2024-07-16T19:20:15.748+0000] {dag.py:3096} INFO - Sync 1 DAGs
[2024-07-16T19:20:15.778+0000] {logging_mixin.py:188} INFO - [2024-07-16T19:20:15.778+0000] {dag.py:3954} INFO - Setting next_dagrun for example_sla_dag to 2024-07-16 19:18:00+00:00, run_after=2024-07-16 19:20:00+00:00
[2024-07-16T19:20:15.802+0000] {processor.py:183} INFO - Processing /home/airflow/.local/lib/python3.12/site-packages/airflow/example_dags/example_sla_dag.py took 0.095 seconds
[2024-07-16T19:20:46.147+0000] {processor.py:161} INFO - Started process (PID=233) to work on /home/airflow/.local/lib/python3.12/site-packages/airflow/example_dags/example_sla_dag.py
[2024-07-16T19:20:46.148+0000] {processor.py:830} INFO - Processing file /home/airflow/.local/lib/python3.12/site-packages/airflow/example_dags/example_sla_dag.py for tasks to queue
[2024-07-16T19:20:46.150+0000] {logging_mixin.py:188} INFO - [2024-07-16T19:20:46.150+0000] {dagbag.py:545} INFO - Filling up the DagBag from /home/airflow/.local/lib/python3.12/site-packages/airflow/example_dags/example_sla_dag.py
[2024-07-16T19:20:46.160+0000] {processor.py:840} INFO - DAG(s) 'example_sla_dag' retrieved from /home/airflow/.local/lib/python3.12/site-packages/airflow/example_dags/example_sla_dag.py
[2024-07-16T19:20:46.182+0000] {logging_mixin.py:188} INFO - [2024-07-16T19:20:46.182+0000] {dag.py:3096} INFO - Sync 1 DAGs
[2024-07-16T19:20:46.214+0000] {logging_mixin.py:188} INFO - [2024-07-16T19:20:46.214+0000] {dag.py:3954} INFO - Setting next_dagrun for example_sla_dag to 2024-07-16 19:18:00+00:00, run_after=2024-07-16 19:20:00+00:00
[2024-07-16T19:20:46.239+0000] {processor.py:183} INFO - Processing /home/airflow/.local/lib/python3.12/site-packages/airflow/example_dags/example_sla_dag.py took 0.097 seconds
[2024-07-16T19:21:16.283+0000] {processor.py:161} INFO - Started process (PID=292) to work on /home/airflow/.local/lib/python3.12/site-packages/airflow/example_dags/example_sla_dag.py
[2024-07-16T19:21:16.291+0000] {processor.py:830} INFO - Processing file /home/airflow/.local/lib/python3.12/site-packages/airflow/example_dags/example_sla_dag.py for tasks to queue
[2024-07-16T19:21:16.295+0000] {logging_mixin.py:188} INFO - [2024-07-16T19:21:16.295+0000] {dagbag.py:545} INFO - Filling up the DagBag from /home/airflow/.local/lib/python3.12/site-packages/airflow/example_dags/example_sla_dag.py
[2024-07-16T19:21:16.307+0000] {processor.py:840} INFO - DAG(s) 'example_sla_dag' retrieved from /home/airflow/.local/lib/python3.12/site-packages/airflow/example_dags/example_sla_dag.py
[2024-07-16T19:21:16.358+0000] {logging_mixin.py:188} INFO - [2024-07-16T19:21:16.358+0000] {dag.py:3096} INFO - Sync 1 DAGs
[2024-07-16T19:21:16.418+0000] {logging_mixin.py:188} INFO - [2024-07-16T19:21:16.418+0000] {dag.py:3954} INFO - Setting next_dagrun for example_sla_dag to 2024-07-16 19:18:00+00:00, run_after=2024-07-16 19:20:00+00:00
[2024-07-16T19:21:16.463+0000] {processor.py:183} INFO - Processing /home/airflow/.local/lib/python3.12/site-packages/airflow/example_dags/example_sla_dag.py took 0.189 seconds
[2024-07-16T19:21:47.018+0000] {processor.py:161} INFO - Started process (PID=351) to work on /home/airflow/.local/lib/python3.12/site-packages/airflow/example_dags/example_sla_dag.py
[2024-07-16T19:21:47.019+0000] {processor.py:830} INFO - Processing file /home/airflow/.local/lib/python3.12/site-packages/airflow/example_dags/example_sla_dag.py for tasks to queue
[2024-07-16T19:21:47.021+0000] {logging_mixin.py:188} INFO - [2024-07-16T19:21:47.021+0000] {dagbag.py:545} INFO - Filling up the DagBag from /home/airflow/.local/lib/python3.12/site-packages/airflow/example_dags/example_sla_dag.py
[2024-07-16T19:21:47.032+0000] {processor.py:840} INFO - DAG(s) 'example_sla_dag' retrieved from /home/airflow/.local/lib/python3.12/site-packages/airflow/example_dags/example_sla_dag.py
[2024-07-16T19:21:47.074+0000] {logging_mixin.py:188} INFO - [2024-07-16T19:21:47.074+0000] {dag.py:3096} INFO - Sync 1 DAGs
[2024-07-16T19:21:47.129+0000] {logging_mixin.py:188} INFO - [2024-07-16T19:21:47.129+0000] {dag.py:3954} INFO - Setting next_dagrun for example_sla_dag to 2024-07-16 19:18:00+00:00, run_after=2024-07-16 19:20:00+00:00
[2024-07-16T19:21:47.175+0000] {processor.py:183} INFO - Processing /home/airflow/.local/lib/python3.12/site-packages/airflow/example_dags/example_sla_dag.py took 0.164 seconds
[2024-07-16T19:22:17.307+0000] {processor.py:161} INFO - Started process (PID=411) to work on /home/airflow/.local/lib/python3.12/site-packages/airflow/example_dags/example_sla_dag.py
[2024-07-16T19:22:17.309+0000] {processor.py:830} INFO - Processing file /home/airflow/.local/lib/python3.12/site-packages/airflow/example_dags/example_sla_dag.py for tasks to queue
[2024-07-16T19:22:17.311+0000] {logging_mixin.py:188} INFO - [2024-07-16T19:22:17.311+0000] {dagbag.py:545} INFO - Filling up the DagBag from /home/airflow/.local/lib/python3.12/site-packages/airflow/example_dags/example_sla_dag.py
[2024-07-16T19:22:17.330+0000] {processor.py:840} INFO - DAG(s) 'example_sla_dag' retrieved from /home/airflow/.local/lib/python3.12/site-packages/airflow/example_dags/example_sla_dag.py
[2024-07-16T19:22:17.354+0000] {logging_mixin.py:188} INFO - [2024-07-16T19:22:17.354+0000] {dag.py:3096} INFO - Sync 1 DAGs
[2024-07-16T19:22:17.384+0000] {logging_mixin.py:188} INFO - [2024-07-16T19:22:17.384+0000] {dag.py:3954} INFO - Setting next_dagrun for example_sla_dag to 2024-07-16 19:20:00+00:00, run_after=2024-07-16 19:22:00+00:00
[2024-07-16T19:22:17.412+0000] {processor.py:183} INFO - Processing /home/airflow/.local/lib/python3.12/site-packages/airflow/example_dags/example_sla_dag.py took 0.112 seconds
[2024-07-16T19:22:47.581+0000] {processor.py:161} INFO - Started process (PID=473) to work on /home/airflow/.local/lib/python3.12/site-packages/airflow/example_dags/example_sla_dag.py
[2024-07-16T19:22:47.582+0000] {processor.py:830} INFO - Processing file /home/airflow/.local/lib/python3.12/site-packages/airflow/example_dags/example_sla_dag.py for tasks to queue
[2024-07-16T19:22:47.583+0000] {logging_mixin.py:188} INFO - [2024-07-16T19:22:47.583+0000] {dagbag.py:545} INFO - Filling up the DagBag from /home/airflow/.local/lib/python3.12/site-packages/airflow/example_dags/example_sla_dag.py
[2024-07-16T19:22:47.600+0000] {processor.py:840} INFO - DAG(s) 'example_sla_dag' retrieved from /home/airflow/.local/lib/python3.12/site-packages/airflow/example_dags/example_sla_dag.py
[2024-07-16T19:22:47.673+0000] {logging_mixin.py:188} INFO - [2024-07-16T19:22:47.673+0000] {dag.py:3096} INFO - Sync 1 DAGs
[2024-07-16T19:22:47.703+0000] {logging_mixin.py:188} INFO - [2024-07-16T19:22:47.703+0000] {dag.py:3954} INFO - Setting next_dagrun for example_sla_dag to 2024-07-16 19:20:00+00:00, run_after=2024-07-16 19:22:00+00:00
[2024-07-16T19:22:47.733+0000] {processor.py:183} INFO - Processing /home/airflow/.local/lib/python3.12/site-packages/airflow/example_dags/example_sla_dag.py took 0.159 seconds
[2024-07-16T19:23:17.841+0000] {processor.py:161} INFO - Started process (PID=534) to work on /home/airflow/.local/lib/python3.12/site-packages/airflow/example_dags/example_sla_dag.py
[2024-07-16T19:23:17.841+0000] {processor.py:830} INFO - Processing file /home/airflow/.local/lib/python3.12/site-packages/airflow/example_dags/example_sla_dag.py for tasks to queue
[2024-07-16T19:23:17.843+0000] {logging_mixin.py:188} INFO - [2024-07-16T19:23:17.843+0000] {dagbag.py:545} INFO - Filling up the DagBag from /home/airflow/.local/lib/python3.12/site-packages/airflow/example_dags/example_sla_dag.py
[2024-07-16T19:23:17.850+0000] {processor.py:840} INFO - DAG(s) 'example_sla_dag' retrieved from /home/airflow/.local/lib/python3.12/site-packages/airflow/example_dags/example_sla_dag.py
[2024-07-16T19:23:17.866+0000] {logging_mixin.py:188} INFO - [2024-07-16T19:23:17.865+0000] {dag.py:3096} INFO - Sync 1 DAGs
[2024-07-16T19:23:17.885+0000] {logging_mixin.py:188} INFO - [2024-07-16T19:23:17.885+0000] {dag.py:3954} INFO - Setting next_dagrun for example_sla_dag to 2024-07-16 19:20:00+00:00, run_after=2024-07-16 19:22:00+00:00
[2024-07-16T19:23:17.910+0000] {processor.py:183} INFO - Processing /home/airflow/.local/lib/python3.12/site-packages/airflow/example_dags/example_sla_dag.py took 0.073 seconds
[2024-07-16T19:23:48.071+0000] {processor.py:161} INFO - Started process (PID=593) to work on /home/airflow/.local/lib/python3.12/site-packages/airflow/example_dags/example_sla_dag.py
[2024-07-16T19:23:48.072+0000] {processor.py:830} INFO - Processing file /home/airflow/.local/lib/python3.12/site-packages/airflow/example_dags/example_sla_dag.py for tasks to queue
[2024-07-16T19:23:48.074+0000] {logging_mixin.py:188} INFO - [2024-07-16T19:23:48.074+0000] {dagbag.py:545} INFO - Filling up the DagBag from /home/airflow/.local/lib/python3.12/site-packages/airflow/example_dags/example_sla_dag.py
[2024-07-16T19:23:48.083+0000] {processor.py:840} INFO - DAG(s) 'example_sla_dag' retrieved from /home/airflow/.local/lib/python3.12/site-packages/airflow/example_dags/example_sla_dag.py
[2024-07-16T19:23:48.106+0000] {logging_mixin.py:188} INFO - [2024-07-16T19:23:48.106+0000] {dag.py:3096} INFO - Sync 1 DAGs
[2024-07-16T19:23:48.135+0000] {logging_mixin.py:188} INFO - [2024-07-16T19:23:48.135+0000] {dag.py:3954} INFO - Setting next_dagrun for example_sla_dag to 2024-07-16 19:20:00+00:00, run_after=2024-07-16 19:22:00+00:00
[2024-07-16T19:23:48.160+0000] {processor.py:183} INFO - Processing /home/airflow/.local/lib/python3.12/site-packages/airflow/example_dags/example_sla_dag.py took 0.094 seconds
[2024-07-16T19:24:18.824+0000] {processor.py:161} INFO - Started process (PID=652) to work on /home/airflow/.local/lib/python3.12/site-packages/airflow/example_dags/example_sla_dag.py
[2024-07-16T19:24:18.824+0000] {processor.py:830} INFO - Processing file /home/airflow/.local/lib/python3.12/site-packages/airflow/example_dags/example_sla_dag.py for tasks to queue
[2024-07-16T19:24:18.825+0000] {logging_mixin.py:188} INFO - [2024-07-16T19:24:18.825+0000] {dagbag.py:545} INFO - Filling up the DagBag from /home/airflow/.local/lib/python3.12/site-packages/airflow/example_dags/example_sla_dag.py
[2024-07-16T19:24:18.835+0000] {processor.py:840} INFO - DAG(s) 'example_sla_dag' retrieved from /home/airflow/.local/lib/python3.12/site-packages/airflow/example_dags/example_sla_dag.py
[2024-07-16T19:24:18.860+0000] {logging_mixin.py:188} INFO - [2024-07-16T19:24:18.860+0000] {dag.py:3096} INFO - Sync 1 DAGs
[2024-07-16T19:24:18.891+0000] {logging_mixin.py:188} INFO - [2024-07-16T19:24:18.891+0000] {dag.py:3954} INFO - Setting next_dagrun for example_sla_dag to 2024-07-16 19:22:00+00:00, run_after=2024-07-16 19:24:00+00:00
[2024-07-16T19:24:18.917+0000] {processor.py:183} INFO - Processing /home/airflow/.local/lib/python3.12/site-packages/airflow/example_dags/example_sla_dag.py took 0.099 seconds
[2024-07-16T19:24:49.724+0000] {processor.py:161} INFO - Started process (PID=711) to work on /home/airflow/.local/lib/python3.12/site-packages/airflow/example_dags/example_sla_dag.py
[2024-07-16T19:24:49.725+0000] {processor.py:830} INFO - Processing file /home/airflow/.local/lib/python3.12/site-packages/airflow/example_dags/example_sla_dag.py for tasks to queue
[2024-07-16T19:24:49.726+0000] {logging_mixin.py:188} INFO - [2024-07-16T19:24:49.726+0000] {dagbag.py:545} INFO - Filling up the DagBag from /home/airflow/.local/lib/python3.12/site-packages/airflow/example_dags/example_sla_dag.py
[2024-07-16T19:24:49.737+0000] {processor.py:840} INFO - DAG(s) 'example_sla_dag' retrieved from /home/airflow/.local/lib/python3.12/site-packages/airflow/example_dags/example_sla_dag.py
[2024-07-16T19:24:49.771+0000] {logging_mixin.py:188} INFO - [2024-07-16T19:24:49.771+0000] {dag.py:3096} INFO - Sync 1 DAGs
[2024-07-16T19:24:49.805+0000] {logging_mixin.py:188} INFO - [2024-07-16T19:24:49.805+0000] {dag.py:3954} INFO - Setting next_dagrun for example_sla_dag to 2024-07-16 19:22:00+00:00, run_after=2024-07-16 19:24:00+00:00
[2024-07-16T19:24:49.832+0000] {processor.py:183} INFO - Processing /home/airflow/.local/lib/python3.12/site-packages/airflow/example_dags/example_sla_dag.py took 0.115 seconds
[2024-07-16T19:25:20.650+0000] {processor.py:161} INFO - Started process (PID=771) to work on /home/airflow/.local/lib/python3.12/site-packages/airflow/example_dags/example_sla_dag.py
[2024-07-16T19:25:20.657+0000] {processor.py:830} INFO - Processing file /home/airflow/.local/lib/python3.12/site-packages/airflow/example_dags/example_sla_dag.py for tasks to queue
[2024-07-16T19:25:20.666+0000] {logging_mixin.py:188} INFO - [2024-07-16T19:25:20.666+0000] {dagbag.py:545} INFO - Filling up the DagBag from /home/airflow/.local/lib/python3.12/site-packages/airflow/example_dags/example_sla_dag.py
[2024-07-16T19:25:20.685+0000] {processor.py:840} INFO - DAG(s) 'example_sla_dag' retrieved from /home/airflow/.local/lib/python3.12/site-packages/airflow/example_dags/example_sla_dag.py
[2024-07-16T19:25:20.724+0000] {logging_mixin.py:188} INFO - [2024-07-16T19:25:20.723+0000] {dag.py:3096} INFO - Sync 1 DAGs
[2024-07-16T19:25:20.791+0000] {logging_mixin.py:188} INFO - [2024-07-16T19:25:20.791+0000] {dag.py:3954} INFO - Setting next_dagrun for example_sla_dag to 2024-07-16 19:22:00+00:00, run_after=2024-07-16 19:24:00+00:00
[2024-07-16T19:25:20.830+0000] {processor.py:183} INFO - Processing /home/airflow/.local/lib/python3.12/site-packages/airflow/example_dags/example_sla_dag.py took 0.203 seconds
[2024-07-16T19:25:51.923+0000] {processor.py:161} INFO - Started process (PID=830) to work on /home/airflow/.local/lib/python3.12/site-packages/airflow/example_dags/example_sla_dag.py
[2024-07-16T19:25:51.929+0000] {processor.py:830} INFO - Processing file /home/airflow/.local/lib/python3.12/site-packages/airflow/example_dags/example_sla_dag.py for tasks to queue
[2024-07-16T19:25:51.930+0000] {logging_mixin.py:188} INFO - [2024-07-16T19:25:51.930+0000] {dagbag.py:545} INFO - Filling up the DagBag from /home/airflow/.local/lib/python3.12/site-packages/airflow/example_dags/example_sla_dag.py
[2024-07-16T19:25:51.953+0000] {processor.py:840} INFO - DAG(s) 'example_sla_dag' retrieved from /home/airflow/.local/lib/python3.12/site-packages/airflow/example_dags/example_sla_dag.py
[2024-07-16T19:25:52.031+0000] {logging_mixin.py:188} INFO - [2024-07-16T19:25:52.031+0000] {dag.py:3096} INFO - Sync 1 DAGs
[2024-07-16T19:25:52.127+0000] {logging_mixin.py:188} INFO - [2024-07-16T19:25:52.127+0000] {dag.py:3954} INFO - Setting next_dagrun for example_sla_dag to 2024-07-16 19:22:00+00:00, run_after=2024-07-16 19:24:00+00:00
[2024-07-16T19:25:52.195+0000] {processor.py:183} INFO - Processing /home/airflow/.local/lib/python3.12/site-packages/airflow/example_dags/example_sla_dag.py took 0.286 seconds
[2024-07-16T19:26:22.579+0000] {processor.py:161} INFO - Started process (PID=889) to work on /home/airflow/.local/lib/python3.12/site-packages/airflow/example_dags/example_sla_dag.py
[2024-07-16T19:26:22.580+0000] {processor.py:830} INFO - Processing file /home/airflow/.local/lib/python3.12/site-packages/airflow/example_dags/example_sla_dag.py for tasks to queue
[2024-07-16T19:26:22.581+0000] {logging_mixin.py:188} INFO - [2024-07-16T19:26:22.580+0000] {dagbag.py:545} INFO - Filling up the DagBag from /home/airflow/.local/lib/python3.12/site-packages/airflow/example_dags/example_sla_dag.py
[2024-07-16T19:26:22.600+0000] {processor.py:840} INFO - DAG(s) 'example_sla_dag' retrieved from /home/airflow/.local/lib/python3.12/site-packages/airflow/example_dags/example_sla_dag.py
[2024-07-16T19:26:22.623+0000] {logging_mixin.py:188} INFO - [2024-07-16T19:26:22.622+0000] {dag.py:3096} INFO - Sync 1 DAGs
[2024-07-16T19:26:22.652+0000] {logging_mixin.py:188} INFO - [2024-07-16T19:26:22.651+0000] {dag.py:3954} INFO - Setting next_dagrun for example_sla_dag to 2024-07-16 19:24:00+00:00, run_after=2024-07-16 19:26:00+00:00
[2024-07-16T19:26:22.675+0000] {processor.py:183} INFO - Processing /home/airflow/.local/lib/python3.12/site-packages/airflow/example_dags/example_sla_dag.py took 0.103 seconds
[2024-07-16T19:26:53.488+0000] {processor.py:161} INFO - Started process (PID=948) to work on /home/airflow/.local/lib/python3.12/site-packages/airflow/example_dags/example_sla_dag.py
[2024-07-16T19:26:53.489+0000] {processor.py:830} INFO - Processing file /home/airflow/.local/lib/python3.12/site-packages/airflow/example_dags/example_sla_dag.py for tasks to queue
[2024-07-16T19:26:53.490+0000] {logging_mixin.py:188} INFO - [2024-07-16T19:26:53.490+0000] {dagbag.py:545} INFO - Filling up the DagBag from /home/airflow/.local/lib/python3.12/site-packages/airflow/example_dags/example_sla_dag.py
[2024-07-16T19:26:53.511+0000] {processor.py:840} INFO - DAG(s) 'example_sla_dag' retrieved from /home/airflow/.local/lib/python3.12/site-packages/airflow/example_dags/example_sla_dag.py
[2024-07-16T19:26:53.540+0000] {logging_mixin.py:188} INFO - [2024-07-16T19:26:53.539+0000] {dag.py:3096} INFO - Sync 1 DAGs
[2024-07-16T19:26:53.568+0000] {logging_mixin.py:188} INFO - [2024-07-16T19:26:53.568+0000] {dag.py:3954} INFO - Setting next_dagrun for example_sla_dag to 2024-07-16 19:24:00+00:00, run_after=2024-07-16 19:26:00+00:00
[2024-07-16T19:26:53.593+0000] {processor.py:183} INFO - Processing /home/airflow/.local/lib/python3.12/site-packages/airflow/example_dags/example_sla_dag.py took 0.112 seconds
