[2024-07-16T19:02:18.215+0000] {processor.py:161} INFO - Started process (PID=33) to work on /home/airflow/.local/lib/python3.12/site-packages/airflow/example_dags/example_skip_dag.py
[2024-07-16T19:02:18.216+0000] {processor.py:830} INFO - Processing file /home/airflow/.local/lib/python3.12/site-packages/airflow/example_dags/example_skip_dag.py for tasks to queue
[2024-07-16T19:02:18.230+0000] {logging_mixin.py:188} INFO - [2024-07-16T19:02:18.230+0000] {dagbag.py:545} INFO - Filling up the DagBag from /home/airflow/.local/lib/python3.12/site-packages/airflow/example_dags/example_skip_dag.py
[2024-07-16T19:02:18.299+0000] {processor.py:840} INFO - DAG(s) 'example_skip_dag' retrieved from /home/airflow/.local/lib/python3.12/site-packages/airflow/example_dags/example_skip_dag.py
[2024-07-16T19:02:19.375+0000] {logging_mixin.py:188} INFO - [2024-07-16T19:02:19.374+0000] {dag.py:3096} INFO - Sync 1 DAGs
[2024-07-16T19:02:19.466+0000] {logging_mixin.py:188} INFO - [2024-07-16T19:02:19.465+0000] {dag.py:3954} INFO - Setting next_dagrun for example_skip_dag to 2024-07-15 00:00:00+00:00, run_after=2024-07-16 00:00:00+00:00
[2024-07-16T19:02:19.616+0000] {processor.py:183} INFO - Processing /home/airflow/.local/lib/python3.12/site-packages/airflow/example_dags/example_skip_dag.py took 1.428 seconds
[2024-07-16T19:02:50.149+0000] {processor.py:161} INFO - Started process (PID=92) to work on /home/airflow/.local/lib/python3.12/site-packages/airflow/example_dags/example_skip_dag.py
[2024-07-16T19:02:50.150+0000] {processor.py:830} INFO - Processing file /home/airflow/.local/lib/python3.12/site-packages/airflow/example_dags/example_skip_dag.py for tasks to queue
[2024-07-16T19:02:50.153+0000] {logging_mixin.py:188} INFO - [2024-07-16T19:02:50.153+0000] {dagbag.py:545} INFO - Filling up the DagBag from /home/airflow/.local/lib/python3.12/site-packages/airflow/example_dags/example_skip_dag.py
[2024-07-16T19:02:50.161+0000] {processor.py:840} INFO - DAG(s) 'example_skip_dag' retrieved from /home/airflow/.local/lib/python3.12/site-packages/airflow/example_dags/example_skip_dag.py
[2024-07-16T19:02:50.195+0000] {logging_mixin.py:188} INFO - [2024-07-16T19:02:50.195+0000] {dag.py:3096} INFO - Sync 1 DAGs
[2024-07-16T19:02:50.228+0000] {logging_mixin.py:188} INFO - [2024-07-16T19:02:50.227+0000] {dag.py:3954} INFO - Setting next_dagrun for example_skip_dag to 2024-07-15 00:00:00+00:00, run_after=2024-07-16 00:00:00+00:00
[2024-07-16T19:02:50.259+0000] {processor.py:183} INFO - Processing /home/airflow/.local/lib/python3.12/site-packages/airflow/example_dags/example_skip_dag.py took 0.135 seconds
[2024-07-16T19:03:20.311+0000] {processor.py:161} INFO - Started process (PID=151) to work on /home/airflow/.local/lib/python3.12/site-packages/airflow/example_dags/example_skip_dag.py
[2024-07-16T19:03:20.312+0000] {processor.py:830} INFO - Processing file /home/airflow/.local/lib/python3.12/site-packages/airflow/example_dags/example_skip_dag.py for tasks to queue
[2024-07-16T19:03:20.314+0000] {logging_mixin.py:188} INFO - [2024-07-16T19:03:20.314+0000] {dagbag.py:545} INFO - Filling up the DagBag from /home/airflow/.local/lib/python3.12/site-packages/airflow/example_dags/example_skip_dag.py
[2024-07-16T19:03:20.322+0000] {processor.py:840} INFO - DAG(s) 'example_skip_dag' retrieved from /home/airflow/.local/lib/python3.12/site-packages/airflow/example_dags/example_skip_dag.py
[2024-07-16T19:03:20.348+0000] {logging_mixin.py:188} INFO - [2024-07-16T19:03:20.347+0000] {dag.py:3096} INFO - Sync 1 DAGs
[2024-07-16T19:03:20.375+0000] {logging_mixin.py:188} INFO - [2024-07-16T19:03:20.375+0000] {dag.py:3954} INFO - Setting next_dagrun for example_skip_dag to 2024-07-15 00:00:00+00:00, run_after=2024-07-16 00:00:00+00:00
[2024-07-16T19:03:20.407+0000] {processor.py:183} INFO - Processing /home/airflow/.local/lib/python3.12/site-packages/airflow/example_dags/example_skip_dag.py took 0.102 seconds
[2024-07-16T19:03:50.904+0000] {processor.py:161} INFO - Started process (PID=210) to work on /home/airflow/.local/lib/python3.12/site-packages/airflow/example_dags/example_skip_dag.py
[2024-07-16T19:03:50.906+0000] {processor.py:830} INFO - Processing file /home/airflow/.local/lib/python3.12/site-packages/airflow/example_dags/example_skip_dag.py for tasks to queue
[2024-07-16T19:03:50.918+0000] {logging_mixin.py:188} INFO - [2024-07-16T19:03:50.918+0000] {dagbag.py:545} INFO - Filling up the DagBag from /home/airflow/.local/lib/python3.12/site-packages/airflow/example_dags/example_skip_dag.py
[2024-07-16T19:03:50.934+0000] {processor.py:840} INFO - DAG(s) 'example_skip_dag' retrieved from /home/airflow/.local/lib/python3.12/site-packages/airflow/example_dags/example_skip_dag.py
[2024-07-16T19:03:51.011+0000] {logging_mixin.py:188} INFO - [2024-07-16T19:03:51.011+0000] {dag.py:3096} INFO - Sync 1 DAGs
[2024-07-16T19:03:51.084+0000] {logging_mixin.py:188} INFO - [2024-07-16T19:03:51.084+0000] {dag.py:3954} INFO - Setting next_dagrun for example_skip_dag to 2024-07-15 00:00:00+00:00, run_after=2024-07-16 00:00:00+00:00
[2024-07-16T19:03:51.177+0000] {processor.py:183} INFO - Processing /home/airflow/.local/lib/python3.12/site-packages/airflow/example_dags/example_skip_dag.py took 0.301 seconds
[2024-07-16T19:04:21.339+0000] {processor.py:161} INFO - Started process (PID=269) to work on /home/airflow/.local/lib/python3.12/site-packages/airflow/example_dags/example_skip_dag.py
[2024-07-16T19:04:21.341+0000] {processor.py:830} INFO - Processing file /home/airflow/.local/lib/python3.12/site-packages/airflow/example_dags/example_skip_dag.py for tasks to queue
[2024-07-16T19:04:21.342+0000] {logging_mixin.py:188} INFO - [2024-07-16T19:04:21.342+0000] {dagbag.py:545} INFO - Filling up the DagBag from /home/airflow/.local/lib/python3.12/site-packages/airflow/example_dags/example_skip_dag.py
[2024-07-16T19:04:21.350+0000] {processor.py:840} INFO - DAG(s) 'example_skip_dag' retrieved from /home/airflow/.local/lib/python3.12/site-packages/airflow/example_dags/example_skip_dag.py
[2024-07-16T19:04:21.375+0000] {logging_mixin.py:188} INFO - [2024-07-16T19:04:21.375+0000] {dag.py:3096} INFO - Sync 1 DAGs
[2024-07-16T19:04:21.399+0000] {logging_mixin.py:188} INFO - [2024-07-16T19:04:21.399+0000] {dag.py:3954} INFO - Setting next_dagrun for example_skip_dag to 2024-07-15 00:00:00+00:00, run_after=2024-07-16 00:00:00+00:00
[2024-07-16T19:04:21.424+0000] {processor.py:183} INFO - Processing /home/airflow/.local/lib/python3.12/site-packages/airflow/example_dags/example_skip_dag.py took 0.091 seconds
[2024-07-16T19:04:51.458+0000] {processor.py:161} INFO - Started process (PID=330) to work on /home/airflow/.local/lib/python3.12/site-packages/airflow/example_dags/example_skip_dag.py
[2024-07-16T19:04:51.459+0000] {processor.py:830} INFO - Processing file /home/airflow/.local/lib/python3.12/site-packages/airflow/example_dags/example_skip_dag.py for tasks to queue
[2024-07-16T19:04:51.460+0000] {logging_mixin.py:188} INFO - [2024-07-16T19:04:51.460+0000] {dagbag.py:545} INFO - Filling up the DagBag from /home/airflow/.local/lib/python3.12/site-packages/airflow/example_dags/example_skip_dag.py
[2024-07-16T19:04:51.468+0000] {processor.py:840} INFO - DAG(s) 'example_skip_dag' retrieved from /home/airflow/.local/lib/python3.12/site-packages/airflow/example_dags/example_skip_dag.py
[2024-07-16T19:04:51.493+0000] {logging_mixin.py:188} INFO - [2024-07-16T19:04:51.492+0000] {dag.py:3096} INFO - Sync 1 DAGs
[2024-07-16T19:04:51.516+0000] {logging_mixin.py:188} INFO - [2024-07-16T19:04:51.516+0000] {dag.py:3954} INFO - Setting next_dagrun for example_skip_dag to 2024-07-15 00:00:00+00:00, run_after=2024-07-16 00:00:00+00:00
[2024-07-16T19:04:51.550+0000] {processor.py:183} INFO - Processing /home/airflow/.local/lib/python3.12/site-packages/airflow/example_dags/example_skip_dag.py took 0.098 seconds
[2024-07-16T19:05:21.645+0000] {processor.py:161} INFO - Started process (PID=389) to work on /home/airflow/.local/lib/python3.12/site-packages/airflow/example_dags/example_skip_dag.py
[2024-07-16T19:05:21.645+0000] {processor.py:830} INFO - Processing file /home/airflow/.local/lib/python3.12/site-packages/airflow/example_dags/example_skip_dag.py for tasks to queue
[2024-07-16T19:05:21.648+0000] {logging_mixin.py:188} INFO - [2024-07-16T19:05:21.647+0000] {dagbag.py:545} INFO - Filling up the DagBag from /home/airflow/.local/lib/python3.12/site-packages/airflow/example_dags/example_skip_dag.py
[2024-07-16T19:05:21.655+0000] {processor.py:840} INFO - DAG(s) 'example_skip_dag' retrieved from /home/airflow/.local/lib/python3.12/site-packages/airflow/example_dags/example_skip_dag.py
[2024-07-16T19:05:21.681+0000] {logging_mixin.py:188} INFO - [2024-07-16T19:05:21.681+0000] {dag.py:3096} INFO - Sync 1 DAGs
[2024-07-16T19:05:21.706+0000] {logging_mixin.py:188} INFO - [2024-07-16T19:05:21.706+0000] {dag.py:3954} INFO - Setting next_dagrun for example_skip_dag to 2024-07-15 00:00:00+00:00, run_after=2024-07-16 00:00:00+00:00
[2024-07-16T19:05:21.733+0000] {processor.py:183} INFO - Processing /home/airflow/.local/lib/python3.12/site-packages/airflow/example_dags/example_skip_dag.py took 0.095 seconds
[2024-07-16T19:05:51.829+0000] {processor.py:161} INFO - Started process (PID=450) to work on /home/airflow/.local/lib/python3.12/site-packages/airflow/example_dags/example_skip_dag.py
[2024-07-16T19:05:51.829+0000] {processor.py:830} INFO - Processing file /home/airflow/.local/lib/python3.12/site-packages/airflow/example_dags/example_skip_dag.py for tasks to queue
[2024-07-16T19:05:51.831+0000] {logging_mixin.py:188} INFO - [2024-07-16T19:05:51.831+0000] {dagbag.py:545} INFO - Filling up the DagBag from /home/airflow/.local/lib/python3.12/site-packages/airflow/example_dags/example_skip_dag.py
[2024-07-16T19:05:51.839+0000] {processor.py:840} INFO - DAG(s) 'example_skip_dag' retrieved from /home/airflow/.local/lib/python3.12/site-packages/airflow/example_dags/example_skip_dag.py
[2024-07-16T19:05:51.867+0000] {logging_mixin.py:188} INFO - [2024-07-16T19:05:51.867+0000] {dag.py:3096} INFO - Sync 1 DAGs
[2024-07-16T19:05:51.892+0000] {logging_mixin.py:188} INFO - [2024-07-16T19:05:51.892+0000] {dag.py:3954} INFO - Setting next_dagrun for example_skip_dag to 2024-07-15 00:00:00+00:00, run_after=2024-07-16 00:00:00+00:00
[2024-07-16T19:05:51.916+0000] {processor.py:183} INFO - Processing /home/airflow/.local/lib/python3.12/site-packages/airflow/example_dags/example_skip_dag.py took 0.094 seconds
[2024-07-16T19:06:22.415+0000] {processor.py:161} INFO - Started process (PID=510) to work on /home/airflow/.local/lib/python3.12/site-packages/airflow/example_dags/example_skip_dag.py
[2024-07-16T19:06:22.416+0000] {processor.py:830} INFO - Processing file /home/airflow/.local/lib/python3.12/site-packages/airflow/example_dags/example_skip_dag.py for tasks to queue
[2024-07-16T19:06:22.417+0000] {logging_mixin.py:188} INFO - [2024-07-16T19:06:22.417+0000] {dagbag.py:545} INFO - Filling up the DagBag from /home/airflow/.local/lib/python3.12/site-packages/airflow/example_dags/example_skip_dag.py
[2024-07-16T19:06:22.437+0000] {processor.py:840} INFO - DAG(s) 'example_skip_dag' retrieved from /home/airflow/.local/lib/python3.12/site-packages/airflow/example_dags/example_skip_dag.py
[2024-07-16T19:06:22.465+0000] {logging_mixin.py:188} INFO - [2024-07-16T19:06:22.465+0000] {dag.py:3096} INFO - Sync 1 DAGs
[2024-07-16T19:06:22.491+0000] {logging_mixin.py:188} INFO - [2024-07-16T19:06:22.491+0000] {dag.py:3954} INFO - Setting next_dagrun for example_skip_dag to 2024-07-15 00:00:00+00:00, run_after=2024-07-16 00:00:00+00:00
[2024-07-16T19:06:22.514+0000] {processor.py:183} INFO - Processing /home/airflow/.local/lib/python3.12/site-packages/airflow/example_dags/example_skip_dag.py took 0.106 seconds
[2024-07-16T19:06:53.136+0000] {processor.py:161} INFO - Started process (PID=570) to work on /home/airflow/.local/lib/python3.12/site-packages/airflow/example_dags/example_skip_dag.py
[2024-07-16T19:06:53.137+0000] {processor.py:830} INFO - Processing file /home/airflow/.local/lib/python3.12/site-packages/airflow/example_dags/example_skip_dag.py for tasks to queue
[2024-07-16T19:06:53.138+0000] {logging_mixin.py:188} INFO - [2024-07-16T19:06:53.137+0000] {dagbag.py:545} INFO - Filling up the DagBag from /home/airflow/.local/lib/python3.12/site-packages/airflow/example_dags/example_skip_dag.py
[2024-07-16T19:06:53.146+0000] {processor.py:840} INFO - DAG(s) 'example_skip_dag' retrieved from /home/airflow/.local/lib/python3.12/site-packages/airflow/example_dags/example_skip_dag.py
[2024-07-16T19:06:53.173+0000] {logging_mixin.py:188} INFO - [2024-07-16T19:06:53.173+0000] {dag.py:3096} INFO - Sync 1 DAGs
[2024-07-16T19:06:53.199+0000] {logging_mixin.py:188} INFO - [2024-07-16T19:06:53.199+0000] {dag.py:3954} INFO - Setting next_dagrun for example_skip_dag to 2024-07-15 00:00:00+00:00, run_after=2024-07-16 00:00:00+00:00
[2024-07-16T19:06:53.224+0000] {processor.py:183} INFO - Processing /home/airflow/.local/lib/python3.12/site-packages/airflow/example_dags/example_skip_dag.py took 0.095 seconds
[2024-07-16T19:07:23.320+0000] {processor.py:161} INFO - Started process (PID=633) to work on /home/airflow/.local/lib/python3.12/site-packages/airflow/example_dags/example_skip_dag.py
[2024-07-16T19:07:23.321+0000] {processor.py:830} INFO - Processing file /home/airflow/.local/lib/python3.12/site-packages/airflow/example_dags/example_skip_dag.py for tasks to queue
[2024-07-16T19:07:23.322+0000] {logging_mixin.py:188} INFO - [2024-07-16T19:07:23.322+0000] {dagbag.py:545} INFO - Filling up the DagBag from /home/airflow/.local/lib/python3.12/site-packages/airflow/example_dags/example_skip_dag.py
[2024-07-16T19:07:23.330+0000] {processor.py:840} INFO - DAG(s) 'example_skip_dag' retrieved from /home/airflow/.local/lib/python3.12/site-packages/airflow/example_dags/example_skip_dag.py
[2024-07-16T19:07:23.356+0000] {logging_mixin.py:188} INFO - [2024-07-16T19:07:23.355+0000] {dag.py:3096} INFO - Sync 1 DAGs
[2024-07-16T19:07:23.384+0000] {logging_mixin.py:188} INFO - [2024-07-16T19:07:23.383+0000] {dag.py:3954} INFO - Setting next_dagrun for example_skip_dag to 2024-07-15 00:00:00+00:00, run_after=2024-07-16 00:00:00+00:00
[2024-07-16T19:07:23.408+0000] {processor.py:183} INFO - Processing /home/airflow/.local/lib/python3.12/site-packages/airflow/example_dags/example_skip_dag.py took 0.094 seconds
[2024-07-16T19:07:53.920+0000] {processor.py:161} INFO - Started process (PID=693) to work on /home/airflow/.local/lib/python3.12/site-packages/airflow/example_dags/example_skip_dag.py
[2024-07-16T19:07:53.929+0000] {processor.py:830} INFO - Processing file /home/airflow/.local/lib/python3.12/site-packages/airflow/example_dags/example_skip_dag.py for tasks to queue
[2024-07-16T19:07:53.932+0000] {logging_mixin.py:188} INFO - [2024-07-16T19:07:53.932+0000] {dagbag.py:545} INFO - Filling up the DagBag from /home/airflow/.local/lib/python3.12/site-packages/airflow/example_dags/example_skip_dag.py
[2024-07-16T19:07:53.951+0000] {processor.py:840} INFO - DAG(s) 'example_skip_dag' retrieved from /home/airflow/.local/lib/python3.12/site-packages/airflow/example_dags/example_skip_dag.py
[2024-07-16T19:07:54.037+0000] {logging_mixin.py:188} INFO - [2024-07-16T19:07:54.036+0000] {dag.py:3096} INFO - Sync 1 DAGs
[2024-07-16T19:07:54.112+0000] {logging_mixin.py:188} INFO - [2024-07-16T19:07:54.112+0000] {dag.py:3954} INFO - Setting next_dagrun for example_skip_dag to 2024-07-15 00:00:00+00:00, run_after=2024-07-16 00:00:00+00:00
[2024-07-16T19:07:54.144+0000] {processor.py:183} INFO - Processing /home/airflow/.local/lib/python3.12/site-packages/airflow/example_dags/example_skip_dag.py took 0.233 seconds
[2024-07-16T19:08:24.810+0000] {processor.py:161} INFO - Started process (PID=750) to work on /home/airflow/.local/lib/python3.12/site-packages/airflow/example_dags/example_skip_dag.py
[2024-07-16T19:08:24.811+0000] {processor.py:830} INFO - Processing file /home/airflow/.local/lib/python3.12/site-packages/airflow/example_dags/example_skip_dag.py for tasks to queue
[2024-07-16T19:08:24.812+0000] {logging_mixin.py:188} INFO - [2024-07-16T19:08:24.811+0000] {dagbag.py:545} INFO - Filling up the DagBag from /home/airflow/.local/lib/python3.12/site-packages/airflow/example_dags/example_skip_dag.py
[2024-07-16T19:08:24.824+0000] {processor.py:840} INFO - DAG(s) 'example_skip_dag' retrieved from /home/airflow/.local/lib/python3.12/site-packages/airflow/example_dags/example_skip_dag.py
[2024-07-16T19:08:24.886+0000] {logging_mixin.py:188} INFO - [2024-07-16T19:08:24.885+0000] {dag.py:3096} INFO - Sync 1 DAGs
[2024-07-16T19:08:24.928+0000] {logging_mixin.py:188} INFO - [2024-07-16T19:08:24.928+0000] {dag.py:3954} INFO - Setting next_dagrun for example_skip_dag to 2024-07-15 00:00:00+00:00, run_after=2024-07-16 00:00:00+00:00
[2024-07-16T19:08:24.965+0000] {processor.py:183} INFO - Processing /home/airflow/.local/lib/python3.12/site-packages/airflow/example_dags/example_skip_dag.py took 0.174 seconds
[2024-07-16T19:08:55.985+0000] {processor.py:161} INFO - Started process (PID=809) to work on /home/airflow/.local/lib/python3.12/site-packages/airflow/example_dags/example_skip_dag.py
[2024-07-16T19:08:55.986+0000] {processor.py:830} INFO - Processing file /home/airflow/.local/lib/python3.12/site-packages/airflow/example_dags/example_skip_dag.py for tasks to queue
[2024-07-16T19:08:55.988+0000] {logging_mixin.py:188} INFO - [2024-07-16T19:08:55.987+0000] {dagbag.py:545} INFO - Filling up the DagBag from /home/airflow/.local/lib/python3.12/site-packages/airflow/example_dags/example_skip_dag.py
[2024-07-16T19:08:56.016+0000] {processor.py:840} INFO - DAG(s) 'example_skip_dag' retrieved from /home/airflow/.local/lib/python3.12/site-packages/airflow/example_dags/example_skip_dag.py
[2024-07-16T19:08:56.044+0000] {logging_mixin.py:188} INFO - [2024-07-16T19:08:56.044+0000] {dag.py:3096} INFO - Sync 1 DAGs
[2024-07-16T19:08:56.083+0000] {logging_mixin.py:188} INFO - [2024-07-16T19:08:56.083+0000] {dag.py:3954} INFO - Setting next_dagrun for example_skip_dag to 2024-07-15 00:00:00+00:00, run_after=2024-07-16 00:00:00+00:00
[2024-07-16T19:08:56.134+0000] {processor.py:183} INFO - Processing /home/airflow/.local/lib/python3.12/site-packages/airflow/example_dags/example_skip_dag.py took 0.161 seconds
[2024-07-16T19:09:26.653+0000] {processor.py:161} INFO - Started process (PID=872) to work on /home/airflow/.local/lib/python3.12/site-packages/airflow/example_dags/example_skip_dag.py
[2024-07-16T19:09:26.654+0000] {processor.py:830} INFO - Processing file /home/airflow/.local/lib/python3.12/site-packages/airflow/example_dags/example_skip_dag.py for tasks to queue
[2024-07-16T19:09:26.655+0000] {logging_mixin.py:188} INFO - [2024-07-16T19:09:26.654+0000] {dagbag.py:545} INFO - Filling up the DagBag from /home/airflow/.local/lib/python3.12/site-packages/airflow/example_dags/example_skip_dag.py
[2024-07-16T19:09:26.662+0000] {processor.py:840} INFO - DAG(s) 'example_skip_dag' retrieved from /home/airflow/.local/lib/python3.12/site-packages/airflow/example_dags/example_skip_dag.py
[2024-07-16T19:09:26.686+0000] {logging_mixin.py:188} INFO - [2024-07-16T19:09:26.685+0000] {dag.py:3096} INFO - Sync 1 DAGs
[2024-07-16T19:09:26.715+0000] {logging_mixin.py:188} INFO - [2024-07-16T19:09:26.714+0000] {dag.py:3954} INFO - Setting next_dagrun for example_skip_dag to 2024-07-15 00:00:00+00:00, run_after=2024-07-16 00:00:00+00:00
[2024-07-16T19:09:26.740+0000] {processor.py:183} INFO - Processing /home/airflow/.local/lib/python3.12/site-packages/airflow/example_dags/example_skip_dag.py took 0.094 seconds
[2024-07-16T19:09:57.070+0000] {processor.py:161} INFO - Started process (PID=931) to work on /home/airflow/.local/lib/python3.12/site-packages/airflow/example_dags/example_skip_dag.py
[2024-07-16T19:09:57.070+0000] {processor.py:830} INFO - Processing file /home/airflow/.local/lib/python3.12/site-packages/airflow/example_dags/example_skip_dag.py for tasks to queue
[2024-07-16T19:09:57.071+0000] {logging_mixin.py:188} INFO - [2024-07-16T19:09:57.071+0000] {dagbag.py:545} INFO - Filling up the DagBag from /home/airflow/.local/lib/python3.12/site-packages/airflow/example_dags/example_skip_dag.py
[2024-07-16T19:09:57.079+0000] {processor.py:840} INFO - DAG(s) 'example_skip_dag' retrieved from /home/airflow/.local/lib/python3.12/site-packages/airflow/example_dags/example_skip_dag.py
[2024-07-16T19:09:57.103+0000] {logging_mixin.py:188} INFO - [2024-07-16T19:09:57.103+0000] {dag.py:3096} INFO - Sync 1 DAGs
[2024-07-16T19:09:57.128+0000] {logging_mixin.py:188} INFO - [2024-07-16T19:09:57.128+0000] {dag.py:3954} INFO - Setting next_dagrun for example_skip_dag to 2024-07-15 00:00:00+00:00, run_after=2024-07-16 00:00:00+00:00
[2024-07-16T19:09:57.152+0000] {processor.py:183} INFO - Processing /home/airflow/.local/lib/python3.12/site-packages/airflow/example_dags/example_skip_dag.py took 0.090 seconds
[2024-07-16T19:10:27.347+0000] {processor.py:161} INFO - Started process (PID=992) to work on /home/airflow/.local/lib/python3.12/site-packages/airflow/example_dags/example_skip_dag.py
[2024-07-16T19:10:27.348+0000] {processor.py:830} INFO - Processing file /home/airflow/.local/lib/python3.12/site-packages/airflow/example_dags/example_skip_dag.py for tasks to queue
[2024-07-16T19:10:27.349+0000] {logging_mixin.py:188} INFO - [2024-07-16T19:10:27.349+0000] {dagbag.py:545} INFO - Filling up the DagBag from /home/airflow/.local/lib/python3.12/site-packages/airflow/example_dags/example_skip_dag.py
[2024-07-16T19:10:27.357+0000] {processor.py:840} INFO - DAG(s) 'example_skip_dag' retrieved from /home/airflow/.local/lib/python3.12/site-packages/airflow/example_dags/example_skip_dag.py
[2024-07-16T19:10:27.381+0000] {logging_mixin.py:188} INFO - [2024-07-16T19:10:27.381+0000] {dag.py:3096} INFO - Sync 1 DAGs
[2024-07-16T19:10:27.405+0000] {logging_mixin.py:188} INFO - [2024-07-16T19:10:27.404+0000] {dag.py:3954} INFO - Setting next_dagrun for example_skip_dag to 2024-07-15 00:00:00+00:00, run_after=2024-07-16 00:00:00+00:00
[2024-07-16T19:10:27.432+0000] {processor.py:183} INFO - Processing /home/airflow/.local/lib/python3.12/site-packages/airflow/example_dags/example_skip_dag.py took 0.092 seconds
[2024-07-16T19:10:58.045+0000] {processor.py:161} INFO - Started process (PID=1058) to work on /home/airflow/.local/lib/python3.12/site-packages/airflow/example_dags/example_skip_dag.py
[2024-07-16T19:10:58.046+0000] {processor.py:830} INFO - Processing file /home/airflow/.local/lib/python3.12/site-packages/airflow/example_dags/example_skip_dag.py for tasks to queue
[2024-07-16T19:10:58.047+0000] {logging_mixin.py:188} INFO - [2024-07-16T19:10:58.047+0000] {dagbag.py:545} INFO - Filling up the DagBag from /home/airflow/.local/lib/python3.12/site-packages/airflow/example_dags/example_skip_dag.py
[2024-07-16T19:10:58.055+0000] {processor.py:840} INFO - DAG(s) 'example_skip_dag' retrieved from /home/airflow/.local/lib/python3.12/site-packages/airflow/example_dags/example_skip_dag.py
[2024-07-16T19:10:58.080+0000] {logging_mixin.py:188} INFO - [2024-07-16T19:10:58.080+0000] {dag.py:3096} INFO - Sync 1 DAGs
[2024-07-16T19:10:58.104+0000] {logging_mixin.py:188} INFO - [2024-07-16T19:10:58.104+0000] {dag.py:3954} INFO - Setting next_dagrun for example_skip_dag to 2024-07-15 00:00:00+00:00, run_after=2024-07-16 00:00:00+00:00
[2024-07-16T19:10:58.129+0000] {processor.py:183} INFO - Processing /home/airflow/.local/lib/python3.12/site-packages/airflow/example_dags/example_skip_dag.py took 0.091 seconds
[2024-07-16T19:11:28.784+0000] {processor.py:161} INFO - Started process (PID=1118) to work on /home/airflow/.local/lib/python3.12/site-packages/airflow/example_dags/example_skip_dag.py
[2024-07-16T19:11:28.785+0000] {processor.py:830} INFO - Processing file /home/airflow/.local/lib/python3.12/site-packages/airflow/example_dags/example_skip_dag.py for tasks to queue
[2024-07-16T19:11:28.786+0000] {logging_mixin.py:188} INFO - [2024-07-16T19:11:28.786+0000] {dagbag.py:545} INFO - Filling up the DagBag from /home/airflow/.local/lib/python3.12/site-packages/airflow/example_dags/example_skip_dag.py
[2024-07-16T19:11:28.795+0000] {processor.py:840} INFO - DAG(s) 'example_skip_dag' retrieved from /home/airflow/.local/lib/python3.12/site-packages/airflow/example_dags/example_skip_dag.py
[2024-07-16T19:11:28.820+0000] {logging_mixin.py:188} INFO - [2024-07-16T19:11:28.820+0000] {dag.py:3096} INFO - Sync 1 DAGs
[2024-07-16T19:11:28.844+0000] {logging_mixin.py:188} INFO - [2024-07-16T19:11:28.844+0000] {dag.py:3954} INFO - Setting next_dagrun for example_skip_dag to 2024-07-15 00:00:00+00:00, run_after=2024-07-16 00:00:00+00:00
[2024-07-16T19:11:28.870+0000] {processor.py:183} INFO - Processing /home/airflow/.local/lib/python3.12/site-packages/airflow/example_dags/example_skip_dag.py took 0.094 seconds
[2024-07-16T19:11:59.096+0000] {processor.py:161} INFO - Started process (PID=1177) to work on /home/airflow/.local/lib/python3.12/site-packages/airflow/example_dags/example_skip_dag.py
[2024-07-16T19:11:59.097+0000] {processor.py:830} INFO - Processing file /home/airflow/.local/lib/python3.12/site-packages/airflow/example_dags/example_skip_dag.py for tasks to queue
[2024-07-16T19:11:59.098+0000] {logging_mixin.py:188} INFO - [2024-07-16T19:11:59.098+0000] {dagbag.py:545} INFO - Filling up the DagBag from /home/airflow/.local/lib/python3.12/site-packages/airflow/example_dags/example_skip_dag.py
[2024-07-16T19:11:59.115+0000] {processor.py:840} INFO - DAG(s) 'example_skip_dag' retrieved from /home/airflow/.local/lib/python3.12/site-packages/airflow/example_dags/example_skip_dag.py
[2024-07-16T19:11:59.186+0000] {logging_mixin.py:188} INFO - [2024-07-16T19:11:59.185+0000] {dag.py:3096} INFO - Sync 1 DAGs
[2024-07-16T19:11:59.225+0000] {logging_mixin.py:188} INFO - [2024-07-16T19:11:59.224+0000] {dag.py:3954} INFO - Setting next_dagrun for example_skip_dag to 2024-07-15 00:00:00+00:00, run_after=2024-07-16 00:00:00+00:00
[2024-07-16T19:11:59.263+0000] {processor.py:183} INFO - Processing /home/airflow/.local/lib/python3.12/site-packages/airflow/example_dags/example_skip_dag.py took 0.174 seconds
[2024-07-16T19:12:30.050+0000] {processor.py:161} INFO - Started process (PID=1237) to work on /home/airflow/.local/lib/python3.12/site-packages/airflow/example_dags/example_skip_dag.py
[2024-07-16T19:12:30.051+0000] {processor.py:830} INFO - Processing file /home/airflow/.local/lib/python3.12/site-packages/airflow/example_dags/example_skip_dag.py for tasks to queue
[2024-07-16T19:12:30.051+0000] {logging_mixin.py:188} INFO - [2024-07-16T19:12:30.051+0000] {dagbag.py:545} INFO - Filling up the DagBag from /home/airflow/.local/lib/python3.12/site-packages/airflow/example_dags/example_skip_dag.py
[2024-07-16T19:12:30.061+0000] {processor.py:840} INFO - DAG(s) 'example_skip_dag' retrieved from /home/airflow/.local/lib/python3.12/site-packages/airflow/example_dags/example_skip_dag.py
[2024-07-16T19:12:30.087+0000] {logging_mixin.py:188} INFO - [2024-07-16T19:12:30.087+0000] {dag.py:3096} INFO - Sync 1 DAGs
[2024-07-16T19:12:30.112+0000] {logging_mixin.py:188} INFO - [2024-07-16T19:12:30.112+0000] {dag.py:3954} INFO - Setting next_dagrun for example_skip_dag to 2024-07-15 00:00:00+00:00, run_after=2024-07-16 00:00:00+00:00
[2024-07-16T19:12:30.137+0000] {processor.py:183} INFO - Processing /home/airflow/.local/lib/python3.12/site-packages/airflow/example_dags/example_skip_dag.py took 0.094 seconds
[2024-07-16T19:13:00.334+0000] {processor.py:161} INFO - Started process (PID=1300) to work on /home/airflow/.local/lib/python3.12/site-packages/airflow/example_dags/example_skip_dag.py
[2024-07-16T19:13:00.335+0000] {processor.py:830} INFO - Processing file /home/airflow/.local/lib/python3.12/site-packages/airflow/example_dags/example_skip_dag.py for tasks to queue
[2024-07-16T19:13:00.337+0000] {logging_mixin.py:188} INFO - [2024-07-16T19:13:00.336+0000] {dagbag.py:545} INFO - Filling up the DagBag from /home/airflow/.local/lib/python3.12/site-packages/airflow/example_dags/example_skip_dag.py
[2024-07-16T19:13:00.345+0000] {processor.py:840} INFO - DAG(s) 'example_skip_dag' retrieved from /home/airflow/.local/lib/python3.12/site-packages/airflow/example_dags/example_skip_dag.py
[2024-07-16T19:13:00.372+0000] {logging_mixin.py:188} INFO - [2024-07-16T19:13:00.372+0000] {dag.py:3096} INFO - Sync 1 DAGs
[2024-07-16T19:13:00.403+0000] {logging_mixin.py:188} INFO - [2024-07-16T19:13:00.403+0000] {dag.py:3954} INFO - Setting next_dagrun for example_skip_dag to 2024-07-15 00:00:00+00:00, run_after=2024-07-16 00:00:00+00:00
[2024-07-16T19:13:00.438+0000] {processor.py:183} INFO - Processing /home/airflow/.local/lib/python3.12/site-packages/airflow/example_dags/example_skip_dag.py took 0.112 seconds
[2024-07-16T19:13:30.480+0000] {processor.py:161} INFO - Started process (PID=1359) to work on /home/airflow/.local/lib/python3.12/site-packages/airflow/example_dags/example_skip_dag.py
[2024-07-16T19:13:30.480+0000] {processor.py:830} INFO - Processing file /home/airflow/.local/lib/python3.12/site-packages/airflow/example_dags/example_skip_dag.py for tasks to queue
[2024-07-16T19:13:30.481+0000] {logging_mixin.py:188} INFO - [2024-07-16T19:13:30.481+0000] {dagbag.py:545} INFO - Filling up the DagBag from /home/airflow/.local/lib/python3.12/site-packages/airflow/example_dags/example_skip_dag.py
[2024-07-16T19:13:30.487+0000] {processor.py:840} INFO - DAG(s) 'example_skip_dag' retrieved from /home/airflow/.local/lib/python3.12/site-packages/airflow/example_dags/example_skip_dag.py
[2024-07-16T19:13:30.505+0000] {logging_mixin.py:188} INFO - [2024-07-16T19:13:30.505+0000] {dag.py:3096} INFO - Sync 1 DAGs
[2024-07-16T19:13:30.523+0000] {logging_mixin.py:188} INFO - [2024-07-16T19:13:30.523+0000] {dag.py:3954} INFO - Setting next_dagrun for example_skip_dag to 2024-07-15 00:00:00+00:00, run_after=2024-07-16 00:00:00+00:00
[2024-07-16T19:13:30.543+0000] {processor.py:183} INFO - Processing /home/airflow/.local/lib/python3.12/site-packages/airflow/example_dags/example_skip_dag.py took 0.069 seconds
[2024-07-16T19:14:00.645+0000] {processor.py:161} INFO - Started process (PID=1418) to work on /home/airflow/.local/lib/python3.12/site-packages/airflow/example_dags/example_skip_dag.py
[2024-07-16T19:14:00.646+0000] {processor.py:830} INFO - Processing file /home/airflow/.local/lib/python3.12/site-packages/airflow/example_dags/example_skip_dag.py for tasks to queue
[2024-07-16T19:14:00.647+0000] {logging_mixin.py:188} INFO - [2024-07-16T19:14:00.647+0000] {dagbag.py:545} INFO - Filling up the DagBag from /home/airflow/.local/lib/python3.12/site-packages/airflow/example_dags/example_skip_dag.py
[2024-07-16T19:14:00.656+0000] {processor.py:840} INFO - DAG(s) 'example_skip_dag' retrieved from /home/airflow/.local/lib/python3.12/site-packages/airflow/example_dags/example_skip_dag.py
[2024-07-16T19:14:00.681+0000] {logging_mixin.py:188} INFO - [2024-07-16T19:14:00.681+0000] {dag.py:3096} INFO - Sync 1 DAGs
[2024-07-16T19:14:00.721+0000] {logging_mixin.py:188} INFO - [2024-07-16T19:14:00.721+0000] {dag.py:3954} INFO - Setting next_dagrun for example_skip_dag to 2024-07-15 00:00:00+00:00, run_after=2024-07-16 00:00:00+00:00
[2024-07-16T19:14:00.751+0000] {processor.py:183} INFO - Processing /home/airflow/.local/lib/python3.12/site-packages/airflow/example_dags/example_skip_dag.py took 0.113 seconds
[2024-07-16T19:14:30.813+0000] {processor.py:161} INFO - Started process (PID=1478) to work on /home/airflow/.local/lib/python3.12/site-packages/airflow/example_dags/example_skip_dag.py
[2024-07-16T19:14:30.814+0000] {processor.py:830} INFO - Processing file /home/airflow/.local/lib/python3.12/site-packages/airflow/example_dags/example_skip_dag.py for tasks to queue
[2024-07-16T19:14:30.815+0000] {logging_mixin.py:188} INFO - [2024-07-16T19:14:30.815+0000] {dagbag.py:545} INFO - Filling up the DagBag from /home/airflow/.local/lib/python3.12/site-packages/airflow/example_dags/example_skip_dag.py
[2024-07-16T19:14:30.821+0000] {processor.py:840} INFO - DAG(s) 'example_skip_dag' retrieved from /home/airflow/.local/lib/python3.12/site-packages/airflow/example_dags/example_skip_dag.py
[2024-07-16T19:14:30.840+0000] {logging_mixin.py:188} INFO - [2024-07-16T19:14:30.840+0000] {dag.py:3096} INFO - Sync 1 DAGs
[2024-07-16T19:14:30.859+0000] {logging_mixin.py:188} INFO - [2024-07-16T19:14:30.859+0000] {dag.py:3954} INFO - Setting next_dagrun for example_skip_dag to 2024-07-15 00:00:00+00:00, run_after=2024-07-16 00:00:00+00:00
[2024-07-16T19:14:30.881+0000] {processor.py:183} INFO - Processing /home/airflow/.local/lib/python3.12/site-packages/airflow/example_dags/example_skip_dag.py took 0.072 seconds
[2024-07-16T19:15:01.052+0000] {processor.py:161} INFO - Started process (PID=1537) to work on /home/airflow/.local/lib/python3.12/site-packages/airflow/example_dags/example_skip_dag.py
[2024-07-16T19:15:01.065+0000] {processor.py:830} INFO - Processing file /home/airflow/.local/lib/python3.12/site-packages/airflow/example_dags/example_skip_dag.py for tasks to queue
[2024-07-16T19:15:01.067+0000] {logging_mixin.py:188} INFO - [2024-07-16T19:15:01.066+0000] {dagbag.py:545} INFO - Filling up the DagBag from /home/airflow/.local/lib/python3.12/site-packages/airflow/example_dags/example_skip_dag.py
[2024-07-16T19:15:01.095+0000] {processor.py:840} INFO - DAG(s) 'example_skip_dag' retrieved from /home/airflow/.local/lib/python3.12/site-packages/airflow/example_dags/example_skip_dag.py
[2024-07-16T19:15:01.129+0000] {logging_mixin.py:188} INFO - [2024-07-16T19:15:01.128+0000] {dag.py:3096} INFO - Sync 1 DAGs
[2024-07-16T19:15:01.170+0000] {logging_mixin.py:188} INFO - [2024-07-16T19:15:01.170+0000] {dag.py:3954} INFO - Setting next_dagrun for example_skip_dag to 2024-07-15 00:00:00+00:00, run_after=2024-07-16 00:00:00+00:00
[2024-07-16T19:15:01.210+0000] {processor.py:183} INFO - Processing /home/airflow/.local/lib/python3.12/site-packages/airflow/example_dags/example_skip_dag.py took 0.175 seconds
[2024-07-16T19:15:31.557+0000] {processor.py:161} INFO - Started process (PID=1597) to work on /home/airflow/.local/lib/python3.12/site-packages/airflow/example_dags/example_skip_dag.py
[2024-07-16T19:15:31.558+0000] {processor.py:830} INFO - Processing file /home/airflow/.local/lib/python3.12/site-packages/airflow/example_dags/example_skip_dag.py for tasks to queue
[2024-07-16T19:15:31.559+0000] {logging_mixin.py:188} INFO - [2024-07-16T19:15:31.559+0000] {dagbag.py:545} INFO - Filling up the DagBag from /home/airflow/.local/lib/python3.12/site-packages/airflow/example_dags/example_skip_dag.py
[2024-07-16T19:15:31.572+0000] {processor.py:840} INFO - DAG(s) 'example_skip_dag' retrieved from /home/airflow/.local/lib/python3.12/site-packages/airflow/example_dags/example_skip_dag.py
[2024-07-16T19:15:35.059+0000] {logging_mixin.py:188} INFO - [2024-07-16T19:15:35.058+0000] {process_utils.py:263} INFO - Waiting up to 5 seconds for processes to exit...
[2024-07-16T19:19:05.946+0000] {processor.py:161} INFO - Started process (PID=32) to work on /home/airflow/.local/lib/python3.12/site-packages/airflow/example_dags/example_skip_dag.py
[2024-07-16T19:19:05.957+0000] {processor.py:830} INFO - Processing file /home/airflow/.local/lib/python3.12/site-packages/airflow/example_dags/example_skip_dag.py for tasks to queue
[2024-07-16T19:19:05.959+0000] {logging_mixin.py:188} INFO - [2024-07-16T19:19:05.959+0000] {dagbag.py:545} INFO - Filling up the DagBag from /home/airflow/.local/lib/python3.12/site-packages/airflow/example_dags/example_skip_dag.py
[2024-07-16T19:19:06.026+0000] {processor.py:840} INFO - DAG(s) 'example_skip_dag' retrieved from /home/airflow/.local/lib/python3.12/site-packages/airflow/example_dags/example_skip_dag.py
[2024-07-16T19:19:06.748+0000] {logging_mixin.py:188} INFO - [2024-07-16T19:19:06.747+0000] {dag.py:3096} INFO - Sync 1 DAGs
[2024-07-16T19:19:06.836+0000] {logging_mixin.py:188} INFO - [2024-07-16T19:19:06.835+0000] {dag.py:3954} INFO - Setting next_dagrun for example_skip_dag to 2024-07-15 00:00:00+00:00, run_after=2024-07-16 00:00:00+00:00
[2024-07-16T19:19:06.941+0000] {processor.py:183} INFO - Processing /home/airflow/.local/lib/python3.12/site-packages/airflow/example_dags/example_skip_dag.py took 1.030 seconds
[2024-07-16T19:19:37.261+0000] {processor.py:161} INFO - Started process (PID=91) to work on /home/airflow/.local/lib/python3.12/site-packages/airflow/example_dags/example_skip_dag.py
[2024-07-16T19:19:37.262+0000] {processor.py:830} INFO - Processing file /home/airflow/.local/lib/python3.12/site-packages/airflow/example_dags/example_skip_dag.py for tasks to queue
[2024-07-16T19:19:37.266+0000] {logging_mixin.py:188} INFO - [2024-07-16T19:19:37.266+0000] {dagbag.py:545} INFO - Filling up the DagBag from /home/airflow/.local/lib/python3.12/site-packages/airflow/example_dags/example_skip_dag.py
[2024-07-16T19:19:37.274+0000] {processor.py:840} INFO - DAG(s) 'example_skip_dag' retrieved from /home/airflow/.local/lib/python3.12/site-packages/airflow/example_dags/example_skip_dag.py
[2024-07-16T19:19:37.299+0000] {logging_mixin.py:188} INFO - [2024-07-16T19:19:37.298+0000] {dag.py:3096} INFO - Sync 1 DAGs
[2024-07-16T19:19:37.323+0000] {logging_mixin.py:188} INFO - [2024-07-16T19:19:37.323+0000] {dag.py:3954} INFO - Setting next_dagrun for example_skip_dag to 2024-07-15 00:00:00+00:00, run_after=2024-07-16 00:00:00+00:00
[2024-07-16T19:19:37.346+0000] {processor.py:183} INFO - Processing /home/airflow/.local/lib/python3.12/site-packages/airflow/example_dags/example_skip_dag.py took 0.093 seconds
[2024-07-16T19:20:07.656+0000] {processor.py:161} INFO - Started process (PID=151) to work on /home/airflow/.local/lib/python3.12/site-packages/airflow/example_dags/example_skip_dag.py
[2024-07-16T19:20:07.662+0000] {processor.py:830} INFO - Processing file /home/airflow/.local/lib/python3.12/site-packages/airflow/example_dags/example_skip_dag.py for tasks to queue
[2024-07-16T19:20:07.665+0000] {logging_mixin.py:188} INFO - [2024-07-16T19:20:07.664+0000] {dagbag.py:545} INFO - Filling up the DagBag from /home/airflow/.local/lib/python3.12/site-packages/airflow/example_dags/example_skip_dag.py
[2024-07-16T19:20:07.683+0000] {processor.py:840} INFO - DAG(s) 'example_skip_dag' retrieved from /home/airflow/.local/lib/python3.12/site-packages/airflow/example_dags/example_skip_dag.py
[2024-07-16T19:20:07.718+0000] {logging_mixin.py:188} INFO - [2024-07-16T19:20:07.717+0000] {dag.py:3096} INFO - Sync 1 DAGs
[2024-07-16T19:20:07.743+0000] {logging_mixin.py:188} INFO - [2024-07-16T19:20:07.743+0000] {dag.py:3954} INFO - Setting next_dagrun for example_skip_dag to 2024-07-15 00:00:00+00:00, run_after=2024-07-16 00:00:00+00:00
[2024-07-16T19:20:07.764+0000] {processor.py:183} INFO - Processing /home/airflow/.local/lib/python3.12/site-packages/airflow/example_dags/example_skip_dag.py took 0.120 seconds
[2024-07-16T19:20:38.240+0000] {processor.py:161} INFO - Started process (PID=210) to work on /home/airflow/.local/lib/python3.12/site-packages/airflow/example_dags/example_skip_dag.py
[2024-07-16T19:20:38.241+0000] {processor.py:830} INFO - Processing file /home/airflow/.local/lib/python3.12/site-packages/airflow/example_dags/example_skip_dag.py for tasks to queue
[2024-07-16T19:20:38.243+0000] {logging_mixin.py:188} INFO - [2024-07-16T19:20:38.243+0000] {dagbag.py:545} INFO - Filling up the DagBag from /home/airflow/.local/lib/python3.12/site-packages/airflow/example_dags/example_skip_dag.py
[2024-07-16T19:20:38.251+0000] {processor.py:840} INFO - DAG(s) 'example_skip_dag' retrieved from /home/airflow/.local/lib/python3.12/site-packages/airflow/example_dags/example_skip_dag.py
[2024-07-16T19:20:38.346+0000] {logging_mixin.py:188} INFO - [2024-07-16T19:20:38.345+0000] {dag.py:3096} INFO - Sync 1 DAGs
[2024-07-16T19:20:38.410+0000] {logging_mixin.py:188} INFO - [2024-07-16T19:20:38.409+0000] {dag.py:3954} INFO - Setting next_dagrun for example_skip_dag to 2024-07-15 00:00:00+00:00, run_after=2024-07-16 00:00:00+00:00
[2024-07-16T19:20:38.481+0000] {processor.py:183} INFO - Processing /home/airflow/.local/lib/python3.12/site-packages/airflow/example_dags/example_skip_dag.py took 0.249 seconds
[2024-07-16T19:21:08.561+0000] {processor.py:161} INFO - Started process (PID=268) to work on /home/airflow/.local/lib/python3.12/site-packages/airflow/example_dags/example_skip_dag.py
[2024-07-16T19:21:08.562+0000] {processor.py:830} INFO - Processing file /home/airflow/.local/lib/python3.12/site-packages/airflow/example_dags/example_skip_dag.py for tasks to queue
[2024-07-16T19:21:08.564+0000] {logging_mixin.py:188} INFO - [2024-07-16T19:21:08.563+0000] {dagbag.py:545} INFO - Filling up the DagBag from /home/airflow/.local/lib/python3.12/site-packages/airflow/example_dags/example_skip_dag.py
[2024-07-16T19:21:08.572+0000] {processor.py:840} INFO - DAG(s) 'example_skip_dag' retrieved from /home/airflow/.local/lib/python3.12/site-packages/airflow/example_dags/example_skip_dag.py
[2024-07-16T19:21:08.596+0000] {logging_mixin.py:188} INFO - [2024-07-16T19:21:08.596+0000] {dag.py:3096} INFO - Sync 1 DAGs
[2024-07-16T19:21:08.614+0000] {logging_mixin.py:188} INFO - [2024-07-16T19:21:08.614+0000] {dag.py:3954} INFO - Setting next_dagrun for example_skip_dag to 2024-07-15 00:00:00+00:00, run_after=2024-07-16 00:00:00+00:00
[2024-07-16T19:21:08.635+0000] {processor.py:183} INFO - Processing /home/airflow/.local/lib/python3.12/site-packages/airflow/example_dags/example_skip_dag.py took 0.079 seconds
[2024-07-16T19:21:38.693+0000] {processor.py:161} INFO - Started process (PID=327) to work on /home/airflow/.local/lib/python3.12/site-packages/airflow/example_dags/example_skip_dag.py
[2024-07-16T19:21:38.694+0000] {processor.py:830} INFO - Processing file /home/airflow/.local/lib/python3.12/site-packages/airflow/example_dags/example_skip_dag.py for tasks to queue
[2024-07-16T19:21:38.696+0000] {logging_mixin.py:188} INFO - [2024-07-16T19:21:38.695+0000] {dagbag.py:545} INFO - Filling up the DagBag from /home/airflow/.local/lib/python3.12/site-packages/airflow/example_dags/example_skip_dag.py
[2024-07-16T19:21:38.703+0000] {processor.py:840} INFO - DAG(s) 'example_skip_dag' retrieved from /home/airflow/.local/lib/python3.12/site-packages/airflow/example_dags/example_skip_dag.py
[2024-07-16T19:21:38.731+0000] {logging_mixin.py:188} INFO - [2024-07-16T19:21:38.730+0000] {dag.py:3096} INFO - Sync 1 DAGs
[2024-07-16T19:21:38.758+0000] {logging_mixin.py:188} INFO - [2024-07-16T19:21:38.758+0000] {dag.py:3954} INFO - Setting next_dagrun for example_skip_dag to 2024-07-15 00:00:00+00:00, run_after=2024-07-16 00:00:00+00:00
[2024-07-16T19:21:38.783+0000] {processor.py:183} INFO - Processing /home/airflow/.local/lib/python3.12/site-packages/airflow/example_dags/example_skip_dag.py took 0.095 seconds
[2024-07-16T19:22:08.832+0000] {processor.py:161} INFO - Started process (PID=386) to work on /home/airflow/.local/lib/python3.12/site-packages/airflow/example_dags/example_skip_dag.py
[2024-07-16T19:22:08.833+0000] {processor.py:830} INFO - Processing file /home/airflow/.local/lib/python3.12/site-packages/airflow/example_dags/example_skip_dag.py for tasks to queue
[2024-07-16T19:22:08.836+0000] {logging_mixin.py:188} INFO - [2024-07-16T19:22:08.836+0000] {dagbag.py:545} INFO - Filling up the DagBag from /home/airflow/.local/lib/python3.12/site-packages/airflow/example_dags/example_skip_dag.py
[2024-07-16T19:22:08.844+0000] {processor.py:840} INFO - DAG(s) 'example_skip_dag' retrieved from /home/airflow/.local/lib/python3.12/site-packages/airflow/example_dags/example_skip_dag.py
[2024-07-16T19:22:08.873+0000] {logging_mixin.py:188} INFO - [2024-07-16T19:22:08.872+0000] {dag.py:3096} INFO - Sync 1 DAGs
[2024-07-16T19:22:08.898+0000] {logging_mixin.py:188} INFO - [2024-07-16T19:22:08.898+0000] {dag.py:3954} INFO - Setting next_dagrun for example_skip_dag to 2024-07-15 00:00:00+00:00, run_after=2024-07-16 00:00:00+00:00
[2024-07-16T19:22:08.922+0000] {processor.py:183} INFO - Processing /home/airflow/.local/lib/python3.12/site-packages/airflow/example_dags/example_skip_dag.py took 0.096 seconds
[2024-07-16T19:22:39.096+0000] {processor.py:161} INFO - Started process (PID=445) to work on /home/airflow/.local/lib/python3.12/site-packages/airflow/example_dags/example_skip_dag.py
[2024-07-16T19:22:39.097+0000] {processor.py:830} INFO - Processing file /home/airflow/.local/lib/python3.12/site-packages/airflow/example_dags/example_skip_dag.py for tasks to queue
[2024-07-16T19:22:39.099+0000] {logging_mixin.py:188} INFO - [2024-07-16T19:22:39.099+0000] {dagbag.py:545} INFO - Filling up the DagBag from /home/airflow/.local/lib/python3.12/site-packages/airflow/example_dags/example_skip_dag.py
[2024-07-16T19:22:39.107+0000] {processor.py:840} INFO - DAG(s) 'example_skip_dag' retrieved from /home/airflow/.local/lib/python3.12/site-packages/airflow/example_dags/example_skip_dag.py
[2024-07-16T19:22:39.132+0000] {logging_mixin.py:188} INFO - [2024-07-16T19:22:39.132+0000] {dag.py:3096} INFO - Sync 1 DAGs
[2024-07-16T19:22:39.158+0000] {logging_mixin.py:188} INFO - [2024-07-16T19:22:39.157+0000] {dag.py:3954} INFO - Setting next_dagrun for example_skip_dag to 2024-07-15 00:00:00+00:00, run_after=2024-07-16 00:00:00+00:00
[2024-07-16T19:22:39.203+0000] {processor.py:183} INFO - Processing /home/airflow/.local/lib/python3.12/site-packages/airflow/example_dags/example_skip_dag.py took 0.113 seconds
[2024-07-16T19:23:09.478+0000] {processor.py:161} INFO - Started process (PID=510) to work on /home/airflow/.local/lib/python3.12/site-packages/airflow/example_dags/example_skip_dag.py
[2024-07-16T19:23:09.479+0000] {processor.py:830} INFO - Processing file /home/airflow/.local/lib/python3.12/site-packages/airflow/example_dags/example_skip_dag.py for tasks to queue
[2024-07-16T19:23:09.482+0000] {logging_mixin.py:188} INFO - [2024-07-16T19:23:09.481+0000] {dagbag.py:545} INFO - Filling up the DagBag from /home/airflow/.local/lib/python3.12/site-packages/airflow/example_dags/example_skip_dag.py
[2024-07-16T19:23:09.490+0000] {processor.py:840} INFO - DAG(s) 'example_skip_dag' retrieved from /home/airflow/.local/lib/python3.12/site-packages/airflow/example_dags/example_skip_dag.py
[2024-07-16T19:23:09.514+0000] {logging_mixin.py:188} INFO - [2024-07-16T19:23:09.514+0000] {dag.py:3096} INFO - Sync 1 DAGs
[2024-07-16T19:23:09.538+0000] {logging_mixin.py:188} INFO - [2024-07-16T19:23:09.538+0000] {dag.py:3954} INFO - Setting next_dagrun for example_skip_dag to 2024-07-15 00:00:00+00:00, run_after=2024-07-16 00:00:00+00:00
[2024-07-16T19:23:09.561+0000] {processor.py:183} INFO - Processing /home/airflow/.local/lib/python3.12/site-packages/airflow/example_dags/example_skip_dag.py took 0.089 seconds
[2024-07-16T19:23:39.847+0000] {processor.py:161} INFO - Started process (PID=569) to work on /home/airflow/.local/lib/python3.12/site-packages/airflow/example_dags/example_skip_dag.py
[2024-07-16T19:23:39.848+0000] {processor.py:830} INFO - Processing file /home/airflow/.local/lib/python3.12/site-packages/airflow/example_dags/example_skip_dag.py for tasks to queue
[2024-07-16T19:23:39.850+0000] {logging_mixin.py:188} INFO - [2024-07-16T19:23:39.849+0000] {dagbag.py:545} INFO - Filling up the DagBag from /home/airflow/.local/lib/python3.12/site-packages/airflow/example_dags/example_skip_dag.py
[2024-07-16T19:23:39.859+0000] {processor.py:840} INFO - DAG(s) 'example_skip_dag' retrieved from /home/airflow/.local/lib/python3.12/site-packages/airflow/example_dags/example_skip_dag.py
[2024-07-16T19:23:39.886+0000] {logging_mixin.py:188} INFO - [2024-07-16T19:23:39.885+0000] {dag.py:3096} INFO - Sync 1 DAGs
[2024-07-16T19:23:39.911+0000] {logging_mixin.py:188} INFO - [2024-07-16T19:23:39.910+0000] {dag.py:3954} INFO - Setting next_dagrun for example_skip_dag to 2024-07-15 00:00:00+00:00, run_after=2024-07-16 00:00:00+00:00
[2024-07-16T19:23:39.974+0000] {processor.py:183} INFO - Processing /home/airflow/.local/lib/python3.12/site-packages/airflow/example_dags/example_skip_dag.py took 0.134 seconds
[2024-07-16T19:24:10.449+0000] {processor.py:161} INFO - Started process (PID=628) to work on /home/airflow/.local/lib/python3.12/site-packages/airflow/example_dags/example_skip_dag.py
[2024-07-16T19:24:10.466+0000] {processor.py:830} INFO - Processing file /home/airflow/.local/lib/python3.12/site-packages/airflow/example_dags/example_skip_dag.py for tasks to queue
[2024-07-16T19:24:10.467+0000] {logging_mixin.py:188} INFO - [2024-07-16T19:24:10.467+0000] {dagbag.py:545} INFO - Filling up the DagBag from /home/airflow/.local/lib/python3.12/site-packages/airflow/example_dags/example_skip_dag.py
[2024-07-16T19:24:10.488+0000] {processor.py:840} INFO - DAG(s) 'example_skip_dag' retrieved from /home/airflow/.local/lib/python3.12/site-packages/airflow/example_dags/example_skip_dag.py
[2024-07-16T19:24:10.563+0000] {logging_mixin.py:188} INFO - [2024-07-16T19:24:10.563+0000] {dag.py:3096} INFO - Sync 1 DAGs
[2024-07-16T19:24:10.607+0000] {logging_mixin.py:188} INFO - [2024-07-16T19:24:10.607+0000] {dag.py:3954} INFO - Setting next_dagrun for example_skip_dag to 2024-07-15 00:00:00+00:00, run_after=2024-07-16 00:00:00+00:00
[2024-07-16T19:24:10.662+0000] {processor.py:183} INFO - Processing /home/airflow/.local/lib/python3.12/site-packages/airflow/example_dags/example_skip_dag.py took 0.228 seconds
[2024-07-16T19:24:41.087+0000] {processor.py:161} INFO - Started process (PID=687) to work on /home/airflow/.local/lib/python3.12/site-packages/airflow/example_dags/example_skip_dag.py
[2024-07-16T19:24:41.088+0000] {processor.py:830} INFO - Processing file /home/airflow/.local/lib/python3.12/site-packages/airflow/example_dags/example_skip_dag.py for tasks to queue
[2024-07-16T19:24:41.089+0000] {logging_mixin.py:188} INFO - [2024-07-16T19:24:41.089+0000] {dagbag.py:545} INFO - Filling up the DagBag from /home/airflow/.local/lib/python3.12/site-packages/airflow/example_dags/example_skip_dag.py
[2024-07-16T19:24:41.096+0000] {processor.py:840} INFO - DAG(s) 'example_skip_dag' retrieved from /home/airflow/.local/lib/python3.12/site-packages/airflow/example_dags/example_skip_dag.py
[2024-07-16T19:24:41.119+0000] {logging_mixin.py:188} INFO - [2024-07-16T19:24:41.119+0000] {dag.py:3096} INFO - Sync 1 DAGs
[2024-07-16T19:24:41.144+0000] {logging_mixin.py:188} INFO - [2024-07-16T19:24:41.144+0000] {dag.py:3954} INFO - Setting next_dagrun for example_skip_dag to 2024-07-15 00:00:00+00:00, run_after=2024-07-16 00:00:00+00:00
[2024-07-16T19:24:41.166+0000] {processor.py:183} INFO - Processing /home/airflow/.local/lib/python3.12/site-packages/airflow/example_dags/example_skip_dag.py took 0.086 seconds
[2024-07-16T19:25:11.459+0000] {processor.py:161} INFO - Started process (PID=747) to work on /home/airflow/.local/lib/python3.12/site-packages/airflow/example_dags/example_skip_dag.py
[2024-07-16T19:25:11.460+0000] {processor.py:830} INFO - Processing file /home/airflow/.local/lib/python3.12/site-packages/airflow/example_dags/example_skip_dag.py for tasks to queue
[2024-07-16T19:25:11.461+0000] {logging_mixin.py:188} INFO - [2024-07-16T19:25:11.461+0000] {dagbag.py:545} INFO - Filling up the DagBag from /home/airflow/.local/lib/python3.12/site-packages/airflow/example_dags/example_skip_dag.py
[2024-07-16T19:25:11.469+0000] {processor.py:840} INFO - DAG(s) 'example_skip_dag' retrieved from /home/airflow/.local/lib/python3.12/site-packages/airflow/example_dags/example_skip_dag.py
[2024-07-16T19:25:11.495+0000] {logging_mixin.py:188} INFO - [2024-07-16T19:25:11.495+0000] {dag.py:3096} INFO - Sync 1 DAGs
[2024-07-16T19:25:11.519+0000] {logging_mixin.py:188} INFO - [2024-07-16T19:25:11.518+0000] {dag.py:3954} INFO - Setting next_dagrun for example_skip_dag to 2024-07-15 00:00:00+00:00, run_after=2024-07-16 00:00:00+00:00
[2024-07-16T19:25:11.540+0000] {processor.py:183} INFO - Processing /home/airflow/.local/lib/python3.12/site-packages/airflow/example_dags/example_skip_dag.py took 0.090 seconds
[2024-07-16T19:25:41.770+0000] {processor.py:161} INFO - Started process (PID=804) to work on /home/airflow/.local/lib/python3.12/site-packages/airflow/example_dags/example_skip_dag.py
[2024-07-16T19:25:41.771+0000] {processor.py:830} INFO - Processing file /home/airflow/.local/lib/python3.12/site-packages/airflow/example_dags/example_skip_dag.py for tasks to queue
[2024-07-16T19:25:41.772+0000] {logging_mixin.py:188} INFO - [2024-07-16T19:25:41.771+0000] {dagbag.py:545} INFO - Filling up the DagBag from /home/airflow/.local/lib/python3.12/site-packages/airflow/example_dags/example_skip_dag.py
[2024-07-16T19:25:41.780+0000] {processor.py:840} INFO - DAG(s) 'example_skip_dag' retrieved from /home/airflow/.local/lib/python3.12/site-packages/airflow/example_dags/example_skip_dag.py
[2024-07-16T19:25:41.804+0000] {logging_mixin.py:188} INFO - [2024-07-16T19:25:41.804+0000] {dag.py:3096} INFO - Sync 1 DAGs
[2024-07-16T19:25:41.828+0000] {logging_mixin.py:188} INFO - [2024-07-16T19:25:41.828+0000] {dag.py:3954} INFO - Setting next_dagrun for example_skip_dag to 2024-07-15 00:00:00+00:00, run_after=2024-07-16 00:00:00+00:00
[2024-07-16T19:25:41.852+0000] {processor.py:183} INFO - Processing /home/airflow/.local/lib/python3.12/site-packages/airflow/example_dags/example_skip_dag.py took 0.090 seconds
[2024-07-16T19:26:12.673+0000] {processor.py:161} INFO - Started process (PID=863) to work on /home/airflow/.local/lib/python3.12/site-packages/airflow/example_dags/example_skip_dag.py
[2024-07-16T19:26:12.674+0000] {processor.py:830} INFO - Processing file /home/airflow/.local/lib/python3.12/site-packages/airflow/example_dags/example_skip_dag.py for tasks to queue
[2024-07-16T19:26:12.675+0000] {logging_mixin.py:188} INFO - [2024-07-16T19:26:12.674+0000] {dagbag.py:545} INFO - Filling up the DagBag from /home/airflow/.local/lib/python3.12/site-packages/airflow/example_dags/example_skip_dag.py
[2024-07-16T19:26:12.683+0000] {processor.py:840} INFO - DAG(s) 'example_skip_dag' retrieved from /home/airflow/.local/lib/python3.12/site-packages/airflow/example_dags/example_skip_dag.py
[2024-07-16T19:26:12.709+0000] {logging_mixin.py:188} INFO - [2024-07-16T19:26:12.708+0000] {dag.py:3096} INFO - Sync 1 DAGs
[2024-07-16T19:26:12.734+0000] {logging_mixin.py:188} INFO - [2024-07-16T19:26:12.733+0000] {dag.py:3954} INFO - Setting next_dagrun for example_skip_dag to 2024-07-15 00:00:00+00:00, run_after=2024-07-16 00:00:00+00:00
[2024-07-16T19:26:12.758+0000] {processor.py:183} INFO - Processing /home/airflow/.local/lib/python3.12/site-packages/airflow/example_dags/example_skip_dag.py took 0.091 seconds
[2024-07-16T19:26:43.722+0000] {processor.py:161} INFO - Started process (PID=922) to work on /home/airflow/.local/lib/python3.12/site-packages/airflow/example_dags/example_skip_dag.py
[2024-07-16T19:26:43.722+0000] {processor.py:830} INFO - Processing file /home/airflow/.local/lib/python3.12/site-packages/airflow/example_dags/example_skip_dag.py for tasks to queue
[2024-07-16T19:26:43.724+0000] {logging_mixin.py:188} INFO - [2024-07-16T19:26:43.723+0000] {dagbag.py:545} INFO - Filling up the DagBag from /home/airflow/.local/lib/python3.12/site-packages/airflow/example_dags/example_skip_dag.py
[2024-07-16T19:26:43.732+0000] {processor.py:840} INFO - DAG(s) 'example_skip_dag' retrieved from /home/airflow/.local/lib/python3.12/site-packages/airflow/example_dags/example_skip_dag.py
[2024-07-16T19:26:43.755+0000] {logging_mixin.py:188} INFO - [2024-07-16T19:26:43.755+0000] {dag.py:3096} INFO - Sync 1 DAGs
[2024-07-16T19:26:43.782+0000] {logging_mixin.py:188} INFO - [2024-07-16T19:26:43.781+0000] {dag.py:3954} INFO - Setting next_dagrun for example_skip_dag to 2024-07-15 00:00:00+00:00, run_after=2024-07-16 00:00:00+00:00
[2024-07-16T19:26:43.806+0000] {processor.py:183} INFO - Processing /home/airflow/.local/lib/python3.12/site-packages/airflow/example_dags/example_skip_dag.py took 0.091 seconds
