[2024-07-16T19:02:36.220+0000] {processor.py:161} INFO - Started process (PID=79) to work on /home/airflow/.local/lib/python3.12/site-packages/airflow/example_dags/example_python_decorator.py
[2024-07-16T19:02:36.222+0000] {processor.py:830} INFO - Processing file /home/airflow/.local/lib/python3.12/site-packages/airflow/example_dags/example_python_decorator.py for tasks to queue
[2024-07-16T19:02:36.227+0000] {logging_mixin.py:188} INFO - [2024-07-16T19:02:36.227+0000] {dagbag.py:545} INFO - Filling up the DagBag from /home/airflow/.local/lib/python3.12/site-packages/airflow/example_dags/example_python_decorator.py
[2024-07-16T19:02:36.304+0000] {processor.py:840} INFO - DAG(s) 'example_python_decorator' retrieved from /home/airflow/.local/lib/python3.12/site-packages/airflow/example_dags/example_python_decorator.py
[2024-07-16T19:02:37.183+0000] {logging_mixin.py:188} INFO - [2024-07-16T19:02:37.183+0000] {dag.py:3096} INFO - Sync 1 DAGs
[2024-07-16T19:02:37.247+0000] {logging_mixin.py:188} INFO - [2024-07-16T19:02:37.247+0000] {dag.py:3954} INFO - Setting next_dagrun for example_python_decorator to None, run_after=None
[2024-07-16T19:02:37.335+0000] {processor.py:183} INFO - Processing /home/airflow/.local/lib/python3.12/site-packages/airflow/example_dags/example_python_decorator.py took 1.155 seconds
[2024-07-16T19:03:08.107+0000] {processor.py:161} INFO - Started process (PID=138) to work on /home/airflow/.local/lib/python3.12/site-packages/airflow/example_dags/example_python_decorator.py
[2024-07-16T19:03:08.113+0000] {processor.py:830} INFO - Processing file /home/airflow/.local/lib/python3.12/site-packages/airflow/example_dags/example_python_decorator.py for tasks to queue
[2024-07-16T19:03:08.115+0000] {logging_mixin.py:188} INFO - [2024-07-16T19:03:08.114+0000] {dagbag.py:545} INFO - Filling up the DagBag from /home/airflow/.local/lib/python3.12/site-packages/airflow/example_dags/example_python_decorator.py
[2024-07-16T19:03:08.131+0000] {processor.py:840} INFO - DAG(s) 'example_python_decorator' retrieved from /home/airflow/.local/lib/python3.12/site-packages/airflow/example_dags/example_python_decorator.py
[2024-07-16T19:03:08.169+0000] {logging_mixin.py:188} INFO - [2024-07-16T19:03:08.168+0000] {dag.py:3096} INFO - Sync 1 DAGs
[2024-07-16T19:03:08.184+0000] {logging_mixin.py:188} INFO - [2024-07-16T19:03:08.184+0000] {dag.py:3954} INFO - Setting next_dagrun for example_python_decorator to None, run_after=None
[2024-07-16T19:03:08.209+0000] {processor.py:183} INFO - Processing /home/airflow/.local/lib/python3.12/site-packages/airflow/example_dags/example_python_decorator.py took 0.110 seconds
[2024-07-16T19:03:38.238+0000] {processor.py:161} INFO - Started process (PID=197) to work on /home/airflow/.local/lib/python3.12/site-packages/airflow/example_dags/example_python_decorator.py
[2024-07-16T19:03:38.238+0000] {processor.py:830} INFO - Processing file /home/airflow/.local/lib/python3.12/site-packages/airflow/example_dags/example_python_decorator.py for tasks to queue
[2024-07-16T19:03:38.240+0000] {logging_mixin.py:188} INFO - [2024-07-16T19:03:38.240+0000] {dagbag.py:545} INFO - Filling up the DagBag from /home/airflow/.local/lib/python3.12/site-packages/airflow/example_dags/example_python_decorator.py
[2024-07-16T19:03:38.250+0000] {processor.py:840} INFO - DAG(s) 'example_python_decorator' retrieved from /home/airflow/.local/lib/python3.12/site-packages/airflow/example_dags/example_python_decorator.py
[2024-07-16T19:03:38.270+0000] {logging_mixin.py:188} INFO - [2024-07-16T19:03:38.270+0000] {dag.py:3096} INFO - Sync 1 DAGs
[2024-07-16T19:03:38.281+0000] {logging_mixin.py:188} INFO - [2024-07-16T19:03:38.281+0000] {dag.py:3954} INFO - Setting next_dagrun for example_python_decorator to None, run_after=None
[2024-07-16T19:03:38.302+0000] {processor.py:183} INFO - Processing /home/airflow/.local/lib/python3.12/site-packages/airflow/example_dags/example_python_decorator.py took 0.069 seconds
[2024-07-16T19:04:08.828+0000] {processor.py:161} INFO - Started process (PID=257) to work on /home/airflow/.local/lib/python3.12/site-packages/airflow/example_dags/example_python_decorator.py
[2024-07-16T19:04:08.830+0000] {processor.py:830} INFO - Processing file /home/airflow/.local/lib/python3.12/site-packages/airflow/example_dags/example_python_decorator.py for tasks to queue
[2024-07-16T19:04:08.832+0000] {logging_mixin.py:188} INFO - [2024-07-16T19:04:08.831+0000] {dagbag.py:545} INFO - Filling up the DagBag from /home/airflow/.local/lib/python3.12/site-packages/airflow/example_dags/example_python_decorator.py
[2024-07-16T19:04:08.848+0000] {processor.py:840} INFO - DAG(s) 'example_python_decorator' retrieved from /home/airflow/.local/lib/python3.12/site-packages/airflow/example_dags/example_python_decorator.py
[2024-07-16T19:04:08.878+0000] {logging_mixin.py:188} INFO - [2024-07-16T19:04:08.878+0000] {dag.py:3096} INFO - Sync 1 DAGs
[2024-07-16T19:04:08.895+0000] {logging_mixin.py:188} INFO - [2024-07-16T19:04:08.894+0000] {dag.py:3954} INFO - Setting next_dagrun for example_python_decorator to None, run_after=None
[2024-07-16T19:04:08.920+0000] {processor.py:183} INFO - Processing /home/airflow/.local/lib/python3.12/site-packages/airflow/example_dags/example_python_decorator.py took 0.099 seconds
[2024-07-16T19:04:39.235+0000] {processor.py:161} INFO - Started process (PID=315) to work on /home/airflow/.local/lib/python3.12/site-packages/airflow/example_dags/example_python_decorator.py
[2024-07-16T19:04:39.236+0000] {processor.py:830} INFO - Processing file /home/airflow/.local/lib/python3.12/site-packages/airflow/example_dags/example_python_decorator.py for tasks to queue
[2024-07-16T19:04:39.238+0000] {logging_mixin.py:188} INFO - [2024-07-16T19:04:39.238+0000] {dagbag.py:545} INFO - Filling up the DagBag from /home/airflow/.local/lib/python3.12/site-packages/airflow/example_dags/example_python_decorator.py
[2024-07-16T19:04:39.254+0000] {processor.py:840} INFO - DAG(s) 'example_python_decorator' retrieved from /home/airflow/.local/lib/python3.12/site-packages/airflow/example_dags/example_python_decorator.py
[2024-07-16T19:04:39.282+0000] {logging_mixin.py:188} INFO - [2024-07-16T19:04:39.282+0000] {dag.py:3096} INFO - Sync 1 DAGs
[2024-07-16T19:04:39.301+0000] {logging_mixin.py:188} INFO - [2024-07-16T19:04:39.301+0000] {dag.py:3954} INFO - Setting next_dagrun for example_python_decorator to None, run_after=None
[2024-07-16T19:04:39.330+0000] {processor.py:183} INFO - Processing /home/airflow/.local/lib/python3.12/site-packages/airflow/example_dags/example_python_decorator.py took 0.100 seconds
[2024-07-16T19:05:09.459+0000] {processor.py:161} INFO - Started process (PID=377) to work on /home/airflow/.local/lib/python3.12/site-packages/airflow/example_dags/example_python_decorator.py
[2024-07-16T19:05:09.460+0000] {processor.py:830} INFO - Processing file /home/airflow/.local/lib/python3.12/site-packages/airflow/example_dags/example_python_decorator.py for tasks to queue
[2024-07-16T19:05:09.462+0000] {logging_mixin.py:188} INFO - [2024-07-16T19:05:09.461+0000] {dagbag.py:545} INFO - Filling up the DagBag from /home/airflow/.local/lib/python3.12/site-packages/airflow/example_dags/example_python_decorator.py
[2024-07-16T19:05:09.479+0000] {processor.py:840} INFO - DAG(s) 'example_python_decorator' retrieved from /home/airflow/.local/lib/python3.12/site-packages/airflow/example_dags/example_python_decorator.py
[2024-07-16T19:05:09.507+0000] {logging_mixin.py:188} INFO - [2024-07-16T19:05:09.507+0000] {dag.py:3096} INFO - Sync 1 DAGs
[2024-07-16T19:05:09.522+0000] {logging_mixin.py:188} INFO - [2024-07-16T19:05:09.522+0000] {dag.py:3954} INFO - Setting next_dagrun for example_python_decorator to None, run_after=None
[2024-07-16T19:05:09.548+0000] {processor.py:183} INFO - Processing /home/airflow/.local/lib/python3.12/site-packages/airflow/example_dags/example_python_decorator.py took 0.095 seconds
[2024-07-16T19:05:40.203+0000] {processor.py:161} INFO - Started process (PID=438) to work on /home/airflow/.local/lib/python3.12/site-packages/airflow/example_dags/example_python_decorator.py
[2024-07-16T19:05:40.204+0000] {processor.py:830} INFO - Processing file /home/airflow/.local/lib/python3.12/site-packages/airflow/example_dags/example_python_decorator.py for tasks to queue
[2024-07-16T19:05:40.206+0000] {logging_mixin.py:188} INFO - [2024-07-16T19:05:40.206+0000] {dagbag.py:545} INFO - Filling up the DagBag from /home/airflow/.local/lib/python3.12/site-packages/airflow/example_dags/example_python_decorator.py
[2024-07-16T19:05:40.235+0000] {processor.py:840} INFO - DAG(s) 'example_python_decorator' retrieved from /home/airflow/.local/lib/python3.12/site-packages/airflow/example_dags/example_python_decorator.py
[2024-07-16T19:05:40.266+0000] {logging_mixin.py:188} INFO - [2024-07-16T19:05:40.265+0000] {dag.py:3096} INFO - Sync 1 DAGs
[2024-07-16T19:05:40.284+0000] {logging_mixin.py:188} INFO - [2024-07-16T19:05:40.284+0000] {dag.py:3954} INFO - Setting next_dagrun for example_python_decorator to None, run_after=None
[2024-07-16T19:05:40.312+0000] {processor.py:183} INFO - Processing /home/airflow/.local/lib/python3.12/site-packages/airflow/example_dags/example_python_decorator.py took 0.116 seconds
[2024-07-16T19:06:11.185+0000] {processor.py:161} INFO - Started process (PID=498) to work on /home/airflow/.local/lib/python3.12/site-packages/airflow/example_dags/example_python_decorator.py
[2024-07-16T19:06:11.187+0000] {processor.py:830} INFO - Processing file /home/airflow/.local/lib/python3.12/site-packages/airflow/example_dags/example_python_decorator.py for tasks to queue
[2024-07-16T19:06:11.193+0000] {logging_mixin.py:188} INFO - [2024-07-16T19:06:11.192+0000] {dagbag.py:545} INFO - Filling up the DagBag from /home/airflow/.local/lib/python3.12/site-packages/airflow/example_dags/example_python_decorator.py
[2024-07-16T19:06:11.243+0000] {processor.py:840} INFO - DAG(s) 'example_python_decorator' retrieved from /home/airflow/.local/lib/python3.12/site-packages/airflow/example_dags/example_python_decorator.py
[2024-07-16T19:06:11.370+0000] {logging_mixin.py:188} INFO - [2024-07-16T19:06:11.370+0000] {dag.py:3096} INFO - Sync 1 DAGs
[2024-07-16T19:06:11.418+0000] {logging_mixin.py:188} INFO - [2024-07-16T19:06:11.418+0000] {dag.py:3954} INFO - Setting next_dagrun for example_python_decorator to None, run_after=None
[2024-07-16T19:06:11.523+0000] {processor.py:183} INFO - Processing /home/airflow/.local/lib/python3.12/site-packages/airflow/example_dags/example_python_decorator.py took 0.358 seconds
[2024-07-16T19:06:42.161+0000] {processor.py:161} INFO - Started process (PID=558) to work on /home/airflow/.local/lib/python3.12/site-packages/airflow/example_dags/example_python_decorator.py
[2024-07-16T19:06:42.162+0000] {processor.py:830} INFO - Processing file /home/airflow/.local/lib/python3.12/site-packages/airflow/example_dags/example_python_decorator.py for tasks to queue
[2024-07-16T19:06:42.163+0000] {logging_mixin.py:188} INFO - [2024-07-16T19:06:42.163+0000] {dagbag.py:545} INFO - Filling up the DagBag from /home/airflow/.local/lib/python3.12/site-packages/airflow/example_dags/example_python_decorator.py
[2024-07-16T19:06:42.180+0000] {processor.py:840} INFO - DAG(s) 'example_python_decorator' retrieved from /home/airflow/.local/lib/python3.12/site-packages/airflow/example_dags/example_python_decorator.py
[2024-07-16T19:06:42.214+0000] {logging_mixin.py:188} INFO - [2024-07-16T19:06:42.213+0000] {dag.py:3096} INFO - Sync 1 DAGs
[2024-07-16T19:06:42.228+0000] {logging_mixin.py:188} INFO - [2024-07-16T19:06:42.228+0000] {dag.py:3954} INFO - Setting next_dagrun for example_python_decorator to None, run_after=None
[2024-07-16T19:06:42.255+0000] {processor.py:183} INFO - Processing /home/airflow/.local/lib/python3.12/site-packages/airflow/example_dags/example_python_decorator.py took 0.101 seconds
[2024-07-16T19:07:13.084+0000] {processor.py:161} INFO - Started process (PID=621) to work on /home/airflow/.local/lib/python3.12/site-packages/airflow/example_dags/example_python_decorator.py
[2024-07-16T19:07:13.092+0000] {processor.py:830} INFO - Processing file /home/airflow/.local/lib/python3.12/site-packages/airflow/example_dags/example_python_decorator.py for tasks to queue
[2024-07-16T19:07:13.093+0000] {logging_mixin.py:188} INFO - [2024-07-16T19:07:13.092+0000] {dagbag.py:545} INFO - Filling up the DagBag from /home/airflow/.local/lib/python3.12/site-packages/airflow/example_dags/example_python_decorator.py
[2024-07-16T19:07:13.123+0000] {processor.py:840} INFO - DAG(s) 'example_python_decorator' retrieved from /home/airflow/.local/lib/python3.12/site-packages/airflow/example_dags/example_python_decorator.py
[2024-07-16T19:07:13.158+0000] {logging_mixin.py:188} INFO - [2024-07-16T19:07:13.158+0000] {dag.py:3096} INFO - Sync 1 DAGs
[2024-07-16T19:07:13.186+0000] {logging_mixin.py:188} INFO - [2024-07-16T19:07:13.186+0000] {dag.py:3954} INFO - Setting next_dagrun for example_python_decorator to None, run_after=None
[2024-07-16T19:07:13.222+0000] {processor.py:183} INFO - Processing /home/airflow/.local/lib/python3.12/site-packages/airflow/example_dags/example_python_decorator.py took 0.160 seconds
[2024-07-16T19:07:43.275+0000] {processor.py:161} INFO - Started process (PID=680) to work on /home/airflow/.local/lib/python3.12/site-packages/airflow/example_dags/example_python_decorator.py
[2024-07-16T19:07:43.276+0000] {processor.py:830} INFO - Processing file /home/airflow/.local/lib/python3.12/site-packages/airflow/example_dags/example_python_decorator.py for tasks to queue
[2024-07-16T19:07:43.276+0000] {logging_mixin.py:188} INFO - [2024-07-16T19:07:43.276+0000] {dagbag.py:545} INFO - Filling up the DagBag from /home/airflow/.local/lib/python3.12/site-packages/airflow/example_dags/example_python_decorator.py
[2024-07-16T19:07:43.287+0000] {processor.py:840} INFO - DAG(s) 'example_python_decorator' retrieved from /home/airflow/.local/lib/python3.12/site-packages/airflow/example_dags/example_python_decorator.py
[2024-07-16T19:07:43.307+0000] {logging_mixin.py:188} INFO - [2024-07-16T19:07:43.307+0000] {dag.py:3096} INFO - Sync 1 DAGs
[2024-07-16T19:07:43.322+0000] {logging_mixin.py:188} INFO - [2024-07-16T19:07:43.321+0000] {dag.py:3954} INFO - Setting next_dagrun for example_python_decorator to None, run_after=None
[2024-07-16T19:07:43.347+0000] {processor.py:183} INFO - Processing /home/airflow/.local/lib/python3.12/site-packages/airflow/example_dags/example_python_decorator.py took 0.077 seconds
[2024-07-16T19:08:13.964+0000] {processor.py:161} INFO - Started process (PID=739) to work on /home/airflow/.local/lib/python3.12/site-packages/airflow/example_dags/example_python_decorator.py
[2024-07-16T19:08:13.965+0000] {processor.py:830} INFO - Processing file /home/airflow/.local/lib/python3.12/site-packages/airflow/example_dags/example_python_decorator.py for tasks to queue
[2024-07-16T19:08:13.965+0000] {logging_mixin.py:188} INFO - [2024-07-16T19:08:13.965+0000] {dagbag.py:545} INFO - Filling up the DagBag from /home/airflow/.local/lib/python3.12/site-packages/airflow/example_dags/example_python_decorator.py
[2024-07-16T19:08:13.976+0000] {processor.py:840} INFO - DAG(s) 'example_python_decorator' retrieved from /home/airflow/.local/lib/python3.12/site-packages/airflow/example_dags/example_python_decorator.py
[2024-07-16T19:08:13.995+0000] {logging_mixin.py:188} INFO - [2024-07-16T19:08:13.995+0000] {dag.py:3096} INFO - Sync 1 DAGs
[2024-07-16T19:08:14.008+0000] {logging_mixin.py:188} INFO - [2024-07-16T19:08:14.008+0000] {dag.py:3954} INFO - Setting next_dagrun for example_python_decorator to None, run_after=None
[2024-07-16T19:08:14.028+0000] {processor.py:183} INFO - Processing /home/airflow/.local/lib/python3.12/site-packages/airflow/example_dags/example_python_decorator.py took 0.068 seconds
[2024-07-16T19:08:44.999+0000] {processor.py:161} INFO - Started process (PID=797) to work on /home/airflow/.local/lib/python3.12/site-packages/airflow/example_dags/example_python_decorator.py
[2024-07-16T19:08:45.000+0000] {processor.py:830} INFO - Processing file /home/airflow/.local/lib/python3.12/site-packages/airflow/example_dags/example_python_decorator.py for tasks to queue
[2024-07-16T19:08:45.001+0000] {logging_mixin.py:188} INFO - [2024-07-16T19:08:45.001+0000] {dagbag.py:545} INFO - Filling up the DagBag from /home/airflow/.local/lib/python3.12/site-packages/airflow/example_dags/example_python_decorator.py
[2024-07-16T19:08:45.012+0000] {processor.py:840} INFO - DAG(s) 'example_python_decorator' retrieved from /home/airflow/.local/lib/python3.12/site-packages/airflow/example_dags/example_python_decorator.py
[2024-07-16T19:08:45.033+0000] {logging_mixin.py:188} INFO - [2024-07-16T19:08:45.033+0000] {dag.py:3096} INFO - Sync 1 DAGs
[2024-07-16T19:08:45.045+0000] {logging_mixin.py:188} INFO - [2024-07-16T19:08:45.045+0000] {dag.py:3954} INFO - Setting next_dagrun for example_python_decorator to None, run_after=None
[2024-07-16T19:08:45.065+0000] {processor.py:183} INFO - Processing /home/airflow/.local/lib/python3.12/site-packages/airflow/example_dags/example_python_decorator.py took 0.070 seconds
[2024-07-16T19:09:15.649+0000] {processor.py:161} INFO - Started process (PID=857) to work on /home/airflow/.local/lib/python3.12/site-packages/airflow/example_dags/example_python_decorator.py
[2024-07-16T19:09:15.650+0000] {processor.py:830} INFO - Processing file /home/airflow/.local/lib/python3.12/site-packages/airflow/example_dags/example_python_decorator.py for tasks to queue
[2024-07-16T19:09:15.651+0000] {logging_mixin.py:188} INFO - [2024-07-16T19:09:15.651+0000] {dagbag.py:545} INFO - Filling up the DagBag from /home/airflow/.local/lib/python3.12/site-packages/airflow/example_dags/example_python_decorator.py
[2024-07-16T19:09:15.662+0000] {processor.py:840} INFO - DAG(s) 'example_python_decorator' retrieved from /home/airflow/.local/lib/python3.12/site-packages/airflow/example_dags/example_python_decorator.py
[2024-07-16T19:09:15.681+0000] {logging_mixin.py:188} INFO - [2024-07-16T19:09:15.680+0000] {dag.py:3096} INFO - Sync 1 DAGs
[2024-07-16T19:09:15.691+0000] {logging_mixin.py:188} INFO - [2024-07-16T19:09:15.690+0000] {dag.py:3954} INFO - Setting next_dagrun for example_python_decorator to None, run_after=None
[2024-07-16T19:09:15.714+0000] {processor.py:183} INFO - Processing /home/airflow/.local/lib/python3.12/site-packages/airflow/example_dags/example_python_decorator.py took 0.069 seconds
[2024-07-16T19:09:46.092+0000] {processor.py:161} INFO - Started process (PID=920) to work on /home/airflow/.local/lib/python3.12/site-packages/airflow/example_dags/example_python_decorator.py
[2024-07-16T19:09:46.092+0000] {processor.py:830} INFO - Processing file /home/airflow/.local/lib/python3.12/site-packages/airflow/example_dags/example_python_decorator.py for tasks to queue
[2024-07-16T19:09:46.093+0000] {logging_mixin.py:188} INFO - [2024-07-16T19:09:46.093+0000] {dagbag.py:545} INFO - Filling up the DagBag from /home/airflow/.local/lib/python3.12/site-packages/airflow/example_dags/example_python_decorator.py
[2024-07-16T19:09:46.103+0000] {processor.py:840} INFO - DAG(s) 'example_python_decorator' retrieved from /home/airflow/.local/lib/python3.12/site-packages/airflow/example_dags/example_python_decorator.py
[2024-07-16T19:09:46.122+0000] {logging_mixin.py:188} INFO - [2024-07-16T19:09:46.122+0000] {dag.py:3096} INFO - Sync 1 DAGs
[2024-07-16T19:09:46.134+0000] {logging_mixin.py:188} INFO - [2024-07-16T19:09:46.133+0000] {dag.py:3954} INFO - Setting next_dagrun for example_python_decorator to None, run_after=None
[2024-07-16T19:09:46.154+0000] {processor.py:183} INFO - Processing /home/airflow/.local/lib/python3.12/site-packages/airflow/example_dags/example_python_decorator.py took 0.067 seconds
[2024-07-16T19:10:16.616+0000] {processor.py:161} INFO - Started process (PID=981) to work on /home/airflow/.local/lib/python3.12/site-packages/airflow/example_dags/example_python_decorator.py
[2024-07-16T19:10:16.616+0000] {processor.py:830} INFO - Processing file /home/airflow/.local/lib/python3.12/site-packages/airflow/example_dags/example_python_decorator.py for tasks to queue
[2024-07-16T19:10:16.617+0000] {logging_mixin.py:188} INFO - [2024-07-16T19:10:16.617+0000] {dagbag.py:545} INFO - Filling up the DagBag from /home/airflow/.local/lib/python3.12/site-packages/airflow/example_dags/example_python_decorator.py
[2024-07-16T19:10:16.628+0000] {processor.py:840} INFO - DAG(s) 'example_python_decorator' retrieved from /home/airflow/.local/lib/python3.12/site-packages/airflow/example_dags/example_python_decorator.py
[2024-07-16T19:10:16.647+0000] {logging_mixin.py:188} INFO - [2024-07-16T19:10:16.646+0000] {dag.py:3096} INFO - Sync 1 DAGs
[2024-07-16T19:10:16.658+0000] {logging_mixin.py:188} INFO - [2024-07-16T19:10:16.658+0000] {dag.py:3954} INFO - Setting next_dagrun for example_python_decorator to None, run_after=None
[2024-07-16T19:10:16.678+0000] {processor.py:183} INFO - Processing /home/airflow/.local/lib/python3.12/site-packages/airflow/example_dags/example_python_decorator.py took 0.067 seconds
[2024-07-16T19:10:47.399+0000] {processor.py:161} INFO - Started process (PID=1040) to work on /home/airflow/.local/lib/python3.12/site-packages/airflow/example_dags/example_python_decorator.py
[2024-07-16T19:10:47.400+0000] {processor.py:830} INFO - Processing file /home/airflow/.local/lib/python3.12/site-packages/airflow/example_dags/example_python_decorator.py for tasks to queue
[2024-07-16T19:10:47.401+0000] {logging_mixin.py:188} INFO - [2024-07-16T19:10:47.400+0000] {dagbag.py:545} INFO - Filling up the DagBag from /home/airflow/.local/lib/python3.12/site-packages/airflow/example_dags/example_python_decorator.py
[2024-07-16T19:10:47.411+0000] {processor.py:840} INFO - DAG(s) 'example_python_decorator' retrieved from /home/airflow/.local/lib/python3.12/site-packages/airflow/example_dags/example_python_decorator.py
[2024-07-16T19:10:47.431+0000] {logging_mixin.py:188} INFO - [2024-07-16T19:10:47.431+0000] {dag.py:3096} INFO - Sync 1 DAGs
[2024-07-16T19:10:47.442+0000] {logging_mixin.py:188} INFO - [2024-07-16T19:10:47.442+0000] {dag.py:3954} INFO - Setting next_dagrun for example_python_decorator to None, run_after=None
[2024-07-16T19:10:47.464+0000] {processor.py:183} INFO - Processing /home/airflow/.local/lib/python3.12/site-packages/airflow/example_dags/example_python_decorator.py took 0.070 seconds
[2024-07-16T19:11:17.896+0000] {processor.py:161} INFO - Started process (PID=1101) to work on /home/airflow/.local/lib/python3.12/site-packages/airflow/example_dags/example_python_decorator.py
[2024-07-16T19:11:17.896+0000] {processor.py:830} INFO - Processing file /home/airflow/.local/lib/python3.12/site-packages/airflow/example_dags/example_python_decorator.py for tasks to queue
[2024-07-16T19:11:17.897+0000] {logging_mixin.py:188} INFO - [2024-07-16T19:11:17.897+0000] {dagbag.py:545} INFO - Filling up the DagBag from /home/airflow/.local/lib/python3.12/site-packages/airflow/example_dags/example_python_decorator.py
[2024-07-16T19:11:17.907+0000] {processor.py:840} INFO - DAG(s) 'example_python_decorator' retrieved from /home/airflow/.local/lib/python3.12/site-packages/airflow/example_dags/example_python_decorator.py
[2024-07-16T19:11:17.926+0000] {logging_mixin.py:188} INFO - [2024-07-16T19:11:17.926+0000] {dag.py:3096} INFO - Sync 1 DAGs
[2024-07-16T19:11:17.936+0000] {logging_mixin.py:188} INFO - [2024-07-16T19:11:17.936+0000] {dag.py:3954} INFO - Setting next_dagrun for example_python_decorator to None, run_after=None
[2024-07-16T19:11:17.961+0000] {processor.py:183} INFO - Processing /home/airflow/.local/lib/python3.12/site-packages/airflow/example_dags/example_python_decorator.py took 0.069 seconds
[2024-07-16T19:11:48.289+0000] {processor.py:161} INFO - Started process (PID=1160) to work on /home/airflow/.local/lib/python3.12/site-packages/airflow/example_dags/example_python_decorator.py
[2024-07-16T19:11:48.290+0000] {processor.py:830} INFO - Processing file /home/airflow/.local/lib/python3.12/site-packages/airflow/example_dags/example_python_decorator.py for tasks to queue
[2024-07-16T19:11:48.295+0000] {logging_mixin.py:188} INFO - [2024-07-16T19:11:48.295+0000] {dagbag.py:545} INFO - Filling up the DagBag from /home/airflow/.local/lib/python3.12/site-packages/airflow/example_dags/example_python_decorator.py
[2024-07-16T19:11:48.307+0000] {processor.py:840} INFO - DAG(s) 'example_python_decorator' retrieved from /home/airflow/.local/lib/python3.12/site-packages/airflow/example_dags/example_python_decorator.py
[2024-07-16T19:11:48.329+0000] {logging_mixin.py:188} INFO - [2024-07-16T19:11:48.329+0000] {dag.py:3096} INFO - Sync 1 DAGs
[2024-07-16T19:11:48.340+0000] {logging_mixin.py:188} INFO - [2024-07-16T19:11:48.340+0000] {dag.py:3954} INFO - Setting next_dagrun for example_python_decorator to None, run_after=None
[2024-07-16T19:11:48.362+0000] {processor.py:183} INFO - Processing /home/airflow/.local/lib/python3.12/site-packages/airflow/example_dags/example_python_decorator.py took 0.081 seconds
[2024-07-16T19:12:18.906+0000] {processor.py:161} INFO - Started process (PID=1219) to work on /home/airflow/.local/lib/python3.12/site-packages/airflow/example_dags/example_python_decorator.py
[2024-07-16T19:12:18.908+0000] {processor.py:830} INFO - Processing file /home/airflow/.local/lib/python3.12/site-packages/airflow/example_dags/example_python_decorator.py for tasks to queue
[2024-07-16T19:12:18.909+0000] {logging_mixin.py:188} INFO - [2024-07-16T19:12:18.908+0000] {dagbag.py:545} INFO - Filling up the DagBag from /home/airflow/.local/lib/python3.12/site-packages/airflow/example_dags/example_python_decorator.py
[2024-07-16T19:12:18.926+0000] {processor.py:840} INFO - DAG(s) 'example_python_decorator' retrieved from /home/airflow/.local/lib/python3.12/site-packages/airflow/example_dags/example_python_decorator.py
[2024-07-16T19:12:18.957+0000] {logging_mixin.py:188} INFO - [2024-07-16T19:12:18.957+0000] {dag.py:3096} INFO - Sync 1 DAGs
[2024-07-16T19:12:18.974+0000] {logging_mixin.py:188} INFO - [2024-07-16T19:12:18.974+0000] {dag.py:3954} INFO - Setting next_dagrun for example_python_decorator to None, run_after=None
[2024-07-16T19:12:19.033+0000] {processor.py:183} INFO - Processing /home/airflow/.local/lib/python3.12/site-packages/airflow/example_dags/example_python_decorator.py took 0.133 seconds
[2024-07-16T19:12:49.972+0000] {processor.py:161} INFO - Started process (PID=1279) to work on /home/airflow/.local/lib/python3.12/site-packages/airflow/example_dags/example_python_decorator.py
[2024-07-16T19:12:49.973+0000] {processor.py:830} INFO - Processing file /home/airflow/.local/lib/python3.12/site-packages/airflow/example_dags/example_python_decorator.py for tasks to queue
[2024-07-16T19:12:49.975+0000] {logging_mixin.py:188} INFO - [2024-07-16T19:12:49.974+0000] {dagbag.py:545} INFO - Filling up the DagBag from /home/airflow/.local/lib/python3.12/site-packages/airflow/example_dags/example_python_decorator.py
[2024-07-16T19:12:49.991+0000] {processor.py:840} INFO - DAG(s) 'example_python_decorator' retrieved from /home/airflow/.local/lib/python3.12/site-packages/airflow/example_dags/example_python_decorator.py
[2024-07-16T19:12:50.024+0000] {logging_mixin.py:188} INFO - [2024-07-16T19:12:50.024+0000] {dag.py:3096} INFO - Sync 1 DAGs
[2024-07-16T19:12:50.041+0000] {logging_mixin.py:188} INFO - [2024-07-16T19:12:50.041+0000] {dag.py:3954} INFO - Setting next_dagrun for example_python_decorator to None, run_after=None
[2024-07-16T19:12:50.071+0000] {processor.py:183} INFO - Processing /home/airflow/.local/lib/python3.12/site-packages/airflow/example_dags/example_python_decorator.py took 0.107 seconds
[2024-07-16T19:13:20.210+0000] {processor.py:161} INFO - Started process (PID=1341) to work on /home/airflow/.local/lib/python3.12/site-packages/airflow/example_dags/example_python_decorator.py
[2024-07-16T19:13:20.210+0000] {processor.py:830} INFO - Processing file /home/airflow/.local/lib/python3.12/site-packages/airflow/example_dags/example_python_decorator.py for tasks to queue
[2024-07-16T19:13:20.211+0000] {logging_mixin.py:188} INFO - [2024-07-16T19:13:20.211+0000] {dagbag.py:545} INFO - Filling up the DagBag from /home/airflow/.local/lib/python3.12/site-packages/airflow/example_dags/example_python_decorator.py
[2024-07-16T19:13:20.222+0000] {processor.py:840} INFO - DAG(s) 'example_python_decorator' retrieved from /home/airflow/.local/lib/python3.12/site-packages/airflow/example_dags/example_python_decorator.py
[2024-07-16T19:13:20.243+0000] {logging_mixin.py:188} INFO - [2024-07-16T19:13:20.243+0000] {dag.py:3096} INFO - Sync 1 DAGs
[2024-07-16T19:13:20.254+0000] {logging_mixin.py:188} INFO - [2024-07-16T19:13:20.254+0000] {dag.py:3954} INFO - Setting next_dagrun for example_python_decorator to None, run_after=None
[2024-07-16T19:13:20.278+0000] {processor.py:183} INFO - Processing /home/airflow/.local/lib/python3.12/site-packages/airflow/example_dags/example_python_decorator.py took 0.074 seconds
[2024-07-16T19:13:50.426+0000] {processor.py:161} INFO - Started process (PID=1400) to work on /home/airflow/.local/lib/python3.12/site-packages/airflow/example_dags/example_python_decorator.py
[2024-07-16T19:13:50.426+0000] {processor.py:830} INFO - Processing file /home/airflow/.local/lib/python3.12/site-packages/airflow/example_dags/example_python_decorator.py for tasks to queue
[2024-07-16T19:13:50.427+0000] {logging_mixin.py:188} INFO - [2024-07-16T19:13:50.427+0000] {dagbag.py:545} INFO - Filling up the DagBag from /home/airflow/.local/lib/python3.12/site-packages/airflow/example_dags/example_python_decorator.py
[2024-07-16T19:13:50.439+0000] {processor.py:840} INFO - DAG(s) 'example_python_decorator' retrieved from /home/airflow/.local/lib/python3.12/site-packages/airflow/example_dags/example_python_decorator.py
[2024-07-16T19:13:50.460+0000] {logging_mixin.py:188} INFO - [2024-07-16T19:13:50.459+0000] {dag.py:3096} INFO - Sync 1 DAGs
[2024-07-16T19:13:50.474+0000] {logging_mixin.py:188} INFO - [2024-07-16T19:13:50.474+0000] {dag.py:3954} INFO - Setting next_dagrun for example_python_decorator to None, run_after=None
[2024-07-16T19:13:50.500+0000] {processor.py:183} INFO - Processing /home/airflow/.local/lib/python3.12/site-packages/airflow/example_dags/example_python_decorator.py took 0.079 seconds
[2024-07-16T19:14:20.943+0000] {processor.py:161} INFO - Started process (PID=1461) to work on /home/airflow/.local/lib/python3.12/site-packages/airflow/example_dags/example_python_decorator.py
[2024-07-16T19:14:20.943+0000] {processor.py:830} INFO - Processing file /home/airflow/.local/lib/python3.12/site-packages/airflow/example_dags/example_python_decorator.py for tasks to queue
[2024-07-16T19:14:20.944+0000] {logging_mixin.py:188} INFO - [2024-07-16T19:14:20.944+0000] {dagbag.py:545} INFO - Filling up the DagBag from /home/airflow/.local/lib/python3.12/site-packages/airflow/example_dags/example_python_decorator.py
[2024-07-16T19:14:20.955+0000] {processor.py:840} INFO - DAG(s) 'example_python_decorator' retrieved from /home/airflow/.local/lib/python3.12/site-packages/airflow/example_dags/example_python_decorator.py
[2024-07-16T19:14:20.975+0000] {logging_mixin.py:188} INFO - [2024-07-16T19:14:20.975+0000] {dag.py:3096} INFO - Sync 1 DAGs
[2024-07-16T19:14:20.988+0000] {logging_mixin.py:188} INFO - [2024-07-16T19:14:20.987+0000] {dag.py:3954} INFO - Setting next_dagrun for example_python_decorator to None, run_after=None
[2024-07-16T19:14:21.023+0000] {processor.py:183} INFO - Processing /home/airflow/.local/lib/python3.12/site-packages/airflow/example_dags/example_python_decorator.py took 0.085 seconds
[2024-07-16T19:14:51.322+0000] {processor.py:161} INFO - Started process (PID=1520) to work on /home/airflow/.local/lib/python3.12/site-packages/airflow/example_dags/example_python_decorator.py
[2024-07-16T19:14:51.323+0000] {processor.py:830} INFO - Processing file /home/airflow/.local/lib/python3.12/site-packages/airflow/example_dags/example_python_decorator.py for tasks to queue
[2024-07-16T19:14:51.323+0000] {logging_mixin.py:188} INFO - [2024-07-16T19:14:51.323+0000] {dagbag.py:545} INFO - Filling up the DagBag from /home/airflow/.local/lib/python3.12/site-packages/airflow/example_dags/example_python_decorator.py
[2024-07-16T19:14:51.334+0000] {processor.py:840} INFO - DAG(s) 'example_python_decorator' retrieved from /home/airflow/.local/lib/python3.12/site-packages/airflow/example_dags/example_python_decorator.py
[2024-07-16T19:14:51.354+0000] {logging_mixin.py:188} INFO - [2024-07-16T19:14:51.354+0000] {dag.py:3096} INFO - Sync 1 DAGs
[2024-07-16T19:14:51.365+0000] {logging_mixin.py:188} INFO - [2024-07-16T19:14:51.365+0000] {dag.py:3954} INFO - Setting next_dagrun for example_python_decorator to None, run_after=None
[2024-07-16T19:14:51.384+0000] {processor.py:183} INFO - Processing /home/airflow/.local/lib/python3.12/site-packages/airflow/example_dags/example_python_decorator.py took 0.067 seconds
[2024-07-16T19:15:21.670+0000] {processor.py:161} INFO - Started process (PID=1579) to work on /home/airflow/.local/lib/python3.12/site-packages/airflow/example_dags/example_python_decorator.py
[2024-07-16T19:15:21.671+0000] {processor.py:830} INFO - Processing file /home/airflow/.local/lib/python3.12/site-packages/airflow/example_dags/example_python_decorator.py for tasks to queue
[2024-07-16T19:15:21.671+0000] {logging_mixin.py:188} INFO - [2024-07-16T19:15:21.671+0000] {dagbag.py:545} INFO - Filling up the DagBag from /home/airflow/.local/lib/python3.12/site-packages/airflow/example_dags/example_python_decorator.py
[2024-07-16T19:15:21.682+0000] {processor.py:840} INFO - DAG(s) 'example_python_decorator' retrieved from /home/airflow/.local/lib/python3.12/site-packages/airflow/example_dags/example_python_decorator.py
[2024-07-16T19:15:21.702+0000] {logging_mixin.py:188} INFO - [2024-07-16T19:15:21.702+0000] {dag.py:3096} INFO - Sync 1 DAGs
[2024-07-16T19:15:21.713+0000] {logging_mixin.py:188} INFO - [2024-07-16T19:15:21.713+0000] {dag.py:3954} INFO - Setting next_dagrun for example_python_decorator to None, run_after=None
[2024-07-16T19:15:21.736+0000] {processor.py:183} INFO - Processing /home/airflow/.local/lib/python3.12/site-packages/airflow/example_dags/example_python_decorator.py took 0.071 seconds
[2024-07-16T19:19:23.414+0000] {processor.py:161} INFO - Started process (PID=78) to work on /home/airflow/.local/lib/python3.12/site-packages/airflow/example_dags/example_python_decorator.py
[2024-07-16T19:19:23.416+0000] {processor.py:830} INFO - Processing file /home/airflow/.local/lib/python3.12/site-packages/airflow/example_dags/example_python_decorator.py for tasks to queue
[2024-07-16T19:19:23.418+0000] {logging_mixin.py:188} INFO - [2024-07-16T19:19:23.418+0000] {dagbag.py:545} INFO - Filling up the DagBag from /home/airflow/.local/lib/python3.12/site-packages/airflow/example_dags/example_python_decorator.py
[2024-07-16T19:19:23.446+0000] {processor.py:840} INFO - DAG(s) 'example_python_decorator' retrieved from /home/airflow/.local/lib/python3.12/site-packages/airflow/example_dags/example_python_decorator.py
[2024-07-16T19:19:23.809+0000] {logging_mixin.py:188} INFO - [2024-07-16T19:19:23.809+0000] {dag.py:3096} INFO - Sync 1 DAGs
[2024-07-16T19:19:23.835+0000] {logging_mixin.py:188} INFO - [2024-07-16T19:19:23.834+0000] {dag.py:3954} INFO - Setting next_dagrun for example_python_decorator to None, run_after=None
[2024-07-16T19:19:23.876+0000] {processor.py:183} INFO - Processing /home/airflow/.local/lib/python3.12/site-packages/airflow/example_dags/example_python_decorator.py took 0.475 seconds
[2024-07-16T19:19:54.047+0000] {processor.py:161} INFO - Started process (PID=138) to work on /home/airflow/.local/lib/python3.12/site-packages/airflow/example_dags/example_python_decorator.py
[2024-07-16T19:19:54.060+0000] {processor.py:830} INFO - Processing file /home/airflow/.local/lib/python3.12/site-packages/airflow/example_dags/example_python_decorator.py for tasks to queue
[2024-07-16T19:19:54.062+0000] {logging_mixin.py:188} INFO - [2024-07-16T19:19:54.061+0000] {dagbag.py:545} INFO - Filling up the DagBag from /home/airflow/.local/lib/python3.12/site-packages/airflow/example_dags/example_python_decorator.py
[2024-07-16T19:19:54.077+0000] {processor.py:840} INFO - DAG(s) 'example_python_decorator' retrieved from /home/airflow/.local/lib/python3.12/site-packages/airflow/example_dags/example_python_decorator.py
[2024-07-16T19:19:54.104+0000] {logging_mixin.py:188} INFO - [2024-07-16T19:19:54.104+0000] {dag.py:3096} INFO - Sync 1 DAGs
[2024-07-16T19:19:54.123+0000] {logging_mixin.py:188} INFO - [2024-07-16T19:19:54.123+0000] {dag.py:3954} INFO - Setting next_dagrun for example_python_decorator to None, run_after=None
[2024-07-16T19:19:54.149+0000] {processor.py:183} INFO - Processing /home/airflow/.local/lib/python3.12/site-packages/airflow/example_dags/example_python_decorator.py took 0.115 seconds
[2024-07-16T19:20:24.713+0000] {processor.py:161} INFO - Started process (PID=197) to work on /home/airflow/.local/lib/python3.12/site-packages/airflow/example_dags/example_python_decorator.py
[2024-07-16T19:20:24.714+0000] {processor.py:830} INFO - Processing file /home/airflow/.local/lib/python3.12/site-packages/airflow/example_dags/example_python_decorator.py for tasks to queue
[2024-07-16T19:20:24.717+0000] {logging_mixin.py:188} INFO - [2024-07-16T19:20:24.716+0000] {dagbag.py:545} INFO - Filling up the DagBag from /home/airflow/.local/lib/python3.12/site-packages/airflow/example_dags/example_python_decorator.py
[2024-07-16T19:20:24.731+0000] {processor.py:840} INFO - DAG(s) 'example_python_decorator' retrieved from /home/airflow/.local/lib/python3.12/site-packages/airflow/example_dags/example_python_decorator.py
[2024-07-16T19:20:24.759+0000] {logging_mixin.py:188} INFO - [2024-07-16T19:20:24.759+0000] {dag.py:3096} INFO - Sync 1 DAGs
[2024-07-16T19:20:24.778+0000] {logging_mixin.py:188} INFO - [2024-07-16T19:20:24.778+0000] {dag.py:3954} INFO - Setting next_dagrun for example_python_decorator to None, run_after=None
[2024-07-16T19:20:24.803+0000] {processor.py:183} INFO - Processing /home/airflow/.local/lib/python3.12/site-packages/airflow/example_dags/example_python_decorator.py took 0.096 seconds
[2024-07-16T19:20:55.897+0000] {processor.py:161} INFO - Started process (PID=255) to work on /home/airflow/.local/lib/python3.12/site-packages/airflow/example_dags/example_python_decorator.py
[2024-07-16T19:20:55.897+0000] {processor.py:830} INFO - Processing file /home/airflow/.local/lib/python3.12/site-packages/airflow/example_dags/example_python_decorator.py for tasks to queue
[2024-07-16T19:20:55.899+0000] {logging_mixin.py:188} INFO - [2024-07-16T19:20:55.899+0000] {dagbag.py:545} INFO - Filling up the DagBag from /home/airflow/.local/lib/python3.12/site-packages/airflow/example_dags/example_python_decorator.py
[2024-07-16T19:20:55.919+0000] {processor.py:840} INFO - DAG(s) 'example_python_decorator' retrieved from /home/airflow/.local/lib/python3.12/site-packages/airflow/example_dags/example_python_decorator.py
[2024-07-16T19:20:55.945+0000] {logging_mixin.py:188} INFO - [2024-07-16T19:20:55.945+0000] {dag.py:3096} INFO - Sync 1 DAGs
[2024-07-16T19:20:55.961+0000] {logging_mixin.py:188} INFO - [2024-07-16T19:20:55.960+0000] {dag.py:3954} INFO - Setting next_dagrun for example_python_decorator to None, run_after=None
[2024-07-16T19:20:55.985+0000] {processor.py:183} INFO - Processing /home/airflow/.local/lib/python3.12/site-packages/airflow/example_dags/example_python_decorator.py took 0.095 seconds
[2024-07-16T19:21:26.525+0000] {processor.py:161} INFO - Started process (PID=314) to work on /home/airflow/.local/lib/python3.12/site-packages/airflow/example_dags/example_python_decorator.py
[2024-07-16T19:21:26.526+0000] {processor.py:830} INFO - Processing file /home/airflow/.local/lib/python3.12/site-packages/airflow/example_dags/example_python_decorator.py for tasks to queue
[2024-07-16T19:21:26.528+0000] {logging_mixin.py:188} INFO - [2024-07-16T19:21:26.527+0000] {dagbag.py:545} INFO - Filling up the DagBag from /home/airflow/.local/lib/python3.12/site-packages/airflow/example_dags/example_python_decorator.py
[2024-07-16T19:21:26.544+0000] {processor.py:840} INFO - DAG(s) 'example_python_decorator' retrieved from /home/airflow/.local/lib/python3.12/site-packages/airflow/example_dags/example_python_decorator.py
[2024-07-16T19:21:26.572+0000] {logging_mixin.py:188} INFO - [2024-07-16T19:21:26.572+0000] {dag.py:3096} INFO - Sync 1 DAGs
[2024-07-16T19:21:26.586+0000] {logging_mixin.py:188} INFO - [2024-07-16T19:21:26.586+0000] {dag.py:3954} INFO - Setting next_dagrun for example_python_decorator to None, run_after=None
[2024-07-16T19:21:26.610+0000] {processor.py:183} INFO - Processing /home/airflow/.local/lib/python3.12/site-packages/airflow/example_dags/example_python_decorator.py took 0.092 seconds
[2024-07-16T19:21:57.617+0000] {processor.py:161} INFO - Started process (PID=373) to work on /home/airflow/.local/lib/python3.12/site-packages/airflow/example_dags/example_python_decorator.py
[2024-07-16T19:21:57.618+0000] {processor.py:830} INFO - Processing file /home/airflow/.local/lib/python3.12/site-packages/airflow/example_dags/example_python_decorator.py for tasks to queue
[2024-07-16T19:21:57.620+0000] {logging_mixin.py:188} INFO - [2024-07-16T19:21:57.619+0000] {dagbag.py:545} INFO - Filling up the DagBag from /home/airflow/.local/lib/python3.12/site-packages/airflow/example_dags/example_python_decorator.py
[2024-07-16T19:21:57.635+0000] {processor.py:840} INFO - DAG(s) 'example_python_decorator' retrieved from /home/airflow/.local/lib/python3.12/site-packages/airflow/example_dags/example_python_decorator.py
[2024-07-16T19:21:57.661+0000] {logging_mixin.py:188} INFO - [2024-07-16T19:21:57.661+0000] {dag.py:3096} INFO - Sync 1 DAGs
[2024-07-16T19:21:57.678+0000] {logging_mixin.py:188} INFO - [2024-07-16T19:21:57.677+0000] {dag.py:3954} INFO - Setting next_dagrun for example_python_decorator to None, run_after=None
[2024-07-16T19:21:57.703+0000] {processor.py:183} INFO - Processing /home/airflow/.local/lib/python3.12/site-packages/airflow/example_dags/example_python_decorator.py took 0.093 seconds
[2024-07-16T19:22:28.498+0000] {processor.py:161} INFO - Started process (PID=433) to work on /home/airflow/.local/lib/python3.12/site-packages/airflow/example_dags/example_python_decorator.py
[2024-07-16T19:22:28.500+0000] {processor.py:830} INFO - Processing file /home/airflow/.local/lib/python3.12/site-packages/airflow/example_dags/example_python_decorator.py for tasks to queue
[2024-07-16T19:22:28.511+0000] {logging_mixin.py:188} INFO - [2024-07-16T19:22:28.510+0000] {dagbag.py:545} INFO - Filling up the DagBag from /home/airflow/.local/lib/python3.12/site-packages/airflow/example_dags/example_python_decorator.py
[2024-07-16T19:22:28.542+0000] {processor.py:840} INFO - DAG(s) 'example_python_decorator' retrieved from /home/airflow/.local/lib/python3.12/site-packages/airflow/example_dags/example_python_decorator.py
[2024-07-16T19:22:28.571+0000] {logging_mixin.py:188} INFO - [2024-07-16T19:22:28.570+0000] {dag.py:3096} INFO - Sync 1 DAGs
[2024-07-16T19:22:28.587+0000] {logging_mixin.py:188} INFO - [2024-07-16T19:22:28.587+0000] {dag.py:3954} INFO - Setting next_dagrun for example_python_decorator to None, run_after=None
[2024-07-16T19:22:28.614+0000] {processor.py:183} INFO - Processing /home/airflow/.local/lib/python3.12/site-packages/airflow/example_dags/example_python_decorator.py took 0.129 seconds
[2024-07-16T19:22:59.836+0000] {processor.py:161} INFO - Started process (PID=498) to work on /home/airflow/.local/lib/python3.12/site-packages/airflow/example_dags/example_python_decorator.py
[2024-07-16T19:22:59.843+0000] {processor.py:830} INFO - Processing file /home/airflow/.local/lib/python3.12/site-packages/airflow/example_dags/example_python_decorator.py for tasks to queue
[2024-07-16T19:22:59.854+0000] {logging_mixin.py:188} INFO - [2024-07-16T19:22:59.853+0000] {dagbag.py:545} INFO - Filling up the DagBag from /home/airflow/.local/lib/python3.12/site-packages/airflow/example_dags/example_python_decorator.py
[2024-07-16T19:22:59.908+0000] {processor.py:840} INFO - DAG(s) 'example_python_decorator' retrieved from /home/airflow/.local/lib/python3.12/site-packages/airflow/example_dags/example_python_decorator.py
[2024-07-16T19:23:00.026+0000] {logging_mixin.py:188} INFO - [2024-07-16T19:23:00.025+0000] {dag.py:3096} INFO - Sync 1 DAGs
[2024-07-16T19:23:00.071+0000] {logging_mixin.py:188} INFO - [2024-07-16T19:23:00.062+0000] {dag.py:3954} INFO - Setting next_dagrun for example_python_decorator to None, run_after=None
[2024-07-16T19:23:00.154+0000] {processor.py:183} INFO - Processing /home/airflow/.local/lib/python3.12/site-packages/airflow/example_dags/example_python_decorator.py took 0.336 seconds
[2024-07-16T19:23:30.485+0000] {processor.py:161} INFO - Started process (PID=557) to work on /home/airflow/.local/lib/python3.12/site-packages/airflow/example_dags/example_python_decorator.py
[2024-07-16T19:23:30.487+0000] {processor.py:830} INFO - Processing file /home/airflow/.local/lib/python3.12/site-packages/airflow/example_dags/example_python_decorator.py for tasks to queue
[2024-07-16T19:23:30.489+0000] {logging_mixin.py:188} INFO - [2024-07-16T19:23:30.489+0000] {dagbag.py:545} INFO - Filling up the DagBag from /home/airflow/.local/lib/python3.12/site-packages/airflow/example_dags/example_python_decorator.py
[2024-07-16T19:23:30.504+0000] {processor.py:840} INFO - DAG(s) 'example_python_decorator' retrieved from /home/airflow/.local/lib/python3.12/site-packages/airflow/example_dags/example_python_decorator.py
[2024-07-16T19:23:30.530+0000] {logging_mixin.py:188} INFO - [2024-07-16T19:23:30.530+0000] {dag.py:3096} INFO - Sync 1 DAGs
[2024-07-16T19:23:30.546+0000] {logging_mixin.py:188} INFO - [2024-07-16T19:23:30.546+0000] {dag.py:3954} INFO - Setting next_dagrun for example_python_decorator to None, run_after=None
[2024-07-16T19:23:30.572+0000] {processor.py:183} INFO - Processing /home/airflow/.local/lib/python3.12/site-packages/airflow/example_dags/example_python_decorator.py took 0.093 seconds
[2024-07-16T19:24:00.636+0000] {processor.py:161} INFO - Started process (PID=615) to work on /home/airflow/.local/lib/python3.12/site-packages/airflow/example_dags/example_python_decorator.py
[2024-07-16T19:24:00.636+0000] {processor.py:830} INFO - Processing file /home/airflow/.local/lib/python3.12/site-packages/airflow/example_dags/example_python_decorator.py for tasks to queue
[2024-07-16T19:24:00.638+0000] {logging_mixin.py:188} INFO - [2024-07-16T19:24:00.637+0000] {dagbag.py:545} INFO - Filling up the DagBag from /home/airflow/.local/lib/python3.12/site-packages/airflow/example_dags/example_python_decorator.py
[2024-07-16T19:24:00.648+0000] {processor.py:840} INFO - DAG(s) 'example_python_decorator' retrieved from /home/airflow/.local/lib/python3.12/site-packages/airflow/example_dags/example_python_decorator.py
[2024-07-16T19:24:00.668+0000] {logging_mixin.py:188} INFO - [2024-07-16T19:24:00.668+0000] {dag.py:3096} INFO - Sync 1 DAGs
[2024-07-16T19:24:00.678+0000] {logging_mixin.py:188} INFO - [2024-07-16T19:24:00.678+0000] {dag.py:3954} INFO - Setting next_dagrun for example_python_decorator to None, run_after=None
[2024-07-16T19:24:00.701+0000] {processor.py:183} INFO - Processing /home/airflow/.local/lib/python3.12/site-packages/airflow/example_dags/example_python_decorator.py took 0.070 seconds
[2024-07-16T19:24:31.045+0000] {processor.py:161} INFO - Started process (PID=674) to work on /home/airflow/.local/lib/python3.12/site-packages/airflow/example_dags/example_python_decorator.py
[2024-07-16T19:24:31.046+0000] {processor.py:830} INFO - Processing file /home/airflow/.local/lib/python3.12/site-packages/airflow/example_dags/example_python_decorator.py for tasks to queue
[2024-07-16T19:24:31.047+0000] {logging_mixin.py:188} INFO - [2024-07-16T19:24:31.047+0000] {dagbag.py:545} INFO - Filling up the DagBag from /home/airflow/.local/lib/python3.12/site-packages/airflow/example_dags/example_python_decorator.py
[2024-07-16T19:24:31.065+0000] {processor.py:840} INFO - DAG(s) 'example_python_decorator' retrieved from /home/airflow/.local/lib/python3.12/site-packages/airflow/example_dags/example_python_decorator.py
[2024-07-16T19:24:31.093+0000] {logging_mixin.py:188} INFO - [2024-07-16T19:24:31.092+0000] {dag.py:3096} INFO - Sync 1 DAGs
[2024-07-16T19:24:31.109+0000] {logging_mixin.py:188} INFO - [2024-07-16T19:24:31.109+0000] {dag.py:3954} INFO - Setting next_dagrun for example_python_decorator to None, run_after=None
[2024-07-16T19:24:31.134+0000] {processor.py:183} INFO - Processing /home/airflow/.local/lib/python3.12/site-packages/airflow/example_dags/example_python_decorator.py took 0.095 seconds
[2024-07-16T19:25:02.218+0000] {processor.py:161} INFO - Started process (PID=734) to work on /home/airflow/.local/lib/python3.12/site-packages/airflow/example_dags/example_python_decorator.py
[2024-07-16T19:25:02.219+0000] {processor.py:830} INFO - Processing file /home/airflow/.local/lib/python3.12/site-packages/airflow/example_dags/example_python_decorator.py for tasks to queue
[2024-07-16T19:25:02.220+0000] {logging_mixin.py:188} INFO - [2024-07-16T19:25:02.220+0000] {dagbag.py:545} INFO - Filling up the DagBag from /home/airflow/.local/lib/python3.12/site-packages/airflow/example_dags/example_python_decorator.py
[2024-07-16T19:25:02.237+0000] {processor.py:840} INFO - DAG(s) 'example_python_decorator' retrieved from /home/airflow/.local/lib/python3.12/site-packages/airflow/example_dags/example_python_decorator.py
[2024-07-16T19:25:02.288+0000] {logging_mixin.py:188} INFO - [2024-07-16T19:25:02.287+0000] {dag.py:3096} INFO - Sync 1 DAGs
[2024-07-16T19:25:02.304+0000] {logging_mixin.py:188} INFO - [2024-07-16T19:25:02.304+0000] {dag.py:3954} INFO - Setting next_dagrun for example_python_decorator to None, run_after=None
[2024-07-16T19:25:02.330+0000] {processor.py:183} INFO - Processing /home/airflow/.local/lib/python3.12/site-packages/airflow/example_dags/example_python_decorator.py took 0.120 seconds
[2024-07-16T19:25:33.157+0000] {processor.py:161} INFO - Started process (PID=793) to work on /home/airflow/.local/lib/python3.12/site-packages/airflow/example_dags/example_python_decorator.py
[2024-07-16T19:25:33.158+0000] {processor.py:830} INFO - Processing file /home/airflow/.local/lib/python3.12/site-packages/airflow/example_dags/example_python_decorator.py for tasks to queue
[2024-07-16T19:25:33.159+0000] {logging_mixin.py:188} INFO - [2024-07-16T19:25:33.159+0000] {dagbag.py:545} INFO - Filling up the DagBag from /home/airflow/.local/lib/python3.12/site-packages/airflow/example_dags/example_python_decorator.py
[2024-07-16T19:25:33.175+0000] {processor.py:840} INFO - DAG(s) 'example_python_decorator' retrieved from /home/airflow/.local/lib/python3.12/site-packages/airflow/example_dags/example_python_decorator.py
[2024-07-16T19:25:33.203+0000] {logging_mixin.py:188} INFO - [2024-07-16T19:25:33.203+0000] {dag.py:3096} INFO - Sync 1 DAGs
[2024-07-16T19:25:33.219+0000] {logging_mixin.py:188} INFO - [2024-07-16T19:25:33.219+0000] {dag.py:3954} INFO - Setting next_dagrun for example_python_decorator to None, run_after=None
[2024-07-16T19:25:33.244+0000] {processor.py:183} INFO - Processing /home/airflow/.local/lib/python3.12/site-packages/airflow/example_dags/example_python_decorator.py took 0.093 seconds
[2024-07-16T19:26:03.881+0000] {processor.py:161} INFO - Started process (PID=852) to work on /home/airflow/.local/lib/python3.12/site-packages/airflow/example_dags/example_python_decorator.py
[2024-07-16T19:26:03.882+0000] {processor.py:830} INFO - Processing file /home/airflow/.local/lib/python3.12/site-packages/airflow/example_dags/example_python_decorator.py for tasks to queue
[2024-07-16T19:26:03.883+0000] {logging_mixin.py:188} INFO - [2024-07-16T19:26:03.882+0000] {dagbag.py:545} INFO - Filling up the DagBag from /home/airflow/.local/lib/python3.12/site-packages/airflow/example_dags/example_python_decorator.py
[2024-07-16T19:26:03.900+0000] {processor.py:840} INFO - DAG(s) 'example_python_decorator' retrieved from /home/airflow/.local/lib/python3.12/site-packages/airflow/example_dags/example_python_decorator.py
[2024-07-16T19:26:03.932+0000] {logging_mixin.py:188} INFO - [2024-07-16T19:26:03.932+0000] {dag.py:3096} INFO - Sync 1 DAGs
[2024-07-16T19:26:03.964+0000] {logging_mixin.py:188} INFO - [2024-07-16T19:26:03.963+0000] {dag.py:3954} INFO - Setting next_dagrun for example_python_decorator to None, run_after=None
[2024-07-16T19:26:04.015+0000] {processor.py:183} INFO - Processing /home/airflow/.local/lib/python3.12/site-packages/airflow/example_dags/example_python_decorator.py took 0.141 seconds
[2024-07-16T19:26:34.905+0000] {processor.py:161} INFO - Started process (PID=911) to work on /home/airflow/.local/lib/python3.12/site-packages/airflow/example_dags/example_python_decorator.py
[2024-07-16T19:26:34.906+0000] {processor.py:830} INFO - Processing file /home/airflow/.local/lib/python3.12/site-packages/airflow/example_dags/example_python_decorator.py for tasks to queue
[2024-07-16T19:26:34.907+0000] {logging_mixin.py:188} INFO - [2024-07-16T19:26:34.906+0000] {dagbag.py:545} INFO - Filling up the DagBag from /home/airflow/.local/lib/python3.12/site-packages/airflow/example_dags/example_python_decorator.py
[2024-07-16T19:26:34.926+0000] {processor.py:840} INFO - DAG(s) 'example_python_decorator' retrieved from /home/airflow/.local/lib/python3.12/site-packages/airflow/example_dags/example_python_decorator.py
[2024-07-16T19:26:34.968+0000] {logging_mixin.py:188} INFO - [2024-07-16T19:26:34.968+0000] {dag.py:3096} INFO - Sync 1 DAGs
[2024-07-16T19:26:34.986+0000] {logging_mixin.py:188} INFO - [2024-07-16T19:26:34.986+0000] {dag.py:3954} INFO - Setting next_dagrun for example_python_decorator to None, run_after=None
[2024-07-16T19:26:35.015+0000] {processor.py:183} INFO - Processing /home/airflow/.local/lib/python3.12/site-packages/airflow/example_dags/example_python_decorator.py took 0.117 seconds
