[2024-07-16T19:02:36.421+0000] {processor.py:161} INFO - Started process (PID=80) to work on /home/airflow/.local/lib/python3.12/site-packages/airflow/example_dags/tutorial.py
[2024-07-16T19:02:36.422+0000] {processor.py:830} INFO - Processing file /home/airflow/.local/lib/python3.12/site-packages/airflow/example_dags/tutorial.py for tasks to queue
[2024-07-16T19:02:36.434+0000] {logging_mixin.py:188} INFO - [2024-07-16T19:02:36.424+0000] {dagbag.py:545} INFO - Filling up the DagBag from /home/airflow/.local/lib/python3.12/site-packages/airflow/example_dags/tutorial.py
[2024-07-16T19:02:36.475+0000] {processor.py:840} INFO - DAG(s) 'tutorial' retrieved from /home/airflow/.local/lib/python3.12/site-packages/airflow/example_dags/tutorial.py
[2024-07-16T19:02:37.179+0000] {logging_mixin.py:188} INFO - [2024-07-16T19:02:37.179+0000] {dag.py:3096} INFO - Sync 1 DAGs
[2024-07-16T19:02:37.304+0000] {logging_mixin.py:188} INFO - [2024-07-16T19:02:37.304+0000] {dag.py:3954} INFO - Setting next_dagrun for tutorial to 2024-07-15 00:00:00+00:00, run_after=2024-07-16 00:00:00+00:00
[2024-07-16T19:02:37.417+0000] {processor.py:183} INFO - Processing /home/airflow/.local/lib/python3.12/site-packages/airflow/example_dags/tutorial.py took 1.071 seconds
[2024-07-16T19:03:08.146+0000] {processor.py:161} INFO - Started process (PID=139) to work on /home/airflow/.local/lib/python3.12/site-packages/airflow/example_dags/tutorial.py
[2024-07-16T19:03:08.147+0000] {processor.py:830} INFO - Processing file /home/airflow/.local/lib/python3.12/site-packages/airflow/example_dags/tutorial.py for tasks to queue
[2024-07-16T19:03:08.149+0000] {logging_mixin.py:188} INFO - [2024-07-16T19:03:08.148+0000] {dagbag.py:545} INFO - Filling up the DagBag from /home/airflow/.local/lib/python3.12/site-packages/airflow/example_dags/tutorial.py
[2024-07-16T19:03:08.155+0000] {processor.py:840} INFO - DAG(s) 'tutorial' retrieved from /home/airflow/.local/lib/python3.12/site-packages/airflow/example_dags/tutorial.py
[2024-07-16T19:03:08.177+0000] {logging_mixin.py:188} INFO - [2024-07-16T19:03:08.177+0000] {dag.py:3096} INFO - Sync 1 DAGs
[2024-07-16T19:03:08.203+0000] {logging_mixin.py:188} INFO - [2024-07-16T19:03:08.203+0000] {dag.py:3954} INFO - Setting next_dagrun for tutorial to 2024-07-15 00:00:00+00:00, run_after=2024-07-16 00:00:00+00:00
[2024-07-16T19:03:08.227+0000] {processor.py:183} INFO - Processing /home/airflow/.local/lib/python3.12/site-packages/airflow/example_dags/tutorial.py took 0.087 seconds
[2024-07-16T19:03:38.325+0000] {processor.py:161} INFO - Started process (PID=198) to work on /home/airflow/.local/lib/python3.12/site-packages/airflow/example_dags/tutorial.py
[2024-07-16T19:03:38.326+0000] {processor.py:830} INFO - Processing file /home/airflow/.local/lib/python3.12/site-packages/airflow/example_dags/tutorial.py for tasks to queue
[2024-07-16T19:03:38.328+0000] {logging_mixin.py:188} INFO - [2024-07-16T19:03:38.327+0000] {dagbag.py:545} INFO - Filling up the DagBag from /home/airflow/.local/lib/python3.12/site-packages/airflow/example_dags/tutorial.py
[2024-07-16T19:03:38.334+0000] {processor.py:840} INFO - DAG(s) 'tutorial' retrieved from /home/airflow/.local/lib/python3.12/site-packages/airflow/example_dags/tutorial.py
[2024-07-16T19:03:38.351+0000] {logging_mixin.py:188} INFO - [2024-07-16T19:03:38.351+0000] {dag.py:3096} INFO - Sync 1 DAGs
[2024-07-16T19:03:38.369+0000] {logging_mixin.py:188} INFO - [2024-07-16T19:03:38.369+0000] {dag.py:3954} INFO - Setting next_dagrun for tutorial to 2024-07-15 00:00:00+00:00, run_after=2024-07-16 00:00:00+00:00
[2024-07-16T19:03:38.389+0000] {processor.py:183} INFO - Processing /home/airflow/.local/lib/python3.12/site-packages/airflow/example_dags/tutorial.py took 0.069 seconds
[2024-07-16T19:04:08.840+0000] {processor.py:161} INFO - Started process (PID=258) to work on /home/airflow/.local/lib/python3.12/site-packages/airflow/example_dags/tutorial.py
[2024-07-16T19:04:08.841+0000] {processor.py:830} INFO - Processing file /home/airflow/.local/lib/python3.12/site-packages/airflow/example_dags/tutorial.py for tasks to queue
[2024-07-16T19:04:08.843+0000] {logging_mixin.py:188} INFO - [2024-07-16T19:04:08.843+0000] {dagbag.py:545} INFO - Filling up the DagBag from /home/airflow/.local/lib/python3.12/site-packages/airflow/example_dags/tutorial.py
[2024-07-16T19:04:08.850+0000] {processor.py:840} INFO - DAG(s) 'tutorial' retrieved from /home/airflow/.local/lib/python3.12/site-packages/airflow/example_dags/tutorial.py
[2024-07-16T19:04:08.874+0000] {logging_mixin.py:188} INFO - [2024-07-16T19:04:08.874+0000] {dag.py:3096} INFO - Sync 1 DAGs
[2024-07-16T19:04:08.903+0000] {logging_mixin.py:188} INFO - [2024-07-16T19:04:08.903+0000] {dag.py:3954} INFO - Setting next_dagrun for tutorial to 2024-07-15 00:00:00+00:00, run_after=2024-07-16 00:00:00+00:00
[2024-07-16T19:04:08.933+0000] {processor.py:183} INFO - Processing /home/airflow/.local/lib/python3.12/site-packages/airflow/example_dags/tutorial.py took 0.100 seconds
[2024-07-16T19:04:39.247+0000] {processor.py:161} INFO - Started process (PID=316) to work on /home/airflow/.local/lib/python3.12/site-packages/airflow/example_dags/tutorial.py
[2024-07-16T19:04:39.248+0000] {processor.py:830} INFO - Processing file /home/airflow/.local/lib/python3.12/site-packages/airflow/example_dags/tutorial.py for tasks to queue
[2024-07-16T19:04:39.250+0000] {logging_mixin.py:188} INFO - [2024-07-16T19:04:39.249+0000] {dagbag.py:545} INFO - Filling up the DagBag from /home/airflow/.local/lib/python3.12/site-packages/airflow/example_dags/tutorial.py
[2024-07-16T19:04:39.256+0000] {processor.py:840} INFO - DAG(s) 'tutorial' retrieved from /home/airflow/.local/lib/python3.12/site-packages/airflow/example_dags/tutorial.py
[2024-07-16T19:04:39.278+0000] {logging_mixin.py:188} INFO - [2024-07-16T19:04:39.278+0000] {dag.py:3096} INFO - Sync 1 DAGs
[2024-07-16T19:04:39.321+0000] {logging_mixin.py:188} INFO - [2024-07-16T19:04:39.320+0000] {dag.py:3954} INFO - Setting next_dagrun for tutorial to 2024-07-15 00:00:00+00:00, run_after=2024-07-16 00:00:00+00:00
[2024-07-16T19:04:39.349+0000] {processor.py:183} INFO - Processing /home/airflow/.local/lib/python3.12/site-packages/airflow/example_dags/tutorial.py took 0.109 seconds
[2024-07-16T19:05:09.472+0000] {processor.py:161} INFO - Started process (PID=378) to work on /home/airflow/.local/lib/python3.12/site-packages/airflow/example_dags/tutorial.py
[2024-07-16T19:05:09.474+0000] {processor.py:830} INFO - Processing file /home/airflow/.local/lib/python3.12/site-packages/airflow/example_dags/tutorial.py for tasks to queue
[2024-07-16T19:05:09.476+0000] {logging_mixin.py:188} INFO - [2024-07-16T19:05:09.475+0000] {dagbag.py:545} INFO - Filling up the DagBag from /home/airflow/.local/lib/python3.12/site-packages/airflow/example_dags/tutorial.py
[2024-07-16T19:05:09.482+0000] {processor.py:840} INFO - DAG(s) 'tutorial' retrieved from /home/airflow/.local/lib/python3.12/site-packages/airflow/example_dags/tutorial.py
[2024-07-16T19:05:09.505+0000] {logging_mixin.py:188} INFO - [2024-07-16T19:05:09.505+0000] {dag.py:3096} INFO - Sync 1 DAGs
[2024-07-16T19:05:09.533+0000] {logging_mixin.py:188} INFO - [2024-07-16T19:05:09.533+0000] {dag.py:3954} INFO - Setting next_dagrun for tutorial to 2024-07-15 00:00:00+00:00, run_after=2024-07-16 00:00:00+00:00
[2024-07-16T19:05:09.559+0000] {processor.py:183} INFO - Processing /home/airflow/.local/lib/python3.12/site-packages/airflow/example_dags/tutorial.py took 0.094 seconds
[2024-07-16T19:05:40.350+0000] {processor.py:161} INFO - Started process (PID=439) to work on /home/airflow/.local/lib/python3.12/site-packages/airflow/example_dags/tutorial.py
[2024-07-16T19:05:40.350+0000] {processor.py:830} INFO - Processing file /home/airflow/.local/lib/python3.12/site-packages/airflow/example_dags/tutorial.py for tasks to queue
[2024-07-16T19:05:40.353+0000] {logging_mixin.py:188} INFO - [2024-07-16T19:05:40.352+0000] {dagbag.py:545} INFO - Filling up the DagBag from /home/airflow/.local/lib/python3.12/site-packages/airflow/example_dags/tutorial.py
[2024-07-16T19:05:40.358+0000] {processor.py:840} INFO - DAG(s) 'tutorial' retrieved from /home/airflow/.local/lib/python3.12/site-packages/airflow/example_dags/tutorial.py
[2024-07-16T19:05:40.386+0000] {logging_mixin.py:188} INFO - [2024-07-16T19:05:40.386+0000] {dag.py:3096} INFO - Sync 1 DAGs
[2024-07-16T19:05:40.416+0000] {logging_mixin.py:188} INFO - [2024-07-16T19:05:40.416+0000] {dag.py:3954} INFO - Setting next_dagrun for tutorial to 2024-07-15 00:00:00+00:00, run_after=2024-07-16 00:00:00+00:00
[2024-07-16T19:05:40.447+0000] {processor.py:183} INFO - Processing /home/airflow/.local/lib/python3.12/site-packages/airflow/example_dags/tutorial.py took 0.105 seconds
[2024-07-16T19:06:11.643+0000] {processor.py:161} INFO - Started process (PID=499) to work on /home/airflow/.local/lib/python3.12/site-packages/airflow/example_dags/tutorial.py
[2024-07-16T19:06:11.650+0000] {processor.py:830} INFO - Processing file /home/airflow/.local/lib/python3.12/site-packages/airflow/example_dags/tutorial.py for tasks to queue
[2024-07-16T19:06:11.662+0000] {logging_mixin.py:188} INFO - [2024-07-16T19:06:11.661+0000] {dagbag.py:545} INFO - Filling up the DagBag from /home/airflow/.local/lib/python3.12/site-packages/airflow/example_dags/tutorial.py
[2024-07-16T19:06:11.668+0000] {processor.py:840} INFO - DAG(s) 'tutorial' retrieved from /home/airflow/.local/lib/python3.12/site-packages/airflow/example_dags/tutorial.py
[2024-07-16T19:06:11.762+0000] {logging_mixin.py:188} INFO - [2024-07-16T19:06:11.762+0000] {dag.py:3096} INFO - Sync 1 DAGs
[2024-07-16T19:06:11.843+0000] {logging_mixin.py:188} INFO - [2024-07-16T19:06:11.842+0000] {dag.py:3954} INFO - Setting next_dagrun for tutorial to 2024-07-15 00:00:00+00:00, run_after=2024-07-16 00:00:00+00:00
[2024-07-16T19:06:11.911+0000] {processor.py:183} INFO - Processing /home/airflow/.local/lib/python3.12/site-packages/airflow/example_dags/tutorial.py took 0.287 seconds
[2024-07-16T19:06:42.290+0000] {processor.py:161} INFO - Started process (PID=559) to work on /home/airflow/.local/lib/python3.12/site-packages/airflow/example_dags/tutorial.py
[2024-07-16T19:06:42.291+0000] {processor.py:830} INFO - Processing file /home/airflow/.local/lib/python3.12/site-packages/airflow/example_dags/tutorial.py for tasks to queue
[2024-07-16T19:06:42.292+0000] {logging_mixin.py:188} INFO - [2024-07-16T19:06:42.292+0000] {dagbag.py:545} INFO - Filling up the DagBag from /home/airflow/.local/lib/python3.12/site-packages/airflow/example_dags/tutorial.py
[2024-07-16T19:06:42.299+0000] {processor.py:840} INFO - DAG(s) 'tutorial' retrieved from /home/airflow/.local/lib/python3.12/site-packages/airflow/example_dags/tutorial.py
[2024-07-16T19:06:42.323+0000] {logging_mixin.py:188} INFO - [2024-07-16T19:06:42.323+0000] {dag.py:3096} INFO - Sync 1 DAGs
[2024-07-16T19:06:42.350+0000] {logging_mixin.py:188} INFO - [2024-07-16T19:06:42.350+0000] {dag.py:3954} INFO - Setting next_dagrun for tutorial to 2024-07-15 00:00:00+00:00, run_after=2024-07-16 00:00:00+00:00
[2024-07-16T19:06:42.377+0000] {processor.py:183} INFO - Processing /home/airflow/.local/lib/python3.12/site-packages/airflow/example_dags/tutorial.py took 0.094 seconds
[2024-07-16T19:07:13.258+0000] {processor.py:161} INFO - Started process (PID=622) to work on /home/airflow/.local/lib/python3.12/site-packages/airflow/example_dags/tutorial.py
[2024-07-16T19:07:13.259+0000] {processor.py:830} INFO - Processing file /home/airflow/.local/lib/python3.12/site-packages/airflow/example_dags/tutorial.py for tasks to queue
[2024-07-16T19:07:13.260+0000] {logging_mixin.py:188} INFO - [2024-07-16T19:07:13.259+0000] {dagbag.py:545} INFO - Filling up the DagBag from /home/airflow/.local/lib/python3.12/site-packages/airflow/example_dags/tutorial.py
[2024-07-16T19:07:13.267+0000] {processor.py:840} INFO - DAG(s) 'tutorial' retrieved from /home/airflow/.local/lib/python3.12/site-packages/airflow/example_dags/tutorial.py
[2024-07-16T19:07:13.295+0000] {logging_mixin.py:188} INFO - [2024-07-16T19:07:13.295+0000] {dag.py:3096} INFO - Sync 1 DAGs
[2024-07-16T19:07:13.323+0000] {logging_mixin.py:188} INFO - [2024-07-16T19:07:13.323+0000] {dag.py:3954} INFO - Setting next_dagrun for tutorial to 2024-07-15 00:00:00+00:00, run_after=2024-07-16 00:00:00+00:00
[2024-07-16T19:07:13.352+0000] {processor.py:183} INFO - Processing /home/airflow/.local/lib/python3.12/site-packages/airflow/example_dags/tutorial.py took 0.101 seconds
[2024-07-16T19:07:44.326+0000] {processor.py:161} INFO - Started process (PID=682) to work on /home/airflow/.local/lib/python3.12/site-packages/airflow/example_dags/tutorial.py
[2024-07-16T19:07:44.327+0000] {processor.py:830} INFO - Processing file /home/airflow/.local/lib/python3.12/site-packages/airflow/example_dags/tutorial.py for tasks to queue
[2024-07-16T19:07:44.328+0000] {logging_mixin.py:188} INFO - [2024-07-16T19:07:44.327+0000] {dagbag.py:545} INFO - Filling up the DagBag from /home/airflow/.local/lib/python3.12/site-packages/airflow/example_dags/tutorial.py
[2024-07-16T19:07:44.335+0000] {processor.py:840} INFO - DAG(s) 'tutorial' retrieved from /home/airflow/.local/lib/python3.12/site-packages/airflow/example_dags/tutorial.py
[2024-07-16T19:07:44.359+0000] {logging_mixin.py:188} INFO - [2024-07-16T19:07:44.358+0000] {dag.py:3096} INFO - Sync 1 DAGs
[2024-07-16T19:07:44.383+0000] {logging_mixin.py:188} INFO - [2024-07-16T19:07:44.383+0000] {dag.py:3954} INFO - Setting next_dagrun for tutorial to 2024-07-15 00:00:00+00:00, run_after=2024-07-16 00:00:00+00:00
[2024-07-16T19:07:44.408+0000] {processor.py:183} INFO - Processing /home/airflow/.local/lib/python3.12/site-packages/airflow/example_dags/tutorial.py took 0.089 seconds
[2024-07-16T19:08:15.044+0000] {processor.py:161} INFO - Started process (PID=741) to work on /home/airflow/.local/lib/python3.12/site-packages/airflow/example_dags/tutorial.py
[2024-07-16T19:08:15.045+0000] {processor.py:830} INFO - Processing file /home/airflow/.local/lib/python3.12/site-packages/airflow/example_dags/tutorial.py for tasks to queue
[2024-07-16T19:08:15.046+0000] {logging_mixin.py:188} INFO - [2024-07-16T19:08:15.046+0000] {dagbag.py:545} INFO - Filling up the DagBag from /home/airflow/.local/lib/python3.12/site-packages/airflow/example_dags/tutorial.py
[2024-07-16T19:08:15.053+0000] {processor.py:840} INFO - DAG(s) 'tutorial' retrieved from /home/airflow/.local/lib/python3.12/site-packages/airflow/example_dags/tutorial.py
[2024-07-16T19:08:15.079+0000] {logging_mixin.py:188} INFO - [2024-07-16T19:08:15.078+0000] {dag.py:3096} INFO - Sync 1 DAGs
[2024-07-16T19:08:15.104+0000] {logging_mixin.py:188} INFO - [2024-07-16T19:08:15.104+0000] {dag.py:3954} INFO - Setting next_dagrun for tutorial to 2024-07-15 00:00:00+00:00, run_after=2024-07-16 00:00:00+00:00
[2024-07-16T19:08:15.135+0000] {processor.py:183} INFO - Processing /home/airflow/.local/lib/python3.12/site-packages/airflow/example_dags/tutorial.py took 0.102 seconds
[2024-07-16T19:08:46.055+0000] {processor.py:161} INFO - Started process (PID=799) to work on /home/airflow/.local/lib/python3.12/site-packages/airflow/example_dags/tutorial.py
[2024-07-16T19:08:46.056+0000] {processor.py:830} INFO - Processing file /home/airflow/.local/lib/python3.12/site-packages/airflow/example_dags/tutorial.py for tasks to queue
[2024-07-16T19:08:46.057+0000] {logging_mixin.py:188} INFO - [2024-07-16T19:08:46.057+0000] {dagbag.py:545} INFO - Filling up the DagBag from /home/airflow/.local/lib/python3.12/site-packages/airflow/example_dags/tutorial.py
[2024-07-16T19:08:46.064+0000] {processor.py:840} INFO - DAG(s) 'tutorial' retrieved from /home/airflow/.local/lib/python3.12/site-packages/airflow/example_dags/tutorial.py
[2024-07-16T19:08:46.088+0000] {logging_mixin.py:188} INFO - [2024-07-16T19:08:46.088+0000] {dag.py:3096} INFO - Sync 1 DAGs
[2024-07-16T19:08:46.113+0000] {logging_mixin.py:188} INFO - [2024-07-16T19:08:46.113+0000] {dag.py:3954} INFO - Setting next_dagrun for tutorial to 2024-07-15 00:00:00+00:00, run_after=2024-07-16 00:00:00+00:00
[2024-07-16T19:08:46.139+0000] {processor.py:183} INFO - Processing /home/airflow/.local/lib/python3.12/site-packages/airflow/example_dags/tutorial.py took 0.091 seconds
[2024-07-16T19:09:16.791+0000] {processor.py:161} INFO - Started process (PID=860) to work on /home/airflow/.local/lib/python3.12/site-packages/airflow/example_dags/tutorial.py
[2024-07-16T19:09:16.792+0000] {processor.py:830} INFO - Processing file /home/airflow/.local/lib/python3.12/site-packages/airflow/example_dags/tutorial.py for tasks to queue
[2024-07-16T19:09:16.793+0000] {logging_mixin.py:188} INFO - [2024-07-16T19:09:16.793+0000] {dagbag.py:545} INFO - Filling up the DagBag from /home/airflow/.local/lib/python3.12/site-packages/airflow/example_dags/tutorial.py
[2024-07-16T19:09:16.801+0000] {processor.py:840} INFO - DAG(s) 'tutorial' retrieved from /home/airflow/.local/lib/python3.12/site-packages/airflow/example_dags/tutorial.py
[2024-07-16T19:09:16.838+0000] {logging_mixin.py:188} INFO - [2024-07-16T19:09:16.837+0000] {dag.py:3096} INFO - Sync 1 DAGs
[2024-07-16T19:09:16.868+0000] {logging_mixin.py:188} INFO - [2024-07-16T19:09:16.868+0000] {dag.py:3954} INFO - Setting next_dagrun for tutorial to 2024-07-15 00:00:00+00:00, run_after=2024-07-16 00:00:00+00:00
[2024-07-16T19:09:16.895+0000] {processor.py:183} INFO - Processing /home/airflow/.local/lib/python3.12/site-packages/airflow/example_dags/tutorial.py took 0.111 seconds
[2024-07-16T19:09:47.168+0000] {processor.py:161} INFO - Started process (PID=922) to work on /home/airflow/.local/lib/python3.12/site-packages/airflow/example_dags/tutorial.py
[2024-07-16T19:09:47.169+0000] {processor.py:830} INFO - Processing file /home/airflow/.local/lib/python3.12/site-packages/airflow/example_dags/tutorial.py for tasks to queue
[2024-07-16T19:09:47.169+0000] {logging_mixin.py:188} INFO - [2024-07-16T19:09:47.169+0000] {dagbag.py:545} INFO - Filling up the DagBag from /home/airflow/.local/lib/python3.12/site-packages/airflow/example_dags/tutorial.py
[2024-07-16T19:09:47.176+0000] {processor.py:840} INFO - DAG(s) 'tutorial' retrieved from /home/airflow/.local/lib/python3.12/site-packages/airflow/example_dags/tutorial.py
[2024-07-16T19:09:47.202+0000] {logging_mixin.py:188} INFO - [2024-07-16T19:09:47.201+0000] {dag.py:3096} INFO - Sync 1 DAGs
[2024-07-16T19:09:47.227+0000] {logging_mixin.py:188} INFO - [2024-07-16T19:09:47.226+0000] {dag.py:3954} INFO - Setting next_dagrun for tutorial to 2024-07-15 00:00:00+00:00, run_after=2024-07-16 00:00:00+00:00
[2024-07-16T19:09:47.253+0000] {processor.py:183} INFO - Processing /home/airflow/.local/lib/python3.12/site-packages/airflow/example_dags/tutorial.py took 0.096 seconds
[2024-07-16T19:10:17.670+0000] {processor.py:161} INFO - Started process (PID=982) to work on /home/airflow/.local/lib/python3.12/site-packages/airflow/example_dags/tutorial.py
[2024-07-16T19:10:17.671+0000] {processor.py:830} INFO - Processing file /home/airflow/.local/lib/python3.12/site-packages/airflow/example_dags/tutorial.py for tasks to queue
[2024-07-16T19:10:17.672+0000] {logging_mixin.py:188} INFO - [2024-07-16T19:10:17.672+0000] {dagbag.py:545} INFO - Filling up the DagBag from /home/airflow/.local/lib/python3.12/site-packages/airflow/example_dags/tutorial.py
[2024-07-16T19:10:17.679+0000] {processor.py:840} INFO - DAG(s) 'tutorial' retrieved from /home/airflow/.local/lib/python3.12/site-packages/airflow/example_dags/tutorial.py
[2024-07-16T19:10:17.704+0000] {logging_mixin.py:188} INFO - [2024-07-16T19:10:17.704+0000] {dag.py:3096} INFO - Sync 1 DAGs
[2024-07-16T19:10:17.738+0000] {logging_mixin.py:188} INFO - [2024-07-16T19:10:17.738+0000] {dag.py:3954} INFO - Setting next_dagrun for tutorial to 2024-07-15 00:00:00+00:00, run_after=2024-07-16 00:00:00+00:00
[2024-07-16T19:10:17.786+0000] {processor.py:183} INFO - Processing /home/airflow/.local/lib/python3.12/site-packages/airflow/example_dags/tutorial.py took 0.122 seconds
[2024-07-16T19:10:48.464+0000] {processor.py:161} INFO - Started process (PID=1042) to work on /home/airflow/.local/lib/python3.12/site-packages/airflow/example_dags/tutorial.py
[2024-07-16T19:10:48.464+0000] {processor.py:830} INFO - Processing file /home/airflow/.local/lib/python3.12/site-packages/airflow/example_dags/tutorial.py for tasks to queue
[2024-07-16T19:10:48.465+0000] {logging_mixin.py:188} INFO - [2024-07-16T19:10:48.465+0000] {dagbag.py:545} INFO - Filling up the DagBag from /home/airflow/.local/lib/python3.12/site-packages/airflow/example_dags/tutorial.py
[2024-07-16T19:10:48.473+0000] {processor.py:840} INFO - DAG(s) 'tutorial' retrieved from /home/airflow/.local/lib/python3.12/site-packages/airflow/example_dags/tutorial.py
[2024-07-16T19:10:48.498+0000] {logging_mixin.py:188} INFO - [2024-07-16T19:10:48.497+0000] {dag.py:3096} INFO - Sync 1 DAGs
[2024-07-16T19:10:48.521+0000] {logging_mixin.py:188} INFO - [2024-07-16T19:10:48.521+0000] {dag.py:3954} INFO - Setting next_dagrun for tutorial to 2024-07-15 00:00:00+00:00, run_after=2024-07-16 00:00:00+00:00
[2024-07-16T19:10:48.560+0000] {processor.py:183} INFO - Processing /home/airflow/.local/lib/python3.12/site-packages/airflow/example_dags/tutorial.py took 0.103 seconds
[2024-07-16T19:11:18.992+0000] {processor.py:161} INFO - Started process (PID=1103) to work on /home/airflow/.local/lib/python3.12/site-packages/airflow/example_dags/tutorial.py
[2024-07-16T19:11:18.993+0000] {processor.py:830} INFO - Processing file /home/airflow/.local/lib/python3.12/site-packages/airflow/example_dags/tutorial.py for tasks to queue
[2024-07-16T19:11:18.994+0000] {logging_mixin.py:188} INFO - [2024-07-16T19:11:18.994+0000] {dagbag.py:545} INFO - Filling up the DagBag from /home/airflow/.local/lib/python3.12/site-packages/airflow/example_dags/tutorial.py
[2024-07-16T19:11:19.002+0000] {processor.py:840} INFO - DAG(s) 'tutorial' retrieved from /home/airflow/.local/lib/python3.12/site-packages/airflow/example_dags/tutorial.py
[2024-07-16T19:11:19.025+0000] {logging_mixin.py:188} INFO - [2024-07-16T19:11:19.024+0000] {dag.py:3096} INFO - Sync 1 DAGs
[2024-07-16T19:11:19.049+0000] {logging_mixin.py:188} INFO - [2024-07-16T19:11:19.049+0000] {dag.py:3954} INFO - Setting next_dagrun for tutorial to 2024-07-15 00:00:00+00:00, run_after=2024-07-16 00:00:00+00:00
[2024-07-16T19:11:19.076+0000] {processor.py:183} INFO - Processing /home/airflow/.local/lib/python3.12/site-packages/airflow/example_dags/tutorial.py took 0.090 seconds
[2024-07-16T19:11:49.295+0000] {processor.py:161} INFO - Started process (PID=1161) to work on /home/airflow/.local/lib/python3.12/site-packages/airflow/example_dags/tutorial.py
[2024-07-16T19:11:49.296+0000] {processor.py:830} INFO - Processing file /home/airflow/.local/lib/python3.12/site-packages/airflow/example_dags/tutorial.py for tasks to queue
[2024-07-16T19:11:49.297+0000] {logging_mixin.py:188} INFO - [2024-07-16T19:11:49.296+0000] {dagbag.py:545} INFO - Filling up the DagBag from /home/airflow/.local/lib/python3.12/site-packages/airflow/example_dags/tutorial.py
[2024-07-16T19:11:49.304+0000] {processor.py:840} INFO - DAG(s) 'tutorial' retrieved from /home/airflow/.local/lib/python3.12/site-packages/airflow/example_dags/tutorial.py
[2024-07-16T19:11:49.328+0000] {logging_mixin.py:188} INFO - [2024-07-16T19:11:49.328+0000] {dag.py:3096} INFO - Sync 1 DAGs
[2024-07-16T19:11:49.356+0000] {logging_mixin.py:188} INFO - [2024-07-16T19:11:49.356+0000] {dag.py:3954} INFO - Setting next_dagrun for tutorial to 2024-07-15 00:00:00+00:00, run_after=2024-07-16 00:00:00+00:00
[2024-07-16T19:11:49.386+0000] {processor.py:183} INFO - Processing /home/airflow/.local/lib/python3.12/site-packages/airflow/example_dags/tutorial.py took 0.098 seconds
[2024-07-16T19:12:20.024+0000] {processor.py:161} INFO - Started process (PID=1220) to work on /home/airflow/.local/lib/python3.12/site-packages/airflow/example_dags/tutorial.py
[2024-07-16T19:12:20.030+0000] {processor.py:830} INFO - Processing file /home/airflow/.local/lib/python3.12/site-packages/airflow/example_dags/tutorial.py for tasks to queue
[2024-07-16T19:12:20.032+0000] {logging_mixin.py:188} INFO - [2024-07-16T19:12:20.032+0000] {dagbag.py:545} INFO - Filling up the DagBag from /home/airflow/.local/lib/python3.12/site-packages/airflow/example_dags/tutorial.py
[2024-07-16T19:12:20.058+0000] {processor.py:840} INFO - DAG(s) 'tutorial' retrieved from /home/airflow/.local/lib/python3.12/site-packages/airflow/example_dags/tutorial.py
[2024-07-16T19:12:20.110+0000] {logging_mixin.py:188} INFO - [2024-07-16T19:12:20.110+0000] {dag.py:3096} INFO - Sync 1 DAGs
[2024-07-16T19:12:20.175+0000] {logging_mixin.py:188} INFO - [2024-07-16T19:12:20.174+0000] {dag.py:3954} INFO - Setting next_dagrun for tutorial to 2024-07-15 00:00:00+00:00, run_after=2024-07-16 00:00:00+00:00
[2024-07-16T19:12:20.250+0000] {processor.py:183} INFO - Processing /home/airflow/.local/lib/python3.12/site-packages/airflow/example_dags/tutorial.py took 0.238 seconds
[2024-07-16T19:12:51.056+0000] {processor.py:161} INFO - Started process (PID=1280) to work on /home/airflow/.local/lib/python3.12/site-packages/airflow/example_dags/tutorial.py
[2024-07-16T19:12:51.059+0000] {processor.py:830} INFO - Processing file /home/airflow/.local/lib/python3.12/site-packages/airflow/example_dags/tutorial.py for tasks to queue
[2024-07-16T19:12:51.062+0000] {logging_mixin.py:188} INFO - [2024-07-16T19:12:51.061+0000] {dagbag.py:545} INFO - Filling up the DagBag from /home/airflow/.local/lib/python3.12/site-packages/airflow/example_dags/tutorial.py
[2024-07-16T19:12:51.071+0000] {processor.py:840} INFO - DAG(s) 'tutorial' retrieved from /home/airflow/.local/lib/python3.12/site-packages/airflow/example_dags/tutorial.py
[2024-07-16T19:12:51.116+0000] {logging_mixin.py:188} INFO - [2024-07-16T19:12:51.110+0000] {dag.py:3096} INFO - Sync 1 DAGs
[2024-07-16T19:12:51.165+0000] {logging_mixin.py:188} INFO - [2024-07-16T19:12:51.165+0000] {dag.py:3954} INFO - Setting next_dagrun for tutorial to 2024-07-15 00:00:00+00:00, run_after=2024-07-16 00:00:00+00:00
[2024-07-16T19:12:51.217+0000] {processor.py:183} INFO - Processing /home/airflow/.local/lib/python3.12/site-packages/airflow/example_dags/tutorial.py took 0.174 seconds
[2024-07-16T19:13:21.298+0000] {processor.py:161} INFO - Started process (PID=1342) to work on /home/airflow/.local/lib/python3.12/site-packages/airflow/example_dags/tutorial.py
[2024-07-16T19:13:21.299+0000] {processor.py:830} INFO - Processing file /home/airflow/.local/lib/python3.12/site-packages/airflow/example_dags/tutorial.py for tasks to queue
[2024-07-16T19:13:21.300+0000] {logging_mixin.py:188} INFO - [2024-07-16T19:13:21.300+0000] {dagbag.py:545} INFO - Filling up the DagBag from /home/airflow/.local/lib/python3.12/site-packages/airflow/example_dags/tutorial.py
[2024-07-16T19:13:21.311+0000] {processor.py:840} INFO - DAG(s) 'tutorial' retrieved from /home/airflow/.local/lib/python3.12/site-packages/airflow/example_dags/tutorial.py
[2024-07-16T19:13:21.363+0000] {logging_mixin.py:188} INFO - [2024-07-16T19:13:21.363+0000] {dag.py:3096} INFO - Sync 1 DAGs
[2024-07-16T19:13:21.424+0000] {logging_mixin.py:188} INFO - [2024-07-16T19:13:21.423+0000] {dag.py:3954} INFO - Setting next_dagrun for tutorial to 2024-07-15 00:00:00+00:00, run_after=2024-07-16 00:00:00+00:00
[2024-07-16T19:13:21.468+0000] {processor.py:183} INFO - Processing /home/airflow/.local/lib/python3.12/site-packages/airflow/example_dags/tutorial.py took 0.176 seconds
[2024-07-16T19:13:51.529+0000] {processor.py:161} INFO - Started process (PID=1401) to work on /home/airflow/.local/lib/python3.12/site-packages/airflow/example_dags/tutorial.py
[2024-07-16T19:13:51.532+0000] {processor.py:830} INFO - Processing file /home/airflow/.local/lib/python3.12/site-packages/airflow/example_dags/tutorial.py for tasks to queue
[2024-07-16T19:13:51.533+0000] {logging_mixin.py:188} INFO - [2024-07-16T19:13:51.532+0000] {dagbag.py:545} INFO - Filling up the DagBag from /home/airflow/.local/lib/python3.12/site-packages/airflow/example_dags/tutorial.py
[2024-07-16T19:13:51.542+0000] {processor.py:840} INFO - DAG(s) 'tutorial' retrieved from /home/airflow/.local/lib/python3.12/site-packages/airflow/example_dags/tutorial.py
[2024-07-16T19:13:51.566+0000] {logging_mixin.py:188} INFO - [2024-07-16T19:13:51.565+0000] {dag.py:3096} INFO - Sync 1 DAGs
[2024-07-16T19:13:51.593+0000] {logging_mixin.py:188} INFO - [2024-07-16T19:13:51.592+0000] {dag.py:3954} INFO - Setting next_dagrun for tutorial to 2024-07-15 00:00:00+00:00, run_after=2024-07-16 00:00:00+00:00
[2024-07-16T19:13:51.617+0000] {processor.py:183} INFO - Processing /home/airflow/.local/lib/python3.12/site-packages/airflow/example_dags/tutorial.py took 0.094 seconds
[2024-07-16T19:14:21.999+0000] {processor.py:161} INFO - Started process (PID=1462) to work on /home/airflow/.local/lib/python3.12/site-packages/airflow/example_dags/tutorial.py
[2024-07-16T19:14:21.999+0000] {processor.py:830} INFO - Processing file /home/airflow/.local/lib/python3.12/site-packages/airflow/example_dags/tutorial.py for tasks to queue
[2024-07-16T19:14:22.000+0000] {logging_mixin.py:188} INFO - [2024-07-16T19:14:22.000+0000] {dagbag.py:545} INFO - Filling up the DagBag from /home/airflow/.local/lib/python3.12/site-packages/airflow/example_dags/tutorial.py
[2024-07-16T19:14:22.007+0000] {processor.py:840} INFO - DAG(s) 'tutorial' retrieved from /home/airflow/.local/lib/python3.12/site-packages/airflow/example_dags/tutorial.py
[2024-07-16T19:14:22.032+0000] {logging_mixin.py:188} INFO - [2024-07-16T19:14:22.032+0000] {dag.py:3096} INFO - Sync 1 DAGs
[2024-07-16T19:14:22.063+0000] {logging_mixin.py:188} INFO - [2024-07-16T19:14:22.063+0000] {dag.py:3954} INFO - Setting next_dagrun for tutorial to 2024-07-15 00:00:00+00:00, run_after=2024-07-16 00:00:00+00:00
[2024-07-16T19:14:22.094+0000] {processor.py:183} INFO - Processing /home/airflow/.local/lib/python3.12/site-packages/airflow/example_dags/tutorial.py took 0.101 seconds
[2024-07-16T19:14:52.370+0000] {processor.py:161} INFO - Started process (PID=1521) to work on /home/airflow/.local/lib/python3.12/site-packages/airflow/example_dags/tutorial.py
[2024-07-16T19:14:52.371+0000] {processor.py:830} INFO - Processing file /home/airflow/.local/lib/python3.12/site-packages/airflow/example_dags/tutorial.py for tasks to queue
[2024-07-16T19:14:52.372+0000] {logging_mixin.py:188} INFO - [2024-07-16T19:14:52.371+0000] {dagbag.py:545} INFO - Filling up the DagBag from /home/airflow/.local/lib/python3.12/site-packages/airflow/example_dags/tutorial.py
[2024-07-16T19:14:52.378+0000] {processor.py:840} INFO - DAG(s) 'tutorial' retrieved from /home/airflow/.local/lib/python3.12/site-packages/airflow/example_dags/tutorial.py
[2024-07-16T19:14:52.403+0000] {logging_mixin.py:188} INFO - [2024-07-16T19:14:52.402+0000] {dag.py:3096} INFO - Sync 1 DAGs
[2024-07-16T19:14:52.428+0000] {logging_mixin.py:188} INFO - [2024-07-16T19:14:52.428+0000] {dag.py:3954} INFO - Setting next_dagrun for tutorial to 2024-07-15 00:00:00+00:00, run_after=2024-07-16 00:00:00+00:00
[2024-07-16T19:14:52.455+0000] {processor.py:183} INFO - Processing /home/airflow/.local/lib/python3.12/site-packages/airflow/example_dags/tutorial.py took 0.091 seconds
[2024-07-16T19:15:22.721+0000] {processor.py:161} INFO - Started process (PID=1580) to work on /home/airflow/.local/lib/python3.12/site-packages/airflow/example_dags/tutorial.py
[2024-07-16T19:15:22.723+0000] {processor.py:830} INFO - Processing file /home/airflow/.local/lib/python3.12/site-packages/airflow/example_dags/tutorial.py for tasks to queue
[2024-07-16T19:15:22.723+0000] {logging_mixin.py:188} INFO - [2024-07-16T19:15:22.723+0000] {dagbag.py:545} INFO - Filling up the DagBag from /home/airflow/.local/lib/python3.12/site-packages/airflow/example_dags/tutorial.py
[2024-07-16T19:15:22.731+0000] {processor.py:840} INFO - DAG(s) 'tutorial' retrieved from /home/airflow/.local/lib/python3.12/site-packages/airflow/example_dags/tutorial.py
[2024-07-16T19:15:22.759+0000] {logging_mixin.py:188} INFO - [2024-07-16T19:15:22.759+0000] {dag.py:3096} INFO - Sync 1 DAGs
[2024-07-16T19:15:22.787+0000] {logging_mixin.py:188} INFO - [2024-07-16T19:15:22.787+0000] {dag.py:3954} INFO - Setting next_dagrun for tutorial to 2024-07-15 00:00:00+00:00, run_after=2024-07-16 00:00:00+00:00
[2024-07-16T19:15:22.813+0000] {processor.py:183} INFO - Processing /home/airflow/.local/lib/python3.12/site-packages/airflow/example_dags/tutorial.py took 0.098 seconds
[2024-07-16T19:19:23.505+0000] {processor.py:161} INFO - Started process (PID=79) to work on /home/airflow/.local/lib/python3.12/site-packages/airflow/example_dags/tutorial.py
[2024-07-16T19:19:23.506+0000] {processor.py:830} INFO - Processing file /home/airflow/.local/lib/python3.12/site-packages/airflow/example_dags/tutorial.py for tasks to queue
[2024-07-16T19:19:23.508+0000] {logging_mixin.py:188} INFO - [2024-07-16T19:19:23.508+0000] {dagbag.py:545} INFO - Filling up the DagBag from /home/airflow/.local/lib/python3.12/site-packages/airflow/example_dags/tutorial.py
[2024-07-16T19:19:23.516+0000] {processor.py:840} INFO - DAG(s) 'tutorial' retrieved from /home/airflow/.local/lib/python3.12/site-packages/airflow/example_dags/tutorial.py
[2024-07-16T19:19:23.800+0000] {logging_mixin.py:188} INFO - [2024-07-16T19:19:23.800+0000] {dag.py:3096} INFO - Sync 1 DAGs
[2024-07-16T19:19:23.829+0000] {logging_mixin.py:188} INFO - [2024-07-16T19:19:23.829+0000] {dag.py:3954} INFO - Setting next_dagrun for tutorial to 2024-07-15 00:00:00+00:00, run_after=2024-07-16 00:00:00+00:00
[2024-07-16T19:19:23.859+0000] {processor.py:183} INFO - Processing /home/airflow/.local/lib/python3.12/site-packages/airflow/example_dags/tutorial.py took 0.362 seconds
[2024-07-16T19:19:54.109+0000] {processor.py:161} INFO - Started process (PID=139) to work on /home/airflow/.local/lib/python3.12/site-packages/airflow/example_dags/tutorial.py
[2024-07-16T19:19:54.109+0000] {processor.py:830} INFO - Processing file /home/airflow/.local/lib/python3.12/site-packages/airflow/example_dags/tutorial.py for tasks to queue
[2024-07-16T19:19:54.111+0000] {logging_mixin.py:188} INFO - [2024-07-16T19:19:54.111+0000] {dagbag.py:545} INFO - Filling up the DagBag from /home/airflow/.local/lib/python3.12/site-packages/airflow/example_dags/tutorial.py
[2024-07-16T19:19:54.117+0000] {processor.py:840} INFO - DAG(s) 'tutorial' retrieved from /home/airflow/.local/lib/python3.12/site-packages/airflow/example_dags/tutorial.py
[2024-07-16T19:19:54.138+0000] {logging_mixin.py:188} INFO - [2024-07-16T19:19:54.138+0000] {dag.py:3096} INFO - Sync 1 DAGs
[2024-07-16T19:19:54.166+0000] {logging_mixin.py:188} INFO - [2024-07-16T19:19:54.166+0000] {dag.py:3954} INFO - Setting next_dagrun for tutorial to 2024-07-15 00:00:00+00:00, run_after=2024-07-16 00:00:00+00:00
[2024-07-16T19:19:54.185+0000] {processor.py:183} INFO - Processing /home/airflow/.local/lib/python3.12/site-packages/airflow/example_dags/tutorial.py took 0.083 seconds
[2024-07-16T19:20:24.754+0000] {processor.py:161} INFO - Started process (PID=198) to work on /home/airflow/.local/lib/python3.12/site-packages/airflow/example_dags/tutorial.py
[2024-07-16T19:20:24.756+0000] {processor.py:830} INFO - Processing file /home/airflow/.local/lib/python3.12/site-packages/airflow/example_dags/tutorial.py for tasks to queue
[2024-07-16T19:20:24.759+0000] {logging_mixin.py:188} INFO - [2024-07-16T19:20:24.758+0000] {dagbag.py:545} INFO - Filling up the DagBag from /home/airflow/.local/lib/python3.12/site-packages/airflow/example_dags/tutorial.py
[2024-07-16T19:20:24.766+0000] {processor.py:840} INFO - DAG(s) 'tutorial' retrieved from /home/airflow/.local/lib/python3.12/site-packages/airflow/example_dags/tutorial.py
[2024-07-16T19:20:24.790+0000] {logging_mixin.py:188} INFO - [2024-07-16T19:20:24.789+0000] {dag.py:3096} INFO - Sync 1 DAGs
[2024-07-16T19:20:24.813+0000] {logging_mixin.py:188} INFO - [2024-07-16T19:20:24.813+0000] {dag.py:3954} INFO - Setting next_dagrun for tutorial to 2024-07-15 00:00:00+00:00, run_after=2024-07-16 00:00:00+00:00
[2024-07-16T19:20:24.835+0000] {processor.py:183} INFO - Processing /home/airflow/.local/lib/python3.12/site-packages/airflow/example_dags/tutorial.py took 0.088 seconds
[2024-07-16T19:20:55.965+0000] {processor.py:161} INFO - Started process (PID=256) to work on /home/airflow/.local/lib/python3.12/site-packages/airflow/example_dags/tutorial.py
[2024-07-16T19:20:55.966+0000] {processor.py:830} INFO - Processing file /home/airflow/.local/lib/python3.12/site-packages/airflow/example_dags/tutorial.py for tasks to queue
[2024-07-16T19:20:55.968+0000] {logging_mixin.py:188} INFO - [2024-07-16T19:20:55.968+0000] {dagbag.py:545} INFO - Filling up the DagBag from /home/airflow/.local/lib/python3.12/site-packages/airflow/example_dags/tutorial.py
[2024-07-16T19:20:55.974+0000] {processor.py:840} INFO - DAG(s) 'tutorial' retrieved from /home/airflow/.local/lib/python3.12/site-packages/airflow/example_dags/tutorial.py
[2024-07-16T19:20:55.996+0000] {logging_mixin.py:188} INFO - [2024-07-16T19:20:55.996+0000] {dag.py:3096} INFO - Sync 1 DAGs
[2024-07-16T19:20:56.054+0000] {logging_mixin.py:188} INFO - [2024-07-16T19:20:56.054+0000] {dag.py:3954} INFO - Setting next_dagrun for tutorial to 2024-07-15 00:00:00+00:00, run_after=2024-07-16 00:00:00+00:00
[2024-07-16T19:20:56.102+0000] {processor.py:183} INFO - Processing /home/airflow/.local/lib/python3.12/site-packages/airflow/example_dags/tutorial.py took 0.144 seconds
[2024-07-16T19:21:26.623+0000] {processor.py:161} INFO - Started process (PID=315) to work on /home/airflow/.local/lib/python3.12/site-packages/airflow/example_dags/tutorial.py
[2024-07-16T19:21:26.623+0000] {processor.py:830} INFO - Processing file /home/airflow/.local/lib/python3.12/site-packages/airflow/example_dags/tutorial.py for tasks to queue
[2024-07-16T19:21:26.625+0000] {logging_mixin.py:188} INFO - [2024-07-16T19:21:26.625+0000] {dagbag.py:545} INFO - Filling up the DagBag from /home/airflow/.local/lib/python3.12/site-packages/airflow/example_dags/tutorial.py
[2024-07-16T19:21:26.632+0000] {processor.py:840} INFO - DAG(s) 'tutorial' retrieved from /home/airflow/.local/lib/python3.12/site-packages/airflow/example_dags/tutorial.py
[2024-07-16T19:21:26.677+0000] {logging_mixin.py:188} INFO - [2024-07-16T19:21:26.677+0000] {dag.py:3096} INFO - Sync 1 DAGs
[2024-07-16T19:21:26.705+0000] {logging_mixin.py:188} INFO - [2024-07-16T19:21:26.704+0000] {dag.py:3954} INFO - Setting next_dagrun for tutorial to 2024-07-15 00:00:00+00:00, run_after=2024-07-16 00:00:00+00:00
[2024-07-16T19:21:26.728+0000] {processor.py:183} INFO - Processing /home/airflow/.local/lib/python3.12/site-packages/airflow/example_dags/tutorial.py took 0.112 seconds
[2024-07-16T19:21:57.700+0000] {processor.py:161} INFO - Started process (PID=374) to work on /home/airflow/.local/lib/python3.12/site-packages/airflow/example_dags/tutorial.py
[2024-07-16T19:21:57.701+0000] {processor.py:830} INFO - Processing file /home/airflow/.local/lib/python3.12/site-packages/airflow/example_dags/tutorial.py for tasks to queue
[2024-07-16T19:21:57.703+0000] {logging_mixin.py:188} INFO - [2024-07-16T19:21:57.702+0000] {dagbag.py:545} INFO - Filling up the DagBag from /home/airflow/.local/lib/python3.12/site-packages/airflow/example_dags/tutorial.py
[2024-07-16T19:21:57.709+0000] {processor.py:840} INFO - DAG(s) 'tutorial' retrieved from /home/airflow/.local/lib/python3.12/site-packages/airflow/example_dags/tutorial.py
[2024-07-16T19:21:57.732+0000] {logging_mixin.py:188} INFO - [2024-07-16T19:21:57.731+0000] {dag.py:3096} INFO - Sync 1 DAGs
[2024-07-16T19:21:57.760+0000] {logging_mixin.py:188} INFO - [2024-07-16T19:21:57.760+0000] {dag.py:3954} INFO - Setting next_dagrun for tutorial to 2024-07-15 00:00:00+00:00, run_after=2024-07-16 00:00:00+00:00
[2024-07-16T19:21:57.786+0000] {processor.py:183} INFO - Processing /home/airflow/.local/lib/python3.12/site-packages/airflow/example_dags/tutorial.py took 0.092 seconds
[2024-07-16T19:22:28.619+0000] {processor.py:161} INFO - Started process (PID=434) to work on /home/airflow/.local/lib/python3.12/site-packages/airflow/example_dags/tutorial.py
[2024-07-16T19:22:28.620+0000] {processor.py:830} INFO - Processing file /home/airflow/.local/lib/python3.12/site-packages/airflow/example_dags/tutorial.py for tasks to queue
[2024-07-16T19:22:28.622+0000] {logging_mixin.py:188} INFO - [2024-07-16T19:22:28.622+0000] {dagbag.py:545} INFO - Filling up the DagBag from /home/airflow/.local/lib/python3.12/site-packages/airflow/example_dags/tutorial.py
[2024-07-16T19:22:28.628+0000] {processor.py:840} INFO - DAG(s) 'tutorial' retrieved from /home/airflow/.local/lib/python3.12/site-packages/airflow/example_dags/tutorial.py
[2024-07-16T19:22:28.665+0000] {logging_mixin.py:188} INFO - [2024-07-16T19:22:28.664+0000] {dag.py:3096} INFO - Sync 1 DAGs
[2024-07-16T19:22:28.728+0000] {logging_mixin.py:188} INFO - [2024-07-16T19:22:28.728+0000] {dag.py:3954} INFO - Setting next_dagrun for tutorial to 2024-07-15 00:00:00+00:00, run_after=2024-07-16 00:00:00+00:00
[2024-07-16T19:22:28.753+0000] {processor.py:183} INFO - Processing /home/airflow/.local/lib/python3.12/site-packages/airflow/example_dags/tutorial.py took 0.141 seconds
[2024-07-16T19:23:00.229+0000] {processor.py:161} INFO - Started process (PID=499) to work on /home/airflow/.local/lib/python3.12/site-packages/airflow/example_dags/tutorial.py
[2024-07-16T19:23:00.237+0000] {processor.py:830} INFO - Processing file /home/airflow/.local/lib/python3.12/site-packages/airflow/example_dags/tutorial.py for tasks to queue
[2024-07-16T19:23:00.239+0000] {logging_mixin.py:188} INFO - [2024-07-16T19:23:00.239+0000] {dagbag.py:545} INFO - Filling up the DagBag from /home/airflow/.local/lib/python3.12/site-packages/airflow/example_dags/tutorial.py
[2024-07-16T19:23:00.251+0000] {processor.py:840} INFO - DAG(s) 'tutorial' retrieved from /home/airflow/.local/lib/python3.12/site-packages/airflow/example_dags/tutorial.py
[2024-07-16T19:23:00.315+0000] {logging_mixin.py:188} INFO - [2024-07-16T19:23:00.315+0000] {dag.py:3096} INFO - Sync 1 DAGs
[2024-07-16T19:23:00.379+0000] {logging_mixin.py:188} INFO - [2024-07-16T19:23:00.378+0000] {dag.py:3954} INFO - Setting next_dagrun for tutorial to 2024-07-15 00:00:00+00:00, run_after=2024-07-16 00:00:00+00:00
[2024-07-16T19:23:00.427+0000] {processor.py:183} INFO - Processing /home/airflow/.local/lib/python3.12/site-packages/airflow/example_dags/tutorial.py took 0.218 seconds
[2024-07-16T19:23:30.609+0000] {processor.py:161} INFO - Started process (PID=558) to work on /home/airflow/.local/lib/python3.12/site-packages/airflow/example_dags/tutorial.py
[2024-07-16T19:23:30.610+0000] {processor.py:830} INFO - Processing file /home/airflow/.local/lib/python3.12/site-packages/airflow/example_dags/tutorial.py for tasks to queue
[2024-07-16T19:23:30.612+0000] {logging_mixin.py:188} INFO - [2024-07-16T19:23:30.611+0000] {dagbag.py:545} INFO - Filling up the DagBag from /home/airflow/.local/lib/python3.12/site-packages/airflow/example_dags/tutorial.py
[2024-07-16T19:23:30.618+0000] {processor.py:840} INFO - DAG(s) 'tutorial' retrieved from /home/airflow/.local/lib/python3.12/site-packages/airflow/example_dags/tutorial.py
[2024-07-16T19:23:30.641+0000] {logging_mixin.py:188} INFO - [2024-07-16T19:23:30.640+0000] {dag.py:3096} INFO - Sync 1 DAGs
[2024-07-16T19:23:30.668+0000] {logging_mixin.py:188} INFO - [2024-07-16T19:23:30.668+0000] {dag.py:3954} INFO - Setting next_dagrun for tutorial to 2024-07-15 00:00:00+00:00, run_after=2024-07-16 00:00:00+00:00
[2024-07-16T19:23:30.691+0000] {processor.py:183} INFO - Processing /home/airflow/.local/lib/python3.12/site-packages/airflow/example_dags/tutorial.py took 0.089 seconds
[2024-07-16T19:24:00.737+0000] {processor.py:161} INFO - Started process (PID=617) to work on /home/airflow/.local/lib/python3.12/site-packages/airflow/example_dags/tutorial.py
[2024-07-16T19:24:00.738+0000] {processor.py:830} INFO - Processing file /home/airflow/.local/lib/python3.12/site-packages/airflow/example_dags/tutorial.py for tasks to queue
[2024-07-16T19:24:00.741+0000] {logging_mixin.py:188} INFO - [2024-07-16T19:24:00.740+0000] {dagbag.py:545} INFO - Filling up the DagBag from /home/airflow/.local/lib/python3.12/site-packages/airflow/example_dags/tutorial.py
[2024-07-16T19:24:00.748+0000] {processor.py:840} INFO - DAG(s) 'tutorial' retrieved from /home/airflow/.local/lib/python3.12/site-packages/airflow/example_dags/tutorial.py
[2024-07-16T19:24:00.772+0000] {logging_mixin.py:188} INFO - [2024-07-16T19:24:00.772+0000] {dag.py:3096} INFO - Sync 1 DAGs
[2024-07-16T19:24:00.797+0000] {logging_mixin.py:188} INFO - [2024-07-16T19:24:00.797+0000] {dag.py:3954} INFO - Setting next_dagrun for tutorial to 2024-07-15 00:00:00+00:00, run_after=2024-07-16 00:00:00+00:00
[2024-07-16T19:24:00.843+0000] {processor.py:183} INFO - Processing /home/airflow/.local/lib/python3.12/site-packages/airflow/example_dags/tutorial.py took 0.112 seconds
[2024-07-16T19:24:31.160+0000] {processor.py:161} INFO - Started process (PID=675) to work on /home/airflow/.local/lib/python3.12/site-packages/airflow/example_dags/tutorial.py
[2024-07-16T19:24:31.160+0000] {processor.py:830} INFO - Processing file /home/airflow/.local/lib/python3.12/site-packages/airflow/example_dags/tutorial.py for tasks to queue
[2024-07-16T19:24:31.161+0000] {logging_mixin.py:188} INFO - [2024-07-16T19:24:31.161+0000] {dagbag.py:545} INFO - Filling up the DagBag from /home/airflow/.local/lib/python3.12/site-packages/airflow/example_dags/tutorial.py
[2024-07-16T19:24:31.166+0000] {processor.py:840} INFO - DAG(s) 'tutorial' retrieved from /home/airflow/.local/lib/python3.12/site-packages/airflow/example_dags/tutorial.py
[2024-07-16T19:24:31.186+0000] {logging_mixin.py:188} INFO - [2024-07-16T19:24:31.186+0000] {dag.py:3096} INFO - Sync 1 DAGs
[2024-07-16T19:24:31.204+0000] {logging_mixin.py:188} INFO - [2024-07-16T19:24:31.204+0000] {dag.py:3954} INFO - Setting next_dagrun for tutorial to 2024-07-15 00:00:00+00:00, run_after=2024-07-16 00:00:00+00:00
[2024-07-16T19:24:31.223+0000] {processor.py:183} INFO - Processing /home/airflow/.local/lib/python3.12/site-packages/airflow/example_dags/tutorial.py took 0.068 seconds
[2024-07-16T19:25:02.364+0000] {processor.py:161} INFO - Started process (PID=735) to work on /home/airflow/.local/lib/python3.12/site-packages/airflow/example_dags/tutorial.py
[2024-07-16T19:25:02.365+0000] {processor.py:830} INFO - Processing file /home/airflow/.local/lib/python3.12/site-packages/airflow/example_dags/tutorial.py for tasks to queue
[2024-07-16T19:25:02.366+0000] {logging_mixin.py:188} INFO - [2024-07-16T19:25:02.365+0000] {dagbag.py:545} INFO - Filling up the DagBag from /home/airflow/.local/lib/python3.12/site-packages/airflow/example_dags/tutorial.py
[2024-07-16T19:25:02.373+0000] {processor.py:840} INFO - DAG(s) 'tutorial' retrieved from /home/airflow/.local/lib/python3.12/site-packages/airflow/example_dags/tutorial.py
[2024-07-16T19:25:02.396+0000] {logging_mixin.py:188} INFO - [2024-07-16T19:25:02.395+0000] {dag.py:3096} INFO - Sync 1 DAGs
[2024-07-16T19:25:02.419+0000] {logging_mixin.py:188} INFO - [2024-07-16T19:25:02.419+0000] {dag.py:3954} INFO - Setting next_dagrun for tutorial to 2024-07-15 00:00:00+00:00, run_after=2024-07-16 00:00:00+00:00
[2024-07-16T19:25:02.443+0000] {processor.py:183} INFO - Processing /home/airflow/.local/lib/python3.12/site-packages/airflow/example_dags/tutorial.py took 0.086 seconds
[2024-07-16T19:25:33.278+0000] {processor.py:161} INFO - Started process (PID=794) to work on /home/airflow/.local/lib/python3.12/site-packages/airflow/example_dags/tutorial.py
[2024-07-16T19:25:33.279+0000] {processor.py:830} INFO - Processing file /home/airflow/.local/lib/python3.12/site-packages/airflow/example_dags/tutorial.py for tasks to queue
[2024-07-16T19:25:33.280+0000] {logging_mixin.py:188} INFO - [2024-07-16T19:25:33.280+0000] {dagbag.py:545} INFO - Filling up the DagBag from /home/airflow/.local/lib/python3.12/site-packages/airflow/example_dags/tutorial.py
[2024-07-16T19:25:33.288+0000] {processor.py:840} INFO - DAG(s) 'tutorial' retrieved from /home/airflow/.local/lib/python3.12/site-packages/airflow/example_dags/tutorial.py
[2024-07-16T19:25:33.313+0000] {logging_mixin.py:188} INFO - [2024-07-16T19:25:33.313+0000] {dag.py:3096} INFO - Sync 1 DAGs
[2024-07-16T19:25:33.337+0000] {logging_mixin.py:188} INFO - [2024-07-16T19:25:33.337+0000] {dag.py:3954} INFO - Setting next_dagrun for tutorial to 2024-07-15 00:00:00+00:00, run_after=2024-07-16 00:00:00+00:00
[2024-07-16T19:25:33.364+0000] {processor.py:183} INFO - Processing /home/airflow/.local/lib/python3.12/site-packages/airflow/example_dags/tutorial.py took 0.093 seconds
[2024-07-16T19:26:04.088+0000] {processor.py:161} INFO - Started process (PID=853) to work on /home/airflow/.local/lib/python3.12/site-packages/airflow/example_dags/tutorial.py
[2024-07-16T19:26:04.094+0000] {processor.py:830} INFO - Processing file /home/airflow/.local/lib/python3.12/site-packages/airflow/example_dags/tutorial.py for tasks to queue
[2024-07-16T19:26:04.095+0000] {logging_mixin.py:188} INFO - [2024-07-16T19:26:04.094+0000] {dagbag.py:545} INFO - Filling up the DagBag from /home/airflow/.local/lib/python3.12/site-packages/airflow/example_dags/tutorial.py
[2024-07-16T19:26:04.102+0000] {processor.py:840} INFO - DAG(s) 'tutorial' retrieved from /home/airflow/.local/lib/python3.12/site-packages/airflow/example_dags/tutorial.py
[2024-07-16T19:26:04.125+0000] {logging_mixin.py:188} INFO - [2024-07-16T19:26:04.125+0000] {dag.py:3096} INFO - Sync 1 DAGs
[2024-07-16T19:26:04.152+0000] {logging_mixin.py:188} INFO - [2024-07-16T19:26:04.152+0000] {dag.py:3954} INFO - Setting next_dagrun for tutorial to 2024-07-15 00:00:00+00:00, run_after=2024-07-16 00:00:00+00:00
[2024-07-16T19:26:04.178+0000] {processor.py:183} INFO - Processing /home/airflow/.local/lib/python3.12/site-packages/airflow/example_dags/tutorial.py took 0.099 seconds
[2024-07-16T19:26:35.049+0000] {processor.py:161} INFO - Started process (PID=912) to work on /home/airflow/.local/lib/python3.12/site-packages/airflow/example_dags/tutorial.py
[2024-07-16T19:26:35.050+0000] {processor.py:830} INFO - Processing file /home/airflow/.local/lib/python3.12/site-packages/airflow/example_dags/tutorial.py for tasks to queue
[2024-07-16T19:26:35.051+0000] {logging_mixin.py:188} INFO - [2024-07-16T19:26:35.051+0000] {dagbag.py:545} INFO - Filling up the DagBag from /home/airflow/.local/lib/python3.12/site-packages/airflow/example_dags/tutorial.py
[2024-07-16T19:26:35.059+0000] {processor.py:840} INFO - DAG(s) 'tutorial' retrieved from /home/airflow/.local/lib/python3.12/site-packages/airflow/example_dags/tutorial.py
[2024-07-16T19:26:35.083+0000] {logging_mixin.py:188} INFO - [2024-07-16T19:26:35.083+0000] {dag.py:3096} INFO - Sync 1 DAGs
[2024-07-16T19:26:35.109+0000] {logging_mixin.py:188} INFO - [2024-07-16T19:26:35.109+0000] {dag.py:3954} INFO - Setting next_dagrun for tutorial to 2024-07-15 00:00:00+00:00, run_after=2024-07-16 00:00:00+00:00
[2024-07-16T19:26:35.133+0000] {processor.py:183} INFO - Processing /home/airflow/.local/lib/python3.12/site-packages/airflow/example_dags/tutorial.py took 0.091 seconds
[2024-07-16T19:27:06.034+0000] {processor.py:161} INFO - Started process (PID=971) to work on /home/airflow/.local/lib/python3.12/site-packages/airflow/example_dags/tutorial.py
[2024-07-16T19:27:06.039+0000] {processor.py:830} INFO - Processing file /home/airflow/.local/lib/python3.12/site-packages/airflow/example_dags/tutorial.py for tasks to queue
[2024-07-16T19:27:06.041+0000] {logging_mixin.py:188} INFO - [2024-07-16T19:27:06.041+0000] {dagbag.py:545} INFO - Filling up the DagBag from /home/airflow/.local/lib/python3.12/site-packages/airflow/example_dags/tutorial.py
[2024-07-16T19:27:06.058+0000] {processor.py:840} INFO - DAG(s) 'tutorial' retrieved from /home/airflow/.local/lib/python3.12/site-packages/airflow/example_dags/tutorial.py
